verify_input for parameter dfs.journalnode.sync.interval with value 1
JournalNodeSyncer.java:syncWithJournalAtIndex:253 NOT found in base error set
verify_result.sh parameter dfs.journalnode.sync.interval with value 1 returns 1
verify_input for parameter dfs.journalnode.sync.interval with value 2
Journal.java:moveTmpSegmentToCurrent:1142 NOT found in base error set
JournalNodeSyncer.java:getMissingLogSegments:364 NOT found in base error set
JournalNodeSyncer.java:syncWithJournalAtIndex:253 NOT found in base error set
verify_result.sh parameter dfs.journalnode.sync.interval with value 2 returns 1
verify_input for parameter dfs.journalnode.sync.interval with value 4
EditLogFileInputStream.java:nextOpImpl:192 NOT found in base error set
HttpChannel.java:handle:486 NOT found in base error set
JournalNodeSyncer.java:syncWithJournalAtIndex:253 NOT found in base error set
RedundantEditLogInputStream.java:nextOp:222 NOT found in base error set
ServletHandler.java:doHandle:632 NOT found in base error set
verify_result.sh parameter dfs.journalnode.sync.interval with value 4 returns 1
verify_input for parameter dfs.journalnode.sync.interval with value 8
JournalNodeSyncer.java:syncWithJournalAtIndex:253 NOT found in base error set
verify_result.sh parameter dfs.journalnode.sync.interval with value 8 returns 1
verify_input for parameter dfs.journalnode.sync.interval with value 16
JournalNodeSyncer.java:syncWithJournalAtIndex:253 NOT found in base error set
verify_result.sh parameter dfs.journalnode.sync.interval with value 16 returns 1
verify_input for parameter dfs.journalnode.sync.interval with value 32
Journal.java:moveTmpSegmentToCurrent:1142 NOT found in base error set
JournalNodeSyncer.java:getMissingLogSegments:364 NOT found in base error set
JournalNodeSyncer.java:syncWithJournalAtIndex:253 NOT found in base error set
verify_result.sh parameter dfs.journalnode.sync.interval with value 32 returns 1
verify_input for parameter dfs.journalnode.sync.interval with value 64
Journal.java:scanStorageForLatestEdits:214 NOT found in base error set
JournalNodeSyncer.java:syncWithJournalAtIndex:253 NOT found in base error set
verify_result.sh parameter dfs.journalnode.sync.interval with value 64 returns 1
verify_input for parameter dfs.journalnode.sync.interval with value 128
Journal.java:scanStorageForLatestEdits:214 NOT found in base error set
JournalNodeSyncer.java:syncWithJournalAtIndex:253 NOT found in base error set
verify_result.sh parameter dfs.journalnode.sync.interval with value 128 returns 1
verify_input for parameter dfs.journalnode.sync.interval with value 256
JournalNodeSyncer.java:syncWithJournalAtIndex:253 NOT found in base error set
verify_result.sh parameter dfs.journalnode.sync.interval with value 256 returns 1
verify_input for parameter dfs.journalnode.sync.interval with value 512
JournalNodeSyncer.java:syncWithJournalAtIndex:253 NOT found in base error set
verify_result.sh parameter dfs.journalnode.sync.interval with value 512 returns 1
verify_input for parameter dfs.journalnode.sync.interval with value 1024
Journal.java:scanStorageForLatestEdits:214 NOT found in base error set
JournalNodeSyncer.java:syncWithJournalAtIndex:253 NOT found in base error set
verify_result.sh parameter dfs.journalnode.sync.interval with value 1024 returns 1
verify_input for parameter dfs.journalnode.sync.interval with value 2048
JournalNodeSyncer.java:syncWithJournalAtIndex:253 NOT found in base error set
verify_result.sh parameter dfs.journalnode.sync.interval with value 2048 returns 1
verify_input for parameter dfs.journalnode.sync.interval with value 4096
verify_result.sh parameter dfs.journalnode.sync.interval with value 4096 returns 0
break, set range_end as 4096
verify_input for parameter dfs.journalnode.sync.interval with value 3072
Journal.java:moveTmpSegmentToCurrent:1142 NOT found in base error set
JournalNodeSyncer.java:getMissingLogSegments:364 NOT found in base error set
JournalNodeSyncer.java:syncWithJournalAtIndex:253 NOT found in base error set
verify_result.sh parameter dfs.journalnode.sync.interval with value 3072 returns 1
not ok branch
verify_input for parameter dfs.journalnode.sync.interval with value 3584
verify_result.sh parameter dfs.journalnode.sync.interval with value 3584 returns 0
ok branch
verify_input for parameter dfs.journalnode.sync.interval with value 3328
EditLogFileInputStream.java:nextOpImpl:192 NOT found in base error set
HttpChannel.java:handle:486 NOT found in base error set
JournalNodeSyncer.java:syncWithJournalAtIndex:253 NOT found in base error set
RedundantEditLogInputStream.java:nextOp:222 NOT found in base error set
ServletHandler.java:doHandle:632 NOT found in base error set
verify_result.sh parameter dfs.journalnode.sync.interval with value 3328 returns 1
not ok branch
verify_input for parameter dfs.journalnode.sync.interval with value 3456
Journal.java:moveTmpSegmentToCurrent:1142 NOT found in base error set
JournalNodeSyncer.java:getMissingLogSegments:364 NOT found in base error set
verify_result.sh parameter dfs.journalnode.sync.interval with value 3456 returns 1
not ok branch
verify_input for parameter dfs.journalnode.sync.interval with value 3520
BlockManager.java:requestBlockReportLeaseId:2336 NOT found in base error set
verify_result.sh parameter dfs.journalnode.sync.interval with value 3520 returns 1
not ok branch
verify_input for parameter dfs.journalnode.sync.interval with value 3552
verify_result.sh parameter dfs.journalnode.sync.interval with value 3552 returns 0
ok branch
the minimum value for parameter dfs.journalnode.sync.interval is 3536
