Found 5 items
-rw-r--r--   3 root supergroup 1073741824 2019-03-26 01:36 /myfile1
-rw-r--r--   3 root supergroup 1073741824 2019-03-26 01:36 /myfile2
-rw-r--r--   3 root supergroup 1073741824 2019-03-26 01:36 /myfile3
-rw-r--r--   3 root supergroup 1073741824 2019-03-26 01:36 /myfile4
-rw-r--r--   3 root supergroup 1073741824 2019-03-26 01:36 /myfile5
file 5 has been put into HDFS
file 5 has been read from HDFS for 1 time
diff succeed!
file 5 has been read from HDFS for 2 time
diff succeed!
file 5 has been read from HDFS for 3 time
diff succeed!
file 5 has been read from HDFS for 4 time
diff succeed!
file 5 has been read from HDFS for 5 time
diff succeed!
file 5 has been read from HDFS for 6 time
diff succeed!
file 5 has been read from HDFS for 7 time
diff succeed!
file 5 has been read from HDFS for 8 time
diff succeed!
file 5 has been read from HDFS for 9 time
diff succeed!
file 5 has been read from HDFS for 10 time
diff succeed!
Deleted /myfile5
file 5 has been removed from HDFS
Found 5 items
-rw-r--r--   3 root supergroup 1073741824 2019-03-26 01:38 /myfile1
-rw-r--r--   3 root supergroup 1073741824 2019-03-26 01:38 /myfile2
-rw-r--r--   3 root supergroup  402653184 2019-03-26 01:38 /myfile3._COPYING_
-rw-r--r--   3 root supergroup 1073741824 2019-03-26 01:38 /myfile4
-rw-r--r--   3 root supergroup 1073741824 2019-03-26 01:38 /myfile5
file 5 has been put into HDFS
file 5 has been read from HDFS for 1 time
diff succeed!
file 5 has been read from HDFS for 2 time
diff succeed!
file 5 has been read from HDFS for 3 time
diff succeed!
file 5 has been read from HDFS for 4 time
diff succeed!
file 5 has been read from HDFS for 5 time
diff succeed!
file 5 has been read from HDFS for 6 time
diff succeed!
file 5 has been read from HDFS for 7 time
diff succeed!
file 5 has been read from HDFS for 8 time
diff succeed!
file 5 has been read from HDFS for 9 time
diff succeed!
file 5 has been read from HDFS for 10 time
diff succeed!
Deleted /myfile5
file 5 has been removed from HDFS
Found 5 items
-rw-r--r--   3 root supergroup 1073741824 2019-03-26 01:40 /myfile1
-rw-r--r--   3 root supergroup  536870912 2019-03-26 01:40 /myfile2._COPYING_
-rw-r--r--   3 root supergroup  536870912 2019-03-26 01:40 /myfile3._COPYING_
-rw-r--r--   3 root supergroup 1073741824 2019-03-26 01:39 /myfile4
-rw-r--r--   3 root supergroup 1073741824 2019-03-26 01:40 /myfile5
file 5 has been put into HDFS
file 5 has been read from HDFS for 1 time
diff succeed!
file 5 has been read from HDFS for 2 time
diff succeed!
file 5 has been read from HDFS for 3 time
diff succeed!
file 5 has been read from HDFS for 4 time
diff succeed!
file 5 has been read from HDFS for 5 time
diff succeed!
file 5 has been read from HDFS for 6 time
diff succeed!
file 5 has been read from HDFS for 7 time
diff succeed!
file 5 has been read from HDFS for 8 time
diff succeed!
file 5 has been read from HDFS for 9 time
diff succeed!
file 5 has been read from HDFS for 10 time
diff succeed!
Deleted /myfile5
file 5 has been removed from HDFS
Found 5 items
-rw-r--r--   3 root supergroup 1073741824 2019-03-26 01:41 /myfile1
-rw-r--r--   3 root supergroup 1073741824 2019-03-26 01:41 /myfile2
-rw-r--r--   3 root supergroup  939524096 2019-03-26 01:41 /myfile3._COPYING_
-rw-r--r--   3 root supergroup 1073741824 2019-03-26 01:41 /myfile4
-rw-r--r--   3 root supergroup 1073741824 2019-03-26 01:41 /myfile5
file 5 has been put into HDFS
file 5 has been read from HDFS for 1 time
diff succeed!
file 5 has been read from HDFS for 2 time
diff succeed!
file 5 has been read from HDFS for 3 time
diff succeed!
file 5 has been read from HDFS for 4 time
diff succeed!
file 5 has been read from HDFS for 5 time
diff succeed!
file 5 has been read from HDFS for 6 time
diff succeed!
file 5 has been read from HDFS for 7 time
diff succeed!
file 5 has been read from HDFS for 8 time
diff succeed!
file 5 has been read from HDFS for 9 time
diff succeed!
file 5 has been read from HDFS for 10 time
diff succeed!
Deleted /myfile5
file 5 has been removed from HDFS
Found 5 items
-rw-r--r--   3 root supergroup 1073741824 2019-03-26 01:43 /myfile1
-rw-r--r--   3 root supergroup 1073741824 2019-03-26 01:43 /myfile2
-rw-r--r--   3 root supergroup 1073741824 2019-03-26 01:41 /myfile3
-rw-r--r--   3 root supergroup 1073741824 2019-03-26 01:42 /myfile4
-rw-r--r--   3 root supergroup 1073741824 2019-03-26 01:43 /myfile5
file 5 has been put into HDFS
file 5 has been read from HDFS for 1 time
diff succeed!
file 5 has been read from HDFS for 2 time
diff succeed!
file 5 has been read from HDFS for 3 time
diff succeed!
file 5 has been read from HDFS for 4 time
diff succeed!
file 5 has been read from HDFS for 5 time
diff succeed!
file 5 has been read from HDFS for 6 time
diff succeed!
file 5 has been read from HDFS for 7 time
diff succeed!
file 5 has been read from HDFS for 8 time
diff succeed!
file 5 has been read from HDFS for 9 time
diff succeed!
file 5 has been read from HDFS for 10 time
diff succeed!
Deleted /myfile5
file 5 has been removed from HDFS
Found 5 items
-rw-r--r--   3 root supergroup 1073741824 2019-03-26 01:44 /myfile1
-rw-r--r--   3 root supergroup 1073741824 2019-03-26 01:44 /myfile2._COPYING_
-rw-r--r--   3 root supergroup 1073741824 2019-03-26 01:43 /myfile3
-rw-r--r--   3 root supergroup 1073741824 2019-03-26 01:44 /myfile4
-rw-r--r--   3 root supergroup 1073741824 2019-03-26 01:44 /myfile5
file 5 has been put into HDFS
file 5 has been read from HDFS for 1 time
diff succeed!
file 5 has been read from HDFS for 2 time
diff succeed!
file 5 has been read from HDFS for 3 time
diff succeed!
file 5 has been read from HDFS for 4 time
diff succeed!
file 5 has been read from HDFS for 5 time
diff succeed!
file 5 has been read from HDFS for 6 time
diff succeed!
file 5 has been read from HDFS for 7 time
diff succeed!
file 5 has been read from HDFS for 8 time
diff succeed!
file 5 has been read from HDFS for 9 time
diff succeed!
file 5 has been read from HDFS for 10 time
diff succeed!
Deleted /myfile5
file 5 has been removed from HDFS
2019-03-26 01:46:43,277 WARN  hdfs.DataStreamer DataStreamer.java:run:1196 - Exception for BP-1650758551-130.127.133.65-1553585756702:blk_1073742085_1261
java.io.IOException: Bad response ERROR for BP-1650758551-130.127.133.65-1553585756702:blk_1073742085_1261 from datanode DatanodeInfoWithStorage[10.10.1.6:9866,DS-6a48385f-0483-42c1-b744-cb43005133a4,DISK]
	at org.apache.hadoop.hdfs.DataStreamer$ResponseProcessor.run(DataStreamer.java:1126)
2019-03-26 01:46:43,282 WARN  hdfs.DataStreamer DataStreamer.java:handleBadDatanode:1571 - Error Recovery for BP-1650758551-130.127.133.65-1553585756702:blk_1073742085_1261 in pipeline [DatanodeInfoWithStorage[10.10.1.2:9866,DS-c8d03708-bdb9-43b1-80a6-a006120e20a4,DISK], DatanodeInfoWithStorage[10.10.1.5:9866,DS-2d5c0777-df6c-459c-89fc-573c033d7fde,DISK], DatanodeInfoWithStorage[10.10.1.6:9866,DS-6a48385f-0483-42c1-b744-cb43005133a4,DISK]]: datanode 2(DatanodeInfoWithStorage[10.10.1.6:9866,DS-6a48385f-0483-42c1-b744-cb43005133a4,DISK]) is bad.
Found 5 items
-rw-r--r--   3 root supergroup 1073741824 2019-03-26 01:46 /myfile1
-rw-r--r--   3 root supergroup  805306368 2019-03-26 01:46 /myfile2._COPYING_
-rw-r--r--   3 root supergroup 1073741824 2019-03-26 01:45 /myfile3
-rw-r--r--   3 root supergroup 1073741824 2019-03-26 01:46 /myfile4
-rw-r--r--   3 root supergroup 1073741824 2019-03-26 01:46 /myfile5
file 5 has been put into HDFS
file 5 has been read from HDFS for 1 time
diff succeed!
file 5 has been read from HDFS for 2 time
diff succeed!
file 5 has been read from HDFS for 3 time
diff succeed!
file 5 has been read from HDFS for 4 time
diff succeed!
file 5 has been read from HDFS for 5 time
diff succeed!
file 5 has been read from HDFS for 6 time
diff succeed!
file 5 has been read from HDFS for 7 time
diff succeed!
file 5 has been read from HDFS for 8 time
diff succeed!
file 5 has been read from HDFS for 9 time
diff succeed!
file 5 has been read from HDFS for 10 time
diff succeed!
Deleted /myfile5
file 5 has been removed from HDFS
Found 4 items
-rw-r--r--   3 root supergroup 1073741824 2019-03-26 01:48 /myfile1
-rw-r--r--   3 root supergroup  939524096 2019-03-26 01:48 /myfile2._COPYING_
-rw-r--r--   3 root supergroup 1073741824 2019-03-26 01:47 /myfile4
-rw-r--r--   3 root supergroup 1073741824 2019-03-26 01:48 /myfile5
file 5 has been put into HDFS
file 5 has been read from HDFS for 1 time
diff succeed!
file 5 has been read from HDFS for 2 time
diff succeed!
file 5 has been read from HDFS for 3 time
diff succeed!
file 5 has been read from HDFS for 4 time
diff succeed!
file 5 has been read from HDFS for 5 time
diff succeed!
file 5 has been read from HDFS for 6 time
diff succeed!
file 5 has been read from HDFS for 7 time
diff succeed!
file 5 has been read from HDFS for 8 time
diff succeed!
file 5 has been read from HDFS for 9 time
diff succeed!
file 5 has been read from HDFS for 10 time
diff succeed!
Deleted /myfile5
file 5 has been removed from HDFS
Found 5 items
-rw-r--r--   3 root supergroup 1073741824 2019-03-26 01:49 /myfile1
-rw-r--r--   3 root supergroup 1073741824 2019-03-26 01:50 /myfile2
-rw-r--r--   3 root supergroup  402653184 2019-03-26 01:50 /myfile3._COPYING_
-rw-r--r--   3 root supergroup 1073741824 2019-03-26 01:49 /myfile4
-rw-r--r--   3 root supergroup 1073741824 2019-03-26 01:50 /myfile5
file 5 has been put into HDFS
file 5 has been read from HDFS for 1 time
diff succeed!
file 5 has been read from HDFS for 2 time
diff succeed!
file 5 has been read from HDFS for 3 time
diff succeed!
file 5 has been read from HDFS for 4 time
diff succeed!
file 5 has been read from HDFS for 5 time
diff succeed!
file 5 has been read from HDFS for 6 time
diff succeed!
file 5 has been read from HDFS for 7 time
diff succeed!
file 5 has been read from HDFS for 8 time
diff succeed!
