Found 5 items
-rw-r--r--   3 root supergroup 1073741824 2019-03-28 02:53 /myfile1
-rw-r--r--   3 root supergroup 1073741824 2019-03-28 02:53 /myfile2
-rw-r--r--   3 root supergroup 1073741824 2019-03-28 02:53 /myfile3
-rw-r--r--   3 root supergroup 1073741824 2019-03-28 02:53 /myfile4
-rw-r--r--   3 root supergroup 1073741824 2019-03-28 02:53 /myfile5
file 1 has been put into HDFS
file 1 has been read from HDFS for 1 time
diff succeed!
file 1 has been read from HDFS for 2 time
diff succeed!
file 1 has been read from HDFS for 3 time
diff succeed!
file 1 has been read from HDFS for 4 time
diff succeed!
file 1 has been read from HDFS for 5 time
diff succeed!
file 1 has been read from HDFS for 6 time
diff succeed!
file 1 has been read from HDFS for 7 time
diff succeed!
file 1 has been read from HDFS for 8 time
diff succeed!
file 1 has been read from HDFS for 9 time
diff succeed!
file 1 has been read from HDFS for 10 time
diff succeed!
Deleted /myfile1
file 1 has been removed from HDFS
Found 5 items
-rw-r--r--   3 root supergroup 1073741824 2019-03-28 02:55 /myfile1
-rw-r--r--   3 root supergroup 1073741824 2019-03-28 02:55 /myfile2
-rw-r--r--   3 root supergroup 1073741824 2019-03-28 02:55 /myfile3
-rw-r--r--   3 root supergroup 1073741824 2019-03-28 02:55 /myfile4
-rw-r--r--   3 root supergroup 1073741824 2019-03-28 02:55 /myfile5
file 1 has been put into HDFS
file 1 has been read from HDFS for 1 time
diff succeed!
file 1 has been read from HDFS for 2 time
diff succeed!
file 1 has been read from HDFS for 3 time
diff succeed!
file 1 has been read from HDFS for 4 time
diff succeed!
file 1 has been read from HDFS for 5 time
diff succeed!
file 1 has been read from HDFS for 6 time
diff succeed!
file 1 has been read from HDFS for 7 time
diff succeed!
file 1 has been read from HDFS for 8 time
diff succeed!
file 1 has been read from HDFS for 9 time
diff succeed!
file 1 has been read from HDFS for 10 time
diff succeed!
Deleted /myfile1
file 1 has been removed from HDFS
Found 5 items
-rw-r--r--   3 root supergroup 1073741824 2019-03-28 02:57 /myfile1
-rw-r--r--   3 root supergroup 1073741824 2019-03-28 02:57 /myfile2
-rw-r--r--   3 root supergroup 1073741824 2019-03-28 02:56 /myfile3
-rw-r--r--   3 root supergroup 1073741824 2019-03-28 02:57 /myfile4
-rw-r--r--   3 root supergroup  268435456 2019-03-28 02:57 /myfile5._COPYING_
file 1 has been put into HDFS
file 1 has been read from HDFS for 1 time
diff succeed!
file 1 has been read from HDFS for 2 time
diff succeed!
file 1 has been read from HDFS for 3 time
diff succeed!
file 1 has been read from HDFS for 4 time
diff succeed!
file 1 has been read from HDFS for 5 time
diff succeed!
file 1 has been read from HDFS for 6 time
diff succeed!
file 1 has been read from HDFS for 7 time
diff succeed!
file 1 has been read from HDFS for 8 time
diff succeed!
file 1 has been read from HDFS for 9 time
diff succeed!
file 1 has been read from HDFS for 10 time
diff succeed!
Deleted /myfile1
file 1 has been removed from HDFS
Found 5 items
-rw-r--r--   3 root supergroup 1073741824 2019-03-28 02:58 /myfile1
-rw-r--r--   3 root supergroup 1073741824 2019-03-28 02:58 /myfile2
-rw-r--r--   3 root supergroup 1073741824 2019-03-28 02:58 /myfile3
-rw-r--r--   3 root supergroup 1073741824 2019-03-28 02:58 /myfile4
-rw-r--r--   3 root supergroup 1073741824 2019-03-28 02:57 /myfile5
file 1 has been put into HDFS
file 1 has been read from HDFS for 1 time
diff succeed!
file 1 has been read from HDFS for 2 time
diff succeed!
file 1 has been read from HDFS for 3 time
diff succeed!
file 1 has been read from HDFS for 4 time
diff succeed!
file 1 has been read from HDFS for 5 time
diff succeed!
file 1 has been read from HDFS for 6 time
diff succeed!
file 1 has been read from HDFS for 7 time
diff succeed!
file 1 has been read from HDFS for 8 time
diff succeed!
file 1 has been read from HDFS for 9 time
diff succeed!
file 1 has been read from HDFS for 10 time
diff succeed!
Deleted /myfile1
file 1 has been removed from HDFS
Found 5 items
-rw-r--r--   3 root supergroup 1073741824 2019-03-28 03:00 /myfile1
-rw-r--r--   3 root supergroup 1073741824 2019-03-28 03:00 /myfile2
-rw-r--r--   3 root supergroup 1073741824 2019-03-28 03:00 /myfile3
-rw-r--r--   3 root supergroup 1073741824 2019-03-28 03:00 /myfile4
-rw-r--r--   3 root supergroup 1073741824 2019-03-28 02:59 /myfile5
file 1 has been put into HDFS
file 1 has been read from HDFS for 1 time
diff succeed!
file 1 has been read from HDFS for 2 time
diff succeed!
file 1 has been read from HDFS for 3 time
diff succeed!
file 1 has been read from HDFS for 4 time
diff succeed!
file 1 has been read from HDFS for 5 time
diff succeed!
file 1 has been read from HDFS for 6 time
diff succeed!
file 1 has been read from HDFS for 7 time
diff succeed!
file 1 has been read from HDFS for 8 time
diff succeed!
file 1 has been read from HDFS for 9 time
diff succeed!
file 1 has been read from HDFS for 10 time
diff succeed!
Deleted /myfile1
file 1 has been removed from HDFS
Found 5 items
-rw-r--r--   3 root supergroup 1073741824 2019-03-28 03:02 /myfile1
-rw-r--r--   3 root supergroup 1073741824 2019-03-28 03:02 /myfile2
-rw-r--r--   3 root supergroup 1073741824 2019-03-28 03:01 /myfile3
-rw-r--r--   3 root supergroup 1073741824 2019-03-28 03:02 /myfile4
-rw-r--r--   3 root supergroup 1073741824 2019-03-28 03:01 /myfile5
file 1 has been put into HDFS
file 1 has been read from HDFS for 1 time
diff succeed!
file 1 has been read from HDFS for 2 time
diff succeed!
file 1 has been read from HDFS for 3 time
diff succeed!
file 1 has been read from HDFS for 4 time
diff succeed!
file 1 has been read from HDFS for 5 time
diff succeed!
file 1 has been read from HDFS for 6 time
diff succeed!
file 1 has been read from HDFS for 7 time
diff succeed!
file 1 has been read from HDFS for 8 time
diff succeed!
file 1 has been read from HDFS for 9 time
diff succeed!
file 1 has been read from HDFS for 10 time
diff succeed!
Deleted /myfile1
file 1 has been removed from HDFS
Found 5 items
-rw-r--r--   3 root supergroup 1073741824 2019-03-28 03:04 /myfile1
-rw-r--r--   3 root supergroup 1073741824 2019-03-28 03:03 /myfile2
-rw-r--r--   3 root supergroup 1073741824 2019-03-28 03:03 /myfile3
-rw-r--r--   3 root supergroup 1073741824 2019-03-28 03:04 /myfile4
-rw-r--r--   3 root supergroup 1073741824 2019-03-28 03:02 /myfile5
file 1 has been put into HDFS
file 1 has been read from HDFS for 1 time
diff succeed!
file 1 has been read from HDFS for 2 time
diff succeed!
file 1 has been read from HDFS for 3 time
diff succeed!
file 1 has been read from HDFS for 4 time
diff succeed!
file 1 has been read from HDFS for 5 time
diff succeed!
file 1 has been read from HDFS for 6 time
diff succeed!
file 1 has been read from HDFS for 7 time
diff succeed!
file 1 has been read from HDFS for 8 time
diff succeed!
file 1 has been read from HDFS for 9 time
diff succeed!
file 1 has been read from HDFS for 10 time
diff succeed!
Deleted /myfile1
file 1 has been removed from HDFS
Found 5 items
-rw-r--r--   3 root supergroup 1073741824 2019-03-28 03:05 /myfile1
-rw-r--r--   3 root supergroup 1073741824 2019-03-28 03:05 /myfile2
-rw-r--r--   3 root supergroup 1073741824 2019-03-28 03:04 /myfile3
-rw-r--r--   3 root supergroup 1073741824 2019-03-28 03:05 /myfile4
-rw-r--r--   3 root supergroup 1073741824 2019-03-28 03:04 /myfile5
file 1 has been put into HDFS
file 1 has been read from HDFS for 1 time
diff succeed!
file 1 has been read from HDFS for 2 time
diff succeed!
file 1 has been read from HDFS for 3 time
diff succeed!
file 1 has been read from HDFS for 4 time
diff succeed!
file 1 has been read from HDFS for 5 time
diff succeed!
file 1 has been read from HDFS for 6 time
diff succeed!
file 1 has been read from HDFS for 7 time
diff succeed!
file 1 has been read from HDFS for 8 time
diff succeed!
file 1 has been read from HDFS for 9 time
diff succeed!
file 1 has been read from HDFS for 10 time
diff succeed!
Deleted /myfile1
file 1 has been removed from HDFS
Found 5 items
-rw-r--r--   3 root supergroup 1073741824 2019-03-28 03:07 /myfile1
-rw-r--r--   3 root supergroup 1073741824 2019-03-28 03:06 /myfile2
-rw-r--r--   3 root supergroup 1073741824 2019-03-28 03:06 /myfile3
-rw-r--r--   3 root supergroup 1073741824 2019-03-28 03:07 /myfile4
-rw-r--r--   3 root supergroup 1073741824 2019-03-28 03:06 /myfile5
file 1 has been put into HDFS
file 1 has been read from HDFS for 1 time
diff succeed!
file 1 has been read from HDFS for 2 time
diff succeed!
file 1 has been read from HDFS for 3 time
diff succeed!
file 1 has been read from HDFS for 4 time
diff succeed!
file 1 has been read from HDFS for 5 time
diff succeed!
file 1 has been read from HDFS for 6 time
diff succeed!
file 1 has been read from HDFS for 7 time
diff succeed!
file 1 has been read from HDFS for 8 time
diff succeed!
file 1 has been read from HDFS for 9 time
diff succeed!
file 1 has been read from HDFS for 10 time
diff succeed!
Deleted /myfile1
file 1 has been removed from HDFS
Found 5 items
-rw-r--r--   3 root supergroup 1073741824 2019-03-28 03:08 /myfile1
-rw-r--r--   3 root supergroup 1073741824 2019-03-28 03:08 /myfile2
-rw-r--r--   3 root supergroup 1073741824 2019-03-28 03:08 /myfile3
-rw-r--r--   3 root supergroup 1073741824 2019-03-28 03:08 /myfile4
-rw-r--r--   3 root supergroup 1073741824 2019-03-28 03:07 /myfile5
file 1 has been put into HDFS
