Found 5 items
-rw-r--r--   3 root supergroup 1073741824 2019-03-25 15:31 /myfile1
-rw-r--r--   3 root supergroup 1073741824 2019-03-25 15:31 /myfile2
-rw-r--r--   3 root supergroup 1073741824 2019-03-25 15:31 /myfile3
-rw-r--r--   3 root supergroup 1073741824 2019-03-25 15:31 /myfile4
-rw-r--r--   3 root supergroup 1073741824 2019-03-25 15:31 /myfile5
file 2 has been put into HDFS
file 2 has been read from HDFS for 1 time
diff succeed!
file 2 has been read from HDFS for 2 time
diff succeed!
file 2 has been read from HDFS for 3 time
diff succeed!
file 2 has been read from HDFS for 4 time
diff succeed!
file 2 has been read from HDFS for 5 time
diff succeed!
file 2 has been read from HDFS for 6 time
diff succeed!
file 2 has been read from HDFS for 7 time
diff succeed!
file 2 has been read from HDFS for 8 time
diff succeed!
file 2 has been read from HDFS for 9 time
diff succeed!
file 2 has been read from HDFS for 10 time
diff succeed!
Deleted /myfile2
file 2 has been removed from HDFS
Found 4 items
-rw-r--r--   3 root supergroup 1073741824 2019-03-25 15:32 /myfile1
-rw-r--r--   3 root supergroup 1073741824 2019-03-25 15:32 /myfile2
-rw-r--r--   3 root supergroup 1073741824 2019-03-25 15:31 /myfile4
-rw-r--r--   3 root supergroup  671088640 2019-03-25 15:32 /myfile5._COPYING_
file 2 has been put into HDFS
file 2 has been read from HDFS for 1 time
diff succeed!
file 2 has been read from HDFS for 2 time
diff succeed!
file 2 has been read from HDFS for 3 time
diff succeed!
file 2 has been read from HDFS for 4 time
diff succeed!
file 2 has been read from HDFS for 5 time
diff succeed!
file 2 has been read from HDFS for 6 time
diff succeed!
file 2 has been read from HDFS for 7 time
diff succeed!
file 2 has been read from HDFS for 8 time
diff succeed!
file 2 has been read from HDFS for 9 time
diff succeed!
file 2 has been read from HDFS for 10 time
diff succeed!
Deleted /myfile2
file 2 has been removed from HDFS
Found 5 items
-rw-r--r--   3 root supergroup  805306368 2019-03-25 15:34 /myfile1._COPYING_
-rw-r--r--   3 root supergroup 1073741824 2019-03-25 15:34 /myfile2
-rw-r--r--   3 root supergroup 1073741824 2019-03-25 15:33 /myfile3
-rw-r--r--   3 root supergroup 1073741824 2019-03-25 15:33 /myfile4
-rw-r--r--   3 root supergroup 1073741824 2019-03-25 15:34 /myfile5
file 2 has been put into HDFS
file 2 has been read from HDFS for 1 time
diff succeed!
file 2 has been read from HDFS for 2 time
diff succeed!
file 2 has been read from HDFS for 3 time
diff succeed!
file 2 has been read from HDFS for 4 time
diff succeed!
file 2 has been read from HDFS for 5 time
diff succeed!
file 2 has been read from HDFS for 6 time
diff succeed!
file 2 has been read from HDFS for 7 time
diff succeed!
file 2 has been read from HDFS for 8 time
diff succeed!
file 2 has been read from HDFS for 9 time
diff succeed!
file 2 has been read from HDFS for 10 time
diff succeed!
Deleted /myfile2
file 2 has been removed from HDFS
2019-03-25 15:36:08,633 INFO  hdfs.DataStreamer DataStreamer.java:createBlockOutputStream:1789 - Exception in createBlockOutputStream blk_1073741959_1137
java.io.IOException: Got error, status=ERROR, status message , ack with firstBadLink as 10.10.1.6:9866
	at org.apache.hadoop.hdfs.protocol.datatransfer.DataTransferProtoUtil.checkBlockOpStatus(DataTransferProtoUtil.java:134)
	at org.apache.hadoop.hdfs.protocol.datatransfer.DataTransferProtoUtil.checkBlockOpStatus(DataTransferProtoUtil.java:110)
	at org.apache.hadoop.hdfs.DataStreamer.createBlockOutputStream(DataStreamer.java:1778)
	at org.apache.hadoop.hdfs.DataStreamer.nextBlockOutputStream(DataStreamer.java:1679)
	at org.apache.hadoop.hdfs.DataStreamer.run(DataStreamer.java:716)
2019-03-25 15:36:08,638 WARN  hdfs.DataStreamer DataStreamer.java:nextBlockOutputStream:1683 - Abandoning BP-1622066919-130.127.133.21-1553549415654:blk_1073741959_1137
2019-03-25 15:36:08,660 WARN  hdfs.DataStreamer DataStreamer.java:nextBlockOutputStream:1688 - Excluding datanode DatanodeInfoWithStorage[10.10.1.6:9866,DS-9cce009e-4206-429e-9a09-0797c2c2fafa,DISK]
Found 5 items
-rw-r--r--   3 root supergroup 1073741824 2019-03-25 15:36 /myfile1
-rw-r--r--   3 root supergroup 1073741824 2019-03-25 15:36 /myfile2
-rw-r--r--   3 root supergroup 1073741824 2019-03-25 15:34 /myfile3
-rw-r--r--   3 root supergroup 1073741824 2019-03-25 15:34 /myfile4
-rw-r--r--   3 root supergroup 1073741824 2019-03-25 15:36 /myfile5
file 2 has been put into HDFS
file 2 has been read from HDFS for 1 time
diff succeed!
file 2 has been read from HDFS for 2 time
diff succeed!
file 2 has been read from HDFS for 3 time
diff succeed!
file 2 has been read from HDFS for 4 time
diff succeed!
file 2 has been read from HDFS for 5 time
diff succeed!
file 2 has been read from HDFS for 6 time
diff succeed!
file 2 has been read from HDFS for 7 time
diff succeed!
file 2 has been read from HDFS for 8 time
diff succeed!
file 2 has been read from HDFS for 9 time
diff succeed!
file 2 has been read from HDFS for 10 time
diff succeed!
Deleted /myfile2
file 2 has been removed from HDFS
Found 4 items
-rw-r--r--   3 root supergroup 1073741824 2019-03-25 15:37 /myfile2
-rw-r--r--   3 root supergroup 1073741824 2019-03-25 15:36 /myfile3
-rw-r--r--   3 root supergroup 1073741824 2019-03-25 15:36 /myfile4
-rw-r--r--   3 root supergroup 1073741824 2019-03-25 15:36 /myfile5
file 2 has been put into HDFS
file 2 has been read from HDFS for 1 time
diff succeed!
file 2 has been read from HDFS for 2 time
diff succeed!
file 2 has been read from HDFS for 3 time
diff succeed!
file 2 has been read from HDFS for 4 time
diff succeed!
file 2 has been read from HDFS for 5 time
diff succeed!
file 2 has been read from HDFS for 6 time
diff succeed!
file 2 has been read from HDFS for 7 time
diff succeed!
file 2 has been read from HDFS for 8 time
diff succeed!
file 2 has been read from HDFS for 9 time
diff succeed!
file 2 has been read from HDFS for 10 time
diff succeed!
Deleted /myfile2
file 2 has been removed from HDFS
Found 5 items
-rw-r--r--   3 root supergroup 1073741824 2019-03-25 15:38 /myfile1
-rw-r--r--   3 root supergroup 1073741824 2019-03-25 15:39 /myfile2
-rw-r--r--   3 root supergroup 1073741824 2019-03-25 15:38 /myfile3
-rw-r--r--   3 root supergroup 1073741824 2019-03-25 15:38 /myfile4
-rw-r--r--   3 root supergroup 1073741824 2019-03-25 15:38 /myfile5
file 2 has been put into HDFS
file 2 has been read from HDFS for 1 time
diff succeed!
file 2 has been read from HDFS for 2 time
diff succeed!
file 2 has been read from HDFS for 3 time
diff succeed!
file 2 has been read from HDFS for 4 time
diff succeed!
file 2 has been read from HDFS for 5 time
diff succeed!
file 2 has been read from HDFS for 6 time
diff succeed!
file 2 has been read from HDFS for 7 time
diff succeed!
file 2 has been read from HDFS for 8 time
diff succeed!
file 2 has been read from HDFS for 9 time
diff succeed!
file 2 has been read from HDFS for 10 time
diff succeed!
Deleted /myfile2
file 2 has been removed from HDFS
Found 5 items
-rw-r--r--   3 root supergroup 1073741824 2019-03-25 15:39 /myfile1
-rw-r--r--   3 root supergroup 1073741824 2019-03-25 15:40 /myfile2
-rw-r--r--   3 root supergroup 1073741824 2019-03-25 15:40 /myfile3
-rw-r--r--   3 root supergroup 1073741824 2019-03-25 15:40 /myfile4
-rw-r--r--   3 root supergroup 1073741824 2019-03-25 15:39 /myfile5
file 2 has been put into HDFS
file 2 has been read from HDFS for 1 time
diff succeed!
file 2 has been read from HDFS for 2 time
diff succeed!
file 2 has been read from HDFS for 3 time
diff succeed!
file 2 has been read from HDFS for 4 time
diff succeed!
file 2 has been read from HDFS for 5 time
diff succeed!
file 2 has been read from HDFS for 6 time
diff succeed!
file 2 has been read from HDFS for 7 time
diff succeed!
file 2 has been read from HDFS for 8 time
diff succeed!
file 2 has been read from HDFS for 9 time
diff succeed!
file 2 has been read from HDFS for 10 time
diff succeed!
Deleted /myfile2
file 2 has been removed from HDFS
Found 5 items
-rw-r--r--   3 root supergroup 1073741824 2019-03-25 15:41 /myfile1
-rw-r--r--   3 root supergroup 1073741824 2019-03-25 15:42 /myfile2
-rw-r--r--   3 root supergroup 1073741824 2019-03-25 15:42 /myfile3
-rw-r--r--   3 root supergroup 1073741824 2019-03-25 15:42 /myfile4
-rw-r--r--   3 root supergroup 1073741824 2019-03-25 15:41 /myfile5
file 2 has been put into HDFS
file 2 has been read from HDFS for 1 time
diff succeed!
file 2 has been read from HDFS for 2 time
diff succeed!
file 2 has been read from HDFS for 3 time
diff succeed!
file 2 has been read from HDFS for 4 time
diff succeed!
file 2 has been read from HDFS for 5 time
diff succeed!
file 2 has been read from HDFS for 6 time
diff succeed!
file 2 has been read from HDFS for 7 time
diff succeed!
file 2 has been read from HDFS for 8 time
diff succeed!
file 2 has been read from HDFS for 9 time
diff succeed!
file 2 has been read from HDFS for 10 time
diff succeed!
Deleted /myfile2
file 2 has been removed from HDFS
Found 5 items
-rw-r--r--   3 root supergroup 1073741824 2019-03-25 15:43 /myfile1
-rw-r--r--   3 root supergroup 1073741824 2019-03-25 15:44 /myfile2
-rw-r--r--   3 root supergroup 1073741824 2019-03-25 15:44 /myfile3
-rw-r--r--   3 root supergroup 1073741824 2019-03-25 15:44 /myfile4
-rw-r--r--   3 root supergroup 1073741824 2019-03-25 15:43 /myfile5
file 2 has been put into HDFS
file 2 has been read from HDFS for 1 time
diff succeed!
file 2 has been read from HDFS for 2 time
diff succeed!
file 2 has been read from HDFS for 3 time
diff succeed!
file 2 has been read from HDFS for 4 time
diff succeed!
file 2 has been read from HDFS for 5 time
diff succeed!
file 2 has been read from HDFS for 6 time
diff succeed!
file 2 has been read from HDFS for 7 time
diff succeed!
file 2 has been read from HDFS for 8 time
diff succeed!
file 2 has been read from HDFS for 9 time
diff succeed!
file 2 has been read from HDFS for 10 time
diff succeed!
Deleted /myfile2
file 2 has been removed from HDFS
Found 5 items
-rw-r--r--   3 root supergroup 1073741824 2019-03-25 15:45 /myfile1
-rw-r--r--   3 root supergroup 1073741824 2019-03-25 15:45 /myfile2
-rw-r--r--   3 root supergroup 1073741824 2019-03-25 15:45 /myfile3
-rw-r--r--   3 root supergroup 1073741824 2019-03-25 15:45 /myfile4
-rw-r--r--   3 root supergroup 1073741824 2019-03-25 15:45 /myfile5
file 2 has been put into HDFS
file 2 has been read from HDFS for 1 time
diff succeed!
file 2 has been read from HDFS for 2 time
diff succeed!
