Found 5 items
-rw-r--r--   3 root supergroup 1073741824 2019-03-28 02:14 /myfile1
-rw-r--r--   3 root supergroup 1073741824 2019-03-28 02:14 /myfile2
-rw-r--r--   3 root supergroup 1073741824 2019-03-28 02:14 /myfile3
-rw-r--r--   3 root supergroup 1073741824 2019-03-28 02:14 /myfile4
-rw-r--r--   3 root supergroup 1073741824 2019-03-28 02:14 /myfile5
file 3 has been put into HDFS
file 3 has been read from HDFS for 1 time
diff succeed!
file 3 has been read from HDFS for 2 time
diff succeed!
file 3 has been read from HDFS for 3 time
diff succeed!
file 3 has been read from HDFS for 4 time
diff succeed!
file 3 has been read from HDFS for 5 time
diff succeed!
file 3 has been read from HDFS for 6 time
diff succeed!
file 3 has been read from HDFS for 7 time
diff succeed!
file 3 has been read from HDFS for 8 time
diff succeed!
file 3 has been read from HDFS for 9 time
diff succeed!
file 3 has been read from HDFS for 10 time
diff succeed!
Deleted /myfile3
file 3 has been removed from HDFS
Found 5 items
-rw-r--r--   3 root supergroup 1073741824 2019-03-28 02:16 /myfile1
-rw-r--r--   3 root supergroup 1073741824 2019-03-28 02:16 /myfile2
-rw-r--r--   3 root supergroup 1073741824 2019-03-28 02:16 /myfile3
-rw-r--r--   3 root supergroup 1073741824 2019-03-28 02:16 /myfile4
-rw-r--r--   3 root supergroup  536870912 2019-03-28 02:16 /myfile5._COPYING_
file 3 has been put into HDFS
file 3 has been read from HDFS for 1 time
diff succeed!
file 3 has been read from HDFS for 2 time
diff succeed!
file 3 has been read from HDFS for 3 time
diff succeed!
file 3 has been read from HDFS for 4 time
diff succeed!
file 3 has been read from HDFS for 5 time
diff succeed!
file 3 has been read from HDFS for 6 time
diff succeed!
file 3 has been read from HDFS for 7 time
diff succeed!
file 3 has been read from HDFS for 8 time
diff succeed!
file 3 has been read from HDFS for 9 time
diff succeed!
file 3 has been read from HDFS for 10 time
diff succeed!
Deleted /myfile3
file 3 has been removed from HDFS
Found 4 items
-rw-r--r--   3 root supergroup 1073741824 2019-03-28 02:17 /myfile1
-rw-r--r--   3 root supergroup 1073741824 2019-03-28 02:16 /myfile2
-rw-r--r--   3 root supergroup 1073741824 2019-03-28 02:17 /myfile3
-rw-r--r--   3 root supergroup 1073741824 2019-03-28 02:16 /myfile4
file 3 has been put into HDFS
file 3 has been read from HDFS for 1 time
diff succeed!
file 3 has been read from HDFS for 2 time
diff succeed!
file 3 has been read from HDFS for 3 time
diff succeed!
file 3 has been read from HDFS for 4 time
diff succeed!
file 3 has been read from HDFS for 5 time
diff succeed!
file 3 has been read from HDFS for 6 time
diff succeed!
file 3 has been read from HDFS for 7 time
diff succeed!
file 3 has been read from HDFS for 8 time
diff succeed!
file 3 has been read from HDFS for 9 time
diff succeed!
file 3 has been read from HDFS for 10 time
diff succeed!
Deleted /myfile3
file 3 has been removed from HDFS
Found 5 items
-rw-r--r--   3 root supergroup 1073741824 2019-03-28 02:17 /myfile1
-rw-r--r--   3 root supergroup 1073741824 2019-03-28 02:18 /myfile2
-rw-r--r--   3 root supergroup 1073741824 2019-03-28 02:19 /myfile3
-rw-r--r--   3 root supergroup 1073741824 2019-03-28 02:18 /myfile4
-rw-r--r--   3 root supergroup 1073741824 2019-03-28 02:17 /myfile5
file 3 has been put into HDFS
file 3 has been read from HDFS for 1 time
diff succeed!
file 3 has been read from HDFS for 2 time
diff succeed!
file 3 has been read from HDFS for 3 time
diff succeed!
file 3 has been read from HDFS for 4 time
diff succeed!
file 3 has been read from HDFS for 5 time
diff succeed!
file 3 has been read from HDFS for 6 time
diff succeed!
file 3 has been read from HDFS for 7 time
diff succeed!
file 3 has been read from HDFS for 8 time
diff succeed!
file 3 has been read from HDFS for 9 time
diff succeed!
file 3 has been read from HDFS for 10 time
diff succeed!
Deleted /myfile3
file 3 has been removed from HDFS
Found 5 items
-rw-r--r--   3 root supergroup 1073741824 2019-03-28 02:19 /myfile1
-rw-r--r--   3 root supergroup 1073741824 2019-03-28 02:19 /myfile2
-rw-r--r--   3 root supergroup 1073741824 2019-03-28 02:20 /myfile3
-rw-r--r--   3 root supergroup 1073741824 2019-03-28 02:19 /myfile4
-rw-r--r--   3 root supergroup 1073741824 2019-03-28 02:19 /myfile5
file 3 has been put into HDFS
file 3 has been read from HDFS for 1 time
diff succeed!
file 3 has been read from HDFS for 2 time
diff succeed!
file 3 has been read from HDFS for 3 time
diff succeed!
file 3 has been read from HDFS for 4 time
diff succeed!
file 3 has been read from HDFS for 5 time
diff succeed!
file 3 has been read from HDFS for 6 time
diff succeed!
file 3 has been read from HDFS for 7 time
diff succeed!
file 3 has been read from HDFS for 8 time
diff succeed!
file 3 has been read from HDFS for 9 time
diff succeed!
file 3 has been read from HDFS for 10 time
diff succeed!
Deleted /myfile3
file 3 has been removed from HDFS
Found 5 items
-rw-r--r--   3 root supergroup 1073741824 2019-03-28 02:21 /myfile1
-rw-r--r--   3 root supergroup 1073741824 2019-03-28 02:21 /myfile2
-rw-r--r--   3 root supergroup 1073741824 2019-03-28 02:22 /myfile3
-rw-r--r--   3 root supergroup 1073741824 2019-03-28 02:21 /myfile4
-rw-r--r--   3 root supergroup 1073741824 2019-03-28 02:21 /myfile5
file 3 has been put into HDFS
file 3 has been read from HDFS for 1 time
diff succeed!
file 3 has been read from HDFS for 2 time
diff succeed!
file 3 has been read from HDFS for 3 time
diff succeed!
file 3 has been read from HDFS for 4 time
diff succeed!
file 3 has been read from HDFS for 5 time
diff succeed!
file 3 has been read from HDFS for 6 time
diff succeed!
file 3 has been read from HDFS for 7 time
diff succeed!
file 3 has been read from HDFS for 8 time
diff succeed!
file 3 has been read from HDFS for 9 time
diff succeed!
file 3 has been read from HDFS for 10 time
diff succeed!
Deleted /myfile3
file 3 has been removed from HDFS
Found 5 items
-rw-r--r--   3 root supergroup 1073741824 2019-03-28 02:22 /myfile1
-rw-r--r--   3 root supergroup 1073741824 2019-03-28 02:23 /myfile2
-rw-r--r--   3 root supergroup 1073741824 2019-03-28 02:23 /myfile3
-rw-r--r--   3 root supergroup 1073741824 2019-03-28 02:22 /myfile4
-rw-r--r--   3 root supergroup 1073741824 2019-03-28 02:23 /myfile5
file 3 has been put into HDFS
file 3 has been read from HDFS for 1 time
diff succeed!
file 3 has been read from HDFS for 2 time
diff succeed!
file 3 has been read from HDFS for 3 time
diff succeed!
file 3 has been read from HDFS for 4 time
diff succeed!
file 3 has been read from HDFS for 5 time
diff succeed!
file 3 has been read from HDFS for 6 time
diff succeed!
file 3 has been read from HDFS for 7 time
diff succeed!
file 3 has been read from HDFS for 8 time
diff succeed!
file 3 has been read from HDFS for 9 time
diff succeed!
file 3 has been read from HDFS for 10 time
diff succeed!
Deleted /myfile3
file 3 has been removed from HDFS
Found 5 items
-rw-r--r--   3 root supergroup 1073741824 2019-03-28 02:24 /myfile1
-rw-r--r--   3 root supergroup 1073741824 2019-03-28 02:25 /myfile2
-rw-r--r--   3 root supergroup 1073741824 2019-03-28 02:25 /myfile3
-rw-r--r--   3 root supergroup 1073741824 2019-03-28 02:24 /myfile4
-rw-r--r--   3 root supergroup 1073741824 2019-03-28 02:24 /myfile5
file 3 has been put into HDFS
file 3 has been read from HDFS for 1 time
diff succeed!
file 3 has been read from HDFS for 2 time
diff succeed!
file 3 has been read from HDFS for 3 time
diff succeed!
file 3 has been read from HDFS for 4 time
diff succeed!
file 3 has been read from HDFS for 5 time
diff succeed!
file 3 has been read from HDFS for 6 time
diff succeed!
file 3 has been read from HDFS for 7 time
diff succeed!
file 3 has been read from HDFS for 8 time
diff succeed!
file 3 has been read from HDFS for 9 time
diff succeed!
file 3 has been read from HDFS for 10 time
diff succeed!
Deleted /myfile3
file 3 has been removed from HDFS
Found 5 items
-rw-r--r--   3 root supergroup 1073741824 2019-03-28 02:25 /myfile1
-rw-r--r--   3 root supergroup 1073741824 2019-03-28 02:26 /myfile2
-rw-r--r--   3 root supergroup 1073741824 2019-03-28 02:27 /myfile3
-rw-r--r--   3 root supergroup 1073741824 2019-03-28 02:25 /myfile4
-rw-r--r--   3 root supergroup 1073741824 2019-03-28 02:26 /myfile5
file 3 has been put into HDFS
file 3 has been read from HDFS for 1 time
diff succeed!
file 3 has been read from HDFS for 2 time
diff succeed!
file 3 has been read from HDFS for 3 time
diff succeed!
file 3 has been read from HDFS for 4 time
diff succeed!
file 3 has been read from HDFS for 5 time
diff succeed!
file 3 has been read from HDFS for 6 time
diff succeed!
file 3 has been read from HDFS for 7 time
diff succeed!
file 3 has been read from HDFS for 8 time
diff succeed!
file 3 has been read from HDFS for 9 time
diff succeed!
file 3 has been read from HDFS for 10 time
diff succeed!
Deleted /myfile3
file 3 has been removed from HDFS
Found 5 items
-rw-r--r--   3 root supergroup 1073741824 2019-03-28 02:27 /myfile1
-rw-r--r--   3 root supergroup 1073741824 2019-03-28 02:28 /myfile2
-rw-r--r--   3 root supergroup 1073741824 2019-03-28 02:28 /myfile3
-rw-r--r--   3 root supergroup 1073741824 2019-03-28 02:27 /myfile4
-rw-r--r--   3 root supergroup 1073741824 2019-03-28 02:27 /myfile5
file 3 has been put into HDFS
file 3 has been read from HDFS for 1 time
diff succeed!
file 3 has been read from HDFS for 2 time
diff succeed!
file 3 has been read from HDFS for 3 time
diff succeed!
file 3 has been read from HDFS for 4 time
diff succeed!
file 3 has been read from HDFS for 5 time
diff succeed!
file 3 has been read from HDFS for 6 time
diff succeed!
file 3 has been read from HDFS for 7 time
diff succeed!
