Found 5 items
-rw-r--r--   3 root supergroup 1073741824 2019-03-25 16:45 /myfile1
-rw-r--r--   3 root supergroup 1073741824 2019-03-25 16:45 /myfile2
-rw-r--r--   3 root supergroup 1073741824 2019-03-25 16:45 /myfile3
-rw-r--r--   3 root supergroup 1073741824 2019-03-25 16:45 /myfile4
-rw-r--r--   3 root supergroup 1073741824 2019-03-25 16:45 /myfile5
file 4 has been put into HDFS
file 4 has been read from HDFS for 1 time
diff succeed!
file 4 has been read from HDFS for 2 time
diff succeed!
file 4 has been read from HDFS for 3 time
diff succeed!
file 4 has been read from HDFS for 4 time
diff succeed!
file 4 has been read from HDFS for 5 time
diff succeed!
file 4 has been read from HDFS for 6 time
diff succeed!
file 4 has been read from HDFS for 7 time
diff succeed!
file 4 has been read from HDFS for 8 time
diff succeed!
file 4 has been read from HDFS for 9 time
diff succeed!
file 4 has been read from HDFS for 10 time
diff succeed!
Deleted /myfile4
file 4 has been removed from HDFS
Found 5 items
-rw-r--r--   3 root supergroup 1073741824 2019-03-25 16:47 /myfile1
-rw-r--r--   3 root supergroup 1073741824 2019-03-25 16:45 /myfile2
-rw-r--r--   3 root supergroup 1073741824 2019-03-25 16:45 /myfile3
-rw-r--r--   3 root supergroup 1073741824 2019-03-25 16:47 /myfile4
-rw-r--r--   3 root supergroup 1073741824 2019-03-25 16:46 /myfile5
file 4 has been put into HDFS
file 4 has been read from HDFS for 1 time
diff succeed!
file 4 has been read from HDFS for 2 time
diff succeed!
file 4 has been read from HDFS for 3 time
diff succeed!
file 4 has been read from HDFS for 4 time
diff succeed!
file 4 has been read from HDFS for 5 time
diff succeed!
file 4 has been read from HDFS for 6 time
diff succeed!
file 4 has been read from HDFS for 7 time
diff succeed!
file 4 has been read from HDFS for 8 time
diff succeed!
file 4 has been read from HDFS for 9 time
diff succeed!
file 4 has been read from HDFS for 10 time
diff succeed!
Deleted /myfile4
file 4 has been removed from HDFS
Found 5 items
-rw-r--r--   3 root supergroup 1073741824 2019-03-25 16:48 /myfile1
-rw-r--r--   3 root supergroup 1073741824 2019-03-25 16:47 /myfile2
-rw-r--r--   3 root supergroup 1073741824 2019-03-25 16:47 /myfile3
-rw-r--r--   3 root supergroup 1073741824 2019-03-25 16:48 /myfile4
-rw-r--r--   3 root supergroup 1073741824 2019-03-25 16:48 /myfile5
file 4 has been put into HDFS
file 4 has been read from HDFS for 1 time
diff succeed!
file 4 has been read from HDFS for 2 time
diff succeed!
file 4 has been read from HDFS for 3 time
diff succeed!
file 4 has been read from HDFS for 4 time
diff succeed!
file 4 has been read from HDFS for 5 time
diff succeed!
file 4 has been read from HDFS for 6 time
diff succeed!
file 4 has been read from HDFS for 7 time
diff succeed!
file 4 has been read from HDFS for 8 time
diff succeed!
file 4 has been read from HDFS for 9 time
diff succeed!
file 4 has been read from HDFS for 10 time
diff succeed!
Deleted /myfile4
file 4 has been removed from HDFS
Found 5 items
-rw-r--r--   3 root supergroup 1073741824 2019-03-25 16:50 /myfile1
-rw-r--r--   3 root supergroup 1073741824 2019-03-25 16:49 /myfile2
-rw-r--r--   3 root supergroup 1073741824 2019-03-25 16:49 /myfile3
-rw-r--r--   3 root supergroup 1073741824 2019-03-25 16:50 /myfile4
-rw-r--r--   3 root supergroup 1073741824 2019-03-25 16:50 /myfile5
file 4 has been put into HDFS
file 4 has been read from HDFS for 1 time
diff succeed!
file 4 has been read from HDFS for 2 time
diff succeed!
file 4 has been read from HDFS for 3 time
diff succeed!
file 4 has been read from HDFS for 4 time
diff succeed!
file 4 has been read from HDFS for 5 time
diff succeed!
file 4 has been read from HDFS for 6 time
diff succeed!
file 4 has been read from HDFS for 7 time
diff succeed!
file 4 has been read from HDFS for 8 time
diff succeed!
file 4 has been read from HDFS for 9 time
diff succeed!
file 4 has been read from HDFS for 10 time
diff succeed!
Deleted /myfile4
file 4 has been removed from HDFS
Found 5 items
-rw-r--r--   3 root supergroup 1073741824 2019-03-25 16:50 /myfile1
-rw-r--r--   3 root supergroup 1073741824 2019-03-25 16:51 /myfile2
-rw-r--r--   3 root supergroup 1073741824 2019-03-25 16:51 /myfile3
-rw-r--r--   3 root supergroup 1073741824 2019-03-25 16:52 /myfile4
-rw-r--r--   3 root supergroup 1073741824 2019-03-25 16:50 /myfile5
file 4 has been put into HDFS
file 4 has been read from HDFS for 1 time
diff succeed!
file 4 has been read from HDFS for 2 time
diff succeed!
file 4 has been read from HDFS for 3 time
diff succeed!
file 4 has been read from HDFS for 4 time
diff succeed!
file 4 has been read from HDFS for 5 time
diff succeed!
file 4 has been read from HDFS for 6 time
diff succeed!
file 4 has been read from HDFS for 7 time
diff succeed!
file 4 has been read from HDFS for 8 time
diff succeed!
file 4 has been read from HDFS for 9 time
diff succeed!
file 4 has been read from HDFS for 10 time
diff succeed!
Deleted /myfile4
file 4 has been removed from HDFS
Found 4 items
-rw-r--r--   3 root supergroup 1073741824 2019-03-25 16:52 /myfile1
-rw-r--r--   3 root supergroup 1073741824 2019-03-25 16:53 /myfile3
-rw-r--r--   3 root supergroup 1073741824 2019-03-25 16:53 /myfile4
-rw-r--r--   3 root supergroup 1073741824 2019-03-25 16:52 /myfile5
file 4 has been put into HDFS
file 4 has been read from HDFS for 1 time
diff succeed!
file 4 has been read from HDFS for 2 time
diff succeed!
file 4 has been read from HDFS for 3 time
diff succeed!
file 4 has been read from HDFS for 4 time
diff succeed!
file 4 has been read from HDFS for 5 time
diff succeed!
file 4 has been read from HDFS for 6 time
diff succeed!
file 4 has been read from HDFS for 7 time
diff succeed!
file 4 has been read from HDFS for 8 time
diff succeed!
file 4 has been read from HDFS for 9 time
diff succeed!
file 4 has been read from HDFS for 10 time
diff succeed!
Deleted /myfile4
file 4 has been removed from HDFS
Found 5 items
-rw-r--r--   3 root supergroup 1073741824 2019-03-25 16:54 /myfile1
-rw-r--r--   3 root supergroup 1073741824 2019-03-25 16:53 /myfile2
-rw-r--r--   3 root supergroup 1073741824 2019-03-25 16:55 /myfile3
-rw-r--r--   3 root supergroup 1073741824 2019-03-25 16:55 /myfile4
-rw-r--r--   3 root supergroup 1073741824 2019-03-25 16:54 /myfile5
file 4 has been put into HDFS
file 4 has been read from HDFS for 1 time
diff succeed!
file 4 has been read from HDFS for 2 time
diff succeed!
file 4 has been read from HDFS for 3 time
diff succeed!
file 4 has been read from HDFS for 4 time
diff succeed!
file 4 has been read from HDFS for 5 time
diff succeed!
file 4 has been read from HDFS for 6 time
diff succeed!
file 4 has been read from HDFS for 7 time
diff succeed!
file 4 has been read from HDFS for 8 time
diff succeed!
file 4 has been read from HDFS for 9 time
diff succeed!
file 4 has been read from HDFS for 10 time
diff succeed!
Deleted /myfile4
file 4 has been removed from HDFS
Found 5 items
-rw-r--r--   3 root supergroup 1073741824 2019-03-25 16:56 /myfile1
-rw-r--r--   3 root supergroup 1073741824 2019-03-25 16:56 /myfile2
-rw-r--r--   3 root supergroup 1073741824 2019-03-25 16:57 /myfile3
-rw-r--r--   3 root supergroup 1073741824 2019-03-25 16:57 /myfile4
-rw-r--r--   3 root supergroup 1073741824 2019-03-25 16:56 /myfile5
file 4 has been put into HDFS
file 4 has been read from HDFS for 1 time
diff succeed!
file 4 has been read from HDFS for 2 time
diff succeed!
file 4 has been read from HDFS for 3 time
diff succeed!
file 4 has been read from HDFS for 4 time
diff succeed!
file 4 has been read from HDFS for 5 time
diff succeed!
file 4 has been read from HDFS for 6 time
diff succeed!
file 4 has been read from HDFS for 7 time
diff succeed!
file 4 has been read from HDFS for 8 time
diff succeed!
file 4 has been read from HDFS for 9 time
diff succeed!
file 4 has been read from HDFS for 10 time
diff succeed!
Deleted /myfile4
file 4 has been removed from HDFS
Found 5 items
-rw-r--r--   3 root supergroup 1073741824 2019-03-25 16:57 /myfile1
-rw-r--r--   3 root supergroup 1073741824 2019-03-25 16:57 /myfile2
-rw-r--r--   3 root supergroup 1073741824 2019-03-25 16:58 /myfile3
-rw-r--r--   3 root supergroup 1073741824 2019-03-25 16:59 /myfile4
-rw-r--r--   3 root supergroup 1073741824 2019-03-25 16:58 /myfile5
file 4 has been put into HDFS
file 4 has been read from HDFS for 1 time
diff succeed!
file 4 has been read from HDFS for 2 time
diff succeed!
file 4 has been read from HDFS for 3 time
diff succeed!
file 4 has been read from HDFS for 4 time
diff succeed!
file 4 has been read from HDFS for 5 time
diff succeed!
file 4 has been read from HDFS for 6 time
diff succeed!
file 4 has been read from HDFS for 7 time
diff succeed!
file 4 has been read from HDFS for 8 time
diff succeed!
