Found 5 items
-rw-r--r--   3 root supergroup 1073741824 2019-03-26 08:49 /myfile1
-rw-r--r--   3 root supergroup 1073741824 2019-03-26 08:49 /myfile2
-rw-r--r--   3 root supergroup 1073741824 2019-03-26 08:49 /myfile3
-rw-r--r--   3 root supergroup 1073741824 2019-03-26 08:49 /myfile4
-rw-r--r--   3 root supergroup 1073741824 2019-03-26 08:49 /myfile5
file 5 has been put into HDFS
file 5 has been read from HDFS for 1 time
diff succeed!
file 5 has been read from HDFS for 2 time
diff succeed!
file 5 has been read from HDFS for 3 time
diff succeed!
file 5 has been read from HDFS for 4 time
diff succeed!
file 5 has been read from HDFS for 5 time
diff succeed!
file 5 has been read from HDFS for 6 time
diff succeed!
file 5 has been read from HDFS for 7 time
diff succeed!
file 5 has been read from HDFS for 8 time
diff succeed!
file 5 has been read from HDFS for 9 time
diff succeed!
file 5 has been read from HDFS for 10 time
diff succeed!
Deleted /myfile5
file 5 has been removed from HDFS
Found 5 items
-rw-r--r--   3 root supergroup 1073741824 2019-03-26 08:50 /myfile1
-rw-r--r--   3 root supergroup 1073741824 2019-03-26 08:50 /myfile2
-rw-r--r--   3 root supergroup 1073741824 2019-03-26 08:49 /myfile3
-rw-r--r--   3 root supergroup 1073741824 2019-03-26 08:50 /myfile4
-rw-r--r--   3 root supergroup 1073741824 2019-03-26 08:50 /myfile5
file 5 has been put into HDFS
file 5 has been read from HDFS for 1 time
diff succeed!
file 5 has been read from HDFS for 2 time
diff succeed!
file 5 has been read from HDFS for 3 time
diff succeed!
file 5 has been read from HDFS for 4 time
diff succeed!
file 5 has been read from HDFS for 5 time
diff succeed!
file 5 has been read from HDFS for 6 time
diff succeed!
file 5 has been read from HDFS for 7 time
diff succeed!
file 5 has been read from HDFS for 8 time
diff succeed!
file 5 has been read from HDFS for 9 time
diff succeed!
file 5 has been read from HDFS for 10 time
diff succeed!
Deleted /myfile5
file 5 has been removed from HDFS
Found 4 items
-rw-r--r--   3 root supergroup 1073741824 2019-03-26 08:52 /myfile1
-rw-r--r--   3 root supergroup 1073741824 2019-03-26 08:52 /myfile2
-rw-r--r--   3 root supergroup 1073741824 2019-03-26 08:52 /myfile3
-rw-r--r--   3 root supergroup 1073741824 2019-03-26 08:52 /myfile5
file 5 has been put into HDFS
file 5 has been read from HDFS for 1 time
diff succeed!
file 5 has been read from HDFS for 2 time
diff succeed!
file 5 has been read from HDFS for 3 time
diff succeed!
file 5 has been read from HDFS for 4 time
diff succeed!
file 5 has been read from HDFS for 5 time
diff succeed!
file 5 has been read from HDFS for 6 time
diff succeed!
file 5 has been read from HDFS for 7 time
diff succeed!
file 5 has been read from HDFS for 8 time
diff succeed!
file 5 has been read from HDFS for 9 time
diff succeed!
file 5 has been read from HDFS for 10 time
diff succeed!
Deleted /myfile5
file 5 has been removed from HDFS
Found 5 items
-rw-r--r--   3 root supergroup 1073741824 2019-03-26 08:54 /myfile1
-rw-r--r--   3 root supergroup 1073741824 2019-03-26 08:54 /myfile2
-rw-r--r--   3 root supergroup 1073741824 2019-03-26 08:53 /myfile3
-rw-r--r--   3 root supergroup 1073741824 2019-03-26 08:52 /myfile4
-rw-r--r--   3 root supergroup 1073741824 2019-03-26 08:54 /myfile5
file 5 has been put into HDFS
file 5 has been read from HDFS for 1 time
diff succeed!
file 5 has been read from HDFS for 2 time
diff succeed!
file 5 has been read from HDFS for 3 time
diff succeed!
file 5 has been read from HDFS for 4 time
diff succeed!
file 5 has been read from HDFS for 5 time
diff succeed!
file 5 has been read from HDFS for 6 time
diff succeed!
file 5 has been read from HDFS for 7 time
diff succeed!
file 5 has been read from HDFS for 8 time
diff succeed!
file 5 has been read from HDFS for 9 time
diff succeed!
file 5 has been read from HDFS for 10 time
diff succeed!
Deleted /myfile5
file 5 has been removed from HDFS
Found 5 items
-rw-r--r--   3 root supergroup 1073741824 2019-03-26 08:56 /myfile1
-rw-r--r--   3 root supergroup 1073741824 2019-03-26 08:56 /myfile2
-rw-r--r--   3 root supergroup 1073741824 2019-03-26 08:55 /myfile3
-rw-r--r--   3 root supergroup 1073741824 2019-03-26 08:55 /myfile4
-rw-r--r--   3 root supergroup 1073741824 2019-03-26 08:56 /myfile5
file 5 has been put into HDFS
file 5 has been read from HDFS for 1 time
diff succeed!
file 5 has been read from HDFS for 2 time
diff succeed!
file 5 has been read from HDFS for 3 time
diff succeed!
file 5 has been read from HDFS for 4 time
diff succeed!
file 5 has been read from HDFS for 5 time
diff succeed!
file 5 has been read from HDFS for 6 time
diff succeed!
file 5 has been read from HDFS for 7 time
diff succeed!
file 5 has been read from HDFS for 8 time
diff succeed!
file 5 has been read from HDFS for 9 time
diff succeed!
file 5 has been read from HDFS for 10 time
diff succeed!
Deleted /myfile5
file 5 has been removed from HDFS
Found 5 items
-rw-r--r--   3 root supergroup 1073741824 2019-03-26 08:57 /myfile1
-rw-r--r--   3 root supergroup 1073741824 2019-03-26 08:57 /myfile2
-rw-r--r--   3 root supergroup 1073741824 2019-03-26 08:57 /myfile3
-rw-r--r--   3 root supergroup 1073741824 2019-03-26 08:57 /myfile4
-rw-r--r--   3 root supergroup 1073741824 2019-03-26 08:57 /myfile5
file 5 has been put into HDFS
file 5 has been read from HDFS for 1 time
diff succeed!
file 5 has been read from HDFS for 2 time
diff succeed!
file 5 has been read from HDFS for 3 time
diff succeed!
file 5 has been read from HDFS for 4 time
diff succeed!
file 5 has been read from HDFS for 5 time
diff succeed!
file 5 has been read from HDFS for 6 time
diff succeed!
file 5 has been read from HDFS for 7 time
diff succeed!
file 5 has been read from HDFS for 8 time
diff succeed!
file 5 has been read from HDFS for 9 time
diff succeed!
file 5 has been read from HDFS for 10 time
diff succeed!
Deleted /myfile5
file 5 has been removed from HDFS
Found 5 items
-rw-r--r--   3 root supergroup 1073741824 2019-03-26 08:59 /myfile1
-rw-r--r--   3 root supergroup 1073741824 2019-03-26 08:59 /myfile2
-rw-r--r--   3 root supergroup 1073741824 2019-03-26 08:58 /myfile3
-rw-r--r--   3 root supergroup 1073741824 2019-03-26 08:58 /myfile4
-rw-r--r--   3 root supergroup 1073741824 2019-03-26 08:59 /myfile5
file 5 has been put into HDFS
file 5 has been read from HDFS for 1 time
diff succeed!
file 5 has been read from HDFS for 2 time
diff succeed!
file 5 has been read from HDFS for 3 time
diff succeed!
file 5 has been read from HDFS for 4 time
diff succeed!
file 5 has been read from HDFS for 5 time
diff succeed!
file 5 has been read from HDFS for 6 time
diff succeed!
file 5 has been read from HDFS for 7 time
diff succeed!
file 5 has been read from HDFS for 8 time
diff succeed!
file 5 has been read from HDFS for 9 time
diff succeed!
file 5 has been read from HDFS for 10 time
diff succeed!
Deleted /myfile5
file 5 has been removed from HDFS
Found 5 items
-rw-r--r--   3 root supergroup 1073741824 2019-03-26 09:01 /myfile1
-rw-r--r--   3 root supergroup 1073741824 2019-03-26 09:01 /myfile2
-rw-r--r--   3 root supergroup          0 2019-03-26 09:00 /myfile3._COPYING_
-rw-r--r--   3 root supergroup  939524096 2019-03-26 09:00 /myfile4._COPYING_
-rw-r--r--   3 root supergroup 1073741824 2019-03-26 09:01 /myfile5
file 5 has been put into HDFS
file 5 has been read from HDFS for 1 time
diff succeed!
file 5 has been read from HDFS for 2 time
diff succeed!
file 5 has been read from HDFS for 3 time
diff succeed!
file 5 has been read from HDFS for 4 time
diff succeed!
file 5 has been read from HDFS for 5 time
diff succeed!
file 5 has been read from HDFS for 6 time
diff succeed!
file 5 has been read from HDFS for 7 time
diff succeed!
file 5 has been read from HDFS for 8 time
diff succeed!
file 5 has been read from HDFS for 9 time
diff succeed!
file 5 has been read from HDFS for 10 time
diff succeed!
Deleted /myfile5
file 5 has been removed from HDFS
Found 5 items
-rw-r--r--   3 root supergroup 1073741824 2019-03-26 09:02 /myfile1
-rw-r--r--   3 root supergroup 1073741824 2019-03-26 09:02 /myfile2
-rw-r--r--   3 root supergroup 1073741824 2019-03-26 09:01 /myfile3
-rw-r--r--   3 root supergroup  805306368 2019-03-26 09:02 /myfile4._COPYING_
-rw-r--r--   3 root supergroup 1073741824 2019-03-26 09:02 /myfile5
file 5 has been put into HDFS
file 5 has been read from HDFS for 1 time
diff succeed!
file 5 has been read from HDFS for 2 time
diff succeed!
file 5 has been read from HDFS for 3 time
diff succeed!
file 5 has been read from HDFS for 4 time
diff succeed!
file 5 has been read from HDFS for 5 time
diff succeed!
file 5 has been read from HDFS for 6 time
diff succeed!
file 5 has been read from HDFS for 7 time
diff succeed!
file 5 has been read from HDFS for 8 time
diff succeed!
file 5 has been read from HDFS for 9 time
diff succeed!
file 5 has been read from HDFS for 10 time
diff succeed!
Deleted /myfile5
file 5 has been removed from HDFS
Found 5 items
-rw-r--r--   3 root supergroup 1073741824 2019-03-26 09:04 /myfile1
-rw-r--r--   3 root supergroup 1073741824 2019-03-26 09:04 /myfile2
-rw-r--r--   3 root supergroup          0 2019-03-26 09:04 /myfile3._COPYING_
-rw-r--r--   3 root supergroup 1073741824 2019-03-26 09:04 /myfile4
-rw-r--r--   3 root supergroup 1073741824 2019-03-26 09:04 /myfile5
file 5 has been put into HDFS
file 5 has been read from HDFS for 1 time
diff succeed!
file 5 has been read from HDFS for 2 time
diff succeed!
file 5 has been read from HDFS for 3 time
diff succeed!
file 5 has been read from HDFS for 4 time
diff succeed!
file 5 has been read from HDFS for 5 time
diff succeed!
