Found 5 items
-rw-r--r--   3 root supergroup 1073741824 2019-03-21 23:00 /myfile1
-rw-r--r--   3 root supergroup 1073741824 2019-03-21 23:00 /myfile2
-rw-r--r--   3 root supergroup 1073741824 2019-03-21 23:00 /myfile3
-rw-r--r--   3 root supergroup 1073741824 2019-03-21 23:00 /myfile4
-rw-r--r--   3 root supergroup 1073741824 2019-03-21 23:00 /myfile5
file 4 has been put into HDFS
file 4 has been read from HDFS for 1 time
diff succeed!
file 4 has been read from HDFS for 2 time
diff succeed!
file 4 has been read from HDFS for 3 time
diff succeed!
file 4 has been read from HDFS for 4 time
diff succeed!
file 4 has been read from HDFS for 5 time
diff succeed!
file 4 has been read from HDFS for 6 time
diff succeed!
file 4 has been read from HDFS for 7 time
diff succeed!
file 4 has been read from HDFS for 8 time
diff succeed!
file 4 has been read from HDFS for 9 time
diff succeed!
file 4 has been read from HDFS for 10 time
diff succeed!
Deleted /myfile4
file 4 has been removed from HDFS
Found 5 items
-rw-r--r--   3 root supergroup 1073741824 2019-03-21 23:02 /myfile1
-rw-r--r--   3 root supergroup 1073741824 2019-03-21 23:03 /myfile2
-rw-r--r--   3 root supergroup  402653184 2019-03-21 23:03 /myfile3._COPYING_
-rw-r--r--   3 root supergroup 1073741824 2019-03-21 23:03 /myfile4
-rw-r--r--   3 root supergroup 1073741824 2019-03-21 23:03 /myfile5
file 4 has been put into HDFS
file 4 has been read from HDFS for 1 time
diff succeed!
file 4 has been read from HDFS for 2 time
diff succeed!
file 4 has been read from HDFS for 3 time
diff succeed!
file 4 has been read from HDFS for 4 time
diff succeed!
file 4 has been read from HDFS for 5 time
diff succeed!
file 4 has been read from HDFS for 6 time
diff succeed!
file 4 has been read from HDFS for 7 time
diff succeed!
file 4 has been read from HDFS for 8 time
diff succeed!
file 4 has been read from HDFS for 9 time
diff succeed!
file 4 has been read from HDFS for 10 time
diff succeed!
Deleted /myfile4
file 4 has been removed from HDFS
Found 5 items
-rw-r--r--   3 root supergroup 1073741824 2019-03-21 23:04 /myfile1
-rw-r--r--   3 root supergroup 1073741824 2019-03-21 23:04 /myfile2
-rw-r--r--   3 root supergroup 1073741824 2019-03-21 23:05 /myfile3
-rw-r--r--   3 root supergroup 1073741824 2019-03-21 23:05 /myfile4
-rw-r--r--   3 root supergroup 1073741824 2019-03-21 23:05 /myfile5
file 4 has been put into HDFS
file 4 has been read from HDFS for 1 time
diff succeed!
file 4 has been read from HDFS for 2 time
diff succeed!
file 4 has been read from HDFS for 3 time
diff succeed!
file 4 has been read from HDFS for 4 time
diff succeed!
file 4 has been read from HDFS for 5 time
diff succeed!
file 4 has been read from HDFS for 6 time
diff succeed!
file 4 has been read from HDFS for 7 time
diff succeed!
file 4 has been read from HDFS for 8 time
diff succeed!
file 4 has been read from HDFS for 9 time
diff succeed!
file 4 has been read from HDFS for 10 time
diff succeed!
Deleted /myfile4
file 4 has been removed from HDFS
Found 5 items
-rw-r--r--   3 root supergroup 1073741824 2019-03-21 23:06 /myfile1
-rw-r--r--   3 root supergroup 1073741824 2019-03-21 23:06 /myfile2
-rw-r--r--   3 root supergroup 1073741824 2019-03-21 23:06 /myfile3
-rw-r--r--   3 root supergroup 1073741824 2019-03-21 23:06 /myfile4
-rw-r--r--   3 root supergroup 1073741824 2019-03-21 23:06 /myfile5
file 4 has been put into HDFS
file 4 has been read from HDFS for 1 time
diff succeed!
file 4 has been read from HDFS for 2 time
diff succeed!
file 4 has been read from HDFS for 3 time
diff succeed!
file 4 has been read from HDFS for 4 time
diff succeed!
file 4 has been read from HDFS for 5 time
diff succeed!
file 4 has been read from HDFS for 6 time
diff succeed!
file 4 has been read from HDFS for 7 time
diff succeed!
file 4 has been read from HDFS for 8 time
diff succeed!
file 4 has been read from HDFS for 9 time
diff succeed!
file 4 has been read from HDFS for 10 time
diff succeed!
Deleted /myfile4
file 4 has been removed from HDFS
Found 5 items
-rw-r--r--   3 root supergroup 1073741824 2019-03-21 23:07 /myfile1
-rw-r--r--   3 root supergroup 1073741824 2019-03-21 23:07 /myfile2
-rw-r--r--   3 root supergroup 1073741824 2019-03-21 23:08 /myfile3
-rw-r--r--   3 root supergroup 1073741824 2019-03-21 23:08 /myfile4
-rw-r--r--   3 root supergroup 1073741824 2019-03-21 23:08 /myfile5
file 4 has been put into HDFS
file 4 has been read from HDFS for 1 time
diff succeed!
file 4 has been read from HDFS for 2 time
diff succeed!
file 4 has been read from HDFS for 3 time
diff succeed!
file 4 has been read from HDFS for 4 time
diff succeed!
file 4 has been read from HDFS for 5 time
diff succeed!
file 4 has been read from HDFS for 6 time
diff succeed!
file 4 has been read from HDFS for 7 time
diff succeed!
file 4 has been read from HDFS for 8 time
diff succeed!
file 4 has been read from HDFS for 9 time
diff succeed!
file 4 has been read from HDFS for 10 time
diff succeed!
Deleted /myfile4
file 4 has been removed from HDFS
Found 5 items
-rw-r--r--   3 root supergroup 1073741824 2019-03-21 23:09 /myfile1
-rw-r--r--   3 root supergroup 1073741824 2019-03-21 23:09 /myfile2
-rw-r--r--   3 root supergroup 1073741824 2019-03-21 23:10 /myfile3
-rw-r--r--   3 root supergroup 1073741824 2019-03-21 23:10 /myfile4
-rw-r--r--   3 root supergroup 1073741824 2019-03-21 23:10 /myfile5
file 4 has been put into HDFS
file 4 has been read from HDFS for 1 time
diff succeed!
file 4 has been read from HDFS for 2 time
diff succeed!
file 4 has been read from HDFS for 3 time
diff succeed!
file 4 has been read from HDFS for 4 time
diff succeed!
file 4 has been read from HDFS for 5 time
diff succeed!
2019-03-21 23:11:08,404 INFO  retry.RetryInvocationHandler RetryInvocationHandler.java:log:411 - org.apache.hadoop.ipc.RemoteException(org.apache.hadoop.ipc.StandbyException): Operation category READ is not supported in state standby. Visit https://s.apache.org/sbnn-error
	at org.apache.hadoop.hdfs.server.namenode.ha.StandbyState.checkOperation(StandbyState.java:88)
	at org.apache.hadoop.hdfs.server.namenode.NameNode$NameNodeHAContext.checkOperation(NameNode.java:1952)
	at org.apache.hadoop.hdfs.server.namenode.FSNamesystem.checkOperation(FSNamesystem.java:1423)
	at org.apache.hadoop.hdfs.server.namenode.FSNamesystem.getFileInfo(FSNamesystem.java:3085)
	at org.apache.hadoop.hdfs.server.namenode.NameNodeRpcServer.getFileInfo(NameNodeRpcServer.java:1154)
	at org.apache.hadoop.hdfs.protocolPB.ClientNamenodeProtocolServerSideTranslatorPB.getFileInfo(ClientNamenodeProtocolServerSideTranslatorPB.java:966)
	at org.apache.hadoop.hdfs.protocol.proto.ClientNamenodeProtocolProtos$ClientNamenodeProtocol$2.callBlockingMethod(ClientNamenodeProtocolProtos.java)
	at org.apache.hadoop.ipc.ProtobufRpcEngine$Server$ProtoBufRpcInvoker.call(ProtobufRpcEngine.java:523)
	at org.apache.hadoop.ipc.RPC$Server.call(RPC.java:991)
	at org.apache.hadoop.ipc.Server$RpcCall.run(Server.java:872)
	at org.apache.hadoop.ipc.Server$RpcCall.run(Server.java:818)
	at java.security.AccessController.doPrivileged(Native Method)
	at javax.security.auth.Subject.doAs(Subject.java:422)
	at org.apache.hadoop.security.UserGroupInformation.doAs(UserGroupInformation.java:1729)
	at org.apache.hadoop.ipc.Server$Handler.run(Server.java:2678)
, while invoking ClientNamenodeProtocolTranslatorPB.getFileInfo over node-1-link-0/10.10.1.4:8020 after 1 failover attempts. Trying to failover after sleeping for 1435ms.
2019-03-21 23:11:09,847 INFO  retry.RetryInvocationHandler RetryInvocationHandler.java:log:411 - java.net.ConnectException: Call From clnode087.clemson.cloudlab.us/130.127.133.96 to node-0-link-0:8020 failed on connection exception: java.net.ConnectException: Connection refused; For more details see:  http://wiki.apache.org/hadoop/ConnectionRefused, while invoking ClientNamenodeProtocolTranslatorPB.getFileInfo over node-0-link-0/10.10.1.1:8020 after 2 failover attempts. Trying to failover after sleeping for 2387ms.
file 4 has been read from HDFS for 6 time
diff succeed!
file 4 has been read from HDFS for 7 time
diff succeed!
file 4 has been read from HDFS for 8 time
diff succeed!
file 4 has been read from HDFS for 9 time
diff succeed!
file 4 has been read from HDFS for 10 time
diff succeed!
Deleted /myfile4
file 4 has been removed from HDFS
Found 5 items
-rw-r--r--   3 root supergroup 1073741824 2019-03-21 23:11 /myfile1
-rw-r--r--   3 root supergroup 1073741824 2019-03-21 23:11 /myfile2
-rw-r--r--   3 root supergroup 1073741824 2019-03-21 23:12 /myfile3
-rw-r--r--   3 root supergroup 1073741824 2019-03-21 23:12 /myfile4
-rw-r--r--   3 root supergroup 1073741824 2019-03-21 23:12 /myfile5
file 4 has been put into HDFS
file 4 has been read from HDFS for 1 time
diff succeed!
file 4 has been read from HDFS for 2 time
diff succeed!
file 4 has been read from HDFS for 3 time
diff succeed!
file 4 has been read from HDFS for 4 time
diff succeed!
file 4 has been read from HDFS for 5 time
diff succeed!
file 4 has been read from HDFS for 6 time
diff succeed!
file 4 has been read from HDFS for 7 time
diff succeed!
file 4 has been read from HDFS for 8 time
diff succeed!
file 4 has been read from HDFS for 9 time
diff succeed!
file 4 has been read from HDFS for 10 time
diff succeed!
Deleted /myfile4
file 4 has been removed from HDFS
Found 5 items
-rw-r--r--   3 root supergroup 1073741824 2019-03-21 23:13 /myfile1
-rw-r--r--   3 root supergroup 1073741824 2019-03-21 23:13 /myfile2
-rw-r--r--   3 root supergroup 1073741824 2019-03-21 23:14 /myfile3
-rw-r--r--   3 root supergroup 1073741824 2019-03-21 23:15 /myfile4
-rw-r--r--   3 root supergroup 1073741824 2019-03-21 23:15 /myfile5
file 4 has been put into HDFS
file 4 has been read from HDFS for 1 time
diff succeed!
file 4 has been read from HDFS for 2 time
diff succeed!
file 4 has been read from HDFS for 3 time
diff succeed!
file 4 has been read from HDFS for 4 time
diff succeed!
file 4 has been read from HDFS for 5 time
diff succeed!
file 4 has been read from HDFS for 6 time
diff succeed!
file 4 has been read from HDFS for 7 time
diff succeed!
file 4 has been read from HDFS for 8 time
diff succeed!
file 4 has been read from HDFS for 9 time
diff succeed!
file 4 has been read from HDFS for 10 time
diff succeed!
Deleted /myfile4
file 4 has been removed from HDFS
Found 5 items
-rw-r--r--   3 root supergroup 1073741824 2019-03-21 23:17 /myfile1
-rw-r--r--   3 root supergroup 1073741824 2019-03-21 23:15 /myfile2
-rw-r--r--   3 root supergroup 1073741824 2019-03-21 23:15 /myfile3
-rw-r--r--   3 root supergroup 1073741824 2019-03-21 23:17 /myfile4
-rw-r--r--   3 root supergroup 1073741824 2019-03-21 23:16 /myfile5
file 4 has been put into HDFS
file 4 has been read from HDFS for 1 time
diff succeed!
file 4 has been read from HDFS for 2 time
diff succeed!
file 4 has been read from HDFS for 3 time
diff succeed!
file 4 has been read from HDFS for 4 time
diff succeed!
file 4 has been read from HDFS for 5 time
diff succeed!
file 4 has been read from HDFS for 6 time
diff succeed!
file 4 has been read from HDFS for 7 time
diff succeed!
file 4 has been read from HDFS for 8 time
diff succeed!
file 4 has been read from HDFS for 9 time
diff succeed!
file 4 has been read from HDFS for 10 time
diff succeed!
Deleted /myfile4
file 4 has been removed from HDFS
Found 5 items
-rw-r--r--   3 root supergroup 1073741824 2019-03-21 23:19 /myfile1
-rw-r--r--   3 root supergroup 1073741824 2019-03-21 23:18 /myfile2
-rw-r--r--   3 root supergroup 1073741824 2019-03-21 23:18 /myfile3
-rw-r--r--   3 root supergroup 1073741824 2019-03-21 23:19 /myfile4
-rw-r--r--   3 root supergroup 1073741824 2019-03-21 23:18 /myfile5
file 4 has been put into HDFS
file 4 has been read from HDFS for 1 time
diff succeed!
file 4 has been read from HDFS for 2 time
diff succeed!
file 4 has been read from HDFS for 3 time
diff succeed!
file 4 has been read from HDFS for 4 time
diff succeed!
file 4 has been read from HDFS for 5 time
diff succeed!
file 4 has been read from HDFS for 6 time
diff succeed!
file 4 has been read from HDFS for 7 time
diff succeed!
file 4 has been read from HDFS for 8 time
diff succeed!
file 4 has been read from HDFS for 9 time
diff succeed!
file 4 has been read from HDFS for 10 time
diff succeed!
Deleted /myfile4
file 4 has been removed from HDFS
Found 5 items
-rw-r--r--   3 root supergroup 1073741824 2019-03-21 23:20 /myfile1
-rw-r--r--   3 root supergroup 1073741824 2019-03-21 23:20 /myfile2
-rw-r--r--   3 root supergroup 1073741824 2019-03-21 23:19 /myfile3
-rw-r--r--   3 root supergroup 1073741824 2019-03-21 23:21 /myfile4
-rw-r--r--   3 root supergroup 1073741824 2019-03-21 23:20 /myfile5
file 4 has been put into HDFS
file 4 has been read from HDFS for 1 time
diff succeed!
file 4 has been read from HDFS for 2 time
diff succeed!
file 4 has been read from HDFS for 3 time
diff succeed!
file 4 has been read from HDFS for 4 time
diff succeed!
file 4 has been read from HDFS for 5 time
diff succeed!
2019-03-21 23:22:07,910 INFO  retry.RetryInvocationHandler RetryInvocationHandler.java:log:411 - org.apache.hadoop.ipc.RemoteException(org.apache.hadoop.ipc.StandbyException): Operation category READ is not supported in state standby. Visit https://s.apache.org/sbnn-error
	at org.apache.hadoop.hdfs.server.namenode.ha.StandbyState.checkOperation(StandbyState.java:88)
	at org.apache.hadoop.hdfs.server.namenode.NameNode$NameNodeHAContext.checkOperation(NameNode.java:1952)
	at org.apache.hadoop.hdfs.server.namenode.FSNamesystem.checkOperation(FSNamesystem.java:1423)
	at org.apache.hadoop.hdfs.server.namenode.FSNamesystem.getFileInfo(FSNamesystem.java:3085)
	at org.apache.hadoop.hdfs.server.namenode.NameNodeRpcServer.getFileInfo(NameNodeRpcServer.java:1154)
	at org.apache.hadoop.hdfs.protocolPB.ClientNamenodeProtocolServerSideTranslatorPB.getFileInfo(ClientNamenodeProtocolServerSideTranslatorPB.java:966)
	at org.apache.hadoop.hdfs.protocol.proto.ClientNamenodeProtocolProtos$ClientNamenodeProtocol$2.callBlockingMethod(ClientNamenodeProtocolProtos.java)
	at org.apache.hadoop.ipc.ProtobufRpcEngine$Server$ProtoBufRpcInvoker.call(ProtobufRpcEngine.java:523)
	at org.apache.hadoop.ipc.RPC$Server.call(RPC.java:991)
	at org.apache.hadoop.ipc.Server$RpcCall.run(Server.java:872)
	at org.apache.hadoop.ipc.Server$RpcCall.run(Server.java:818)
	at java.security.AccessController.doPrivileged(Native Method)
	at javax.security.auth.Subject.doAs(Subject.java:422)
	at org.apache.hadoop.security.UserGroupInformation.doAs(UserGroupInformation.java:1729)
	at org.apache.hadoop.ipc.Server$Handler.run(Server.java:2678)
, while invoking ClientNamenodeProtocolTranslatorPB.getFileInfo over node-1-link-0/10.10.1.4:8020 after 1 failover attempts. Trying to failover after sleeping for 1320ms.
2019-03-21 23:22:09,239 INFO  retry.RetryInvocationHandler RetryInvocationHandler.java:log:411 - java.net.ConnectException: Call From clnode087.clemson.cloudlab.us/130.127.133.96 to node-0-link-0:8020 failed on connection exception: java.net.ConnectException: Connection refused; For more details see:  http://wiki.apache.org/hadoop/ConnectionRefused, while invoking ClientNamenodeProtocolTranslatorPB.getFileInfo over node-0-link-0/10.10.1.1:8020 after 2 failover attempts. Trying to failover after sleeping for 1054ms.
file 4 has been read from HDFS for 6 time
diff succeed!
file 4 has been read from HDFS for 7 time
diff succeed!
file 4 has been read from HDFS for 8 time
diff succeed!
file 4 has been read from HDFS for 9 time
diff succeed!
file 4 has been read from HDFS for 10 time
diff succeed!
Deleted /myfile4
file 4 has been removed from HDFS
Found 4 items
-rw-r--r--   3 root supergroup 1073741824 2019-03-21 23:23 /myfile1
-rw-r--r--   3 root supergroup 1073741824 2019-03-21 23:22 /myfile2
-rw-r--r--   3 root supergroup 1073741824 2019-03-21 23:23 /myfile4
-rw-r--r--   3 root supergroup 1073741824 2019-03-21 23:21 /myfile5
file 4 has been put into HDFS
file 4 has been read from HDFS for 1 time
diff succeed!
file 4 has been read from HDFS for 2 time
diff succeed!
file 4 has been read from HDFS for 3 time
diff succeed!
file 4 has been read from HDFS for 4 time
diff succeed!
file 4 has been read from HDFS for 5 time
diff succeed!
file 4 has been read from HDFS for 6 time
diff succeed!
file 4 has been read from HDFS for 7 time
diff succeed!
file 4 has been read from HDFS for 8 time
diff succeed!
file 4 has been read from HDFS for 9 time
diff succeed!
file 4 has been read from HDFS for 10 time
diff succeed!
Deleted /myfile4
file 4 has been removed from HDFS
Found 3 items
-rw-r--r--   3 root supergroup 1073741824 2019-03-21 23:24 /myfile1
-rw-r--r--   3 root supergroup 1073741824 2019-03-21 23:24 /myfile2
-rw-r--r--   3 root supergroup 1073741824 2019-03-21 23:25 /myfile4
file 4 has been put into HDFS
file 4 has been read from HDFS for 1 time
diff succeed!
file 4 has been read from HDFS for 2 time
diff succeed!
file 4 has been read from HDFS for 3 time
diff succeed!
file 4 has been read from HDFS for 4 time
diff succeed!
file 4 has been read from HDFS for 5 time
diff succeed!
file 4 has been read from HDFS for 6 time
diff succeed!
file 4 has been read from HDFS for 7 time
diff succeed!
file 4 has been read from HDFS for 8 time
diff succeed!
file 4 has been read from HDFS for 9 time
diff succeed!
file 4 has been read from HDFS for 10 time
diff succeed!
Deleted /myfile4
file 4 has been removed from HDFS
Found 5 items
-rw-r--r--   3 root supergroup 1073741824 2019-03-21 23:27 /myfile1
-rw-r--r--   3 root supergroup 1073741824 2019-03-21 23:26 /myfile2
-rw-r--r--   3 root supergroup 1073741824 2019-03-21 23:27 /myfile3
-rw-r--r--   3 root supergroup 1073741824 2019-03-21 23:27 /myfile4
-rw-r--r--   3 root supergroup 1073741824 2019-03-21 23:27 /myfile5
file 4 has been put into HDFS
file 4 has been read from HDFS for 1 time
diff succeed!
file 4 has been read from HDFS for 2 time
diff succeed!
file 4 has been read from HDFS for 3 time
diff succeed!
file 4 has been read from HDFS for 4 time
diff succeed!
file 4 has been read from HDFS for 5 time
diff succeed!
file 4 has been read from HDFS for 6 time
diff succeed!
file 4 has been read from HDFS for 7 time
diff succeed!
file 4 has been read from HDFS for 8 time
diff succeed!
file 4 has been read from HDFS for 9 time
diff succeed!
file 4 has been read from HDFS for 10 time
diff succeed!
Deleted /myfile4
file 4 has been removed from HDFS
Found 5 items
-rw-r--r--   3 root supergroup 1073741824 2019-03-21 23:28 /myfile1
-rw-r--r--   3 root supergroup 1073741824 2019-03-21 23:28 /myfile2
-rw-r--r--   3 root supergroup 1073741824 2019-03-21 23:29 /myfile3
-rw-r--r--   3 root supergroup 1073741824 2019-03-21 23:29 /myfile4
-rw-r--r--   3 root supergroup 1073741824 2019-03-21 23:28 /myfile5
file 4 has been put into HDFS
file 4 has been read from HDFS for 1 time
diff succeed!
file 4 has been read from HDFS for 2 time
diff succeed!
file 4 has been read from HDFS for 3 time
diff succeed!
file 4 has been read from HDFS for 4 time
diff succeed!
file 4 has been read from HDFS for 5 time
diff succeed!
file 4 has been read from HDFS for 6 time
diff succeed!
file 4 has been read from HDFS for 7 time
diff succeed!
file 4 has been read from HDFS for 8 time
diff succeed!
file 4 has been read from HDFS for 9 time
diff succeed!
file 4 has been read from HDFS for 10 time
diff succeed!
Deleted /myfile4
file 4 has been removed from HDFS
Found 5 items
-rw-r--r--   3 root supergroup 1073741824 2019-03-21 23:30 /myfile1
-rw-r--r--   3 root supergroup 1073741824 2019-03-21 23:30 /myfile2
-rw-r--r--   3 root supergroup 1073741824 2019-03-21 23:31 /myfile3
-rw-r--r--   3 root supergroup 1073741824 2019-03-21 23:31 /myfile4
-rw-r--r--   3 root supergroup 1073741824 2019-03-21 23:30 /myfile5
file 4 has been put into HDFS
file 4 has been read from HDFS for 1 time
diff succeed!
file 4 has been read from HDFS for 2 time
diff succeed!
file 4 has been read from HDFS for 3 time
diff succeed!
file 4 has been read from HDFS for 4 time
diff succeed!
file 4 has been read from HDFS for 5 time
diff succeed!
file 4 has been read from HDFS for 6 time
diff succeed!
file 4 has been read from HDFS for 7 time
diff succeed!
file 4 has been read from HDFS for 8 time
diff succeed!
file 4 has been read from HDFS for 9 time
diff succeed!
file 4 has been read from HDFS for 10 time
diff succeed!
Deleted /myfile4
file 4 has been removed from HDFS
2019-03-21 23:32:53,105 INFO  retry.RetryInvocationHandler RetryInvocationHandler.java:log:411 - java.io.EOFException: End of File Exception between local host is: "clnode087.clemson.cloudlab.us/130.127.133.96"; destination host is: "node-0-link-0":8020; : java.io.EOFException; For more details see:  http://wiki.apache.org/hadoop/EOFException, while invoking ClientNamenodeProtocolTranslatorPB.addBlock over node-0-link-0/10.10.1.1:8020. Trying to failover immediately.
2019-03-21 23:32:53,146 INFO  retry.RetryInvocationHandler RetryInvocationHandler.java:log:411 - org.apache.hadoop.ipc.RemoteException(org.apache.hadoop.ipc.StandbyException): Operation category READ is not supported in state standby. Visit https://s.apache.org/sbnn-error
	at org.apache.hadoop.hdfs.server.namenode.ha.StandbyState.checkOperation(StandbyState.java:88)
	at org.apache.hadoop.hdfs.server.namenode.NameNode$NameNodeHAContext.checkOperation(NameNode.java:1952)
	at org.apache.hadoop.hdfs.server.namenode.FSNamesystem.checkOperation(FSNamesystem.java:1423)
	at org.apache.hadoop.hdfs.server.namenode.FSNamesystem.getAdditionalBlock(FSNamesystem.java:2674)
	at org.apache.hadoop.hdfs.server.namenode.NameNodeRpcServer.addBlock(NameNodeRpcServer.java:875)
	at org.apache.hadoop.hdfs.protocolPB.ClientNamenodeProtocolServerSideTranslatorPB.addBlock(ClientNamenodeProtocolServerSideTranslatorPB.java:561)
	at org.apache.hadoop.hdfs.protocol.proto.ClientNamenodeProtocolProtos$ClientNamenodeProtocol$2.callBlockingMethod(ClientNamenodeProtocolProtos.java)
	at org.apache.hadoop.ipc.ProtobufRpcEngine$Server$ProtoBufRpcInvoker.call(ProtobufRpcEngine.java:523)
	at org.apache.hadoop.ipc.RPC$Server.call(RPC.java:991)
	at org.apache.hadoop.ipc.Server$RpcCall.run(Server.java:872)
	at org.apache.hadoop.ipc.Server$RpcCall.run(Server.java:818)
	at java.security.AccessController.doPrivileged(Native Method)
	at javax.security.auth.Subject.doAs(Subject.java:422)
	at org.apache.hadoop.security.UserGroupInformation.doAs(UserGroupInformation.java:1729)
	at org.apache.hadoop.ipc.Server$Handler.run(Server.java:2678)
, while invoking ClientNamenodeProtocolTranslatorPB.addBlock over node-1-link-0/10.10.1.4:8020 after 1 failover attempts. Trying to failover after sleeping for 576ms.
2019-03-21 23:32:53,730 INFO  retry.RetryInvocationHandler RetryInvocationHandler.java:log:411 - java.net.ConnectException: Call From clnode087.clemson.cloudlab.us/130.127.133.96 to node-0-link-0:8020 failed on connection exception: java.net.ConnectException: Connection refused; For more details see:  http://wiki.apache.org/hadoop/ConnectionRefused, while invoking ClientNamenodeProtocolTranslatorPB.addBlock over node-0-link-0/10.10.1.1:8020 after 2 failover attempts. Trying to failover after sleeping for 1094ms.
2019-03-21 23:32:54,827 INFO  retry.RetryInvocationHandler RetryInvocationHandler.java:log:411 - org.apache.hadoop.ipc.RemoteException(org.apache.hadoop.ipc.StandbyException): Operation category READ is not supported in state standby. Visit https://s.apache.org/sbnn-error
	at org.apache.hadoop.hdfs.server.namenode.ha.StandbyState.checkOperation(StandbyState.java:88)
	at org.apache.hadoop.hdfs.server.namenode.NameNode$NameNodeHAContext.checkOperation(NameNode.java:1952)
	at org.apache.hadoop.hdfs.server.namenode.FSNamesystem.checkOperation(FSNamesystem.java:1423)
	at org.apache.hadoop.hdfs.server.namenode.FSNamesystem.getAdditionalBlock(FSNamesystem.java:2674)
	at org.apache.hadoop.hdfs.server.namenode.NameNodeRpcServer.addBlock(NameNodeRpcServer.java:875)
	at org.apache.hadoop.hdfs.protocolPB.ClientNamenodeProtocolServerSideTranslatorPB.addBlock(ClientNamenodeProtocolServerSideTranslatorPB.java:561)
	at org.apache.hadoop.hdfs.protocol.proto.ClientNamenodeProtocolProtos$ClientNamenodeProtocol$2.callBlockingMethod(ClientNamenodeProtocolProtos.java)
	at org.apache.hadoop.ipc.ProtobufRpcEngine$Server$ProtoBufRpcInvoker.call(ProtobufRpcEngine.java:523)
	at org.apache.hadoop.ipc.RPC$Server.call(RPC.java:991)
	at org.apache.hadoop.ipc.Server$RpcCall.run(Server.java:872)
	at org.apache.hadoop.ipc.Server$RpcCall.run(Server.java:818)
	at java.security.AccessController.doPrivileged(Native Method)
	at javax.security.auth.Subject.doAs(Subject.java:422)
	at org.apache.hadoop.security.UserGroupInformation.doAs(UserGroupInformation.java:1729)
	at org.apache.hadoop.ipc.Server$Handler.run(Server.java:2678)
, while invoking ClientNamenodeProtocolTranslatorPB.addBlock over node-1-link-0/10.10.1.4:8020 after 3 failover attempts. Trying to failover after sleeping for 5267ms.
2019-03-21 23:33:00,098 INFO  retry.RetryInvocationHandler RetryInvocationHandler.java:log:411 - java.net.ConnectException: Call From clnode087.clemson.cloudlab.us/130.127.133.96 to node-0-link-0:8020 failed on connection exception: java.net.ConnectException: Connection refused; For more details see:  http://wiki.apache.org/hadoop/ConnectionRefused, while invoking ClientNamenodeProtocolTranslatorPB.addBlock over node-0-link-0/10.10.1.1:8020 after 4 failover attempts. Trying to failover after sleeping for 4795ms.
2019-03-21 23:33:04,898 INFO  retry.RetryInvocationHandler RetryInvocationHandler.java:log:411 - org.apache.hadoop.ipc.RemoteException(org.apache.hadoop.ipc.RetriableException): org.apache.hadoop.hdfs.server.namenode.SafeModeException: Cannot add block to /myfile4._COPYING_. Name node is in safe mode.
The reported blocks 26 has reached the threshold 0.9990 of total blocks 26. The number of live datanodes 4 has reached the minimum number 0. In safe mode extension. Safe mode will be turned off automatically in 20 seconds. NamenodeHostName:node-1-link-0
	at org.apache.hadoop.hdfs.server.namenode.FSNamesystem.checkNameNodeSafeMode(FSNamesystem.java:1441)
	at org.apache.hadoop.hdfs.server.namenode.FSDirWriteFileOp.analyzeFileState(FSDirWriteFileOp.java:591)
	at org.apache.hadoop.hdfs.server.namenode.FSDirWriteFileOp.validateAddBlock(FSDirWriteFileOp.java:172)
	at org.apache.hadoop.hdfs.server.namenode.FSNamesystem.getAdditionalBlock(FSNamesystem.java:2679)
	at org.apache.hadoop.hdfs.server.namenode.NameNodeRpcServer.addBlock(NameNodeRpcServer.java:875)
	at org.apache.hadoop.hdfs.protocolPB.ClientNamenodeProtocolServerSideTranslatorPB.addBlock(ClientNamenodeProtocolServerSideTranslatorPB.java:561)
	at org.apache.hadoop.hdfs.protocol.proto.ClientNamenodeProtocolProtos$ClientNamenodeProtocol$2.callBlockingMethod(ClientNamenodeProtocolProtos.java)
	at org.apache.hadoop.ipc.ProtobufRpcEngine$Server$ProtoBufRpcInvoker.call(ProtobufRpcEngine.java:523)
	at org.apache.hadoop.ipc.RPC$Server.call(RPC.java:991)
	at org.apache.hadoop.ipc.Server$RpcCall.run(Server.java:872)
	at org.apache.hadoop.ipc.Server$RpcCall.run(Server.java:818)
	at java.security.AccessController.doPrivileged(Native Method)
	at javax.security.auth.Subject.doAs(Subject.java:422)
	at org.apache.hadoop.security.UserGroupInformation.doAs(UserGroupInformation.java:1729)
	at org.apache.hadoop.ipc.Server$Handler.run(Server.java:2678)
Caused by: org.apache.hadoop.hdfs.server.namenode.SafeModeException: Cannot add block to /myfile4._COPYING_. Name node is in safe mode.
The reported blocks 26 has reached the threshold 0.9990 of total blocks 26. The number of live datanodes 4 has reached the minimum number 0. In safe mode extension. Safe mode will be turned off automatically in 20 seconds. NamenodeHostName:node-1-link-0
	at org.apache.hadoop.hdfs.server.namenode.FSNamesystem.newSafemodeException(FSNamesystem.java:1450)
	at org.apache.hadoop.hdfs.server.namenode.FSNamesystem.checkNameNodeSafeMode(FSNamesystem.java:1437)
	... 14 more
, while invoking ClientNamenodeProtocolTranslatorPB.addBlock over node-1-link-0/10.10.1.4:8020 after 5 failover attempts. Retrying after sleeping for 15562ms.
2019-03-21 23:33:17,191 INFO  retry.RetryInvocationHandler RetryInvocationHandler.java:log:411 - org.apache.hadoop.ipc.RemoteException(org.apache.hadoop.ipc.RetriableException): org.apache.hadoop.hdfs.server.namenode.SafeModeException: Cannot renew lease for DFSClient_NONMAPREDUCE_-1042732669_1. Name node is in safe mode.
The reported blocks 26 has reached the threshold 0.9990 of total blocks 26. The number of live datanodes 4 has reached the minimum number 0. In safe mode extension. Safe mode will be turned off automatically in 8 seconds. NamenodeHostName:node-1-link-0
	at org.apache.hadoop.hdfs.server.namenode.FSNamesystem.checkNameNodeSafeMode(FSNamesystem.java:1441)
	at org.apache.hadoop.hdfs.server.namenode.FSNamesystem.renewLease(FSNamesystem.java:3744)
	at org.apache.hadoop.hdfs.server.namenode.NameNodeRpcServer.renewLease(NameNodeRpcServer.java:1134)
	at org.apache.hadoop.hdfs.protocolPB.ClientNamenodeProtocolServerSideTranslatorPB.renewLease(ClientNamenodeProtocolServerSideTranslatorPB.java:737)
	at org.apache.hadoop.hdfs.protocol.proto.ClientNamenodeProtocolProtos$ClientNamenodeProtocol$2.callBlockingMethod(ClientNamenodeProtocolProtos.java)
	at org.apache.hadoop.ipc.ProtobufRpcEngine$Server$ProtoBufRpcInvoker.call(ProtobufRpcEngine.java:523)
	at org.apache.hadoop.ipc.RPC$Server.call(RPC.java:991)
	at org.apache.hadoop.ipc.Server$RpcCall.run(Server.java:872)
	at org.apache.hadoop.ipc.Server$RpcCall.run(Server.java:818)
	at java.security.AccessController.doPrivileged(Native Method)
	at javax.security.auth.Subject.doAs(Subject.java:422)
	at org.apache.hadoop.security.UserGroupInformation.doAs(UserGroupInformation.java:1729)
	at org.apache.hadoop.ipc.Server$Handler.run(Server.java:2678)
Caused by: org.apache.hadoop.hdfs.server.namenode.SafeModeException: Cannot renew lease for DFSClient_NONMAPREDUCE_-1042732669_1. Name node is in safe mode.
The reported blocks 26 has reached the threshold 0.9990 of total blocks 26. The number of live datanodes 4 has reached the minimum number 0. In safe mode extension. Safe mode will be turned off automatically in 8 seconds. NamenodeHostName:node-1-link-0
	at org.apache.hadoop.hdfs.server.namenode.FSNamesystem.newSafemodeException(FSNamesystem.java:1450)
	at org.apache.hadoop.hdfs.server.namenode.FSNamesystem.checkNameNodeSafeMode(FSNamesystem.java:1437)
	... 12 more
, while invoking ClientNamenodeProtocolTranslatorPB.renewLease over node-1-link-0/10.10.1.4:8020. Retrying immediately.
2019-03-21 23:33:17,194 INFO  retry.RetryInvocationHandler RetryInvocationHandler.java:log:411 - org.apache.hadoop.ipc.RemoteException(org.apache.hadoop.ipc.RetriableException): org.apache.hadoop.hdfs.server.namenode.SafeModeException: Cannot renew lease for DFSClient_NONMAPREDUCE_-1042732669_1. Name node is in safe mode.
The reported blocks 26 has reached the threshold 0.9990 of total blocks 26. The number of live datanodes 4 has reached the minimum number 0. In safe mode extension. Safe mode will be turned off automatically in 8 seconds. NamenodeHostName:node-1-link-0
	at org.apache.hadoop.hdfs.server.namenode.FSNamesystem.checkNameNodeSafeMode(FSNamesystem.java:1441)
	at org.apache.hadoop.hdfs.server.namenode.FSNamesystem.renewLease(FSNamesystem.java:3744)
	at org.apache.hadoop.hdfs.server.namenode.NameNodeRpcServer.renewLease(NameNodeRpcServer.java:1134)
	at org.apache.hadoop.hdfs.protocolPB.ClientNamenodeProtocolServerSideTranslatorPB.renewLease(ClientNamenodeProtocolServerSideTranslatorPB.java:737)
	at org.apache.hadoop.hdfs.protocol.proto.ClientNamenodeProtocolProtos$ClientNamenodeProtocol$2.callBlockingMethod(ClientNamenodeProtocolProtos.java)
	at org.apache.hadoop.ipc.ProtobufRpcEngine$Server$ProtoBufRpcInvoker.call(ProtobufRpcEngine.java:523)
	at org.apache.hadoop.ipc.RPC$Server.call(RPC.java:991)
	at org.apache.hadoop.ipc.Server$RpcCall.run(Server.java:872)
	at org.apache.hadoop.ipc.Server$RpcCall.run(Server.java:818)
	at java.security.AccessController.doPrivileged(Native Method)
	at javax.security.auth.Subject.doAs(Subject.java:422)
	at org.apache.hadoop.security.UserGroupInformation.doAs(UserGroupInformation.java:1729)
	at org.apache.hadoop.ipc.Server$Handler.run(Server.java:2678)
Caused by: org.apache.hadoop.hdfs.server.namenode.SafeModeException: Cannot renew lease for DFSClient_NONMAPREDUCE_-1042732669_1. Name node is in safe mode.
The reported blocks 26 has reached the threshold 0.9990 of total blocks 26. The number of live datanodes 4 has reached the minimum number 0. In safe mode extension. Safe mode will be turned off automatically in 8 seconds. NamenodeHostName:node-1-link-0
	at org.apache.hadoop.hdfs.server.namenode.FSNamesystem.newSafemodeException(FSNamesystem.java:1450)
	at org.apache.hadoop.hdfs.server.namenode.FSNamesystem.checkNameNodeSafeMode(FSNamesystem.java:1437)
	... 12 more
, while invoking ClientNamenodeProtocolTranslatorPB.renewLease over node-1-link-0/10.10.1.4:8020. Retrying after sleeping for 977ms.
2019-03-21 23:33:18,174 INFO  retry.RetryInvocationHandler RetryInvocationHandler.java:log:411 - org.apache.hadoop.ipc.RemoteException(org.apache.hadoop.ipc.RetriableException): org.apache.hadoop.hdfs.server.namenode.SafeModeException: Cannot renew lease for DFSClient_NONMAPREDUCE_-1042732669_1. Name node is in safe mode.
The reported blocks 26 has reached the threshold 0.9990 of total blocks 26. The number of live datanodes 4 has reached the minimum number 0. In safe mode extension. Safe mode will be turned off automatically in 7 seconds. NamenodeHostName:node-1-link-0
	at org.apache.hadoop.hdfs.server.namenode.FSNamesystem.checkNameNodeSafeMode(FSNamesystem.java:1441)
	at org.apache.hadoop.hdfs.server.namenode.FSNamesystem.renewLease(FSNamesystem.java:3744)
	at org.apache.hadoop.hdfs.server.namenode.NameNodeRpcServer.renewLease(NameNodeRpcServer.java:1134)
	at org.apache.hadoop.hdfs.protocolPB.ClientNamenodeProtocolServerSideTranslatorPB.renewLease(ClientNamenodeProtocolServerSideTranslatorPB.java:737)
	at org.apache.hadoop.hdfs.protocol.proto.ClientNamenodeProtocolProtos$ClientNamenodeProtocol$2.callBlockingMethod(ClientNamenodeProtocolProtos.java)
	at org.apache.hadoop.ipc.ProtobufRpcEngine$Server$ProtoBufRpcInvoker.call(ProtobufRpcEngine.java:523)
	at org.apache.hadoop.ipc.RPC$Server.call(RPC.java:991)
	at org.apache.hadoop.ipc.Server$RpcCall.run(Server.java:872)
	at org.apache.hadoop.ipc.Server$RpcCall.run(Server.java:818)
	at java.security.AccessController.doPrivileged(Native Method)
	at javax.security.auth.Subject.doAs(Subject.java:422)
	at org.apache.hadoop.security.UserGroupInformation.doAs(UserGroupInformation.java:1729)
	at org.apache.hadoop.ipc.Server$Handler.run(Server.java:2678)
Caused by: org.apache.hadoop.hdfs.server.namenode.SafeModeException: Cannot renew lease for DFSClient_NONMAPREDUCE_-1042732669_1. Name node is in safe mode.
The reported blocks 26 has reached the threshold 0.9990 of total blocks 26. The number of live datanodes 4 has reached the minimum number 0. In safe mode extension. Safe mode will be turned off automatically in 7 seconds. NamenodeHostName:node-1-link-0
	at org.apache.hadoop.hdfs.server.namenode.FSNamesystem.newSafemodeException(FSNamesystem.java:1450)
	at org.apache.hadoop.hdfs.server.namenode.FSNamesystem.checkNameNodeSafeMode(FSNamesystem.java:1437)
	... 12 more
, while invoking ClientNamenodeProtocolTranslatorPB.renewLease over node-1-link-0/10.10.1.4:8020. Retrying after sleeping for 1618ms.
2019-03-21 23:33:19,795 INFO  retry.RetryInvocationHandler RetryInvocationHandler.java:log:411 - org.apache.hadoop.ipc.RemoteException(org.apache.hadoop.ipc.RetriableException): org.apache.hadoop.hdfs.server.namenode.SafeModeException: Cannot renew lease for DFSClient_NONMAPREDUCE_-1042732669_1. Name node is in safe mode.
The reported blocks 26 has reached the threshold 0.9990 of total blocks 26. The number of live datanodes 4 has reached the minimum number 0. In safe mode extension. Safe mode will be turned off automatically in 5 seconds. NamenodeHostName:node-1-link-0
	at org.apache.hadoop.hdfs.server.namenode.FSNamesystem.checkNameNodeSafeMode(FSNamesystem.java:1441)
	at org.apache.hadoop.hdfs.server.namenode.FSNamesystem.renewLease(FSNamesystem.java:3744)
	at org.apache.hadoop.hdfs.server.namenode.NameNodeRpcServer.renewLease(NameNodeRpcServer.java:1134)
	at org.apache.hadoop.hdfs.protocolPB.ClientNamenodeProtocolServerSideTranslatorPB.renewLease(ClientNamenodeProtocolServerSideTranslatorPB.java:737)
	at org.apache.hadoop.hdfs.protocol.proto.ClientNamenodeProtocolProtos$ClientNamenodeProtocol$2.callBlockingMethod(ClientNamenodeProtocolProtos.java)
	at org.apache.hadoop.ipc.ProtobufRpcEngine$Server$ProtoBufRpcInvoker.call(ProtobufRpcEngine.java:523)
	at org.apache.hadoop.ipc.RPC$Server.call(RPC.java:991)
	at org.apache.hadoop.ipc.Server$RpcCall.run(Server.java:872)
	at org.apache.hadoop.ipc.Server$RpcCall.run(Server.java:818)
	at java.security.AccessController.doPrivileged(Native Method)
	at javax.security.auth.Subject.doAs(Subject.java:422)
	at org.apache.hadoop.security.UserGroupInformation.doAs(UserGroupInformation.java:1729)
	at org.apache.hadoop.ipc.Server$Handler.run(Server.java:2678)
Caused by: org.apache.hadoop.hdfs.server.namenode.SafeModeException: Cannot renew lease for DFSClient_NONMAPREDUCE_-1042732669_1. Name node is in safe mode.
The reported blocks 26 has reached the threshold 0.9990 of total blocks 26. The number of live datanodes 4 has reached the minimum number 0. In safe mode extension. Safe mode will be turned off automatically in 5 seconds. NamenodeHostName:node-1-link-0
	at org.apache.hadoop.hdfs.server.namenode.FSNamesystem.newSafemodeException(FSNamesystem.java:1450)
	at org.apache.hadoop.hdfs.server.namenode.FSNamesystem.checkNameNodeSafeMode(FSNamesystem.java:1437)
	... 12 more
, while invoking ClientNamenodeProtocolTranslatorPB.renewLease over node-1-link-0/10.10.1.4:8020. Retrying after sleeping for 5558ms.
2019-03-21 23:33:20,463 INFO  retry.RetryInvocationHandler RetryInvocationHandler.java:log:411 - org.apache.hadoop.ipc.RemoteException(org.apache.hadoop.ipc.RetriableException): org.apache.hadoop.hdfs.server.namenode.SafeModeException: Cannot add block to /myfile4._COPYING_. Name node is in safe mode.
The reported blocks 26 has reached the threshold 0.9990 of total blocks 26. The number of live datanodes 4 has reached the minimum number 0. In safe mode extension. Safe mode will be turned off automatically in 4 seconds. NamenodeHostName:node-1-link-0
	at org.apache.hadoop.hdfs.server.namenode.FSNamesystem.checkNameNodeSafeMode(FSNamesystem.java:1441)
	at org.apache.hadoop.hdfs.server.namenode.FSDirWriteFileOp.analyzeFileState(FSDirWriteFileOp.java:591)
	at org.apache.hadoop.hdfs.server.namenode.FSDirWriteFileOp.validateAddBlock(FSDirWriteFileOp.java:172)
	at org.apache.hadoop.hdfs.server.namenode.FSNamesystem.getAdditionalBlock(FSNamesystem.java:2679)
	at org.apache.hadoop.hdfs.server.namenode.NameNodeRpcServer.addBlock(NameNodeRpcServer.java:875)
	at org.apache.hadoop.hdfs.protocolPB.ClientNamenodeProtocolServerSideTranslatorPB.addBlock(ClientNamenodeProtocolServerSideTranslatorPB.java:561)
	at org.apache.hadoop.hdfs.protocol.proto.ClientNamenodeProtocolProtos$ClientNamenodeProtocol$2.callBlockingMethod(ClientNamenodeProtocolProtos.java)
	at org.apache.hadoop.ipc.ProtobufRpcEngine$Server$ProtoBufRpcInvoker.call(ProtobufRpcEngine.java:523)
	at org.apache.hadoop.ipc.RPC$Server.call(RPC.java:991)
	at org.apache.hadoop.ipc.Server$RpcCall.run(Server.java:872)
	at org.apache.hadoop.ipc.Server$RpcCall.run(Server.java:818)
	at java.security.AccessController.doPrivileged(Native Method)
	at javax.security.auth.Subject.doAs(Subject.java:422)
	at org.apache.hadoop.security.UserGroupInformation.doAs(UserGroupInformation.java:1729)
	at org.apache.hadoop.ipc.Server$Handler.run(Server.java:2678)
Caused by: org.apache.hadoop.hdfs.server.namenode.SafeModeException: Cannot add block to /myfile4._COPYING_. Name node is in safe mode.
The reported blocks 26 has reached the threshold 0.9990 of total blocks 26. The number of live datanodes 4 has reached the minimum number 0. In safe mode extension. Safe mode will be turned off automatically in 4 seconds. NamenodeHostName:node-1-link-0
	at org.apache.hadoop.hdfs.server.namenode.FSNamesystem.newSafemodeException(FSNamesystem.java:1450)
	at org.apache.hadoop.hdfs.server.namenode.FSNamesystem.checkNameNodeSafeMode(FSNamesystem.java:1437)
	... 14 more
, while invoking ClientNamenodeProtocolTranslatorPB.addBlock over node-1-link-0/10.10.1.4:8020 after 5 failover attempts. Retrying after sleeping for 14498ms.
2019-03-21 23:33:25,356 INFO  retry.RetryInvocationHandler RetryInvocationHandler.java:log:411 - org.apache.hadoop.ipc.RemoteException(org.apache.hadoop.ipc.RetriableException): org.apache.hadoop.hdfs.server.namenode.SafeModeException: Cannot renew lease for DFSClient_NONMAPREDUCE_-1042732669_1. Name node is in safe mode.
The reported blocks 26 has reached the threshold 0.9990 of total blocks 26. The number of live datanodes 4 has reached the minimum number 0. In safe mode extension. Safe mode will be turned off automatically in 0 seconds. NamenodeHostName:node-1-link-0
	at org.apache.hadoop.hdfs.server.namenode.FSNamesystem.checkNameNodeSafeMode(FSNamesystem.java:1441)
	at org.apache.hadoop.hdfs.server.namenode.FSNamesystem.renewLease(FSNamesystem.java:3744)
	at org.apache.hadoop.hdfs.server.namenode.NameNodeRpcServer.renewLease(NameNodeRpcServer.java:1134)
	at org.apache.hadoop.hdfs.protocolPB.ClientNamenodeProtocolServerSideTranslatorPB.renewLease(ClientNamenodeProtocolServerSideTranslatorPB.java:737)
	at org.apache.hadoop.hdfs.protocol.proto.ClientNamenodeProtocolProtos$ClientNamenodeProtocol$2.callBlockingMethod(ClientNamenodeProtocolProtos.java)
	at org.apache.hadoop.ipc.ProtobufRpcEngine$Server$ProtoBufRpcInvoker.call(ProtobufRpcEngine.java:523)
	at org.apache.hadoop.ipc.RPC$Server.call(RPC.java:991)
	at org.apache.hadoop.ipc.Server$RpcCall.run(Server.java:872)
	at org.apache.hadoop.ipc.Server$RpcCall.run(Server.java:818)
	at java.security.AccessController.doPrivileged(Native Method)
	at javax.security.auth.Subject.doAs(Subject.java:422)
	at org.apache.hadoop.security.UserGroupInformation.doAs(UserGroupInformation.java:1729)
	at org.apache.hadoop.ipc.Server$Handler.run(Server.java:2678)
Caused by: org.apache.hadoop.hdfs.server.namenode.SafeModeException: Cannot renew lease for DFSClient_NONMAPREDUCE_-1042732669_1. Name node is in safe mode.
The reported blocks 26 has reached the threshold 0.9990 of total blocks 26. The number of live datanodes 4 has reached the minimum number 0. In safe mode extension. Safe mode will be turned off automatically in 0 seconds. NamenodeHostName:node-1-link-0
	at org.apache.hadoop.hdfs.server.namenode.FSNamesystem.newSafemodeException(FSNamesystem.java:1450)
	at org.apache.hadoop.hdfs.server.namenode.FSNamesystem.checkNameNodeSafeMode(FSNamesystem.java:1437)
	... 12 more
, while invoking ClientNamenodeProtocolTranslatorPB.renewLease over node-1-link-0/10.10.1.4:8020. Retrying after sleeping for 10184ms.
Found 5 items
-rw-r--r--   3 root supergroup 1073741824 2019-03-21 23:33 /myfile1
-rw-r--r--   3 root supergroup 1073741824 2019-03-21 23:33 /myfile2
-rw-r--r--   3 root supergroup 1073741824 2019-03-21 23:33 /myfile3
-rw-r--r--   3 root supergroup 1073741824 2019-03-21 23:33 /myfile4
-rw-r--r--   3 root supergroup  134217728 2019-03-21 23:33 /myfile5._COPYING_
file 4 has been put into HDFS
file 4 has been read from HDFS for 1 time
diff succeed!
file 4 has been read from HDFS for 2 time
diff succeed!
file 4 has been read from HDFS for 3 time
diff succeed!
file 4 has been read from HDFS for 4 time
diff succeed!
file 4 has been read from HDFS for 5 time
diff succeed!
file 4 has been read from HDFS for 6 time
diff succeed!
file 4 has been read from HDFS for 7 time
diff succeed!
file 4 has been read from HDFS for 8 time
diff succeed!
file 4 has been read from HDFS for 9 time
diff succeed!
file 4 has been read from HDFS for 10 time
diff succeed!
Deleted /myfile4
file 4 has been removed from HDFS
Found 4 items
-rw-r--r--   3 root supergroup 1073741824 2019-03-21 23:33 /myfile1
-rw-r--r--   3 root supergroup 1073741824 2019-03-21 23:35 /myfile2
-rw-r--r--   3 root supergroup 1073741824 2019-03-21 23:35 /myfile3
-rw-r--r--   3 root supergroup 1073741824 2019-03-21 23:35 /myfile4
file 4 has been put into HDFS
file 4 has been read from HDFS for 1 time
diff succeed!
file 4 has been read from HDFS for 2 time
diff succeed!
file 4 has been read from HDFS for 3 time
diff succeed!
file 4 has been read from HDFS for 4 time
diff succeed!
file 4 has been read from HDFS for 5 time
diff succeed!
file 4 has been read from HDFS for 6 time
diff succeed!
file 4 has been read from HDFS for 7 time
diff succeed!
file 4 has been read from HDFS for 8 time
diff succeed!
file 4 has been read from HDFS for 9 time
diff succeed!
file 4 has been read from HDFS for 10 time
diff succeed!
Deleted /myfile4
file 4 has been removed from HDFS
Found 5 items
-rw-r--r--   3 root supergroup  805306368 2019-03-21 23:36 /myfile1._COPYING_
-rw-r--r--   3 root supergroup 1073741824 2019-03-21 23:36 /myfile2
-rw-r--r--   3 root supergroup 1073741824 2019-03-21 23:36 /myfile3
-rw-r--r--   3 root supergroup 1073741824 2019-03-21 23:36 /myfile4
-rw-r--r--   3 root supergroup 1073741824 2019-03-21 23:35 /myfile5
file 4 has been put into HDFS
file 4 has been read from HDFS for 1 time
diff succeed!
file 4 has been read from HDFS for 2 time
diff succeed!
file 4 has been read from HDFS for 3 time
diff succeed!
file 4 has been read from HDFS for 4 time
diff succeed!
file 4 has been read from HDFS for 5 time
diff succeed!
file 4 has been read from HDFS for 6 time
diff succeed!
file 4 has been read from HDFS for 7 time
diff succeed!
file 4 has been read from HDFS for 8 time
diff succeed!
file 4 has been read from HDFS for 9 time
diff succeed!
file 4 has been read from HDFS for 10 time
diff succeed!
Deleted /myfile4
file 4 has been removed from HDFS
Found 5 items
-rw-r--r--   3 root supergroup 1073741824 2019-03-21 23:38 /myfile1
-rw-r--r--   3 root supergroup 1073741824 2019-03-21 23:38 /myfile2
-rw-r--r--   3 root supergroup 1073741824 2019-03-21 23:38 /myfile3
-rw-r--r--   3 root supergroup 1073741824 2019-03-21 23:38 /myfile4
-rw-r--r--   3 root supergroup 1073741824 2019-03-21 23:37 /myfile5
file 4 has been put into HDFS
file 4 has been read from HDFS for 1 time
diff succeed!
file 4 has been read from HDFS for 2 time
diff succeed!
file 4 has been read from HDFS for 3 time
diff succeed!
file 4 has been read from HDFS for 4 time
diff succeed!
file 4 has been read from HDFS for 5 time
diff succeed!
file 4 has been read from HDFS for 6 time
diff succeed!
file 4 has been read from HDFS for 7 time
diff succeed!
file 4 has been read from HDFS for 8 time
diff succeed!
file 4 has been read from HDFS for 9 time
diff succeed!
file 4 has been read from HDFS for 10 time
diff succeed!
Deleted /myfile4
file 4 has been removed from HDFS
Found 5 items
-rw-r--r--   3 root supergroup 1073741824 2019-03-21 23:40 /myfile1
-rw-r--r--   3 root supergroup 1073741824 2019-03-21 23:39 /myfile2
-rw-r--r--   3 root supergroup 1073741824 2019-03-21 23:40 /myfile3
-rw-r--r--   3 root supergroup 1073741824 2019-03-21 23:40 /myfile4
-rw-r--r--   3 root supergroup 1073741824 2019-03-21 23:38 /myfile5
file 4 has been put into HDFS
file 4 has been read from HDFS for 1 time
diff succeed!
file 4 has been read from HDFS for 2 time
diff succeed!
file 4 has been read from HDFS for 3 time
diff succeed!
file 4 has been read from HDFS for 4 time
diff succeed!
file 4 has been read from HDFS for 5 time
diff succeed!
file 4 has been read from HDFS for 6 time
diff succeed!
file 4 has been read from HDFS for 7 time
diff succeed!
file 4 has been read from HDFS for 8 time
diff succeed!
file 4 has been read from HDFS for 9 time
diff succeed!
file 4 has been read from HDFS for 10 time
diff succeed!
Deleted /myfile4
file 4 has been removed from HDFS
Found 5 items
-rw-r--r--   3 root supergroup 1073741824 2019-03-21 23:42 /myfile1
-rw-r--r--   3 root supergroup 1073741824 2019-03-21 23:42 /myfile2
-rw-r--r--   3 root supergroup 1073741824 2019-03-21 23:41 /myfile3
-rw-r--r--   3 root supergroup 1073741824 2019-03-21 23:43 /myfile4
-rw-r--r--   3 root supergroup 1073741824 2019-03-21 23:41 /myfile5
file 4 has been put into HDFS
file 4 has been read from HDFS for 1 time
diff succeed!
file 4 has been read from HDFS for 2 time
diff succeed!
file 4 has been read from HDFS for 3 time
diff succeed!
file 4 has been read from HDFS for 4 time
diff succeed!
file 4 has been read from HDFS for 5 time
diff succeed!
file 4 has been read from HDFS for 6 time
diff succeed!
file 4 has been read from HDFS for 7 time
diff succeed!
file 4 has been read from HDFS for 8 time
diff succeed!
file 4 has been read from HDFS for 9 time
diff succeed!
file 4 has been read from HDFS for 10 time
diff succeed!
Deleted /myfile4
file 4 has been removed from HDFS
Found 5 items
-rw-r--r--   3 root supergroup 1073741824 2019-03-21 23:44 /myfile1
-rw-r--r--   3 root supergroup  134217728 2019-03-21 23:44 /myfile2._COPYING_
-rw-r--r--   3 root supergroup 1073741824 2019-03-21 23:43 /myfile3
-rw-r--r--   3 root supergroup 1073741824 2019-03-21 23:44 /myfile4
-rw-r--r--   3 root supergroup 1073741824 2019-03-21 23:43 /myfile5
file 4 has been put into HDFS
file 4 has been read from HDFS for 1 time
diff succeed!
file 4 has been read from HDFS for 2 time
diff succeed!
file 4 has been read from HDFS for 3 time
diff succeed!
file 4 has been read from HDFS for 4 time
diff succeed!
file 4 has been read from HDFS for 5 time
diff succeed!
file 4 has been read from HDFS for 6 time
diff succeed!
file 4 has been read from HDFS for 7 time
diff succeed!
file 4 has been read from HDFS for 8 time
diff succeed!
file 4 has been read from HDFS for 9 time
diff succeed!
file 4 has been read from HDFS for 10 time
diff succeed!
Deleted /myfile4
file 4 has been removed from HDFS
Found 5 items
-rw-r--r--   3 root supergroup 1073741824 2019-03-21 23:46 /myfile1
-rw-r--r--   3 root supergroup 1073741824 2019-03-21 23:46 /myfile2
-rw-r--r--   3 root supergroup 1073741824 2019-03-21 23:45 /myfile3
-rw-r--r--   3 root supergroup 1073741824 2019-03-21 23:46 /myfile4
-rw-r--r--   3 root supergroup 1073741824 2019-03-21 23:44 /myfile5
file 4 has been put into HDFS
file 4 has been read from HDFS for 1 time
diff succeed!
file 4 has been read from HDFS for 2 time
diff succeed!
file 4 has been read from HDFS for 3 time
diff succeed!
file 4 has been read from HDFS for 4 time
diff succeed!
file 4 has been read from HDFS for 5 time
diff succeed!
file 4 has been read from HDFS for 6 time
diff succeed!
file 4 has been read from HDFS for 7 time
diff succeed!
file 4 has been read from HDFS for 8 time
diff succeed!
file 4 has been read from HDFS for 9 time
diff succeed!
file 4 has been read from HDFS for 10 time
diff succeed!
Deleted /myfile4
file 4 has been removed from HDFS
Found 5 items
-rw-r--r--   3 root supergroup 1073741824 2019-03-21 23:47 /myfile1
-rw-r--r--   3 root supergroup 1073741824 2019-03-21 23:47 /myfile2
-rw-r--r--   3 root supergroup 1073741824 2019-03-21 23:47 /myfile3
-rw-r--r--   3 root supergroup 1073741824 2019-03-21 23:47 /myfile4
-rw-r--r--   3 root supergroup 1073741824 2019-03-21 23:46 /myfile5
file 4 has been put into HDFS
file 4 has been read from HDFS for 1 time
diff succeed!
file 4 has been read from HDFS for 2 time
diff succeed!
file 4 has been read from HDFS for 3 time
diff succeed!
file 4 has been read from HDFS for 4 time
diff succeed!
file 4 has been read from HDFS for 5 time
diff succeed!
file 4 has been read from HDFS for 6 time
diff succeed!
file 4 has been read from HDFS for 7 time
diff succeed!
file 4 has been read from HDFS for 8 time
diff succeed!
file 4 has been read from HDFS for 9 time
diff succeed!
file 4 has been read from HDFS for 10 time
diff succeed!
Deleted /myfile4
file 4 has been removed from HDFS
Found 5 items
-rw-r--r--   3 root supergroup 1073741824 2019-03-21 23:49 /myfile1
-rw-r--r--   3 root supergroup 1073741824 2019-03-21 23:49 /myfile2
-rw-r--r--   3 root supergroup 1073741824 2019-03-21 23:49 /myfile3
-rw-r--r--   3 root supergroup 1073741824 2019-03-21 23:49 /myfile4
-rw-r--r--   3 root supergroup 1073741824 2019-03-21 23:48 /myfile5
file 4 has been put into HDFS
file 4 has been read from HDFS for 1 time
diff succeed!
file 4 has been read from HDFS for 2 time
diff succeed!
file 4 has been read from HDFS for 3 time
diff succeed!
file 4 has been read from HDFS for 4 time
diff succeed!
file 4 has been read from HDFS for 5 time
diff succeed!
file 4 has been read from HDFS for 6 time
diff succeed!
file 4 has been read from HDFS for 7 time
diff succeed!
file 4 has been read from HDFS for 8 time
diff succeed!
file 4 has been read from HDFS for 9 time
diff succeed!
file 4 has been read from HDFS for 10 time
diff succeed!
Deleted /myfile4
file 4 has been removed from HDFS
Found 5 items
-rw-r--r--   3 root supergroup 1073741824 2019-03-21 23:51 /myfile1
-rw-r--r--   3 root supergroup 1073741824 2019-03-21 23:51 /myfile2
-rw-r--r--   3 root supergroup 1073741824 2019-03-21 23:50 /myfile3
-rw-r--r--   3 root supergroup 1073741824 2019-03-21 23:51 /myfile4
-rw-r--r--   3 root supergroup 1073741824 2019-03-21 23:50 /myfile5
file 4 has been put into HDFS
file 4 has been read from HDFS for 1 time
diff succeed!
file 4 has been read from HDFS for 2 time
diff succeed!
file 4 has been read from HDFS for 3 time
diff succeed!
file 4 has been read from HDFS for 4 time
diff succeed!
file 4 has been read from HDFS for 5 time
diff succeed!
file 4 has been read from HDFS for 6 time
diff succeed!
file 4 has been read from HDFS for 7 time
diff succeed!
file 4 has been read from HDFS for 8 time
diff succeed!
file 4 has been read from HDFS for 9 time
diff succeed!
file 4 has been read from HDFS for 10 time
diff succeed!
Deleted /myfile4
file 4 has been removed from HDFS
Found 5 items
-rw-r--r--   3 root supergroup 1073741824 2019-03-21 23:53 /myfile1
-rw-r--r--   3 root supergroup 1073741824 2019-03-21 23:53 /myfile2
-rw-r--r--   3 root supergroup 1073741824 2019-03-21 23:52 /myfile3
-rw-r--r--   3 root supergroup 1073741824 2019-03-21 23:53 /myfile4
-rw-r--r--   3 root supergroup 1073741824 2019-03-21 23:52 /myfile5
file 4 has been put into HDFS
file 4 has been read from HDFS for 1 time
diff succeed!
file 4 has been read from HDFS for 2 time
diff succeed!
file 4 has been read from HDFS for 3 time
diff succeed!
file 4 has been read from HDFS for 4 time
diff succeed!
file 4 has been read from HDFS for 5 time
diff succeed!
