Found 5 items
-rw-r--r--   3 root supergroup 1073741824 2019-03-28 02:25 /myfile1
-rw-r--r--   3 root supergroup 1073741824 2019-03-28 02:25 /myfile2
-rw-r--r--   3 root supergroup 1073741824 2019-03-28 02:25 /myfile3
-rw-r--r--   3 root supergroup 1073741824 2019-03-28 02:25 /myfile4
-rw-r--r--   3 root supergroup 1073741824 2019-03-28 02:25 /myfile5
file 4 has been put into HDFS
file 4 has been read from HDFS for 1 time
diff succeed!
file 4 has been read from HDFS for 2 time
diff succeed!
file 4 has been read from HDFS for 3 time
diff succeed!
file 4 has been read from HDFS for 4 time
diff succeed!
file 4 has been read from HDFS for 5 time
diff succeed!
file 4 has been read from HDFS for 6 time
diff succeed!
file 4 has been read from HDFS for 7 time
diff succeed!
file 4 has been read from HDFS for 8 time
diff succeed!
file 4 has been read from HDFS for 9 time
diff succeed!
file 4 has been read from HDFS for 10 time
diff succeed!
Deleted /myfile4
file 4 has been removed from HDFS
Found 5 items
-rw-r--r--   3 root supergroup 1073741824 2019-03-28 02:26 /myfile1
-rw-r--r--   3 root supergroup 1073741824 2019-03-28 02:26 /myfile2
-rw-r--r--   3 root supergroup 1073741824 2019-03-28 02:26 /myfile3
-rw-r--r--   3 root supergroup 1073741824 2019-03-28 02:26 /myfile4
-rw-r--r--   3 root supergroup 1073741824 2019-03-28 02:26 /myfile5
file 4 has been put into HDFS
file 4 has been read from HDFS for 1 time
diff succeed!
file 4 has been read from HDFS for 2 time
diff succeed!
file 4 has been read from HDFS for 3 time
diff succeed!
file 4 has been read from HDFS for 4 time
diff succeed!
file 4 has been read from HDFS for 5 time
diff succeed!
file 4 has been read from HDFS for 6 time
diff succeed!
file 4 has been read from HDFS for 7 time
diff succeed!
file 4 has been read from HDFS for 8 time
diff succeed!
file 4 has been read from HDFS for 9 time
diff succeed!
file 4 has been read from HDFS for 10 time
diff succeed!
Deleted /myfile4
file 4 has been removed from HDFS
Found 5 items
-rw-r--r--   3 root supergroup 1073741824 2019-03-28 02:28 /myfile1
-rw-r--r--   3 root supergroup 1073741824 2019-03-28 02:28 /myfile2
-rw-r--r--   3 root supergroup 1073741824 2019-03-28 02:28 /myfile3
-rw-r--r--   3 root supergroup 1073741824 2019-03-28 02:28 /myfile4
-rw-r--r--   3 root supergroup 1073741824 2019-03-28 02:28 /myfile5
file 4 has been put into HDFS
file 4 has been read from HDFS for 1 time
diff succeed!
file 4 has been read from HDFS for 2 time
diff succeed!
file 4 has been read from HDFS for 3 time
diff succeed!
file 4 has been read from HDFS for 4 time
diff succeed!
file 4 has been read from HDFS for 5 time
diff succeed!
file 4 has been read from HDFS for 6 time
diff succeed!
file 4 has been read from HDFS for 7 time
diff succeed!
file 4 has been read from HDFS for 8 time
diff succeed!
file 4 has been read from HDFS for 9 time
diff succeed!
file 4 has been read from HDFS for 10 time
diff succeed!
Deleted /myfile4
file 4 has been removed from HDFS
Found 5 items
-rw-r--r--   3 root supergroup 1073741824 2019-03-28 02:29 /myfile1
-rw-r--r--   3 root supergroup 1073741824 2019-03-28 02:30 /myfile2
-rw-r--r--   3 root supergroup  805306368 2019-03-28 02:30 /myfile3._COPYING_
-rw-r--r--   3 root supergroup 1073741824 2019-03-28 02:30 /myfile4
-rw-r--r--   3 root supergroup 1073741824 2019-03-28 02:30 /myfile5
file 4 has been put into HDFS
file 4 has been read from HDFS for 1 time
diff succeed!
file 4 has been read from HDFS for 2 time
diff succeed!
file 4 has been read from HDFS for 3 time
diff succeed!
file 4 has been read from HDFS for 4 time
diff succeed!
file 4 has been read from HDFS for 5 time
diff succeed!
file 4 has been read from HDFS for 6 time
diff succeed!
file 4 has been read from HDFS for 7 time
diff succeed!
file 4 has been read from HDFS for 8 time
diff succeed!
file 4 has been read from HDFS for 9 time
diff succeed!
file 4 has been read from HDFS for 10 time
diff succeed!
Deleted /myfile4
file 4 has been removed from HDFS
Found 5 items
-rw-r--r--   3 root supergroup 1073741824 2019-03-28 02:31 /myfile1
-rw-r--r--   3 root supergroup          0 2019-03-28 02:32 /myfile2._COPYING_
-rw-r--r--   3 root supergroup  134217728 2019-03-28 02:31 /myfile3._COPYING_
-rw-r--r--   3 root supergroup 1073741824 2019-03-28 02:31 /myfile4
-rw-r--r--   3 root supergroup  134217728 2019-03-28 02:31 /myfile5._COPYING_
file 4 has been put into HDFS
file 4 has been read from HDFS for 1 time
diff succeed!
file 4 has been read from HDFS for 2 time
diff succeed!
file 4 has been read from HDFS for 3 time
diff succeed!
file 4 has been read from HDFS for 4 time
diff succeed!
file 4 has been read from HDFS for 5 time
diff succeed!
file 4 has been read from HDFS for 6 time
diff succeed!
file 4 has been read from HDFS for 7 time
diff succeed!
file 4 has been read from HDFS for 8 time
diff succeed!
file 4 has been read from HDFS for 9 time
diff succeed!
file 4 has been read from HDFS for 10 time
diff succeed!
Deleted /myfile4
file 4 has been removed from HDFS
Found 5 items
-rw-r--r--   3 root supergroup 1073741824 2019-03-28 02:33 /myfile1
-rw-r--r--   3 root supergroup 1073741824 2019-03-28 02:32 /myfile2
-rw-r--r--   3 root supergroup 1073741824 2019-03-28 02:32 /myfile3
-rw-r--r--   3 root supergroup 1073741824 2019-03-28 02:33 /myfile4
-rw-r--r--   3 root supergroup 1073741824 2019-03-28 02:32 /myfile5
file 4 has been put into HDFS
file 4 has been read from HDFS for 1 time
diff succeed!
file 4 has been read from HDFS for 2 time
diff succeed!
file 4 has been read from HDFS for 3 time
diff succeed!
file 4 has been read from HDFS for 4 time
diff succeed!
file 4 has been read from HDFS for 5 time
diff succeed!
file 4 has been read from HDFS for 6 time
diff succeed!
file 4 has been read from HDFS for 7 time
diff succeed!
file 4 has been read from HDFS for 8 time
diff succeed!
file 4 has been read from HDFS for 9 time
diff succeed!
file 4 has been read from HDFS for 10 time
diff succeed!
Deleted /myfile4
file 4 has been removed from HDFS
Found 5 items
-rw-r--r--   3 root supergroup 1073741824 2019-03-28 02:35 /myfile1
-rw-r--r--   3 root supergroup 1073741824 2019-03-28 02:34 /myfile2
-rw-r--r--   3 root supergroup 1073741824 2019-03-28 02:34 /myfile3
-rw-r--r--   3 root supergroup 1073741824 2019-03-28 02:35 /myfile4
-rw-r--r--   3 root supergroup 1073741824 2019-03-28 02:33 /myfile5
file 4 has been put into HDFS
file 4 has been read from HDFS for 1 time
diff succeed!
file 4 has been read from HDFS for 2 time
diff succeed!
file 4 has been read from HDFS for 3 time
diff succeed!
file 4 has been read from HDFS for 4 time
diff succeed!
file 4 has been read from HDFS for 5 time
diff succeed!
file 4 has been read from HDFS for 6 time
diff succeed!
file 4 has been read from HDFS for 7 time
diff succeed!
file 4 has been read from HDFS for 8 time
diff succeed!
file 4 has been read from HDFS for 9 time
diff succeed!
file 4 has been read from HDFS for 10 time
diff succeed!
Deleted /myfile4
file 4 has been removed from HDFS
Found 4 items
-rw-r--r--   3 root supergroup 1073741824 2019-03-28 02:36 /myfile1
-rw-r--r--   3 root supergroup 1073741824 2019-03-28 02:35 /myfile2
-rw-r--r--   3 root supergroup 1073741824 2019-03-28 02:35 /myfile3
-rw-r--r--   3 root supergroup 1073741824 2019-03-28 02:36 /myfile4
file 4 has been put into HDFS
file 4 has been read from HDFS for 1 time
diff succeed!
file 4 has been read from HDFS for 2 time
diff succeed!
file 4 has been read from HDFS for 3 time
diff succeed!
file 4 has been read from HDFS for 4 time
diff succeed!
file 4 has been read from HDFS for 5 time
diff succeed!
file 4 has been read from HDFS for 6 time
diff succeed!
file 4 has been read from HDFS for 7 time
diff succeed!
file 4 has been read from HDFS for 8 time
diff succeed!
file 4 has been read from HDFS for 9 time
diff succeed!
file 4 has been read from HDFS for 10 time
diff succeed!
Deleted /myfile4
file 4 has been removed from HDFS
Found 4 items
-rw-r--r--   3 root supergroup 1073741824 2019-03-28 02:38 /myfile1
-rw-r--r--   3 root supergroup 1073741824 2019-03-28 02:37 /myfile2
-rw-r--r--   3 root supergroup 1073741824 2019-03-28 02:37 /myfile3
-rw-r--r--   3 root supergroup 1073741824 2019-03-28 02:38 /myfile4
file 4 has been put into HDFS
file 4 has been read from HDFS for 1 time
diff succeed!
file 4 has been read from HDFS for 2 time
diff succeed!
file 4 has been read from HDFS for 3 time
diff succeed!
file 4 has been read from HDFS for 4 time
diff succeed!
file 4 has been read from HDFS for 5 time
diff succeed!
file 4 has been read from HDFS for 6 time
diff succeed!
file 4 has been read from HDFS for 7 time
diff succeed!
file 4 has been read from HDFS for 8 time
diff succeed!
file 4 has been read from HDFS for 9 time
diff succeed!
