Found 5 items
-rw-r--r--   3 root supergroup 1073741824 2019-03-27 09:34 /myfile1
-rw-r--r--   3 root supergroup 1073741824 2019-03-27 09:34 /myfile2
-rw-r--r--   3 root supergroup 1073741824 2019-03-27 09:34 /myfile3
-rw-r--r--   3 root supergroup 1073741824 2019-03-27 09:34 /myfile4
-rw-r--r--   3 root supergroup 1073741824 2019-03-27 09:34 /myfile5
file 2 has been put into HDFS
file 2 has been read from HDFS for 1 time
diff succeed!
file 2 has been read from HDFS for 2 time
diff succeed!
file 2 has been read from HDFS for 3 time
diff succeed!
file 2 has been read from HDFS for 4 time
diff succeed!
file 2 has been read from HDFS for 5 time
diff succeed!
file 2 has been read from HDFS for 6 time
diff succeed!
file 2 has been read from HDFS for 7 time
diff succeed!
file 2 has been read from HDFS for 8 time
diff succeed!
file 2 has been read from HDFS for 9 time
diff succeed!
file 2 has been read from HDFS for 10 time
diff succeed!
Deleted /myfile2
file 2 has been removed from HDFS
Found 5 items
-rw-r--r--   3 root supergroup 1073741824 2019-03-27 09:36 /myfile1
-rw-r--r--   3 root supergroup 1073741824 2019-03-27 09:36 /myfile2
-rw-r--r--   3 root supergroup 1073741824 2019-03-27 09:36 /myfile3
-rw-r--r--   3 root supergroup 1073741824 2019-03-27 09:36 /myfile4
-rw-r--r--   3 root supergroup  671088640 2019-03-27 09:36 /myfile5._COPYING_
file 2 has been put into HDFS
file 2 has been read from HDFS for 1 time
diff succeed!
file 2 has been read from HDFS for 2 time
diff succeed!
file 2 has been read from HDFS for 3 time
diff succeed!
file 2 has been read from HDFS for 4 time
diff succeed!
file 2 has been read from HDFS for 5 time
diff succeed!
file 2 has been read from HDFS for 6 time
diff succeed!
file 2 has been read from HDFS for 7 time
diff succeed!
file 2 has been read from HDFS for 8 time
diff succeed!
file 2 has been read from HDFS for 9 time
diff succeed!
file 2 has been read from HDFS for 10 time
diff succeed!
Deleted /myfile2
file 2 has been removed from HDFS
Found 4 items
-rw-r--r--   3 root supergroup 1073741824 2019-03-27 09:37 /myfile1
-rw-r--r--   3 root supergroup 1073741824 2019-03-27 09:38 /myfile2
-rw-r--r--   3 root supergroup 1073741824 2019-03-27 09:37 /myfile3
-rw-r--r--   3 root supergroup 1073741824 2019-03-27 09:37 /myfile4
file 2 has been put into HDFS
file 2 has been read from HDFS for 1 time
diff succeed!
file 2 has been read from HDFS for 2 time
diff succeed!
file 2 has been read from HDFS for 3 time
diff succeed!
file 2 has been read from HDFS for 4 time
diff succeed!
file 2 has been read from HDFS for 5 time
diff succeed!
file 2 has been read from HDFS for 6 time
diff succeed!
file 2 has been read from HDFS for 7 time
diff succeed!
file 2 has been read from HDFS for 8 time
diff succeed!
file 2 has been read from HDFS for 9 time
diff succeed!
file 2 has been read from HDFS for 10 time
diff succeed!
Deleted /myfile2
file 2 has been removed from HDFS
Found 5 items
-rw-r--r--   3 root supergroup 1073741824 2019-03-27 09:39 /myfile1
-rw-r--r--   3 root supergroup 1073741824 2019-03-27 09:40 /myfile2
-rw-r--r--   3 root supergroup 1073741824 2019-03-27 09:39 /myfile3
-rw-r--r--   3 root supergroup 1073741824 2019-03-27 09:39 /myfile4
-rw-r--r--   3 root supergroup 1073741824 2019-03-27 09:40 /myfile5
file 2 has been put into HDFS
file 2 has been read from HDFS for 1 time
diff succeed!
file 2 has been read from HDFS for 2 time
diff succeed!
file 2 has been read from HDFS for 3 time
diff succeed!
file 2 has been read from HDFS for 4 time
diff succeed!
file 2 has been read from HDFS for 5 time
diff succeed!
file 2 has been read from HDFS for 6 time
diff succeed!
file 2 has been read from HDFS for 7 time
diff succeed!
file 2 has been read from HDFS for 8 time
diff succeed!
file 2 has been read from HDFS for 9 time
diff succeed!
file 2 has been read from HDFS for 10 time
diff succeed!
Deleted /myfile2
file 2 has been removed from HDFS
Found 5 items
-rw-r--r--   3 root supergroup 1073741824 2019-03-27 09:41 /myfile1
-rw-r--r--   3 root supergroup 1073741824 2019-03-27 09:42 /myfile2
-rw-r--r--   3 root supergroup 1073741824 2019-03-27 09:41 /myfile3
-rw-r--r--   3 root supergroup 1073741824 2019-03-27 09:41 /myfile4
-rw-r--r--   3 root supergroup 1073741824 2019-03-27 09:42 /myfile5
file 2 has been put into HDFS
file 2 has been read from HDFS for 1 time
diff succeed!
file 2 has been read from HDFS for 2 time
diff succeed!
file 2 has been read from HDFS for 3 time
diff succeed!
file 2 has been read from HDFS for 4 time
diff succeed!
file 2 has been read from HDFS for 5 time
diff succeed!
file 2 has been read from HDFS for 6 time
diff succeed!
file 2 has been read from HDFS for 7 time
diff succeed!
file 2 has been read from HDFS for 8 time
diff succeed!
file 2 has been read from HDFS for 9 time
diff succeed!
file 2 has been read from HDFS for 10 time
diff succeed!
Deleted /myfile2
file 2 has been removed from HDFS
Found 5 items
-rw-r--r--   3 root supergroup 1073741824 2019-03-27 09:43 /myfile1
-rw-r--r--   3 root supergroup 1073741824 2019-03-27 09:44 /myfile2
-rw-r--r--   3 root supergroup 1073741824 2019-03-27 09:43 /myfile3
-rw-r--r--   3 root supergroup 1073741824 2019-03-27 09:43 /myfile4
-rw-r--r--   3 root supergroup 1073741824 2019-03-27 09:44 /myfile5
file 2 has been put into HDFS
file 2 has been read from HDFS for 1 time
diff succeed!
file 2 has been read from HDFS for 2 time
diff succeed!
file 2 has been read from HDFS for 3 time
diff succeed!
file 2 has been read from HDFS for 4 time
diff succeed!
file 2 has been read from HDFS for 5 time
diff succeed!
file 2 has been read from HDFS for 6 time
diff succeed!
file 2 has been read from HDFS for 7 time
diff succeed!
file 2 has been read from HDFS for 8 time
diff succeed!
file 2 has been read from HDFS for 9 time
diff succeed!
file 2 has been read from HDFS for 10 time
diff succeed!
Deleted /myfile2
file 2 has been removed from HDFS
Found 5 items
-rw-r--r--   3 root supergroup 1073741824 2019-03-27 09:45 /myfile1
-rw-r--r--   3 root supergroup 1073741824 2019-03-27 09:46 /myfile2
-rw-r--r--   3 root supergroup 1073741824 2019-03-27 09:45 /myfile3
-rw-r--r--   3 root supergroup 1073741824 2019-03-27 09:45 /myfile4
-rw-r--r--   3 root supergroup 1073741824 2019-03-27 09:46 /myfile5
file 2 has been put into HDFS
file 2 has been read from HDFS for 1 time
diff succeed!
file 2 has been read from HDFS for 2 time
diff succeed!
file 2 has been read from HDFS for 3 time
diff succeed!
file 2 has been read from HDFS for 4 time
diff succeed!
file 2 has been read from HDFS for 5 time
diff succeed!
file 2 has been read from HDFS for 6 time
diff succeed!
file 2 has been read from HDFS for 7 time
diff succeed!
file 2 has been read from HDFS for 8 time
diff succeed!
file 2 has been read from HDFS for 9 time
diff succeed!
file 2 has been read from HDFS for 10 time
diff succeed!
Deleted /myfile2
file 2 has been removed from HDFS
Found 5 items
-rw-r--r--   3 root supergroup 1073741824 2019-03-27 09:47 /myfile1
-rw-r--r--   3 root supergroup 1073741824 2019-03-27 09:48 /myfile2
-rw-r--r--   3 root supergroup 1073741824 2019-03-27 09:47 /myfile3
-rw-r--r--   3 root supergroup 1073741824 2019-03-27 09:47 /myfile4
-rw-r--r--   3 root supergroup 1073741824 2019-03-27 09:48 /myfile5
file 2 has been put into HDFS
file 2 has been read from HDFS for 1 time
diff succeed!
file 2 has been read from HDFS for 2 time
diff succeed!
file 2 has been read from HDFS for 3 time
diff succeed!
file 2 has been read from HDFS for 4 time
diff succeed!
file 2 has been read from HDFS for 5 time
diff succeed!
file 2 has been read from HDFS for 6 time
diff succeed!
file 2 has been read from HDFS for 7 time
diff succeed!
file 2 has been read from HDFS for 8 time
diff succeed!
file 2 has been read from HDFS for 9 time
diff succeed!
file 2 has been read from HDFS for 10 time
diff succeed!
Deleted /myfile2
file 2 has been removed from HDFS
Found 5 items
-rw-r--r--   3 root supergroup 1073741824 2019-03-27 09:49 /myfile1
-rw-r--r--   3 root supergroup 1073741824 2019-03-27 09:50 /myfile2
-rw-r--r--   3 root supergroup 1073741824 2019-03-27 09:49 /myfile3
-rw-r--r--   3 root supergroup 1073741824 2019-03-27 09:49 /myfile4
-rw-r--r--   3 root supergroup 1073741824 2019-03-27 09:50 /myfile5
file 2 has been put into HDFS
file 2 has been read from HDFS for 1 time
diff succeed!
file 2 has been read from HDFS for 2 time
diff succeed!
file 2 has been read from HDFS for 3 time
diff succeed!
file 2 has been read from HDFS for 4 time
diff succeed!
file 2 has been read from HDFS for 5 time
diff succeed!
file 2 has been read from HDFS for 6 time
diff succeed!
file 2 has been read from HDFS for 7 time
diff succeed!
