Found 5 items
-rw-r--r--   3 root supergroup 1073741824 2019-03-26 00:55 /myfile1
-rw-r--r--   3 root supergroup 1073741824 2019-03-26 00:55 /myfile2
-rw-r--r--   3 root supergroup 1073741824 2019-03-26 00:55 /myfile3
-rw-r--r--   3 root supergroup 1073741824 2019-03-26 00:55 /myfile4
-rw-r--r--   3 root supergroup 1073741824 2019-03-26 00:55 /myfile5
file 3 has been put into HDFS
file 3 has been read from HDFS for 1 time
diff succeed!
file 3 has been read from HDFS for 2 time
diff succeed!
file 3 has been read from HDFS for 3 time
diff succeed!
file 3 has been read from HDFS for 4 time
diff succeed!
file 3 has been read from HDFS for 5 time
diff succeed!
file 3 has been read from HDFS for 6 time
diff succeed!
file 3 has been read from HDFS for 7 time
diff succeed!
file 3 has been read from HDFS for 8 time
diff succeed!
file 3 has been read from HDFS for 9 time
diff succeed!
file 3 has been read from HDFS for 10 time
diff succeed!
Deleted /myfile3
file 3 has been removed from HDFS
Found 5 items
-rw-r--r--   3 root supergroup 1073741824 2019-03-26 00:56 /myfile1
-rw-r--r--   3 root supergroup 1073741824 2019-03-26 00:56 /myfile2
-rw-r--r--   3 root supergroup 1073741824 2019-03-26 00:56 /myfile3
-rw-r--r--   3 root supergroup 1073741824 2019-03-26 00:56 /myfile4
-rw-r--r--   3 root supergroup 1073741824 2019-03-26 00:56 /myfile5
file 3 has been put into HDFS
file 3 has been read from HDFS for 1 time
diff succeed!
file 3 has been read from HDFS for 2 time
diff succeed!
file 3 has been read from HDFS for 3 time
diff succeed!
file 3 has been read from HDFS for 4 time
diff succeed!
file 3 has been read from HDFS for 5 time
diff succeed!
file 3 has been read from HDFS for 6 time
diff succeed!
file 3 has been read from HDFS for 7 time
diff succeed!
file 3 has been read from HDFS for 8 time
diff succeed!
file 3 has been read from HDFS for 9 time
diff succeed!
file 3 has been read from HDFS for 10 time
diff succeed!
Deleted /myfile3
file 3 has been removed from HDFS
Found 5 items
-rw-r--r--   3 root supergroup 1073741824 2019-03-26 00:58 /myfile1
-rw-r--r--   3 root supergroup 1073741824 2019-03-26 00:58 /myfile2
-rw-r--r--   3 root supergroup 1073741824 2019-03-26 00:58 /myfile3
-rw-r--r--   3 root supergroup 1073741824 2019-03-26 00:58 /myfile4
-rw-r--r--   3 root supergroup 1073741824 2019-03-26 00:58 /myfile5
file 3 has been put into HDFS
file 3 has been read from HDFS for 1 time
diff succeed!
file 3 has been read from HDFS for 2 time
diff succeed!
file 3 has been read from HDFS for 3 time
diff succeed!
file 3 has been read from HDFS for 4 time
diff succeed!
file 3 has been read from HDFS for 5 time
diff succeed!
file 3 has been read from HDFS for 6 time
diff succeed!
file 3 has been read from HDFS for 7 time
diff succeed!
file 3 has been read from HDFS for 8 time
diff succeed!
file 3 has been read from HDFS for 9 time
diff succeed!
file 3 has been read from HDFS for 10 time
diff succeed!
Deleted /myfile3
file 3 has been removed from HDFS
Found 5 items
-rw-r--r--   3 root supergroup 1073741824 2019-03-26 01:00 /myfile1
-rw-r--r--   3 root supergroup 1073741824 2019-03-26 00:59 /myfile2
-rw-r--r--   3 root supergroup 1073741824 2019-03-26 01:00 /myfile3
-rw-r--r--   3 root supergroup 1073741824 2019-03-26 00:59 /myfile4
-rw-r--r--   3 root supergroup 1073741824 2019-03-26 01:00 /myfile5
file 3 has been put into HDFS
file 3 has been read from HDFS for 1 time
diff succeed!
file 3 has been read from HDFS for 2 time
diff succeed!
file 3 has been read from HDFS for 3 time
diff succeed!
file 3 has been read from HDFS for 4 time
diff succeed!
file 3 has been read from HDFS for 5 time
diff succeed!
file 3 has been read from HDFS for 6 time
diff succeed!
file 3 has been read from HDFS for 7 time
diff succeed!
file 3 has been read from HDFS for 8 time
diff succeed!
file 3 has been read from HDFS for 9 time
diff succeed!
file 3 has been read from HDFS for 10 time
diff succeed!
Deleted /myfile3
file 3 has been removed from HDFS
Found 5 items
-rw-r--r--   3 root supergroup 1073741824 2019-03-26 01:00 /myfile1
-rw-r--r--   3 root supergroup 1073741824 2019-03-26 01:01 /myfile2
-rw-r--r--   3 root supergroup 1073741824 2019-03-26 01:01 /myfile3
-rw-r--r--   3 root supergroup 1073741824 2019-03-26 01:01 /myfile4
-rw-r--r--   3 root supergroup 1073741824 2019-03-26 01:00 /myfile5
file 3 has been put into HDFS
file 3 has been read from HDFS for 1 time
diff succeed!
file 3 has been read from HDFS for 2 time
diff succeed!
file 3 has been read from HDFS for 3 time
diff succeed!
file 3 has been read from HDFS for 4 time
diff succeed!
file 3 has been read from HDFS for 5 time
diff succeed!
file 3 has been read from HDFS for 6 time
diff succeed!
file 3 has been read from HDFS for 7 time
diff succeed!
file 3 has been read from HDFS for 8 time
diff succeed!
file 3 has been read from HDFS for 9 time
diff succeed!
file 3 has been read from HDFS for 10 time
diff succeed!
Deleted /myfile3
file 3 has been removed from HDFS
Found 5 items
-rw-r--r--   3 root supergroup 1073741824 2019-03-26 01:02 /myfile1
-rw-r--r--   3 root supergroup 1073741824 2019-03-26 01:02 /myfile2
-rw-r--r--   3 root supergroup 1073741824 2019-03-26 01:03 /myfile3
-rw-r--r--   3 root supergroup 1073741824 2019-03-26 01:03 /myfile4
-rw-r--r--   3 root supergroup 1073741824 2019-03-26 01:02 /myfile5
file 3 has been put into HDFS
file 3 has been read from HDFS for 1 time
diff succeed!
file 3 has been read from HDFS for 2 time
diff succeed!
file 3 has been read from HDFS for 3 time
diff succeed!
file 3 has been read from HDFS for 4 time
diff succeed!
file 3 has been read from HDFS for 5 time
diff succeed!
file 3 has been read from HDFS for 6 time
diff succeed!
file 3 has been read from HDFS for 7 time
diff succeed!
file 3 has been read from HDFS for 8 time
diff succeed!
file 3 has been read from HDFS for 9 time
diff succeed!
file 3 has been read from HDFS for 10 time
diff succeed!
Deleted /myfile3
file 3 has been removed from HDFS
Found 5 items
-rw-r--r--   3 root supergroup 1073741824 2019-03-26 01:03 /myfile1
-rw-r--r--   3 root supergroup 1073741824 2019-03-26 01:04 /myfile2
-rw-r--r--   3 root supergroup 1073741824 2019-03-26 01:04 /myfile3
-rw-r--r--   3 root supergroup 1073741824 2019-03-26 01:04 /myfile4
-rw-r--r--   3 root supergroup 1073741824 2019-03-26 01:03 /myfile5
file 3 has been put into HDFS
file 3 has been read from HDFS for 1 time
diff succeed!
file 3 has been read from HDFS for 2 time
diff succeed!
file 3 has been read from HDFS for 3 time
diff succeed!
file 3 has been read from HDFS for 4 time
diff succeed!
file 3 has been read from HDFS for 5 time
diff succeed!
file 3 has been read from HDFS for 6 time
diff succeed!
file 3 has been read from HDFS for 7 time
diff succeed!
file 3 has been read from HDFS for 8 time
diff succeed!
file 3 has been read from HDFS for 9 time
diff succeed!
file 3 has been read from HDFS for 10 time
diff succeed!
Deleted /myfile3
file 3 has been removed from HDFS
Found 4 items
-rw-r--r--   3 root supergroup  805306368 2019-03-26 01:06 /myfile1._COPYING_
-rw-r--r--   3 root supergroup 1073741824 2019-03-26 01:06 /myfile2
-rw-r--r--   3 root supergroup 1073741824 2019-03-26 01:07 /myfile3
-rw-r--r--   3 root supergroup 1073741824 2019-03-26 01:06 /myfile4
file 3 has been put into HDFS
file 3 has been read from HDFS for 1 time
diff succeed!
file 3 has been read from HDFS for 2 time
diff succeed!
file 3 has been read from HDFS for 3 time
diff succeed!
file 3 has been read from HDFS for 4 time
diff succeed!
file 3 has been read from HDFS for 5 time
diff succeed!
file 3 has been read from HDFS for 6 time
diff succeed!
file 3 has been read from HDFS for 7 time
diff succeed!
file 3 has been read from HDFS for 8 time
diff succeed!
file 3 has been read from HDFS for 9 time
diff succeed!
file 3 has been read from HDFS for 10 time
diff succeed!
Deleted /myfile3
file 3 has been removed from HDFS
Found 4 items
-rw-r--r--   3 root supergroup 1073741824 2019-03-26 01:08 /myfile1
-rw-r--r--   3 root supergroup 1073741824 2019-03-26 01:07 /myfile2
-rw-r--r--   3 root supergroup 1073741824 2019-03-26 01:08 /myfile3
-rw-r--r--   3 root supergroup 1073741824 2019-03-26 01:07 /myfile4
file 3 has been put into HDFS
file 3 has been read from HDFS for 1 time
diff succeed!
file 3 has been read from HDFS for 2 time
diff succeed!
file 3 has been read from HDFS for 3 time
diff succeed!
file 3 has been read from HDFS for 4 time
diff succeed!
file 3 has been read from HDFS for 5 time
diff succeed!
file 3 has been read from HDFS for 6 time
diff succeed!
