Found 5 items
-rw-r--r--   3 root supergroup 1073741824 2019-03-30 01:03 /myfile1
-rw-r--r--   3 root supergroup 1073741824 2019-03-30 01:03 /myfile2
-rw-r--r--   3 root supergroup 1073741824 2019-03-30 01:03 /myfile3
-rw-r--r--   3 root supergroup 1073741824 2019-03-30 01:03 /myfile4
-rw-r--r--   3 root supergroup 1073741824 2019-03-30 01:03 /myfile5
file 3 has been put into HDFS
file 3 has been read from HDFS for 1 time
diff succeed!
file 3 has been read from HDFS for 2 time
diff succeed!
file 3 has been read from HDFS for 3 time
diff succeed!
file 3 has been read from HDFS for 4 time
diff succeed!
file 3 has been read from HDFS for 5 time
diff succeed!
file 3 has been read from HDFS for 6 time
diff succeed!
file 3 has been read from HDFS for 7 time
diff succeed!
file 3 has been read from HDFS for 8 time
diff succeed!
file 3 has been read from HDFS for 9 time
diff succeed!
file 3 has been read from HDFS for 10 time
diff succeed!
Deleted /myfile3
file 3 has been removed from HDFS
Found 5 items
-rw-r--r--   3 root supergroup 1073741824 2019-03-30 01:04 /myfile1
-rw-r--r--   3 root supergroup 1073741824 2019-03-30 01:04 /myfile2
-rw-r--r--   3 root supergroup 1073741824 2019-03-30 01:04 /myfile3
-rw-r--r--   3 root supergroup 1073741824 2019-03-30 01:04 /myfile4
-rw-r--r--   3 root supergroup 1073741824 2019-03-30 01:04 /myfile5
file 3 has been put into HDFS
file 3 has been read from HDFS for 1 time
diff succeed!
file 3 has been read from HDFS for 2 time
diff succeed!
file 3 has been read from HDFS for 3 time
diff succeed!
file 3 has been read from HDFS for 4 time
diff succeed!
file 3 has been read from HDFS for 5 time
diff succeed!
file 3 has been read from HDFS for 6 time
diff succeed!
file 3 has been read from HDFS for 7 time
diff succeed!
file 3 has been read from HDFS for 8 time
diff succeed!
file 3 has been read from HDFS for 9 time
diff succeed!
file 3 has been read from HDFS for 10 time
diff succeed!
Deleted /myfile3
file 3 has been removed from HDFS
Found 5 items
-rw-r--r--   3 root supergroup 1073741824 2019-03-30 01:06 /myfile1
-rw-r--r--   3 root supergroup 1073741824 2019-03-30 01:06 /myfile2
-rw-r--r--   3 root supergroup 1073741824 2019-03-30 01:06 /myfile3
-rw-r--r--   3 root supergroup 1073741824 2019-03-30 01:06 /myfile4
-rw-r--r--   3 root supergroup 1073741824 2019-03-30 01:06 /myfile5
file 3 has been put into HDFS
file 3 has been read from HDFS for 1 time
diff succeed!
file 3 has been read from HDFS for 2 time
diff succeed!
file 3 has been read from HDFS for 3 time
diff succeed!
file 3 has been read from HDFS for 4 time
diff succeed!
file 3 has been read from HDFS for 5 time
diff succeed!
file 3 has been read from HDFS for 6 time
diff succeed!
file 3 has been read from HDFS for 7 time
diff succeed!
file 3 has been read from HDFS for 8 time
diff succeed!
file 3 has been read from HDFS for 9 time
diff succeed!
file 3 has been read from HDFS for 10 time
diff succeed!
Deleted /myfile3
file 3 has been removed from HDFS
Found 3 items
-rw-r--r--   3 root supergroup 1073741824 2019-03-30 01:08 /myfile3
-rw-r--r--   3 root supergroup 1073741824 2019-03-30 01:08 /myfile4
-rw-r--r--   3 root supergroup  805306368 2019-03-30 01:08 /myfile5._COPYING_
file 3 has been put into HDFS
file 3 has been read from HDFS for 1 time
diff succeed!
file 3 has been read from HDFS for 2 time
diff succeed!
file 3 has been read from HDFS for 3 time
diff succeed!
file 3 has been read from HDFS for 4 time
diff succeed!
file 3 has been read from HDFS for 5 time
diff succeed!
file 3 has been read from HDFS for 6 time
diff succeed!
file 3 has been read from HDFS for 7 time
diff succeed!
file 3 has been read from HDFS for 8 time
diff succeed!
file 3 has been read from HDFS for 9 time
diff succeed!
file 3 has been read from HDFS for 10 time
diff succeed!
Deleted /myfile3
file 3 has been removed from HDFS
Found 3 items
-rw-r--r--   3 root supergroup 1073741824 2019-03-30 01:09 /myfile3
-rw-r--r--   3 root supergroup 1073741824 2019-03-30 01:09 /myfile4
-rw-r--r--   3 root supergroup 1073741824 2019-03-30 01:09 /myfile5
file 3 has been put into HDFS
file 3 has been read from HDFS for 1 time
diff succeed!
file 3 has been read from HDFS for 2 time
diff succeed!
file 3 has been read from HDFS for 3 time
diff succeed!
file 3 has been read from HDFS for 4 time
diff succeed!
file 3 has been read from HDFS for 5 time
diff succeed!
file 3 has been read from HDFS for 6 time
diff succeed!
file 3 has been read from HDFS for 7 time
diff succeed!
file 3 has been read from HDFS for 8 time
diff succeed!
file 3 has been read from HDFS for 9 time
diff succeed!
file 3 has been read from HDFS for 10 time
diff succeed!
Deleted /myfile3
file 3 has been removed from HDFS
Found 4 items
-rw-r--r--   3 root supergroup 1073741824 2019-03-30 01:09 /myfile1
-rw-r--r--   3 root supergroup 1073741824 2019-03-30 01:09 /myfile2
-rw-r--r--   3 root supergroup 1073741824 2019-03-30 01:11 /myfile3
-rw-r--r--   3 root supergroup  939524096 2019-03-30 01:11 /myfile4._COPYING_
file 3 has been put into HDFS
file 3 has been read from HDFS for 1 time
diff succeed!
file 3 has been read from HDFS for 2 time
diff succeed!
file 3 has been read from HDFS for 3 time
diff succeed!
file 3 has been read from HDFS for 4 time
diff succeed!
file 3 has been read from HDFS for 5 time
diff succeed!
file 3 has been read from HDFS for 6 time
diff succeed!
file 3 has been read from HDFS for 7 time
diff succeed!
file 3 has been read from HDFS for 8 time
diff succeed!
file 3 has been read from HDFS for 9 time
diff succeed!
file 3 has been read from HDFS for 10 time
diff succeed!
Deleted /myfile3
file 3 has been removed from HDFS
Found 5 items
-rw-r--r--   3 root supergroup 1073741824 2019-03-30 01:11 /myfile1
-rw-r--r--   3 root supergroup 1073741824 2019-03-30 01:11 /myfile2
-rw-r--r--   3 root supergroup 1073741824 2019-03-30 01:12 /myfile3
-rw-r--r--   3 root supergroup  402653184 2019-03-30 01:12 /myfile4._COPYING_
-rw-r--r--   3 root supergroup 1073741824 2019-03-30 01:11 /myfile5
file 3 has been put into HDFS
file 3 has been read from HDFS for 1 time
diff succeed!
file 3 has been read from HDFS for 2 time
diff succeed!
file 3 has been read from HDFS for 3 time
diff succeed!
file 3 has been read from HDFS for 4 time
diff succeed!
file 3 has been read from HDFS for 5 time
diff succeed!
file 3 has been read from HDFS for 6 time
diff succeed!
file 3 has been read from HDFS for 7 time
diff succeed!
file 3 has been read from HDFS for 8 time
diff succeed!
file 3 has been read from HDFS for 9 time
diff succeed!
file 3 has been read from HDFS for 10 time
diff succeed!
Deleted /myfile3
file 3 has been removed from HDFS
Found 5 items
-rw-r--r--   3 root supergroup 1073741824 2019-03-30 01:13 /myfile1
-rw-r--r--   3 root supergroup 1073741824 2019-03-30 01:13 /myfile2
-rw-r--r--   3 root supergroup 1073741824 2019-03-30 01:14 /myfile3
-rw-r--r--   3 root supergroup  805306368 2019-03-30 01:14 /myfile4._COPYING_
-rw-r--r--   3 root supergroup 1073741824 2019-03-30 01:13 /myfile5
file 3 has been put into HDFS
file 3 has been read from HDFS for 1 time
diff succeed!
file 3 has been read from HDFS for 2 time
diff succeed!
file 3 has been read from HDFS for 3 time
diff succeed!
file 3 has been read from HDFS for 4 time
diff succeed!
file 3 has been read from HDFS for 5 time
diff succeed!
file 3 has been read from HDFS for 6 time
diff succeed!
file 3 has been read from HDFS for 7 time
diff succeed!
file 3 has been read from HDFS for 8 time
diff succeed!
file 3 has been read from HDFS for 9 time
diff succeed!
file 3 has been read from HDFS for 10 time
diff succeed!
Deleted /myfile3
file 3 has been removed from HDFS
Found 5 items
-rw-r--r--   3 root supergroup 1073741824 2019-03-30 01:15 /myfile1
-rw-r--r--   3 root supergroup 1073741824 2019-03-30 01:15 /myfile2
-rw-r--r--   3 root supergroup 1073741824 2019-03-30 01:16 /myfile3
-rw-r--r--   3 root supergroup 1073741824 2019-03-30 01:16 /myfile4
-rw-r--r--   3 root supergroup  939524096 2019-03-30 01:16 /myfile5._COPYING_
file 3 has been put into HDFS
file 3 has been read from HDFS for 1 time
diff succeed!
file 3 has been read from HDFS for 2 time
diff succeed!
file 3 has been read from HDFS for 3 time
diff succeed!
file 3 has been read from HDFS for 4 time
diff succeed!
file 3 has been read from HDFS for 5 time
diff succeed!
file 3 has been read from HDFS for 6 time
diff succeed!
file 3 has been read from HDFS for 7 time
diff succeed!
file 3 has been read from HDFS for 8 time
diff succeed!
file 3 has been read from HDFS for 9 time
diff succeed!
file 3 has been read from HDFS for 10 time
diff succeed!
Deleted /myfile3
file 3 has been removed from HDFS
Found 5 items
-rw-r--r--   3 root supergroup 1073741824 2019-03-30 01:17 /myfile1
-rw-r--r--   3 root supergroup 1073741824 2019-03-30 01:17 /myfile2
-rw-r--r--   3 root supergroup 1073741824 2019-03-30 01:17 /myfile3
-rw-r--r--   3 root supergroup 1073741824 2019-03-30 01:17 /myfile4
-rw-r--r--   3 root supergroup 1073741824 2019-03-30 01:17 /myfile5
file 3 has been put into HDFS
file 3 has been read from HDFS for 1 time
diff succeed!
