Found 5 items
-rw-r--r--   3 root supergroup 1073741824 2019-03-30 01:03 /myfile1
-rw-r--r--   3 root supergroup 1073741824 2019-03-30 01:03 /myfile2
-rw-r--r--   3 root supergroup 1073741824 2019-03-30 01:03 /myfile3
-rw-r--r--   3 root supergroup 1073741824 2019-03-30 01:03 /myfile4
-rw-r--r--   3 root supergroup 1073741824 2019-03-30 01:03 /myfile5
file 5 has been put into HDFS
file 5 has been read from HDFS for 1 time
diff succeed!
file 5 has been read from HDFS for 2 time
diff succeed!
file 5 has been read from HDFS for 3 time
diff succeed!
file 5 has been read from HDFS for 4 time
diff succeed!
file 5 has been read from HDFS for 5 time
diff succeed!
file 5 has been read from HDFS for 6 time
diff succeed!
file 5 has been read from HDFS for 7 time
diff succeed!
file 5 has been read from HDFS for 8 time
diff succeed!
file 5 has been read from HDFS for 9 time
diff succeed!
file 5 has been read from HDFS for 10 time
diff succeed!
Deleted /myfile5
file 5 has been removed from HDFS
Found 5 items
-rw-r--r--   3 root supergroup 1073741824 2019-03-30 01:04 /myfile1
-rw-r--r--   3 root supergroup 1073741824 2019-03-30 01:04 /myfile2
-rw-r--r--   3 root supergroup  268435456 2019-03-30 01:04 /myfile3._COPYING_
-rw-r--r--   3 root supergroup  805306368 2019-03-30 01:04 /myfile4._COPYING_
-rw-r--r--   3 root supergroup 1073741824 2019-03-30 01:04 /myfile5
file 5 has been put into HDFS
file 5 has been read from HDFS for 1 time
diff succeed!
file 5 has been read from HDFS for 2 time
diff succeed!
file 5 has been read from HDFS for 3 time
diff succeed!
file 5 has been read from HDFS for 4 time
diff succeed!
file 5 has been read from HDFS for 5 time
diff succeed!
file 5 has been read from HDFS for 6 time
diff succeed!
file 5 has been read from HDFS for 7 time
diff succeed!
file 5 has been read from HDFS for 8 time
diff succeed!
file 5 has been read from HDFS for 9 time
diff succeed!
file 5 has been read from HDFS for 10 time
diff succeed!
Deleted /myfile5
file 5 has been removed from HDFS
Found 5 items
-rw-r--r--   3 root supergroup 1073741824 2019-03-30 01:06 /myfile1
-rw-r--r--   3 root supergroup 1073741824 2019-03-30 01:06 /myfile2._COPYING_
-rw-r--r--   3 root supergroup  939524096 2019-03-30 01:06 /myfile3._COPYING_
-rw-r--r--   3 root supergroup 1073741824 2019-03-30 01:06 /myfile4._COPYING_
-rw-r--r--   3 root supergroup 1073741824 2019-03-30 01:06 /myfile5
file 5 has been put into HDFS
file 5 has been read from HDFS for 1 time
diff succeed!
file 5 has been read from HDFS for 2 time
diff succeed!
file 5 has been read from HDFS for 3 time
diff succeed!
file 5 has been read from HDFS for 4 time
diff succeed!
file 5 has been read from HDFS for 5 time
diff succeed!
file 5 has been read from HDFS for 6 time
diff succeed!
file 5 has been read from HDFS for 7 time
diff succeed!
file 5 has been read from HDFS for 8 time
diff succeed!
file 5 has been read from HDFS for 9 time
diff succeed!
file 5 has been read from HDFS for 10 time
diff succeed!
Deleted /myfile5
file 5 has been removed from HDFS
Found 4 items
-rw-r--r--   3 root supergroup          0 2019-03-30 01:08 /myfile1._COPYING_
-rw-r--r--   3 root supergroup 1073741824 2019-03-30 01:08 /myfile3
-rw-r--r--   3 root supergroup 1073741824 2019-03-30 01:08 /myfile4
-rw-r--r--   3 root supergroup 1073741824 2019-03-30 01:08 /myfile5
file 5 has been put into HDFS
file 5 has been read from HDFS for 1 time
diff succeed!
file 5 has been read from HDFS for 2 time
diff succeed!
file 5 has been read from HDFS for 3 time
diff succeed!
file 5 has been read from HDFS for 4 time
diff succeed!
file 5 has been read from HDFS for 5 time
diff succeed!
file 5 has been read from HDFS for 6 time
diff succeed!
file 5 has been read from HDFS for 7 time
diff succeed!
file 5 has been read from HDFS for 8 time
diff succeed!
file 5 has been read from HDFS for 9 time
diff succeed!
file 5 has been read from HDFS for 10 time
diff succeed!
Deleted /myfile5
file 5 has been removed from HDFS
Found 3 items
-rw-r--r--   3 root supergroup 1073741824 2019-03-30 01:09 /myfile3
-rw-r--r--   3 root supergroup 1073741824 2019-03-30 01:09 /myfile4
-rw-r--r--   3 root supergroup 1073741824 2019-03-30 01:09 /myfile5
file 5 has been put into HDFS
file 5 has been read from HDFS for 1 time
diff succeed!
file 5 has been read from HDFS for 2 time
diff succeed!
file 5 has been read from HDFS for 3 time
diff succeed!
file 5 has been read from HDFS for 4 time
diff succeed!
file 5 has been read from HDFS for 5 time
diff succeed!
file 5 has been read from HDFS for 6 time
diff succeed!
file 5 has been read from HDFS for 7 time
diff succeed!
file 5 has been read from HDFS for 8 time
diff succeed!
file 5 has been read from HDFS for 9 time
diff succeed!
file 5 has been read from HDFS for 10 time
diff succeed!
Deleted /myfile5
file 5 has been removed from HDFS
Found 4 items
-rw-r--r--   3 root supergroup  536870912 2019-03-30 01:11 /myfile2._COPYING_
-rw-r--r--   3 root supergroup 1073741824 2019-03-30 01:11 /myfile3
-rw-r--r--   3 root supergroup 1073741824 2019-03-30 01:11 /myfile4
-rw-r--r--   3 root supergroup 1073741824 2019-03-30 01:11 /myfile5
file 5 has been put into HDFS
file 5 has been read from HDFS for 1 time
diff succeed!
file 5 has been read from HDFS for 2 time
diff succeed!
file 5 has been read from HDFS for 3 time
diff succeed!
file 5 has been read from HDFS for 4 time
diff succeed!
file 5 has been read from HDFS for 5 time
diff succeed!
file 5 has been read from HDFS for 6 time
diff succeed!
file 5 has been read from HDFS for 7 time
diff succeed!
file 5 has been read from HDFS for 8 time
diff succeed!
file 5 has been read from HDFS for 9 time
diff succeed!
file 5 has been read from HDFS for 10 time
diff succeed!
Deleted /myfile5
file 5 has been removed from HDFS
2019-03-30 01:13:00,800 WARN  hdfs.DataStreamer DataStreamer.java:run:1196 - Exception for BP-25980104-130.127.133.33-1553929326644:blk_1073742083_1259
java.io.IOException: Connection reset by peer
	at sun.nio.ch.FileDispatcherImpl.read0(Native Method)
	at sun.nio.ch.SocketDispatcher.read(SocketDispatcher.java:39)
	at sun.nio.ch.IOUtil.readIntoNativeBuffer(IOUtil.java:223)
	at sun.nio.ch.IOUtil.read(IOUtil.java:197)
	at sun.nio.ch.SocketChannelImpl.read(SocketChannelImpl.java:380)
	at org.apache.hadoop.net.SocketInputStream$Reader.performIO(SocketInputStream.java:57)
	at org.apache.hadoop.net.SocketIOWithTimeout.doIO(SocketIOWithTimeout.java:142)
	at org.apache.hadoop.net.SocketInputStream.read(SocketInputStream.java:161)
	at org.apache.hadoop.net.SocketInputStream.read(SocketInputStream.java:131)
	at org.apache.hadoop.net.SocketInputStream.read(SocketInputStream.java:118)
	at java.io.FilterInputStream.read(FilterInputStream.java:83)
	at java.io.FilterInputStream.read(FilterInputStream.java:83)
	at org.apache.hadoop.hdfs.protocolPB.PBHelperClient.vintPrefixed(PBHelperClient.java:547)
	at org.apache.hadoop.hdfs.protocol.datatransfer.PipelineAck.readFields(PipelineAck.java:213)
	at org.apache.hadoop.hdfs.DataStreamer$ResponseProcessor.run(DataStreamer.java:1086)
2019-03-30 01:13:00,806 WARN  hdfs.DataStreamer DataStreamer.java:handleBadDatanode:1571 - Error Recovery for BP-25980104-130.127.133.33-1553929326644:blk_1073742083_1259 in pipeline [DatanodeInfoWithStorage[10.10.1.6:9866,DS-50546062-f54e-4d97-91cc-09fb0d36764c,DISK], DatanodeInfoWithStorage[10.10.1.5:9866,DS-264f12cb-ecb3-48e9-add3-3d80efc97b78,DISK], DatanodeInfoWithStorage[10.10.1.3:9866,DS-a9385914-e175-41d2-8816-e4b811cc1e75,DISK]]: datanode 0(DatanodeInfoWithStorage[10.10.1.6:9866,DS-50546062-f54e-4d97-91cc-09fb0d36764c,DISK]) is bad.
2019-03-30 01:13:02,242 INFO  hdfs.DataStreamer DataStreamer.java:createBlockOutputStream:1789 - Exception in createBlockOutputStream blk_1073742084_1261
java.io.IOException: Got error, status=ERROR, status message , ack with firstBadLink as 10.10.1.6:9866
	at org.apache.hadoop.hdfs.protocol.datatransfer.DataTransferProtoUtil.checkBlockOpStatus(DataTransferProtoUtil.java:134)
	at org.apache.hadoop.hdfs.protocol.datatransfer.DataTransferProtoUtil.checkBlockOpStatus(DataTransferProtoUtil.java:110)
	at org.apache.hadoop.hdfs.DataStreamer.createBlockOutputStream(DataStreamer.java:1778)
	at org.apache.hadoop.hdfs.DataStreamer.nextBlockOutputStream(DataStreamer.java:1679)
	at org.apache.hadoop.hdfs.DataStreamer.run(DataStreamer.java:716)
2019-03-30 01:13:02,243 WARN  hdfs.DataStreamer DataStreamer.java:nextBlockOutputStream:1683 - Abandoning BP-25980104-130.127.133.33-1553929326644:blk_1073742084_1261
2019-03-30 01:13:03,548 WARN  hdfs.DataStreamer DataStreamer.java:nextBlockOutputStream:1688 - Excluding datanode DatanodeInfoWithStorage[10.10.1.6:9866,DS-50546062-f54e-4d97-91cc-09fb0d36764c,DISK]
Found 5 items
-rw-r--r--   3 root supergroup 1073741824 2019-03-30 01:11 /myfile1
-rw-r--r--   3 root supergroup 1073741824 2019-03-30 01:11 /myfile2
-rw-r--r--   3 root supergroup 1073741824 2019-03-30 01:12 /myfile3
-rw-r--r--   3 root supergroup 1073741824 2019-03-30 01:12 /myfile4
-rw-r--r--   3 root supergroup 1073741824 2019-03-30 01:13 /myfile5
file 5 has been put into HDFS
file 5 has been read from HDFS for 1 time
diff succeed!
file 5 has been read from HDFS for 2 time
diff succeed!
file 5 has been read from HDFS for 3 time
diff succeed!
file 5 has been read from HDFS for 4 time
diff succeed!
file 5 has been read from HDFS for 5 time
diff succeed!
file 5 has been read from HDFS for 6 time
diff succeed!
file 5 has been read from HDFS for 7 time
diff succeed!
file 5 has been read from HDFS for 8 time
diff succeed!
file 5 has been read from HDFS for 9 time
diff succeed!
file 5 has been read from HDFS for 10 time
diff succeed!
Deleted /myfile5
file 5 has been removed from HDFS
Found 5 items
-rw-r--r--   3 root supergroup 1073741824 2019-03-30 01:13 /myfile1
-rw-r--r--   3 root supergroup 1073741824 2019-03-30 01:13 /myfile2
-rw-r--r--   3 root supergroup 1073741824 2019-03-30 01:14 /myfile3
-rw-r--r--   3 root supergroup 1073741824 2019-03-30 01:14 /myfile4
-rw-r--r--   3 root supergroup 1073741824 2019-03-30 01:14 /myfile5
file 5 has been put into HDFS
file 5 has been read from HDFS for 1 time
diff succeed!
file 5 has been read from HDFS for 2 time
diff succeed!
file 5 has been read from HDFS for 3 time
diff succeed!
file 5 has been read from HDFS for 4 time
diff succeed!
file 5 has been read from HDFS for 5 time
diff succeed!
file 5 has been read from HDFS for 6 time
diff succeed!
file 5 has been read from HDFS for 7 time
diff succeed!
file 5 has been read from HDFS for 8 time
diff succeed!
file 5 has been read from HDFS for 9 time
diff succeed!
file 5 has been read from HDFS for 10 time
diff succeed!
Deleted /myfile5
file 5 has been removed from HDFS
Found 5 items
-rw-r--r--   3 root supergroup 1073741824 2019-03-30 01:15 /myfile1
-rw-r--r--   3 root supergroup 1073741824 2019-03-30 01:15 /myfile2
-rw-r--r--   3 root supergroup 1073741824 2019-03-30 01:16 /myfile3
-rw-r--r--   3 root supergroup 1073741824 2019-03-30 01:16 /myfile4
-rw-r--r--   3 root supergroup 1073741824 2019-03-30 01:16 /myfile5
file 5 has been put into HDFS
file 5 has been read from HDFS for 1 time
diff succeed!
file 5 has been read from HDFS for 2 time
diff succeed!
file 5 has been read from HDFS for 3 time
diff succeed!
file 5 has been read from HDFS for 4 time
diff succeed!
file 5 has been read from HDFS for 5 time
diff succeed!
file 5 has been read from HDFS for 6 time
diff succeed!
file 5 has been read from HDFS for 7 time
diff succeed!
file 5 has been read from HDFS for 8 time
diff succeed!
file 5 has been read from HDFS for 9 time
diff succeed!
file 5 has been read from HDFS for 10 time
diff succeed!
Deleted /myfile5
file 5 has been removed from HDFS
Found 5 items
-rw-r--r--   3 root supergroup 1073741824 2019-03-30 01:17 /myfile1
-rw-r--r--   3 root supergroup 1073741824 2019-03-30 01:17 /myfile2
-rw-r--r--   3 root supergroup 1073741824 2019-03-30 01:17 /myfile3
-rw-r--r--   3 root supergroup 1073741824 2019-03-30 01:17 /myfile4
-rw-r--r--   3 root supergroup 1073741824 2019-03-30 01:17 /myfile5
file 5 has been put into HDFS
