Found 5 items
-rw-r--r--   3 root supergroup 1073741824 2019-03-28 11:12 /myfile1
-rw-r--r--   3 root supergroup 1073741824 2019-03-28 11:12 /myfile2
-rw-r--r--   3 root supergroup 1073741824 2019-03-28 11:12 /myfile3
-rw-r--r--   3 root supergroup 1073741824 2019-03-28 11:12 /myfile4
-rw-r--r--   3 root supergroup 1073741824 2019-03-28 11:12 /myfile5
file 2 has been put into HDFS
file 2 has been read from HDFS for 1 time
diff succeed!
file 2 has been read from HDFS for 2 time
diff succeed!
file 2 has been read from HDFS for 3 time
diff succeed!
file 2 has been read from HDFS for 4 time
diff succeed!
file 2 has been read from HDFS for 5 time
diff succeed!
file 2 has been read from HDFS for 6 time
diff succeed!
file 2 has been read from HDFS for 7 time
diff succeed!
file 2 has been read from HDFS for 8 time
diff succeed!
file 2 has been read from HDFS for 9 time
diff succeed!
file 2 has been read from HDFS for 10 time
diff succeed!
Deleted /myfile2
file 2 has been removed from HDFS
Found 4 items
-rw-r--r--   3 root supergroup          0 2019-03-28 11:14 /myfile1._COPYING_
-rw-r--r--   3 root supergroup 1073741824 2019-03-28 11:14 /myfile2
-rw-r--r--   3 root supergroup  134217728 2019-03-28 11:14 /myfile3._COPYING_
-rw-r--r--   3 root supergroup 1073741824 2019-03-28 11:12 /myfile5
file 2 has been put into HDFS
file 2 has been read from HDFS for 1 time
diff succeed!
file 2 has been read from HDFS for 2 time
diff succeed!
file 2 has been read from HDFS for 3 time
diff succeed!
file 2 has been read from HDFS for 4 time
diff succeed!
file 2 has been read from HDFS for 5 time
diff succeed!
file 2 has been read from HDFS for 6 time
diff succeed!
file 2 has been read from HDFS for 7 time
diff succeed!
file 2 has been read from HDFS for 8 time
diff succeed!
file 2 has been read from HDFS for 9 time
diff succeed!
file 2 has been read from HDFS for 10 time
diff succeed!
Deleted /myfile2
file 2 has been removed from HDFS
Found 4 items
-rw-r--r--   3 root supergroup 1073741824 2019-03-28 11:16 /myfile2
-rw-r--r--   3 root supergroup  402653184 2019-03-28 11:16 /myfile3._COPYING_
-rw-r--r--   3 root supergroup 1073741824 2019-03-28 11:14 /myfile4
-rw-r--r--   3 root supergroup 1073741824 2019-03-28 11:14 /myfile5
file 2 has been put into HDFS
file 2 has been read from HDFS for 1 time
diff succeed!
file 2 has been read from HDFS for 2 time
diff succeed!
file 2 has been read from HDFS for 3 time
diff succeed!
file 2 has been read from HDFS for 4 time
diff succeed!
file 2 has been read from HDFS for 5 time
diff succeed!
file 2 has been read from HDFS for 6 time
diff succeed!
file 2 has been read from HDFS for 7 time
diff succeed!
file 2 has been read from HDFS for 8 time
diff succeed!
file 2 has been read from HDFS for 9 time
diff succeed!
file 2 has been read from HDFS for 10 time
diff succeed!
Deleted /myfile2
file 2 has been removed from HDFS
2019-03-28 11:17:44,148 WARN  hdfs.DataStreamer DataStreamer.java:run:1196 - Exception for BP-1117274756-130.127.133.40-1553793114547:blk_1073741949_1125
java.io.IOException: Connection reset by peer
	at sun.nio.ch.FileDispatcherImpl.read0(Native Method)
	at sun.nio.ch.SocketDispatcher.read(SocketDispatcher.java:39)
	at sun.nio.ch.IOUtil.readIntoNativeBuffer(IOUtil.java:223)
	at sun.nio.ch.IOUtil.read(IOUtil.java:197)
	at sun.nio.ch.SocketChannelImpl.read(SocketChannelImpl.java:380)
	at org.apache.hadoop.net.SocketInputStream$Reader.performIO(SocketInputStream.java:57)
	at org.apache.hadoop.net.SocketIOWithTimeout.doIO(SocketIOWithTimeout.java:142)
	at org.apache.hadoop.net.SocketInputStream.read(SocketInputStream.java:161)
	at org.apache.hadoop.net.SocketInputStream.read(SocketInputStream.java:131)
	at org.apache.hadoop.net.SocketInputStream.read(SocketInputStream.java:118)
	at java.io.FilterInputStream.read(FilterInputStream.java:83)
	at java.io.FilterInputStream.read(FilterInputStream.java:83)
	at org.apache.hadoop.hdfs.protocolPB.PBHelperClient.vintPrefixed(PBHelperClient.java:547)
	at org.apache.hadoop.hdfs.protocol.datatransfer.PipelineAck.readFields(PipelineAck.java:213)
	at org.apache.hadoop.hdfs.DataStreamer$ResponseProcessor.run(DataStreamer.java:1086)
2019-03-28 11:17:44,154 WARN  hdfs.DataStreamer DataStreamer.java:handleBadDatanode:1571 - Error Recovery for BP-1117274756-130.127.133.40-1553793114547:blk_1073741949_1125 in pipeline [DatanodeInfoWithStorage[10.10.1.6:9866,DS-a40db564-8822-4e66-a31f-a41323bfd210,DISK], DatanodeInfoWithStorage[10.10.1.5:9866,DS-fdb371df-0436-44c3-8e57-375ef8df87aa,DISK], DatanodeInfoWithStorage[10.10.1.2:9866,DS-0ca8108d-69b4-4473-9b4d-5711ef9b106f,DISK]]: datanode 0(DatanodeInfoWithStorage[10.10.1.6:9866,DS-a40db564-8822-4e66-a31f-a41323bfd210,DISK]) is bad.
2019-03-28 11:17:44,636 INFO  hdfs.DataStreamer DataStreamer.java:createBlockOutputStream:1789 - Exception in createBlockOutputStream blk_1073741950_1127
java.io.IOException: Got error, status=ERROR, status message , ack with firstBadLink as 10.10.1.6:9866
	at org.apache.hadoop.hdfs.protocol.datatransfer.DataTransferProtoUtil.checkBlockOpStatus(DataTransferProtoUtil.java:134)
	at org.apache.hadoop.hdfs.protocol.datatransfer.DataTransferProtoUtil.checkBlockOpStatus(DataTransferProtoUtil.java:110)
	at org.apache.hadoop.hdfs.DataStreamer.createBlockOutputStream(DataStreamer.java:1778)
	at org.apache.hadoop.hdfs.DataStreamer.nextBlockOutputStream(DataStreamer.java:1679)
	at org.apache.hadoop.hdfs.DataStreamer.run(DataStreamer.java:716)
2019-03-28 11:17:44,637 WARN  hdfs.DataStreamer DataStreamer.java:nextBlockOutputStream:1683 - Abandoning BP-1117274756-130.127.133.40-1553793114547:blk_1073741950_1127
2019-03-28 11:17:44,658 WARN  hdfs.DataStreamer DataStreamer.java:nextBlockOutputStream:1688 - Excluding datanode DatanodeInfoWithStorage[10.10.1.6:9866,DS-a40db564-8822-4e66-a31f-a41323bfd210,DISK]
Found 4 items
-rw-r--r--   3 root supergroup 1073741824 2019-03-28 11:16 /myfile1
-rw-r--r--   3 root supergroup 1073741824 2019-03-28 11:17 /myfile2
-rw-r--r--   3 root supergroup 1073741824 2019-03-28 11:16 /myfile4
-rw-r--r--   3 root supergroup 1073741824 2019-03-28 11:16 /myfile5
file 2 has been put into HDFS
file 2 has been read from HDFS for 1 time
diff succeed!
file 2 has been read from HDFS for 2 time
diff succeed!
file 2 has been read from HDFS for 3 time
diff succeed!
file 2 has been read from HDFS for 4 time
diff succeed!
file 2 has been read from HDFS for 5 time
diff succeed!
file 2 has been read from HDFS for 6 time
diff succeed!
file 2 has been read from HDFS for 7 time
diff succeed!
file 2 has been read from HDFS for 8 time
diff succeed!
file 2 has been read from HDFS for 9 time
diff succeed!
file 2 has been read from HDFS for 10 time
diff succeed!
Deleted /myfile2
file 2 has been removed from HDFS
Found 5 items
-rw-r--r--   3 root supergroup 1073741824 2019-03-28 11:18 /myfile1
-rw-r--r--   3 root supergroup 1073741824 2019-03-28 11:19 /myfile2
-rw-r--r--   3 root supergroup          0 2019-03-28 11:19 /myfile3._COPYING_
-rw-r--r--   3 root supergroup 1073741824 2019-03-28 11:18 /myfile4
-rw-r--r--   3 root supergroup 1073741824 2019-03-28 11:18 /myfile5
file 2 has been put into HDFS
file 2 has been read from HDFS for 1 time
diff succeed!
file 2 has been read from HDFS for 2 time
diff succeed!
file 2 has been read from HDFS for 3 time
diff succeed!
file 2 has been read from HDFS for 4 time
diff succeed!
file 2 has been read from HDFS for 5 time
diff succeed!
file 2 has been read from HDFS for 6 time
diff succeed!
file 2 has been read from HDFS for 7 time
diff succeed!
file 2 has been read from HDFS for 8 time
diff succeed!
file 2 has been read from HDFS for 9 time
diff succeed!
file 2 has been read from HDFS for 10 time
diff succeed!
Deleted /myfile2
file 2 has been removed from HDFS
Found 4 items
-rw-r--r--   3 root supergroup 1073741824 2019-03-28 11:19 /myfile1
-rw-r--r--   3 root supergroup 1073741824 2019-03-28 11:20 /myfile2
-rw-r--r--   3 root supergroup 1073741824 2019-03-28 11:19 /myfile4
-rw-r--r--   3 root supergroup 1073741824 2019-03-28 11:19 /myfile5
file 2 has been put into HDFS
file 2 has been read from HDFS for 1 time
diff succeed!
file 2 has been read from HDFS for 2 time
diff succeed!
file 2 has been read from HDFS for 3 time
diff succeed!
file 2 has been read from HDFS for 4 time
diff succeed!
file 2 has been read from HDFS for 5 time
diff succeed!
file 2 has been read from HDFS for 6 time
diff succeed!
file 2 has been read from HDFS for 7 time
diff succeed!
file 2 has been read from HDFS for 8 time
diff succeed!
file 2 has been read from HDFS for 9 time
diff succeed!
file 2 has been read from HDFS for 10 time
diff succeed!
Deleted /myfile2
file 2 has been removed from HDFS
Found 5 items
-rw-r--r--   3 root supergroup 1073741824 2019-03-28 11:21 /myfile1
-rw-r--r--   3 root supergroup 1073741824 2019-03-28 11:22 /myfile2
-rw-r--r--   3 root supergroup 1073741824 2019-03-28 11:22 /myfile3
-rw-r--r--   3 root supergroup 1073741824 2019-03-28 11:21 /myfile4
-rw-r--r--   3 root supergroup 1073741824 2019-03-28 11:21 /myfile5
file 2 has been put into HDFS
file 2 has been read from HDFS for 1 time
diff succeed!
file 2 has been read from HDFS for 2 time
diff succeed!
file 2 has been read from HDFS for 3 time
diff succeed!
file 2 has been read from HDFS for 4 time
diff succeed!
file 2 has been read from HDFS for 5 time
diff succeed!
file 2 has been read from HDFS for 6 time
diff succeed!
file 2 has been read from HDFS for 7 time
diff succeed!
file 2 has been read from HDFS for 8 time
diff succeed!
file 2 has been read from HDFS for 9 time
diff succeed!
file 2 has been read from HDFS for 10 time
diff succeed!
Deleted /myfile2
file 2 has been removed from HDFS
Found 5 items
-rw-r--r--   3 root supergroup 1073741824 2019-03-28 11:23 /myfile1
-rw-r--r--   3 root supergroup 1073741824 2019-03-28 11:24 /myfile2
-rw-r--r--   3 root supergroup 1073741824 2019-03-28 11:24 /myfile3
-rw-r--r--   3 root supergroup 1073741824 2019-03-28 11:23 /myfile4
-rw-r--r--   3 root supergroup 1073741824 2019-03-28 11:23 /myfile5
file 2 has been put into HDFS
file 2 has been read from HDFS for 1 time
diff succeed!
file 2 has been read from HDFS for 2 time
diff succeed!
file 2 has been read from HDFS for 3 time
diff succeed!
file 2 has been read from HDFS for 4 time
diff succeed!
file 2 has been read from HDFS for 5 time
diff succeed!
file 2 has been read from HDFS for 6 time
diff succeed!
file 2 has been read from HDFS for 7 time
diff succeed!
file 2 has been read from HDFS for 8 time
diff succeed!
file 2 has been read from HDFS for 9 time
diff succeed!
file 2 has been read from HDFS for 10 time
diff succeed!
Deleted /myfile2
file 2 has been removed from HDFS
Found 5 items
-rw-r--r--   3 root supergroup 1073741824 2019-03-28 11:25 /myfile1
-rw-r--r--   3 root supergroup 1073741824 2019-03-28 11:26 /myfile2
-rw-r--r--   3 root supergroup 1073741824 2019-03-28 11:26 /myfile3
-rw-r--r--   3 root supergroup 1073741824 2019-03-28 11:25 /myfile4
-rw-r--r--   3 root supergroup 1073741824 2019-03-28 11:25 /myfile5
file 2 has been put into HDFS
file 2 has been read from HDFS for 1 time
diff succeed!
file 2 has been read from HDFS for 2 time
diff succeed!
file 2 has been read from HDFS for 3 time
diff succeed!
file 2 has been read from HDFS for 4 time
diff succeed!
file 2 has been read from HDFS for 5 time
diff succeed!
file 2 has been read from HDFS for 6 time
diff succeed!
file 2 has been read from HDFS for 7 time
diff succeed!
file 2 has been read from HDFS for 8 time
diff succeed!
file 2 has been read from HDFS for 9 time
diff succeed!
file 2 has been read from HDFS for 10 time
diff succeed!
Deleted /myfile2
file 2 has been removed from HDFS
Found 4 items
-rw-r--r--   3 root supergroup 1073741824 2019-03-28 11:27 /myfile1
-rw-r--r--   3 root supergroup 1073741824 2019-03-28 11:27 /myfile2
-rw-r--r--   3 root supergroup 1073741824 2019-03-28 11:26 /myfile4
-rw-r--r--   3 root supergroup 1073741824 2019-03-28 11:26 /myfile5
file 2 has been put into HDFS
