Found 5 items
-rw-r--r--   3 root supergroup 1073741824 2019-03-28 04:40 /myfile1
-rw-r--r--   3 root supergroup 1073741824 2019-03-28 04:41 /myfile2
-rw-r--r--   3 root supergroup 1073741824 2019-03-28 04:41 /myfile3
-rw-r--r--   3 root supergroup 1073741824 2019-03-28 04:41 /myfile4
-rw-r--r--   3 root supergroup 1073741824 2019-03-28 04:40 /myfile5
file 3 has been put into HDFS
file 3 has been read from HDFS for 1 time
diff succeed!
file 3 has been read from HDFS for 2 time
diff succeed!
file 3 has been read from HDFS for 3 time
diff succeed!
file 3 has been read from HDFS for 4 time
diff succeed!
file 3 has been read from HDFS for 5 time
diff succeed!
file 3 has been read from HDFS for 6 time
diff succeed!
file 3 has been read from HDFS for 7 time
diff succeed!
file 3 has been read from HDFS for 8 time
diff succeed!
file 3 has been read from HDFS for 9 time
diff succeed!
file 3 has been read from HDFS for 10 time
diff succeed!
Deleted /myfile3
file 3 has been removed from HDFS
Found 5 items
-rw-r--r--   3 root supergroup 1073741824 2019-03-28 04:40 /myfile1
-rw-r--r--   3 root supergroup 1073741824 2019-03-28 04:41 /myfile2
-rw-r--r--   3 root supergroup 1073741824 2019-03-28 04:42 /myfile3
-rw-r--r--   3 root supergroup 1073741824 2019-03-28 04:41 /myfile4
-rw-r--r--   3 root supergroup  939524096 2019-03-28 04:42 /myfile5._COPYING_
file 3 has been put into HDFS
file 3 has been read from HDFS for 1 time
diff succeed!
file 3 has been read from HDFS for 2 time
diff succeed!
file 3 has been read from HDFS for 3 time
diff succeed!
file 3 has been read from HDFS for 4 time
diff succeed!
file 3 has been read from HDFS for 5 time
diff succeed!
file 3 has been read from HDFS for 6 time
diff succeed!
file 3 has been read from HDFS for 7 time
diff succeed!
file 3 has been read from HDFS for 8 time
diff succeed!
file 3 has been read from HDFS for 9 time
diff succeed!
file 3 has been read from HDFS for 10 time
diff succeed!
Deleted /myfile3
file 3 has been removed from HDFS
Found 5 items
-rw-r--r--   3 root supergroup 1073741824 2019-03-28 04:42 /myfile1
-rw-r--r--   3 root supergroup 1073741824 2019-03-28 04:42 /myfile2
-rw-r--r--   3 root supergroup 1073741824 2019-03-28 04:44 /myfile3
-rw-r--r--   3 root supergroup 1073741824 2019-03-28 04:42 /myfile4
-rw-r--r--   3 root supergroup 1073741824 2019-03-28 04:44 /myfile5
file 3 has been put into HDFS
file 3 has been read from HDFS for 1 time
diff succeed!
file 3 has been read from HDFS for 2 time
diff succeed!
file 3 has been read from HDFS for 3 time
diff succeed!
file 3 has been read from HDFS for 4 time
diff succeed!
file 3 has been read from HDFS for 5 time
diff succeed!
file 3 has been read from HDFS for 6 time
diff succeed!
file 3 has been read from HDFS for 7 time
diff succeed!
file 3 has been read from HDFS for 8 time
diff succeed!
file 3 has been read from HDFS for 9 time
diff succeed!
file 3 has been read from HDFS for 10 time
diff succeed!
Deleted /myfile3
file 3 has been removed from HDFS
2019-03-28 04:46:01,902 WARN  hdfs.DataStreamer DataStreamer.java:run:1196 - Exception for BP-532629666-130.127.133.65-1553769619344:blk_1073741960_1136
java.io.IOException: Bad response ERROR for BP-532629666-130.127.133.65-1553769619344:blk_1073741960_1136 from datanode DatanodeInfoWithStorage[10.10.1.6:9866,DS-531d2413-f8cb-45c8-9c24-e22b4e95e52e,DISK]
	at org.apache.hadoop.hdfs.DataStreamer$ResponseProcessor.run(DataStreamer.java:1126)
2019-03-28 04:46:01,908 WARN  hdfs.DataStreamer DataStreamer.java:handleBadDatanode:1571 - Error Recovery for BP-532629666-130.127.133.65-1553769619344:blk_1073741960_1136 in pipeline [DatanodeInfoWithStorage[10.10.1.2:9866,DS-c27ab5df-7074-429d-a414-14ecb2a639af,DISK], DatanodeInfoWithStorage[10.10.1.3:9866,DS-9c069f86-344f-4e48-bf63-cdc6be0afa83,DISK], DatanodeInfoWithStorage[10.10.1.6:9866,DS-531d2413-f8cb-45c8-9c24-e22b4e95e52e,DISK]]: datanode 2(DatanodeInfoWithStorage[10.10.1.6:9866,DS-531d2413-f8cb-45c8-9c24-e22b4e95e52e,DISK]) is bad.
Found 5 items
-rw-r--r--   3 root supergroup 1073741824 2019-03-28 04:44 /myfile1
-rw-r--r--   3 root supergroup 1073741824 2019-03-28 04:44 /myfile2
-rw-r--r--   3 root supergroup 1073741824 2019-03-28 04:45 /myfile3
-rw-r--r--   3 root supergroup 1073741824 2019-03-28 04:44 /myfile4
-rw-r--r--   3 root supergroup 1073741824 2019-03-28 04:45 /myfile5
file 3 has been put into HDFS
file 3 has been read from HDFS for 1 time
diff succeed!
file 3 has been read from HDFS for 2 time
diff succeed!
file 3 has been read from HDFS for 3 time
diff succeed!
file 3 has been read from HDFS for 4 time
diff succeed!
file 3 has been read from HDFS for 5 time
diff succeed!
file 3 has been read from HDFS for 6 time
diff succeed!
file 3 has been read from HDFS for 7 time
diff succeed!
file 3 has been read from HDFS for 8 time
diff succeed!
file 3 has been read from HDFS for 9 time
diff succeed!
file 3 has been read from HDFS for 10 time
diff succeed!
Deleted /myfile3
file 3 has been removed from HDFS
Found 5 items
-rw-r--r--   3 root supergroup 1073741824 2019-03-28 04:46 /myfile1
-rw-r--r--   3 root supergroup 1073741824 2019-03-28 04:46 /myfile2
-rw-r--r--   3 root supergroup 1073741824 2019-03-28 04:47 /myfile3
-rw-r--r--   3 root supergroup 1073741824 2019-03-28 04:46 /myfile4
-rw-r--r--   3 root supergroup 1073741824 2019-03-28 04:47 /myfile5
file 3 has been put into HDFS
file 3 has been read from HDFS for 1 time
diff succeed!
file 3 has been read from HDFS for 2 time
diff succeed!
file 3 has been read from HDFS for 3 time
diff succeed!
file 3 has been read from HDFS for 4 time
diff succeed!
file 3 has been read from HDFS for 5 time
diff succeed!
file 3 has been read from HDFS for 6 time
diff succeed!
file 3 has been read from HDFS for 7 time
diff succeed!
file 3 has been read from HDFS for 8 time
diff succeed!
file 3 has been read from HDFS for 9 time
diff succeed!
file 3 has been read from HDFS for 10 time
diff succeed!
Deleted /myfile3
file 3 has been removed from HDFS
Found 5 items
-rw-r--r--   3 root supergroup 1073741824 2019-03-28 04:48 /myfile1
-rw-r--r--   3 root supergroup 1073741824 2019-03-28 04:48 /myfile2
-rw-r--r--   3 root supergroup 1073741824 2019-03-28 04:49 /myfile3
-rw-r--r--   3 root supergroup 1073741824 2019-03-28 04:48 /myfile4
-rw-r--r--   3 root supergroup 1073741824 2019-03-28 04:49 /myfile5
file 3 has been put into HDFS
file 3 has been read from HDFS for 1 time
diff succeed!
file 3 has been read from HDFS for 2 time
diff succeed!
file 3 has been read from HDFS for 3 time
diff succeed!
file 3 has been read from HDFS for 4 time
diff succeed!
file 3 has been read from HDFS for 5 time
diff succeed!
file 3 has been read from HDFS for 6 time
diff succeed!
file 3 has been read from HDFS for 7 time
diff succeed!
file 3 has been read from HDFS for 8 time
diff succeed!
file 3 has been read from HDFS for 9 time
diff succeed!
file 3 has been read from HDFS for 10 time
diff succeed!
Deleted /myfile3
file 3 has been removed from HDFS
Found 5 items
-rw-r--r--   3 root supergroup 1073741824 2019-03-28 04:50 /myfile1
-rw-r--r--   3 root supergroup 1073741824 2019-03-28 04:50 /myfile2
-rw-r--r--   3 root supergroup 1073741824 2019-03-28 04:51 /myfile3
-rw-r--r--   3 root supergroup 1073741824 2019-03-28 04:50 /myfile4
-rw-r--r--   3 root supergroup 1073741824 2019-03-28 04:51 /myfile5
file 3 has been put into HDFS
file 3 has been read from HDFS for 1 time
diff succeed!
file 3 has been read from HDFS for 2 time
diff succeed!
file 3 has been read from HDFS for 3 time
diff succeed!
file 3 has been read from HDFS for 4 time
diff succeed!
file 3 has been read from HDFS for 5 time
diff succeed!
file 3 has been read from HDFS for 6 time
diff succeed!
file 3 has been read from HDFS for 7 time
diff succeed!
file 3 has been read from HDFS for 8 time
diff succeed!
file 3 has been read from HDFS for 9 time
diff succeed!
file 3 has been read from HDFS for 10 time
diff succeed!
Deleted /myfile3
file 3 has been removed from HDFS
Found 5 items
-rw-r--r--   3 root supergroup 1073741824 2019-03-28 04:51 /myfile1
-rw-r--r--   3 root supergroup 1073741824 2019-03-28 04:51 /myfile2
-rw-r--r--   3 root supergroup 1073741824 2019-03-28 04:52 /myfile3
-rw-r--r--   3 root supergroup 1073741824 2019-03-28 04:51 /myfile4
-rw-r--r--   3 root supergroup 1073741824 2019-03-28 04:52 /myfile5
file 3 has been put into HDFS
file 3 has been read from HDFS for 1 time
diff succeed!
file 3 has been read from HDFS for 2 time
diff succeed!
file 3 has been read from HDFS for 3 time
diff succeed!
file 3 has been read from HDFS for 4 time
diff succeed!
file 3 has been read from HDFS for 5 time
diff succeed!
file 3 has been read from HDFS for 6 time
diff succeed!
file 3 has been read from HDFS for 7 time
diff succeed!
file 3 has been read from HDFS for 8 time
diff succeed!
file 3 has been read from HDFS for 9 time
diff succeed!
file 3 has been read from HDFS for 10 time
diff succeed!
Deleted /myfile3
file 3 has been removed from HDFS
Found 5 items
-rw-r--r--   3 root supergroup 1073741824 2019-03-28 04:53 /myfile1
-rw-r--r--   3 root supergroup 1073741824 2019-03-28 04:53 /myfile2
-rw-r--r--   3 root supergroup 1073741824 2019-03-28 04:54 /myfile3
-rw-r--r--   3 root supergroup 1073741824 2019-03-28 04:53 /myfile4
-rw-r--r--   3 root supergroup 1073741824 2019-03-28 04:54 /myfile5
file 3 has been put into HDFS
file 3 has been read from HDFS for 1 time
diff succeed!
file 3 has been read from HDFS for 2 time
diff succeed!
file 3 has been read from HDFS for 3 time
diff succeed!
file 3 has been read from HDFS for 4 time
diff succeed!
file 3 has been read from HDFS for 5 time
diff succeed!
file 3 has been read from HDFS for 6 time
diff succeed!
file 3 has been read from HDFS for 7 time
diff succeed!
file 3 has been read from HDFS for 8 time
diff succeed!
file 3 has been read from HDFS for 9 time
diff succeed!
file 3 has been read from HDFS for 10 time
diff succeed!
