Found 5 items
-rw-r--r--   3 root supergroup 1073741824 2019-03-25 16:25 /myfile1
-rw-r--r--   3 root supergroup 1073741824 2019-03-25 16:25 /myfile2
-rw-r--r--   3 root supergroup 1073741824 2019-03-25 16:25 /myfile3
-rw-r--r--   3 root supergroup 1073741824 2019-03-25 16:25 /myfile4
-rw-r--r--   3 root supergroup 1073741824 2019-03-25 16:25 /myfile5
file 4 has been put into HDFS
file 4 has been read from HDFS for 1 time
diff succeed!
file 4 has been read from HDFS for 2 time
diff succeed!
file 4 has been read from HDFS for 3 time
diff succeed!
file 4 has been read from HDFS for 4 time
diff succeed!
file 4 has been read from HDFS for 5 time
diff succeed!
file 4 has been read from HDFS for 6 time
diff succeed!
file 4 has been read from HDFS for 7 time
diff succeed!
file 4 has been read from HDFS for 8 time
diff succeed!
file 4 has been read from HDFS for 9 time
diff succeed!
file 4 has been read from HDFS for 10 time
diff succeed!
Deleted /myfile4
file 4 has been removed from HDFS
Found 5 items
-rw-r--r--   3 root supergroup 1073741824 2019-03-25 16:25 /myfile1
-rw-r--r--   3 root supergroup 1073741824 2019-03-25 16:28 /myfile2
-rw-r--r--   3 root supergroup 1073741824 2019-03-25 16:28 /myfile3
-rw-r--r--   3 root supergroup 1073741824 2019-03-25 16:28 /myfile4
-rw-r--r--   3 root supergroup 1073741824 2019-03-25 16:28 /myfile5
file 4 has been put into HDFS
file 4 has been read from HDFS for 1 time
diff succeed!
file 4 has been read from HDFS for 2 time
diff succeed!
file 4 has been read from HDFS for 3 time
diff succeed!
file 4 has been read from HDFS for 4 time
diff succeed!
file 4 has been read from HDFS for 5 time
diff succeed!
file 4 has been read from HDFS for 6 time
diff succeed!
file 4 has been read from HDFS for 7 time
diff succeed!
file 4 has been read from HDFS for 8 time
diff succeed!
file 4 has been read from HDFS for 9 time
diff succeed!
file 4 has been read from HDFS for 10 time
diff succeed!
Deleted /myfile4
file 4 has been removed from HDFS
Found 5 items
-rw-r--r--   3 root supergroup 1073741824 2019-03-25 16:30 /myfile1
-rw-r--r--   3 root supergroup 1073741824 2019-03-25 16:29 /myfile2
-rw-r--r--   3 root supergroup 1073741824 2019-03-25 16:29 /myfile3
-rw-r--r--   3 root supergroup 1073741824 2019-03-25 16:30 /myfile4
-rw-r--r--   3 root supergroup 1073741824 2019-03-25 16:29 /myfile5
file 4 has been put into HDFS
file 4 has been read from HDFS for 1 time
diff succeed!
file 4 has been read from HDFS for 2 time
diff succeed!
file 4 has been read from HDFS for 3 time
diff succeed!
file 4 has been read from HDFS for 4 time
diff succeed!
file 4 has been read from HDFS for 5 time
diff succeed!
file 4 has been read from HDFS for 6 time
diff succeed!
file 4 has been read from HDFS for 7 time
diff succeed!
file 4 has been read from HDFS for 8 time
diff succeed!
file 4 has been read from HDFS for 9 time
diff succeed!
file 4 has been read from HDFS for 10 time
diff succeed!
Deleted /myfile4
file 4 has been removed from HDFS
Found 5 items
-rw-r--r--   3 root supergroup 1073741824 2019-03-25 16:31 /myfile1
-rw-r--r--   3 root supergroup 1073741824 2019-03-25 16:31 /myfile2
-rw-r--r--   3 root supergroup 1073741824 2019-03-25 16:31 /myfile3
-rw-r--r--   3 root supergroup 1073741824 2019-03-25 16:32 /myfile4
-rw-r--r--   3 root supergroup 1073741824 2019-03-25 16:31 /myfile5
file 4 has been put into HDFS
file 4 has been read from HDFS for 1 time
diff succeed!
file 4 has been read from HDFS for 2 time
diff succeed!
file 4 has been read from HDFS for 3 time
diff succeed!
file 4 has been read from HDFS for 4 time
diff succeed!
file 4 has been read from HDFS for 5 time
diff succeed!
file 4 has been read from HDFS for 6 time
diff succeed!
file 4 has been read from HDFS for 7 time
diff succeed!
file 4 has been read from HDFS for 8 time
diff succeed!
file 4 has been read from HDFS for 9 time
diff succeed!
file 4 has been read from HDFS for 10 time
diff succeed!
Deleted /myfile4
file 4 has been removed from HDFS
Found 5 items
-rw-r--r--   3 root supergroup 1073741824 2019-03-25 16:33 /myfile1
-rw-r--r--   3 root supergroup 1073741824 2019-03-25 16:32 /myfile2
-rw-r--r--   3 root supergroup 1073741824 2019-03-25 16:33 /myfile3
-rw-r--r--   3 root supergroup 1073741824 2019-03-25 16:33 /myfile4
-rw-r--r--   3 root supergroup 1073741824 2019-03-25 16:32 /myfile5
file 4 has been put into HDFS
file 4 has been read from HDFS for 1 time
diff succeed!
file 4 has been read from HDFS for 2 time
diff succeed!
file 4 has been read from HDFS for 3 time
diff succeed!
file 4 has been read from HDFS for 4 time
diff succeed!
file 4 has been read from HDFS for 5 time
diff succeed!
file 4 has been read from HDFS for 6 time
diff succeed!
file 4 has been read from HDFS for 7 time
diff succeed!
file 4 has been read from HDFS for 8 time
diff succeed!
file 4 has been read from HDFS for 9 time
diff succeed!
file 4 has been read from HDFS for 10 time
diff succeed!
Deleted /myfile4
file 4 has been removed from HDFS
2019-03-25 16:35:45,201 INFO  hdfs.DataStreamer DataStreamer.java:createBlockOutputStream:1789 - Exception in createBlockOutputStream blk_1073742064_1240
java.io.IOException: Got error, status=ERROR, status message , ack with firstBadLink as 10.10.1.6:9866
	at org.apache.hadoop.hdfs.protocol.datatransfer.DataTransferProtoUtil.checkBlockOpStatus(DataTransferProtoUtil.java:134)
	at org.apache.hadoop.hdfs.protocol.datatransfer.DataTransferProtoUtil.checkBlockOpStatus(DataTransferProtoUtil.java:110)
	at org.apache.hadoop.hdfs.DataStreamer.createBlockOutputStream(DataStreamer.java:1778)
	at org.apache.hadoop.hdfs.DataStreamer.nextBlockOutputStream(DataStreamer.java:1679)
	at org.apache.hadoop.hdfs.DataStreamer.run(DataStreamer.java:716)
2019-03-25 16:35:45,206 WARN  hdfs.DataStreamer DataStreamer.java:nextBlockOutputStream:1683 - Abandoning BP-1800390977-130.127.133.65-1553552698700:blk_1073742064_1240
2019-03-25 16:35:45,232 WARN  hdfs.DataStreamer DataStreamer.java:nextBlockOutputStream:1688 - Excluding datanode DatanodeInfoWithStorage[10.10.1.6:9866,DS-121368d8-8873-49e1-a910-da06970e3ca5,DISK]
Found 5 items
-rw-r--r--   3 root supergroup 1073741824 2019-03-25 16:35 /myfile1
-rw-r--r--   3 root supergroup 1073741824 2019-03-25 16:34 /myfile2
-rw-r--r--   3 root supergroup 1073741824 2019-03-25 16:35 /myfile3
-rw-r--r--   3 root supergroup 1073741824 2019-03-25 16:35 /myfile4
-rw-r--r--   3 root supergroup 1073741824 2019-03-25 16:34 /myfile5
file 4 has been put into HDFS
file 4 has been read from HDFS for 1 time
diff succeed!
file 4 has been read from HDFS for 2 time
diff succeed!
file 4 has been read from HDFS for 3 time
diff succeed!
file 4 has been read from HDFS for 4 time
diff succeed!
file 4 has been read from HDFS for 5 time
diff succeed!
file 4 has been read from HDFS for 6 time
diff succeed!
file 4 has been read from HDFS for 7 time
diff succeed!
file 4 has been read from HDFS for 8 time
diff succeed!
file 4 has been read from HDFS for 9 time
diff succeed!
file 4 has been read from HDFS for 10 time
diff succeed!
Deleted /myfile4
file 4 has been removed from HDFS
Found 5 items
-rw-r--r--   3 root supergroup 1073741824 2019-03-25 16:38 /myfile1
-rw-r--r--   3 root supergroup 1073741824 2019-03-25 16:37 /myfile2
-rw-r--r--   3 root supergroup 1073741824 2019-03-25 16:38 /myfile3
-rw-r--r--   3 root supergroup 1073741824 2019-03-25 16:38 /myfile4
-rw-r--r--   3 root supergroup 1073741824 2019-03-25 16:37 /myfile5
file 4 has been put into HDFS
file 4 has been read from HDFS for 1 time
diff succeed!
file 4 has been read from HDFS for 2 time
diff succeed!
file 4 has been read from HDFS for 3 time
diff succeed!
file 4 has been read from HDFS for 4 time
diff succeed!
file 4 has been read from HDFS for 5 time
diff succeed!
file 4 has been read from HDFS for 6 time
diff succeed!
file 4 has been read from HDFS for 7 time
diff succeed!
file 4 has been read from HDFS for 8 time
diff succeed!
file 4 has been read from HDFS for 9 time
diff succeed!
file 4 has been read from HDFS for 10 time
diff succeed!
Deleted /myfile4
file 4 has been removed from HDFS
Found 5 items
-rw-r--r--   3 root supergroup 1073741824 2019-03-25 16:40 /myfile1
-rw-r--r--   3 root supergroup 1073741824 2019-03-25 16:39 /myfile2
-rw-r--r--   3 root supergroup 1073741824 2019-03-25 16:39 /myfile3
-rw-r--r--   3 root supergroup 1073741824 2019-03-25 16:40 /myfile4
-rw-r--r--   3 root supergroup 1073741824 2019-03-25 16:39 /myfile5
file 4 has been put into HDFS
file 4 has been read from HDFS for 1 time
diff succeed!
file 4 has been read from HDFS for 2 time
diff succeed!
