Found 5 items
-rw-r--r--   3 root supergroup 1073741824 2019-03-20 03:10 /myfile1
-rw-r--r--   3 root supergroup 1073741824 2019-03-20 03:10 /myfile2
-rw-r--r--   3 root supergroup 1073741824 2019-03-20 03:10 /myfile3
-rw-r--r--   3 root supergroup 1073741824 2019-03-20 03:10 /myfile4
-rw-r--r--   3 root supergroup 1073741824 2019-03-20 03:10 /myfile5
file 5 has been put into HDFS
file 5 has been read from HDFS for 1 time
diff succeed!
file 5 has been read from HDFS for 2 time
diff succeed!
file 5 has been read from HDFS for 3 time
diff succeed!
file 5 has been read from HDFS for 4 time
diff succeed!
file 5 has been read from HDFS for 5 time
diff succeed!
file 5 has been read from HDFS for 6 time
diff succeed!
file 5 has been read from HDFS for 7 time
diff succeed!
file 5 has been read from HDFS for 8 time
diff succeed!
file 5 has been read from HDFS for 9 time
diff succeed!
file 5 has been read from HDFS for 10 time
diff succeed!
Deleted /myfile5
file 5 has been removed from HDFS
Found 5 items
-rw-r--r--   3 root supergroup 1073741824 2019-03-20 03:12 /myfile1
-rw-r--r--   3 root supergroup 1073741824 2019-03-20 03:12 /myfile2
-rw-r--r--   3 root supergroup 1073741824 2019-03-20 03:13 /myfile3
-rw-r--r--   3 root supergroup 1073741824 2019-03-20 03:12 /myfile4
-rw-r--r--   3 root supergroup 1073741824 2019-03-20 03:13 /myfile5
file 5 has been put into HDFS
file 5 has been read from HDFS for 1 time
diff succeed!
file 5 has been read from HDFS for 2 time
diff succeed!
file 5 has been read from HDFS for 3 time
diff succeed!
file 5 has been read from HDFS for 4 time
diff succeed!
file 5 has been read from HDFS for 5 time
diff succeed!
file 5 has been read from HDFS for 6 time
diff succeed!
file 5 has been read from HDFS for 7 time
diff succeed!
file 5 has been read from HDFS for 8 time
diff succeed!
file 5 has been read from HDFS for 9 time
diff succeed!
file 5 has been read from HDFS for 10 time
diff succeed!
Deleted /myfile5
file 5 has been removed from HDFS
Found 5 items
-rw-r--r--   3 root supergroup 1073741824 2019-03-20 03:14 /myfile1
-rw-r--r--   3 root supergroup 1073741824 2019-03-20 03:14 /myfile2
-rw-r--r--   3 root supergroup 1073741824 2019-03-20 03:15 /myfile3
-rw-r--r--   3 root supergroup 1073741824 2019-03-20 03:14 /myfile4
-rw-r--r--   3 root supergroup 1073741824 2019-03-20 03:15 /myfile5
file 5 has been put into HDFS
file 5 has been read from HDFS for 1 time
diff succeed!
file 5 has been read from HDFS for 2 time
diff succeed!
2019-03-20 03:15:32,070 INFO  retry.RetryInvocationHandler RetryInvocationHandler.java:log:411 - java.io.IOException: DestHost:destPort node-1-link-0:8020 , LocalHost:localPort clnode051.clemson.cloudlab.us/130.127.133.60:0. Failed on local exception: java.io.IOException: Connection reset by peer, while invoking ClientNamenodeProtocolTranslatorPB.getFileInfo over node-1-link-0/10.10.1.4:8020 after 1 failover attempts. Trying to failover after sleeping for 1039ms.
2019-03-20 03:15:33,118 INFO  retry.RetryInvocationHandler RetryInvocationHandler.java:log:411 - org.apache.hadoop.ipc.RemoteException(org.apache.hadoop.ipc.StandbyException): Operation category READ is not supported in state standby. Visit https://s.apache.org/sbnn-error
	at org.apache.hadoop.hdfs.server.namenode.ha.StandbyState.checkOperation(StandbyState.java:88)
	at org.apache.hadoop.hdfs.server.namenode.NameNode$NameNodeHAContext.checkOperation(NameNode.java:1952)
	at org.apache.hadoop.hdfs.server.namenode.FSNamesystem.checkOperation(FSNamesystem.java:1423)
	at org.apache.hadoop.hdfs.server.namenode.FSNamesystem.getFileInfo(FSNamesystem.java:3085)
	at org.apache.hadoop.hdfs.server.namenode.NameNodeRpcServer.getFileInfo(NameNodeRpcServer.java:1154)
	at org.apache.hadoop.hdfs.protocolPB.ClientNamenodeProtocolServerSideTranslatorPB.getFileInfo(ClientNamenodeProtocolServerSideTranslatorPB.java:966)
	at org.apache.hadoop.hdfs.protocol.proto.ClientNamenodeProtocolProtos$ClientNamenodeProtocol$2.callBlockingMethod(ClientNamenodeProtocolProtos.java)
	at org.apache.hadoop.ipc.ProtobufRpcEngine$Server$ProtoBufRpcInvoker.call(ProtobufRpcEngine.java:523)
	at org.apache.hadoop.ipc.RPC$Server.call(RPC.java:991)
	at org.apache.hadoop.ipc.Server$RpcCall.run(Server.java:872)
	at org.apache.hadoop.ipc.Server$RpcCall.run(Server.java:818)
	at java.security.AccessController.doPrivileged(Native Method)
	at javax.security.auth.Subject.doAs(Subject.java:422)
	at org.apache.hadoop.security.UserGroupInformation.doAs(UserGroupInformation.java:1729)
	at org.apache.hadoop.ipc.Server$Handler.run(Server.java:2678)
, while invoking ClientNamenodeProtocolTranslatorPB.getFileInfo over node-0-link-0/10.10.1.1:8020 after 2 failover attempts. Trying to failover after sleeping for 2800ms.
2019-03-20 03:15:35,922 INFO  retry.RetryInvocationHandler RetryInvocationHandler.java:log:411 - java.net.ConnectException: Call From clnode051.clemson.cloudlab.us/130.127.133.60 to node-1-link-0:8020 failed on connection exception: java.net.ConnectException: Connection refused; For more details see:  http://wiki.apache.org/hadoop/ConnectionRefused, while invoking ClientNamenodeProtocolTranslatorPB.getFileInfo over node-1-link-0/10.10.1.4:8020 after 3 failover attempts. Trying to failover after sleeping for 5245ms.
file 5 has been read from HDFS for 3 time
diff succeed!
file 5 has been read from HDFS for 4 time
diff succeed!
file 5 has been read from HDFS for 5 time
diff succeed!
file 5 has been read from HDFS for 6 time
diff succeed!
file 5 has been read from HDFS for 7 time
diff succeed!
file 5 has been read from HDFS for 8 time
diff succeed!
file 5 has been read from HDFS for 9 time
diff succeed!
file 5 has been read from HDFS for 10 time
diff succeed!
Deleted /myfile5
file 5 has been removed from HDFS
Found 5 items
-rw-r--r--   3 root supergroup 1073741824 2019-03-20 03:16 /myfile1
-rw-r--r--   3 root supergroup 1073741824 2019-03-20 03:16 /myfile2
-rw-r--r--   3 root supergroup 1073741824 2019-03-20 03:16 /myfile3
-rw-r--r--   3 root supergroup 1073741824 2019-03-20 03:16 /myfile4
-rw-r--r--   3 root supergroup 1073741824 2019-03-20 03:16 /myfile5
file 5 has been put into HDFS
file 5 has been read from HDFS for 1 time
diff succeed!
file 5 has been read from HDFS for 2 time
diff succeed!
file 5 has been read from HDFS for 3 time
diff succeed!
file 5 has been read from HDFS for 4 time
diff succeed!
file 5 has been read from HDFS for 5 time
diff succeed!
file 5 has been read from HDFS for 6 time
diff succeed!
file 5 has been read from HDFS for 7 time
diff succeed!
file 5 has been read from HDFS for 8 time
diff succeed!
file 5 has been read from HDFS for 9 time
diff succeed!
file 5 has been read from HDFS for 10 time
diff succeed!
Deleted /myfile5
file 5 has been removed from HDFS
Found 5 items
-rw-r--r--   3 root supergroup 1073741824 2019-03-20 03:17 /myfile1
-rw-r--r--   3 root supergroup 1073741824 2019-03-20 03:18 /myfile2
-rw-r--r--   3 root supergroup 1073741824 2019-03-20 03:19 /myfile3
-rw-r--r--   3 root supergroup 1073741824 2019-03-20 03:17 /myfile4
-rw-r--r--   3 root supergroup 1073741824 2019-03-20 03:19 /myfile5
file 5 has been put into HDFS
file 5 has been read from HDFS for 1 time
diff succeed!
file 5 has been read from HDFS for 2 time
diff succeed!
file 5 has been read from HDFS for 3 time
diff succeed!
file 5 has been read from HDFS for 4 time
diff succeed!
file 5 has been read from HDFS for 5 time
diff succeed!
file 5 has been read from HDFS for 6 time
diff succeed!
file 5 has been read from HDFS for 7 time
diff succeed!
file 5 has been read from HDFS for 8 time
diff succeed!
file 5 has been read from HDFS for 9 time
diff succeed!
file 5 has been read from HDFS for 10 time
diff succeed!
Deleted /myfile5
file 5 has been removed from HDFS
Found 5 items
-rw-r--r--   3 root supergroup 1073741824 2019-03-20 03:19 /myfile1
-rw-r--r--   3 root supergroup 1073741824 2019-03-20 03:19 /myfile2
-rw-r--r--   3 root supergroup 1073741824 2019-03-20 03:20 /myfile3
-rw-r--r--   3 root supergroup 1073741824 2019-03-20 03:19 /myfile4
-rw-r--r--   3 root supergroup 1073741824 2019-03-20 03:21 /myfile5
file 5 has been put into HDFS
file 5 has been read from HDFS for 1 time
diff succeed!
file 5 has been read from HDFS for 2 time
diff succeed!
file 5 has been read from HDFS for 3 time
diff succeed!
file 5 has been read from HDFS for 4 time
diff succeed!
file 5 has been read from HDFS for 5 time
diff succeed!
2019-03-20 03:21:42,830 INFO  retry.RetryInvocationHandler RetryInvocationHandler.java:log:411 - org.apache.hadoop.ipc.RemoteException(org.apache.hadoop.ipc.StandbyException): Operation category READ is not supported in state standby. Visit https://s.apache.org/sbnn-error
	at org.apache.hadoop.hdfs.server.namenode.ha.StandbyState.checkOperation(StandbyState.java:88)
	at org.apache.hadoop.hdfs.server.namenode.NameNode$NameNodeHAContext.checkOperation(NameNode.java:1952)
	at org.apache.hadoop.hdfs.server.namenode.FSNamesystem.checkOperation(FSNamesystem.java:1423)
	at org.apache.hadoop.hdfs.server.namenode.FSNamesystem.getFileInfo(FSNamesystem.java:3085)
	at org.apache.hadoop.hdfs.server.namenode.NameNodeRpcServer.getFileInfo(NameNodeRpcServer.java:1154)
	at org.apache.hadoop.hdfs.protocolPB.ClientNamenodeProtocolServerSideTranslatorPB.getFileInfo(ClientNamenodeProtocolServerSideTranslatorPB.java:966)
	at org.apache.hadoop.hdfs.protocol.proto.ClientNamenodeProtocolProtos$ClientNamenodeProtocol$2.callBlockingMethod(ClientNamenodeProtocolProtos.java)
	at org.apache.hadoop.ipc.ProtobufRpcEngine$Server$ProtoBufRpcInvoker.call(ProtobufRpcEngine.java:523)
	at org.apache.hadoop.ipc.RPC$Server.call(RPC.java:991)
	at org.apache.hadoop.ipc.Server$RpcCall.run(Server.java:872)
	at org.apache.hadoop.ipc.Server$RpcCall.run(Server.java:818)
	at java.security.AccessController.doPrivileged(Native Method)
	at javax.security.auth.Subject.doAs(Subject.java:422)
	at org.apache.hadoop.security.UserGroupInformation.doAs(UserGroupInformation.java:1729)
	at org.apache.hadoop.ipc.Server$Handler.run(Server.java:2678)
, while invoking ClientNamenodeProtocolTranslatorPB.getFileInfo over node-1-link-0/10.10.1.4:8020 after 1 failover attempts. Trying to failover after sleeping for 1286ms.
2019-03-20 03:21:44,124 INFO  retry.RetryInvocationHandler RetryInvocationHandler.java:log:411 - java.net.ConnectException: Call From clnode051.clemson.cloudlab.us/130.127.133.60 to node-0-link-0:8020 failed on connection exception: java.net.ConnectException: Connection refused; For more details see:  http://wiki.apache.org/hadoop/ConnectionRefused, while invoking ClientNamenodeProtocolTranslatorPB.getFileInfo over node-0-link-0/10.10.1.1:8020 after 2 failover attempts. Trying to failover after sleeping for 1554ms.
file 5 has been read from HDFS for 6 time
diff succeed!
file 5 has been read from HDFS for 7 time
diff succeed!
file 5 has been read from HDFS for 8 time
diff succeed!
file 5 has been read from HDFS for 9 time
diff succeed!
file 5 has been read from HDFS for 10 time
diff succeed!
Deleted /myfile5
file 5 has been removed from HDFS
Found 5 items
-rw-r--r--   3 root supergroup 1073741824 2019-03-20 03:22 /myfile1
-rw-r--r--   3 root supergroup 1073741824 2019-03-20 03:22 /myfile2
-rw-r--r--   3 root supergroup 1073741824 2019-03-20 03:22 /myfile3
-rw-r--r--   3 root supergroup 1073741824 2019-03-20 03:21 /myfile4
-rw-r--r--   3 root supergroup 1073741824 2019-03-20 03:22 /myfile5
file 5 has been put into HDFS
file 5 has been read from HDFS for 1 time
diff succeed!
file 5 has been read from HDFS for 2 time
diff succeed!
file 5 has been read from HDFS for 3 time
diff succeed!
file 5 has been read from HDFS for 4 time
diff succeed!
file 5 has been read from HDFS for 5 time
diff succeed!
file 5 has been read from HDFS for 6 time
diff succeed!
file 5 has been read from HDFS for 7 time
diff succeed!
file 5 has been read from HDFS for 8 time
diff succeed!
file 5 has been read from HDFS for 9 time
diff succeed!
file 5 has been read from HDFS for 10 time
diff succeed!
Deleted /myfile5
file 5 has been removed from HDFS
Found 5 items
-rw-r--r--   3 root supergroup 1073741824 2019-03-20 03:24 /myfile1
-rw-r--r--   3 root supergroup 1073741824 2019-03-20 03:24 /myfile2
-rw-r--r--   3 root supergroup 1073741824 2019-03-20 03:24 /myfile3
-rw-r--r--   3 root supergroup 1073741824 2019-03-20 03:23 /myfile4
-rw-r--r--   3 root supergroup 1073741824 2019-03-20 03:24 /myfile5
file 5 has been put into HDFS
file 5 has been read from HDFS for 1 time
diff succeed!
file 5 has been read from HDFS for 2 time
diff succeed!
file 5 has been read from HDFS for 3 time
diff succeed!
file 5 has been read from HDFS for 4 time
diff succeed!
file 5 has been read from HDFS for 5 time
diff succeed!
file 5 has been read from HDFS for 6 time
diff succeed!
file 5 has been read from HDFS for 7 time
diff succeed!
file 5 has been read from HDFS for 8 time
diff succeed!
file 5 has been read from HDFS for 9 time
diff succeed!
file 5 has been read from HDFS for 10 time
diff succeed!
Deleted /myfile5
file 5 has been removed from HDFS
Found 5 items
-rw-r--r--   3 root supergroup 1073741824 2019-03-20 03:25 /myfile1
-rw-r--r--   3 root supergroup 1073741824 2019-03-20 03:25 /myfile2
-rw-r--r--   3 root supergroup 1073741824 2019-03-20 03:24 /myfile3
-rw-r--r--   3 root supergroup 1073741824 2019-03-20 03:25 /myfile4
-rw-r--r--   3 root supergroup 1073741824 2019-03-20 03:25 /myfile5
file 5 has been put into HDFS
file 5 has been read from HDFS for 1 time
diff succeed!
file 5 has been read from HDFS for 2 time
diff succeed!
file 5 has been read from HDFS for 3 time
diff succeed!
file 5 has been read from HDFS for 4 time
diff succeed!
file 5 has been read from HDFS for 5 time
diff succeed!
file 5 has been read from HDFS for 6 time
diff succeed!
file 5 has been read from HDFS for 7 time
diff succeed!
file 5 has been read from HDFS for 8 time
diff succeed!
file 5 has been read from HDFS for 9 time
diff succeed!
file 5 has been read from HDFS for 10 time
diff succeed!
2019-03-20 03:27:30,943 INFO  retry.RetryInvocationHandler RetryInvocationHandler.java:log:411 - org.apache.hadoop.ipc.RemoteException(org.apache.hadoop.ipc.StandbyException): Operation category READ is not supported in state standby. Visit https://s.apache.org/sbnn-error
	at org.apache.hadoop.hdfs.server.namenode.ha.StandbyState.checkOperation(StandbyState.java:88)
	at org.apache.hadoop.hdfs.server.namenode.NameNode$NameNodeHAContext.checkOperation(NameNode.java:1952)
	at org.apache.hadoop.hdfs.server.namenode.FSNamesystem.checkOperation(FSNamesystem.java:1423)
	at org.apache.hadoop.hdfs.server.namenode.FSNamesystem.getFileInfo(FSNamesystem.java:3085)
	at org.apache.hadoop.hdfs.server.namenode.NameNodeRpcServer.getFileInfo(NameNodeRpcServer.java:1154)
	at org.apache.hadoop.hdfs.protocolPB.ClientNamenodeProtocolServerSideTranslatorPB.getFileInfo(ClientNamenodeProtocolServerSideTranslatorPB.java:966)
	at org.apache.hadoop.hdfs.protocol.proto.ClientNamenodeProtocolProtos$ClientNamenodeProtocol$2.callBlockingMethod(ClientNamenodeProtocolProtos.java)
	at org.apache.hadoop.ipc.ProtobufRpcEngine$Server$ProtoBufRpcInvoker.call(ProtobufRpcEngine.java:523)
	at org.apache.hadoop.ipc.RPC$Server.call(RPC.java:991)
	at org.apache.hadoop.ipc.Server$RpcCall.run(Server.java:872)
	at org.apache.hadoop.ipc.Server$RpcCall.run(Server.java:818)
	at java.security.AccessController.doPrivileged(Native Method)
	at javax.security.auth.Subject.doAs(Subject.java:422)
	at org.apache.hadoop.security.UserGroupInformation.doAs(UserGroupInformation.java:1729)
	at org.apache.hadoop.ipc.Server$Handler.run(Server.java:2678)
, while invoking ClientNamenodeProtocolTranslatorPB.getFileInfo over node-1-link-0/10.10.1.4:8020 after 1 failover attempts. Trying to failover after sleeping for 1245ms.
2019-03-20 03:27:32,196 INFO  retry.RetryInvocationHandler RetryInvocationHandler.java:log:411 - java.net.ConnectException: Call From clnode051.clemson.cloudlab.us/130.127.133.60 to node-0-link-0:8020 failed on connection exception: java.net.ConnectException: Connection refused; For more details see:  http://wiki.apache.org/hadoop/ConnectionRefused, while invoking ClientNamenodeProtocolTranslatorPB.getFileInfo over node-0-link-0/10.10.1.1:8020 after 2 failover attempts. Trying to failover after sleeping for 2274ms.
2019-03-20 03:27:34,531 INFO  retry.RetryInvocationHandler RetryInvocationHandler.java:log:411 - org.apache.hadoop.ipc.RemoteException(org.apache.hadoop.ipc.RetriableException): org.apache.hadoop.hdfs.server.namenode.SafeModeException: Cannot delete /myfile5. Name node is in safe mode.
The reported blocks 22 has reached the threshold 0.9990 of total blocks 22. The number of live datanodes 4 has reached the minimum number 0. In safe mode extension. Safe mode will be turned off automatically in 10 seconds. NamenodeHostName:node-1-link-0
	at org.apache.hadoop.hdfs.server.namenode.FSNamesystem.checkNameNodeSafeMode(FSNamesystem.java:1441)
	at org.apache.hadoop.hdfs.server.namenode.FSNamesystem.delete(FSNamesystem.java:2986)
	at org.apache.hadoop.hdfs.server.namenode.NameNodeRpcServer.delete(NameNodeRpcServer.java:1095)
	at org.apache.hadoop.hdfs.protocolPB.ClientNamenodeProtocolServerSideTranslatorPB.delete(ClientNamenodeProtocolServerSideTranslatorPB.java:692)
	at org.apache.hadoop.hdfs.protocol.proto.ClientNamenodeProtocolProtos$ClientNamenodeProtocol$2.callBlockingMethod(ClientNamenodeProtocolProtos.java)
	at org.apache.hadoop.ipc.ProtobufRpcEngine$Server$ProtoBufRpcInvoker.call(ProtobufRpcEngine.java:523)
	at org.apache.hadoop.ipc.RPC$Server.call(RPC.java:991)
	at org.apache.hadoop.ipc.Server$RpcCall.run(Server.java:872)
	at org.apache.hadoop.ipc.Server$RpcCall.run(Server.java:818)
	at java.security.AccessController.doPrivileged(Native Method)
	at javax.security.auth.Subject.doAs(Subject.java:422)
	at org.apache.hadoop.security.UserGroupInformation.doAs(UserGroupInformation.java:1729)
	at org.apache.hadoop.ipc.Server$Handler.run(Server.java:2678)
Caused by: org.apache.hadoop.hdfs.server.namenode.SafeModeException: Cannot delete /myfile5. Name node is in safe mode.
The reported blocks 22 has reached the threshold 0.9990 of total blocks 22. The number of live datanodes 4 has reached the minimum number 0. In safe mode extension. Safe mode will be turned off automatically in 10 seconds. NamenodeHostName:node-1-link-0
	at org.apache.hadoop.hdfs.server.namenode.FSNamesystem.newSafemodeException(FSNamesystem.java:1450)
	at org.apache.hadoop.hdfs.server.namenode.FSNamesystem.checkNameNodeSafeMode(FSNamesystem.java:1437)
	... 12 more
, while invoking ClientNamenodeProtocolTranslatorPB.delete over node-1-link-0/10.10.1.4:8020. Retrying immediately.
2019-03-20 03:27:34,534 INFO  retry.RetryInvocationHandler RetryInvocationHandler.java:log:411 - org.apache.hadoop.ipc.RemoteException(org.apache.hadoop.ipc.RetriableException): org.apache.hadoop.hdfs.server.namenode.SafeModeException: Cannot delete /myfile5. Name node is in safe mode.
The reported blocks 22 has reached the threshold 0.9990 of total blocks 22. The number of live datanodes 4 has reached the minimum number 0. In safe mode extension. Safe mode will be turned off automatically in 10 seconds. NamenodeHostName:node-1-link-0
	at org.apache.hadoop.hdfs.server.namenode.FSNamesystem.checkNameNodeSafeMode(FSNamesystem.java:1441)
	at org.apache.hadoop.hdfs.server.namenode.FSNamesystem.delete(FSNamesystem.java:2986)
	at org.apache.hadoop.hdfs.server.namenode.NameNodeRpcServer.delete(NameNodeRpcServer.java:1095)
	at org.apache.hadoop.hdfs.protocolPB.ClientNamenodeProtocolServerSideTranslatorPB.delete(ClientNamenodeProtocolServerSideTranslatorPB.java:692)
	at org.apache.hadoop.hdfs.protocol.proto.ClientNamenodeProtocolProtos$ClientNamenodeProtocol$2.callBlockingMethod(ClientNamenodeProtocolProtos.java)
	at org.apache.hadoop.ipc.ProtobufRpcEngine$Server$ProtoBufRpcInvoker.call(ProtobufRpcEngine.java:523)
	at org.apache.hadoop.ipc.RPC$Server.call(RPC.java:991)
	at org.apache.hadoop.ipc.Server$RpcCall.run(Server.java:872)
	at org.apache.hadoop.ipc.Server$RpcCall.run(Server.java:818)
	at java.security.AccessController.doPrivileged(Native Method)
	at javax.security.auth.Subject.doAs(Subject.java:422)
	at org.apache.hadoop.security.UserGroupInformation.doAs(UserGroupInformation.java:1729)
	at org.apache.hadoop.ipc.Server$Handler.run(Server.java:2678)
Caused by: org.apache.hadoop.hdfs.server.namenode.SafeModeException: Cannot delete /myfile5. Name node is in safe mode.
The reported blocks 22 has reached the threshold 0.9990 of total blocks 22. The number of live datanodes 4 has reached the minimum number 0. In safe mode extension. Safe mode will be turned off automatically in 10 seconds. NamenodeHostName:node-1-link-0
	at org.apache.hadoop.hdfs.server.namenode.FSNamesystem.newSafemodeException(FSNamesystem.java:1450)
	at org.apache.hadoop.hdfs.server.namenode.FSNamesystem.checkNameNodeSafeMode(FSNamesystem.java:1437)
	... 12 more
, while invoking ClientNamenodeProtocolTranslatorPB.delete over node-1-link-0/10.10.1.4:8020. Retrying after sleeping for 1193ms.
2019-03-20 03:27:35,730 INFO  retry.RetryInvocationHandler RetryInvocationHandler.java:log:411 - org.apache.hadoop.ipc.RemoteException(org.apache.hadoop.ipc.RetriableException): org.apache.hadoop.hdfs.server.namenode.SafeModeException: Cannot delete /myfile5. Name node is in safe mode.
The reported blocks 22 has reached the threshold 0.9990 of total blocks 22. The number of live datanodes 4 has reached the minimum number 0. In safe mode extension. Safe mode will be turned off automatically in 9 seconds. NamenodeHostName:node-1-link-0
	at org.apache.hadoop.hdfs.server.namenode.FSNamesystem.checkNameNodeSafeMode(FSNamesystem.java:1441)
	at org.apache.hadoop.hdfs.server.namenode.FSNamesystem.delete(FSNamesystem.java:2986)
	at org.apache.hadoop.hdfs.server.namenode.NameNodeRpcServer.delete(NameNodeRpcServer.java:1095)
	at org.apache.hadoop.hdfs.protocolPB.ClientNamenodeProtocolServerSideTranslatorPB.delete(ClientNamenodeProtocolServerSideTranslatorPB.java:692)
	at org.apache.hadoop.hdfs.protocol.proto.ClientNamenodeProtocolProtos$ClientNamenodeProtocol$2.callBlockingMethod(ClientNamenodeProtocolProtos.java)
	at org.apache.hadoop.ipc.ProtobufRpcEngine$Server$ProtoBufRpcInvoker.call(ProtobufRpcEngine.java:523)
	at org.apache.hadoop.ipc.RPC$Server.call(RPC.java:991)
	at org.apache.hadoop.ipc.Server$RpcCall.run(Server.java:872)
	at org.apache.hadoop.ipc.Server$RpcCall.run(Server.java:818)
	at java.security.AccessController.doPrivileged(Native Method)
	at javax.security.auth.Subject.doAs(Subject.java:422)
	at org.apache.hadoop.security.UserGroupInformation.doAs(UserGroupInformation.java:1729)
	at org.apache.hadoop.ipc.Server$Handler.run(Server.java:2678)
Caused by: org.apache.hadoop.hdfs.server.namenode.SafeModeException: Cannot delete /myfile5. Name node is in safe mode.
The reported blocks 22 has reached the threshold 0.9990 of total blocks 22. The number of live datanodes 4 has reached the minimum number 0. In safe mode extension. Safe mode will be turned off automatically in 9 seconds. NamenodeHostName:node-1-link-0
	at org.apache.hadoop.hdfs.server.namenode.FSNamesystem.newSafemodeException(FSNamesystem.java:1450)
	at org.apache.hadoop.hdfs.server.namenode.FSNamesystem.checkNameNodeSafeMode(FSNamesystem.java:1437)
	... 12 more
, while invoking ClientNamenodeProtocolTranslatorPB.delete over node-1-link-0/10.10.1.4:8020. Retrying after sleeping for 2325ms.
2019-03-20 03:27:38,058 INFO  retry.RetryInvocationHandler RetryInvocationHandler.java:log:411 - org.apache.hadoop.ipc.RemoteException(org.apache.hadoop.ipc.RetriableException): org.apache.hadoop.hdfs.server.namenode.SafeModeException: Cannot delete /myfile5. Name node is in safe mode.
The reported blocks 22 has reached the threshold 0.9990 of total blocks 22. The number of live datanodes 4 has reached the minimum number 0. In safe mode extension. Safe mode will be turned off automatically in 7 seconds. NamenodeHostName:node-1-link-0
	at org.apache.hadoop.hdfs.server.namenode.FSNamesystem.checkNameNodeSafeMode(FSNamesystem.java:1441)
	at org.apache.hadoop.hdfs.server.namenode.FSNamesystem.delete(FSNamesystem.java:2986)
	at org.apache.hadoop.hdfs.server.namenode.NameNodeRpcServer.delete(NameNodeRpcServer.java:1095)
	at org.apache.hadoop.hdfs.protocolPB.ClientNamenodeProtocolServerSideTranslatorPB.delete(ClientNamenodeProtocolServerSideTranslatorPB.java:692)
	at org.apache.hadoop.hdfs.protocol.proto.ClientNamenodeProtocolProtos$ClientNamenodeProtocol$2.callBlockingMethod(ClientNamenodeProtocolProtos.java)
	at org.apache.hadoop.ipc.ProtobufRpcEngine$Server$ProtoBufRpcInvoker.call(ProtobufRpcEngine.java:523)
	at org.apache.hadoop.ipc.RPC$Server.call(RPC.java:991)
	at org.apache.hadoop.ipc.Server$RpcCall.run(Server.java:872)
	at org.apache.hadoop.ipc.Server$RpcCall.run(Server.java:818)
	at java.security.AccessController.doPrivileged(Native Method)
	at javax.security.auth.Subject.doAs(Subject.java:422)
	at org.apache.hadoop.security.UserGroupInformation.doAs(UserGroupInformation.java:1729)
	at org.apache.hadoop.ipc.Server$Handler.run(Server.java:2678)
Caused by: org.apache.hadoop.hdfs.server.namenode.SafeModeException: Cannot delete /myfile5. Name node is in safe mode.
The reported blocks 22 has reached the threshold 0.9990 of total blocks 22. The number of live datanodes 4 has reached the minimum number 0. In safe mode extension. Safe mode will be turned off automatically in 7 seconds. NamenodeHostName:node-1-link-0
	at org.apache.hadoop.hdfs.server.namenode.FSNamesystem.newSafemodeException(FSNamesystem.java:1450)
	at org.apache.hadoop.hdfs.server.namenode.FSNamesystem.checkNameNodeSafeMode(FSNamesystem.java:1437)
	... 12 more
, while invoking ClientNamenodeProtocolTranslatorPB.delete over node-1-link-0/10.10.1.4:8020. Retrying after sleeping for 2221ms.
2019-03-20 03:27:40,282 INFO  retry.RetryInvocationHandler RetryInvocationHandler.java:log:411 - org.apache.hadoop.ipc.RemoteException(org.apache.hadoop.ipc.RetriableException): org.apache.hadoop.hdfs.server.namenode.SafeModeException: Cannot delete /myfile5. Name node is in safe mode.
The reported blocks 22 has reached the threshold 0.9990 of total blocks 22. The number of live datanodes 4 has reached the minimum number 0. In safe mode extension. Safe mode will be turned off automatically in 5 seconds. NamenodeHostName:node-1-link-0
	at org.apache.hadoop.hdfs.server.namenode.FSNamesystem.checkNameNodeSafeMode(FSNamesystem.java:1441)
	at org.apache.hadoop.hdfs.server.namenode.FSNamesystem.delete(FSNamesystem.java:2986)
	at org.apache.hadoop.hdfs.server.namenode.NameNodeRpcServer.delete(NameNodeRpcServer.java:1095)
	at org.apache.hadoop.hdfs.protocolPB.ClientNamenodeProtocolServerSideTranslatorPB.delete(ClientNamenodeProtocolServerSideTranslatorPB.java:692)
	at org.apache.hadoop.hdfs.protocol.proto.ClientNamenodeProtocolProtos$ClientNamenodeProtocol$2.callBlockingMethod(ClientNamenodeProtocolProtos.java)
	at org.apache.hadoop.ipc.ProtobufRpcEngine$Server$ProtoBufRpcInvoker.call(ProtobufRpcEngine.java:523)
	at org.apache.hadoop.ipc.RPC$Server.call(RPC.java:991)
	at org.apache.hadoop.ipc.Server$RpcCall.run(Server.java:872)
	at org.apache.hadoop.ipc.Server$RpcCall.run(Server.java:818)
	at java.security.AccessController.doPrivileged(Native Method)
	at javax.security.auth.Subject.doAs(Subject.java:422)
	at org.apache.hadoop.security.UserGroupInformation.doAs(UserGroupInformation.java:1729)
	at org.apache.hadoop.ipc.Server$Handler.run(Server.java:2678)
Caused by: org.apache.hadoop.hdfs.server.namenode.SafeModeException: Cannot delete /myfile5. Name node is in safe mode.
The reported blocks 22 has reached the threshold 0.9990 of total blocks 22. The number of live datanodes 4 has reached the minimum number 0. In safe mode extension. Safe mode will be turned off automatically in 5 seconds. NamenodeHostName:node-1-link-0
	at org.apache.hadoop.hdfs.server.namenode.FSNamesystem.newSafemodeException(FSNamesystem.java:1450)
	at org.apache.hadoop.hdfs.server.namenode.FSNamesystem.checkNameNodeSafeMode(FSNamesystem.java:1437)
	... 12 more
, while invoking ClientNamenodeProtocolTranslatorPB.delete over node-1-link-0/10.10.1.4:8020. Retrying after sleeping for 7709ms.
Deleted /myfile5
file 5 has been removed from HDFS
Found 5 items
-rw-r--r--   3 root supergroup 1073741824 2019-03-20 03:27 /myfile1
-rw-r--r--   3 root supergroup 1073741824 2019-03-20 03:28 /myfile2
-rw-r--r--   3 root supergroup 1073741824 2019-03-20 03:26 /myfile3
-rw-r--r--   3 root supergroup 1073741824 2019-03-20 03:28 /myfile4
-rw-r--r--   3 root supergroup 1073741824 2019-03-20 03:28 /myfile5
file 5 has been put into HDFS
file 5 has been read from HDFS for 1 time
diff succeed!
file 5 has been read from HDFS for 2 time
diff succeed!
file 5 has been read from HDFS for 3 time
diff succeed!
file 5 has been read from HDFS for 4 time
diff succeed!
file 5 has been read from HDFS for 5 time
diff succeed!
file 5 has been read from HDFS for 6 time
diff succeed!
file 5 has been read from HDFS for 7 time
diff succeed!
file 5 has been read from HDFS for 8 time
diff succeed!
file 5 has been read from HDFS for 9 time
diff succeed!
file 5 has been read from HDFS for 10 time
diff succeed!
Deleted /myfile5
file 5 has been removed from HDFS
Found 5 items
-rw-r--r--   3 root supergroup 1073741824 2019-03-20 03:29 /myfile1
-rw-r--r--   3 root supergroup 1073741824 2019-03-20 03:29 /myfile2
-rw-r--r--   3 root supergroup 1073741824 2019-03-20 03:28 /myfile3
-rw-r--r--   3 root supergroup 1073741824 2019-03-20 03:29 /myfile4
-rw-r--r--   3 root supergroup 1073741824 2019-03-20 03:29 /myfile5
file 5 has been put into HDFS
file 5 has been read from HDFS for 1 time
diff succeed!
file 5 has been read from HDFS for 2 time
diff succeed!
file 5 has been read from HDFS for 3 time
diff succeed!
file 5 has been read from HDFS for 4 time
diff succeed!
file 5 has been read from HDFS for 5 time
diff succeed!
file 5 has been read from HDFS for 6 time
diff succeed!
file 5 has been read from HDFS for 7 time
diff succeed!
file 5 has been read from HDFS for 8 time
diff succeed!
file 5 has been read from HDFS for 9 time
diff succeed!
file 5 has been read from HDFS for 10 time
diff succeed!
Deleted /myfile5
file 5 has been removed from HDFS
Found 5 items
-rw-r--r--   3 root supergroup 1073741824 2019-03-20 03:31 /myfile1
-rw-r--r--   3 root supergroup 1073741824 2019-03-20 03:31 /myfile2
-rw-r--r--   3 root supergroup 1073741824 2019-03-20 03:30 /myfile3
-rw-r--r--   3 root supergroup 1073741824 2019-03-20 03:31 /myfile4
-rw-r--r--   3 root supergroup 1073741824 2019-03-20 03:31 /myfile5
file 5 has been put into HDFS
file 5 has been read from HDFS for 1 time
diff succeed!
file 5 has been read from HDFS for 2 time
diff succeed!
file 5 has been read from HDFS for 3 time
diff succeed!
file 5 has been read from HDFS for 4 time
diff succeed!
file 5 has been read from HDFS for 5 time
diff succeed!
file 5 has been read from HDFS for 6 time
diff succeed!
file 5 has been read from HDFS for 7 time
diff succeed!
file 5 has been read from HDFS for 8 time
diff succeed!
2019-03-20 03:33:15,023 INFO  retry.RetryInvocationHandler RetryInvocationHandler.java:log:411 - org.apache.hadoop.ipc.RemoteException(org.apache.hadoop.ipc.StandbyException): Operation category READ is not supported in state standby. Visit https://s.apache.org/sbnn-error
	at org.apache.hadoop.hdfs.server.namenode.ha.StandbyState.checkOperation(StandbyState.java:88)
	at org.apache.hadoop.hdfs.server.namenode.NameNode$NameNodeHAContext.checkOperation(NameNode.java:1952)
	at org.apache.hadoop.hdfs.server.namenode.FSNamesystem.checkOperation(FSNamesystem.java:1423)
	at org.apache.hadoop.hdfs.server.namenode.FSNamesystem.getFileInfo(FSNamesystem.java:3085)
	at org.apache.hadoop.hdfs.server.namenode.NameNodeRpcServer.getFileInfo(NameNodeRpcServer.java:1154)
	at org.apache.hadoop.hdfs.protocolPB.ClientNamenodeProtocolServerSideTranslatorPB.getFileInfo(ClientNamenodeProtocolServerSideTranslatorPB.java:966)
	at org.apache.hadoop.hdfs.protocol.proto.ClientNamenodeProtocolProtos$ClientNamenodeProtocol$2.callBlockingMethod(ClientNamenodeProtocolProtos.java)
	at org.apache.hadoop.ipc.ProtobufRpcEngine$Server$ProtoBufRpcInvoker.call(ProtobufRpcEngine.java:523)
	at org.apache.hadoop.ipc.RPC$Server.call(RPC.java:991)
	at org.apache.hadoop.ipc.Server$RpcCall.run(Server.java:872)
	at org.apache.hadoop.ipc.Server$RpcCall.run(Server.java:818)
	at java.security.AccessController.doPrivileged(Native Method)
	at javax.security.auth.Subject.doAs(Subject.java:422)
	at org.apache.hadoop.security.UserGroupInformation.doAs(UserGroupInformation.java:1729)
	at org.apache.hadoop.ipc.Server$Handler.run(Server.java:2678)
, while invoking ClientNamenodeProtocolTranslatorPB.getFileInfo over node-1-link-0/10.10.1.4:8020 after 1 failover attempts. Trying to failover after sleeping for 551ms.
2019-03-20 03:33:15,582 INFO  retry.RetryInvocationHandler RetryInvocationHandler.java:log:411 - java.net.ConnectException: Call From clnode051.clemson.cloudlab.us/130.127.133.60 to node-0-link-0:8020 failed on connection exception: java.net.ConnectException: Connection refused; For more details see:  http://wiki.apache.org/hadoop/ConnectionRefused, while invoking ClientNamenodeProtocolTranslatorPB.getFileInfo over node-0-link-0/10.10.1.1:8020 after 2 failover attempts. Trying to failover after sleeping for 2221ms.
file 5 has been read from HDFS for 9 time
diff succeed!
file 5 has been read from HDFS for 10 time
diff succeed!
Deleted /myfile5
file 5 has been removed from HDFS
Found 5 items
-rw-r--r--   3 root supergroup 1073741824 2019-03-20 03:33 /myfile1
-rw-r--r--   3 root supergroup 1073741824 2019-03-20 03:33 /myfile2
-rw-r--r--   3 root supergroup 1073741824 2019-03-20 03:32 /myfile3
-rw-r--r--   3 root supergroup 1073741824 2019-03-20 03:34 /myfile4
-rw-r--r--   3 root supergroup 1073741824 2019-03-20 03:34 /myfile5
file 5 has been put into HDFS
file 5 has been read from HDFS for 1 time
diff succeed!
file 5 has been read from HDFS for 2 time
diff succeed!
file 5 has been read from HDFS for 3 time
diff succeed!
file 5 has been read from HDFS for 4 time
diff succeed!
file 5 has been read from HDFS for 5 time
diff succeed!
file 5 has been read from HDFS for 6 time
diff succeed!
file 5 has been read from HDFS for 7 time
diff succeed!
file 5 has been read from HDFS for 8 time
diff succeed!
file 5 has been read from HDFS for 9 time
diff succeed!
file 5 has been read from HDFS for 10 time
diff succeed!
Deleted /myfile5
file 5 has been removed from HDFS
Found 5 items
-rw-r--r--   3 root supergroup 1073741824 2019-03-20 03:35 /myfile1
-rw-r--r--   3 root supergroup 1073741824 2019-03-20 03:35 /myfile2
-rw-r--r--   3 root supergroup          0 2019-03-20 03:36 /myfile3._COPYING_
-rw-r--r--   3 root supergroup 1073741824 2019-03-20 03:36 /myfile4
-rw-r--r--   3 root supergroup 1073741824 2019-03-20 03:36 /myfile5
file 5 has been put into HDFS
file 5 has been read from HDFS for 1 time
diff succeed!
file 5 has been read from HDFS for 2 time
diff succeed!
file 5 has been read from HDFS for 3 time
diff succeed!
file 5 has been read from HDFS for 4 time
diff succeed!
file 5 has been read from HDFS for 5 time
diff succeed!
file 5 has been read from HDFS for 6 time
diff succeed!
file 5 has been read from HDFS for 7 time
diff succeed!
file 5 has been read from HDFS for 8 time
diff succeed!
file 5 has been read from HDFS for 9 time
diff succeed!
file 5 has been read from HDFS for 10 time
diff succeed!
Deleted /myfile5
file 5 has been removed from HDFS
Found 5 items
-rw-r--r--   3 root supergroup 1073741824 2019-03-20 03:36 /myfile1
-rw-r--r--   3 root supergroup 1073741824 2019-03-20 03:36 /myfile2
-rw-r--r--   3 root supergroup 1073741824 2019-03-20 03:36 /myfile3
-rw-r--r--   3 root supergroup 1073741824 2019-03-20 03:37 /myfile4
-rw-r--r--   3 root supergroup 1073741824 2019-03-20 03:38 /myfile5
file 5 has been put into HDFS
file 5 has been read from HDFS for 1 time
diff succeed!
file 5 has been read from HDFS for 2 time
diff succeed!
