Found 5 items
-rw-r--r--   3 root supergroup 1073741824 2019-03-26 01:14 /myfile1
-rw-r--r--   3 root supergroup 1073741824 2019-03-26 01:14 /myfile2
-rw-r--r--   3 root supergroup 1073741824 2019-03-26 01:14 /myfile3
-rw-r--r--   3 root supergroup 1073741824 2019-03-26 01:14 /myfile4
-rw-r--r--   3 root supergroup 1073741824 2019-03-26 01:14 /myfile5
file 5 has been put into HDFS
file 5 has been read from HDFS for 1 time
diff succeed!
file 5 has been read from HDFS for 2 time
diff succeed!
file 5 has been read from HDFS for 3 time
diff succeed!
file 5 has been read from HDFS for 4 time
diff succeed!
file 5 has been read from HDFS for 5 time
diff succeed!
file 5 has been read from HDFS for 6 time
diff succeed!
file 5 has been read from HDFS for 7 time
diff succeed!
file 5 has been read from HDFS for 8 time
diff succeed!
file 5 has been read from HDFS for 9 time
diff succeed!
file 5 has been read from HDFS for 10 time
diff succeed!
Deleted /myfile5
file 5 has been removed from HDFS
Found 5 items
-rw-r--r--   3 root supergroup 1073741824 2019-03-26 01:16 /myfile1
-rw-r--r--   3 root supergroup 1073741824 2019-03-26 01:16 /myfile2
-rw-r--r--   3 root supergroup 1073741824 2019-03-26 01:16 /myfile3
-rw-r--r--   3 root supergroup 1073741824 2019-03-26 01:16 /myfile4
-rw-r--r--   3 root supergroup 1073741824 2019-03-26 01:16 /myfile5
file 5 has been put into HDFS
file 5 has been read from HDFS for 1 time
diff succeed!
file 5 has been read from HDFS for 2 time
diff succeed!
file 5 has been read from HDFS for 3 time
diff succeed!
file 5 has been read from HDFS for 4 time
diff succeed!
file 5 has been read from HDFS for 5 time
diff succeed!
file 5 has been read from HDFS for 6 time
diff succeed!
file 5 has been read from HDFS for 7 time
diff succeed!
file 5 has been read from HDFS for 8 time
diff succeed!
file 5 has been read from HDFS for 9 time
diff succeed!
file 5 has been read from HDFS for 10 time
diff succeed!
Deleted /myfile5
file 5 has been removed from HDFS
Found 5 items
-rw-r--r--   3 root supergroup 1073741824 2019-03-26 01:18 /myfile1
-rw-r--r--   3 root supergroup 1073741824 2019-03-26 01:17 /myfile2
-rw-r--r--   3 root supergroup 1073741824 2019-03-26 01:18 /myfile3
-rw-r--r--   3 root supergroup 1073741824 2019-03-26 01:17 /myfile4
-rw-r--r--   3 root supergroup 1073741824 2019-03-26 01:18 /myfile5
file 5 has been put into HDFS
file 5 has been read from HDFS for 1 time
diff succeed!
file 5 has been read from HDFS for 2 time
diff succeed!
file 5 has been read from HDFS for 3 time
diff succeed!
file 5 has been read from HDFS for 4 time
diff succeed!
file 5 has been read from HDFS for 5 time
diff succeed!
file 5 has been read from HDFS for 6 time
diff succeed!
file 5 has been read from HDFS for 7 time
diff succeed!
file 5 has been read from HDFS for 8 time
diff succeed!
file 5 has been read from HDFS for 9 time
diff succeed!
file 5 has been read from HDFS for 10 time
diff succeed!
Deleted /myfile5
file 5 has been removed from HDFS
Found 5 items
-rw-r--r--   3 root supergroup 1073741824 2019-03-26 01:19 /myfile1
-rw-r--r--   3 root supergroup 1073741824 2019-03-26 01:19 /myfile2
-rw-r--r--   3 root supergroup 1073741824 2019-03-26 01:19 /myfile3
-rw-r--r--   3 root supergroup 1073741824 2019-03-26 01:19 /myfile4
-rw-r--r--   3 root supergroup 1073741824 2019-03-26 01:19 /myfile5
file 5 has been put into HDFS
file 5 has been read from HDFS for 1 time
diff succeed!
file 5 has been read from HDFS for 2 time
diff succeed!
file 5 has been read from HDFS for 3 time
diff succeed!
file 5 has been read from HDFS for 4 time
diff succeed!
file 5 has been read from HDFS for 5 time
diff succeed!
file 5 has been read from HDFS for 6 time
diff succeed!
file 5 has been read from HDFS for 7 time
diff succeed!
file 5 has been read from HDFS for 8 time
diff succeed!
file 5 has been read from HDFS for 9 time
diff succeed!
file 5 has been read from HDFS for 10 time
diff succeed!
Deleted /myfile5
file 5 has been removed from HDFS
Found 5 items
-rw-r--r--   3 root supergroup 1073741824 2019-03-26 01:21 /myfile1
-rw-r--r--   3 root supergroup 1073741824 2019-03-26 01:20 /myfile2
-rw-r--r--   3 root supergroup 1073741824 2019-03-26 01:21 /myfile3
-rw-r--r--   3 root supergroup 1073741824 2019-03-26 01:21 /myfile4
-rw-r--r--   3 root supergroup 1073741824 2019-03-26 01:21 /myfile5
file 5 has been put into HDFS
file 5 has been read from HDFS for 1 time
diff succeed!
file 5 has been read from HDFS for 2 time
diff succeed!
file 5 has been read from HDFS for 3 time
diff succeed!
file 5 has been read from HDFS for 4 time
diff succeed!
file 5 has been read from HDFS for 5 time
diff succeed!
file 5 has been read from HDFS for 6 time
diff succeed!
file 5 has been read from HDFS for 7 time
diff succeed!
file 5 has been read from HDFS for 8 time
diff succeed!
file 5 has been read from HDFS for 9 time
diff succeed!
file 5 has been read from HDFS for 10 time
diff succeed!
Deleted /myfile5
file 5 has been removed from HDFS
Found 5 items
-rw-r--r--   3 root supergroup 1073741824 2019-03-26 01:23 /myfile1
-rw-r--r--   3 root supergroup 1073741824 2019-03-26 01:22 /myfile2
-rw-r--r--   3 root supergroup 1073741824 2019-03-26 01:23 /myfile3
-rw-r--r--   3 root supergroup 1073741824 2019-03-26 01:22 /myfile4
-rw-r--r--   3 root supergroup 1073741824 2019-03-26 01:23 /myfile5
file 5 has been put into HDFS
file 5 has been read from HDFS for 1 time
diff succeed!
file 5 has been read from HDFS for 2 time
diff succeed!
file 5 has been read from HDFS for 3 time
diff succeed!
file 5 has been read from HDFS for 4 time
diff succeed!
file 5 has been read from HDFS for 5 time
diff succeed!
file 5 has been read from HDFS for 6 time
diff succeed!
file 5 has been read from HDFS for 7 time
diff succeed!
file 5 has been read from HDFS for 8 time
diff succeed!
file 5 has been read from HDFS for 9 time
diff succeed!
file 5 has been read from HDFS for 10 time
diff succeed!
Deleted /myfile5
file 5 has been removed from HDFS
Found 5 items
-rw-r--r--   3 root supergroup 1073741824 2019-03-26 01:24 /myfile1
-rw-r--r--   3 root supergroup 1073741824 2019-03-26 01:24 /myfile2
-rw-r--r--   3 root supergroup 1073741824 2019-03-26 01:24 /myfile3
-rw-r--r--   3 root supergroup 1073741824 2019-03-26 01:24 /myfile4
-rw-r--r--   3 root supergroup 1073741824 2019-03-26 01:24 /myfile5
file 5 has been put into HDFS
file 5 has been read from HDFS for 1 time
diff succeed!
file 5 has been read from HDFS for 2 time
diff succeed!
file 5 has been read from HDFS for 3 time
diff succeed!
file 5 has been read from HDFS for 4 time
diff succeed!
file 5 has been read from HDFS for 5 time
diff succeed!
file 5 has been read from HDFS for 6 time
diff succeed!
file 5 has been read from HDFS for 7 time
diff succeed!
file 5 has been read from HDFS for 8 time
diff succeed!
file 5 has been read from HDFS for 9 time
diff succeed!
file 5 has been read from HDFS for 10 time
diff succeed!
Deleted /myfile5
file 5 has been removed from HDFS
Found 5 items
-rw-r--r--   3 root supergroup 1073741824 2019-03-26 01:26 /myfile1
-rw-r--r--   3 root supergroup 1073741824 2019-03-26 01:25 /myfile2
-rw-r--r--   3 root supergroup 1073741824 2019-03-26 01:26 /myfile3
-rw-r--r--   3 root supergroup 1073741824 2019-03-26 01:25 /myfile4
-rw-r--r--   3 root supergroup 1073741824 2019-03-26 01:26 /myfile5
file 5 has been put into HDFS
file 5 has been read from HDFS for 1 time
diff succeed!
file 5 has been read from HDFS for 2 time
diff succeed!
file 5 has been read from HDFS for 3 time
diff succeed!
file 5 has been read from HDFS for 4 time
diff succeed!
file 5 has been read from HDFS for 5 time
diff succeed!
file 5 has been read from HDFS for 6 time
diff succeed!
file 5 has been read from HDFS for 7 time
diff succeed!
file 5 has been read from HDFS for 8 time
diff succeed!
file 5 has been read from HDFS for 9 time
diff succeed!
file 5 has been read from HDFS for 10 time
diff succeed!
Deleted /myfile5
file 5 has been removed from HDFS
Found 5 items
-rw-r--r--   3 root supergroup 1073741824 2019-03-26 01:28 /myfile1
-rw-r--r--   3 root supergroup 1073741824 2019-03-26 01:27 /myfile2
-rw-r--r--   3 root supergroup 1073741824 2019-03-26 01:28 /myfile3
-rw-r--r--   3 root supergroup 1073741824 2019-03-26 01:27 /myfile4
-rw-r--r--   3 root supergroup 1073741824 2019-03-26 01:28 /myfile5
file 5 has been put into HDFS
file 5 has been read from HDFS for 1 time
diff succeed!
file 5 has been read from HDFS for 2 time
diff succeed!
file 5 has been read from HDFS for 3 time
diff succeed!
file 5 has been read from HDFS for 4 time
diff succeed!
file 5 has been read from HDFS for 5 time
diff succeed!
file 5 has been read from HDFS for 6 time
diff succeed!
