Found 5 items
-rw-r--r--   3 root supergroup 1073741824 2019-03-26 23:43 /myfile1
-rw-r--r--   3 root supergroup 1073741824 2019-03-26 23:43 /myfile2
-rw-r--r--   3 root supergroup 1073741824 2019-03-26 23:43 /myfile3
-rw-r--r--   3 root supergroup 1073741824 2019-03-26 23:43 /myfile4
-rw-r--r--   3 root supergroup 1073741824 2019-03-26 23:43 /myfile5
file 4 has been put into HDFS
file 4 has been read from HDFS for 1 time
diff succeed!
file 4 has been read from HDFS for 2 time
diff succeed!
file 4 has been read from HDFS for 3 time
diff succeed!
file 4 has been read from HDFS for 4 time
diff succeed!
file 4 has been read from HDFS for 5 time
diff succeed!
file 4 has been read from HDFS for 6 time
diff succeed!
file 4 has been read from HDFS for 7 time
diff succeed!
file 4 has been read from HDFS for 8 time
diff succeed!
file 4 has been read from HDFS for 9 time
diff succeed!
file 4 has been read from HDFS for 10 time
diff succeed!
Deleted /myfile4
file 4 has been removed from HDFS
Found 4 items
-rw-r--r--   3 root supergroup 1073741824 2019-03-26 23:45 /myfile2
-rw-r--r--   3 root supergroup 1073741824 2019-03-26 23:45 /myfile3
-rw-r--r--   3 root supergroup 1073741824 2019-03-26 23:45 /myfile4
-rw-r--r--   3 root supergroup 1073741824 2019-03-26 23:43 /myfile5
file 4 has been put into HDFS
file 4 has been read from HDFS for 1 time
diff succeed!
file 4 has been read from HDFS for 2 time
diff succeed!
file 4 has been read from HDFS for 3 time
diff succeed!
file 4 has been read from HDFS for 4 time
diff succeed!
file 4 has been read from HDFS for 5 time
diff succeed!
file 4 has been read from HDFS for 6 time
diff succeed!
file 4 has been read from HDFS for 7 time
diff succeed!
file 4 has been read from HDFS for 8 time
diff succeed!
file 4 has been read from HDFS for 9 time
diff succeed!
file 4 has been read from HDFS for 10 time
diff succeed!
Deleted /myfile4
file 4 has been removed from HDFS
Found 5 items
-rw-r--r--   3 root supergroup 1073741824 2019-03-26 23:47 /myfile1
-rw-r--r--   3 root supergroup 1073741824 2019-03-26 23:46 /myfile2
-rw-r--r--   3 root supergroup 1073741824 2019-03-26 23:46 /myfile3
-rw-r--r--   3 root supergroup 1073741824 2019-03-26 23:47 /myfile4
-rw-r--r--   3 root supergroup 1073741824 2019-03-26 23:47 /myfile5
file 4 has been put into HDFS
file 4 has been read from HDFS for 1 time
diff succeed!
file 4 has been read from HDFS for 2 time
diff succeed!
file 4 has been read from HDFS for 3 time
diff succeed!
file 4 has been read from HDFS for 4 time
diff succeed!
file 4 has been read from HDFS for 5 time
diff succeed!
file 4 has been read from HDFS for 6 time
diff succeed!
file 4 has been read from HDFS for 7 time
diff succeed!
file 4 has been read from HDFS for 8 time
diff succeed!
file 4 has been read from HDFS for 9 time
diff succeed!
file 4 has been read from HDFS for 10 time
diff succeed!
Deleted /myfile4
file 4 has been removed from HDFS
Found 5 items
-rw-r--r--   3 root supergroup 1073741824 2019-03-26 23:49 /myfile1
-rw-r--r--   3 root supergroup 1073741824 2019-03-26 23:48 /myfile2
-rw-r--r--   3 root supergroup 1073741824 2019-03-26 23:48 /myfile3
-rw-r--r--   3 root supergroup 1073741824 2019-03-26 23:49 /myfile4
-rw-r--r--   3 root supergroup 1073741824 2019-03-26 23:49 /myfile5
file 4 has been put into HDFS
file 4 has been read from HDFS for 1 time
diff succeed!
file 4 has been read from HDFS for 2 time
diff succeed!
file 4 has been read from HDFS for 3 time
diff succeed!
file 4 has been read from HDFS for 4 time
diff succeed!
file 4 has been read from HDFS for 5 time
diff succeed!
file 4 has been read from HDFS for 6 time
diff succeed!
file 4 has been read from HDFS for 7 time
diff succeed!
file 4 has been read from HDFS for 8 time
diff succeed!
file 4 has been read from HDFS for 9 time
diff succeed!
file 4 has been read from HDFS for 10 time
diff succeed!
Deleted /myfile4
file 4 has been removed from HDFS
Found 5 items
-rw-r--r--   3 root supergroup 1073741824 2019-03-26 23:49 /myfile1
-rw-r--r--   3 root supergroup 1073741824 2019-03-26 23:50 /myfile2
-rw-r--r--   3 root supergroup 1073741824 2019-03-26 23:50 /myfile3
-rw-r--r--   3 root supergroup 1073741824 2019-03-26 23:51 /myfile4
-rw-r--r--   3 root supergroup 1073741824 2019-03-26 23:49 /myfile5
file 4 has been put into HDFS
file 4 has been read from HDFS for 1 time
diff succeed!
file 4 has been read from HDFS for 2 time
diff succeed!
file 4 has been read from HDFS for 3 time
diff succeed!
file 4 has been read from HDFS for 4 time
diff succeed!
file 4 has been read from HDFS for 5 time
diff succeed!
file 4 has been read from HDFS for 6 time
diff succeed!
file 4 has been read from HDFS for 7 time
diff succeed!
file 4 has been read from HDFS for 8 time
diff succeed!
file 4 has been read from HDFS for 9 time
diff succeed!
file 4 has been read from HDFS for 10 time
diff succeed!
Deleted /myfile4
file 4 has been removed from HDFS
Found 5 items
-rw-r--r--   3 root supergroup 1073741824 2019-03-26 23:51 /myfile1
-rw-r--r--   3 root supergroup 1073741824 2019-03-26 23:52 /myfile2
-rw-r--r--   3 root supergroup 1073741824 2019-03-26 23:52 /myfile3
-rw-r--r--   3 root supergroup 1073741824 2019-03-26 23:52 /myfile4
-rw-r--r--   3 root supergroup 1073741824 2019-03-26 23:51 /myfile5
file 4 has been put into HDFS
file 4 has been read from HDFS for 1 time
diff succeed!
file 4 has been read from HDFS for 2 time
diff succeed!
file 4 has been read from HDFS for 3 time
diff succeed!
file 4 has been read from HDFS for 4 time
diff succeed!
file 4 has been read from HDFS for 5 time
diff succeed!
file 4 has been read from HDFS for 6 time
diff succeed!
file 4 has been read from HDFS for 7 time
diff succeed!
file 4 has been read from HDFS for 8 time
diff succeed!
file 4 has been read from HDFS for 9 time
diff succeed!
file 4 has been read from HDFS for 10 time
diff succeed!
Deleted /myfile4
file 4 has been removed from HDFS
Found 5 items
-rw-r--r--   3 root supergroup 1073741824 2019-03-26 23:53 /myfile1
-rw-r--r--   3 root supergroup 1073741824 2019-03-26 23:54 /myfile2
-rw-r--r--   3 root supergroup 1073741824 2019-03-26 23:54 /myfile3
-rw-r--r--   3 root supergroup 1073741824 2019-03-26 23:54 /myfile4
-rw-r--r--   3 root supergroup 1073741824 2019-03-26 23:53 /myfile5
file 4 has been put into HDFS
file 4 has been read from HDFS for 1 time
diff succeed!
file 4 has been read from HDFS for 2 time
diff succeed!
file 4 has been read from HDFS for 3 time
diff succeed!
file 4 has been read from HDFS for 4 time
diff succeed!
file 4 has been read from HDFS for 5 time
diff succeed!
file 4 has been read from HDFS for 6 time
diff succeed!
file 4 has been read from HDFS for 7 time
diff succeed!
file 4 has been read from HDFS for 8 time
diff succeed!
file 4 has been read from HDFS for 9 time
diff succeed!
file 4 has been read from HDFS for 10 time
diff succeed!
Deleted /myfile4
file 4 has been removed from HDFS
Found 5 items
-rw-r--r--   3 root supergroup 1073741824 2019-03-26 23:55 /myfile1
-rw-r--r--   3 root supergroup 1073741824 2019-03-26 23:56 /myfile2
-rw-r--r--   3 root supergroup 1073741824 2019-03-26 23:56 /myfile3
-rw-r--r--   3 root supergroup 1073741824 2019-03-26 23:56 /myfile4
-rw-r--r--   3 root supergroup 1073741824 2019-03-26 23:55 /myfile5
file 4 has been put into HDFS
file 4 has been read from HDFS for 1 time
diff succeed!
file 4 has been read from HDFS for 2 time
diff succeed!
file 4 has been read from HDFS for 3 time
diff succeed!
file 4 has been read from HDFS for 4 time
diff succeed!
file 4 has been read from HDFS for 5 time
diff succeed!
file 4 has been read from HDFS for 6 time
diff succeed!
file 4 has been read from HDFS for 7 time
diff succeed!
file 4 has been read from HDFS for 8 time
diff succeed!
file 4 has been read from HDFS for 9 time
diff succeed!
file 4 has been read from HDFS for 10 time
diff succeed!
Deleted /myfile4
file 4 has been removed from HDFS
Found 5 items
-rw-r--r--   3 root supergroup 1073741824 2019-03-26 23:57 /myfile1
-rw-r--r--   3 root supergroup 1073741824 2019-03-26 23:58 /myfile2
-rw-r--r--   3 root supergroup 1073741824 2019-03-26 23:58 /myfile3
-rw-r--r--   3 root supergroup 1073741824 2019-03-26 23:58 /myfile4
-rw-r--r--   3 root supergroup 1073741824 2019-03-26 23:57 /myfile5
file 4 has been put into HDFS
file 4 has been read from HDFS for 1 time
diff succeed!
file 4 has been read from HDFS for 2 time
diff succeed!
file 4 has been read from HDFS for 3 time
diff succeed!
file 4 has been read from HDFS for 4 time
diff succeed!
file 4 has been read from HDFS for 5 time
diff succeed!
file 4 has been read from HDFS for 6 time
diff succeed!
file 4 has been read from HDFS for 7 time
diff succeed!
file 4 has been read from HDFS for 8 time
diff succeed!
file 4 has been read from HDFS for 9 time
diff succeed!
