verify_input for parameter dfs.namenode.retrycache.expirytime.millis with value 1
BlockManager.java:processIncrementalBlockReport:3959 NOT found in base error set
DataXceiver.java:run:321 NOT found in base error set
NameNodeRpcServer.java:run:1588 NOT found in base error set
verify_result.sh parameter dfs.namenode.retrycache.expirytime.millis with value 1 returns 1
verify_input for parameter dfs.namenode.retrycache.expirytime.millis with value 2
Journal.java:moveTmpSegmentToCurrent:1142 NOT found in base error set
JournalNodeSyncer.java:getMissingLogSegments:364 NOT found in base error set
verify_result.sh parameter dfs.namenode.retrycache.expirytime.millis with value 2 returns 1
verify_input for parameter dfs.namenode.retrycache.expirytime.millis with value 4
BlockManager.java:processIncrementalBlockReport:3959 NOT found in base error set
NameNodeRpcServer.java:run:1588 NOT found in base error set
verify_result.sh parameter dfs.namenode.retrycache.expirytime.millis with value 4 returns 1
verify_input for parameter dfs.namenode.retrycache.expirytime.millis with value 8
verify_result.sh parameter dfs.namenode.retrycache.expirytime.millis with value 8 returns 0
break, set range_end as 8
verify_input for parameter dfs.namenode.retrycache.expirytime.millis with value 6
BlockManager.java:processIncrementalBlockReport:3959 NOT found in base error set
NameNodeRpcServer.java:run:1588 NOT found in base error set
verify_result.sh parameter dfs.namenode.retrycache.expirytime.millis with value 6 returns 1
not ok branch
verify_input for parameter dfs.namenode.retrycache.expirytime.millis with value 7
verify_result.sh parameter dfs.namenode.retrycache.expirytime.millis with value 7 returns 0
ok branch
the minimum value for parameter dfs.namenode.retrycache.expirytime.millis is 7
