Found 5 items
-rw-r--r--   3 root supergroup 1073741824 2019-03-26 04:11 /myfile1
-rw-r--r--   3 root supergroup 1073741824 2019-03-26 04:11 /myfile2
-rw-r--r--   3 root supergroup 1073741824 2019-03-26 04:11 /myfile3
-rw-r--r--   3 root supergroup 1073741824 2019-03-26 04:11 /myfile4
-rw-r--r--   3 root supergroup 1073741824 2019-03-26 04:11 /myfile5
file 4 has been put into HDFS
file 4 has been read from HDFS for 1 time
diff succeed!
file 4 has been read from HDFS for 2 time
diff succeed!
file 4 has been read from HDFS for 3 time
diff succeed!
file 4 has been read from HDFS for 4 time
diff succeed!
file 4 has been read from HDFS for 5 time
diff succeed!
file 4 has been read from HDFS for 6 time
diff succeed!
file 4 has been read from HDFS for 7 time
diff succeed!
file 4 has been read from HDFS for 8 time
diff succeed!
file 4 has been read from HDFS for 9 time
diff succeed!
file 4 has been read from HDFS for 10 time
diff succeed!
Deleted /myfile4
file 4 has been removed from HDFS
Found 5 items
-rw-r--r--   3 root supergroup 1073741824 2019-03-26 04:13 /myfile1
-rw-r--r--   3 root supergroup 1073741824 2019-03-26 04:12 /myfile2
-rw-r--r--   3 root supergroup 1073741824 2019-03-26 04:12 /myfile3
-rw-r--r--   3 root supergroup 1073741824 2019-03-26 04:13 /myfile4
-rw-r--r--   3 root supergroup 1073741824 2019-03-26 04:11 /myfile5
file 4 has been put into HDFS
file 4 has been read from HDFS for 1 time
diff succeed!
file 4 has been read from HDFS for 2 time
diff succeed!
file 4 has been read from HDFS for 3 time
diff succeed!
file 4 has been read from HDFS for 4 time
diff succeed!
file 4 has been read from HDFS for 5 time
diff succeed!
file 4 has been read from HDFS for 6 time
diff succeed!
file 4 has been read from HDFS for 7 time
diff succeed!
file 4 has been read from HDFS for 8 time
diff succeed!
file 4 has been read from HDFS for 9 time
diff succeed!
file 4 has been read from HDFS for 10 time
diff succeed!
Deleted /myfile4
file 4 has been removed from HDFS
Found 5 items
-rw-r--r--   3 root supergroup 1073741824 2019-03-26 04:14 /myfile1
-rw-r--r--   3 root supergroup 1073741824 2019-03-26 04:14 /myfile2
-rw-r--r--   3 root supergroup 1073741824 2019-03-26 04:14 /myfile3
-rw-r--r--   3 root supergroup 1073741824 2019-03-26 04:14 /myfile4
-rw-r--r--   3 root supergroup  671088640 2019-03-26 04:14 /myfile5._COPYING_
file 4 has been put into HDFS
file 4 has been read from HDFS for 1 time
diff succeed!
file 4 has been read from HDFS for 2 time
diff succeed!
file 4 has been read from HDFS for 3 time
diff succeed!
file 4 has been read from HDFS for 4 time
diff succeed!
file 4 has been read from HDFS for 5 time
diff succeed!
file 4 has been read from HDFS for 6 time
diff succeed!
file 4 has been read from HDFS for 7 time
diff succeed!
file 4 has been read from HDFS for 8 time
diff succeed!
file 4 has been read from HDFS for 9 time
diff succeed!
file 4 has been read from HDFS for 10 time
diff succeed!
Deleted /myfile4
file 4 has been removed from HDFS
Found 5 items
-rw-r--r--   3 root supergroup 1073741824 2019-03-26 04:16 /myfile1
-rw-r--r--   3 root supergroup 1073741824 2019-03-26 04:16 /myfile2
-rw-r--r--   3 root supergroup 1073741824 2019-03-26 04:15 /myfile3
-rw-r--r--   3 root supergroup 1073741824 2019-03-26 04:16 /myfile4
-rw-r--r--   3 root supergroup 1073741824 2019-03-26 04:16 /myfile5
file 4 has been put into HDFS
file 4 has been read from HDFS for 1 time
diff succeed!
file 4 has been read from HDFS for 2 time
diff succeed!
file 4 has been read from HDFS for 3 time
diff succeed!
file 4 has been read from HDFS for 4 time
diff succeed!
file 4 has been read from HDFS for 5 time
diff succeed!
file 4 has been read from HDFS for 6 time
diff succeed!
file 4 has been read from HDFS for 7 time
diff succeed!
file 4 has been read from HDFS for 8 time
diff succeed!
file 4 has been read from HDFS for 9 time
diff succeed!
file 4 has been read from HDFS for 10 time
diff succeed!
Deleted /myfile4
file 4 has been removed from HDFS
Found 5 items
-rw-r--r--   3 root supergroup 1073741824 2019-03-26 04:17 /myfile1
-rw-r--r--   3 root supergroup 1073741824 2019-03-26 04:18 /myfile2
-rw-r--r--   3 root supergroup 1073741824 2019-03-26 04:17 /myfile3
-rw-r--r--   3 root supergroup 1073741824 2019-03-26 04:18 /myfile4
-rw-r--r--   3 root supergroup 1073741824 2019-03-26 04:18 /myfile5
file 4 has been put into HDFS
file 4 has been read from HDFS for 1 time
diff succeed!
file 4 has been read from HDFS for 2 time
diff succeed!
file 4 has been read from HDFS for 3 time
diff succeed!
file 4 has been read from HDFS for 4 time
diff succeed!
file 4 has been read from HDFS for 5 time
diff succeed!
file 4 has been read from HDFS for 6 time
diff succeed!
file 4 has been read from HDFS for 7 time
diff succeed!
file 4 has been read from HDFS for 8 time
diff succeed!
file 4 has been read from HDFS for 9 time
diff succeed!
file 4 has been read from HDFS for 10 time
diff succeed!
Deleted /myfile4
file 4 has been removed from HDFS
Found 5 items
-rw-r--r--   3 root supergroup 1073741824 2019-03-26 04:19 /myfile1
-rw-r--r--   3 root supergroup 1073741824 2019-03-26 04:20 /myfile2
-rw-r--r--   3 root supergroup 1073741824 2019-03-26 04:19 /myfile3
-rw-r--r--   3 root supergroup 1073741824 2019-03-26 04:20 /myfile4
-rw-r--r--   3 root supergroup 1073741824 2019-03-26 04:20 /myfile5
file 4 has been put into HDFS
file 4 has been read from HDFS for 1 time
diff succeed!
file 4 has been read from HDFS for 2 time
diff succeed!
file 4 has been read from HDFS for 3 time
diff succeed!
file 4 has been read from HDFS for 4 time
diff succeed!
file 4 has been read from HDFS for 5 time
diff succeed!
file 4 has been read from HDFS for 6 time
diff succeed!
file 4 has been read from HDFS for 7 time
diff succeed!
file 4 has been read from HDFS for 8 time
diff succeed!
file 4 has been read from HDFS for 9 time
diff succeed!
file 4 has been read from HDFS for 10 time
diff succeed!
Deleted /myfile4
file 4 has been removed from HDFS
Found 5 items
-rw-r--r--   3 root supergroup 1073741824 2019-03-26 04:21 /myfile1
-rw-r--r--   3 root supergroup 1073741824 2019-03-26 04:22 /myfile2
-rw-r--r--   3 root supergroup 1073741824 2019-03-26 04:21 /myfile3
-rw-r--r--   3 root supergroup 1073741824 2019-03-26 04:22 /myfile4
-rw-r--r--   3 root supergroup 1073741824 2019-03-26 04:22 /myfile5
file 4 has been put into HDFS
file 4 has been read from HDFS for 1 time
diff succeed!
file 4 has been read from HDFS for 2 time
diff succeed!
file 4 has been read from HDFS for 3 time
diff succeed!
file 4 has been read from HDFS for 4 time
diff succeed!
file 4 has been read from HDFS for 5 time
diff succeed!
file 4 has been read from HDFS for 6 time
diff succeed!
file 4 has been read from HDFS for 7 time
diff succeed!
file 4 has been read from HDFS for 8 time
diff succeed!
file 4 has been read from HDFS for 9 time
diff succeed!
file 4 has been read from HDFS for 10 time
diff succeed!
Deleted /myfile4
file 4 has been removed from HDFS
Found 5 items
-rw-r--r--   3 root supergroup 1073741824 2019-03-26 04:23 /myfile1
-rw-r--r--   3 root supergroup 1073741824 2019-03-26 04:24 /myfile2
-rw-r--r--   3 root supergroup 1073741824 2019-03-26 04:23 /myfile3
-rw-r--r--   3 root supergroup 1073741824 2019-03-26 04:24 /myfile4
-rw-r--r--   3 root supergroup 1073741824 2019-03-26 04:24 /myfile5
file 4 has been put into HDFS
file 4 has been read from HDFS for 1 time
diff succeed!
file 4 has been read from HDFS for 2 time
diff succeed!
file 4 has been read from HDFS for 3 time
diff succeed!
file 4 has been read from HDFS for 4 time
diff succeed!
file 4 has been read from HDFS for 5 time
diff succeed!
file 4 has been read from HDFS for 6 time
diff succeed!
file 4 has been read from HDFS for 7 time
diff succeed!
file 4 has been read from HDFS for 8 time
diff succeed!
file 4 has been read from HDFS for 9 time
diff succeed!
file 4 has been read from HDFS for 10 time
diff succeed!
Deleted /myfile4
file 4 has been removed from HDFS
Found 5 items
-rw-r--r--   3 root supergroup 1073741824 2019-03-26 04:25 /myfile1
-rw-r--r--   3 root supergroup 1073741824 2019-03-26 04:25 /myfile2
-rw-r--r--   3 root supergroup 1073741824 2019-03-26 04:25 /myfile3
-rw-r--r--   3 root supergroup 1073741824 2019-03-26 04:25 /myfile4
-rw-r--r--   3 root supergroup 1073741824 2019-03-26 04:25 /myfile5
file 4 has been put into HDFS
file 4 has been read from HDFS for 1 time
diff succeed!
file 4 has been read from HDFS for 2 time
diff succeed!
file 4 has been read from HDFS for 3 time
diff succeed!
