Found 5 items
-rw-r--r--   3 root supergroup 1073741824 2019-03-25 23:36 /myfile1
-rw-r--r--   3 root supergroup 1073741824 2019-03-25 23:36 /myfile2
-rw-r--r--   3 root supergroup 1073741824 2019-03-25 23:36 /myfile3
-rw-r--r--   3 root supergroup 1073741824 2019-03-25 23:36 /myfile4
-rw-r--r--   3 root supergroup 1073741824 2019-03-25 23:36 /myfile5
file 5 has been put into HDFS
file 5 has been read from HDFS for 1 time
diff succeed!
file 5 has been read from HDFS for 2 time
diff succeed!
file 5 has been read from HDFS for 3 time
diff succeed!
file 5 has been read from HDFS for 4 time
diff succeed!
file 5 has been read from HDFS for 5 time
diff succeed!
file 5 has been read from HDFS for 6 time
diff succeed!
file 5 has been read from HDFS for 7 time
diff succeed!
file 5 has been read from HDFS for 8 time
diff succeed!
file 5 has been read from HDFS for 9 time
diff succeed!
file 5 has been read from HDFS for 10 time
diff succeed!
Deleted /myfile5
file 5 has been removed from HDFS
Found 5 items
-rw-r--r--   3 root supergroup 1073741824 2019-03-25 23:38 /myfile1
-rw-r--r--   3 root supergroup 1073741824 2019-03-25 23:38 /myfile2
-rw-r--r--   3 root supergroup  268435456 2019-03-25 23:38 /myfile3._COPYING_
-rw-r--r--   3 root supergroup 1073741824 2019-03-25 23:38 /myfile4
-rw-r--r--   3 root supergroup 1073741824 2019-03-25 23:38 /myfile5
file 5 has been put into HDFS
file 5 has been read from HDFS for 1 time
diff succeed!
file 5 has been read from HDFS for 2 time
diff succeed!
file 5 has been read from HDFS for 3 time
diff succeed!
file 5 has been read from HDFS for 4 time
diff succeed!
file 5 has been read from HDFS for 5 time
diff succeed!
file 5 has been read from HDFS for 6 time
diff succeed!
file 5 has been read from HDFS for 7 time
diff succeed!
file 5 has been read from HDFS for 8 time
diff succeed!
file 5 has been read from HDFS for 9 time
diff succeed!
file 5 has been read from HDFS for 10 time
diff succeed!
Deleted /myfile5
file 5 has been removed from HDFS
Found 5 items
-rw-r--r--   3 root supergroup 1073741824 2019-03-25 23:39 /myfile1
-rw-r--r--   3 root supergroup 1073741824 2019-03-25 23:39 /myfile2
-rw-r--r--   3 root supergroup 1073741824 2019-03-25 23:39 /myfile3
-rw-r--r--   3 root supergroup  939524096 2019-03-25 23:39 /myfile4._COPYING_
-rw-r--r--   3 root supergroup 1073741824 2019-03-25 23:39 /myfile5
file 5 has been put into HDFS
file 5 has been read from HDFS for 1 time
diff succeed!
file 5 has been read from HDFS for 2 time
diff succeed!
file 5 has been read from HDFS for 3 time
diff succeed!
file 5 has been read from HDFS for 4 time
diff succeed!
file 5 has been read from HDFS for 5 time
diff succeed!
file 5 has been read from HDFS for 6 time
diff succeed!
file 5 has been read from HDFS for 7 time
diff succeed!
file 5 has been read from HDFS for 8 time
diff succeed!
file 5 has been read from HDFS for 9 time
diff succeed!
file 5 has been read from HDFS for 10 time
diff succeed!
Deleted /myfile5
file 5 has been removed from HDFS
Found 5 items
-rw-r--r--   3 root supergroup 1073741824 2019-03-25 23:41 /myfile1
-rw-r--r--   3 root supergroup 1073741824 2019-03-25 23:41 /myfile2
-rw-r--r--   3 root supergroup 1073741824 2019-03-25 23:41 /myfile3
-rw-r--r--   3 root supergroup 1073741824 2019-03-25 23:41 /myfile4
-rw-r--r--   3 root supergroup 1073741824 2019-03-25 23:41 /myfile5
file 5 has been put into HDFS
file 5 has been read from HDFS for 1 time
diff succeed!
file 5 has been read from HDFS for 2 time
diff succeed!
file 5 has been read from HDFS for 3 time
diff succeed!
file 5 has been read from HDFS for 4 time
diff succeed!
file 5 has been read from HDFS for 5 time
diff succeed!
file 5 has been read from HDFS for 6 time
diff succeed!
file 5 has been read from HDFS for 7 time
diff succeed!
file 5 has been read from HDFS for 8 time
diff succeed!
file 5 has been read from HDFS for 9 time
diff succeed!
file 5 has been read from HDFS for 10 time
diff succeed!
Deleted /myfile5
file 5 has been removed from HDFS
Found 5 items
-rw-r--r--   3 root supergroup 1073741824 2019-03-25 23:42 /myfile1
-rw-r--r--   3 root supergroup 1073741824 2019-03-25 23:43 /myfile2
-rw-r--r--   3 root supergroup 1073741824 2019-03-25 23:43 /myfile3
-rw-r--r--   3 root supergroup 1073741824 2019-03-25 23:43 /myfile4
-rw-r--r--   3 root supergroup 1073741824 2019-03-25 23:43 /myfile5
file 5 has been put into HDFS
file 5 has been read from HDFS for 1 time
diff succeed!
file 5 has been read from HDFS for 2 time
diff succeed!
file 5 has been read from HDFS for 3 time
diff succeed!
file 5 has been read from HDFS for 4 time
diff succeed!
file 5 has been read from HDFS for 5 time
diff succeed!
file 5 has been read from HDFS for 6 time
diff succeed!
file 5 has been read from HDFS for 7 time
diff succeed!
file 5 has been read from HDFS for 8 time
diff succeed!
file 5 has been read from HDFS for 9 time
diff succeed!
file 5 has been read from HDFS for 10 time
diff succeed!
Deleted /myfile5
file 5 has been removed from HDFS
Found 5 items
-rw-r--r--   3 root supergroup 1073741824 2019-03-25 23:44 /myfile1
-rw-r--r--   3 root supergroup 1073741824 2019-03-25 23:44 /myfile2
-rw-r--r--   3 root supergroup 1073741824 2019-03-25 23:45 /myfile3
-rw-r--r--   3 root supergroup 1073741824 2019-03-25 23:44 /myfile4
-rw-r--r--   3 root supergroup 1073741824 2019-03-25 23:45 /myfile5
file 5 has been put into HDFS
file 5 has been read from HDFS for 1 time
diff succeed!
file 5 has been read from HDFS for 2 time
diff succeed!
file 5 has been read from HDFS for 3 time
diff succeed!
file 5 has been read from HDFS for 4 time
diff succeed!
file 5 has been read from HDFS for 5 time
diff succeed!
file 5 has been read from HDFS for 6 time
diff succeed!
file 5 has been read from HDFS for 7 time
diff succeed!
file 5 has been read from HDFS for 8 time
diff succeed!
file 5 has been read from HDFS for 9 time
diff succeed!
file 5 has been read from HDFS for 10 time
diff succeed!
Deleted /myfile5
file 5 has been removed from HDFS
2019-03-25 23:46:41,407 INFO  hdfs.DataStreamer DataStreamer.java:createBlockOutputStream:1789 - Exception in createBlockOutputStream blk_1073742099_1277
java.net.ConnectException: Connection refused
	at sun.nio.ch.SocketChannelImpl.checkConnect(Native Method)
	at sun.nio.ch.SocketChannelImpl.finishConnect(SocketChannelImpl.java:717)
	at org.apache.hadoop.net.SocketIOWithTimeout.connect(SocketIOWithTimeout.java:206)
	at org.apache.hadoop.net.NetUtils.connect(NetUtils.java:531)
	at org.apache.hadoop.hdfs.DataStreamer.createSocketForPipeline(DataStreamer.java:253)
	at org.apache.hadoop.hdfs.DataStreamer.createBlockOutputStream(DataStreamer.java:1725)
	at org.apache.hadoop.hdfs.DataStreamer.nextBlockOutputStream(DataStreamer.java:1679)
	at org.apache.hadoop.hdfs.DataStreamer.run(DataStreamer.java:716)
2019-03-25 23:46:41,413 WARN  hdfs.DataStreamer DataStreamer.java:nextBlockOutputStream:1683 - Abandoning BP-1700559578-130.127.133.33-1553578543792:blk_1073742099_1277
2019-03-25 23:46:41,440 WARN  hdfs.DataStreamer DataStreamer.java:nextBlockOutputStream:1688 - Excluding datanode DatanodeInfoWithStorage[10.10.1.6:9866,DS-b3d200da-c519-4228-b0ff-8fb7739f954c,DISK]
Found 5 items
-rw-r--r--   3 root supergroup 1073741824 2019-03-25 23:45 /myfile1
-rw-r--r--   3 root supergroup 1073741824 2019-03-25 23:46 /myfile2
-rw-r--r--   3 root supergroup 1073741824 2019-03-25 23:46 /myfile3
-rw-r--r--   3 root supergroup 1073741824 2019-03-25 23:46 /myfile4
-rw-r--r--   3 root supergroup 1073741824 2019-03-25 23:46 /myfile5
file 5 has been put into HDFS
file 5 has been read from HDFS for 1 time
diff succeed!
file 5 has been read from HDFS for 2 time
diff succeed!
file 5 has been read from HDFS for 3 time
diff succeed!
file 5 has been read from HDFS for 4 time
diff succeed!
file 5 has been read from HDFS for 5 time
diff succeed!
file 5 has been read from HDFS for 6 time
diff succeed!
file 5 has been read from HDFS for 7 time
diff succeed!
file 5 has been read from HDFS for 8 time
diff succeed!
file 5 has been read from HDFS for 9 time
diff succeed!
file 5 has been read from HDFS for 10 time
diff succeed!
Deleted /myfile5
file 5 has been removed from HDFS
Found 5 items
-rw-r--r--   3 root supergroup 1073741824 2019-03-25 23:47 /myfile1
-rw-r--r--   3 root supergroup 1073741824 2019-03-25 23:47 /myfile2
-rw-r--r--   3 root supergroup 1073741824 2019-03-25 23:48 /myfile3
-rw-r--r--   3 root supergroup 1073741824 2019-03-25 23:48 /myfile4
-rw-r--r--   3 root supergroup 1073741824 2019-03-25 23:48 /myfile5
file 5 has been put into HDFS
file 5 has been read from HDFS for 1 time
diff succeed!
file 5 has been read from HDFS for 2 time
diff succeed!
file 5 has been read from HDFS for 3 time
diff succeed!
file 5 has been read from HDFS for 4 time
diff succeed!
file 5 has been read from HDFS for 5 time
diff succeed!
file 5 has been read from HDFS for 6 time
diff succeed!
file 5 has been read from HDFS for 7 time
diff succeed!
file 5 has been read from HDFS for 8 time
diff succeed!
file 5 has been read from HDFS for 9 time
diff succeed!
file 5 has been read from HDFS for 10 time
diff succeed!
Deleted /myfile5
file 5 has been removed from HDFS
Found 5 items
-rw-r--r--   3 root supergroup 1073741824 2019-03-25 23:49 /myfile1
-rw-r--r--   3 root supergroup 1073741824 2019-03-25 23:49 /myfile2
-rw-r--r--   3 root supergroup 1073741824 2019-03-25 23:48 /myfile3
-rw-r--r--   3 root supergroup 1073741824 2019-03-25 23:50 /myfile4
-rw-r--r--   3 root supergroup 1073741824 2019-03-25 23:50 /myfile5
file 5 has been put into HDFS
file 5 has been read from HDFS for 1 time
diff succeed!
file 5 has been read from HDFS for 2 time
diff succeed!
file 5 has been read from HDFS for 3 time
diff succeed!
file 5 has been read from HDFS for 4 time
diff succeed!
file 5 has been read from HDFS for 5 time
diff succeed!
file 5 has been read from HDFS for 6 time
diff succeed!
file 5 has been read from HDFS for 7 time
diff succeed!
file 5 has been read from HDFS for 8 time
diff succeed!
file 5 has been read from HDFS for 9 time
diff succeed!
file 5 has been read from HDFS for 10 time
diff succeed!
Deleted /myfile5
file 5 has been removed from HDFS
Found 5 items
-rw-r--r--   3 root supergroup 1073741824 2019-03-25 23:49 /myfile1
-rw-r--r--   3 root supergroup 1073741824 2019-03-25 23:49 /myfile2
-rw-r--r--   3 root supergroup 1073741824 2019-03-25 23:50 /myfile3
-rw-r--r--   3 root supergroup 1073741824 2019-03-25 23:51 /myfile4
-rw-r--r--   3 root supergroup 1073741824 2019-03-25 23:51 /myfile5
file 5 has been put into HDFS
