Found 5 items
-rw-r--r--   3 root supergroup 1073741824 2019-03-26 05:40 /myfile1
-rw-r--r--   3 root supergroup 1073741824 2019-03-26 05:40 /myfile2
-rw-r--r--   3 root supergroup 1073741824 2019-03-26 05:40 /myfile3
-rw-r--r--   3 root supergroup 1073741824 2019-03-26 05:40 /myfile4
-rw-r--r--   3 root supergroup 1073741824 2019-03-26 05:40 /myfile5
file 4 has been put into HDFS
file 4 has been read from HDFS for 1 time
diff succeed!
file 4 has been read from HDFS for 2 time
diff succeed!
file 4 has been read from HDFS for 3 time
diff succeed!
file 4 has been read from HDFS for 4 time
diff succeed!
file 4 has been read from HDFS for 5 time
diff succeed!
file 4 has been read from HDFS for 6 time
diff succeed!
file 4 has been read from HDFS for 7 time
diff succeed!
file 4 has been read from HDFS for 8 time
diff succeed!
file 4 has been read from HDFS for 9 time
diff succeed!
file 4 has been read from HDFS for 10 time
diff succeed!
Deleted /myfile4
file 4 has been removed from HDFS
Found 5 items
-rw-r--r--   3 root supergroup 1073741824 2019-03-26 05:40 /myfile1
-rw-r--r--   3 root supergroup 1073741824 2019-03-26 05:40 /myfile2
-rw-r--r--   3 root supergroup 1073741824 2019-03-26 05:40 /myfile3
-rw-r--r--   3 root supergroup 1073741824 2019-03-26 05:41 /myfile4
-rw-r--r--   3 root supergroup 1073741824 2019-03-26 05:40 /myfile5
file 4 has been put into HDFS
file 4 has been read from HDFS for 1 time
diff succeed!
file 4 has been read from HDFS for 2 time
diff succeed!
file 4 has been read from HDFS for 3 time
diff succeed!
file 4 has been read from HDFS for 4 time
diff succeed!
file 4 has been read from HDFS for 5 time
diff succeed!
file 4 has been read from HDFS for 6 time
diff succeed!
file 4 has been read from HDFS for 7 time
diff succeed!
file 4 has been read from HDFS for 8 time
diff succeed!
file 4 has been read from HDFS for 9 time
diff succeed!
file 4 has been read from HDFS for 10 time
diff succeed!
Deleted /myfile4
file 4 has been removed from HDFS
Found 5 items
-rw-r--r--   3 root supergroup 1073741824 2019-03-26 05:42 /myfile1
-rw-r--r--   3 root supergroup 1073741824 2019-03-26 05:43 /myfile2
-rw-r--r--   3 root supergroup 1073741824 2019-03-26 05:43 /myfile3
-rw-r--r--   3 root supergroup 1073741824 2019-03-26 05:43 /myfile4
-rw-r--r--   3 root supergroup 1073741824 2019-03-26 05:43 /myfile5
file 4 has been put into HDFS
file 4 has been read from HDFS for 1 time
diff succeed!
file 4 has been read from HDFS for 2 time
diff succeed!
file 4 has been read from HDFS for 3 time
diff succeed!
file 4 has been read from HDFS for 4 time
diff succeed!
file 4 has been read from HDFS for 5 time
diff succeed!
file 4 has been read from HDFS for 6 time
diff succeed!
file 4 has been read from HDFS for 7 time
diff succeed!
file 4 has been read from HDFS for 8 time
diff succeed!
file 4 has been read from HDFS for 9 time
diff succeed!
file 4 has been read from HDFS for 10 time
diff succeed!
Deleted /myfile4
file 4 has been removed from HDFS
Found 5 items
-rw-r--r--   3 root supergroup 1073741824 2019-03-26 05:44 /myfile1
-rw-r--r--   3 root supergroup 1073741824 2019-03-26 05:44 /myfile2
-rw-r--r--   3 root supergroup 1073741824 2019-03-26 05:44 /myfile3
-rw-r--r--   3 root supergroup 1073741824 2019-03-26 05:44 /myfile4
-rw-r--r--   3 root supergroup 1073741824 2019-03-26 05:44 /myfile5
file 4 has been put into HDFS
file 4 has been read from HDFS for 1 time
diff succeed!
file 4 has been read from HDFS for 2 time
diff succeed!
file 4 has been read from HDFS for 3 time
diff succeed!
file 4 has been read from HDFS for 4 time
diff succeed!
file 4 has been read from HDFS for 5 time
diff succeed!
file 4 has been read from HDFS for 6 time
diff succeed!
file 4 has been read from HDFS for 7 time
diff succeed!
file 4 has been read from HDFS for 8 time
diff succeed!
file 4 has been read from HDFS for 9 time
diff succeed!
file 4 has been read from HDFS for 10 time
diff succeed!
Deleted /myfile4
file 4 has been removed from HDFS
Found 5 items
-rw-r--r--   3 root supergroup 1073741824 2019-03-26 05:45 /myfile1
-rw-r--r--   3 root supergroup 1073741824 2019-03-26 05:47 /myfile2
-rw-r--r--   3 root supergroup 1073741824 2019-03-26 05:46 /myfile3
-rw-r--r--   3 root supergroup 1073741824 2019-03-26 05:47 /myfile4
-rw-r--r--   3 root supergroup 1073741824 2019-03-26 05:46 /myfile5
file 4 has been put into HDFS
file 4 has been read from HDFS for 1 time
diff succeed!
file 4 has been read from HDFS for 2 time
diff succeed!
file 4 has been read from HDFS for 3 time
diff succeed!
file 4 has been read from HDFS for 4 time
diff succeed!
file 4 has been read from HDFS for 5 time
diff succeed!
file 4 has been read from HDFS for 6 time
diff succeed!
file 4 has been read from HDFS for 7 time
diff succeed!
file 4 has been read from HDFS for 8 time
diff succeed!
file 4 has been read from HDFS for 9 time
diff succeed!
file 4 has been read from HDFS for 10 time
diff succeed!
Deleted /myfile4
file 4 has been removed from HDFS
Found 5 items
-rw-r--r--   3 root supergroup 1073741824 2019-03-26 05:47 /myfile1
-rw-r--r--   3 root supergroup 1073741824 2019-03-26 05:48 /myfile2
-rw-r--r--   3 root supergroup 1073741824 2019-03-26 05:47 /myfile3
-rw-r--r--   3 root supergroup 1073741824 2019-03-26 05:48 /myfile4
-rw-r--r--   3 root supergroup 1073741824 2019-03-26 05:47 /myfile5
file 4 has been put into HDFS
file 4 has been read from HDFS for 1 time
diff succeed!
file 4 has been read from HDFS for 2 time
diff succeed!
file 4 has been read from HDFS for 3 time
diff succeed!
file 4 has been read from HDFS for 4 time
diff succeed!
file 4 has been read from HDFS for 5 time
diff succeed!
file 4 has been read from HDFS for 6 time
diff succeed!
file 4 has been read from HDFS for 7 time
diff succeed!
file 4 has been read from HDFS for 8 time
diff succeed!
file 4 has been read from HDFS for 9 time
diff succeed!
file 4 has been read from HDFS for 10 time
diff succeed!
Deleted /myfile4
file 4 has been removed from HDFS
Found 5 items
-rw-r--r--   3 root supergroup 1073741824 2019-03-26 05:49 /myfile1
-rw-r--r--   3 root supergroup 1073741824 2019-03-26 05:48 /myfile2
-rw-r--r--   3 root supergroup 1073741824 2019-03-26 05:49 /myfile3
-rw-r--r--   3 root supergroup 1073741824 2019-03-26 05:50 /myfile4
-rw-r--r--   3 root supergroup 1073741824 2019-03-26 05:50 /myfile5
file 4 has been put into HDFS
file 4 has been read from HDFS for 1 time
diff succeed!
file 4 has been read from HDFS for 2 time
diff succeed!
file 4 has been read from HDFS for 3 time
diff succeed!
file 4 has been read from HDFS for 4 time
diff succeed!
file 4 has been read from HDFS for 5 time
diff succeed!
file 4 has been read from HDFS for 6 time
diff succeed!
file 4 has been read from HDFS for 7 time
diff succeed!
file 4 has been read from HDFS for 8 time
diff succeed!
file 4 has been read from HDFS for 9 time
diff succeed!
file 4 has been read from HDFS for 10 time
diff succeed!
Deleted /myfile4
file 4 has been removed from HDFS
Found 5 items
-rw-r--r--   3 root supergroup 1073741824 2019-03-26 05:51 /myfile1
-rw-r--r--   3 root supergroup 1073741824 2019-03-26 05:50 /myfile2
-rw-r--r--   3 root supergroup 1073741824 2019-03-26 05:51 /myfile3
-rw-r--r--   3 root supergroup 1073741824 2019-03-26 05:51 /myfile4
-rw-r--r--   3 root supergroup 1073741824 2019-03-26 05:51 /myfile5
file 4 has been put into HDFS
file 4 has been read from HDFS for 1 time
diff succeed!
file 4 has been read from HDFS for 2 time
diff succeed!
file 4 has been read from HDFS for 3 time
diff succeed!
file 4 has been read from HDFS for 4 time
diff succeed!
file 4 has been read from HDFS for 5 time
diff succeed!
file 4 has been read from HDFS for 6 time
diff succeed!
file 4 has been read from HDFS for 7 time
diff succeed!
file 4 has been read from HDFS for 8 time
diff succeed!
file 4 has been read from HDFS for 9 time
diff succeed!
file 4 has been read from HDFS for 10 time
diff succeed!
Deleted /myfile4
file 4 has been removed from HDFS
Found 5 items
-rw-r--r--   3 root supergroup 1073741824 2019-03-26 05:53 /myfile1
-rw-r--r--   3 root supergroup  134217728 2019-03-26 05:54 /myfile2._COPYING_
-rw-r--r--   3 root supergroup 1073741824 2019-03-26 05:53 /myfile3
-rw-r--r--   3 root supergroup 1073741824 2019-03-26 05:54 /myfile4
-rw-r--r--   3 root supergroup  939524096 2019-03-26 05:54 /myfile5._COPYING_
file 4 has been put into HDFS
file 4 has been read from HDFS for 1 time
diff succeed!
file 4 has been read from HDFS for 2 time
diff succeed!
file 4 has been read from HDFS for 3 time
diff succeed!
file 4 has been read from HDFS for 4 time
diff succeed!
file 4 has been read from HDFS for 5 time
diff succeed!
file 4 has been read from HDFS for 6 time
diff succeed!
