Found 5 items
-rw-r--r--   3 root supergroup 1073741824 2019-03-27 05:17 /myfile1
-rw-r--r--   3 root supergroup 1073741824 2019-03-27 05:17 /myfile2
-rw-r--r--   3 root supergroup 1073741824 2019-03-27 05:17 /myfile3
-rw-r--r--   3 root supergroup 1073741824 2019-03-27 05:17 /myfile4
-rw-r--r--   3 root supergroup 1073741824 2019-03-27 05:17 /myfile5
file 5 has been put into HDFS
file 5 has been read from HDFS for 1 time
diff succeed!
file 5 has been read from HDFS for 2 time
diff succeed!
file 5 has been read from HDFS for 3 time
diff succeed!
file 5 has been read from HDFS for 4 time
diff succeed!
file 5 has been read from HDFS for 5 time
diff succeed!
file 5 has been read from HDFS for 6 time
diff succeed!
file 5 has been read from HDFS for 7 time
diff succeed!
file 5 has been read from HDFS for 8 time
diff succeed!
file 5 has been read from HDFS for 9 time
diff succeed!
file 5 has been read from HDFS for 10 time
diff succeed!
Deleted /myfile5
file 5 has been removed from HDFS
Found 4 items
-rw-r--r--   3 root supergroup 1073741824 2019-03-27 05:17 /myfile2
-rw-r--r--   3 root supergroup 1073741824 2019-03-27 05:19 /myfile3
-rw-r--r--   3 root supergroup 1073741824 2019-03-27 05:17 /myfile4
-rw-r--r--   3 root supergroup 1073741824 2019-03-27 05:19 /myfile5
file 5 has been put into HDFS
file 5 has been read from HDFS for 1 time
diff succeed!
file 5 has been read from HDFS for 2 time
diff succeed!
file 5 has been read from HDFS for 3 time
diff succeed!
file 5 has been read from HDFS for 4 time
diff succeed!
file 5 has been read from HDFS for 5 time
diff succeed!
file 5 has been read from HDFS for 6 time
diff succeed!
file 5 has been read from HDFS for 7 time
diff succeed!
file 5 has been read from HDFS for 8 time
diff succeed!
file 5 has been read from HDFS for 9 time
diff succeed!
file 5 has been read from HDFS for 10 time
diff succeed!
Deleted /myfile5
file 5 has been removed from HDFS
Found 5 items
-rw-r--r--   3 root supergroup 1073741824 2019-03-27 05:21 /myfile1
-rw-r--r--   3 root supergroup 1073741824 2019-03-27 05:20 /myfile2
-rw-r--r--   3 root supergroup 1073741824 2019-03-27 05:21 /myfile3
-rw-r--r--   3 root supergroup 1073741824 2019-03-27 05:20 /myfile4
-rw-r--r--   3 root supergroup 1073741824 2019-03-27 05:21 /myfile5
file 5 has been put into HDFS
file 5 has been read from HDFS for 1 time
diff succeed!
file 5 has been read from HDFS for 2 time
diff succeed!
file 5 has been read from HDFS for 3 time
diff succeed!
file 5 has been read from HDFS for 4 time
diff succeed!
file 5 has been read from HDFS for 5 time
diff succeed!
file 5 has been read from HDFS for 6 time
diff succeed!
file 5 has been read from HDFS for 7 time
diff succeed!
file 5 has been read from HDFS for 8 time
diff succeed!
file 5 has been read from HDFS for 9 time
diff succeed!
file 5 has been read from HDFS for 10 time
diff succeed!
Deleted /myfile5
file 5 has been removed from HDFS
Found 5 items
-rw-r--r--   3 root supergroup 1073741824 2019-03-27 05:23 /myfile1
-rw-r--r--   3 root supergroup 1073741824 2019-03-27 05:24 /myfile2
-rw-r--r--   3 root supergroup 1073741824 2019-03-27 05:23 /myfile3
-rw-r--r--   3 root supergroup 1073741824 2019-03-27 05:22 /myfile4
-rw-r--r--   3 root supergroup 1073741824 2019-03-27 05:24 /myfile5
file 5 has been put into HDFS
file 5 has been read from HDFS for 1 time
diff succeed!
file 5 has been read from HDFS for 2 time
diff succeed!
file 5 has been read from HDFS for 3 time
diff succeed!
file 5 has been read from HDFS for 4 time
diff succeed!
file 5 has been read from HDFS for 5 time
diff succeed!
file 5 has been read from HDFS for 6 time
diff succeed!
file 5 has been read from HDFS for 7 time
diff succeed!
file 5 has been read from HDFS for 8 time
diff succeed!
file 5 has been read from HDFS for 9 time
diff succeed!
file 5 has been read from HDFS for 10 time
diff succeed!
Deleted /myfile5
file 5 has been removed from HDFS
Found 5 items
-rw-r--r--   3 root supergroup 1073741824 2019-03-27 05:25 /myfile1
-rw-r--r--   3 root supergroup 1073741824 2019-03-27 05:25 /myfile2
-rw-r--r--   3 root supergroup 1073741824 2019-03-27 05:25 /myfile3
-rw-r--r--   3 root supergroup 1073741824 2019-03-27 05:25 /myfile4
-rw-r--r--   3 root supergroup 1073741824 2019-03-27 05:26 /myfile5
file 5 has been put into HDFS
file 5 has been read from HDFS for 1 time
diff succeed!
file 5 has been read from HDFS for 2 time
diff succeed!
file 5 has been read from HDFS for 3 time
diff succeed!
file 5 has been read from HDFS for 4 time
diff succeed!
file 5 has been read from HDFS for 5 time
diff succeed!
file 5 has been read from HDFS for 6 time
diff succeed!
file 5 has been read from HDFS for 7 time
diff succeed!
file 5 has been read from HDFS for 8 time
diff succeed!
file 5 has been read from HDFS for 9 time
diff succeed!
file 5 has been read from HDFS for 10 time
diff succeed!
Deleted /myfile5
file 5 has been removed from HDFS
2019-03-27 05:28:14,764 INFO  retry.RetryInvocationHandler RetryInvocationHandler.java:log:411 - java.net.ConnectException: Call From clnode051.clemson.cloudlab.us/130.127.133.60 to node-1-link-0:8020 failed on connection exception: java.net.ConnectException: Connection refused; For more details see:  http://wiki.apache.org/hadoop/ConnectionRefused, while invoking ClientNamenodeProtocolTranslatorPB.getFileInfo over node-1-link-0/10.10.1.4:8020 after 1 failover attempts. Trying to failover after sleeping for 1236ms.
Found 5 items
-rw-r--r--   3 root supergroup 1073741824 2019-03-27 05:27 /myfile1
-rw-r--r--   3 root supergroup 1073741824 2019-03-27 05:27 /myfile2
-rw-r--r--   3 root supergroup 1073741824 2019-03-27 05:27 /myfile3
-rw-r--r--   3 root supergroup 1073741824 2019-03-27 05:26 /myfile4
-rw-r--r--   3 root supergroup 1073741824 2019-03-27 05:28 /myfile5
file 5 has been put into HDFS
file 5 has been read from HDFS for 1 time
diff succeed!
file 5 has been read from HDFS for 2 time
diff succeed!
file 5 has been read from HDFS for 3 time
diff succeed!
file 5 has been read from HDFS for 4 time
diff succeed!
file 5 has been read from HDFS for 5 time
diff succeed!
file 5 has been read from HDFS for 6 time
diff succeed!
file 5 has been read from HDFS for 7 time
diff succeed!
file 5 has been read from HDFS for 8 time
diff succeed!
file 5 has been read from HDFS for 9 time
diff succeed!
file 5 has been read from HDFS for 10 time
diff succeed!
Deleted /myfile5
file 5 has been removed from HDFS
Found 5 items
-rw-r--r--   3 root supergroup 1073741824 2019-03-27 05:28 /myfile1
-rw-r--r--   3 root supergroup 1073741824 2019-03-27 05:29 /myfile2
-rw-r--r--   3 root supergroup 1073741824 2019-03-27 05:28 /myfile3
-rw-r--r--   3 root supergroup 1073741824 2019-03-27 05:28 /myfile4
-rw-r--r--   3 root supergroup 1073741824 2019-03-27 05:29 /myfile5
file 5 has been put into HDFS
file 5 has been read from HDFS for 1 time
diff succeed!
file 5 has been read from HDFS for 2 time
diff succeed!
file 5 has been read from HDFS for 3 time
diff succeed!
file 5 has been read from HDFS for 4 time
diff succeed!
file 5 has been read from HDFS for 5 time
diff succeed!
file 5 has been read from HDFS for 6 time
diff succeed!
file 5 has been read from HDFS for 7 time
diff succeed!
file 5 has been read from HDFS for 8 time
diff succeed!
file 5 has been read from HDFS for 9 time
diff succeed!
file 5 has been read from HDFS for 10 time
diff succeed!
Deleted /myfile5
file 5 has been removed from HDFS
Found 5 items
-rw-r--r--   3 root supergroup 1073741824 2019-03-27 05:30 /myfile1
-rw-r--r--   3 root supergroup 1073741824 2019-03-27 05:29 /myfile2
-rw-r--r--   3 root supergroup 1073741824 2019-03-27 05:30 /myfile3
-rw-r--r--   3 root supergroup 1073741824 2019-03-27 05:30 /myfile4
-rw-r--r--   3 root supergroup 1073741824 2019-03-27 05:31 /myfile5
file 5 has been put into HDFS
file 5 has been read from HDFS for 1 time
diff succeed!
file 5 has been read from HDFS for 2 time
diff succeed!
file 5 has been read from HDFS for 3 time
diff succeed!
file 5 has been read from HDFS for 4 time
diff succeed!
file 5 has been read from HDFS for 5 time
diff succeed!
file 5 has been read from HDFS for 6 time
diff succeed!
file 5 has been read from HDFS for 7 time
diff succeed!
file 5 has been read from HDFS for 8 time
diff succeed!
file 5 has been read from HDFS for 9 time
diff succeed!
