Found 5 items
-rw-r--r--   3 root supergroup 1073741824 2019-03-25 23:56 /myfile1
-rw-r--r--   3 root supergroup 1073741824 2019-03-25 23:56 /myfile2
-rw-r--r--   3 root supergroup 1073741824 2019-03-25 23:56 /myfile3
-rw-r--r--   3 root supergroup 1073741824 2019-03-25 23:56 /myfile4
-rw-r--r--   3 root supergroup 1073741824 2019-03-25 23:56 /myfile5
file 4 has been put into HDFS
file 4 has been read from HDFS for 1 time
diff succeed!
file 4 has been read from HDFS for 2 time
diff succeed!
file 4 has been read from HDFS for 3 time
diff succeed!
file 4 has been read from HDFS for 4 time
diff succeed!
file 4 has been read from HDFS for 5 time
diff succeed!
file 4 has been read from HDFS for 6 time
diff succeed!
file 4 has been read from HDFS for 7 time
diff succeed!
file 4 has been read from HDFS for 8 time
diff succeed!
file 4 has been read from HDFS for 9 time
diff succeed!
file 4 has been read from HDFS for 10 time
diff succeed!
Deleted /myfile4
file 4 has been removed from HDFS
Found 5 items
-rw-r--r--   3 root supergroup 1073741824 2019-03-25 23:58 /myfile1
-rw-r--r--   3 root supergroup 1073741824 2019-03-25 23:58 /myfile2
-rw-r--r--   3 root supergroup 1073741824 2019-03-25 23:58 /myfile3
-rw-r--r--   3 root supergroup 1073741824 2019-03-25 23:58 /myfile4
-rw-r--r--   3 root supergroup 1073741824 2019-03-25 23:58 /myfile5
file 4 has been put into HDFS
file 4 has been read from HDFS for 1 time
diff succeed!
file 4 has been read from HDFS for 2 time
diff succeed!
file 4 has been read from HDFS for 3 time
diff succeed!
file 4 has been read from HDFS for 4 time
diff succeed!
file 4 has been read from HDFS for 5 time
diff succeed!
file 4 has been read from HDFS for 6 time
diff succeed!
file 4 has been read from HDFS for 7 time
diff succeed!
file 4 has been read from HDFS for 8 time
diff succeed!
file 4 has been read from HDFS for 9 time
diff succeed!
file 4 has been read from HDFS for 10 time
diff succeed!
Deleted /myfile4
file 4 has been removed from HDFS
Found 5 items
-rw-r--r--   3 root supergroup 1073741824 2019-03-25 23:59 /myfile1
-rw-r--r--   3 root supergroup 1073741824 2019-03-25 23:59 /myfile2
-rw-r--r--   3 root supergroup 1073741824 2019-03-25 23:59 /myfile3
-rw-r--r--   3 root supergroup 1073741824 2019-03-25 23:59 /myfile4
-rw-r--r--   3 root supergroup  939524096 2019-03-25 23:59 /myfile5._COPYING_
file 4 has been put into HDFS
file 4 has been read from HDFS for 1 time
diff succeed!
file 4 has been read from HDFS for 2 time
diff succeed!
file 4 has been read from HDFS for 3 time
diff succeed!
file 4 has been read from HDFS for 4 time
diff succeed!
file 4 has been read from HDFS for 5 time
diff succeed!
file 4 has been read from HDFS for 6 time
diff succeed!
file 4 has been read from HDFS for 7 time
diff succeed!
file 4 has been read from HDFS for 8 time
diff succeed!
file 4 has been read from HDFS for 9 time
diff succeed!
file 4 has been read from HDFS for 10 time
diff succeed!
Deleted /myfile4
file 4 has been removed from HDFS
2019-03-26 00:01:27,429 WARN  hdfs.DataStreamer DataStreamer.java:run:1196 - Exception for BP-1361396036-130.127.133.65-1553579744886:blk_1073741968_1144
java.io.IOException: Bad response ERROR for BP-1361396036-130.127.133.65-1553579744886:blk_1073741968_1144 from datanode DatanodeInfoWithStorage[10.10.1.6:9866,DS-23a44e0b-b462-4136-8784-d43ff3b3e730,DISK]
	at org.apache.hadoop.hdfs.DataStreamer$ResponseProcessor.run(DataStreamer.java:1126)
2019-03-26 00:01:27,435 WARN  hdfs.DataStreamer DataStreamer.java:handleBadDatanode:1571 - Error Recovery for BP-1361396036-130.127.133.65-1553579744886:blk_1073741968_1144 in pipeline [DatanodeInfoWithStorage[10.10.1.3:9866,DS-20db04ab-74e7-4a99-9229-ed185272cd96,DISK], DatanodeInfoWithStorage[10.10.1.5:9866,DS-ed2eaef4-f573-420f-a879-1ea457b98b31,DISK], DatanodeInfoWithStorage[10.10.1.6:9866,DS-23a44e0b-b462-4136-8784-d43ff3b3e730,DISK]]: datanode 2(DatanodeInfoWithStorage[10.10.1.6:9866,DS-23a44e0b-b462-4136-8784-d43ff3b3e730,DISK]) is bad.
2019-03-26 00:01:29,430 INFO  hdfs.DataStreamer DataStreamer.java:createBlockOutputStream:1789 - Exception in createBlockOutputStream blk_1073741973_1152
java.io.IOException: Got error, status=ERROR, status message , ack with firstBadLink as 10.10.1.6:9866
	at org.apache.hadoop.hdfs.protocol.datatransfer.DataTransferProtoUtil.checkBlockOpStatus(DataTransferProtoUtil.java:134)
	at org.apache.hadoop.hdfs.protocol.datatransfer.DataTransferProtoUtil.checkBlockOpStatus(DataTransferProtoUtil.java:110)
	at org.apache.hadoop.hdfs.DataStreamer.createBlockOutputStream(DataStreamer.java:1778)
	at org.apache.hadoop.hdfs.DataStreamer.nextBlockOutputStream(DataStreamer.java:1679)
	at org.apache.hadoop.hdfs.DataStreamer.run(DataStreamer.java:716)
2019-03-26 00:01:29,431 WARN  hdfs.DataStreamer DataStreamer.java:nextBlockOutputStream:1683 - Abandoning BP-1361396036-130.127.133.65-1553579744886:blk_1073741973_1152
2019-03-26 00:01:29,464 WARN  hdfs.DataStreamer DataStreamer.java:nextBlockOutputStream:1688 - Excluding datanode DatanodeInfoWithStorage[10.10.1.6:9866,DS-23a44e0b-b462-4136-8784-d43ff3b3e730,DISK]
Found 5 items
-rw-r--r--   3 root supergroup 1073741824 2019-03-26 00:01 /myfile1
-rw-r--r--   3 root supergroup 1073741824 2019-03-26 00:01 /myfile2
-rw-r--r--   3 root supergroup 1073741824 2019-03-26 00:01 /myfile3
-rw-r--r--   3 root supergroup 1073741824 2019-03-26 00:01 /myfile4
-rw-r--r--   3 root supergroup 1073741824 2019-03-25 23:59 /myfile5
file 4 has been put into HDFS
file 4 has been read from HDFS for 1 time
diff succeed!
file 4 has been read from HDFS for 2 time
diff succeed!
file 4 has been read from HDFS for 3 time
diff succeed!
file 4 has been read from HDFS for 4 time
diff succeed!
file 4 has been read from HDFS for 5 time
diff succeed!
file 4 has been read from HDFS for 6 time
diff succeed!
file 4 has been read from HDFS for 7 time
diff succeed!
file 4 has been read from HDFS for 8 time
diff succeed!
file 4 has been read from HDFS for 9 time
diff succeed!
file 4 has been read from HDFS for 10 time
diff succeed!
Deleted /myfile4
file 4 has been removed from HDFS
Found 5 items
-rw-r--r--   3 root supergroup 1073741824 2019-03-26 00:02 /myfile1
-rw-r--r--   3 root supergroup 1073741824 2019-03-26 00:01 /myfile2
-rw-r--r--   3 root supergroup 1073741824 2019-03-26 00:02 /myfile3
-rw-r--r--   3 root supergroup 1073741824 2019-03-26 00:02 /myfile4
-rw-r--r--   3 root supergroup 1073741824 2019-03-26 00:01 /myfile5
file 4 has been put into HDFS
file 4 has been read from HDFS for 1 time
diff succeed!
file 4 has been read from HDFS for 2 time
diff succeed!
file 4 has been read from HDFS for 3 time
diff succeed!
file 4 has been read from HDFS for 4 time
diff succeed!
file 4 has been read from HDFS for 5 time
diff succeed!
file 4 has been read from HDFS for 6 time
diff succeed!
file 4 has been read from HDFS for 7 time
diff succeed!
file 4 has been read from HDFS for 8 time
diff succeed!
file 4 has been read from HDFS for 9 time
diff succeed!
file 4 has been read from HDFS for 10 time
diff succeed!
Deleted /myfile4
file 4 has been removed from HDFS
Found 5 items
-rw-r--r--   3 root supergroup 1073741824 2019-03-26 00:04 /myfile1
-rw-r--r--   3 root supergroup 1073741824 2019-03-26 00:03 /myfile2
-rw-r--r--   3 root supergroup  402653184 2019-03-26 00:04 /myfile3._COPYING_
-rw-r--r--   3 root supergroup 1073741824 2019-03-26 00:04 /myfile4
-rw-r--r--   3 root supergroup 1073741824 2019-03-26 00:03 /myfile5
file 4 has been put into HDFS
file 4 has been read from HDFS for 1 time
diff succeed!
file 4 has been read from HDFS for 2 time
diff succeed!
file 4 has been read from HDFS for 3 time
diff succeed!
file 4 has been read from HDFS for 4 time
diff succeed!
file 4 has been read from HDFS for 5 time
diff succeed!
file 4 has been read from HDFS for 6 time
diff succeed!
file 4 has been read from HDFS for 7 time
diff succeed!
file 4 has been read from HDFS for 8 time
diff succeed!
file 4 has been read from HDFS for 9 time
diff succeed!
file 4 has been read from HDFS for 10 time
diff succeed!
Deleted /myfile4
file 4 has been removed from HDFS
Found 5 items
-rw-r--r--   3 root supergroup 1073741824 2019-03-26 00:05 /myfile1
-rw-r--r--   3 root supergroup 1073741824 2019-03-26 00:05 /myfile2
-rw-r--r--   3 root supergroup  805306368 2019-03-26 00:05 /myfile3._COPYING_
-rw-r--r--   3 root supergroup 1073741824 2019-03-26 00:05 /myfile4
-rw-r--r--   3 root supergroup 1073741824 2019-03-26 00:05 /myfile5
file 4 has been put into HDFS
file 4 has been read from HDFS for 1 time
diff succeed!
file 4 has been read from HDFS for 2 time
diff succeed!
file 4 has been read from HDFS for 3 time
diff succeed!
file 4 has been read from HDFS for 4 time
diff succeed!
file 4 has been read from HDFS for 5 time
diff succeed!
file 4 has been read from HDFS for 6 time
diff succeed!
file 4 has been read from HDFS for 7 time
diff succeed!
file 4 has been read from HDFS for 8 time
diff succeed!
file 4 has been read from HDFS for 9 time
diff succeed!
file 4 has been read from HDFS for 10 time
diff succeed!
Deleted /myfile4
file 4 has been removed from HDFS
Found 5 items
-rw-r--r--   3 root supergroup 1073741824 2019-03-26 00:07 /myfile1
-rw-r--r--   3 root supergroup 1073741824 2019-03-26 00:06 /myfile2
-rw-r--r--   3 root supergroup  268435456 2019-03-26 00:07 /myfile3._COPYING_
-rw-r--r--   3 root supergroup 1073741824 2019-03-26 00:07 /myfile4
-rw-r--r--   3 root supergroup 1073741824 2019-03-26 00:06 /myfile5
file 4 has been put into HDFS
file 4 has been read from HDFS for 1 time
diff succeed!
file 4 has been read from HDFS for 2 time
diff succeed!
file 4 has been read from HDFS for 3 time
diff succeed!
file 4 has been read from HDFS for 4 time
diff succeed!
file 4 has been read from HDFS for 5 time
diff succeed!
file 4 has been read from HDFS for 6 time
diff succeed!
file 4 has been read from HDFS for 7 time
diff succeed!
file 4 has been read from HDFS for 8 time
diff succeed!
file 4 has been read from HDFS for 9 time
diff succeed!
file 4 has been read from HDFS for 10 time
diff succeed!
Deleted /myfile4
file 4 has been removed from HDFS
Found 5 items
-rw-r--r--   3 root supergroup 1073741824 2019-03-26 00:09 /myfile1
-rw-r--r--   3 root supergroup 1073741824 2019-03-26 00:08 /myfile2
-rw-r--r--   3 root supergroup 1073741824 2019-03-26 00:09 /myfile3
-rw-r--r--   3 root supergroup 1073741824 2019-03-26 00:09 /myfile4
-rw-r--r--   3 root supergroup 1073741824 2019-03-26 00:08 /myfile5
file 4 has been put into HDFS
file 4 has been read from HDFS for 1 time
diff succeed!
file 4 has been read from HDFS for 2 time
diff succeed!
file 4 has been read from HDFS for 3 time
diff succeed!
file 4 has been read from HDFS for 4 time
diff succeed!
file 4 has been read from HDFS for 5 time
diff succeed!
file 4 has been read from HDFS for 6 time
diff succeed!
file 4 has been read from HDFS for 7 time
diff succeed!
file 4 has been read from HDFS for 8 time
diff succeed!
file 4 has been read from HDFS for 9 time
diff succeed!
file 4 has been read from HDFS for 10 time
diff succeed!
Deleted /myfile4
file 4 has been removed from HDFS
Found 5 items
-rw-r--r--   3 root supergroup 1073741824 2019-03-26 00:10 /myfile1
-rw-r--r--   3 root supergroup 1073741824 2019-03-26 00:10 /myfile2
-rw-r--r--   3 root supergroup 1073741824 2019-03-26 00:10 /myfile3
-rw-r--r--   3 root supergroup 1073741824 2019-03-26 00:11 /myfile4
-rw-r--r--   3 root supergroup 1073741824 2019-03-26 00:10 /myfile5
file 4 has been put into HDFS
file 4 has been read from HDFS for 1 time
diff succeed!
file 4 has been read from HDFS for 2 time
diff succeed!
file 4 has been read from HDFS for 3 time
diff succeed!
