verify_input for parameter dfs.namenode.stale.datanode.interval with value 1
DatanodeManager.java:getStaleIntervalFromConf:356 NOT found in base error set
verify_result.sh parameter dfs.namenode.stale.datanode.interval with value 1 returns 1
verify_input for parameter dfs.namenode.stale.datanode.interval with value 2
BlockManager.java:processIncrementalBlockReport:3959 NOT found in base error set
DatanodeManager.java:getStaleIntervalFromConf:356 NOT found in base error set
NameNodeRpcServer.java:run:1588 NOT found in base error set
verify_result.sh parameter dfs.namenode.stale.datanode.interval with value 2 returns 1
verify_input for parameter dfs.namenode.stale.datanode.interval with value 4
BlockManager.java:processIncrementalBlockReport:3959 NOT found in base error set
DatanodeManager.java:getStaleIntervalFromConf:356 NOT found in base error set
NameNodeRpcServer.java:run:1588 NOT found in base error set
verify_result.sh parameter dfs.namenode.stale.datanode.interval with value 4 returns 1
verify_input for parameter dfs.namenode.stale.datanode.interval with value 8
DatanodeManager.java:getStaleIntervalFromConf:356 NOT found in base error set
verify_result.sh parameter dfs.namenode.stale.datanode.interval with value 8 returns 1
verify_input for parameter dfs.namenode.stale.datanode.interval with value 16
DatanodeManager.java:getStaleIntervalFromConf:356 NOT found in base error set
verify_result.sh parameter dfs.namenode.stale.datanode.interval with value 16 returns 1
verify_input for parameter dfs.namenode.stale.datanode.interval with value 32
DatanodeManager.java:getStaleIntervalFromConf:356 NOT found in base error set
Journal.java:scanStorageForLatestEdits:214 NOT found in base error set
verify_result.sh parameter dfs.namenode.stale.datanode.interval with value 32 returns 1
verify_input for parameter dfs.namenode.stale.datanode.interval with value 64
BlockManager.java:processIncrementalBlockReport:3959 NOT found in base error set
DatanodeManager.java:getStaleIntervalFromConf:356 NOT found in base error set
NameNodeRpcServer.java:run:1588 NOT found in base error set
verify_result.sh parameter dfs.namenode.stale.datanode.interval with value 64 returns 1
verify_input for parameter dfs.namenode.stale.datanode.interval with value 128
DatanodeManager.java:getStaleIntervalFromConf:356 NOT found in base error set
verify_result.sh parameter dfs.namenode.stale.datanode.interval with value 128 returns 1
verify_input for parameter dfs.namenode.stale.datanode.interval with value 256
BlockManager.java:processIncrementalBlockReport:3959 NOT found in base error set
DatanodeManager.java:getStaleIntervalFromConf:356 NOT found in base error set
Journal.java:scanStorageForLatestEdits:214 NOT found in base error set
NameNodeRpcServer.java:run:1588 NOT found in base error set
verify_result.sh parameter dfs.namenode.stale.datanode.interval with value 256 returns 1
verify_input for parameter dfs.namenode.stale.datanode.interval with value 512
BlockManager.java:processIncrementalBlockReport:3959 NOT found in base error set
DatanodeManager.java:getStaleIntervalFromConf:356 NOT found in base error set
NameNodeRpcServer.java:run:1588 NOT found in base error set
verify_result.sh parameter dfs.namenode.stale.datanode.interval with value 512 returns 1
verify_input for parameter dfs.namenode.stale.datanode.interval with value 1024
DatanodeManager.java:getStaleIntervalFromConf:356 NOT found in base error set
verify_result.sh parameter dfs.namenode.stale.datanode.interval with value 1024 returns 1
verify_input for parameter dfs.namenode.stale.datanode.interval with value 2048
BlockManager.java:processIncrementalBlockReport:3959 NOT found in base error set
DatanodeManager.java:getStaleIntervalFromConf:356 NOT found in base error set
NameNodeRpcServer.java:run:1588 NOT found in base error set
verify_result.sh parameter dfs.namenode.stale.datanode.interval with value 2048 returns 1
verify_input for parameter dfs.namenode.stale.datanode.interval with value 4096
BlockManager.java:processIncrementalBlockReport:3959 NOT found in base error set
DatanodeManager.java:getStaleIntervalFromConf:356 NOT found in base error set
NameNodeRpcServer.java:run:1588 NOT found in base error set
verify_result.sh parameter dfs.namenode.stale.datanode.interval with value 4096 returns 1
verify_input for parameter dfs.namenode.stale.datanode.interval with value 8192
DatanodeManager.java:getStaleIntervalFromConf:356 NOT found in base error set
verify_result.sh parameter dfs.namenode.stale.datanode.interval with value 8192 returns 1
verify_input for parameter dfs.namenode.stale.datanode.interval with value 16384
verify_result.sh parameter dfs.namenode.stale.datanode.interval with value 16384 returns 0
break, set range_end as 16384
verify_input for parameter dfs.namenode.stale.datanode.interval with value 12288
BlockManager.java:processIncrementalBlockReport:3959 NOT found in base error set
NameNodeRpcServer.java:run:1588 NOT found in base error set
verify_result.sh parameter dfs.namenode.stale.datanode.interval with value 12288 returns 1
not ok branch
verify_input for parameter dfs.namenode.stale.datanode.interval with value 14336
verify_result.sh parameter dfs.namenode.stale.datanode.interval with value 14336 returns 0
ok branch
verify_input for parameter dfs.namenode.stale.datanode.interval with value 13312
BlockManager.java:processIncrementalBlockReport:3959 NOT found in base error set
NameNodeRpcServer.java:run:1588 NOT found in base error set
verify_result.sh parameter dfs.namenode.stale.datanode.interval with value 13312 returns 1
not ok branch
verify_input for parameter dfs.namenode.stale.datanode.interval with value 13824
verify_result.sh parameter dfs.namenode.stale.datanode.interval with value 13824 returns 0
ok branch
verify_input for parameter dfs.namenode.stale.datanode.interval with value 13568
BlockManager.java:processIncrementalBlockReport:3959 NOT found in base error set
NameNodeRpcServer.java:run:1588 NOT found in base error set
verify_result.sh parameter dfs.namenode.stale.datanode.interval with value 13568 returns 1
not ok branch
verify_input for parameter dfs.namenode.stale.datanode.interval with value 13696
BlockManager.java:processIncrementalBlockReport:3959 NOT found in base error set
NameNodeRpcServer.java:run:1588 NOT found in base error set
verify_result.sh parameter dfs.namenode.stale.datanode.interval with value 13696 returns 1
not ok branch
the minimum value for parameter dfs.namenode.stale.datanode.interval is 13760
