Found 5 items
-rw-r--r--   3 root supergroup  939524096 2019-03-26 05:08 /myfile1._COPYING_
-rw-r--r--   3 root supergroup 1073741824 2019-03-26 05:08 /myfile2
-rw-r--r--   3 root supergroup 1073741824 2019-03-26 05:08 /myfile3
-rw-r--r--   3 root supergroup 1073741824 2019-03-26 05:08 /myfile4
-rw-r--r--   3 root supergroup 1073741824 2019-03-26 05:08 /myfile5
file 2 has been put into HDFS
file 2 has been read from HDFS for 1 time
diff succeed!
file 2 has been read from HDFS for 2 time
diff succeed!
file 2 has been read from HDFS for 3 time
diff succeed!
file 2 has been read from HDFS for 4 time
diff succeed!
file 2 has been read from HDFS for 5 time
diff succeed!
file 2 has been read from HDFS for 6 time
diff succeed!
file 2 has been read from HDFS for 7 time
diff succeed!
file 2 has been read from HDFS for 8 time
diff succeed!
file 2 has been read from HDFS for 9 time
diff succeed!
file 2 has been read from HDFS for 10 time
diff succeed!
Deleted /myfile2
file 2 has been removed from HDFS
Found 5 items
-rw-r--r--   3 root supergroup 1073741824 2019-03-26 05:10 /myfile1
-rw-r--r--   3 root supergroup 1073741824 2019-03-26 05:10 /myfile2
-rw-r--r--   3 root supergroup 1073741824 2019-03-26 05:10 /myfile3
-rw-r--r--   3 root supergroup 1073741824 2019-03-26 05:10 /myfile4
-rw-r--r--   3 root supergroup 1073741824 2019-03-26 05:10 /myfile5
file 2 has been put into HDFS
file 2 has been read from HDFS for 1 time
diff succeed!
file 2 has been read from HDFS for 2 time
diff succeed!
file 2 has been read from HDFS for 3 time
diff succeed!
file 2 has been read from HDFS for 4 time
diff succeed!
file 2 has been read from HDFS for 5 time
diff succeed!
file 2 has been read from HDFS for 6 time
diff succeed!
file 2 has been read from HDFS for 7 time
diff succeed!
file 2 has been read from HDFS for 8 time
diff succeed!
file 2 has been read from HDFS for 9 time
diff succeed!
file 2 has been read from HDFS for 10 time
diff succeed!
Deleted /myfile2
file 2 has been removed from HDFS
Found 5 items
-rw-r--r--   3 root supergroup 1073741824 2019-03-26 05:11 /myfile1
-rw-r--r--   3 root supergroup 1073741824 2019-03-26 05:12 /myfile2
-rw-r--r--   3 root supergroup 1073741824 2019-03-26 05:12 /myfile3
-rw-r--r--   3 root supergroup 1073741824 2019-03-26 05:11 /myfile4
-rw-r--r--   3 root supergroup 1073741824 2019-03-26 05:12 /myfile5
file 2 has been put into HDFS
file 2 has been read from HDFS for 1 time
diff succeed!
file 2 has been read from HDFS for 2 time
diff succeed!
file 2 has been read from HDFS for 3 time
diff succeed!
file 2 has been read from HDFS for 4 time
diff succeed!
file 2 has been read from HDFS for 5 time
diff succeed!
file 2 has been read from HDFS for 6 time
diff succeed!
file 2 has been read from HDFS for 7 time
diff succeed!
file 2 has been read from HDFS for 8 time
diff succeed!
file 2 has been read from HDFS for 9 time
diff succeed!
2019-03-26 05:13:49,708 INFO  retry.RetryInvocationHandler RetryInvocationHandler.java:log:411 - java.net.ConnectException: Call From clnode087.clemson.cloudlab.us/130.127.133.96 to node-1-link-0:8020 failed on connection exception: java.net.ConnectException: Connection refused; For more details see:  http://wiki.apache.org/hadoop/ConnectionRefused, while invoking ClientNamenodeProtocolTranslatorPB.getFileInfo over node-1-link-0/10.10.1.4:8020 after 1 failover attempts. Trying to failover after sleeping for 777ms.
2019-03-26 05:13:50,494 INFO  retry.RetryInvocationHandler RetryInvocationHandler.java:log:411 - org.apache.hadoop.ipc.RemoteException(org.apache.hadoop.ipc.StandbyException): Operation category READ is not supported in state standby. Visit https://s.apache.org/sbnn-error
	at org.apache.hadoop.hdfs.server.namenode.ha.StandbyState.checkOperation(StandbyState.java:88)
	at org.apache.hadoop.hdfs.server.namenode.NameNode$NameNodeHAContext.checkOperation(NameNode.java:1952)
	at org.apache.hadoop.hdfs.server.namenode.FSNamesystem.checkOperation(FSNamesystem.java:1423)
	at org.apache.hadoop.hdfs.server.namenode.FSNamesystem.getFileInfo(FSNamesystem.java:3085)
	at org.apache.hadoop.hdfs.server.namenode.NameNodeRpcServer.getFileInfo(NameNodeRpcServer.java:1154)
	at org.apache.hadoop.hdfs.protocolPB.ClientNamenodeProtocolServerSideTranslatorPB.getFileInfo(ClientNamenodeProtocolServerSideTranslatorPB.java:966)
	at org.apache.hadoop.hdfs.protocol.proto.ClientNamenodeProtocolProtos$ClientNamenodeProtocol$2.callBlockingMethod(ClientNamenodeProtocolProtos.java)
	at org.apache.hadoop.ipc.ProtobufRpcEngine$Server$ProtoBufRpcInvoker.call(ProtobufRpcEngine.java:523)
	at org.apache.hadoop.ipc.RPC$Server.call(RPC.java:991)
	at org.apache.hadoop.ipc.Server$RpcCall.run(Server.java:872)
	at org.apache.hadoop.ipc.Server$RpcCall.run(Server.java:818)
	at java.security.AccessController.doPrivileged(Native Method)
	at javax.security.auth.Subject.doAs(Subject.java:422)
	at org.apache.hadoop.security.UserGroupInformation.doAs(UserGroupInformation.java:1729)
	at org.apache.hadoop.ipc.Server$Handler.run(Server.java:2678)
, while invoking ClientNamenodeProtocolTranslatorPB.getFileInfo over node-0-link-0/10.10.1.1:8020 after 2 failover attempts. Trying to failover after sleeping for 1041ms.
2019-03-26 05:13:51,538 INFO  retry.RetryInvocationHandler RetryInvocationHandler.java:log:411 - java.net.ConnectException: Call From clnode087.clemson.cloudlab.us/130.127.133.96 to node-1-link-0:8020 failed on connection exception: java.net.ConnectException: Connection refused; For more details see:  http://wiki.apache.org/hadoop/ConnectionRefused, while invoking ClientNamenodeProtocolTranslatorPB.getFileInfo over node-1-link-0/10.10.1.4:8020 after 3 failover attempts. Trying to failover after sleeping for 3872ms.
file 2 has been read from HDFS for 10 time
diff succeed!
Deleted /myfile2
file 2 has been removed from HDFS
Found 5 items
-rw-r--r--   3 root supergroup 1073741824 2019-03-26 05:13 /myfile1
-rw-r--r--   3 root supergroup 1073741824 2019-03-26 05:14 /myfile2
-rw-r--r--   3 root supergroup 1073741824 2019-03-26 05:14 /myfile3
-rw-r--r--   3 root supergroup 1073741824 2019-03-26 05:13 /myfile4
-rw-r--r--   3 root supergroup 1073741824 2019-03-26 05:14 /myfile5
file 2 has been put into HDFS
file 2 has been read from HDFS for 1 time
diff succeed!
file 2 has been read from HDFS for 2 time
diff succeed!
file 2 has been read from HDFS for 3 time
diff succeed!
file 2 has been read from HDFS for 4 time
diff succeed!
file 2 has been read from HDFS for 5 time
diff succeed!
file 2 has been read from HDFS for 6 time
diff succeed!
file 2 has been read from HDFS for 7 time
diff succeed!
file 2 has been read from HDFS for 8 time
diff succeed!
file 2 has been read from HDFS for 9 time
diff succeed!
file 2 has been read from HDFS for 10 time
diff succeed!
Deleted /myfile2
file 2 has been removed from HDFS
Found 5 items
-rw-r--r--   3 root supergroup 1073741824 2019-03-26 05:15 /myfile1
-rw-r--r--   3 root supergroup 1073741824 2019-03-26 05:16 /myfile2
-rw-r--r--   3 root supergroup 1073741824 2019-03-26 05:15 /myfile3
-rw-r--r--   3 root supergroup 1073741824 2019-03-26 05:15 /myfile4
-rw-r--r--   3 root supergroup 1073741824 2019-03-26 05:15 /myfile5
file 2 has been put into HDFS
file 2 has been read from HDFS for 1 time
diff succeed!
file 2 has been read from HDFS for 2 time
diff succeed!
file 2 has been read from HDFS for 3 time
diff succeed!
file 2 has been read from HDFS for 4 time
diff succeed!
file 2 has been read from HDFS for 5 time
diff succeed!
file 2 has been read from HDFS for 6 time
diff succeed!
file 2 has been read from HDFS for 7 time
diff succeed!
file 2 has been read from HDFS for 8 time
diff succeed!
file 2 has been read from HDFS for 9 time
diff succeed!
file 2 has been read from HDFS for 10 time
diff succeed!
Deleted /myfile2
file 2 has been removed from HDFS
Found 5 items
-rw-r--r--   3 root supergroup 1073741824 2019-03-26 05:17 /myfile1
-rw-r--r--   3 root supergroup 1073741824 2019-03-26 05:18 /myfile2
-rw-r--r--   3 root supergroup 1073741824 2019-03-26 05:18 /myfile3
-rw-r--r--   3 root supergroup 1073741824 2019-03-26 05:17 /myfile4
-rw-r--r--   3 root supergroup 1073741824 2019-03-26 05:18 /myfile5
file 2 has been put into HDFS
file 2 has been read from HDFS for 1 time
diff succeed!
file 2 has been read from HDFS for 2 time
diff succeed!
file 2 has been read from HDFS for 3 time
diff succeed!
file 2 has been read from HDFS for 4 time
diff succeed!
file 2 has been read from HDFS for 5 time
diff succeed!
file 2 has been read from HDFS for 6 time
diff succeed!
file 2 has been read from HDFS for 7 time
diff succeed!
file 2 has been read from HDFS for 8 time
diff succeed!
file 2 has been read from HDFS for 9 time
diff succeed!
file 2 has been read from HDFS for 10 time
diff succeed!
2019-03-26 05:19:36,504 INFO  retry.RetryInvocationHandler RetryInvocationHandler.java:log:411 - java.io.IOException: DestHost:destPort node-1-link-0:8020 , LocalHost:localPort clnode087.clemson.cloudlab.us/130.127.133.96:0. Failed on local exception: java.io.IOException: Connection reset by peer, while invoking ClientNamenodeProtocolTranslatorPB.getFileInfo over node-1-link-0/10.10.1.4:8020 after 1 failover attempts. Trying to failover after sleeping for 907ms.
2019-03-26 05:19:37,419 INFO  retry.RetryInvocationHandler RetryInvocationHandler.java:log:411 - org.apache.hadoop.ipc.RemoteException(org.apache.hadoop.ipc.StandbyException): Operation category READ is not supported in state standby. Visit https://s.apache.org/sbnn-error
	at org.apache.hadoop.hdfs.server.namenode.ha.StandbyState.checkOperation(StandbyState.java:88)
	at org.apache.hadoop.hdfs.server.namenode.NameNode$NameNodeHAContext.checkOperation(NameNode.java:1952)
	at org.apache.hadoop.hdfs.server.namenode.FSNamesystem.checkOperation(FSNamesystem.java:1423)
	at org.apache.hadoop.hdfs.server.namenode.FSNamesystem.getFileInfo(FSNamesystem.java:3085)
	at org.apache.hadoop.hdfs.server.namenode.NameNodeRpcServer.getFileInfo(NameNodeRpcServer.java:1154)
	at org.apache.hadoop.hdfs.protocolPB.ClientNamenodeProtocolServerSideTranslatorPB.getFileInfo(ClientNamenodeProtocolServerSideTranslatorPB.java:966)
	at org.apache.hadoop.hdfs.protocol.proto.ClientNamenodeProtocolProtos$ClientNamenodeProtocol$2.callBlockingMethod(ClientNamenodeProtocolProtos.java)
	at org.apache.hadoop.ipc.ProtobufRpcEngine$Server$ProtoBufRpcInvoker.call(ProtobufRpcEngine.java:523)
	at org.apache.hadoop.ipc.RPC$Server.call(RPC.java:991)
	at org.apache.hadoop.ipc.Server$RpcCall.run(Server.java:872)
	at org.apache.hadoop.ipc.Server$RpcCall.run(Server.java:818)
	at java.security.AccessController.doPrivileged(Native Method)
	at javax.security.auth.Subject.doAs(Subject.java:422)
	at org.apache.hadoop.security.UserGroupInformation.doAs(UserGroupInformation.java:1729)
	at org.apache.hadoop.ipc.Server$Handler.run(Server.java:2678)
, while invoking ClientNamenodeProtocolTranslatorPB.getFileInfo over node-0-link-0/10.10.1.1:8020 after 2 failover attempts. Trying to failover after sleeping for 1710ms.
2019-03-26 05:19:39,133 INFO  retry.RetryInvocationHandler RetryInvocationHandler.java:log:411 - java.net.ConnectException: Call From clnode087.clemson.cloudlab.us/130.127.133.96 to node-1-link-0:8020 failed on connection exception: java.net.ConnectException: Connection refused; For more details see:  http://wiki.apache.org/hadoop/ConnectionRefused, while invoking ClientNamenodeProtocolTranslatorPB.getFileInfo over node-1-link-0/10.10.1.4:8020 after 3 failover attempts. Trying to failover after sleeping for 5314ms.
2019-03-26 05:19:44,515 INFO  retry.RetryInvocationHandler RetryInvocationHandler.java:log:411 - org.apache.hadoop.ipc.RemoteException(org.apache.hadoop.ipc.RetriableException): org.apache.hadoop.hdfs.server.namenode.SafeModeException: Cannot delete /myfile2. Name node is in safe mode.
The reported blocks 32 has reached the threshold 0.9990 of total blocks 32. The number of live datanodes 4 has reached the minimum number 0. In safe mode extension. Safe mode will be turned off automatically in 4 seconds. NamenodeHostName:node-0-link-0
	at org.apache.hadoop.hdfs.server.namenode.FSNamesystem.checkNameNodeSafeMode(FSNamesystem.java:1441)
	at org.apache.hadoop.hdfs.server.namenode.FSNamesystem.delete(FSNamesystem.java:2986)
	at org.apache.hadoop.hdfs.server.namenode.NameNodeRpcServer.delete(NameNodeRpcServer.java:1095)
	at org.apache.hadoop.hdfs.protocolPB.ClientNamenodeProtocolServerSideTranslatorPB.delete(ClientNamenodeProtocolServerSideTranslatorPB.java:692)
	at org.apache.hadoop.hdfs.protocol.proto.ClientNamenodeProtocolProtos$ClientNamenodeProtocol$2.callBlockingMethod(ClientNamenodeProtocolProtos.java)
	at org.apache.hadoop.ipc.ProtobufRpcEngine$Server$ProtoBufRpcInvoker.call(ProtobufRpcEngine.java:523)
	at org.apache.hadoop.ipc.RPC$Server.call(RPC.java:991)
	at org.apache.hadoop.ipc.Server$RpcCall.run(Server.java:872)
	at org.apache.hadoop.ipc.Server$RpcCall.run(Server.java:818)
	at java.security.AccessController.doPrivileged(Native Method)
	at javax.security.auth.Subject.doAs(Subject.java:422)
	at org.apache.hadoop.security.UserGroupInformation.doAs(UserGroupInformation.java:1729)
	at org.apache.hadoop.ipc.Server$Handler.run(Server.java:2678)
Caused by: org.apache.hadoop.hdfs.server.namenode.SafeModeException: Cannot delete /myfile2. Name node is in safe mode.
The reported blocks 32 has reached the threshold 0.9990 of total blocks 32. The number of live datanodes 4 has reached the minimum number 0. In safe mode extension. Safe mode will be turned off automatically in 4 seconds. NamenodeHostName:node-0-link-0
	at org.apache.hadoop.hdfs.server.namenode.FSNamesystem.newSafemodeException(FSNamesystem.java:1450)
	at org.apache.hadoop.hdfs.server.namenode.FSNamesystem.checkNameNodeSafeMode(FSNamesystem.java:1437)
	... 12 more
, while invoking ClientNamenodeProtocolTranslatorPB.delete over node-0-link-0/10.10.1.1:8020. Retrying immediately.
2019-03-26 05:19:44,517 INFO  retry.RetryInvocationHandler RetryInvocationHandler.java:log:411 - org.apache.hadoop.ipc.RemoteException(org.apache.hadoop.ipc.RetriableException): org.apache.hadoop.hdfs.server.namenode.SafeModeException: Cannot delete /myfile2. Name node is in safe mode.
The reported blocks 32 has reached the threshold 0.9990 of total blocks 32. The number of live datanodes 4 has reached the minimum number 0. In safe mode extension. Safe mode will be turned off automatically in 4 seconds. NamenodeHostName:node-0-link-0
	at org.apache.hadoop.hdfs.server.namenode.FSNamesystem.checkNameNodeSafeMode(FSNamesystem.java:1441)
	at org.apache.hadoop.hdfs.server.namenode.FSNamesystem.delete(FSNamesystem.java:2986)
	at org.apache.hadoop.hdfs.server.namenode.NameNodeRpcServer.delete(NameNodeRpcServer.java:1095)
	at org.apache.hadoop.hdfs.protocolPB.ClientNamenodeProtocolServerSideTranslatorPB.delete(ClientNamenodeProtocolServerSideTranslatorPB.java:692)
	at org.apache.hadoop.hdfs.protocol.proto.ClientNamenodeProtocolProtos$ClientNamenodeProtocol$2.callBlockingMethod(ClientNamenodeProtocolProtos.java)
	at org.apache.hadoop.ipc.ProtobufRpcEngine$Server$ProtoBufRpcInvoker.call(ProtobufRpcEngine.java:523)
	at org.apache.hadoop.ipc.RPC$Server.call(RPC.java:991)
	at org.apache.hadoop.ipc.Server$RpcCall.run(Server.java:872)
	at org.apache.hadoop.ipc.Server$RpcCall.run(Server.java:818)
	at java.security.AccessController.doPrivileged(Native Method)
	at javax.security.auth.Subject.doAs(Subject.java:422)
	at org.apache.hadoop.security.UserGroupInformation.doAs(UserGroupInformation.java:1729)
	at org.apache.hadoop.ipc.Server$Handler.run(Server.java:2678)
Caused by: org.apache.hadoop.hdfs.server.namenode.SafeModeException: Cannot delete /myfile2. Name node is in safe mode.
The reported blocks 32 has reached the threshold 0.9990 of total blocks 32. The number of live datanodes 4 has reached the minimum number 0. In safe mode extension. Safe mode will be turned off automatically in 4 seconds. NamenodeHostName:node-0-link-0
	at org.apache.hadoop.hdfs.server.namenode.FSNamesystem.newSafemodeException(FSNamesystem.java:1450)
	at org.apache.hadoop.hdfs.server.namenode.FSNamesystem.checkNameNodeSafeMode(FSNamesystem.java:1437)
	... 12 more
, while invoking ClientNamenodeProtocolTranslatorPB.delete over node-0-link-0/10.10.1.1:8020. Retrying after sleeping for 1098ms.
2019-03-26 05:19:45,618 INFO  retry.RetryInvocationHandler RetryInvocationHandler.java:log:411 - org.apache.hadoop.ipc.RemoteException(org.apache.hadoop.ipc.RetriableException): org.apache.hadoop.hdfs.server.namenode.SafeModeException: Cannot delete /myfile2. Name node is in safe mode.
The reported blocks 32 has reached the threshold 0.9990 of total blocks 32. The number of live datanodes 4 has reached the minimum number 0. In safe mode extension. Safe mode will be turned off automatically in 3 seconds. NamenodeHostName:node-0-link-0
	at org.apache.hadoop.hdfs.server.namenode.FSNamesystem.checkNameNodeSafeMode(FSNamesystem.java:1441)
	at org.apache.hadoop.hdfs.server.namenode.FSNamesystem.delete(FSNamesystem.java:2986)
	at org.apache.hadoop.hdfs.server.namenode.NameNodeRpcServer.delete(NameNodeRpcServer.java:1095)
	at org.apache.hadoop.hdfs.protocolPB.ClientNamenodeProtocolServerSideTranslatorPB.delete(ClientNamenodeProtocolServerSideTranslatorPB.java:692)
	at org.apache.hadoop.hdfs.protocol.proto.ClientNamenodeProtocolProtos$ClientNamenodeProtocol$2.callBlockingMethod(ClientNamenodeProtocolProtos.java)
	at org.apache.hadoop.ipc.ProtobufRpcEngine$Server$ProtoBufRpcInvoker.call(ProtobufRpcEngine.java:523)
	at org.apache.hadoop.ipc.RPC$Server.call(RPC.java:991)
	at org.apache.hadoop.ipc.Server$RpcCall.run(Server.java:872)
	at org.apache.hadoop.ipc.Server$RpcCall.run(Server.java:818)
	at java.security.AccessController.doPrivileged(Native Method)
	at javax.security.auth.Subject.doAs(Subject.java:422)
	at org.apache.hadoop.security.UserGroupInformation.doAs(UserGroupInformation.java:1729)
	at org.apache.hadoop.ipc.Server$Handler.run(Server.java:2678)
Caused by: org.apache.hadoop.hdfs.server.namenode.SafeModeException: Cannot delete /myfile2. Name node is in safe mode.
The reported blocks 32 has reached the threshold 0.9990 of total blocks 32. The number of live datanodes 4 has reached the minimum number 0. In safe mode extension. Safe mode will be turned off automatically in 3 seconds. NamenodeHostName:node-0-link-0
	at org.apache.hadoop.hdfs.server.namenode.FSNamesystem.newSafemodeException(FSNamesystem.java:1450)
	at org.apache.hadoop.hdfs.server.namenode.FSNamesystem.checkNameNodeSafeMode(FSNamesystem.java:1437)
	... 12 more
, while invoking ClientNamenodeProtocolTranslatorPB.delete over node-0-link-0/10.10.1.1:8020. Retrying after sleeping for 1016ms.
2019-03-26 05:19:46,638 INFO  retry.RetryInvocationHandler RetryInvocationHandler.java:log:411 - org.apache.hadoop.ipc.RemoteException(org.apache.hadoop.ipc.RetriableException): org.apache.hadoop.hdfs.server.namenode.SafeModeException: Cannot delete /myfile2. Name node is in safe mode.
The reported blocks 32 has reached the threshold 0.9990 of total blocks 32. The number of live datanodes 4 has reached the minimum number 0. In safe mode extension. Safe mode will be turned off automatically in 2 seconds. NamenodeHostName:node-0-link-0
	at org.apache.hadoop.hdfs.server.namenode.FSNamesystem.checkNameNodeSafeMode(FSNamesystem.java:1441)
	at org.apache.hadoop.hdfs.server.namenode.FSNamesystem.delete(FSNamesystem.java:2986)
	at org.apache.hadoop.hdfs.server.namenode.NameNodeRpcServer.delete(NameNodeRpcServer.java:1095)
	at org.apache.hadoop.hdfs.protocolPB.ClientNamenodeProtocolServerSideTranslatorPB.delete(ClientNamenodeProtocolServerSideTranslatorPB.java:692)
	at org.apache.hadoop.hdfs.protocol.proto.ClientNamenodeProtocolProtos$ClientNamenodeProtocol$2.callBlockingMethod(ClientNamenodeProtocolProtos.java)
	at org.apache.hadoop.ipc.ProtobufRpcEngine$Server$ProtoBufRpcInvoker.call(ProtobufRpcEngine.java:523)
	at org.apache.hadoop.ipc.RPC$Server.call(RPC.java:991)
	at org.apache.hadoop.ipc.Server$RpcCall.run(Server.java:872)
	at org.apache.hadoop.ipc.Server$RpcCall.run(Server.java:818)
	at java.security.AccessController.doPrivileged(Native Method)
	at javax.security.auth.Subject.doAs(Subject.java:422)
	at org.apache.hadoop.security.UserGroupInformation.doAs(UserGroupInformation.java:1729)
	at org.apache.hadoop.ipc.Server$Handler.run(Server.java:2678)
Caused by: org.apache.hadoop.hdfs.server.namenode.SafeModeException: Cannot delete /myfile2. Name node is in safe mode.
The reported blocks 32 has reached the threshold 0.9990 of total blocks 32. The number of live datanodes 4 has reached the minimum number 0. In safe mode extension. Safe mode will be turned off automatically in 2 seconds. NamenodeHostName:node-0-link-0
	at org.apache.hadoop.hdfs.server.namenode.FSNamesystem.newSafemodeException(FSNamesystem.java:1450)
	at org.apache.hadoop.hdfs.server.namenode.FSNamesystem.checkNameNodeSafeMode(FSNamesystem.java:1437)
	... 12 more
, while invoking ClientNamenodeProtocolTranslatorPB.delete over node-0-link-0/10.10.1.1:8020. Retrying after sleeping for 3458ms.
Deleted /myfile2
file 2 has been removed from HDFS
Found 5 items
-rw-r--r--   3 root supergroup 1073741824 2019-03-26 05:19 /myfile1
-rw-r--r--   3 root supergroup 1073741824 2019-03-26 05:20 /myfile2
-rw-r--r--   3 root supergroup 1073741824 2019-03-26 05:20 /myfile3
-rw-r--r--   3 root supergroup 1073741824 2019-03-26 05:19 /myfile4
-rw-r--r--   3 root supergroup 1073741824 2019-03-26 05:20 /myfile5
file 2 has been put into HDFS
file 2 has been read from HDFS for 1 time
diff succeed!
file 2 has been read from HDFS for 2 time
diff succeed!
file 2 has been read from HDFS for 3 time
diff succeed!
file 2 has been read from HDFS for 4 time
diff succeed!
file 2 has been read from HDFS for 5 time
diff succeed!
file 2 has been read from HDFS for 6 time
diff succeed!
file 2 has been read from HDFS for 7 time
diff succeed!
file 2 has been read from HDFS for 8 time
diff succeed!
file 2 has been read from HDFS for 9 time
diff succeed!
file 2 has been read from HDFS for 10 time
diff succeed!
Deleted /myfile2
file 2 has been removed from HDFS
Found 5 items
-rw-r--r--   3 root supergroup 1073741824 2019-03-26 05:21 /myfile1
-rw-r--r--   3 root supergroup 1073741824 2019-03-26 05:22 /myfile2
-rw-r--r--   3 root supergroup 1073741824 2019-03-26 05:22 /myfile3
-rw-r--r--   3 root supergroup 1073741824 2019-03-26 05:21 /myfile4
-rw-r--r--   3 root supergroup 1073741824 2019-03-26 05:22 /myfile5
file 2 has been put into HDFS
file 2 has been read from HDFS for 1 time
diff succeed!
file 2 has been read from HDFS for 2 time
diff succeed!
file 2 has been read from HDFS for 3 time
diff succeed!
file 2 has been read from HDFS for 4 time
diff succeed!
file 2 has been read from HDFS for 5 time
diff succeed!
file 2 has been read from HDFS for 6 time
diff succeed!
file 2 has been read from HDFS for 7 time
diff succeed!
file 2 has been read from HDFS for 8 time
diff succeed!
file 2 has been read from HDFS for 9 time
diff succeed!
file 2 has been read from HDFS for 10 time
diff succeed!
Deleted /myfile2
file 2 has been removed from HDFS
Found 5 items
-rw-r--r--   3 root supergroup 1073741824 2019-03-26 05:23 /myfile1
-rw-r--r--   3 root supergroup 1073741824 2019-03-26 05:24 /myfile2
-rw-r--r--   3 root supergroup 1073741824 2019-03-26 05:23 /myfile3
-rw-r--r--   3 root supergroup 1073741824 2019-03-26 05:23 /myfile4
-rw-r--r--   3 root supergroup 1073741824 2019-03-26 05:24 /myfile5
file 2 has been put into HDFS
file 2 has been read from HDFS for 1 time
diff succeed!
file 2 has been read from HDFS for 2 time
diff succeed!
file 2 has been read from HDFS for 3 time
diff succeed!
