Found 5 items
-rw-r--r--   3 root supergroup 1073741824 2019-03-26 02:20 /myfile1
-rw-r--r--   3 root supergroup 1073741824 2019-03-26 02:20 /myfile2
-rw-r--r--   3 root supergroup 1073741824 2019-03-26 02:20 /myfile3
-rw-r--r--   3 root supergroup 1073741824 2019-03-26 02:20 /myfile4
-rw-r--r--   3 root supergroup 1073741824 2019-03-26 02:20 /myfile5
file 5 has been put into HDFS
file 5 has been read from HDFS for 1 time
diff succeed!
file 5 has been read from HDFS for 2 time
diff succeed!
file 5 has been read from HDFS for 3 time
diff succeed!
file 5 has been read from HDFS for 4 time
diff succeed!
file 5 has been read from HDFS for 5 time
diff succeed!
file 5 has been read from HDFS for 6 time
diff succeed!
file 5 has been read from HDFS for 7 time
diff succeed!
file 5 has been read from HDFS for 8 time
diff succeed!
file 5 has been read from HDFS for 9 time
diff succeed!
file 5 has been read from HDFS for 10 time
diff succeed!
Deleted /myfile5
file 5 has been removed from HDFS
Found 5 items
-rw-r--r--   3 root supergroup 1073741824 2019-03-26 02:22 /myfile1
-rw-r--r--   3 root supergroup 1073741824 2019-03-26 02:22 /myfile2
-rw-r--r--   3 root supergroup 1073741824 2019-03-26 02:22 /myfile3
-rw-r--r--   3 root supergroup 1073741824 2019-03-26 02:22 /myfile4
-rw-r--r--   3 root supergroup 1073741824 2019-03-26 02:23 /myfile5
file 5 has been put into HDFS
file 5 has been read from HDFS for 1 time
diff succeed!
file 5 has been read from HDFS for 2 time
diff succeed!
file 5 has been read from HDFS for 3 time
diff succeed!
file 5 has been read from HDFS for 4 time
diff succeed!
file 5 has been read from HDFS for 5 time
diff succeed!
file 5 has been read from HDFS for 6 time
diff succeed!
file 5 has been read from HDFS for 7 time
diff succeed!
file 5 has been read from HDFS for 8 time
diff succeed!
file 5 has been read from HDFS for 9 time
diff succeed!
file 5 has been read from HDFS for 10 time
diff succeed!
Deleted /myfile5
file 5 has been removed from HDFS
2019-03-26 02:25:27,956 WARN  hdfs.DataStreamer DataStreamer.java:run:1196 - Exception for BP-511623012-130.127.133.21-1553588378038:blk_1073741939_1115
java.io.IOException: Connection reset by peer
	at sun.nio.ch.FileDispatcherImpl.read0(Native Method)
	at sun.nio.ch.SocketDispatcher.read(SocketDispatcher.java:39)
	at sun.nio.ch.IOUtil.readIntoNativeBuffer(IOUtil.java:223)
	at sun.nio.ch.IOUtil.read(IOUtil.java:197)
	at sun.nio.ch.SocketChannelImpl.read(SocketChannelImpl.java:380)
	at org.apache.hadoop.net.SocketInputStream$Reader.performIO(SocketInputStream.java:57)
	at org.apache.hadoop.net.SocketIOWithTimeout.doIO(SocketIOWithTimeout.java:142)
	at org.apache.hadoop.net.SocketInputStream.read(SocketInputStream.java:161)
	at org.apache.hadoop.net.SocketInputStream.read(SocketInputStream.java:131)
	at org.apache.hadoop.net.SocketInputStream.read(SocketInputStream.java:118)
	at java.io.FilterInputStream.read(FilterInputStream.java:83)
	at java.io.FilterInputStream.read(FilterInputStream.java:83)
	at org.apache.hadoop.hdfs.protocolPB.PBHelperClient.vintPrefixed(PBHelperClient.java:547)
	at org.apache.hadoop.hdfs.protocol.datatransfer.PipelineAck.readFields(PipelineAck.java:213)
	at org.apache.hadoop.hdfs.DataStreamer$ResponseProcessor.run(DataStreamer.java:1086)
2019-03-26 02:25:27,962 WARN  hdfs.DataStreamer DataStreamer.java:handleBadDatanode:1571 - Error Recovery for BP-511623012-130.127.133.21-1553588378038:blk_1073741939_1115 in pipeline [DatanodeInfoWithStorage[10.10.1.6:9866,DS-ca8cffa6-f266-4e02-b8a3-e9da368e29a8,DISK], DatanodeInfoWithStorage[10.10.1.3:9866,DS-92e779c5-cd7b-4f33-b18e-a10c6247d5f4,DISK], DatanodeInfoWithStorage[10.10.1.2:9866,DS-dbdf0025-20d5-4dd8-b477-6bfd56ddb2fe,DISK]]: datanode 0(DatanodeInfoWithStorage[10.10.1.6:9866,DS-ca8cffa6-f266-4e02-b8a3-e9da368e29a8,DISK]) is bad.
Found 5 items
-rw-r--r--   3 root supergroup 1073741824 2019-03-26 02:25 /myfile1
-rw-r--r--   3 root supergroup 1073741824 2019-03-26 02:25 /myfile2._COPYING_
-rw-r--r--   3 root supergroup 1073741824 2019-03-26 02:25 /myfile3
-rw-r--r--   3 root supergroup 1073741824 2019-03-26 02:24 /myfile4
-rw-r--r--   3 root supergroup 1073741824 2019-03-26 02:25 /myfile5
file 5 has been put into HDFS
file 5 has been read from HDFS for 1 time
diff succeed!
file 5 has been read from HDFS for 2 time
diff succeed!
file 5 has been read from HDFS for 3 time
diff succeed!
file 5 has been read from HDFS for 4 time
diff succeed!
file 5 has been read from HDFS for 5 time
diff succeed!
file 5 has been read from HDFS for 6 time
diff succeed!
file 5 has been read from HDFS for 7 time
diff succeed!
file 5 has been read from HDFS for 8 time
diff succeed!
file 5 has been read from HDFS for 9 time
diff succeed!
file 5 has been read from HDFS for 10 time
diff succeed!
Deleted /myfile5
file 5 has been removed from HDFS
Found 5 items
-rw-r--r--   3 root supergroup  671088640 2019-03-26 02:27 /myfile1._COPYING_
-rw-r--r--   3 root supergroup  402653184 2019-03-26 02:27 /myfile2._COPYING_
-rw-r--r--   3 root supergroup 1073741824 2019-03-26 02:26 /myfile3
-rw-r--r--   3 root supergroup 1073741824 2019-03-26 02:26 /myfile4
-rw-r--r--   3 root supergroup 1073741824 2019-03-26 02:27 /myfile5
file 5 has been put into HDFS
file 5 has been read from HDFS for 1 time
diff succeed!
file 5 has been read from HDFS for 2 time
diff succeed!
file 5 has been read from HDFS for 3 time
diff succeed!
file 5 has been read from HDFS for 4 time
diff succeed!
file 5 has been read from HDFS for 5 time
diff succeed!
file 5 has been read from HDFS for 6 time
diff succeed!
file 5 has been read from HDFS for 7 time
diff succeed!
file 5 has been read from HDFS for 8 time
diff succeed!
file 5 has been read from HDFS for 9 time
diff succeed!
file 5 has been read from HDFS for 10 time
diff succeed!
Deleted /myfile5
file 5 has been removed from HDFS
Found 5 items
-rw-r--r--   3 root supergroup 1073741824 2019-03-26 02:29 /myfile1
-rw-r--r--   3 root supergroup 1073741824 2019-03-26 02:29 /myfile2
-rw-r--r--   3 root supergroup 1073741824 2019-03-26 02:28 /myfile3
-rw-r--r--   3 root supergroup 1073741824 2019-03-26 02:28 /myfile4
-rw-r--r--   3 root supergroup 1073741824 2019-03-26 02:29 /myfile5
file 5 has been put into HDFS
file 5 has been read from HDFS for 1 time
diff succeed!
file 5 has been read from HDFS for 2 time
diff succeed!
file 5 has been read from HDFS for 3 time
diff succeed!
file 5 has been read from HDFS for 4 time
diff succeed!
file 5 has been read from HDFS for 5 time
diff succeed!
file 5 has been read from HDFS for 6 time
diff succeed!
file 5 has been read from HDFS for 7 time
diff succeed!
file 5 has been read from HDFS for 8 time
diff succeed!
file 5 has been read from HDFS for 9 time
diff succeed!
file 5 has been read from HDFS for 10 time
diff succeed!
Deleted /myfile5
file 5 has been removed from HDFS
Found 5 items
-rw-r--r--   3 root supergroup 1073741824 2019-03-26 02:31 /myfile1
-rw-r--r--   3 root supergroup 1073741824 2019-03-26 02:31 /myfile2
-rw-r--r--   3 root supergroup 1073741824 2019-03-26 02:30 /myfile3
-rw-r--r--   3 root supergroup 1073741824 2019-03-26 02:30 /myfile4
-rw-r--r--   3 root supergroup 1073741824 2019-03-26 02:32 /myfile5
file 5 has been put into HDFS
file 5 has been read from HDFS for 1 time
diff succeed!
file 5 has been read from HDFS for 2 time
diff succeed!
file 5 has been read from HDFS for 3 time
diff succeed!
file 5 has been read from HDFS for 4 time
diff succeed!
file 5 has been read from HDFS for 5 time
diff succeed!
file 5 has been read from HDFS for 6 time
diff succeed!
file 5 has been read from HDFS for 7 time
diff succeed!
file 5 has been read from HDFS for 8 time
diff succeed!
file 5 has been read from HDFS for 9 time
diff succeed!
file 5 has been read from HDFS for 10 time
diff succeed!
Deleted /myfile5
file 5 has been removed from HDFS
Found 5 items
-rw-r--r--   3 root supergroup 1073741824 2019-03-26 02:33 /myfile1
-rw-r--r--   3 root supergroup 1073741824 2019-03-26 02:32 /myfile2
-rw-r--r--   3 root supergroup 1073741824 2019-03-26 02:32 /myfile3
-rw-r--r--   3 root supergroup 1073741824 2019-03-26 02:32 /myfile4
-rw-r--r--   3 root supergroup 1073741824 2019-03-26 02:34 /myfile5
file 5 has been put into HDFS
file 5 has been read from HDFS for 1 time
diff succeed!
file 5 has been read from HDFS for 2 time
diff succeed!
file 5 has been read from HDFS for 3 time
diff succeed!
file 5 has been read from HDFS for 4 time
diff succeed!
file 5 has been read from HDFS for 5 time
diff succeed!
file 5 has been read from HDFS for 6 time
diff succeed!
file 5 has been read from HDFS for 7 time
diff succeed!
file 5 has been read from HDFS for 8 time
diff succeed!
