Found 5 items
-rw-r--r--   3 root supergroup 1073741824 2019-03-22 08:09 /myfile1
-rw-r--r--   3 root supergroup 1073741824 2019-03-22 08:09 /myfile2
-rw-r--r--   3 root supergroup 1073741824 2019-03-22 08:09 /myfile3
-rw-r--r--   3 root supergroup 1073741824 2019-03-22 08:09 /myfile4
-rw-r--r--   3 root supergroup 1073741824 2019-03-22 08:09 /myfile5
file 2 has been put into HDFS
file 2 has been read from HDFS for 1 time
diff succeed!
file 2 has been read from HDFS for 2 time
diff succeed!
file 2 has been read from HDFS for 3 time
diff succeed!
file 2 has been read from HDFS for 4 time
diff succeed!
file 2 has been read from HDFS for 5 time
diff succeed!
file 2 has been read from HDFS for 6 time
diff succeed!
file 2 has been read from HDFS for 7 time
diff succeed!
file 2 has been read from HDFS for 8 time
diff succeed!
file 2 has been read from HDFS for 9 time
diff succeed!
file 2 has been read from HDFS for 10 time
diff succeed!
Deleted /myfile2
file 2 has been removed from HDFS
Found 5 items
-rw-r--r--   3 root supergroup 1073741824 2019-03-22 08:11 /myfile1
-rw-r--r--   3 root supergroup 1073741824 2019-03-22 08:12 /myfile2
-rw-r--r--   3 root supergroup          0 2019-03-22 08:12 /myfile3._COPYING_
-rw-r--r--   3 root supergroup 1073741824 2019-03-22 08:11 /myfile4
-rw-r--r--   3 root supergroup          0 2019-03-22 08:12 /myfile5._COPYING_
file 2 has been put into HDFS
file 2 has been read from HDFS for 1 time
diff succeed!
file 2 has been read from HDFS for 2 time
diff succeed!
file 2 has been read from HDFS for 3 time
diff succeed!
file 2 has been read from HDFS for 4 time
diff succeed!
file 2 has been read from HDFS for 5 time
diff succeed!
file 2 has been read from HDFS for 6 time
diff succeed!
file 2 has been read from HDFS for 7 time
diff succeed!
file 2 has been read from HDFS for 8 time
diff succeed!
file 2 has been read from HDFS for 9 time
diff succeed!
file 2 has been read from HDFS for 10 time
diff succeed!
Deleted /myfile2
file 2 has been removed from HDFS
Found 5 items
-rw-r--r--   3 root supergroup 1073741824 2019-03-22 08:13 /myfile1
-rw-r--r--   3 root supergroup 1073741824 2019-03-22 08:13 /myfile2
-rw-r--r--   3 root supergroup  134217728 2019-03-22 08:13 /myfile3._COPYING_
-rw-r--r--   3 root supergroup 1073741824 2019-03-22 08:13 /myfile4
-rw-r--r--   3 root supergroup          0 2019-03-22 08:13 /myfile5._COPYING_
file 2 has been put into HDFS
file 2 has been read from HDFS for 1 time
diff succeed!
file 2 has been read from HDFS for 2 time
diff succeed!
file 2 has been read from HDFS for 3 time
diff succeed!
file 2 has been read from HDFS for 4 time
diff succeed!
file 2 has been read from HDFS for 5 time
diff succeed!
file 2 has been read from HDFS for 6 time
diff succeed!
file 2 has been read from HDFS for 7 time
diff succeed!
file 2 has been read from HDFS for 8 time
diff succeed!
file 2 has been read from HDFS for 9 time
diff succeed!
file 2 has been read from HDFS for 10 time
diff succeed!
Deleted /myfile2
file 2 has been removed from HDFS
Found 4 items
-rw-r--r--   3 root supergroup 1073741824 2019-03-22 08:15 /myfile1
-rw-r--r--   3 root supergroup 1073741824 2019-03-22 08:15 /myfile2
-rw-r--r--   3 root supergroup 1073741824 2019-03-22 08:15 /myfile4
-rw-r--r--   3 root supergroup 1073741824 2019-03-22 08:15 /myfile5
file 2 has been put into HDFS
file 2 has been read from HDFS for 1 time
diff succeed!
file 2 has been read from HDFS for 2 time
diff succeed!
file 2 has been read from HDFS for 3 time
diff succeed!
file 2 has been read from HDFS for 4 time
diff succeed!
file 2 has been read from HDFS for 5 time
diff succeed!
file 2 has been read from HDFS for 6 time
diff succeed!
file 2 has been read from HDFS for 7 time
diff succeed!
file 2 has been read from HDFS for 8 time
diff succeed!
file 2 has been read from HDFS for 9 time
diff succeed!
file 2 has been read from HDFS for 10 time
diff succeed!
Deleted /myfile2
file 2 has been removed from HDFS
Found 5 items
-rw-r--r--   3 root supergroup 1073741824 2019-03-22 08:17 /myfile1
-rw-r--r--   3 root supergroup 1073741824 2019-03-22 08:17 /myfile2
-rw-r--r--   3 root supergroup 1073741824 2019-03-22 08:18 /myfile3
-rw-r--r--   3 root supergroup 1073741824 2019-03-22 08:17 /myfile4
-rw-r--r--   3 root supergroup 1073741824 2019-03-22 08:18 /myfile5
file 2 has been put into HDFS
file 2 has been read from HDFS for 1 time
diff succeed!
file 2 has been read from HDFS for 2 time
diff succeed!
file 2 has been read from HDFS for 3 time
diff succeed!
file 2 has been read from HDFS for 4 time
diff succeed!
file 2 has been read from HDFS for 5 time
diff succeed!
file 2 has been read from HDFS for 6 time
diff succeed!
file 2 has been read from HDFS for 7 time
diff succeed!
file 2 has been read from HDFS for 8 time
diff succeed!
file 2 has been read from HDFS for 9 time
diff succeed!
file 2 has been read from HDFS for 10 time
diff succeed!
Deleted /myfile2
file 2 has been removed from HDFS
2019-03-22 08:19:49,409 INFO  retry.RetryInvocationHandler RetryInvocationHandler.java:log:411 - java.io.EOFException: End of File Exception between local host is: "clnode087.clemson.cloudlab.us/130.127.133.96"; destination host is: "node-0-link-0":8020; : java.io.EOFException; For more details see:  http://wiki.apache.org/hadoop/EOFException, while invoking ClientNamenodeProtocolTranslatorPB.complete over node-0-link-0/10.10.1.1:8020. Trying to failover immediately.
2019-03-22 08:19:49,448 INFO  retry.RetryInvocationHandler RetryInvocationHandler.java:log:411 - org.apache.hadoop.ipc.RemoteException(org.apache.hadoop.ipc.StandbyException): Operation category WRITE is not supported in state standby. Visit https://s.apache.org/sbnn-error
	at org.apache.hadoop.hdfs.server.namenode.ha.StandbyState.checkOperation(StandbyState.java:88)
	at org.apache.hadoop.hdfs.server.namenode.NameNode$NameNodeHAContext.checkOperation(NameNode.java:1952)
	at org.apache.hadoop.hdfs.server.namenode.FSNamesystem.checkOperation(FSNamesystem.java:1423)
	at org.apache.hadoop.hdfs.server.namenode.FSNamesystem.completeFile(FSNamesystem.java:2837)
	at org.apache.hadoop.hdfs.server.namenode.NameNodeRpcServer.complete(NameNodeRpcServer.java:928)
	at org.apache.hadoop.hdfs.protocolPB.ClientNamenodeProtocolServerSideTranslatorPB.complete(ClientNamenodeProtocolServerSideTranslatorPB.java:607)
	at org.apache.hadoop.hdfs.protocol.proto.ClientNamenodeProtocolProtos$ClientNamenodeProtocol$2.callBlockingMethod(ClientNamenodeProtocolProtos.java)
	at org.apache.hadoop.ipc.ProtobufRpcEngine$Server$ProtoBufRpcInvoker.call(ProtobufRpcEngine.java:523)
	at org.apache.hadoop.ipc.RPC$Server.call(RPC.java:991)
	at org.apache.hadoop.ipc.Server$RpcCall.run(Server.java:872)
	at org.apache.hadoop.ipc.Server$RpcCall.run(Server.java:818)
	at java.security.AccessController.doPrivileged(Native Method)
	at javax.security.auth.Subject.doAs(Subject.java:422)
	at org.apache.hadoop.security.UserGroupInformation.doAs(UserGroupInformation.java:1729)
	at org.apache.hadoop.ipc.Server$Handler.run(Server.java:2678)
, while invoking ClientNamenodeProtocolTranslatorPB.complete over node-1-link-0/10.10.1.4:8020 after 1 failover attempts. Trying to failover after sleeping for 1161ms.
2019-03-22 08:19:50,613 INFO  retry.RetryInvocationHandler RetryInvocationHandler.java:log:411 - java.net.ConnectException: Call From clnode087.clemson.cloudlab.us/130.127.133.96 to node-0-link-0:8020 failed on connection exception: java.net.ConnectException: Connection refused; For more details see:  http://wiki.apache.org/hadoop/ConnectionRefused, while invoking ClientNamenodeProtocolTranslatorPB.complete over node-0-link-0/10.10.1.1:8020 after 2 failover attempts. Trying to failover after sleeping for 2743ms.
Found 5 items
-rw-r--r--   3 root supergroup 1073741824 2019-03-22 08:19 /myfile1
-rw-r--r--   3 root supergroup 1073741824 2019-03-22 08:19 /myfile2
-rw-r--r--   3 root supergroup  536870912 2019-03-22 08:19 /myfile3._COPYING_
-rw-r--r--   3 root supergroup 1073741824 2019-03-22 08:19 /myfile4
-rw-r--r--   3 root supergroup  536870912 2019-03-22 08:19 /myfile5._COPYING_
file 2 has been put into HDFS
file 2 has been read from HDFS for 1 time
diff succeed!
file 2 has been read from HDFS for 2 time
diff succeed!
file 2 has been read from HDFS for 3 time
diff succeed!
file 2 has been read from HDFS for 4 time
diff succeed!
file 2 has been read from HDFS for 5 time
diff succeed!
file 2 has been read from HDFS for 6 time
diff succeed!
file 2 has been read from HDFS for 7 time
diff succeed!
file 2 has been read from HDFS for 8 time
diff succeed!
file 2 has been read from HDFS for 9 time
diff succeed!
file 2 has been read from HDFS for 10 time
diff succeed!
Deleted /myfile2
file 2 has been removed from HDFS
Found 4 items
-rw-r--r--   3 root supergroup 1073741824 2019-03-22 08:20 /myfile1
-rw-r--r--   3 root supergroup 1073741824 2019-03-22 08:22 /myfile2
-rw-r--r--   3 root supergroup 1073741824 2019-03-22 08:20 /myfile4
-rw-r--r--   3 root supergroup  536870912 2019-03-22 08:22 /myfile5._COPYING_
file 2 has been put into HDFS
file 2 has been read from HDFS for 1 time
diff succeed!
file 2 has been read from HDFS for 2 time
diff succeed!
file 2 has been read from HDFS for 3 time
diff succeed!
file 2 has been read from HDFS for 4 time
diff succeed!
file 2 has been read from HDFS for 5 time
diff succeed!
file 2 has been read from HDFS for 6 time
diff succeed!
file 2 has been read from HDFS for 7 time
diff succeed!
file 2 has been read from HDFS for 8 time
diff succeed!
file 2 has been read from HDFS for 9 time
diff succeed!
file 2 has been read from HDFS for 10 time
diff succeed!
Deleted /myfile2
file 2 has been removed from HDFS
Found 5 items
-rw-r--r--   3 root supergroup 1073741824 2019-03-22 08:23 /myfile1
-rw-r--r--   3 root supergroup 1073741824 2019-03-22 08:23 /myfile2
-rw-r--r--   3 root supergroup  134217728 2019-03-22 08:23 /myfile3._COPYING_
-rw-r--r--   3 root supergroup 1073741824 2019-03-22 08:23 /myfile4
-rw-r--r--   3 root supergroup 1073741824 2019-03-22 08:23 /myfile5
file 2 has been put into HDFS
file 2 has been read from HDFS for 1 time
diff succeed!
file 2 has been read from HDFS for 2 time
diff succeed!
file 2 has been read from HDFS for 3 time
diff succeed!
file 2 has been read from HDFS for 4 time
diff succeed!
file 2 has been read from HDFS for 5 time
diff succeed!
file 2 has been read from HDFS for 6 time
diff succeed!
file 2 has been read from HDFS for 7 time
diff succeed!
file 2 has been read from HDFS for 8 time
diff succeed!
file 2 has been read from HDFS for 9 time
diff succeed!
file 2 has been read from HDFS for 10 time
diff succeed!
Deleted /myfile2
file 2 has been removed from HDFS
Found 5 items
-rw-r--r--   3 root supergroup 1073741824 2019-03-22 08:25 /myfile1
-rw-r--r--   3 root supergroup 1073741824 2019-03-22 08:26 /myfile2
-rw-r--r--   3 root supergroup  939524096 2019-03-22 08:25 /myfile3._COPYING_
-rw-r--r--   3 root supergroup 1073741824 2019-03-22 08:24 /myfile4
-rw-r--r--   3 root supergroup 1073741824 2019-03-22 08:25 /myfile5
file 2 has been put into HDFS
file 2 has been read from HDFS for 1 time
diff succeed!
file 2 has been read from HDFS for 2 time
diff succeed!
file 2 has been read from HDFS for 3 time
diff succeed!
file 2 has been read from HDFS for 4 time
diff succeed!
file 2 has been read from HDFS for 5 time
diff succeed!
file 2 has been read from HDFS for 6 time
diff succeed!
file 2 has been read from HDFS for 7 time
diff succeed!
file 2 has been read from HDFS for 8 time
diff succeed!
file 2 has been read from HDFS for 9 time
diff succeed!
file 2 has been read from HDFS for 10 time
diff succeed!
Deleted /myfile2
file 2 has been removed from HDFS
Found 5 items
-rw-r--r--   3 root supergroup 1073741824 2019-03-22 08:28 /myfile1
-rw-r--r--   3 root supergroup 1073741824 2019-03-22 08:28 /myfile2
-rw-r--r--   3 root supergroup 1073741824 2019-03-22 08:27 /myfile3
-rw-r--r--   3 root supergroup  939524096 2019-03-22 08:28 /myfile4._COPYING_
-rw-r--r--   3 root supergroup 1073741824 2019-03-22 08:27 /myfile5
file 2 has been put into HDFS
file 2 has been read from HDFS for 1 time
diff succeed!
file 2 has been read from HDFS for 2 time
diff succeed!
file 2 has been read from HDFS for 3 time
diff succeed!
file 2 has been read from HDFS for 4 time
diff succeed!
file 2 has been read from HDFS for 5 time
diff succeed!
file 2 has been read from HDFS for 6 time
diff succeed!
file 2 has been read from HDFS for 7 time
diff succeed!
file 2 has been read from HDFS for 8 time
diff succeed!
file 2 has been read from HDFS for 9 time
diff succeed!
file 2 has been read from HDFS for 10 time
diff succeed!
Deleted /myfile2
file 2 has been removed from HDFS
Found 5 items
-rw-r--r--   3 root supergroup 1073741824 2019-03-22 08:30 /myfile1
-rw-r--r--   3 root supergroup 1073741824 2019-03-22 08:30 /myfile2
-rw-r--r--   3 root supergroup 1073741824 2019-03-22 08:29 /myfile3
-rw-r--r--   3 root supergroup  671088640 2019-03-22 08:30 /myfile4._COPYING_
-rw-r--r--   3 root supergroup 1073741824 2019-03-22 08:29 /myfile5
file 2 has been put into HDFS
file 2 has been read from HDFS for 1 time
diff succeed!
file 2 has been read from HDFS for 2 time
diff succeed!
file 2 has been read from HDFS for 3 time
diff succeed!
file 2 has been read from HDFS for 4 time
diff succeed!
file 2 has been read from HDFS for 5 time
diff succeed!
file 2 has been read from HDFS for 6 time
diff succeed!
file 2 has been read from HDFS for 7 time
diff succeed!
file 2 has been read from HDFS for 8 time
diff succeed!
file 2 has been read from HDFS for 9 time
diff succeed!
file 2 has been read from HDFS for 10 time
diff succeed!
Deleted /myfile2
file 2 has been removed from HDFS
Found 5 items
-rw-r--r--   3 root supergroup 1073741824 2019-03-22 08:32 /myfile1
-rw-r--r--   3 root supergroup 1073741824 2019-03-22 08:32 /myfile2
-rw-r--r--   3 root supergroup 1073741824 2019-03-22 08:31 /myfile3
-rw-r--r--   3 root supergroup 1073741824 2019-03-22 08:32 /myfile4
-rw-r--r--   3 root supergroup 1073741824 2019-03-22 08:31 /myfile5
file 2 has been put into HDFS
file 2 has been read from HDFS for 1 time
diff succeed!
file 2 has been read from HDFS for 2 time
diff succeed!
file 2 has been read from HDFS for 3 time
diff succeed!
file 2 has been read from HDFS for 4 time
diff succeed!
file 2 has been read from HDFS for 5 time
diff succeed!
file 2 has been read from HDFS for 6 time
diff succeed!
file 2 has been read from HDFS for 7 time
diff succeed!
file 2 has been read from HDFS for 8 time
diff succeed!
file 2 has been read from HDFS for 9 time
diff succeed!
file 2 has been read from HDFS for 10 time
diff succeed!
Deleted /myfile2
file 2 has been removed from HDFS
Found 5 items
-rw-r--r--   3 root supergroup  805306368 2019-03-22 08:33 /myfile1._COPYING_
-rw-r--r--   3 root supergroup 1073741824 2019-03-22 08:34 /myfile2
-rw-r--r--   3 root supergroup 1073741824 2019-03-22 08:33 /myfile3
-rw-r--r--   3 root supergroup  805306368 2019-03-22 08:33 /myfile4._COPYING_
-rw-r--r--   3 root supergroup 1073741824 2019-03-22 08:33 /myfile5
file 2 has been put into HDFS
file 2 has been read from HDFS for 1 time
diff succeed!
file 2 has been read from HDFS for 2 time
diff succeed!
file 2 has been read from HDFS for 3 time
diff succeed!
file 2 has been read from HDFS for 4 time
diff succeed!
file 2 has been read from HDFS for 5 time
diff succeed!
file 2 has been read from HDFS for 6 time
diff succeed!
file 2 has been read from HDFS for 7 time
diff succeed!
file 2 has been read from HDFS for 8 time
diff succeed!
file 2 has been read from HDFS for 9 time
diff succeed!
file 2 has been read from HDFS for 10 time
diff succeed!
Deleted /myfile2
file 2 has been removed from HDFS
Found 5 items
-rw-r--r--   3 root supergroup  805306368 2019-03-22 08:36 /myfile1._COPYING_
-rw-r--r--   3 root supergroup 1073741824 2019-03-22 08:36 /myfile2
-rw-r--r--   3 root supergroup 1073741824 2019-03-22 08:35 /myfile3
-rw-r--r--   3 root supergroup  805306368 2019-03-22 08:36 /myfile4._COPYING_
-rw-r--r--   3 root supergroup 1073741824 2019-03-22 08:35 /myfile5
file 2 has been put into HDFS
file 2 has been read from HDFS for 1 time
diff succeed!
file 2 has been read from HDFS for 2 time
diff succeed!
file 2 has been read from HDFS for 3 time
diff succeed!
file 2 has been read from HDFS for 4 time
diff succeed!
file 2 has been read from HDFS for 5 time
diff succeed!
file 2 has been read from HDFS for 6 time
diff succeed!
file 2 has been read from HDFS for 7 time
diff succeed!
file 2 has been read from HDFS for 8 time
diff succeed!
file 2 has been read from HDFS for 9 time
diff succeed!
file 2 has been read from HDFS for 10 time
diff succeed!
Deleted /myfile2
file 2 has been removed from HDFS
Found 5 items
-rw-r--r--   3 root supergroup  536870912 2019-03-22 08:37 /myfile1._COPYING_
-rw-r--r--   3 root supergroup 1073741824 2019-03-22 08:37 /myfile2
-rw-r--r--   3 root supergroup 1073741824 2019-03-22 08:37 /myfile3
-rw-r--r--   3 root supergroup  805306368 2019-03-22 08:37 /myfile4._COPYING_
-rw-r--r--   3 root supergroup 1073741824 2019-03-22 08:37 /myfile5
file 2 has been put into HDFS
file 2 has been read from HDFS for 1 time
diff succeed!
file 2 has been read from HDFS for 2 time
diff succeed!
file 2 has been read from HDFS for 3 time
diff succeed!
file 2 has been read from HDFS for 4 time
diff succeed!
file 2 has been read from HDFS for 5 time
diff succeed!
file 2 has been read from HDFS for 6 time
diff succeed!
file 2 has been read from HDFS for 7 time
diff succeed!
file 2 has been read from HDFS for 8 time
diff succeed!
file 2 has been read from HDFS for 9 time
diff succeed!
file 2 has been read from HDFS for 10 time
diff succeed!
Deleted /myfile2
file 2 has been removed from HDFS
Found 5 items
-rw-r--r--   3 root supergroup 1073741824 2019-03-22 08:40 /myfile1
-rw-r--r--   3 root supergroup 1073741824 2019-03-22 08:40 /myfile2
-rw-r--r--   3 root supergroup 1073741824 2019-03-22 08:39 /myfile3
-rw-r--r--   3 root supergroup 1073741824 2019-03-22 08:40 /myfile4
-rw-r--r--   3 root supergroup 1073741824 2019-03-22 08:39 /myfile5
file 2 has been put into HDFS
file 2 has been read from HDFS for 1 time
diff succeed!
file 2 has been read from HDFS for 2 time
diff succeed!
file 2 has been read from HDFS for 3 time
diff succeed!
file 2 has been read from HDFS for 4 time
diff succeed!
file 2 has been read from HDFS for 5 time
diff succeed!
file 2 has been read from HDFS for 6 time
diff succeed!
file 2 has been read from HDFS for 7 time
diff succeed!
file 2 has been read from HDFS for 8 time
diff succeed!
file 2 has been read from HDFS for 9 time
diff succeed!
file 2 has been read from HDFS for 10 time
diff succeed!
Deleted /myfile2
file 2 has been removed from HDFS
2019-03-22 08:42:03,932 INFO  retry.RetryInvocationHandler RetryInvocationHandler.java:log:411 - java.net.ConnectException: Call From clnode087.clemson.cloudlab.us/130.127.133.96 to node-1-link-0:8020 failed on connection exception: java.net.ConnectException: Connection refused; For more details see:  http://wiki.apache.org/hadoop/ConnectionRefused, while invoking ClientNamenodeProtocolTranslatorPB.addBlock over node-1-link-0/10.10.1.4:8020. Trying to failover immediately.
2019-03-22 08:42:03,939 INFO  retry.RetryInvocationHandler RetryInvocationHandler.java:log:411 - org.apache.hadoop.ipc.RemoteException(org.apache.hadoop.ipc.StandbyException): Operation category READ is not supported in state standby. Visit https://s.apache.org/sbnn-error
	at org.apache.hadoop.hdfs.server.namenode.ha.StandbyState.checkOperation(StandbyState.java:88)
	at org.apache.hadoop.hdfs.server.namenode.NameNode$NameNodeHAContext.checkOperation(NameNode.java:1952)
	at org.apache.hadoop.hdfs.server.namenode.FSNamesystem.checkOperation(FSNamesystem.java:1423)
	at org.apache.hadoop.hdfs.server.namenode.FSNamesystem.getAdditionalBlock(FSNamesystem.java:2674)
	at org.apache.hadoop.hdfs.server.namenode.NameNodeRpcServer.addBlock(NameNodeRpcServer.java:875)
	at org.apache.hadoop.hdfs.protocolPB.ClientNamenodeProtocolServerSideTranslatorPB.addBlock(ClientNamenodeProtocolServerSideTranslatorPB.java:561)
	at org.apache.hadoop.hdfs.protocol.proto.ClientNamenodeProtocolProtos$ClientNamenodeProtocol$2.callBlockingMethod(ClientNamenodeProtocolProtos.java)
	at org.apache.hadoop.ipc.ProtobufRpcEngine$Server$ProtoBufRpcInvoker.call(ProtobufRpcEngine.java:523)
	at org.apache.hadoop.ipc.RPC$Server.call(RPC.java:991)
	at org.apache.hadoop.ipc.Server$RpcCall.run(Server.java:872)
	at org.apache.hadoop.ipc.Server$RpcCall.run(Server.java:818)
	at java.security.AccessController.doPrivileged(Native Method)
	at javax.security.auth.Subject.doAs(Subject.java:422)
	at org.apache.hadoop.security.UserGroupInformation.doAs(UserGroupInformation.java:1729)
	at org.apache.hadoop.ipc.Server$Handler.run(Server.java:2678)
, while invoking ClientNamenodeProtocolTranslatorPB.addBlock over node-0-link-0/10.10.1.1:8020 after 1 failover attempts. Trying to failover after sleeping for 624ms.
2019-03-22 08:42:04,569 INFO  retry.RetryInvocationHandler RetryInvocationHandler.java:log:411 - java.net.ConnectException: Call From clnode087.clemson.cloudlab.us/130.127.133.96 to node-1-link-0:8020 failed on connection exception: java.net.ConnectException: Connection refused; For more details see:  http://wiki.apache.org/hadoop/ConnectionRefused, while invoking ClientNamenodeProtocolTranslatorPB.addBlock over node-1-link-0/10.10.1.4:8020 after 2 failover attempts. Trying to failover after sleeping for 2852ms.
2019-03-22 08:42:07,269 INFO  retry.RetryInvocationHandler RetryInvocationHandler.java:log:411 - java.net.ConnectException: Call From clnode087.clemson.cloudlab.us/130.127.133.96 to node-1-link-0:8020 failed on connection exception: java.net.ConnectException: Connection refused; For more details see:  http://wiki.apache.org/hadoop/ConnectionRefused, while invoking ClientNamenodeProtocolTranslatorPB.renewLease over node-1-link-0/10.10.1.4:8020. Trying to failover immediately.
2019-03-22 08:42:07,275 INFO  retry.RetryInvocationHandler RetryInvocationHandler.java:log:411 - org.apache.hadoop.ipc.RemoteException(org.apache.hadoop.ipc.RetriableException): org.apache.hadoop.hdfs.server.namenode.SafeModeException: Cannot renew lease for DFSClient_NONMAPREDUCE_-868556506_1. Name node is in safe mode.
The reported blocks 18 has reached the threshold 0.9990 of total blocks 18. The number of live datanodes 4 has reached the minimum number 0. In safe mode extension. Safe mode will be turned off automatically in 29 seconds. NamenodeHostName:node-0-link-0
	at org.apache.hadoop.hdfs.server.namenode.FSNamesystem.checkNameNodeSafeMode(FSNamesystem.java:1441)
	at org.apache.hadoop.hdfs.server.namenode.FSNamesystem.renewLease(FSNamesystem.java:3744)
	at org.apache.hadoop.hdfs.server.namenode.NameNodeRpcServer.renewLease(NameNodeRpcServer.java:1134)
	at org.apache.hadoop.hdfs.protocolPB.ClientNamenodeProtocolServerSideTranslatorPB.renewLease(ClientNamenodeProtocolServerSideTranslatorPB.java:737)
	at org.apache.hadoop.hdfs.protocol.proto.ClientNamenodeProtocolProtos$ClientNamenodeProtocol$2.callBlockingMethod(ClientNamenodeProtocolProtos.java)
	at org.apache.hadoop.ipc.ProtobufRpcEngine$Server$ProtoBufRpcInvoker.call(ProtobufRpcEngine.java:523)
	at org.apache.hadoop.ipc.RPC$Server.call(RPC.java:991)
	at org.apache.hadoop.ipc.Server$RpcCall.run(Server.java:872)
	at org.apache.hadoop.ipc.Server$RpcCall.run(Server.java:818)
	at java.security.AccessController.doPrivileged(Native Method)
	at javax.security.auth.Subject.doAs(Subject.java:422)
	at org.apache.hadoop.security.UserGroupInformation.doAs(UserGroupInformation.java:1729)
	at org.apache.hadoop.ipc.Server$Handler.run(Server.java:2678)
Caused by: org.apache.hadoop.hdfs.server.namenode.SafeModeException: Cannot renew lease for DFSClient_NONMAPREDUCE_-868556506_1. Name node is in safe mode.
The reported blocks 18 has reached the threshold 0.9990 of total blocks 18. The number of live datanodes 4 has reached the minimum number 0. In safe mode extension. Safe mode will be turned off automatically in 29 seconds. NamenodeHostName:node-0-link-0
	at org.apache.hadoop.hdfs.server.namenode.FSNamesystem.newSafemodeException(FSNamesystem.java:1450)
	at org.apache.hadoop.hdfs.server.namenode.FSNamesystem.checkNameNodeSafeMode(FSNamesystem.java:1437)
	... 12 more
, while invoking ClientNamenodeProtocolTranslatorPB.renewLease over node-0-link-0/10.10.1.1:8020 after 1 failover attempts. Retrying after sleeping for 1430ms.
2019-03-22 08:42:07,422 WARN  retry.RetryInvocationHandler RetryInvocationHandler.java:failover:220 - A failover has occurred since the start of call #9 ClientNamenodeProtocolTranslatorPB.addBlock over node-0-link-0/10.10.1.1:8020
2019-03-22 08:42:07,426 INFO  retry.RetryInvocationHandler RetryInvocationHandler.java:log:411 - org.apache.hadoop.ipc.RemoteException(org.apache.hadoop.ipc.RetriableException): org.apache.hadoop.hdfs.server.namenode.SafeModeException: Cannot add block to /myfile2._COPYING_. Name node is in safe mode.
The reported blocks 18 has reached the threshold 0.9990 of total blocks 18. The number of live datanodes 4 has reached the minimum number 0. In safe mode extension. Safe mode will be turned off automatically in 28 seconds. NamenodeHostName:node-0-link-0
	at org.apache.hadoop.hdfs.server.namenode.FSNamesystem.checkNameNodeSafeMode(FSNamesystem.java:1441)
	at org.apache.hadoop.hdfs.server.namenode.FSDirWriteFileOp.analyzeFileState(FSDirWriteFileOp.java:591)
	at org.apache.hadoop.hdfs.server.namenode.FSDirWriteFileOp.validateAddBlock(FSDirWriteFileOp.java:172)
	at org.apache.hadoop.hdfs.server.namenode.FSNamesystem.getAdditionalBlock(FSNamesystem.java:2679)
	at org.apache.hadoop.hdfs.server.namenode.NameNodeRpcServer.addBlock(NameNodeRpcServer.java:875)
	at org.apache.hadoop.hdfs.protocolPB.ClientNamenodeProtocolServerSideTranslatorPB.addBlock(ClientNamenodeProtocolServerSideTranslatorPB.java:561)
	at org.apache.hadoop.hdfs.protocol.proto.ClientNamenodeProtocolProtos$ClientNamenodeProtocol$2.callBlockingMethod(ClientNamenodeProtocolProtos.java)
	at org.apache.hadoop.ipc.ProtobufRpcEngine$Server$ProtoBufRpcInvoker.call(ProtobufRpcEngine.java:523)
	at org.apache.hadoop.ipc.RPC$Server.call(RPC.java:991)
	at org.apache.hadoop.ipc.Server$RpcCall.run(Server.java:872)
	at org.apache.hadoop.ipc.Server$RpcCall.run(Server.java:818)
	at java.security.AccessController.doPrivileged(Native Method)
	at javax.security.auth.Subject.doAs(Subject.java:422)
	at org.apache.hadoop.security.UserGroupInformation.doAs(UserGroupInformation.java:1729)
	at org.apache.hadoop.ipc.Server$Handler.run(Server.java:2678)
Caused by: org.apache.hadoop.hdfs.server.namenode.SafeModeException: Cannot add block to /myfile2._COPYING_. Name node is in safe mode.
The reported blocks 18 has reached the threshold 0.9990 of total blocks 18. The number of live datanodes 4 has reached the minimum number 0. In safe mode extension. Safe mode will be turned off automatically in 28 seconds. NamenodeHostName:node-0-link-0
	at org.apache.hadoop.hdfs.server.namenode.FSNamesystem.newSafemodeException(FSNamesystem.java:1450)
	at org.apache.hadoop.hdfs.server.namenode.FSNamesystem.checkNameNodeSafeMode(FSNamesystem.java:1437)
	... 14 more
, while invoking ClientNamenodeProtocolTranslatorPB.addBlock over node-0-link-0/10.10.1.1:8020 after 3 failover attempts. Retrying after sleeping for 4100ms.
2019-03-22 08:42:08,709 INFO  retry.RetryInvocationHandler RetryInvocationHandler.java:log:411 - org.apache.hadoop.ipc.RemoteException(org.apache.hadoop.ipc.RetriableException): org.apache.hadoop.hdfs.server.namenode.SafeModeException: Cannot renew lease for DFSClient_NONMAPREDUCE_-868556506_1. Name node is in safe mode.
The reported blocks 18 has reached the threshold 0.9990 of total blocks 18. The number of live datanodes 4 has reached the minimum number 0. In safe mode extension. Safe mode will be turned off automatically in 27 seconds. NamenodeHostName:node-0-link-0
	at org.apache.hadoop.hdfs.server.namenode.FSNamesystem.checkNameNodeSafeMode(FSNamesystem.java:1441)
	at org.apache.hadoop.hdfs.server.namenode.FSNamesystem.renewLease(FSNamesystem.java:3744)
	at org.apache.hadoop.hdfs.server.namenode.NameNodeRpcServer.renewLease(NameNodeRpcServer.java:1134)
	at org.apache.hadoop.hdfs.protocolPB.ClientNamenodeProtocolServerSideTranslatorPB.renewLease(ClientNamenodeProtocolServerSideTranslatorPB.java:737)
	at org.apache.hadoop.hdfs.protocol.proto.ClientNamenodeProtocolProtos$ClientNamenodeProtocol$2.callBlockingMethod(ClientNamenodeProtocolProtos.java)
	at org.apache.hadoop.ipc.ProtobufRpcEngine$Server$ProtoBufRpcInvoker.call(ProtobufRpcEngine.java:523)
	at org.apache.hadoop.ipc.RPC$Server.call(RPC.java:991)
	at org.apache.hadoop.ipc.Server$RpcCall.run(Server.java:872)
	at org.apache.hadoop.ipc.Server$RpcCall.run(Server.java:818)
	at java.security.AccessController.doPrivileged(Native Method)
	at javax.security.auth.Subject.doAs(Subject.java:422)
	at org.apache.hadoop.security.UserGroupInformation.doAs(UserGroupInformation.java:1729)
	at org.apache.hadoop.ipc.Server$Handler.run(Server.java:2678)
Caused by: org.apache.hadoop.hdfs.server.namenode.SafeModeException: Cannot renew lease for DFSClient_NONMAPREDUCE_-868556506_1. Name node is in safe mode.
The reported blocks 18 has reached the threshold 0.9990 of total blocks 18. The number of live datanodes 4 has reached the minimum number 0. In safe mode extension. Safe mode will be turned off automatically in 27 seconds. NamenodeHostName:node-0-link-0
	at org.apache.hadoop.hdfs.server.namenode.FSNamesystem.newSafemodeException(FSNamesystem.java:1450)
	at org.apache.hadoop.hdfs.server.namenode.FSNamesystem.checkNameNodeSafeMode(FSNamesystem.java:1437)
	... 12 more
, while invoking ClientNamenodeProtocolTranslatorPB.renewLease over node-0-link-0/10.10.1.1:8020 after 1 failover attempts. Retrying after sleeping for 1247ms.
2019-03-22 08:42:09,959 INFO  retry.RetryInvocationHandler RetryInvocationHandler.java:log:411 - org.apache.hadoop.ipc.RemoteException(org.apache.hadoop.ipc.RetriableException): org.apache.hadoop.hdfs.server.namenode.SafeModeException: Cannot renew lease for DFSClient_NONMAPREDUCE_-868556506_1. Name node is in safe mode.
The reported blocks 18 has reached the threshold 0.9990 of total blocks 18. The number of live datanodes 4 has reached the minimum number 0. In safe mode extension. Safe mode will be turned off automatically in 26 seconds. NamenodeHostName:node-0-link-0
	at org.apache.hadoop.hdfs.server.namenode.FSNamesystem.checkNameNodeSafeMode(FSNamesystem.java:1441)
	at org.apache.hadoop.hdfs.server.namenode.FSNamesystem.renewLease(FSNamesystem.java:3744)
	at org.apache.hadoop.hdfs.server.namenode.NameNodeRpcServer.renewLease(NameNodeRpcServer.java:1134)
	at org.apache.hadoop.hdfs.protocolPB.ClientNamenodeProtocolServerSideTranslatorPB.renewLease(ClientNamenodeProtocolServerSideTranslatorPB.java:737)
	at org.apache.hadoop.hdfs.protocol.proto.ClientNamenodeProtocolProtos$ClientNamenodeProtocol$2.callBlockingMethod(ClientNamenodeProtocolProtos.java)
	at org.apache.hadoop.ipc.ProtobufRpcEngine$Server$ProtoBufRpcInvoker.call(ProtobufRpcEngine.java:523)
	at org.apache.hadoop.ipc.RPC$Server.call(RPC.java:991)
	at org.apache.hadoop.ipc.Server$RpcCall.run(Server.java:872)
	at org.apache.hadoop.ipc.Server$RpcCall.run(Server.java:818)
	at java.security.AccessController.doPrivileged(Native Method)
	at javax.security.auth.Subject.doAs(Subject.java:422)
	at org.apache.hadoop.security.UserGroupInformation.doAs(UserGroupInformation.java:1729)
	at org.apache.hadoop.ipc.Server$Handler.run(Server.java:2678)
Caused by: org.apache.hadoop.hdfs.server.namenode.SafeModeException: Cannot renew lease for DFSClient_NONMAPREDUCE_-868556506_1. Name node is in safe mode.
The reported blocks 18 has reached the threshold 0.9990 of total blocks 18. The number of live datanodes 4 has reached the minimum number 0. In safe mode extension. Safe mode will be turned off automatically in 26 seconds. NamenodeHostName:node-0-link-0
	at org.apache.hadoop.hdfs.server.namenode.FSNamesystem.newSafemodeException(FSNamesystem.java:1450)
	at org.apache.hadoop.hdfs.server.namenode.FSNamesystem.checkNameNodeSafeMode(FSNamesystem.java:1437)
	... 12 more
, while invoking ClientNamenodeProtocolTranslatorPB.renewLease over node-0-link-0/10.10.1.1:8020 after 1 failover attempts. Retrying after sleeping for 3358ms.
2019-03-22 08:42:11,529 INFO  retry.RetryInvocationHandler RetryInvocationHandler.java:log:411 - org.apache.hadoop.ipc.RemoteException(org.apache.hadoop.ipc.RetriableException): org.apache.hadoop.hdfs.server.namenode.SafeModeException: Cannot add block to /myfile2._COPYING_. Name node is in safe mode.
The reported blocks 18 has reached the threshold 0.9990 of total blocks 18. The number of live datanodes 4 has reached the minimum number 0. In safe mode extension. Safe mode will be turned off automatically in 24 seconds. NamenodeHostName:node-0-link-0
	at org.apache.hadoop.hdfs.server.namenode.FSNamesystem.checkNameNodeSafeMode(FSNamesystem.java:1441)
	at org.apache.hadoop.hdfs.server.namenode.FSDirWriteFileOp.analyzeFileState(FSDirWriteFileOp.java:591)
	at org.apache.hadoop.hdfs.server.namenode.FSDirWriteFileOp.validateAddBlock(FSDirWriteFileOp.java:172)
	at org.apache.hadoop.hdfs.server.namenode.FSNamesystem.getAdditionalBlock(FSNamesystem.java:2679)
	at org.apache.hadoop.hdfs.server.namenode.NameNodeRpcServer.addBlock(NameNodeRpcServer.java:875)
	at org.apache.hadoop.hdfs.protocolPB.ClientNamenodeProtocolServerSideTranslatorPB.addBlock(ClientNamenodeProtocolServerSideTranslatorPB.java:561)
	at org.apache.hadoop.hdfs.protocol.proto.ClientNamenodeProtocolProtos$ClientNamenodeProtocol$2.callBlockingMethod(ClientNamenodeProtocolProtos.java)
	at org.apache.hadoop.ipc.ProtobufRpcEngine$Server$ProtoBufRpcInvoker.call(ProtobufRpcEngine.java:523)
	at org.apache.hadoop.ipc.RPC$Server.call(RPC.java:991)
	at org.apache.hadoop.ipc.Server$RpcCall.run(Server.java:872)
	at org.apache.hadoop.ipc.Server$RpcCall.run(Server.java:818)
	at java.security.AccessController.doPrivileged(Native Method)
	at javax.security.auth.Subject.doAs(Subject.java:422)
	at org.apache.hadoop.security.UserGroupInformation.doAs(UserGroupInformation.java:1729)
	at org.apache.hadoop.ipc.Server$Handler.run(Server.java:2678)
Caused by: org.apache.hadoop.hdfs.server.namenode.SafeModeException: Cannot add block to /myfile2._COPYING_. Name node is in safe mode.
The reported blocks 18 has reached the threshold 0.9990 of total blocks 18. The number of live datanodes 4 has reached the minimum number 0. In safe mode extension. Safe mode will be turned off automatically in 24 seconds. NamenodeHostName:node-0-link-0
	at org.apache.hadoop.hdfs.server.namenode.FSNamesystem.newSafemodeException(FSNamesystem.java:1450)
	at org.apache.hadoop.hdfs.server.namenode.FSNamesystem.checkNameNodeSafeMode(FSNamesystem.java:1437)
	... 14 more
, while invoking ClientNamenodeProtocolTranslatorPB.addBlock over node-0-link-0/10.10.1.1:8020 after 3 failover attempts. Retrying after sleeping for 5382ms.
2019-03-22 08:42:13,321 INFO  retry.RetryInvocationHandler RetryInvocationHandler.java:log:411 - org.apache.hadoop.ipc.RemoteException(org.apache.hadoop.ipc.RetriableException): org.apache.hadoop.hdfs.server.namenode.SafeModeException: Cannot renew lease for DFSClient_NONMAPREDUCE_-868556506_1. Name node is in safe mode.
The reported blocks 18 has reached the threshold 0.9990 of total blocks 18. The number of live datanodes 4 has reached the minimum number 0. In safe mode extension. Safe mode will be turned off automatically in 22 seconds. NamenodeHostName:node-0-link-0
	at org.apache.hadoop.hdfs.server.namenode.FSNamesystem.checkNameNodeSafeMode(FSNamesystem.java:1441)
	at org.apache.hadoop.hdfs.server.namenode.FSNamesystem.renewLease(FSNamesystem.java:3744)
	at org.apache.hadoop.hdfs.server.namenode.NameNodeRpcServer.renewLease(NameNodeRpcServer.java:1134)
	at org.apache.hadoop.hdfs.protocolPB.ClientNamenodeProtocolServerSideTranslatorPB.renewLease(ClientNamenodeProtocolServerSideTranslatorPB.java:737)
	at org.apache.hadoop.hdfs.protocol.proto.ClientNamenodeProtocolProtos$ClientNamenodeProtocol$2.callBlockingMethod(ClientNamenodeProtocolProtos.java)
	at org.apache.hadoop.ipc.ProtobufRpcEngine$Server$ProtoBufRpcInvoker.call(ProtobufRpcEngine.java:523)
	at org.apache.hadoop.ipc.RPC$Server.call(RPC.java:991)
	at org.apache.hadoop.ipc.Server$RpcCall.run(Server.java:872)
	at org.apache.hadoop.ipc.Server$RpcCall.run(Server.java:818)
	at java.security.AccessController.doPrivileged(Native Method)
	at javax.security.auth.Subject.doAs(Subject.java:422)
	at org.apache.hadoop.security.UserGroupInformation.doAs(UserGroupInformation.java:1729)
	at org.apache.hadoop.ipc.Server$Handler.run(Server.java:2678)
Caused by: org.apache.hadoop.hdfs.server.namenode.SafeModeException: Cannot renew lease for DFSClient_NONMAPREDUCE_-868556506_1. Name node is in safe mode.
The reported blocks 18 has reached the threshold 0.9990 of total blocks 18. The number of live datanodes 4 has reached the minimum number 0. In safe mode extension. Safe mode will be turned off automatically in 22 seconds. NamenodeHostName:node-0-link-0
	at org.apache.hadoop.hdfs.server.namenode.FSNamesystem.newSafemodeException(FSNamesystem.java:1450)
	at org.apache.hadoop.hdfs.server.namenode.FSNamesystem.checkNameNodeSafeMode(FSNamesystem.java:1437)
	... 12 more
, while invoking ClientNamenodeProtocolTranslatorPB.renewLease over node-0-link-0/10.10.1.1:8020 after 1 failover attempts. Retrying after sleeping for 6716ms.
2019-03-22 08:42:16,915 INFO  retry.RetryInvocationHandler RetryInvocationHandler.java:log:411 - org.apache.hadoop.ipc.RemoteException(org.apache.hadoop.ipc.RetriableException): org.apache.hadoop.hdfs.server.namenode.SafeModeException: Cannot add block to /myfile2._COPYING_. Name node is in safe mode.
The reported blocks 18 has reached the threshold 0.9990 of total blocks 18. The number of live datanodes 4 has reached the minimum number 0. In safe mode extension. Safe mode will be turned off automatically in 19 seconds. NamenodeHostName:node-0-link-0
	at org.apache.hadoop.hdfs.server.namenode.FSNamesystem.checkNameNodeSafeMode(FSNamesystem.java:1441)
	at org.apache.hadoop.hdfs.server.namenode.FSDirWriteFileOp.analyzeFileState(FSDirWriteFileOp.java:591)
	at org.apache.hadoop.hdfs.server.namenode.FSDirWriteFileOp.validateAddBlock(FSDirWriteFileOp.java:172)
	at org.apache.hadoop.hdfs.server.namenode.FSNamesystem.getAdditionalBlock(FSNamesystem.java:2679)
	at org.apache.hadoop.hdfs.server.namenode.NameNodeRpcServer.addBlock(NameNodeRpcServer.java:875)
	at org.apache.hadoop.hdfs.protocolPB.ClientNamenodeProtocolServerSideTranslatorPB.addBlock(ClientNamenodeProtocolServerSideTranslatorPB.java:561)
	at org.apache.hadoop.hdfs.protocol.proto.ClientNamenodeProtocolProtos$ClientNamenodeProtocol$2.callBlockingMethod(ClientNamenodeProtocolProtos.java)
	at org.apache.hadoop.ipc.ProtobufRpcEngine$Server$ProtoBufRpcInvoker.call(ProtobufRpcEngine.java:523)
	at org.apache.hadoop.ipc.RPC$Server.call(RPC.java:991)
	at org.apache.hadoop.ipc.Server$RpcCall.run(Server.java:872)
	at org.apache.hadoop.ipc.Server$RpcCall.run(Server.java:818)
	at java.security.AccessController.doPrivileged(Native Method)
	at javax.security.auth.Subject.doAs(Subject.java:422)
	at org.apache.hadoop.security.UserGroupInformation.doAs(UserGroupInformation.java:1729)
	at org.apache.hadoop.ipc.Server$Handler.run(Server.java:2678)
Caused by: org.apache.hadoop.hdfs.server.namenode.SafeModeException: Cannot add block to /myfile2._COPYING_. Name node is in safe mode.
The reported blocks 18 has reached the threshold 0.9990 of total blocks 18. The number of live datanodes 4 has reached the minimum number 0. In safe mode extension. Safe mode will be turned off automatically in 19 seconds. NamenodeHostName:node-0-link-0
	at org.apache.hadoop.hdfs.server.namenode.FSNamesystem.newSafemodeException(FSNamesystem.java:1450)
	at org.apache.hadoop.hdfs.server.namenode.FSNamesystem.checkNameNodeSafeMode(FSNamesystem.java:1437)
	... 14 more
, while invoking ClientNamenodeProtocolTranslatorPB.addBlock over node-0-link-0/10.10.1.1:8020 after 3 failover attempts. Retrying after sleeping for 8701ms.
2019-03-22 08:42:20,041 INFO  retry.RetryInvocationHandler RetryInvocationHandler.java:log:411 - org.apache.hadoop.ipc.RemoteException(org.apache.hadoop.ipc.RetriableException): org.apache.hadoop.hdfs.server.namenode.SafeModeException: Cannot renew lease for DFSClient_NONMAPREDUCE_-868556506_1. Name node is in safe mode.
The reported blocks 18 has reached the threshold 0.9990 of total blocks 18. The number of live datanodes 4 has reached the minimum number 0. In safe mode extension. Safe mode will be turned off automatically in 16 seconds. NamenodeHostName:node-0-link-0
	at org.apache.hadoop.hdfs.server.namenode.FSNamesystem.checkNameNodeSafeMode(FSNamesystem.java:1441)
	at org.apache.hadoop.hdfs.server.namenode.FSNamesystem.renewLease(FSNamesystem.java:3744)
	at org.apache.hadoop.hdfs.server.namenode.NameNodeRpcServer.renewLease(NameNodeRpcServer.java:1134)
	at org.apache.hadoop.hdfs.protocolPB.ClientNamenodeProtocolServerSideTranslatorPB.renewLease(ClientNamenodeProtocolServerSideTranslatorPB.java:737)
	at org.apache.hadoop.hdfs.protocol.proto.ClientNamenodeProtocolProtos$ClientNamenodeProtocol$2.callBlockingMethod(ClientNamenodeProtocolProtos.java)
	at org.apache.hadoop.ipc.ProtobufRpcEngine$Server$ProtoBufRpcInvoker.call(ProtobufRpcEngine.java:523)
	at org.apache.hadoop.ipc.RPC$Server.call(RPC.java:991)
	at org.apache.hadoop.ipc.Server$RpcCall.run(Server.java:872)
	at org.apache.hadoop.ipc.Server$RpcCall.run(Server.java:818)
	at java.security.AccessController.doPrivileged(Native Method)
	at javax.security.auth.Subject.doAs(Subject.java:422)
	at org.apache.hadoop.security.UserGroupInformation.doAs(UserGroupInformation.java:1729)
	at org.apache.hadoop.ipc.Server$Handler.run(Server.java:2678)
Caused by: org.apache.hadoop.hdfs.server.namenode.SafeModeException: Cannot renew lease for DFSClient_NONMAPREDUCE_-868556506_1. Name node is in safe mode.
The reported blocks 18 has reached the threshold 0.9990 of total blocks 18. The number of live datanodes 4 has reached the minimum number 0. In safe mode extension. Safe mode will be turned off automatically in 16 seconds. NamenodeHostName:node-0-link-0
	at org.apache.hadoop.hdfs.server.namenode.FSNamesystem.newSafemodeException(FSNamesystem.java:1450)
	at org.apache.hadoop.hdfs.server.namenode.FSNamesystem.checkNameNodeSafeMode(FSNamesystem.java:1437)
	... 12 more
, while invoking ClientNamenodeProtocolTranslatorPB.renewLease over node-0-link-0/10.10.1.1:8020 after 1 failover attempts. Retrying after sleeping for 12975ms.
2019-03-22 08:42:25,619 INFO  retry.RetryInvocationHandler RetryInvocationHandler.java:log:411 - org.apache.hadoop.ipc.RemoteException(org.apache.hadoop.ipc.RetriableException): org.apache.hadoop.hdfs.server.namenode.SafeModeException: Cannot add block to /myfile2._COPYING_. Name node is in safe mode.
The reported blocks 18 has reached the threshold 0.9990 of total blocks 18. The number of live datanodes 4 has reached the minimum number 0. In safe mode extension. Safe mode will be turned off automatically in 10 seconds. NamenodeHostName:node-0-link-0
	at org.apache.hadoop.hdfs.server.namenode.FSNamesystem.checkNameNodeSafeMode(FSNamesystem.java:1441)
	at org.apache.hadoop.hdfs.server.namenode.FSDirWriteFileOp.analyzeFileState(FSDirWriteFileOp.java:591)
	at org.apache.hadoop.hdfs.server.namenode.FSDirWriteFileOp.validateAddBlock(FSDirWriteFileOp.java:172)
	at org.apache.hadoop.hdfs.server.namenode.FSNamesystem.getAdditionalBlock(FSNamesystem.java:2679)
	at org.apache.hadoop.hdfs.server.namenode.NameNodeRpcServer.addBlock(NameNodeRpcServer.java:875)
	at org.apache.hadoop.hdfs.protocolPB.ClientNamenodeProtocolServerSideTranslatorPB.addBlock(ClientNamenodeProtocolServerSideTranslatorPB.java:561)
	at org.apache.hadoop.hdfs.protocol.proto.ClientNamenodeProtocolProtos$ClientNamenodeProtocol$2.callBlockingMethod(ClientNamenodeProtocolProtos.java)
	at org.apache.hadoop.ipc.ProtobufRpcEngine$Server$ProtoBufRpcInvoker.call(ProtobufRpcEngine.java:523)
	at org.apache.hadoop.ipc.RPC$Server.call(RPC.java:991)
	at org.apache.hadoop.ipc.Server$RpcCall.run(Server.java:872)
	at org.apache.hadoop.ipc.Server$RpcCall.run(Server.java:818)
	at java.security.AccessController.doPrivileged(Native Method)
	at javax.security.auth.Subject.doAs(Subject.java:422)
	at org.apache.hadoop.security.UserGroupInformation.doAs(UserGroupInformation.java:1729)
	at org.apache.hadoop.ipc.Server$Handler.run(Server.java:2678)
Caused by: org.apache.hadoop.hdfs.server.namenode.SafeModeException: Cannot add block to /myfile2._COPYING_. Name node is in safe mode.
The reported blocks 18 has reached the threshold 0.9990 of total blocks 18. The number of live datanodes 4 has reached the minimum number 0. In safe mode extension. Safe mode will be turned off automatically in 10 seconds. NamenodeHostName:node-0-link-0
	at org.apache.hadoop.hdfs.server.namenode.FSNamesystem.newSafemodeException(FSNamesystem.java:1450)
	at org.apache.hadoop.hdfs.server.namenode.FSNamesystem.checkNameNodeSafeMode(FSNamesystem.java:1437)
	... 14 more
, while invoking ClientNamenodeProtocolTranslatorPB.addBlock over node-0-link-0/10.10.1.1:8020 after 3 failover attempts. Retrying after sleeping for 21594ms.
2019-03-22 08:42:33,019 INFO  retry.RetryInvocationHandler RetryInvocationHandler.java:log:411 - org.apache.hadoop.ipc.RemoteException(org.apache.hadoop.ipc.RetriableException): org.apache.hadoop.hdfs.server.namenode.SafeModeException: Cannot renew lease for DFSClient_NONMAPREDUCE_-868556506_1. Name node is in safe mode.
The reported blocks 18 has reached the threshold 0.9990 of total blocks 18. The number of live datanodes 4 has reached the minimum number 0. In safe mode extension. Safe mode will be turned off automatically in 3 seconds. NamenodeHostName:node-0-link-0
	at org.apache.hadoop.hdfs.server.namenode.FSNamesystem.checkNameNodeSafeMode(FSNamesystem.java:1441)
	at org.apache.hadoop.hdfs.server.namenode.FSNamesystem.renewLease(FSNamesystem.java:3744)
	at org.apache.hadoop.hdfs.server.namenode.NameNodeRpcServer.renewLease(NameNodeRpcServer.java:1134)
	at org.apache.hadoop.hdfs.protocolPB.ClientNamenodeProtocolServerSideTranslatorPB.renewLease(ClientNamenodeProtocolServerSideTranslatorPB.java:737)
	at org.apache.hadoop.hdfs.protocol.proto.ClientNamenodeProtocolProtos$ClientNamenodeProtocol$2.callBlockingMethod(ClientNamenodeProtocolProtos.java)
	at org.apache.hadoop.ipc.ProtobufRpcEngine$Server$ProtoBufRpcInvoker.call(ProtobufRpcEngine.java:523)
	at org.apache.hadoop.ipc.RPC$Server.call(RPC.java:991)
	at org.apache.hadoop.ipc.Server$RpcCall.run(Server.java:872)
	at org.apache.hadoop.ipc.Server$RpcCall.run(Server.java:818)
	at java.security.AccessController.doPrivileged(Native Method)
	at javax.security.auth.Subject.doAs(Subject.java:422)
	at org.apache.hadoop.security.UserGroupInformation.doAs(UserGroupInformation.java:1729)
	at org.apache.hadoop.ipc.Server$Handler.run(Server.java:2678)
Caused by: org.apache.hadoop.hdfs.server.namenode.SafeModeException: Cannot renew lease for DFSClient_NONMAPREDUCE_-868556506_1. Name node is in safe mode.
The reported blocks 18 has reached the threshold 0.9990 of total blocks 18. The number of live datanodes 4 has reached the minimum number 0. In safe mode extension. Safe mode will be turned off automatically in 3 seconds. NamenodeHostName:node-0-link-0
	at org.apache.hadoop.hdfs.server.namenode.FSNamesystem.newSafemodeException(FSNamesystem.java:1450)
	at org.apache.hadoop.hdfs.server.namenode.FSNamesystem.checkNameNodeSafeMode(FSNamesystem.java:1437)
	... 12 more
, while invoking ClientNamenodeProtocolTranslatorPB.renewLease over node-0-link-0/10.10.1.1:8020 after 1 failover attempts. Retrying after sleeping for 17532ms.
Found 5 items
-rw-r--r--   3 root supergroup 1073741824 2019-03-22 08:42 /myfile1
-rw-r--r--   3 root supergroup 1073741824 2019-03-22 08:42 /myfile2
-rw-r--r--   3 root supergroup 1073741824 2019-03-22 08:42 /myfile3
-rw-r--r--   3 root supergroup 1073741824 2019-03-22 08:42 /myfile4
-rw-r--r--   3 root supergroup 1073741824 2019-03-22 08:42 /myfile5
file 2 has been put into HDFS
file 2 has been read from HDFS for 1 time
diff succeed!
file 2 has been read from HDFS for 2 time
diff succeed!
file 2 has been read from HDFS for 3 time
diff succeed!
file 2 has been read from HDFS for 4 time
diff succeed!
file 2 has been read from HDFS for 5 time
diff succeed!
file 2 has been read from HDFS for 6 time
diff succeed!
file 2 has been read from HDFS for 7 time
diff succeed!
file 2 has been read from HDFS for 8 time
diff succeed!
file 2 has been read from HDFS for 9 time
diff succeed!
file 2 has been read from HDFS for 10 time
diff succeed!
Deleted /myfile2
file 2 has been removed from HDFS
Found 5 items
-rw-r--r--   3 root supergroup 1073741824 2019-03-22 08:45 /myfile1
-rw-r--r--   3 root supergroup 1073741824 2019-03-22 08:45 /myfile2
-rw-r--r--   3 root supergroup 1073741824 2019-03-22 08:44 /myfile3
-rw-r--r--   3 root supergroup 1073741824 2019-03-22 08:45 /myfile4
-rw-r--r--   3 root supergroup 1073741824 2019-03-22 08:44 /myfile5
file 2 has been put into HDFS
file 2 has been read from HDFS for 1 time
diff succeed!
file 2 has been read from HDFS for 2 time
diff succeed!
file 2 has been read from HDFS for 3 time
diff succeed!
file 2 has been read from HDFS for 4 time
diff succeed!
file 2 has been read from HDFS for 5 time
diff succeed!
file 2 has been read from HDFS for 6 time
diff succeed!
file 2 has been read from HDFS for 7 time
diff succeed!
file 2 has been read from HDFS for 8 time
diff succeed!
file 2 has been read from HDFS for 9 time
diff succeed!
file 2 has been read from HDFS for 10 time
diff succeed!
Deleted /myfile2
file 2 has been removed from HDFS
Found 5 items
-rw-r--r--   3 root supergroup 1073741824 2019-03-22 08:47 /myfile1
-rw-r--r--   3 root supergroup 1073741824 2019-03-22 08:47 /myfile2
-rw-r--r--   3 root supergroup 1073741824 2019-03-22 08:46 /myfile3
-rw-r--r--   3 root supergroup 1073741824 2019-03-22 08:46 /myfile4
-rw-r--r--   3 root supergroup 1073741824 2019-03-22 08:46 /myfile5
file 2 has been put into HDFS
file 2 has been read from HDFS for 1 time
diff succeed!
file 2 has been read from HDFS for 2 time
diff succeed!
file 2 has been read from HDFS for 3 time
diff succeed!
file 2 has been read from HDFS for 4 time
diff succeed!
file 2 has been read from HDFS for 5 time
diff succeed!
file 2 has been read from HDFS for 6 time
diff succeed!
file 2 has been read from HDFS for 7 time
diff succeed!
file 2 has been read from HDFS for 8 time
diff succeed!
file 2 has been read from HDFS for 9 time
diff succeed!
file 2 has been read from HDFS for 10 time
diff succeed!
Deleted /myfile2
file 2 has been removed from HDFS
Found 5 items
-rw-r--r--   3 root supergroup 1073741824 2019-03-22 08:48 /myfile1
-rw-r--r--   3 root supergroup 1073741824 2019-03-22 08:48 /myfile2
-rw-r--r--   3 root supergroup 1073741824 2019-03-22 08:47 /myfile3
-rw-r--r--   3 root supergroup 1073741824 2019-03-22 08:48 /myfile4
-rw-r--r--   3 root supergroup 1073741824 2019-03-22 08:47 /myfile5
file 2 has been put into HDFS
file 2 has been read from HDFS for 1 time
diff succeed!
file 2 has been read from HDFS for 2 time
diff succeed!
file 2 has been read from HDFS for 3 time
diff succeed!
file 2 has been read from HDFS for 4 time
diff succeed!
file 2 has been read from HDFS for 5 time
diff succeed!
file 2 has been read from HDFS for 6 time
diff succeed!
file 2 has been read from HDFS for 7 time
diff succeed!
file 2 has been read from HDFS for 8 time
diff succeed!
file 2 has been read from HDFS for 9 time
diff succeed!
file 2 has been read from HDFS for 10 time
diff succeed!
Deleted /myfile2
file 2 has been removed from HDFS
Found 5 items
-rw-r--r--   3 root supergroup 1073741824 2019-03-22 08:50 /myfile1
-rw-r--r--   3 root supergroup 1073741824 2019-03-22 08:50 /myfile2
-rw-r--r--   3 root supergroup 1073741824 2019-03-22 08:49 /myfile3
-rw-r--r--   3 root supergroup 1073741824 2019-03-22 08:50 /myfile4
-rw-r--r--   3 root supergroup 1073741824 2019-03-22 08:49 /myfile5
file 2 has been put into HDFS
file 2 has been read from HDFS for 1 time
diff succeed!
file 2 has been read from HDFS for 2 time
diff succeed!
file 2 has been read from HDFS for 3 time
diff succeed!
file 2 has been read from HDFS for 4 time
diff succeed!
file 2 has been read from HDFS for 5 time
diff succeed!
file 2 has been read from HDFS for 6 time
diff succeed!
file 2 has been read from HDFS for 7 time
diff succeed!
file 2 has been read from HDFS for 8 time
diff succeed!
file 2 has been read from HDFS for 9 time
diff succeed!
file 2 has been read from HDFS for 10 time
diff succeed!
Deleted /myfile2
file 2 has been removed from HDFS
2019-03-22 08:52:23,035 INFO  retry.RetryInvocationHandler RetryInvocationHandler.java:log:411 - org.apache.hadoop.ipc.RemoteException(org.apache.hadoop.ipc.StandbyException): Operation category READ is not supported in state standby. Visit https://s.apache.org/sbnn-error
	at org.apache.hadoop.hdfs.server.namenode.ha.StandbyState.checkOperation(StandbyState.java:88)
	at org.apache.hadoop.hdfs.server.namenode.NameNode$NameNodeHAContext.checkOperation(NameNode.java:1952)
	at org.apache.hadoop.hdfs.server.namenode.FSNamesystem.checkOperation(FSNamesystem.java:1423)
	at org.apache.hadoop.hdfs.server.namenode.FSNamesystem.getFileInfo(FSNamesystem.java:3085)
	at org.apache.hadoop.hdfs.server.namenode.NameNodeRpcServer.getFileInfo(NameNodeRpcServer.java:1154)
	at org.apache.hadoop.hdfs.protocolPB.ClientNamenodeProtocolServerSideTranslatorPB.getFileInfo(ClientNamenodeProtocolServerSideTranslatorPB.java:966)
	at org.apache.hadoop.hdfs.protocol.proto.ClientNamenodeProtocolProtos$ClientNamenodeProtocol$2.callBlockingMethod(ClientNamenodeProtocolProtos.java)
	at org.apache.hadoop.ipc.ProtobufRpcEngine$Server$ProtoBufRpcInvoker.call(ProtobufRpcEngine.java:523)
	at org.apache.hadoop.ipc.RPC$Server.call(RPC.java:991)
	at org.apache.hadoop.ipc.Server$RpcCall.run(Server.java:872)
	at org.apache.hadoop.ipc.Server$RpcCall.run(Server.java:818)
	at java.security.AccessController.doPrivileged(Native Method)
	at javax.security.auth.Subject.doAs(Subject.java:422)
	at org.apache.hadoop.security.UserGroupInformation.doAs(UserGroupInformation.java:1729)
	at org.apache.hadoop.ipc.Server$Handler.run(Server.java:2678)
, while invoking ClientNamenodeProtocolTranslatorPB.getFileInfo over node-1-link-0/10.10.1.4:8020 after 1 failover attempts. Trying to failover after sleeping for 739ms.
2019-03-22 08:52:23,783 INFO  retry.RetryInvocationHandler RetryInvocationHandler.java:log:411 - java.net.ConnectException: Call From clnode087.clemson.cloudlab.us/130.127.133.96 to node-0-link-0:8020 failed on connection exception: java.net.ConnectException: Connection refused; For more details see:  http://wiki.apache.org/hadoop/ConnectionRefused, while invoking ClientNamenodeProtocolTranslatorPB.getFileInfo over node-0-link-0/10.10.1.1:8020 after 2 failover attempts. Trying to failover after sleeping for 2751ms.
2019-03-22 08:52:26,537 INFO  retry.RetryInvocationHandler RetryInvocationHandler.java:log:411 - org.apache.hadoop.ipc.RemoteException(org.apache.hadoop.ipc.StandbyException): Operation category READ is not supported in state standby. Visit https://s.apache.org/sbnn-error
	at org.apache.hadoop.hdfs.server.namenode.ha.StandbyState.checkOperation(StandbyState.java:88)
	at org.apache.hadoop.hdfs.server.namenode.NameNode$NameNodeHAContext.checkOperation(NameNode.java:1952)
	at org.apache.hadoop.hdfs.server.namenode.FSNamesystem.checkOperation(FSNamesystem.java:1423)
	at org.apache.hadoop.hdfs.server.namenode.FSNamesystem.getFileInfo(FSNamesystem.java:3085)
	at org.apache.hadoop.hdfs.server.namenode.NameNodeRpcServer.getFileInfo(NameNodeRpcServer.java:1154)
	at org.apache.hadoop.hdfs.protocolPB.ClientNamenodeProtocolServerSideTranslatorPB.getFileInfo(ClientNamenodeProtocolServerSideTranslatorPB.java:966)
	at org.apache.hadoop.hdfs.protocol.proto.ClientNamenodeProtocolProtos$ClientNamenodeProtocol$2.callBlockingMethod(ClientNamenodeProtocolProtos.java)
	at org.apache.hadoop.ipc.ProtobufRpcEngine$Server$ProtoBufRpcInvoker.call(ProtobufRpcEngine.java:523)
	at org.apache.hadoop.ipc.RPC$Server.call(RPC.java:991)
	at org.apache.hadoop.ipc.Server$RpcCall.run(Server.java:872)
	at org.apache.hadoop.ipc.Server$RpcCall.run(Server.java:818)
	at java.security.AccessController.doPrivileged(Native Method)
	at javax.security.auth.Subject.doAs(Subject.java:422)
	at org.apache.hadoop.security.UserGroupInformation.doAs(UserGroupInformation.java:1729)
	at org.apache.hadoop.ipc.Server$Handler.run(Server.java:2678)
, while invoking ClientNamenodeProtocolTranslatorPB.getFileInfo over node-1-link-0/10.10.1.4:8020 after 3 failover attempts. Trying to failover after sleeping for 3665ms.
2019-03-22 08:52:30,207 INFO  retry.RetryInvocationHandler RetryInvocationHandler.java:log:411 - java.net.ConnectException: Call From clnode087.clemson.cloudlab.us/130.127.133.96 to node-0-link-0:8020 failed on connection exception: java.net.ConnectException: Connection refused; For more details see:  http://wiki.apache.org/hadoop/ConnectionRefused, while invoking ClientNamenodeProtocolTranslatorPB.getFileInfo over node-0-link-0/10.10.1.1:8020 after 4 failover attempts. Trying to failover after sleeping for 4668ms.
Found 5 items
-rw-r--r--   3 root supergroup 1073741824 2019-03-22 08:52 /myfile1
-rw-r--r--   3 root supergroup 1073741824 2019-03-22 08:52 /myfile2
-rw-r--r--   3 root supergroup 1073741824 2019-03-22 08:51 /myfile3
-rw-r--r--   3 root supergroup 1073741824 2019-03-22 08:51 /myfile4
-rw-r--r--   3 root supergroup 1073741824 2019-03-22 08:51 /myfile5
file 2 has been put into HDFS
file 2 has been read from HDFS for 1 time
diff succeed!
file 2 has been read from HDFS for 2 time
diff succeed!
file 2 has been read from HDFS for 3 time
diff succeed!
file 2 has been read from HDFS for 4 time
diff succeed!
file 2 has been read from HDFS for 5 time
diff succeed!
file 2 has been read from HDFS for 6 time
diff succeed!
file 2 has been read from HDFS for 7 time
diff succeed!
file 2 has been read from HDFS for 8 time
diff succeed!
file 2 has been read from HDFS for 9 time
diff succeed!
file 2 has been read from HDFS for 10 time
diff succeed!
Deleted /myfile2
file 2 has been removed from HDFS
Found 5 items
-rw-r--r--   3 root supergroup 1073741824 2019-03-22 08:54 /myfile1
-rw-r--r--   3 root supergroup 1073741824 2019-03-22 08:54 /myfile2
-rw-r--r--   3 root supergroup 1073741824 2019-03-22 08:53 /myfile3
-rw-r--r--   3 root supergroup 1073741824 2019-03-22 08:53 /myfile4
-rw-r--r--   3 root supergroup 1073741824 2019-03-22 08:53 /myfile5
file 2 has been put into HDFS
file 2 has been read from HDFS for 1 time
diff succeed!
file 2 has been read from HDFS for 2 time
diff succeed!
file 2 has been read from HDFS for 3 time
diff succeed!
file 2 has been read from HDFS for 4 time
diff succeed!
file 2 has been read from HDFS for 5 time
diff succeed!
file 2 has been read from HDFS for 6 time
diff succeed!
file 2 has been read from HDFS for 7 time
diff succeed!
file 2 has been read from HDFS for 8 time
diff succeed!
file 2 has been read from HDFS for 9 time
diff succeed!
file 2 has been read from HDFS for 10 time
diff succeed!
Deleted /myfile2
file 2 has been removed from HDFS
Found 5 items
-rw-r--r--   3 root supergroup 1073741824 2019-03-22 08:56 /myfile1
-rw-r--r--   3 root supergroup 1073741824 2019-03-22 08:56 /myfile2
-rw-r--r--   3 root supergroup 1073741824 2019-03-22 08:55 /myfile3
-rw-r--r--   3 root supergroup 1073741824 2019-03-22 08:55 /myfile4
-rw-r--r--   3 root supergroup 1073741824 2019-03-22 08:55 /myfile5
file 2 has been put into HDFS
file 2 has been read from HDFS for 1 time
diff succeed!
file 2 has been read from HDFS for 2 time
diff succeed!
file 2 has been read from HDFS for 3 time
diff succeed!
file 2 has been read from HDFS for 4 time
diff succeed!
file 2 has been read from HDFS for 5 time
diff succeed!
file 2 has been read from HDFS for 6 time
diff succeed!
file 2 has been read from HDFS for 7 time
diff succeed!
file 2 has been read from HDFS for 8 time
diff succeed!
file 2 has been read from HDFS for 9 time
diff succeed!
file 2 has been read from HDFS for 10 time
diff succeed!
Deleted /myfile2
file 2 has been removed from HDFS
Found 5 items
-rw-r--r--   3 root supergroup 1073741824 2019-03-22 08:58 /myfile1
-rw-r--r--   3 root supergroup 1073741824 2019-03-22 08:58 /myfile2
-rw-r--r--   3 root supergroup 1073741824 2019-03-22 08:57 /myfile3
-rw-r--r--   3 root supergroup 1073741824 2019-03-22 08:57 /myfile4
-rw-r--r--   3 root supergroup 1073741824 2019-03-22 08:57 /myfile5
file 2 has been put into HDFS
file 2 has been read from HDFS for 1 time
diff succeed!
file 2 has been read from HDFS for 2 time
diff succeed!
file 2 has been read from HDFS for 3 time
diff succeed!
file 2 has been read from HDFS for 4 time
diff succeed!
file 2 has been read from HDFS for 5 time
diff succeed!
file 2 has been read from HDFS for 6 time
diff succeed!
file 2 has been read from HDFS for 7 time
diff succeed!
file 2 has been read from HDFS for 8 time
diff succeed!
file 2 has been read from HDFS for 9 time
diff succeed!
file 2 has been read from HDFS for 10 time
diff succeed!
Deleted /myfile2
file 2 has been removed from HDFS
Found 5 items
-rw-r--r--   3 root supergroup 1073741824 2019-03-22 08:59 /myfile1
-rw-r--r--   3 root supergroup 1073741824 2019-03-22 08:59 /myfile2
-rw-r--r--   3 root supergroup 1073741824 2019-03-22 08:58 /myfile3
-rw-r--r--   3 root supergroup 1073741824 2019-03-22 08:58 /myfile4
-rw-r--r--   3 root supergroup 1073741824 2019-03-22 08:58 /myfile5
file 2 has been put into HDFS
file 2 has been read from HDFS for 1 time
diff succeed!
file 2 has been read from HDFS for 2 time
diff succeed!
file 2 has been read from HDFS for 3 time
diff succeed!
file 2 has been read from HDFS for 4 time
diff succeed!
file 2 has been read from HDFS for 5 time
diff succeed!
file 2 has been read from HDFS for 6 time
diff succeed!
file 2 has been read from HDFS for 7 time
diff succeed!
file 2 has been read from HDFS for 8 time
diff succeed!
file 2 has been read from HDFS for 9 time
diff succeed!
file 2 has been read from HDFS for 10 time
diff succeed!
Deleted /myfile2
file 2 has been removed from HDFS
Found 5 items
-rw-r--r--   3 root supergroup 1073741824 2019-03-22 09:01 /myfile1
-rw-r--r--   3 root supergroup 1073741824 2019-03-22 09:01 /myfile2
-rw-r--r--   3 root supergroup 1073741824 2019-03-22 09:00 /myfile3
-rw-r--r--   3 root supergroup 1073741824 2019-03-22 09:00 /myfile4
-rw-r--r--   3 root supergroup 1073741824 2019-03-22 09:00 /myfile5
file 2 has been put into HDFS
file 2 has been read from HDFS for 1 time
diff succeed!
file 2 has been read from HDFS for 2 time
diff succeed!
file 2 has been read from HDFS for 3 time
diff succeed!
file 2 has been read from HDFS for 4 time
diff succeed!
file 2 has been read from HDFS for 5 time
diff succeed!
file 2 has been read from HDFS for 6 time
diff succeed!
file 2 has been read from HDFS for 7 time
diff succeed!
file 2 has been read from HDFS for 8 time
diff succeed!
file 2 has been read from HDFS for 9 time
diff succeed!
file 2 has been read from HDFS for 10 time
diff succeed!
Deleted /myfile2
file 2 has been removed from HDFS
Found 5 items
-rw-r--r--   3 root supergroup 1073741824 2019-03-22 09:03 /myfile1
-rw-r--r--   3 root supergroup 1073741824 2019-03-22 09:03 /myfile2
-rw-r--r--   3 root supergroup 1073741824 2019-03-22 09:02 /myfile3
-rw-r--r--   3 root supergroup 1073741824 2019-03-22 09:02 /myfile4
-rw-r--r--   3 root supergroup 1073741824 2019-03-22 09:02 /myfile5
file 2 has been put into HDFS
file 2 has been read from HDFS for 1 time
diff succeed!
