Found 5 items
-rw-r--r--   3 root supergroup 1073741824 2019-03-28 05:00 /myfile1
-rw-r--r--   3 root supergroup 1073741824 2019-03-28 05:00 /myfile2
-rw-r--r--   3 root supergroup 1073741824 2019-03-28 05:00 /myfile3
-rw-r--r--   3 root supergroup 1073741824 2019-03-28 05:00 /myfile4
-rw-r--r--   3 root supergroup 1073741824 2019-03-28 05:00 /myfile5
file 3 has been put into HDFS
file 3 has been read from HDFS for 1 time
diff succeed!
file 3 has been read from HDFS for 2 time
diff succeed!
file 3 has been read from HDFS for 3 time
diff succeed!
file 3 has been read from HDFS for 4 time
diff succeed!
file 3 has been read from HDFS for 5 time
diff succeed!
file 3 has been read from HDFS for 6 time
diff succeed!
file 3 has been read from HDFS for 7 time
diff succeed!
file 3 has been read from HDFS for 8 time
diff succeed!
file 3 has been read from HDFS for 9 time
diff succeed!
file 3 has been read from HDFS for 10 time
diff succeed!
Deleted /myfile3
file 3 has been removed from HDFS
Found 5 items
-rw-r--r--   3 root supergroup 1073741824 2019-03-28 05:02 /myfile1
-rw-r--r--   3 root supergroup 1073741824 2019-03-28 05:02 /myfile2
-rw-r--r--   3 root supergroup 1073741824 2019-03-28 05:02 /myfile3
-rw-r--r--   3 root supergroup 1073741824 2019-03-28 05:02 /myfile4
-rw-r--r--   3 root supergroup 1073741824 2019-03-28 05:02 /myfile5
file 3 has been put into HDFS
file 3 has been read from HDFS for 1 time
diff succeed!
file 3 has been read from HDFS for 2 time
diff succeed!
file 3 has been read from HDFS for 3 time
diff succeed!
file 3 has been read from HDFS for 4 time
diff succeed!
file 3 has been read from HDFS for 5 time
diff succeed!
file 3 has been read from HDFS for 6 time
diff succeed!
file 3 has been read from HDFS for 7 time
diff succeed!
file 3 has been read from HDFS for 8 time
diff succeed!
file 3 has been read from HDFS for 9 time
diff succeed!
file 3 has been read from HDFS for 10 time
diff succeed!
Deleted /myfile3
file 3 has been removed from HDFS
Found 5 items
-rw-r--r--   3 root supergroup 1073741824 2019-03-28 05:04 /myfile1
-rw-r--r--   3 root supergroup 1073741824 2019-03-28 05:03 /myfile2
-rw-r--r--   3 root supergroup 1073741824 2019-03-28 05:04 /myfile3
-rw-r--r--   3 root supergroup 1073741824 2019-03-28 05:03 /myfile4
-rw-r--r--   3 root supergroup 1073741824 2019-03-28 05:04 /myfile5
file 3 has been put into HDFS
file 3 has been read from HDFS for 1 time
diff succeed!
file 3 has been read from HDFS for 2 time
diff succeed!
file 3 has been read from HDFS for 3 time
diff succeed!
file 3 has been read from HDFS for 4 time
diff succeed!
file 3 has been read from HDFS for 5 time
diff succeed!
file 3 has been read from HDFS for 6 time
diff succeed!
file 3 has been read from HDFS for 7 time
diff succeed!
file 3 has been read from HDFS for 8 time
diff succeed!
file 3 has been read from HDFS for 9 time
diff succeed!
file 3 has been read from HDFS for 10 time
diff succeed!
Deleted /myfile3
file 3 has been removed from HDFS
Found 5 items
-rw-r--r--   3 root supergroup 1073741824 2019-03-28 05:05 /myfile1
-rw-r--r--   3 root supergroup 1073741824 2019-03-28 05:05 /myfile2
-rw-r--r--   3 root supergroup 1073741824 2019-03-28 05:05 /myfile3
-rw-r--r--   3 root supergroup 1073741824 2019-03-28 05:05 /myfile4
-rw-r--r--   3 root supergroup 1073741824 2019-03-28 05:05 /myfile5
file 3 has been put into HDFS
file 3 has been read from HDFS for 1 time
diff succeed!
file 3 has been read from HDFS for 2 time
diff succeed!
file 3 has been read from HDFS for 3 time
diff succeed!
file 3 has been read from HDFS for 4 time
diff succeed!
file 3 has been read from HDFS for 5 time
diff succeed!
file 3 has been read from HDFS for 6 time
diff succeed!
file 3 has been read from HDFS for 7 time
diff succeed!
file 3 has been read from HDFS for 8 time
diff succeed!
file 3 has been read from HDFS for 9 time
diff succeed!
file 3 has been read from HDFS for 10 time
diff succeed!
Deleted /myfile3
file 3 has been removed from HDFS
Found 5 items
-rw-r--r--   3 root supergroup 1073741824 2019-03-28 05:07 /myfile1
-rw-r--r--   3 root supergroup 1073741824 2019-03-28 05:07 /myfile2
-rw-r--r--   3 root supergroup 1073741824 2019-03-28 05:07 /myfile3
-rw-r--r--   3 root supergroup 1073741824 2019-03-28 05:07 /myfile4
-rw-r--r--   3 root supergroup 1073741824 2019-03-28 05:07 /myfile5
file 3 has been put into HDFS
file 3 has been read from HDFS for 1 time
diff succeed!
file 3 has been read from HDFS for 2 time
diff succeed!
file 3 has been read from HDFS for 3 time
diff succeed!
file 3 has been read from HDFS for 4 time
diff succeed!
file 3 has been read from HDFS for 5 time
diff succeed!
file 3 has been read from HDFS for 6 time
diff succeed!
file 3 has been read from HDFS for 7 time
diff succeed!
file 3 has been read from HDFS for 8 time
diff succeed!
file 3 has been read from HDFS for 9 time
diff succeed!
file 3 has been read from HDFS for 10 time
diff succeed!
Deleted /myfile3
file 3 has been removed from HDFS
Found 5 items
-rw-r--r--   3 root supergroup 1073741824 2019-03-28 05:09 /myfile1
-rw-r--r--   3 root supergroup 1073741824 2019-03-28 05:08 /myfile2
-rw-r--r--   3 root supergroup 1073741824 2019-03-28 05:09 /myfile3
-rw-r--r--   3 root supergroup 1073741824 2019-03-28 05:09 /myfile4
-rw-r--r--   3 root supergroup 1073741824 2019-03-28 05:09 /myfile5
file 3 has been put into HDFS
file 3 has been read from HDFS for 1 time
diff succeed!
file 3 has been read from HDFS for 2 time
diff succeed!
file 3 has been read from HDFS for 3 time
diff succeed!
file 3 has been read from HDFS for 4 time
diff succeed!
file 3 has been read from HDFS for 5 time
diff succeed!
file 3 has been read from HDFS for 6 time
diff succeed!
file 3 has been read from HDFS for 7 time
diff succeed!
file 3 has been read from HDFS for 8 time
diff succeed!
file 3 has been read from HDFS for 9 time
diff succeed!
file 3 has been read from HDFS for 10 time
diff succeed!
Deleted /myfile3
file 3 has been removed from HDFS
Found 5 items
-rw-r--r--   3 root supergroup 1073741824 2019-03-28 05:10 /myfile1
-rw-r--r--   3 root supergroup 1073741824 2019-03-28 05:10 /myfile2
-rw-r--r--   3 root supergroup 1073741824 2019-03-28 05:11 /myfile3
-rw-r--r--   3 root supergroup 1073741824 2019-03-28 05:11 /myfile4
-rw-r--r--   3 root supergroup 1073741824 2019-03-28 05:11 /myfile5
file 3 has been put into HDFS
file 3 has been read from HDFS for 1 time
diff succeed!
file 3 has been read from HDFS for 2 time
diff succeed!
file 3 has been read from HDFS for 3 time
diff succeed!
file 3 has been read from HDFS for 4 time
diff succeed!
file 3 has been read from HDFS for 5 time
diff succeed!
file 3 has been read from HDFS for 6 time
diff succeed!
file 3 has been read from HDFS for 7 time
diff succeed!
file 3 has been read from HDFS for 8 time
diff succeed!
file 3 has been read from HDFS for 9 time
diff succeed!
file 3 has been read from HDFS for 10 time
diff succeed!
Deleted /myfile3
file 3 has been removed from HDFS
Found 5 items
-rw-r--r--   3 root supergroup 1073741824 2019-03-28 05:12 /myfile1
-rw-r--r--   3 root supergroup 1073741824 2019-03-28 05:12 /myfile2
-rw-r--r--   3 root supergroup 1073741824 2019-03-28 05:12 /myfile3
-rw-r--r--   3 root supergroup 1073741824 2019-03-28 05:12 /myfile4
-rw-r--r--   3 root supergroup 1073741824 2019-03-28 05:12 /myfile5
file 3 has been put into HDFS
file 3 has been read from HDFS for 1 time
diff succeed!
file 3 has been read from HDFS for 2 time
diff succeed!
file 3 has been read from HDFS for 3 time
diff succeed!
file 3 has been read from HDFS for 4 time
diff succeed!
file 3 has been read from HDFS for 5 time
diff succeed!
file 3 has been read from HDFS for 6 time
diff succeed!
file 3 has been read from HDFS for 7 time
diff succeed!
file 3 has been read from HDFS for 8 time
diff succeed!
file 3 has been read from HDFS for 9 time
diff succeed!
file 3 has been read from HDFS for 10 time
diff succeed!
Deleted /myfile3
file 3 has been removed from HDFS
Found 5 items
-rw-r--r--   3 root supergroup 1073741824 2019-03-28 05:13 /myfile1
-rw-r--r--   3 root supergroup 1073741824 2019-03-28 05:13 /myfile2
-rw-r--r--   3 root supergroup 1073741824 2019-03-28 05:14 /myfile3
-rw-r--r--   3 root supergroup 1073741824 2019-03-28 05:14 /myfile4
-rw-r--r--   3 root supergroup 1073741824 2019-03-28 05:14 /myfile5
file 3 has been put into HDFS
file 3 has been read from HDFS for 1 time
diff succeed!
file 3 has been read from HDFS for 2 time
diff succeed!
file 3 has been read from HDFS for 3 time
diff succeed!
file 3 has been read from HDFS for 4 time
diff succeed!
file 3 has been read from HDFS for 5 time
diff succeed!
file 3 has been read from HDFS for 6 time
diff succeed!
file 3 has been read from HDFS for 7 time
diff succeed!
file 3 has been read from HDFS for 8 time
