verify_input for parameter dfs.qjournal.new-epoch.timeout.ms with value 1
BPServiceActor.java:offerService:727 NOT found in base error set
BPServiceActor.java:retrieveNamespaceInfo:235 NOT found in base error set
JournalSet.java:mapJournalsAndReportErrors:390 NOT found in base error set
verify_result.sh parameter dfs.qjournal.new-epoch.timeout.ms with value 1 returns 1
verify_input for parameter dfs.qjournal.new-epoch.timeout.ms with value 2
BPServiceActor.java:offerService:727 NOT found in base error set
BPServiceActor.java:retrieveNamespaceInfo:235 NOT found in base error set
JournalSet.java:mapJournalsAndReportErrors:390 NOT found in base error set
verify_result.sh parameter dfs.qjournal.new-epoch.timeout.ms with value 2 returns 1
verify_input for parameter dfs.qjournal.new-epoch.timeout.ms with value 4
BPServiceActor.java:offerService:727 NOT found in base error set
BPServiceActor.java:retrieveNamespaceInfo:235 NOT found in base error set
JournalSet.java:mapJournalsAndReportErrors:390 NOT found in base error set
verify_result.sh parameter dfs.qjournal.new-epoch.timeout.ms with value 4 returns 1
verify_input for parameter dfs.qjournal.new-epoch.timeout.ms with value 8
BPServiceActor.java:offerService:727 NOT found in base error set
BPServiceActor.java:retrieveNamespaceInfo:235 NOT found in base error set
JournalSet.java:mapJournalsAndReportErrors:390 NOT found in base error set
verify_result.sh parameter dfs.qjournal.new-epoch.timeout.ms with value 8 returns 1
verify_input for parameter dfs.qjournal.new-epoch.timeout.ms with value 16
BPServiceActor.java:offerService:727 NOT found in base error set
BPServiceActor.java:retrieveNamespaceInfo:235 NOT found in base error set
JournalSet.java:mapJournalsAndReportErrors:390 NOT found in base error set
verify_result.sh parameter dfs.qjournal.new-epoch.timeout.ms with value 16 returns 1
verify_input for parameter dfs.qjournal.new-epoch.timeout.ms with value 32
BPServiceActor.java:offerService:727 NOT found in base error set
BPServiceActor.java:retrieveNamespaceInfo:235 NOT found in base error set
JournalSet.java:mapJournalsAndReportErrors:390 NOT found in base error set
verify_result.sh parameter dfs.qjournal.new-epoch.timeout.ms with value 32 returns 1
verify_input for parameter dfs.qjournal.new-epoch.timeout.ms with value 64
BPServiceActor.java:offerService:727 NOT found in base error set
BPServiceActor.java:retrieveNamespaceInfo:235 NOT found in base error set
JournalSet.java:mapJournalsAndReportErrors:390 NOT found in base error set
verify_result.sh parameter dfs.qjournal.new-epoch.timeout.ms with value 64 returns 1
verify_input for parameter dfs.qjournal.new-epoch.timeout.ms with value 128
verify_result.sh parameter dfs.qjournal.new-epoch.timeout.ms with value 128 returns 0
break, set range_end as 128
verify_input for parameter dfs.qjournal.new-epoch.timeout.ms with value 96
verify_result.sh parameter dfs.qjournal.new-epoch.timeout.ms with value 96 returns 0
ok branch
verify_input for parameter dfs.qjournal.new-epoch.timeout.ms with value 80
BPServiceActor.java:offerService:727 NOT found in base error set
BPServiceActor.java:retrieveNamespaceInfo:235 NOT found in base error set
JournalSet.java:mapJournalsAndReportErrors:390 NOT found in base error set
verify_result.sh parameter dfs.qjournal.new-epoch.timeout.ms with value 80 returns 1
not ok branch
verify_input for parameter dfs.qjournal.new-epoch.timeout.ms with value 88
verify_result.sh parameter dfs.qjournal.new-epoch.timeout.ms with value 88 returns 0
ok branch
verify_input for parameter dfs.qjournal.new-epoch.timeout.ms with value 84
verify_result.sh parameter dfs.qjournal.new-epoch.timeout.ms with value 84 returns 0
ok branch
verify_input for parameter dfs.qjournal.new-epoch.timeout.ms with value 82
verify_result.sh parameter dfs.qjournal.new-epoch.timeout.ms with value 82 returns 0
ok branch
verify_input for parameter dfs.qjournal.new-epoch.timeout.ms with value 81
BPServiceActor.java:offerService:727 NOT found in base error set
BPServiceActor.java:retrieveNamespaceInfo:235 NOT found in base error set
JournalSet.java:mapJournalsAndReportErrors:390 NOT found in base error set
verify_result.sh parameter dfs.qjournal.new-epoch.timeout.ms with value 81 returns 1
not ok branch
the minimum value for parameter dfs.qjournal.new-epoch.timeout.ms is 82
