Found 5 items
-rw-r--r--   3 root supergroup 1073741824 2019-03-27 08:33 /myfile1
-rw-r--r--   3 root supergroup 1073741824 2019-03-27 08:33 /myfile2
-rw-r--r--   3 root supergroup 1073741824 2019-03-27 08:33 /myfile3
-rw-r--r--   3 root supergroup 1073741824 2019-03-27 08:33 /myfile4
-rw-r--r--   3 root supergroup 1073741824 2019-03-27 08:33 /myfile5
file 3 has been put into HDFS
file 3 has been read from HDFS for 1 time
diff succeed!
file 3 has been read from HDFS for 2 time
diff succeed!
file 3 has been read from HDFS for 3 time
diff succeed!
file 3 has been read from HDFS for 4 time
diff succeed!
file 3 has been read from HDFS for 5 time
diff succeed!
file 3 has been read from HDFS for 6 time
diff succeed!
file 3 has been read from HDFS for 7 time
diff succeed!
file 3 has been read from HDFS for 8 time
diff succeed!
file 3 has been read from HDFS for 9 time
diff succeed!
file 3 has been read from HDFS for 10 time
diff succeed!
Deleted /myfile3
file 3 has been removed from HDFS
Found 5 items
-rw-r--r--   3 root supergroup 1073741824 2019-03-27 08:35 /myfile1
-rw-r--r--   3 root supergroup 1073741824 2019-03-27 08:35 /myfile2
-rw-r--r--   3 root supergroup 1073741824 2019-03-27 08:35 /myfile3
-rw-r--r--   3 root supergroup 1073741824 2019-03-27 08:35 /myfile4
-rw-r--r--   3 root supergroup 1073741824 2019-03-27 08:35 /myfile5
file 3 has been put into HDFS
file 3 has been read from HDFS for 1 time
diff succeed!
file 3 has been read from HDFS for 2 time
diff succeed!
file 3 has been read from HDFS for 3 time
diff succeed!
file 3 has been read from HDFS for 4 time
diff succeed!
file 3 has been read from HDFS for 5 time
diff succeed!
file 3 has been read from HDFS for 6 time
diff succeed!
file 3 has been read from HDFS for 7 time
diff succeed!
file 3 has been read from HDFS for 8 time
diff succeed!
file 3 has been read from HDFS for 9 time
diff succeed!
file 3 has been read from HDFS for 10 time
diff succeed!
Deleted /myfile3
file 3 has been removed from HDFS
Found 5 items
-rw-r--r--   3 root supergroup 1073741824 2019-03-27 08:37 /myfile1
-rw-r--r--   3 root supergroup 1073741824 2019-03-27 08:37 /myfile2
-rw-r--r--   3 root supergroup 1073741824 2019-03-27 08:37 /myfile3
-rw-r--r--   3 root supergroup 1073741824 2019-03-27 08:37 /myfile4
-rw-r--r--   3 root supergroup 1073741824 2019-03-27 08:37 /myfile5
file 3 has been put into HDFS
file 3 has been read from HDFS for 1 time
diff succeed!
file 3 has been read from HDFS for 2 time
diff succeed!
file 3 has been read from HDFS for 3 time
diff succeed!
file 3 has been read from HDFS for 4 time
diff succeed!
file 3 has been read from HDFS for 5 time
diff succeed!
file 3 has been read from HDFS for 6 time
diff succeed!
file 3 has been read from HDFS for 7 time
diff succeed!
file 3 has been read from HDFS for 8 time
diff succeed!
2019-03-27 08:39:20,651 INFO  retry.RetryInvocationHandler RetryInvocationHandler.java:log:411 - org.apache.hadoop.ipc.RemoteException(org.apache.hadoop.ipc.StandbyException): Operation category READ is not supported in state standby. Visit https://s.apache.org/sbnn-error
	at org.apache.hadoop.hdfs.server.namenode.ha.StandbyState.checkOperation(StandbyState.java:88)
	at org.apache.hadoop.hdfs.server.namenode.NameNode$NameNodeHAContext.checkOperation(NameNode.java:1952)
	at org.apache.hadoop.hdfs.server.namenode.FSNamesystem.checkOperation(FSNamesystem.java:1423)
	at org.apache.hadoop.hdfs.server.namenode.FSNamesystem.getFileInfo(FSNamesystem.java:3085)
	at org.apache.hadoop.hdfs.server.namenode.NameNodeRpcServer.getFileInfo(NameNodeRpcServer.java:1154)
	at org.apache.hadoop.hdfs.protocolPB.ClientNamenodeProtocolServerSideTranslatorPB.getFileInfo(ClientNamenodeProtocolServerSideTranslatorPB.java:966)
	at org.apache.hadoop.hdfs.protocol.proto.ClientNamenodeProtocolProtos$ClientNamenodeProtocol$2.callBlockingMethod(ClientNamenodeProtocolProtos.java)
	at org.apache.hadoop.ipc.ProtobufRpcEngine$Server$ProtoBufRpcInvoker.call(ProtobufRpcEngine.java:523)
	at org.apache.hadoop.ipc.RPC$Server.call(RPC.java:991)
	at org.apache.hadoop.ipc.Server$RpcCall.run(Server.java:872)
	at org.apache.hadoop.ipc.Server$RpcCall.run(Server.java:818)
	at java.security.AccessController.doPrivileged(Native Method)
	at javax.security.auth.Subject.doAs(Subject.java:422)
	at org.apache.hadoop.security.UserGroupInformation.doAs(UserGroupInformation.java:1729)
	at org.apache.hadoop.ipc.Server$Handler.run(Server.java:2678)
, while invoking ClientNamenodeProtocolTranslatorPB.getFileInfo over node-1-link-0/10.10.1.4:8020 after 1 failover attempts. Trying to failover after sleeping for 1435ms.
2019-03-27 08:39:22,094 INFO  retry.RetryInvocationHandler RetryInvocationHandler.java:log:411 - java.net.ConnectException: Call From clnode055.clemson.cloudlab.us/130.127.133.64 to node-0-link-0:8020 failed on connection exception: java.net.ConnectException: Connection refused; For more details see:  http://wiki.apache.org/hadoop/ConnectionRefused, while invoking ClientNamenodeProtocolTranslatorPB.getFileInfo over node-0-link-0/10.10.1.1:8020 after 2 failover attempts. Trying to failover after sleeping for 1367ms.
file 3 has been read from HDFS for 9 time
diff succeed!
file 3 has been read from HDFS for 10 time
diff succeed!
2019-03-27 08:39:39,515 INFO  retry.RetryInvocationHandler RetryInvocationHandler.java:log:411 - org.apache.hadoop.ipc.RemoteException(org.apache.hadoop.ipc.RetriableException): org.apache.hadoop.hdfs.server.namenode.SafeModeException: Cannot delete /myfile3. Name node is in safe mode.
The reported blocks 40 has reached the threshold 0.9990 of total blocks 40. The number of live datanodes 4 has reached the minimum number 0. In safe mode extension. Safe mode will be turned off automatically in 11 seconds. NamenodeHostName:node-1-link-0
	at org.apache.hadoop.hdfs.server.namenode.FSNamesystem.checkNameNodeSafeMode(FSNamesystem.java:1441)
	at org.apache.hadoop.hdfs.server.namenode.FSNamesystem.delete(FSNamesystem.java:2986)
	at org.apache.hadoop.hdfs.server.namenode.NameNodeRpcServer.delete(NameNodeRpcServer.java:1095)
	at org.apache.hadoop.hdfs.protocolPB.ClientNamenodeProtocolServerSideTranslatorPB.delete(ClientNamenodeProtocolServerSideTranslatorPB.java:692)
	at org.apache.hadoop.hdfs.protocol.proto.ClientNamenodeProtocolProtos$ClientNamenodeProtocol$2.callBlockingMethod(ClientNamenodeProtocolProtos.java)
	at org.apache.hadoop.ipc.ProtobufRpcEngine$Server$ProtoBufRpcInvoker.call(ProtobufRpcEngine.java:523)
	at org.apache.hadoop.ipc.RPC$Server.call(RPC.java:991)
	at org.apache.hadoop.ipc.Server$RpcCall.run(Server.java:872)
	at org.apache.hadoop.ipc.Server$RpcCall.run(Server.java:818)
	at java.security.AccessController.doPrivileged(Native Method)
	at javax.security.auth.Subject.doAs(Subject.java:422)
	at org.apache.hadoop.security.UserGroupInformation.doAs(UserGroupInformation.java:1729)
	at org.apache.hadoop.ipc.Server$Handler.run(Server.java:2678)
Caused by: org.apache.hadoop.hdfs.server.namenode.SafeModeException: Cannot delete /myfile3. Name node is in safe mode.
The reported blocks 40 has reached the threshold 0.9990 of total blocks 40. The number of live datanodes 4 has reached the minimum number 0. In safe mode extension. Safe mode will be turned off automatically in 11 seconds. NamenodeHostName:node-1-link-0
	at org.apache.hadoop.hdfs.server.namenode.FSNamesystem.newSafemodeException(FSNamesystem.java:1450)
	at org.apache.hadoop.hdfs.server.namenode.FSNamesystem.checkNameNodeSafeMode(FSNamesystem.java:1437)
	... 12 more
, while invoking ClientNamenodeProtocolTranslatorPB.delete over node-1-link-0/10.10.1.4:8020. Retrying immediately.
2019-03-27 08:39:39,523 INFO  retry.RetryInvocationHandler RetryInvocationHandler.java:log:411 - org.apache.hadoop.ipc.RemoteException(org.apache.hadoop.ipc.RetriableException): org.apache.hadoop.hdfs.server.namenode.SafeModeException: Cannot delete /myfile3. Name node is in safe mode.
The reported blocks 40 has reached the threshold 0.9990 of total blocks 40. The number of live datanodes 4 has reached the minimum number 0. In safe mode extension. Safe mode will be turned off automatically in 11 seconds. NamenodeHostName:node-1-link-0
	at org.apache.hadoop.hdfs.server.namenode.FSNamesystem.checkNameNodeSafeMode(FSNamesystem.java:1441)
	at org.apache.hadoop.hdfs.server.namenode.FSNamesystem.delete(FSNamesystem.java:2986)
	at org.apache.hadoop.hdfs.server.namenode.NameNodeRpcServer.delete(NameNodeRpcServer.java:1095)
	at org.apache.hadoop.hdfs.protocolPB.ClientNamenodeProtocolServerSideTranslatorPB.delete(ClientNamenodeProtocolServerSideTranslatorPB.java:692)
	at org.apache.hadoop.hdfs.protocol.proto.ClientNamenodeProtocolProtos$ClientNamenodeProtocol$2.callBlockingMethod(ClientNamenodeProtocolProtos.java)
	at org.apache.hadoop.ipc.ProtobufRpcEngine$Server$ProtoBufRpcInvoker.call(ProtobufRpcEngine.java:523)
	at org.apache.hadoop.ipc.RPC$Server.call(RPC.java:991)
	at org.apache.hadoop.ipc.Server$RpcCall.run(Server.java:872)
	at org.apache.hadoop.ipc.Server$RpcCall.run(Server.java:818)
	at java.security.AccessController.doPrivileged(Native Method)
	at javax.security.auth.Subject.doAs(Subject.java:422)
	at org.apache.hadoop.security.UserGroupInformation.doAs(UserGroupInformation.java:1729)
	at org.apache.hadoop.ipc.Server$Handler.run(Server.java:2678)
Caused by: org.apache.hadoop.hdfs.server.namenode.SafeModeException: Cannot delete /myfile3. Name node is in safe mode.
The reported blocks 40 has reached the threshold 0.9990 of total blocks 40. The number of live datanodes 4 has reached the minimum number 0. In safe mode extension. Safe mode will be turned off automatically in 11 seconds. NamenodeHostName:node-1-link-0
	at org.apache.hadoop.hdfs.server.namenode.FSNamesystem.newSafemodeException(FSNamesystem.java:1450)
	at org.apache.hadoop.hdfs.server.namenode.FSNamesystem.checkNameNodeSafeMode(FSNamesystem.java:1437)
	... 12 more
, while invoking ClientNamenodeProtocolTranslatorPB.delete over node-1-link-0/10.10.1.4:8020. Retrying after sleeping for 864ms.
2019-03-27 08:39:40,390 INFO  retry.RetryInvocationHandler RetryInvocationHandler.java:log:411 - org.apache.hadoop.ipc.RemoteException(org.apache.hadoop.ipc.RetriableException): org.apache.hadoop.hdfs.server.namenode.SafeModeException: Cannot delete /myfile3. Name node is in safe mode.
The reported blocks 40 has reached the threshold 0.9990 of total blocks 40. The number of live datanodes 4 has reached the minimum number 0. In safe mode extension. Safe mode will be turned off automatically in 10 seconds. NamenodeHostName:node-1-link-0
	at org.apache.hadoop.hdfs.server.namenode.FSNamesystem.checkNameNodeSafeMode(FSNamesystem.java:1441)
	at org.apache.hadoop.hdfs.server.namenode.FSNamesystem.delete(FSNamesystem.java:2986)
	at org.apache.hadoop.hdfs.server.namenode.NameNodeRpcServer.delete(NameNodeRpcServer.java:1095)
	at org.apache.hadoop.hdfs.protocolPB.ClientNamenodeProtocolServerSideTranslatorPB.delete(ClientNamenodeProtocolServerSideTranslatorPB.java:692)
	at org.apache.hadoop.hdfs.protocol.proto.ClientNamenodeProtocolProtos$ClientNamenodeProtocol$2.callBlockingMethod(ClientNamenodeProtocolProtos.java)
	at org.apache.hadoop.ipc.ProtobufRpcEngine$Server$ProtoBufRpcInvoker.call(ProtobufRpcEngine.java:523)
	at org.apache.hadoop.ipc.RPC$Server.call(RPC.java:991)
	at org.apache.hadoop.ipc.Server$RpcCall.run(Server.java:872)
	at org.apache.hadoop.ipc.Server$RpcCall.run(Server.java:818)
	at java.security.AccessController.doPrivileged(Native Method)
	at javax.security.auth.Subject.doAs(Subject.java:422)
	at org.apache.hadoop.security.UserGroupInformation.doAs(UserGroupInformation.java:1729)
	at org.apache.hadoop.ipc.Server$Handler.run(Server.java:2678)
Caused by: org.apache.hadoop.hdfs.server.namenode.SafeModeException: Cannot delete /myfile3. Name node is in safe mode.
The reported blocks 40 has reached the threshold 0.9990 of total blocks 40. The number of live datanodes 4 has reached the minimum number 0. In safe mode extension. Safe mode will be turned off automatically in 10 seconds. NamenodeHostName:node-1-link-0
	at org.apache.hadoop.hdfs.server.namenode.FSNamesystem.newSafemodeException(FSNamesystem.java:1450)
	at org.apache.hadoop.hdfs.server.namenode.FSNamesystem.checkNameNodeSafeMode(FSNamesystem.java:1437)
	... 12 more
, while invoking ClientNamenodeProtocolTranslatorPB.delete over node-1-link-0/10.10.1.4:8020. Retrying after sleeping for 2051ms.
2019-03-27 08:39:42,444 INFO  retry.RetryInvocationHandler RetryInvocationHandler.java:log:411 - org.apache.hadoop.ipc.RemoteException(org.apache.hadoop.ipc.RetriableException): org.apache.hadoop.hdfs.server.namenode.SafeModeException: Cannot delete /myfile3. Name node is in safe mode.
The reported blocks 40 has reached the threshold 0.9990 of total blocks 40. The number of live datanodes 4 has reached the minimum number 0. In safe mode extension. Safe mode will be turned off automatically in 8 seconds. NamenodeHostName:node-1-link-0
	at org.apache.hadoop.hdfs.server.namenode.FSNamesystem.checkNameNodeSafeMode(FSNamesystem.java:1441)
	at org.apache.hadoop.hdfs.server.namenode.FSNamesystem.delete(FSNamesystem.java:2986)
	at org.apache.hadoop.hdfs.server.namenode.NameNodeRpcServer.delete(NameNodeRpcServer.java:1095)
	at org.apache.hadoop.hdfs.protocolPB.ClientNamenodeProtocolServerSideTranslatorPB.delete(ClientNamenodeProtocolServerSideTranslatorPB.java:692)
	at org.apache.hadoop.hdfs.protocol.proto.ClientNamenodeProtocolProtos$ClientNamenodeProtocol$2.callBlockingMethod(ClientNamenodeProtocolProtos.java)
	at org.apache.hadoop.ipc.ProtobufRpcEngine$Server$ProtoBufRpcInvoker.call(ProtobufRpcEngine.java:523)
	at org.apache.hadoop.ipc.RPC$Server.call(RPC.java:991)
	at org.apache.hadoop.ipc.Server$RpcCall.run(Server.java:872)
	at org.apache.hadoop.ipc.Server$RpcCall.run(Server.java:818)
	at java.security.AccessController.doPrivileged(Native Method)
	at javax.security.auth.Subject.doAs(Subject.java:422)
	at org.apache.hadoop.security.UserGroupInformation.doAs(UserGroupInformation.java:1729)
	at org.apache.hadoop.ipc.Server$Handler.run(Server.java:2678)
Caused by: org.apache.hadoop.hdfs.server.namenode.SafeModeException: Cannot delete /myfile3. Name node is in safe mode.
The reported blocks 40 has reached the threshold 0.9990 of total blocks 40. The number of live datanodes 4 has reached the minimum number 0. In safe mode extension. Safe mode will be turned off automatically in 8 seconds. NamenodeHostName:node-1-link-0
	at org.apache.hadoop.hdfs.server.namenode.FSNamesystem.newSafemodeException(FSNamesystem.java:1450)
	at org.apache.hadoop.hdfs.server.namenode.FSNamesystem.checkNameNodeSafeMode(FSNamesystem.java:1437)
	... 12 more
, while invoking ClientNamenodeProtocolTranslatorPB.delete over node-1-link-0/10.10.1.4:8020. Retrying after sleeping for 3277ms.
2019-03-27 08:39:45,724 INFO  retry.RetryInvocationHandler RetryInvocationHandler.java:log:411 - org.apache.hadoop.ipc.RemoteException(org.apache.hadoop.ipc.RetriableException): org.apache.hadoop.hdfs.server.namenode.SafeModeException: Cannot delete /myfile3. Name node is in safe mode.
The reported blocks 40 has reached the threshold 0.9990 of total blocks 40. The number of live datanodes 4 has reached the minimum number 0. In safe mode extension. Safe mode will be turned off automatically in 5 seconds. NamenodeHostName:node-1-link-0
	at org.apache.hadoop.hdfs.server.namenode.FSNamesystem.checkNameNodeSafeMode(FSNamesystem.java:1441)
	at org.apache.hadoop.hdfs.server.namenode.FSNamesystem.delete(FSNamesystem.java:2986)
	at org.apache.hadoop.hdfs.server.namenode.NameNodeRpcServer.delete(NameNodeRpcServer.java:1095)
	at org.apache.hadoop.hdfs.protocolPB.ClientNamenodeProtocolServerSideTranslatorPB.delete(ClientNamenodeProtocolServerSideTranslatorPB.java:692)
	at org.apache.hadoop.hdfs.protocol.proto.ClientNamenodeProtocolProtos$ClientNamenodeProtocol$2.callBlockingMethod(ClientNamenodeProtocolProtos.java)
	at org.apache.hadoop.ipc.ProtobufRpcEngine$Server$ProtoBufRpcInvoker.call(ProtobufRpcEngine.java:523)
	at org.apache.hadoop.ipc.RPC$Server.call(RPC.java:991)
	at org.apache.hadoop.ipc.Server$RpcCall.run(Server.java:872)
	at org.apache.hadoop.ipc.Server$RpcCall.run(Server.java:818)
	at java.security.AccessController.doPrivileged(Native Method)
	at javax.security.auth.Subject.doAs(Subject.java:422)
	at org.apache.hadoop.security.UserGroupInformation.doAs(UserGroupInformation.java:1729)
	at org.apache.hadoop.ipc.Server$Handler.run(Server.java:2678)
Caused by: org.apache.hadoop.hdfs.server.namenode.SafeModeException: Cannot delete /myfile3. Name node is in safe mode.
The reported blocks 40 has reached the threshold 0.9990 of total blocks 40. The number of live datanodes 4 has reached the minimum number 0. In safe mode extension. Safe mode will be turned off automatically in 5 seconds. NamenodeHostName:node-1-link-0
	at org.apache.hadoop.hdfs.server.namenode.FSNamesystem.newSafemodeException(FSNamesystem.java:1450)
	at org.apache.hadoop.hdfs.server.namenode.FSNamesystem.checkNameNodeSafeMode(FSNamesystem.java:1437)
	... 12 more
, while invoking ClientNamenodeProtocolTranslatorPB.delete over node-1-link-0/10.10.1.4:8020. Retrying after sleeping for 9318ms.
Deleted /myfile3
file 3 has been removed from HDFS
Found 5 items
-rw-r--r--   3 root supergroup 1073741824 2019-03-27 08:39 /myfile1
-rw-r--r--   3 root supergroup 1073741824 2019-03-27 08:39 /myfile2
-rw-r--r--   3 root supergroup 1073741824 2019-03-27 08:39 /myfile3
-rw-r--r--   3 root supergroup 1073741824 2019-03-27 08:39 /myfile4
-rw-r--r--   3 root supergroup 1073741824 2019-03-27 08:39 /myfile5
file 3 has been put into HDFS
file 3 has been read from HDFS for 1 time
diff succeed!
file 3 has been read from HDFS for 2 time
diff succeed!
file 3 has been read from HDFS for 3 time
diff succeed!
file 3 has been read from HDFS for 4 time
diff succeed!
file 3 has been read from HDFS for 5 time
diff succeed!
file 3 has been read from HDFS for 6 time
diff succeed!
file 3 has been read from HDFS for 7 time
diff succeed!
file 3 has been read from HDFS for 8 time
diff succeed!
file 3 has been read from HDFS for 9 time
diff succeed!
file 3 has been read from HDFS for 10 time
diff succeed!
Deleted /myfile3
file 3 has been removed from HDFS
Found 5 items
-rw-r--r--   3 root supergroup 1073741824 2019-03-27 08:40 /myfile1
-rw-r--r--   3 root supergroup 1073741824 2019-03-27 08:41 /myfile2
-rw-r--r--   3 root supergroup 1073741824 2019-03-27 08:41 /myfile3
-rw-r--r--   3 root supergroup 1073741824 2019-03-27 08:40 /myfile4
-rw-r--r--   3 root supergroup 1073741824 2019-03-27 08:41 /myfile5
file 3 has been put into HDFS
file 3 has been read from HDFS for 1 time
diff succeed!
file 3 has been read from HDFS for 2 time
diff succeed!
file 3 has been read from HDFS for 3 time
diff succeed!
file 3 has been read from HDFS for 4 time
diff succeed!
file 3 has been read from HDFS for 5 time
diff succeed!
file 3 has been read from HDFS for 6 time
diff succeed!
file 3 has been read from HDFS for 7 time
diff succeed!
file 3 has been read from HDFS for 8 time
diff succeed!
file 3 has been read from HDFS for 9 time
diff succeed!
file 3 has been read from HDFS for 10 time
diff succeed!
Deleted /myfile3
file 3 has been removed from HDFS
Found 5 items
-rw-r--r--   3 root supergroup 1073741824 2019-03-27 08:42 /myfile1
-rw-r--r--   3 root supergroup 1073741824 2019-03-27 08:43 /myfile2
-rw-r--r--   3 root supergroup 1073741824 2019-03-27 08:43 /myfile3
-rw-r--r--   3 root supergroup 1073741824 2019-03-27 08:42 /myfile4
-rw-r--r--   3 root supergroup 1073741824 2019-03-27 08:42 /myfile5
file 3 has been put into HDFS
file 3 has been read from HDFS for 1 time
diff succeed!
file 3 has been read from HDFS for 2 time
diff succeed!
file 3 has been read from HDFS for 3 time
diff succeed!
file 3 has been read from HDFS for 4 time
diff succeed!
file 3 has been read from HDFS for 5 time
diff succeed!
file 3 has been read from HDFS for 6 time
diff succeed!
file 3 has been read from HDFS for 7 time
diff succeed!
file 3 has been read from HDFS for 8 time
diff succeed!
file 3 has been read from HDFS for 9 time
diff succeed!
file 3 has been read from HDFS for 10 time
diff succeed!
Deleted /myfile3
file 3 has been removed from HDFS
Found 5 items
-rw-r--r--   3 root supergroup 1073741824 2019-03-27 08:44 /myfile1
-rw-r--r--   3 root supergroup 1073741824 2019-03-27 08:45 /myfile2
-rw-r--r--   3 root supergroup 1073741824 2019-03-27 08:45 /myfile3
-rw-r--r--   3 root supergroup 1073741824 2019-03-27 08:44 /myfile4
-rw-r--r--   3 root supergroup 1073741824 2019-03-27 08:45 /myfile5
file 3 has been put into HDFS
file 3 has been read from HDFS for 1 time
diff succeed!
file 3 has been read from HDFS for 2 time
diff succeed!
file 3 has been read from HDFS for 3 time
diff succeed!
file 3 has been read from HDFS for 4 time
diff succeed!
file 3 has been read from HDFS for 5 time
diff succeed!
file 3 has been read from HDFS for 6 time
diff succeed!
file 3 has been read from HDFS for 7 time
diff succeed!
file 3 has been read from HDFS for 8 time
diff succeed!
file 3 has been read from HDFS for 9 time
diff succeed!
file 3 has been read from HDFS for 10 time
diff succeed!
Deleted /myfile3
file 3 has been removed from HDFS
Found 5 items
-rw-r--r--   3 root supergroup 1073741824 2019-03-27 08:46 /myfile1
-rw-r--r--   3 root supergroup 1073741824 2019-03-27 08:47 /myfile2
-rw-r--r--   3 root supergroup 1073741824 2019-03-27 08:47 /myfile3
-rw-r--r--   3 root supergroup 1073741824 2019-03-27 08:46 /myfile4
-rw-r--r--   3 root supergroup 1073741824 2019-03-27 08:47 /myfile5
file 3 has been put into HDFS
file 3 has been read from HDFS for 1 time
diff succeed!
file 3 has been read from HDFS for 2 time
diff succeed!
file 3 has been read from HDFS for 3 time
diff succeed!
file 3 has been read from HDFS for 4 time
diff succeed!
file 3 has been read from HDFS for 5 time
diff succeed!
file 3 has been read from HDFS for 6 time
diff succeed!
file 3 has been read from HDFS for 7 time
diff succeed!
file 3 has been read from HDFS for 8 time
diff succeed!
file 3 has been read from HDFS for 9 time
diff succeed!
file 3 has been read from HDFS for 10 time
diff succeed!
Deleted /myfile3
file 3 has been removed from HDFS
Found 5 items
-rw-r--r--   3 root supergroup  134217728 2019-03-27 08:49 /myfile1._COPYING_
-rw-r--r--   3 root supergroup 1073741824 2019-03-27 08:49 /myfile2
-rw-r--r--   3 root supergroup 1073741824 2019-03-27 08:49 /myfile3
-rw-r--r--   3 root supergroup 1073741824 2019-03-27 08:49 /myfile4
-rw-r--r--   3 root supergroup 1073741824 2019-03-27 08:49 /myfile5
file 3 has been put into HDFS
file 3 has been read from HDFS for 1 time
diff succeed!
