Found 5 items
-rw-r--r--   3 root supergroup 1073741824 2019-03-21 07:50 /myfile1
-rw-r--r--   3 root supergroup 1073741824 2019-03-21 07:50 /myfile2
-rw-r--r--   3 root supergroup 1073741824 2019-03-21 07:50 /myfile3
-rw-r--r--   3 root supergroup 1073741824 2019-03-21 07:50 /myfile4
-rw-r--r--   3 root supergroup 1073741824 2019-03-21 07:50 /myfile5
file 5 has been put into HDFS
file 5 has been read from HDFS for 1 time
diff succeed!
file 5 has been read from HDFS for 2 time
diff succeed!
file 5 has been read from HDFS for 3 time
diff succeed!
file 5 has been read from HDFS for 4 time
diff succeed!
file 5 has been read from HDFS for 5 time
diff succeed!
file 5 has been read from HDFS for 6 time
diff succeed!
file 5 has been read from HDFS for 7 time
diff succeed!
file 5 has been read from HDFS for 8 time
diff succeed!
file 5 has been read from HDFS for 9 time
diff succeed!
file 5 has been read from HDFS for 10 time
diff succeed!
Deleted /myfile5
file 5 has been removed from HDFS
Found 5 items
-rw-r--r--   3 root supergroup 1073741824 2019-03-21 07:51 /myfile1
-rw-r--r--   3 root supergroup  939524096 2019-03-21 07:52 /myfile2._COPYING_
-rw-r--r--   3 root supergroup 1073741824 2019-03-21 07:50 /myfile3
-rw-r--r--   3 root supergroup 1073741824 2019-03-21 07:51 /myfile4
-rw-r--r--   3 root supergroup 1073741824 2019-03-21 07:52 /myfile5
file 5 has been put into HDFS
file 5 has been read from HDFS for 1 time
diff succeed!
file 5 has been read from HDFS for 2 time
diff succeed!
file 5 has been read from HDFS for 3 time
diff succeed!
file 5 has been read from HDFS for 4 time
diff succeed!
file 5 has been read from HDFS for 5 time
diff succeed!
file 5 has been read from HDFS for 6 time
diff succeed!
file 5 has been read from HDFS for 7 time
diff succeed!
file 5 has been read from HDFS for 8 time
diff succeed!
file 5 has been read from HDFS for 9 time
diff succeed!
file 5 has been read from HDFS for 10 time
diff succeed!
Deleted /myfile5
file 5 has been removed from HDFS
Found 5 items
-rw-r--r--   3 root supergroup 1073741824 2019-03-21 07:53 /myfile1
-rw-r--r--   3 root supergroup 1073741824 2019-03-21 07:53 /myfile2
-rw-r--r--   3 root supergroup 1073741824 2019-03-21 07:52 /myfile3
-rw-r--r--   3 root supergroup 1073741824 2019-03-21 07:53 /myfile4
-rw-r--r--   3 root supergroup 1073741824 2019-03-21 07:53 /myfile5
file 5 has been put into HDFS
file 5 has been read from HDFS for 1 time
diff succeed!
file 5 has been read from HDFS for 2 time
diff succeed!
file 5 has been read from HDFS for 3 time
diff succeed!
file 5 has been read from HDFS for 4 time
diff succeed!
file 5 has been read from HDFS for 5 time
diff succeed!
file 5 has been read from HDFS for 6 time
diff succeed!
file 5 has been read from HDFS for 7 time
diff succeed!
file 5 has been read from HDFS for 8 time
diff succeed!
file 5 has been read from HDFS for 9 time
diff succeed!
file 5 has been read from HDFS for 10 time
diff succeed!
Deleted /myfile5
file 5 has been removed from HDFS
2019-03-21 07:55:10,034 INFO  retry.RetryInvocationHandler RetryInvocationHandler.java:log:411 - java.io.IOException: DestHost:destPort node-1-link-0:8020 , LocalHost:localPort clnode087.clemson.cloudlab.us/130.127.133.96:0. Failed on local exception: java.io.IOException: Connection reset by peer, while invoking ClientNamenodeProtocolTranslatorPB.addBlock over node-1-link-0/10.10.1.4:8020. Trying to failover immediately.
2019-03-21 07:55:10,043 INFO  retry.RetryInvocationHandler RetryInvocationHandler.java:log:411 - org.apache.hadoop.ipc.RemoteException(org.apache.hadoop.ipc.StandbyException): Operation category READ is not supported in state standby. Visit https://s.apache.org/sbnn-error
	at org.apache.hadoop.hdfs.server.namenode.ha.StandbyState.checkOperation(StandbyState.java:88)
	at org.apache.hadoop.hdfs.server.namenode.NameNode$NameNodeHAContext.checkOperation(NameNode.java:1952)
	at org.apache.hadoop.hdfs.server.namenode.FSNamesystem.checkOperation(FSNamesystem.java:1423)
	at org.apache.hadoop.hdfs.server.namenode.FSNamesystem.getAdditionalBlock(FSNamesystem.java:2674)
	at org.apache.hadoop.hdfs.server.namenode.NameNodeRpcServer.addBlock(NameNodeRpcServer.java:875)
	at org.apache.hadoop.hdfs.protocolPB.ClientNamenodeProtocolServerSideTranslatorPB.addBlock(ClientNamenodeProtocolServerSideTranslatorPB.java:561)
	at org.apache.hadoop.hdfs.protocol.proto.ClientNamenodeProtocolProtos$ClientNamenodeProtocol$2.callBlockingMethod(ClientNamenodeProtocolProtos.java)
	at org.apache.hadoop.ipc.ProtobufRpcEngine$Server$ProtoBufRpcInvoker.call(ProtobufRpcEngine.java:523)
	at org.apache.hadoop.ipc.RPC$Server.call(RPC.java:991)
	at org.apache.hadoop.ipc.Server$RpcCall.run(Server.java:872)
	at org.apache.hadoop.ipc.Server$RpcCall.run(Server.java:818)
	at java.security.AccessController.doPrivileged(Native Method)
	at javax.security.auth.Subject.doAs(Subject.java:422)
	at org.apache.hadoop.security.UserGroupInformation.doAs(UserGroupInformation.java:1729)
	at org.apache.hadoop.ipc.Server$Handler.run(Server.java:2678)
, while invoking ClientNamenodeProtocolTranslatorPB.addBlock over node-0-link-0/10.10.1.1:8020 after 1 failover attempts. Trying to failover after sleeping for 660ms.
2019-03-21 07:55:10,709 INFO  retry.RetryInvocationHandler RetryInvocationHandler.java:log:411 - java.net.ConnectException: Call From clnode087.clemson.cloudlab.us/130.127.133.96 to node-1-link-0:8020 failed on connection exception: java.net.ConnectException: Connection refused; For more details see:  http://wiki.apache.org/hadoop/ConnectionRefused, while invoking ClientNamenodeProtocolTranslatorPB.addBlock over node-1-link-0/10.10.1.4:8020 after 2 failover attempts. Trying to failover after sleeping for 1650ms.
Found 5 items
-rw-r--r--   3 root supergroup  402653184 2019-03-21 07:55 /myfile1._COPYING_
-rw-r--r--   3 root supergroup 1073741824 2019-03-21 07:55 /myfile2
-rw-r--r--   3 root supergroup 1073741824 2019-03-21 07:54 /myfile3
-rw-r--r--   3 root supergroup 1073741824 2019-03-21 07:54 /myfile4
-rw-r--r--   3 root supergroup 1073741824 2019-03-21 07:55 /myfile5
file 5 has been put into HDFS
file 5 has been read from HDFS for 1 time
diff succeed!
file 5 has been read from HDFS for 2 time
diff succeed!
2019-03-21 07:55:46,625 INFO  retry.RetryInvocationHandler RetryInvocationHandler.java:log:411 - org.apache.hadoop.ipc.RemoteException(org.apache.hadoop.ipc.StandbyException): Operation category READ is not supported in state standby. Visit https://s.apache.org/sbnn-error
	at org.apache.hadoop.hdfs.server.namenode.ha.StandbyState.checkOperation(StandbyState.java:88)
	at org.apache.hadoop.hdfs.server.namenode.NameNode$NameNodeHAContext.checkOperation(NameNode.java:1952)
	at org.apache.hadoop.hdfs.server.namenode.FSNamesystem.checkOperation(FSNamesystem.java:1423)
	at org.apache.hadoop.hdfs.server.namenode.FSNamesystem.getFileInfo(FSNamesystem.java:3085)
	at org.apache.hadoop.hdfs.server.namenode.NameNodeRpcServer.getFileInfo(NameNodeRpcServer.java:1154)
	at org.apache.hadoop.hdfs.protocolPB.ClientNamenodeProtocolServerSideTranslatorPB.getFileInfo(ClientNamenodeProtocolServerSideTranslatorPB.java:966)
	at org.apache.hadoop.hdfs.protocol.proto.ClientNamenodeProtocolProtos$ClientNamenodeProtocol$2.callBlockingMethod(ClientNamenodeProtocolProtos.java)
	at org.apache.hadoop.ipc.ProtobufRpcEngine$Server$ProtoBufRpcInvoker.call(ProtobufRpcEngine.java:523)
	at org.apache.hadoop.ipc.RPC$Server.call(RPC.java:991)
	at org.apache.hadoop.ipc.Server$RpcCall.run(Server.java:872)
	at org.apache.hadoop.ipc.Server$RpcCall.run(Server.java:818)
	at java.security.AccessController.doPrivileged(Native Method)
	at javax.security.auth.Subject.doAs(Subject.java:422)
	at org.apache.hadoop.security.UserGroupInformation.doAs(UserGroupInformation.java:1729)
	at org.apache.hadoop.ipc.Server$Handler.run(Server.java:2678)
, while invoking ClientNamenodeProtocolTranslatorPB.getFileInfo over node-1-link-0/10.10.1.4:8020 after 1 failover attempts. Trying to failover after sleeping for 1490ms.
2019-03-21 07:55:48,124 INFO  retry.RetryInvocationHandler RetryInvocationHandler.java:log:411 - java.net.ConnectException: Call From clnode087.clemson.cloudlab.us/130.127.133.96 to node-0-link-0:8020 failed on connection exception: java.net.ConnectException: Connection refused; For more details see:  http://wiki.apache.org/hadoop/ConnectionRefused, while invoking ClientNamenodeProtocolTranslatorPB.getFileInfo over node-0-link-0/10.10.1.1:8020 after 2 failover attempts. Trying to failover after sleeping for 1973ms.
file 5 has been read from HDFS for 3 time
diff succeed!
file 5 has been read from HDFS for 4 time
diff succeed!
file 5 has been read from HDFS for 5 time
diff succeed!
file 5 has been read from HDFS for 6 time
diff succeed!
file 5 has been read from HDFS for 7 time
diff succeed!
file 5 has been read from HDFS for 8 time
diff succeed!
file 5 has been read from HDFS for 9 time
diff succeed!
file 5 has been read from HDFS for 10 time
diff succeed!
Deleted /myfile5
file 5 has been removed from HDFS
Found 5 items
-rw-r--r--   3 root supergroup  939524096 2019-03-21 07:57 /myfile1._COPYING_
-rw-r--r--   3 root supergroup 1073741824 2019-03-21 07:57 /myfile2
-rw-r--r--   3 root supergroup 1073741824 2019-03-21 07:56 /myfile3
-rw-r--r--   3 root supergroup 1073741824 2019-03-21 07:56 /myfile4
-rw-r--r--   3 root supergroup 1073741824 2019-03-21 07:57 /myfile5
file 5 has been put into HDFS
file 5 has been read from HDFS for 1 time
diff succeed!
file 5 has been read from HDFS for 2 time
diff succeed!
file 5 has been read from HDFS for 3 time
diff succeed!
file 5 has been read from HDFS for 4 time
diff succeed!
file 5 has been read from HDFS for 5 time
diff succeed!
file 5 has been read from HDFS for 6 time
diff succeed!
file 5 has been read from HDFS for 7 time
diff succeed!
file 5 has been read from HDFS for 8 time
diff succeed!
file 5 has been read from HDFS for 9 time
diff succeed!
file 5 has been read from HDFS for 10 time
diff succeed!
Deleted /myfile5
file 5 has been removed from HDFS
Found 5 items
-rw-r--r--   3 root supergroup 1073741824 2019-03-21 07:59 /myfile1
-rw-r--r--   3 root supergroup 1073741824 2019-03-21 07:59 /myfile2
-rw-r--r--   3 root supergroup 1073741824 2019-03-21 07:58 /myfile3
-rw-r--r--   3 root supergroup 1073741824 2019-03-21 07:58 /myfile4
-rw-r--r--   3 root supergroup 1073741824 2019-03-21 07:59 /myfile5
file 5 has been put into HDFS
file 5 has been read from HDFS for 1 time
diff succeed!
file 5 has been read from HDFS for 2 time
diff succeed!
file 5 has been read from HDFS for 3 time
diff succeed!
file 5 has been read from HDFS for 4 time
diff succeed!
file 5 has been read from HDFS for 5 time
diff succeed!
file 5 has been read from HDFS for 6 time
diff succeed!
file 5 has been read from HDFS for 7 time
diff succeed!
file 5 has been read from HDFS for 8 time
diff succeed!
file 5 has been read from HDFS for 9 time
diff succeed!
file 5 has been read from HDFS for 10 time
diff succeed!
Deleted /myfile5
file 5 has been removed from HDFS
Found 5 items
-rw-r--r--   3 root supergroup 1073741824 2019-03-21 08:00 /myfile1
-rw-r--r--   3 root supergroup 1073741824 2019-03-21 08:00 /myfile2
-rw-r--r--   3 root supergroup 1073741824 2019-03-21 07:59 /myfile3
-rw-r--r--   3 root supergroup 1073741824 2019-03-21 08:00 /myfile4
-rw-r--r--   3 root supergroup 1073741824 2019-03-21 08:00 /myfile5
file 5 has been put into HDFS
file 5 has been read from HDFS for 1 time
diff succeed!
2019-03-21 08:01:01,578 INFO  retry.RetryInvocationHandler RetryInvocationHandler.java:log:411 - java.net.ConnectException: Call From clnode087.clemson.cloudlab.us/130.127.133.96 to node-1-link-0:8020 failed on connection exception: java.net.ConnectException: Connection refused; For more details see:  http://wiki.apache.org/hadoop/ConnectionRefused, while invoking ClientNamenodeProtocolTranslatorPB.getFileInfo over node-1-link-0/10.10.1.4:8020 after 1 failover attempts. Trying to failover after sleeping for 737ms.
2019-03-21 08:01:02,323 INFO  retry.RetryInvocationHandler RetryInvocationHandler.java:log:411 - org.apache.hadoop.ipc.RemoteException(org.apache.hadoop.ipc.StandbyException): Operation category READ is not supported in state standby. Visit https://s.apache.org/sbnn-error
	at org.apache.hadoop.hdfs.server.namenode.ha.StandbyState.checkOperation(StandbyState.java:88)
	at org.apache.hadoop.hdfs.server.namenode.NameNode$NameNodeHAContext.checkOperation(NameNode.java:1952)
	at org.apache.hadoop.hdfs.server.namenode.FSNamesystem.checkOperation(FSNamesystem.java:1423)
	at org.apache.hadoop.hdfs.server.namenode.FSNamesystem.getFileInfo(FSNamesystem.java:3085)
	at org.apache.hadoop.hdfs.server.namenode.NameNodeRpcServer.getFileInfo(NameNodeRpcServer.java:1154)
	at org.apache.hadoop.hdfs.protocolPB.ClientNamenodeProtocolServerSideTranslatorPB.getFileInfo(ClientNamenodeProtocolServerSideTranslatorPB.java:966)
	at org.apache.hadoop.hdfs.protocol.proto.ClientNamenodeProtocolProtos$ClientNamenodeProtocol$2.callBlockingMethod(ClientNamenodeProtocolProtos.java)
	at org.apache.hadoop.ipc.ProtobufRpcEngine$Server$ProtoBufRpcInvoker.call(ProtobufRpcEngine.java:523)
	at org.apache.hadoop.ipc.RPC$Server.call(RPC.java:991)
	at org.apache.hadoop.ipc.Server$RpcCall.run(Server.java:872)
	at org.apache.hadoop.ipc.Server$RpcCall.run(Server.java:818)
	at java.security.AccessController.doPrivileged(Native Method)
	at javax.security.auth.Subject.doAs(Subject.java:422)
	at org.apache.hadoop.security.UserGroupInformation.doAs(UserGroupInformation.java:1729)
	at org.apache.hadoop.ipc.Server$Handler.run(Server.java:2678)
, while invoking ClientNamenodeProtocolTranslatorPB.getFileInfo over node-0-link-0/10.10.1.1:8020 after 2 failover attempts. Trying to failover after sleeping for 2048ms.
2019-03-21 08:01:04,374 INFO  retry.RetryInvocationHandler RetryInvocationHandler.java:log:411 - java.net.ConnectException: Call From clnode087.clemson.cloudlab.us/130.127.133.96 to node-1-link-0:8020 failed on connection exception: java.net.ConnectException: Connection refused; For more details see:  http://wiki.apache.org/hadoop/ConnectionRefused, while invoking ClientNamenodeProtocolTranslatorPB.getFileInfo over node-1-link-0/10.10.1.4:8020 after 3 failover attempts. Trying to failover after sleeping for 2854ms.
file 5 has been read from HDFS for 2 time
diff succeed!
file 5 has been read from HDFS for 3 time
diff succeed!
file 5 has been read from HDFS for 4 time
diff succeed!
file 5 has been read from HDFS for 5 time
diff succeed!
file 5 has been read from HDFS for 6 time
diff succeed!
file 5 has been read from HDFS for 7 time
diff succeed!
file 5 has been read from HDFS for 8 time
diff succeed!
file 5 has been read from HDFS for 9 time
diff succeed!
file 5 has been read from HDFS for 10 time
diff succeed!
Deleted /myfile5
file 5 has been removed from HDFS
Found 3 items
-rw-r--r--   3 root supergroup 1073741824 2019-03-21 08:03 /myfile1
-rw-r--r--   3 root supergroup 1073741824 2019-03-21 08:02 /myfile2
-rw-r--r--   3 root supergroup 1073741824 2019-03-21 08:03 /myfile5
file 5 has been put into HDFS
file 5 has been read from HDFS for 1 time
diff succeed!
file 5 has been read from HDFS for 2 time
diff succeed!
file 5 has been read from HDFS for 3 time
diff succeed!
file 5 has been read from HDFS for 4 time
diff succeed!
file 5 has been read from HDFS for 5 time
diff succeed!
file 5 has been read from HDFS for 6 time
diff succeed!
file 5 has been read from HDFS for 7 time
diff succeed!
file 5 has been read from HDFS for 8 time
diff succeed!
file 5 has been read from HDFS for 9 time
diff succeed!
file 5 has been read from HDFS for 10 time
diff succeed!
Deleted /myfile5
file 5 has been removed from HDFS
Found 5 items
-rw-r--r--   3 root supergroup 1073741824 2019-03-21 08:04 /myfile1
-rw-r--r--   3 root supergroup 1073741824 2019-03-21 08:04 /myfile2
-rw-r--r--   3 root supergroup 1073741824 2019-03-21 08:03 /myfile3
-rw-r--r--   3 root supergroup 1073741824 2019-03-21 08:03 /myfile4
-rw-r--r--   3 root supergroup 1073741824 2019-03-21 08:04 /myfile5
file 5 has been put into HDFS
file 5 has been read from HDFS for 1 time
diff succeed!
file 5 has been read from HDFS for 2 time
diff succeed!
file 5 has been read from HDFS for 3 time
diff succeed!
file 5 has been read from HDFS for 4 time
diff succeed!
file 5 has been read from HDFS for 5 time
diff succeed!
file 5 has been read from HDFS for 6 time
diff succeed!
file 5 has been read from HDFS for 7 time
diff succeed!
file 5 has been read from HDFS for 8 time
diff succeed!
file 5 has been read from HDFS for 9 time
diff succeed!
file 5 has been read from HDFS for 10 time
diff succeed!
Deleted /myfile5
file 5 has been removed from HDFS
Found 5 items
-rw-r--r--   3 root supergroup 1073741824 2019-03-21 08:06 /myfile1
-rw-r--r--   3 root supergroup 1073741824 2019-03-21 08:06 /myfile2
-rw-r--r--   3 root supergroup 1073741824 2019-03-21 08:05 /myfile3
-rw-r--r--   3 root supergroup 1073741824 2019-03-21 08:05 /myfile4
-rw-r--r--   3 root supergroup 1073741824 2019-03-21 08:06 /myfile5
file 5 has been put into HDFS
file 5 has been read from HDFS for 1 time
diff succeed!
file 5 has been read from HDFS for 2 time
diff succeed!
file 5 has been read from HDFS for 3 time
diff succeed!
file 5 has been read from HDFS for 4 time
diff succeed!
file 5 has been read from HDFS for 5 time
diff succeed!
file 5 has been read from HDFS for 6 time
diff succeed!
file 5 has been read from HDFS for 7 time
diff succeed!
2019-03-21 08:07:34,763 INFO  retry.RetryInvocationHandler RetryInvocationHandler.java:log:411 - org.apache.hadoop.ipc.RemoteException(org.apache.hadoop.ipc.StandbyException): Operation category READ is not supported in state standby. Visit https://s.apache.org/sbnn-error
	at org.apache.hadoop.hdfs.server.namenode.ha.StandbyState.checkOperation(StandbyState.java:88)
	at org.apache.hadoop.hdfs.server.namenode.NameNode$NameNodeHAContext.checkOperation(NameNode.java:1952)
	at org.apache.hadoop.hdfs.server.namenode.FSNamesystem.checkOperation(FSNamesystem.java:1423)
	at org.apache.hadoop.hdfs.server.namenode.FSNamesystem.getFileInfo(FSNamesystem.java:3085)
	at org.apache.hadoop.hdfs.server.namenode.NameNodeRpcServer.getFileInfo(NameNodeRpcServer.java:1154)
	at org.apache.hadoop.hdfs.protocolPB.ClientNamenodeProtocolServerSideTranslatorPB.getFileInfo(ClientNamenodeProtocolServerSideTranslatorPB.java:966)
	at org.apache.hadoop.hdfs.protocol.proto.ClientNamenodeProtocolProtos$ClientNamenodeProtocol$2.callBlockingMethod(ClientNamenodeProtocolProtos.java)
	at org.apache.hadoop.ipc.ProtobufRpcEngine$Server$ProtoBufRpcInvoker.call(ProtobufRpcEngine.java:523)
	at org.apache.hadoop.ipc.RPC$Server.call(RPC.java:991)
	at org.apache.hadoop.ipc.Server$RpcCall.run(Server.java:872)
	at org.apache.hadoop.ipc.Server$RpcCall.run(Server.java:818)
	at java.security.AccessController.doPrivileged(Native Method)
	at javax.security.auth.Subject.doAs(Subject.java:422)
	at org.apache.hadoop.security.UserGroupInformation.doAs(UserGroupInformation.java:1729)
	at org.apache.hadoop.ipc.Server$Handler.run(Server.java:2678)
, while invoking ClientNamenodeProtocolTranslatorPB.getFileInfo over node-1-link-0/10.10.1.4:8020 after 1 failover attempts. Trying to failover after sleeping for 1304ms.
2019-03-21 08:07:36,074 INFO  retry.RetryInvocationHandler RetryInvocationHandler.java:log:411 - java.net.ConnectException: Call From clnode087.clemson.cloudlab.us/130.127.133.96 to node-0-link-0:8020 failed on connection exception: java.net.ConnectException: Connection refused; For more details see:  http://wiki.apache.org/hadoop/ConnectionRefused, while invoking ClientNamenodeProtocolTranslatorPB.getFileInfo over node-0-link-0/10.10.1.1:8020 after 2 failover attempts. Trying to failover after sleeping for 1958ms.
file 5 has been read from HDFS for 8 time
diff succeed!
file 5 has been read from HDFS for 9 time
diff succeed!
file 5 has been read from HDFS for 10 time
diff succeed!
Deleted /myfile5
file 5 has been removed from HDFS
Found 5 items
-rw-r--r--   3 root supergroup 1073741824 2019-03-21 08:06 /myfile1
-rw-r--r--   3 root supergroup 1073741824 2019-03-21 08:08 /myfile2
-rw-r--r--   3 root supergroup 1073741824 2019-03-21 08:07 /myfile3
-rw-r--r--   3 root supergroup 1073741824 2019-03-21 08:07 /myfile4
-rw-r--r--   3 root supergroup 1073741824 2019-03-21 08:08 /myfile5
file 5 has been put into HDFS
file 5 has been read from HDFS for 1 time
diff succeed!
file 5 has been read from HDFS for 2 time
diff succeed!
file 5 has been read from HDFS for 3 time
diff succeed!
file 5 has been read from HDFS for 4 time
diff succeed!
file 5 has been read from HDFS for 5 time
diff succeed!
file 5 has been read from HDFS for 6 time
diff succeed!
file 5 has been read from HDFS for 7 time
diff succeed!
file 5 has been read from HDFS for 8 time
diff succeed!
file 5 has been read from HDFS for 9 time
diff succeed!
file 5 has been read from HDFS for 10 time
diff succeed!
Deleted /myfile5
file 5 has been removed from HDFS
Found 5 items
-rw-r--r--   3 root supergroup 1073741824 2019-03-21 08:08 /myfile1
-rw-r--r--   3 root supergroup 1073741824 2019-03-21 08:09 /myfile2
-rw-r--r--   3 root supergroup 1073741824 2019-03-21 08:08 /myfile3
-rw-r--r--   3 root supergroup 1073741824 2019-03-21 08:09 /myfile4
-rw-r--r--   3 root supergroup 1073741824 2019-03-21 08:09 /myfile5
file 5 has been put into HDFS
file 5 has been read from HDFS for 1 time
diff succeed!
file 5 has been read from HDFS for 2 time
diff succeed!
file 5 has been read from HDFS for 3 time
diff succeed!
file 5 has been read from HDFS for 4 time
diff succeed!
file 5 has been read from HDFS for 5 time
diff succeed!
file 5 has been read from HDFS for 6 time
diff succeed!
file 5 has been read from HDFS for 7 time
diff succeed!
file 5 has been read from HDFS for 8 time
diff succeed!
file 5 has been read from HDFS for 9 time
diff succeed!
file 5 has been read from HDFS for 10 time
diff succeed!
Deleted /myfile5
file 5 has been removed from HDFS
Found 5 items
-rw-r--r--   3 root supergroup 1073741824 2019-03-21 08:11 /myfile1
-rw-r--r--   3 root supergroup 1073741824 2019-03-21 08:11 /myfile2
-rw-r--r--   3 root supergroup 1073741824 2019-03-21 08:10 /myfile3
-rw-r--r--   3 root supergroup 1073741824 2019-03-21 08:10 /myfile4
-rw-r--r--   3 root supergroup 1073741824 2019-03-21 08:11 /myfile5
file 5 has been put into HDFS
file 5 has been read from HDFS for 1 time
diff succeed!
file 5 has been read from HDFS for 2 time
diff succeed!
file 5 has been read from HDFS for 3 time
diff succeed!
file 5 has been read from HDFS for 4 time
diff succeed!
file 5 has been read from HDFS for 5 time
diff succeed!
file 5 has been read from HDFS for 6 time
diff succeed!
file 5 has been read from HDFS for 7 time
diff succeed!
file 5 has been read from HDFS for 8 time
diff succeed!
file 5 has been read from HDFS for 9 time
diff succeed!
2019-03-21 08:12:50,426 INFO  retry.RetryInvocationHandler RetryInvocationHandler.java:log:411 - java.net.ConnectException: Call From clnode087.clemson.cloudlab.us/130.127.133.96 to node-1-link-0:8020 failed on connection exception: java.net.ConnectException: Connection refused; For more details see:  http://wiki.apache.org/hadoop/ConnectionRefused, while invoking ClientNamenodeProtocolTranslatorPB.getFileInfo over node-1-link-0/10.10.1.4:8020 after 1 failover attempts. Trying to failover after sleeping for 884ms.
2019-03-21 08:12:51,319 INFO  retry.RetryInvocationHandler RetryInvocationHandler.java:log:411 - org.apache.hadoop.ipc.RemoteException(org.apache.hadoop.ipc.StandbyException): Operation category READ is not supported in state standby. Visit https://s.apache.org/sbnn-error
	at org.apache.hadoop.hdfs.server.namenode.ha.StandbyState.checkOperation(StandbyState.java:88)
	at org.apache.hadoop.hdfs.server.namenode.NameNode$NameNodeHAContext.checkOperation(NameNode.java:1952)
	at org.apache.hadoop.hdfs.server.namenode.FSNamesystem.checkOperation(FSNamesystem.java:1423)
	at org.apache.hadoop.hdfs.server.namenode.FSNamesystem.getFileInfo(FSNamesystem.java:3085)
	at org.apache.hadoop.hdfs.server.namenode.NameNodeRpcServer.getFileInfo(NameNodeRpcServer.java:1154)
	at org.apache.hadoop.hdfs.protocolPB.ClientNamenodeProtocolServerSideTranslatorPB.getFileInfo(ClientNamenodeProtocolServerSideTranslatorPB.java:966)
	at org.apache.hadoop.hdfs.protocol.proto.ClientNamenodeProtocolProtos$ClientNamenodeProtocol$2.callBlockingMethod(ClientNamenodeProtocolProtos.java)
	at org.apache.hadoop.ipc.ProtobufRpcEngine$Server$ProtoBufRpcInvoker.call(ProtobufRpcEngine.java:523)
	at org.apache.hadoop.ipc.RPC$Server.call(RPC.java:991)
	at org.apache.hadoop.ipc.Server$RpcCall.run(Server.java:872)
	at org.apache.hadoop.ipc.Server$RpcCall.run(Server.java:818)
	at java.security.AccessController.doPrivileged(Native Method)
	at javax.security.auth.Subject.doAs(Subject.java:422)
	at org.apache.hadoop.security.UserGroupInformation.doAs(UserGroupInformation.java:1729)
	at org.apache.hadoop.ipc.Server$Handler.run(Server.java:2678)
, while invoking ClientNamenodeProtocolTranslatorPB.getFileInfo over node-0-link-0/10.10.1.1:8020 after 2 failover attempts. Trying to failover after sleeping for 1227ms.
2019-03-21 08:12:52,548 INFO  retry.RetryInvocationHandler RetryInvocationHandler.java:log:411 - java.net.ConnectException: Call From clnode087.clemson.cloudlab.us/130.127.133.96 to node-1-link-0:8020 failed on connection exception: java.net.ConnectException: Connection refused; For more details see:  http://wiki.apache.org/hadoop/ConnectionRefused, while invoking ClientNamenodeProtocolTranslatorPB.getFileInfo over node-1-link-0/10.10.1.4:8020 after 3 failover attempts. Trying to failover after sleeping for 4814ms.
file 5 has been read from HDFS for 10 time
diff succeed!
Deleted /myfile5
file 5 has been removed from HDFS
2019-03-21 08:13:15,780 INFO  retry.RetryInvocationHandler RetryInvocationHandler.java:log:411 - org.apache.hadoop.ipc.RemoteException(org.apache.hadoop.ipc.StandbyException): Operation category READ is not supported in state standby. Visit https://s.apache.org/sbnn-error
	at org.apache.hadoop.hdfs.server.namenode.ha.StandbyState.checkOperation(StandbyState.java:88)
	at org.apache.hadoop.hdfs.server.namenode.NameNode$NameNodeHAContext.checkOperation(NameNode.java:1952)
	at org.apache.hadoop.hdfs.server.namenode.FSNamesystem.checkOperation(FSNamesystem.java:1423)
	at org.apache.hadoop.hdfs.server.namenode.FSNamesystem.getFileInfo(FSNamesystem.java:3085)
	at org.apache.hadoop.hdfs.server.namenode.NameNodeRpcServer.getFileInfo(NameNodeRpcServer.java:1154)
	at org.apache.hadoop.hdfs.protocolPB.ClientNamenodeProtocolServerSideTranslatorPB.getFileInfo(ClientNamenodeProtocolServerSideTranslatorPB.java:966)
	at org.apache.hadoop.hdfs.protocol.proto.ClientNamenodeProtocolProtos$ClientNamenodeProtocol$2.callBlockingMethod(ClientNamenodeProtocolProtos.java)
	at org.apache.hadoop.ipc.ProtobufRpcEngine$Server$ProtoBufRpcInvoker.call(ProtobufRpcEngine.java:523)
	at org.apache.hadoop.ipc.RPC$Server.call(RPC.java:991)
	at org.apache.hadoop.ipc.Server$RpcCall.run(Server.java:872)
	at org.apache.hadoop.ipc.Server$RpcCall.run(Server.java:818)
	at java.security.AccessController.doPrivileged(Native Method)
	at javax.security.auth.Subject.doAs(Subject.java:422)
	at org.apache.hadoop.security.UserGroupInformation.doAs(UserGroupInformation.java:1729)
	at org.apache.hadoop.ipc.Server$Handler.run(Server.java:2678)
, while invoking ClientNamenodeProtocolTranslatorPB.getFileInfo over node-1-link-0/10.10.1.4:8020 after 1 failover attempts. Trying to failover after sleeping for 1168ms.
2019-03-21 08:13:16,956 INFO  retry.RetryInvocationHandler RetryInvocationHandler.java:log:411 - java.net.ConnectException: Call From clnode087.clemson.cloudlab.us/130.127.133.96 to node-0-link-0:8020 failed on connection exception: java.net.ConnectException: Connection refused; For more details see:  http://wiki.apache.org/hadoop/ConnectionRefused, while invoking ClientNamenodeProtocolTranslatorPB.getFileInfo over node-0-link-0/10.10.1.1:8020 after 2 failover attempts. Trying to failover after sleeping for 2907ms.
2019-03-21 08:13:19,959 INFO  retry.RetryInvocationHandler RetryInvocationHandler.java:log:411 - org.apache.hadoop.ipc.RemoteException(org.apache.hadoop.ipc.RetriableException): org.apache.hadoop.hdfs.server.namenode.SafeModeException: Cannot create file/myfile5._COPYING_. Name node is in safe mode.
The reported blocks 24 has reached the threshold 0.9990 of total blocks 24. The number of live datanodes 4 has reached the minimum number 0. In safe mode extension. Safe mode will be turned off automatically in 9 seconds. NamenodeHostName:node-1-link-0
	at org.apache.hadoop.hdfs.server.namenode.FSNamesystem.checkNameNodeSafeMode(FSNamesystem.java:1441)
	at org.apache.hadoop.hdfs.server.namenode.FSNamesystem.startFileInt(FSNamesystem.java:2401)
	at org.apache.hadoop.hdfs.server.namenode.FSNamesystem.startFile(FSNamesystem.java:2347)
	at org.apache.hadoop.hdfs.server.namenode.NameNodeRpcServer.create(NameNodeRpcServer.java:774)
	at org.apache.hadoop.hdfs.protocolPB.ClientNamenodeProtocolServerSideTranslatorPB.create(ClientNamenodeProtocolServerSideTranslatorPB.java:462)
	at org.apache.hadoop.hdfs.protocol.proto.ClientNamenodeProtocolProtos$ClientNamenodeProtocol$2.callBlockingMethod(ClientNamenodeProtocolProtos.java)
	at org.apache.hadoop.ipc.ProtobufRpcEngine$Server$ProtoBufRpcInvoker.call(ProtobufRpcEngine.java:523)
	at org.apache.hadoop.ipc.RPC$Server.call(RPC.java:991)
	at org.apache.hadoop.ipc.Server$RpcCall.run(Server.java:872)
	at org.apache.hadoop.ipc.Server$RpcCall.run(Server.java:818)
	at java.security.AccessController.doPrivileged(Native Method)
	at javax.security.auth.Subject.doAs(Subject.java:422)
	at org.apache.hadoop.security.UserGroupInformation.doAs(UserGroupInformation.java:1729)
	at org.apache.hadoop.ipc.Server$Handler.run(Server.java:2678)
Caused by: org.apache.hadoop.hdfs.server.namenode.SafeModeException: Cannot create file/myfile5._COPYING_. Name node is in safe mode.
The reported blocks 24 has reached the threshold 0.9990 of total blocks 24. The number of live datanodes 4 has reached the minimum number 0. In safe mode extension. Safe mode will be turned off automatically in 9 seconds. NamenodeHostName:node-1-link-0
	at org.apache.hadoop.hdfs.server.namenode.FSNamesystem.newSafemodeException(FSNamesystem.java:1450)
	at org.apache.hadoop.hdfs.server.namenode.FSNamesystem.checkNameNodeSafeMode(FSNamesystem.java:1437)
	... 13 more
, while invoking ClientNamenodeProtocolTranslatorPB.create over node-1-link-0/10.10.1.4:8020. Retrying immediately.
2019-03-21 08:13:19,962 INFO  retry.RetryInvocationHandler RetryInvocationHandler.java:log:411 - org.apache.hadoop.ipc.RemoteException(org.apache.hadoop.ipc.RetriableException): org.apache.hadoop.hdfs.server.namenode.SafeModeException: Cannot create file/myfile5._COPYING_. Name node is in safe mode.
The reported blocks 24 has reached the threshold 0.9990 of total blocks 24. The number of live datanodes 4 has reached the minimum number 0. In safe mode extension. Safe mode will be turned off automatically in 9 seconds. NamenodeHostName:node-1-link-0
	at org.apache.hadoop.hdfs.server.namenode.FSNamesystem.checkNameNodeSafeMode(FSNamesystem.java:1441)
	at org.apache.hadoop.hdfs.server.namenode.FSNamesystem.startFileInt(FSNamesystem.java:2401)
	at org.apache.hadoop.hdfs.server.namenode.FSNamesystem.startFile(FSNamesystem.java:2347)
	at org.apache.hadoop.hdfs.server.namenode.NameNodeRpcServer.create(NameNodeRpcServer.java:774)
	at org.apache.hadoop.hdfs.protocolPB.ClientNamenodeProtocolServerSideTranslatorPB.create(ClientNamenodeProtocolServerSideTranslatorPB.java:462)
	at org.apache.hadoop.hdfs.protocol.proto.ClientNamenodeProtocolProtos$ClientNamenodeProtocol$2.callBlockingMethod(ClientNamenodeProtocolProtos.java)
	at org.apache.hadoop.ipc.ProtobufRpcEngine$Server$ProtoBufRpcInvoker.call(ProtobufRpcEngine.java:523)
	at org.apache.hadoop.ipc.RPC$Server.call(RPC.java:991)
	at org.apache.hadoop.ipc.Server$RpcCall.run(Server.java:872)
	at org.apache.hadoop.ipc.Server$RpcCall.run(Server.java:818)
	at java.security.AccessController.doPrivileged(Native Method)
	at javax.security.auth.Subject.doAs(Subject.java:422)
	at org.apache.hadoop.security.UserGroupInformation.doAs(UserGroupInformation.java:1729)
	at org.apache.hadoop.ipc.Server$Handler.run(Server.java:2678)
Caused by: org.apache.hadoop.hdfs.server.namenode.SafeModeException: Cannot create file/myfile5._COPYING_. Name node is in safe mode.
The reported blocks 24 has reached the threshold 0.9990 of total blocks 24. The number of live datanodes 4 has reached the minimum number 0. In safe mode extension. Safe mode will be turned off automatically in 9 seconds. NamenodeHostName:node-1-link-0
	at org.apache.hadoop.hdfs.server.namenode.FSNamesystem.newSafemodeException(FSNamesystem.java:1450)
	at org.apache.hadoop.hdfs.server.namenode.FSNamesystem.checkNameNodeSafeMode(FSNamesystem.java:1437)
	... 13 more
, while invoking ClientNamenodeProtocolTranslatorPB.create over node-1-link-0/10.10.1.4:8020. Retrying after sleeping for 912ms.
2019-03-21 08:13:20,877 INFO  retry.RetryInvocationHandler RetryInvocationHandler.java:log:411 - org.apache.hadoop.ipc.RemoteException(org.apache.hadoop.ipc.RetriableException): org.apache.hadoop.hdfs.server.namenode.SafeModeException: Cannot create file/myfile5._COPYING_. Name node is in safe mode.
The reported blocks 24 has reached the threshold 0.9990 of total blocks 24. The number of live datanodes 4 has reached the minimum number 0. In safe mode extension. Safe mode will be turned off automatically in 8 seconds. NamenodeHostName:node-1-link-0
	at org.apache.hadoop.hdfs.server.namenode.FSNamesystem.checkNameNodeSafeMode(FSNamesystem.java:1441)
	at org.apache.hadoop.hdfs.server.namenode.FSNamesystem.startFileInt(FSNamesystem.java:2401)
	at org.apache.hadoop.hdfs.server.namenode.FSNamesystem.startFile(FSNamesystem.java:2347)
	at org.apache.hadoop.hdfs.server.namenode.NameNodeRpcServer.create(NameNodeRpcServer.java:774)
	at org.apache.hadoop.hdfs.protocolPB.ClientNamenodeProtocolServerSideTranslatorPB.create(ClientNamenodeProtocolServerSideTranslatorPB.java:462)
	at org.apache.hadoop.hdfs.protocol.proto.ClientNamenodeProtocolProtos$ClientNamenodeProtocol$2.callBlockingMethod(ClientNamenodeProtocolProtos.java)
	at org.apache.hadoop.ipc.ProtobufRpcEngine$Server$ProtoBufRpcInvoker.call(ProtobufRpcEngine.java:523)
	at org.apache.hadoop.ipc.RPC$Server.call(RPC.java:991)
	at org.apache.hadoop.ipc.Server$RpcCall.run(Server.java:872)
	at org.apache.hadoop.ipc.Server$RpcCall.run(Server.java:818)
	at java.security.AccessController.doPrivileged(Native Method)
	at javax.security.auth.Subject.doAs(Subject.java:422)
	at org.apache.hadoop.security.UserGroupInformation.doAs(UserGroupInformation.java:1729)
	at org.apache.hadoop.ipc.Server$Handler.run(Server.java:2678)
Caused by: org.apache.hadoop.hdfs.server.namenode.SafeModeException: Cannot create file/myfile5._COPYING_. Name node is in safe mode.
The reported blocks 24 has reached the threshold 0.9990 of total blocks 24. The number of live datanodes 4 has reached the minimum number 0. In safe mode extension. Safe mode will be turned off automatically in 8 seconds. NamenodeHostName:node-1-link-0
	at org.apache.hadoop.hdfs.server.namenode.FSNamesystem.newSafemodeException(FSNamesystem.java:1450)
	at org.apache.hadoop.hdfs.server.namenode.FSNamesystem.checkNameNodeSafeMode(FSNamesystem.java:1437)
	... 13 more
, while invoking ClientNamenodeProtocolTranslatorPB.create over node-1-link-0/10.10.1.4:8020. Retrying after sleeping for 2432ms.
2019-03-21 08:13:23,313 INFO  retry.RetryInvocationHandler RetryInvocationHandler.java:log:411 - org.apache.hadoop.ipc.RemoteException(org.apache.hadoop.ipc.RetriableException): org.apache.hadoop.hdfs.server.namenode.SafeModeException: Cannot create file/myfile5._COPYING_. Name node is in safe mode.
The reported blocks 24 has reached the threshold 0.9990 of total blocks 24. The number of live datanodes 4 has reached the minimum number 0. In safe mode extension. Safe mode will be turned off automatically in 5 seconds. NamenodeHostName:node-1-link-0
	at org.apache.hadoop.hdfs.server.namenode.FSNamesystem.checkNameNodeSafeMode(FSNamesystem.java:1441)
	at org.apache.hadoop.hdfs.server.namenode.FSNamesystem.startFileInt(FSNamesystem.java:2401)
	at org.apache.hadoop.hdfs.server.namenode.FSNamesystem.startFile(FSNamesystem.java:2347)
	at org.apache.hadoop.hdfs.server.namenode.NameNodeRpcServer.create(NameNodeRpcServer.java:774)
	at org.apache.hadoop.hdfs.protocolPB.ClientNamenodeProtocolServerSideTranslatorPB.create(ClientNamenodeProtocolServerSideTranslatorPB.java:462)
	at org.apache.hadoop.hdfs.protocol.proto.ClientNamenodeProtocolProtos$ClientNamenodeProtocol$2.callBlockingMethod(ClientNamenodeProtocolProtos.java)
	at org.apache.hadoop.ipc.ProtobufRpcEngine$Server$ProtoBufRpcInvoker.call(ProtobufRpcEngine.java:523)
	at org.apache.hadoop.ipc.RPC$Server.call(RPC.java:991)
	at org.apache.hadoop.ipc.Server$RpcCall.run(Server.java:872)
	at org.apache.hadoop.ipc.Server$RpcCall.run(Server.java:818)
	at java.security.AccessController.doPrivileged(Native Method)
	at javax.security.auth.Subject.doAs(Subject.java:422)
	at org.apache.hadoop.security.UserGroupInformation.doAs(UserGroupInformation.java:1729)
	at org.apache.hadoop.ipc.Server$Handler.run(Server.java:2678)
Caused by: org.apache.hadoop.hdfs.server.namenode.SafeModeException: Cannot create file/myfile5._COPYING_. Name node is in safe mode.
The reported blocks 24 has reached the threshold 0.9990 of total blocks 24. The number of live datanodes 4 has reached the minimum number 0. In safe mode extension. Safe mode will be turned off automatically in 5 seconds. NamenodeHostName:node-1-link-0
	at org.apache.hadoop.hdfs.server.namenode.FSNamesystem.newSafemodeException(FSNamesystem.java:1450)
	at org.apache.hadoop.hdfs.server.namenode.FSNamesystem.checkNameNodeSafeMode(FSNamesystem.java:1437)
	... 13 more
, while invoking ClientNamenodeProtocolTranslatorPB.create over node-1-link-0/10.10.1.4:8020. Retrying after sleeping for 2895ms.
2019-03-21 08:13:26,211 INFO  retry.RetryInvocationHandler RetryInvocationHandler.java:log:411 - org.apache.hadoop.ipc.RemoteException(org.apache.hadoop.ipc.RetriableException): org.apache.hadoop.hdfs.server.namenode.SafeModeException: Cannot create file/myfile5._COPYING_. Name node is in safe mode.
The reported blocks 24 has reached the threshold 0.9990 of total blocks 24. The number of live datanodes 4 has reached the minimum number 0. In safe mode extension. Safe mode will be turned off automatically in 2 seconds. NamenodeHostName:node-1-link-0
	at org.apache.hadoop.hdfs.server.namenode.FSNamesystem.checkNameNodeSafeMode(FSNamesystem.java:1441)
	at org.apache.hadoop.hdfs.server.namenode.FSNamesystem.startFileInt(FSNamesystem.java:2401)
	at org.apache.hadoop.hdfs.server.namenode.FSNamesystem.startFile(FSNamesystem.java:2347)
	at org.apache.hadoop.hdfs.server.namenode.NameNodeRpcServer.create(NameNodeRpcServer.java:774)
	at org.apache.hadoop.hdfs.protocolPB.ClientNamenodeProtocolServerSideTranslatorPB.create(ClientNamenodeProtocolServerSideTranslatorPB.java:462)
	at org.apache.hadoop.hdfs.protocol.proto.ClientNamenodeProtocolProtos$ClientNamenodeProtocol$2.callBlockingMethod(ClientNamenodeProtocolProtos.java)
	at org.apache.hadoop.ipc.ProtobufRpcEngine$Server$ProtoBufRpcInvoker.call(ProtobufRpcEngine.java:523)
	at org.apache.hadoop.ipc.RPC$Server.call(RPC.java:991)
	at org.apache.hadoop.ipc.Server$RpcCall.run(Server.java:872)
	at org.apache.hadoop.ipc.Server$RpcCall.run(Server.java:818)
	at java.security.AccessController.doPrivileged(Native Method)
	at javax.security.auth.Subject.doAs(Subject.java:422)
	at org.apache.hadoop.security.UserGroupInformation.doAs(UserGroupInformation.java:1729)
	at org.apache.hadoop.ipc.Server$Handler.run(Server.java:2678)
Caused by: org.apache.hadoop.hdfs.server.namenode.SafeModeException: Cannot create file/myfile5._COPYING_. Name node is in safe mode.
The reported blocks 24 has reached the threshold 0.9990 of total blocks 24. The number of live datanodes 4 has reached the minimum number 0. In safe mode extension. Safe mode will be turned off automatically in 2 seconds. NamenodeHostName:node-1-link-0
	at org.apache.hadoop.hdfs.server.namenode.FSNamesystem.newSafemodeException(FSNamesystem.java:1450)
	at org.apache.hadoop.hdfs.server.namenode.FSNamesystem.checkNameNodeSafeMode(FSNamesystem.java:1437)
	... 13 more
, while invoking ClientNamenodeProtocolTranslatorPB.create over node-1-link-0/10.10.1.4:8020. Retrying after sleeping for 5031ms.
Found 4 items
-rw-r--r--   3 root supergroup 1073741824 2019-03-21 08:13 /myfile1
-rw-r--r--   3 root supergroup 1073741824 2019-03-21 08:12 /myfile3
-rw-r--r--   3 root supergroup 1073741824 2019-03-21 08:12 /myfile4
-rw-r--r--   3 root supergroup 1073741824 2019-03-21 08:13 /myfile5
file 5 has been put into HDFS
file 5 has been read from HDFS for 1 time
diff succeed!
file 5 has been read from HDFS for 2 time
diff succeed!
file 5 has been read from HDFS for 3 time
diff succeed!
file 5 has been read from HDFS for 4 time
diff succeed!
file 5 has been read from HDFS for 5 time
diff succeed!
file 5 has been read from HDFS for 6 time
diff succeed!
file 5 has been read from HDFS for 7 time
diff succeed!
file 5 has been read from HDFS for 8 time
diff succeed!
file 5 has been read from HDFS for 9 time
diff succeed!
file 5 has been read from HDFS for 10 time
diff succeed!
Deleted /myfile5
file 5 has been removed from HDFS
Found 5 items
-rw-r--r--   3 root supergroup 1073741824 2019-03-21 08:15 /myfile1
-rw-r--r--   3 root supergroup 1073741824 2019-03-21 08:15 /myfile2
-rw-r--r--   3 root supergroup 1073741824 2019-03-21 08:14 /myfile3
-rw-r--r--   3 root supergroup 1073741824 2019-03-21 08:14 /myfile4
-rw-r--r--   3 root supergroup 1073741824 2019-03-21 08:15 /myfile5
file 5 has been put into HDFS
file 5 has been read from HDFS for 1 time
diff succeed!
file 5 has been read from HDFS for 2 time
diff succeed!
file 5 has been read from HDFS for 3 time
diff succeed!
file 5 has been read from HDFS for 4 time
diff succeed!
file 5 has been read from HDFS for 5 time
diff succeed!
file 5 has been read from HDFS for 6 time
diff succeed!
file 5 has been read from HDFS for 7 time
diff succeed!
file 5 has been read from HDFS for 8 time
diff succeed!
file 5 has been read from HDFS for 9 time
diff succeed!
file 5 has been read from HDFS for 10 time
diff succeed!
Deleted /myfile5
file 5 has been removed from HDFS
Found 5 items
-rw-r--r--   3 root supergroup 1073741824 2019-03-21 08:17 /myfile1
-rw-r--r--   3 root supergroup 1073741824 2019-03-21 08:17 /myfile2
-rw-r--r--   3 root supergroup 1073741824 2019-03-21 08:16 /myfile3
-rw-r--r--   3 root supergroup 1073741824 2019-03-21 08:16 /myfile4
-rw-r--r--   3 root supergroup 1073741824 2019-03-21 08:17 /myfile5
file 5 has been put into HDFS
file 5 has been read from HDFS for 1 time
diff succeed!
file 5 has been read from HDFS for 2 time
diff succeed!
file 5 has been read from HDFS for 3 time
diff succeed!
file 5 has been read from HDFS for 4 time
diff succeed!
file 5 has been read from HDFS for 5 time
diff succeed!
file 5 has been read from HDFS for 6 time
diff succeed!
file 5 has been read from HDFS for 7 time
diff succeed!
file 5 has been read from HDFS for 8 time
diff succeed!
