Found 5 items
-rw-r--r--   3 root supergroup 1073741824 2019-03-25 21:58 /myfile1
-rw-r--r--   3 root supergroup 1073741824 2019-03-25 21:58 /myfile2
-rw-r--r--   3 root supergroup 1073741824 2019-03-25 21:58 /myfile3
-rw-r--r--   3 root supergroup 1073741824 2019-03-25 21:58 /myfile4
-rw-r--r--   3 root supergroup 1073741824 2019-03-25 21:58 /myfile5
file 3 has been put into HDFS
file 3 has been read from HDFS for 1 time
diff succeed!
file 3 has been read from HDFS for 2 time
diff succeed!
file 3 has been read from HDFS for 3 time
diff succeed!
file 3 has been read from HDFS for 4 time
diff succeed!
file 3 has been read from HDFS for 5 time
diff succeed!
file 3 has been read from HDFS for 6 time
diff succeed!
file 3 has been read from HDFS for 7 time
diff succeed!
file 3 has been read from HDFS for 8 time
diff succeed!
file 3 has been read from HDFS for 9 time
diff succeed!
file 3 has been read from HDFS for 10 time
diff succeed!
Deleted /myfile3
file 3 has been removed from HDFS
Found 3 items
-rw-r--r--   3 root supergroup  402653184 2019-03-25 22:00 /myfile2._COPYING_
-rw-r--r--   3 root supergroup 1073741824 2019-03-25 22:00 /myfile3
-rw-r--r--   3 root supergroup 1073741824 2019-03-25 21:58 /myfile4
file 3 has been put into HDFS
file 3 has been read from HDFS for 1 time
diff succeed!
file 3 has been read from HDFS for 2 time
diff succeed!
file 3 has been read from HDFS for 3 time
diff succeed!
file 3 has been read from HDFS for 4 time
diff succeed!
file 3 has been read from HDFS for 5 time
diff succeed!
file 3 has been read from HDFS for 6 time
diff succeed!
file 3 has been read from HDFS for 7 time
diff succeed!
file 3 has been read from HDFS for 8 time
diff succeed!
file 3 has been read from HDFS for 9 time
diff succeed!
file 3 has been read from HDFS for 10 time
diff succeed!
Deleted /myfile3
file 3 has been removed from HDFS
Found 4 items
-rw-r--r--   3 root supergroup 1073741824 2019-03-25 22:00 /myfile1
-rw-r--r--   3 root supergroup  268435456 2019-03-25 22:01 /myfile2._COPYING_
-rw-r--r--   3 root supergroup 1073741824 2019-03-25 22:01 /myfile3
-rw-r--r--   3 root supergroup 1073741824 2019-03-25 22:00 /myfile4
file 3 has been put into HDFS
file 3 has been read from HDFS for 1 time
diff succeed!
file 3 has been read from HDFS for 2 time
diff succeed!
file 3 has been read from HDFS for 3 time
diff succeed!
file 3 has been read from HDFS for 4 time
diff succeed!
file 3 has been read from HDFS for 5 time
diff succeed!
file 3 has been read from HDFS for 6 time
diff succeed!
file 3 has been read from HDFS for 7 time
diff succeed!
file 3 has been read from HDFS for 8 time
diff succeed!
file 3 has been read from HDFS for 9 time
diff succeed!
file 3 has been read from HDFS for 10 time
diff succeed!
Deleted /myfile3
file 3 has been removed from HDFS
2019-03-25 22:03:23,076 INFO  hdfs.DataStreamer DataStreamer.java:createBlockOutputStream:1789 - Exception in createBlockOutputStream blk_1073741945_1121
java.io.IOException: Got error, status=ERROR, status message , ack with firstBadLink as 10.10.1.6:9866
	at org.apache.hadoop.hdfs.protocol.datatransfer.DataTransferProtoUtil.checkBlockOpStatus(DataTransferProtoUtil.java:134)
	at org.apache.hadoop.hdfs.protocol.datatransfer.DataTransferProtoUtil.checkBlockOpStatus(DataTransferProtoUtil.java:110)
	at org.apache.hadoop.hdfs.DataStreamer.createBlockOutputStream(DataStreamer.java:1778)
	at org.apache.hadoop.hdfs.DataStreamer.nextBlockOutputStream(DataStreamer.java:1679)
	at org.apache.hadoop.hdfs.DataStreamer.run(DataStreamer.java:716)
2019-03-25 22:03:23,081 WARN  hdfs.DataStreamer DataStreamer.java:nextBlockOutputStream:1683 - Abandoning BP-994007754-130.127.133.65-1553572660435:blk_1073741945_1121
2019-03-25 22:03:23,115 WARN  hdfs.DataStreamer DataStreamer.java:nextBlockOutputStream:1688 - Excluding datanode DatanodeInfoWithStorage[10.10.1.6:9866,DS-e9587dbb-1527-4308-9602-38fd44a73ce5,DISK]
Found 4 items
-rw-r--r--   3 root supergroup 1073741824 2019-03-25 22:01 /myfile1
-rw-r--r--   3 root supergroup 1073741824 2019-03-25 22:03 /myfile3
-rw-r--r--   3 root supergroup 1073741824 2019-03-25 22:02 /myfile4
-rw-r--r--   3 root supergroup 1073741824 2019-03-25 22:01 /myfile5
file 3 has been put into HDFS
file 3 has been read from HDFS for 1 time
diff succeed!
file 3 has been read from HDFS for 2 time
diff succeed!
file 3 has been read from HDFS for 3 time
diff succeed!
file 3 has been read from HDFS for 4 time
diff succeed!
file 3 has been read from HDFS for 5 time
diff succeed!
file 3 has been read from HDFS for 6 time
diff succeed!
file 3 has been read from HDFS for 7 time
diff succeed!
file 3 has been read from HDFS for 8 time
diff succeed!
file 3 has been read from HDFS for 9 time
diff succeed!
file 3 has been read from HDFS for 10 time
diff succeed!
Deleted /myfile3
file 3 has been removed from HDFS
Found 5 items
-rw-r--r--   3 root supergroup 1073741824 2019-03-25 22:03 /myfile1
-rw-r--r--   3 root supergroup 1073741824 2019-03-25 22:03 /myfile2
-rw-r--r--   3 root supergroup 1073741824 2019-03-25 22:05 /myfile3
-rw-r--r--   3 root supergroup 1073741824 2019-03-25 22:04 /myfile4
-rw-r--r--   3 root supergroup 1073741824 2019-03-25 22:03 /myfile5
file 3 has been put into HDFS
file 3 has been read from HDFS for 1 time
diff succeed!
file 3 has been read from HDFS for 2 time
diff succeed!
file 3 has been read from HDFS for 3 time
diff succeed!
file 3 has been read from HDFS for 4 time
diff succeed!
file 3 has been read from HDFS for 5 time
diff succeed!
file 3 has been read from HDFS for 6 time
diff succeed!
file 3 has been read from HDFS for 7 time
diff succeed!
file 3 has been read from HDFS for 8 time
diff succeed!
file 3 has been read from HDFS for 9 time
diff succeed!
file 3 has been read from HDFS for 10 time
diff succeed!
Deleted /myfile3
file 3 has been removed from HDFS
Found 5 items
-rw-r--r--   3 root supergroup 1073741824 2019-03-25 22:05 /myfile1
-rw-r--r--   3 root supergroup 1073741824 2019-03-25 22:05 /myfile2
-rw-r--r--   3 root supergroup 1073741824 2019-03-25 22:06 /myfile3
-rw-r--r--   3 root supergroup 1073741824 2019-03-25 22:06 /myfile4
-rw-r--r--   3 root supergroup 1073741824 2019-03-25 22:05 /myfile5
file 3 has been put into HDFS
file 3 has been read from HDFS for 1 time
diff succeed!
file 3 has been read from HDFS for 2 time
diff succeed!
file 3 has been read from HDFS for 3 time
diff succeed!
file 3 has been read from HDFS for 4 time
diff succeed!
file 3 has been read from HDFS for 5 time
diff succeed!
file 3 has been read from HDFS for 6 time
diff succeed!
file 3 has been read from HDFS for 7 time
diff succeed!
file 3 has been read from HDFS for 8 time
diff succeed!
file 3 has been read from HDFS for 9 time
diff succeed!
file 3 has been read from HDFS for 10 time
diff succeed!
Deleted /myfile3
file 3 has been removed from HDFS
Found 5 items
-rw-r--r--   3 root supergroup 1073741824 2019-03-25 22:07 /myfile1
-rw-r--r--   3 root supergroup 1073741824 2019-03-25 22:07 /myfile2
-rw-r--r--   3 root supergroup 1073741824 2019-03-25 22:08 /myfile3
-rw-r--r--   3 root supergroup 1073741824 2019-03-25 22:08 /myfile4
-rw-r--r--   3 root supergroup 1073741824 2019-03-25 22:07 /myfile5
file 3 has been put into HDFS
file 3 has been read from HDFS for 1 time
diff succeed!
file 3 has been read from HDFS for 2 time
diff succeed!
file 3 has been read from HDFS for 3 time
diff succeed!
file 3 has been read from HDFS for 4 time
diff succeed!
file 3 has been read from HDFS for 5 time
diff succeed!
file 3 has been read from HDFS for 6 time
diff succeed!
file 3 has been read from HDFS for 7 time
diff succeed!
file 3 has been read from HDFS for 8 time
diff succeed!
file 3 has been read from HDFS for 9 time
diff succeed!
file 3 has been read from HDFS for 10 time
diff succeed!
Deleted /myfile3
file 3 has been removed from HDFS
Found 5 items
-rw-r--r--   3 root supergroup 1073741824 2019-03-25 22:09 /myfile1
-rw-r--r--   3 root supergroup 1073741824 2019-03-25 22:09 /myfile2
-rw-r--r--   3 root supergroup 1073741824 2019-03-25 22:10 /myfile3
-rw-r--r--   3 root supergroup  939524096 2019-03-25 22:10 /myfile4._COPYING_
-rw-r--r--   3 root supergroup 1073741824 2019-03-25 22:09 /myfile5
file 3 has been put into HDFS
file 3 has been read from HDFS for 1 time
diff succeed!
file 3 has been read from HDFS for 2 time
diff succeed!
file 3 has been read from HDFS for 3 time
diff succeed!
file 3 has been read from HDFS for 4 time
diff succeed!
file 3 has been read from HDFS for 5 time
diff succeed!
file 3 has been read from HDFS for 6 time
diff succeed!
file 3 has been read from HDFS for 7 time
diff succeed!
file 3 has been read from HDFS for 8 time
diff succeed!
file 3 has been read from HDFS for 9 time
diff succeed!
file 3 has been read from HDFS for 10 time
diff succeed!
Deleted /myfile3
file 3 has been removed from HDFS
Found 5 items
-rw-r--r--   3 root supergroup 1073741824 2019-03-25 22:13 /myfile1
-rw-r--r--   3 root supergroup 1073741824 2019-03-25 22:11 /myfile2
-rw-r--r--   3 root supergroup 1073741824 2019-03-25 22:13 /myfile3
-rw-r--r--   3 root supergroup 1073741824 2019-03-25 22:12 /myfile4
-rw-r--r--   3 root supergroup 1073741824 2019-03-25 22:11 /myfile5
file 3 has been put into HDFS
file 3 has been read from HDFS for 1 time
