Found 5 items
-rw-r--r--   3 root supergroup 1073741824 2019-03-25 23:56 /myfile1
-rw-r--r--   3 root supergroup 1073741824 2019-03-25 23:56 /myfile2
-rw-r--r--   3 root supergroup 1073741824 2019-03-25 23:56 /myfile3
-rw-r--r--   3 root supergroup 1073741824 2019-03-25 23:56 /myfile4
-rw-r--r--   3 root supergroup 1073741824 2019-03-25 23:56 /myfile5
file 2 has been put into HDFS
file 2 has been read from HDFS for 1 time
diff succeed!
file 2 has been read from HDFS for 2 time
diff succeed!
file 2 has been read from HDFS for 3 time
diff succeed!
file 2 has been read from HDFS for 4 time
diff succeed!
file 2 has been read from HDFS for 5 time
diff succeed!
file 2 has been read from HDFS for 6 time
diff succeed!
file 2 has been read from HDFS for 7 time
diff succeed!
file 2 has been read from HDFS for 8 time
diff succeed!
file 2 has been read from HDFS for 9 time
diff succeed!
file 2 has been read from HDFS for 10 time
diff succeed!
Deleted /myfile2
file 2 has been removed from HDFS
Found 3 items
-rw-r--r--   3 root supergroup 1073741824 2019-03-25 23:57 /myfile2
-rw-r--r--   3 root supergroup  402653184 2019-03-25 23:57 /myfile3._COPYING_
-rw-r--r--   3 root supergroup  939524096 2019-03-25 23:57 /myfile4._COPYING_
file 2 has been put into HDFS
file 2 has been read from HDFS for 1 time
diff succeed!
file 2 has been read from HDFS for 2 time
diff succeed!
file 2 has been read from HDFS for 3 time
diff succeed!
file 2 has been read from HDFS for 4 time
diff succeed!
file 2 has been read from HDFS for 5 time
diff succeed!
file 2 has been read from HDFS for 6 time
diff succeed!
file 2 has been read from HDFS for 7 time
diff succeed!
file 2 has been read from HDFS for 8 time
diff succeed!
file 2 has been read from HDFS for 9 time
diff succeed!
file 2 has been read from HDFS for 10 time
diff succeed!
Deleted /myfile2
file 2 has been removed from HDFS
Found 4 items
-rw-r--r--   3 root supergroup 1073741824 2019-03-25 23:58 /myfile1
-rw-r--r--   3 root supergroup 1073741824 2019-03-25 23:59 /myfile2
-rw-r--r--   3 root supergroup 1073741824 2019-03-25 23:59 /myfile3
-rw-r--r--   3 root supergroup 1073741824 2019-03-25 23:59 /myfile4
file 2 has been put into HDFS
file 2 has been read from HDFS for 1 time
diff succeed!
file 2 has been read from HDFS for 2 time
diff succeed!
file 2 has been read from HDFS for 3 time
diff succeed!
file 2 has been read from HDFS for 4 time
diff succeed!
file 2 has been read from HDFS for 5 time
diff succeed!
file 2 has been read from HDFS for 6 time
diff succeed!
file 2 has been read from HDFS for 7 time
diff succeed!
file 2 has been read from HDFS for 8 time
diff succeed!
file 2 has been read from HDFS for 9 time
diff succeed!
file 2 has been read from HDFS for 10 time
diff succeed!
Deleted /myfile2
file 2 has been removed from HDFS
2019-03-26 00:01:08,155 INFO  hdfs.DataStreamer DataStreamer.java:createBlockOutputStream:1789 - Exception in createBlockOutputStream blk_1073741954_1131
java.io.IOException: Got error, status=ERROR, status message , ack with firstBadLink as 10.10.1.6:9866
	at org.apache.hadoop.hdfs.protocol.datatransfer.DataTransferProtoUtil.checkBlockOpStatus(DataTransferProtoUtil.java:134)
	at org.apache.hadoop.hdfs.protocol.datatransfer.DataTransferProtoUtil.checkBlockOpStatus(DataTransferProtoUtil.java:110)
	at org.apache.hadoop.hdfs.DataStreamer.createBlockOutputStream(DataStreamer.java:1778)
	at org.apache.hadoop.hdfs.DataStreamer.nextBlockOutputStream(DataStreamer.java:1679)
	at org.apache.hadoop.hdfs.DataStreamer.run(DataStreamer.java:716)
2019-03-26 00:01:08,160 WARN  hdfs.DataStreamer DataStreamer.java:nextBlockOutputStream:1683 - Abandoning BP-264051109-130.127.133.33-1553579714911:blk_1073741954_1131
2019-03-26 00:01:08,179 WARN  hdfs.DataStreamer DataStreamer.java:nextBlockOutputStream:1688 - Excluding datanode DatanodeInfoWithStorage[10.10.1.6:9866,DS-0dc888c5-35d3-437d-8066-7f4605a0ff55,DISK]
Found 5 items
-rw-r--r--   3 root supergroup 1073741824 2019-03-25 23:59 /myfile1
-rw-r--r--   3 root supergroup 1073741824 2019-03-26 00:01 /myfile2
-rw-r--r--   3 root supergroup 1073741824 2019-03-26 00:01 /myfile3
-rw-r--r--   3 root supergroup 1073741824 2019-03-26 00:01 /myfile4
-rw-r--r--   3 root supergroup 1073741824 2019-03-25 23:59 /myfile5
file 2 has been put into HDFS
file 2 has been read from HDFS for 1 time
diff succeed!
file 2 has been read from HDFS for 2 time
diff succeed!
file 2 has been read from HDFS for 3 time
diff succeed!
file 2 has been read from HDFS for 4 time
diff succeed!
file 2 has been read from HDFS for 5 time
diff succeed!
file 2 has been read from HDFS for 6 time
diff succeed!
file 2 has been read from HDFS for 7 time
diff succeed!
file 2 has been read from HDFS for 8 time
diff succeed!
file 2 has been read from HDFS for 9 time
diff succeed!
file 2 has been read from HDFS for 10 time
diff succeed!
Deleted /myfile2
file 2 has been removed from HDFS
Found 5 items
-rw-r--r--   3 root supergroup 1073741824 2019-03-26 00:01 /myfile1
-rw-r--r--   3 root supergroup 1073741824 2019-03-26 00:02 /myfile2
-rw-r--r--   3 root supergroup  402653184 2019-03-26 00:02 /myfile3._COPYING_
-rw-r--r--   3 root supergroup 1073741824 2019-03-26 00:02 /myfile4
-rw-r--r--   3 root supergroup 1073741824 2019-03-26 00:01 /myfile5
file 2 has been put into HDFS
file 2 has been read from HDFS for 1 time
diff succeed!
file 2 has been read from HDFS for 2 time
diff succeed!
file 2 has been read from HDFS for 3 time
diff succeed!
file 2 has been read from HDFS for 4 time
diff succeed!
file 2 has been read from HDFS for 5 time
diff succeed!
file 2 has been read from HDFS for 6 time
diff succeed!
file 2 has been read from HDFS for 7 time
diff succeed!
file 2 has been read from HDFS for 8 time
diff succeed!
file 2 has been read from HDFS for 9 time
diff succeed!
file 2 has been read from HDFS for 10 time
diff succeed!
Deleted /myfile2
file 2 has been removed from HDFS
Found 5 items
-rw-r--r--   3 root supergroup 1073741824 2019-03-26 00:03 /myfile1
-rw-r--r--   3 root supergroup 1073741824 2019-03-26 00:04 /myfile2
-rw-r--r--   3 root supergroup 1073741824 2019-03-26 00:02 /myfile3
-rw-r--r--   3 root supergroup 1073741824 2019-03-26 00:04 /myfile4
-rw-r--r--   3 root supergroup 1073741824 2019-03-26 00:03 /myfile5
file 2 has been put into HDFS
file 2 has been read from HDFS for 1 time
diff succeed!
file 2 has been read from HDFS for 2 time
diff succeed!
file 2 has been read from HDFS for 3 time
diff succeed!
file 2 has been read from HDFS for 4 time
diff succeed!
file 2 has been read from HDFS for 5 time
diff succeed!
file 2 has been read from HDFS for 6 time
diff succeed!
file 2 has been read from HDFS for 7 time
diff succeed!
file 2 has been read from HDFS for 8 time
diff succeed!
file 2 has been read from HDFS for 9 time
diff succeed!
file 2 has been read from HDFS for 10 time
diff succeed!
Deleted /myfile2
file 2 has been removed from HDFS
Found 5 items
-rw-r--r--   3 root supergroup 1073741824 2019-03-26 00:04 /myfile1
-rw-r--r--   3 root supergroup 1073741824 2019-03-26 00:05 /myfile2
-rw-r--r--   3 root supergroup 1073741824 2019-03-26 00:04 /myfile3
-rw-r--r--   3 root supergroup 1073741824 2019-03-26 00:05 /myfile4
-rw-r--r--   3 root supergroup 1073741824 2019-03-26 00:04 /myfile5
file 2 has been put into HDFS
file 2 has been read from HDFS for 1 time
diff succeed!
file 2 has been read from HDFS for 2 time
diff succeed!
file 2 has been read from HDFS for 3 time
diff succeed!
file 2 has been read from HDFS for 4 time
diff succeed!
file 2 has been read from HDFS for 5 time
diff succeed!
file 2 has been read from HDFS for 6 time
diff succeed!
file 2 has been read from HDFS for 7 time
diff succeed!
file 2 has been read from HDFS for 8 time
diff succeed!
file 2 has been read from HDFS for 9 time
diff succeed!
file 2 has been read from HDFS for 10 time
diff succeed!
Deleted /myfile2
file 2 has been removed from HDFS
Found 4 items
-rw-r--r--   3 root supergroup 1073741824 2019-03-26 00:06 /myfile1
-rw-r--r--   3 root supergroup 1073741824 2019-03-26 00:07 /myfile2
-rw-r--r--   3 root supergroup 1073741824 2019-03-26 00:07 /myfile4
-rw-r--r--   3 root supergroup 1073741824 2019-03-26 00:06 /myfile5
file 2 has been put into HDFS
file 2 has been read from HDFS for 1 time
diff succeed!
file 2 has been read from HDFS for 2 time
diff succeed!
file 2 has been read from HDFS for 3 time
diff succeed!
file 2 has been read from HDFS for 4 time
diff succeed!
file 2 has been read from HDFS for 5 time
diff succeed!
file 2 has been read from HDFS for 6 time
diff succeed!
file 2 has been read from HDFS for 7 time
diff succeed!
file 2 has been read from HDFS for 8 time
diff succeed!
file 2 has been read from HDFS for 9 time
diff succeed!
file 2 has been read from HDFS for 10 time
diff succeed!
Deleted /myfile2
file 2 has been removed from HDFS
Found 5 items
-rw-r--r--   3 root supergroup 1073741824 2019-03-26 00:08 /myfile1
-rw-r--r--   3 root supergroup 1073741824 2019-03-26 00:09 /myfile2
-rw-r--r--   3 root supergroup  671088640 2019-03-26 00:09 /myfile3._COPYING_
-rw-r--r--   3 root supergroup 1073741824 2019-03-26 00:09 /myfile4
-rw-r--r--   3 root supergroup 1073741824 2019-03-26 00:08 /myfile5
file 2 has been put into HDFS
file 2 has been read from HDFS for 1 time
diff succeed!
file 2 has been read from HDFS for 2 time
diff succeed!
file 2 has been read from HDFS for 3 time
diff succeed!
file 2 has been read from HDFS for 4 time
diff succeed!
file 2 has been read from HDFS for 5 time
diff succeed!
file 2 has been read from HDFS for 6 time
diff succeed!
file 2 has been read from HDFS for 7 time
diff succeed!
file 2 has been read from HDFS for 8 time
diff succeed!
file 2 has been read from HDFS for 9 time
diff succeed!
file 2 has been read from HDFS for 10 time
diff succeed!
Deleted /myfile2
file 2 has been removed from HDFS
Found 5 items
-rw-r--r--   3 root supergroup 1073741824 2019-03-26 00:10 /myfile1
-rw-r--r--   3 root supergroup 1073741824 2019-03-26 00:10 /myfile2
-rw-r--r--   3 root supergroup  536870912 2019-03-26 00:10 /myfile3._COPYING_
-rw-r--r--   3 root supergroup 1073741824 2019-03-26 00:10 /myfile4
-rw-r--r--   3 root supergroup 1073741824 2019-03-26 00:10 /myfile5
file 2 has been put into HDFS
file 2 has been read from HDFS for 1 time
diff succeed!
file 2 has been read from HDFS for 2 time
diff succeed!
file 2 has been read from HDFS for 3 time
