Found 5 items
-rw-r--r--   3 root supergroup 1073741824 2019-03-28 03:52 /myfile1
-rw-r--r--   3 root supergroup 1073741824 2019-03-28 03:52 /myfile2
-rw-r--r--   3 root supergroup 1073741824 2019-03-28 03:52 /myfile3
-rw-r--r--   3 root supergroup 1073741824 2019-03-28 03:52 /myfile4
-rw-r--r--   3 root supergroup 1073741824 2019-03-28 03:52 /myfile5
file 4 has been put into HDFS
file 4 has been read from HDFS for 1 time
diff succeed!
file 4 has been read from HDFS for 2 time
diff succeed!
file 4 has been read from HDFS for 3 time
diff succeed!
file 4 has been read from HDFS for 4 time
diff succeed!
file 4 has been read from HDFS for 5 time
diff succeed!
file 4 has been read from HDFS for 6 time
diff succeed!
file 4 has been read from HDFS for 7 time
diff succeed!
file 4 has been read from HDFS for 8 time
diff succeed!
file 4 has been read from HDFS for 9 time
diff succeed!
file 4 has been read from HDFS for 10 time
diff succeed!
Deleted /myfile4
file 4 has been removed from HDFS
Found 4 items
-rw-r--r--   3 root supergroup 1073741824 2019-03-28 03:54 /myfile1
-rw-r--r--   3 root supergroup 1073741824 2019-03-28 03:52 /myfile3
-rw-r--r--   3 root supergroup 1073741824 2019-03-28 03:54 /myfile4
-rw-r--r--   3 root supergroup 1073741824 2019-03-28 03:54 /myfile5
file 4 has been put into HDFS
file 4 has been read from HDFS for 1 time
diff succeed!
file 4 has been read from HDFS for 2 time
diff succeed!
file 4 has been read from HDFS for 3 time
diff succeed!
file 4 has been read from HDFS for 4 time
diff succeed!
file 4 has been read from HDFS for 5 time
diff succeed!
file 4 has been read from HDFS for 6 time
diff succeed!
file 4 has been read from HDFS for 7 time
diff succeed!
file 4 has been read from HDFS for 8 time
diff succeed!
file 4 has been read from HDFS for 9 time
diff succeed!
file 4 has been read from HDFS for 10 time
diff succeed!
Deleted /myfile4
file 4 has been removed from HDFS
Found 4 items
-rw-r--r--   3 root supergroup  536870912 2019-03-28 03:55 /myfile1._COPYING_
-rw-r--r--   3 root supergroup 1073741824 2019-03-28 03:54 /myfile3
-rw-r--r--   3 root supergroup 1073741824 2019-03-28 03:55 /myfile4
-rw-r--r--   3 root supergroup 1073741824 2019-03-28 03:55 /myfile5
file 4 has been put into HDFS
file 4 has been read from HDFS for 1 time
diff succeed!
file 4 has been read from HDFS for 2 time
diff succeed!
file 4 has been read from HDFS for 3 time
diff succeed!
file 4 has been read from HDFS for 4 time
diff succeed!
file 4 has been read from HDFS for 5 time
diff succeed!
file 4 has been read from HDFS for 6 time
diff succeed!
file 4 has been read from HDFS for 7 time
diff succeed!
file 4 has been read from HDFS for 8 time
diff succeed!
file 4 has been read from HDFS for 9 time
diff succeed!
file 4 has been read from HDFS for 10 time
diff succeed!
Deleted /myfile4
file 4 has been removed from HDFS
Found 5 items
-rw-r--r--   3 root supergroup 1073741824 2019-03-28 03:57 /myfile1
-rw-r--r--   3 root supergroup 1073741824 2019-03-28 03:57 /myfile2
-rw-r--r--   3 root supergroup 1073741824 2019-03-28 03:57 /myfile3
-rw-r--r--   3 root supergroup 1073741824 2019-03-28 03:57 /myfile4
-rw-r--r--   3 root supergroup 1073741824 2019-03-28 03:57 /myfile5
file 4 has been put into HDFS
file 4 has been read from HDFS for 1 time
diff succeed!
file 4 has been read from HDFS for 2 time
diff succeed!
file 4 has been read from HDFS for 3 time
diff succeed!
file 4 has been read from HDFS for 4 time
diff succeed!
file 4 has been read from HDFS for 5 time
diff succeed!
file 4 has been read from HDFS for 6 time
diff succeed!
file 4 has been read from HDFS for 7 time
diff succeed!
file 4 has been read from HDFS for 8 time
diff succeed!
file 4 has been read from HDFS for 9 time
diff succeed!
file 4 has been read from HDFS for 10 time
diff succeed!
Deleted /myfile4
file 4 has been removed from HDFS
Found 5 items
-rw-r--r--   3 root supergroup 1073741824 2019-03-28 03:59 /myfile1
-rw-r--r--   3 root supergroup  536870912 2019-03-28 03:59 /myfile2._COPYING_
-rw-r--r--   3 root supergroup 1073741824 2019-03-28 03:59 /myfile3
-rw-r--r--   3 root supergroup 1073741824 2019-03-28 03:59 /myfile4
-rw-r--r--   3 root supergroup 1073741824 2019-03-28 03:59 /myfile5
file 4 has been put into HDFS
file 4 has been read from HDFS for 1 time
diff succeed!
file 4 has been read from HDFS for 2 time
diff succeed!
file 4 has been read from HDFS for 3 time
diff succeed!
file 4 has been read from HDFS for 4 time
diff succeed!
file 4 has been read from HDFS for 5 time
diff succeed!
file 4 has been read from HDFS for 6 time
diff succeed!
file 4 has been read from HDFS for 7 time
diff succeed!
file 4 has been read from HDFS for 8 time
diff succeed!
file 4 has been read from HDFS for 9 time
diff succeed!
file 4 has been read from HDFS for 10 time
diff succeed!
Deleted /myfile4
file 4 has been removed from HDFS
Found 5 items
-rw-r--r--   3 root supergroup 1073741824 2019-03-28 04:00 /myfile1
-rw-r--r--   3 root supergroup  536870912 2019-03-28 04:00 /myfile2._COPYING_
-rw-r--r--   3 root supergroup 1073741824 2019-03-28 04:00 /myfile3
-rw-r--r--   3 root supergroup 1073741824 2019-03-28 04:00 /myfile4
-rw-r--r--   3 root supergroup 1073741824 2019-03-28 04:00 /myfile5
file 4 has been put into HDFS
file 4 has been read from HDFS for 1 time
diff succeed!
file 4 has been read from HDFS for 2 time
diff succeed!
file 4 has been read from HDFS for 3 time
diff succeed!
file 4 has been read from HDFS for 4 time
diff succeed!
file 4 has been read from HDFS for 5 time
diff succeed!
file 4 has been read from HDFS for 6 time
diff succeed!
file 4 has been read from HDFS for 7 time
diff succeed!
file 4 has been read from HDFS for 8 time
diff succeed!
file 4 has been read from HDFS for 9 time
diff succeed!
file 4 has been read from HDFS for 10 time
diff succeed!
Deleted /myfile4
file 4 has been removed from HDFS
Found 5 items
-rw-r--r--   3 root supergroup 1073741824 2019-03-28 04:02 /myfile1
-rw-r--r--   3 root supergroup 1073741824 2019-03-28 04:01 /myfile2
-rw-r--r--   3 root supergroup 1073741824 2019-03-28 04:02 /myfile3
-rw-r--r--   3 root supergroup 1073741824 2019-03-28 04:02 /myfile4
-rw-r--r--   3 root supergroup 1073741824 2019-03-28 04:02 /myfile5
file 4 has been put into HDFS
file 4 has been read from HDFS for 1 time
diff succeed!
file 4 has been read from HDFS for 2 time
diff succeed!
file 4 has been read from HDFS for 3 time
diff succeed!
file 4 has been read from HDFS for 4 time
diff succeed!
file 4 has been read from HDFS for 5 time
diff succeed!
file 4 has been read from HDFS for 6 time
diff succeed!
file 4 has been read from HDFS for 7 time
diff succeed!
file 4 has been read from HDFS for 8 time
diff succeed!
file 4 has been read from HDFS for 9 time
diff succeed!
file 4 has been read from HDFS for 10 time
diff succeed!
Deleted /myfile4
file 4 has been removed from HDFS
Found 5 items
-rw-r--r--   3 root supergroup 1073741824 2019-03-28 04:04 /myfile1
-rw-r--r--   3 root supergroup 1073741824 2019-03-28 04:03 /myfile2
-rw-r--r--   3 root supergroup 1073741824 2019-03-28 04:04 /myfile3
-rw-r--r--   3 root supergroup 1073741824 2019-03-28 04:04 /myfile4
-rw-r--r--   3 root supergroup 1073741824 2019-03-28 04:03 /myfile5
file 4 has been put into HDFS
file 4 has been read from HDFS for 1 time
diff succeed!
file 4 has been read from HDFS for 2 time
diff succeed!
file 4 has been read from HDFS for 3 time
diff succeed!
file 4 has been read from HDFS for 4 time
diff succeed!
file 4 has been read from HDFS for 5 time
diff succeed!
file 4 has been read from HDFS for 6 time
diff succeed!
file 4 has been read from HDFS for 7 time
diff succeed!
file 4 has been read from HDFS for 8 time
diff succeed!
file 4 has been read from HDFS for 9 time
diff succeed!
file 4 has been read from HDFS for 10 time
diff succeed!
Deleted /myfile4
file 4 has been removed from HDFS
Found 5 items
-rw-r--r--   3 root supergroup 1073741824 2019-03-28 04:05 /myfile1
-rw-r--r--   3 root supergroup 1073741824 2019-03-28 04:05 /myfile2
-rw-r--r--   3 root supergroup 1073741824 2019-03-28 04:05 /myfile3
-rw-r--r--   3 root supergroup 1073741824 2019-03-28 04:05 /myfile4
-rw-r--r--   3 root supergroup 1073741824 2019-03-28 04:05 /myfile5
file 4 has been put into HDFS
file 4 has been read from HDFS for 1 time
diff succeed!
file 4 has been read from HDFS for 2 time
diff succeed!
file 4 has been read from HDFS for 3 time
diff succeed!
file 4 has been read from HDFS for 4 time
diff succeed!
file 4 has been read from HDFS for 5 time
diff succeed!
file 4 has been read from HDFS for 6 time
diff succeed!
file 4 has been read from HDFS for 7 time
diff succeed!
file 4 has been read from HDFS for 8 time
diff succeed!
file 4 has been read from HDFS for 9 time
diff succeed!
file 4 has been read from HDFS for 10 time
diff succeed!
Deleted /myfile4
file 4 has been removed from HDFS
