Found 5 items
-rw-r--r--   3 root supergroup 1073741824 2019-03-27 11:27 /myfile1
-rw-r--r--   3 root supergroup 1073741824 2019-03-27 11:27 /myfile2
-rw-r--r--   3 root supergroup 1073741824 2019-03-27 11:27 /myfile3
-rw-r--r--   3 root supergroup 1073741824 2019-03-27 11:27 /myfile4
-rw-r--r--   3 root supergroup 1073741824 2019-03-27 11:27 /myfile5
file 3 has been put into HDFS
file 3 has been read from HDFS for 1 time
diff succeed!
file 3 has been read from HDFS for 2 time
diff succeed!
file 3 has been read from HDFS for 3 time
diff succeed!
file 3 has been read from HDFS for 4 time
diff succeed!
file 3 has been read from HDFS for 5 time
diff succeed!
file 3 has been read from HDFS for 6 time
diff succeed!
file 3 has been read from HDFS for 7 time
diff succeed!
file 3 has been read from HDFS for 8 time
diff succeed!
file 3 has been read from HDFS for 9 time
diff succeed!
file 3 has been read from HDFS for 10 time
diff succeed!
Deleted /myfile3
file 3 has been removed from HDFS
Found 5 items
-rw-r--r--   3 root supergroup 1073741824 2019-03-27 11:29 /myfile1
-rw-r--r--   3 root supergroup 1073741824 2019-03-27 11:28 /myfile2
-rw-r--r--   3 root supergroup 1073741824 2019-03-27 11:29 /myfile3
-rw-r--r--   3 root supergroup 1073741824 2019-03-27 11:28 /myfile4
-rw-r--r--   3 root supergroup 1073741824 2019-03-27 11:28 /myfile5
file 3 has been put into HDFS
file 3 has been read from HDFS for 1 time
diff succeed!
file 3 has been read from HDFS for 2 time
diff succeed!
file 3 has been read from HDFS for 3 time
diff succeed!
file 3 has been read from HDFS for 4 time
diff succeed!
file 3 has been read from HDFS for 5 time
diff succeed!
file 3 has been read from HDFS for 6 time
diff succeed!
file 3 has been read from HDFS for 7 time
diff succeed!
file 3 has been read from HDFS for 8 time
diff succeed!
file 3 has been read from HDFS for 9 time
diff succeed!
file 3 has been read from HDFS for 10 time
diff succeed!
Deleted /myfile3
file 3 has been removed from HDFS
Found 5 items
-rw-r--r--   3 root supergroup 1073741824 2019-03-27 11:30 /myfile1
-rw-r--r--   3 root supergroup 1073741824 2019-03-27 11:30 /myfile2
-rw-r--r--   3 root supergroup 1073741824 2019-03-27 11:30 /myfile3
-rw-r--r--   3 root supergroup 1073741824 2019-03-27 11:30 /myfile4
-rw-r--r--   3 root supergroup 1073741824 2019-03-27 11:30 /myfile5
file 3 has been put into HDFS
file 3 has been read from HDFS for 1 time
diff succeed!
file 3 has been read from HDFS for 2 time
diff succeed!
file 3 has been read from HDFS for 3 time
diff succeed!
file 3 has been read from HDFS for 4 time
diff succeed!
file 3 has been read from HDFS for 5 time
diff succeed!
file 3 has been read from HDFS for 6 time
diff succeed!
file 3 has been read from HDFS for 7 time
diff succeed!
file 3 has been read from HDFS for 8 time
diff succeed!
file 3 has been read from HDFS for 9 time
diff succeed!
file 3 has been read from HDFS for 10 time
diff succeed!
2019-03-27 11:32:44,173 INFO  retry.RetryInvocationHandler RetryInvocationHandler.java:log:411 - org.apache.hadoop.ipc.RemoteException(org.apache.hadoop.ipc.RetriableException): org.apache.hadoop.hdfs.server.namenode.SafeModeException: Cannot delete /myfile3. Name node is in safe mode.
The reported blocks 32 has reached the threshold 0.9990 of total blocks 32. The number of live datanodes 4 has reached the minimum number 0. In safe mode extension. Safe mode will be turned off automatically in 8 seconds. NamenodeHostName:node-1-link-0
	at org.apache.hadoop.hdfs.server.namenode.FSNamesystem.checkNameNodeSafeMode(FSNamesystem.java:1441)
	at org.apache.hadoop.hdfs.server.namenode.FSNamesystem.delete(FSNamesystem.java:2986)
	at org.apache.hadoop.hdfs.server.namenode.NameNodeRpcServer.delete(NameNodeRpcServer.java:1095)
	at org.apache.hadoop.hdfs.protocolPB.ClientNamenodeProtocolServerSideTranslatorPB.delete(ClientNamenodeProtocolServerSideTranslatorPB.java:692)
	at org.apache.hadoop.hdfs.protocol.proto.ClientNamenodeProtocolProtos$ClientNamenodeProtocol$2.callBlockingMethod(ClientNamenodeProtocolProtos.java)
	at org.apache.hadoop.ipc.ProtobufRpcEngine$Server$ProtoBufRpcInvoker.call(ProtobufRpcEngine.java:523)
	at org.apache.hadoop.ipc.RPC$Server.call(RPC.java:991)
	at org.apache.hadoop.ipc.Server$RpcCall.run(Server.java:872)
	at org.apache.hadoop.ipc.Server$RpcCall.run(Server.java:818)
	at java.security.AccessController.doPrivileged(Native Method)
	at javax.security.auth.Subject.doAs(Subject.java:422)
	at org.apache.hadoop.security.UserGroupInformation.doAs(UserGroupInformation.java:1729)
	at org.apache.hadoop.ipc.Server$Handler.run(Server.java:2678)
Caused by: org.apache.hadoop.hdfs.server.namenode.SafeModeException: Cannot delete /myfile3. Name node is in safe mode.
The reported blocks 32 has reached the threshold 0.9990 of total blocks 32. The number of live datanodes 4 has reached the minimum number 0. In safe mode extension. Safe mode will be turned off automatically in 8 seconds. NamenodeHostName:node-1-link-0
	at org.apache.hadoop.hdfs.server.namenode.FSNamesystem.newSafemodeException(FSNamesystem.java:1450)
	at org.apache.hadoop.hdfs.server.namenode.FSNamesystem.checkNameNodeSafeMode(FSNamesystem.java:1437)
	... 12 more
, while invoking ClientNamenodeProtocolTranslatorPB.delete over node-1-link-0/10.10.1.4:8020. Retrying immediately.
2019-03-27 11:32:44,184 INFO  retry.RetryInvocationHandler RetryInvocationHandler.java:log:411 - org.apache.hadoop.ipc.RemoteException(org.apache.hadoop.ipc.RetriableException): org.apache.hadoop.hdfs.server.namenode.SafeModeException: Cannot delete /myfile3. Name node is in safe mode.
The reported blocks 32 has reached the threshold 0.9990 of total blocks 32. The number of live datanodes 4 has reached the minimum number 0. In safe mode extension. Safe mode will be turned off automatically in 8 seconds. NamenodeHostName:node-1-link-0
	at org.apache.hadoop.hdfs.server.namenode.FSNamesystem.checkNameNodeSafeMode(FSNamesystem.java:1441)
	at org.apache.hadoop.hdfs.server.namenode.FSNamesystem.delete(FSNamesystem.java:2986)
	at org.apache.hadoop.hdfs.server.namenode.NameNodeRpcServer.delete(NameNodeRpcServer.java:1095)
	at org.apache.hadoop.hdfs.protocolPB.ClientNamenodeProtocolServerSideTranslatorPB.delete(ClientNamenodeProtocolServerSideTranslatorPB.java:692)
	at org.apache.hadoop.hdfs.protocol.proto.ClientNamenodeProtocolProtos$ClientNamenodeProtocol$2.callBlockingMethod(ClientNamenodeProtocolProtos.java)
	at org.apache.hadoop.ipc.ProtobufRpcEngine$Server$ProtoBufRpcInvoker.call(ProtobufRpcEngine.java:523)
	at org.apache.hadoop.ipc.RPC$Server.call(RPC.java:991)
	at org.apache.hadoop.ipc.Server$RpcCall.run(Server.java:872)
	at org.apache.hadoop.ipc.Server$RpcCall.run(Server.java:818)
	at java.security.AccessController.doPrivileged(Native Method)
	at javax.security.auth.Subject.doAs(Subject.java:422)
	at org.apache.hadoop.security.UserGroupInformation.doAs(UserGroupInformation.java:1729)
	at org.apache.hadoop.ipc.Server$Handler.run(Server.java:2678)
Caused by: org.apache.hadoop.hdfs.server.namenode.SafeModeException: Cannot delete /myfile3. Name node is in safe mode.
The reported blocks 32 has reached the threshold 0.9990 of total blocks 32. The number of live datanodes 4 has reached the minimum number 0. In safe mode extension. Safe mode will be turned off automatically in 8 seconds. NamenodeHostName:node-1-link-0
	at org.apache.hadoop.hdfs.server.namenode.FSNamesystem.newSafemodeException(FSNamesystem.java:1450)
	at org.apache.hadoop.hdfs.server.namenode.FSNamesystem.checkNameNodeSafeMode(FSNamesystem.java:1437)
	... 12 more
, while invoking ClientNamenodeProtocolTranslatorPB.delete over node-1-link-0/10.10.1.4:8020. Retrying after sleeping for 848ms.
2019-03-27 11:32:45,040 INFO  retry.RetryInvocationHandler RetryInvocationHandler.java:log:411 - org.apache.hadoop.ipc.RemoteException(org.apache.hadoop.ipc.RetriableException): org.apache.hadoop.hdfs.server.namenode.SafeModeException: Cannot delete /myfile3. Name node is in safe mode.
The reported blocks 32 has reached the threshold 0.9990 of total blocks 32. The number of live datanodes 4 has reached the minimum number 0. In safe mode extension. Safe mode will be turned off automatically in 8 seconds. NamenodeHostName:node-1-link-0
	at org.apache.hadoop.hdfs.server.namenode.FSNamesystem.checkNameNodeSafeMode(FSNamesystem.java:1441)
	at org.apache.hadoop.hdfs.server.namenode.FSNamesystem.delete(FSNamesystem.java:2986)
	at org.apache.hadoop.hdfs.server.namenode.NameNodeRpcServer.delete(NameNodeRpcServer.java:1095)
	at org.apache.hadoop.hdfs.protocolPB.ClientNamenodeProtocolServerSideTranslatorPB.delete(ClientNamenodeProtocolServerSideTranslatorPB.java:692)
	at org.apache.hadoop.hdfs.protocol.proto.ClientNamenodeProtocolProtos$ClientNamenodeProtocol$2.callBlockingMethod(ClientNamenodeProtocolProtos.java)
	at org.apache.hadoop.ipc.ProtobufRpcEngine$Server$ProtoBufRpcInvoker.call(ProtobufRpcEngine.java:523)
	at org.apache.hadoop.ipc.RPC$Server.call(RPC.java:991)
	at org.apache.hadoop.ipc.Server$RpcCall.run(Server.java:872)
	at org.apache.hadoop.ipc.Server$RpcCall.run(Server.java:818)
	at java.security.AccessController.doPrivileged(Native Method)
	at javax.security.auth.Subject.doAs(Subject.java:422)
	at org.apache.hadoop.security.UserGroupInformation.doAs(UserGroupInformation.java:1729)
	at org.apache.hadoop.ipc.Server$Handler.run(Server.java:2678)
Caused by: org.apache.hadoop.hdfs.server.namenode.SafeModeException: Cannot delete /myfile3. Name node is in safe mode.
The reported blocks 32 has reached the threshold 0.9990 of total blocks 32. The number of live datanodes 4 has reached the minimum number 0. In safe mode extension. Safe mode will be turned off automatically in 8 seconds. NamenodeHostName:node-1-link-0
	at org.apache.hadoop.hdfs.server.namenode.FSNamesystem.newSafemodeException(FSNamesystem.java:1450)
	at org.apache.hadoop.hdfs.server.namenode.FSNamesystem.checkNameNodeSafeMode(FSNamesystem.java:1437)
	... 12 more
, while invoking ClientNamenodeProtocolTranslatorPB.delete over node-1-link-0/10.10.1.4:8020. Retrying after sleeping for 2019ms.
2019-03-27 11:32:47,071 INFO  retry.RetryInvocationHandler RetryInvocationHandler.java:log:411 - org.apache.hadoop.ipc.RemoteException(org.apache.hadoop.ipc.RetriableException): org.apache.hadoop.hdfs.server.namenode.SafeModeException: Cannot delete /myfile3. Name node is in safe mode.
The reported blocks 32 has reached the threshold 0.9990 of total blocks 32. The number of live datanodes 4 has reached the minimum number 0. In safe mode extension. Safe mode will be turned off automatically in 6 seconds. NamenodeHostName:node-1-link-0
	at org.apache.hadoop.hdfs.server.namenode.FSNamesystem.checkNameNodeSafeMode(FSNamesystem.java:1441)
	at org.apache.hadoop.hdfs.server.namenode.FSNamesystem.delete(FSNamesystem.java:2986)
	at org.apache.hadoop.hdfs.server.namenode.NameNodeRpcServer.delete(NameNodeRpcServer.java:1095)
	at org.apache.hadoop.hdfs.protocolPB.ClientNamenodeProtocolServerSideTranslatorPB.delete(ClientNamenodeProtocolServerSideTranslatorPB.java:692)
	at org.apache.hadoop.hdfs.protocol.proto.ClientNamenodeProtocolProtos$ClientNamenodeProtocol$2.callBlockingMethod(ClientNamenodeProtocolProtos.java)
	at org.apache.hadoop.ipc.ProtobufRpcEngine$Server$ProtoBufRpcInvoker.call(ProtobufRpcEngine.java:523)
	at org.apache.hadoop.ipc.RPC$Server.call(RPC.java:991)
	at org.apache.hadoop.ipc.Server$RpcCall.run(Server.java:872)
	at org.apache.hadoop.ipc.Server$RpcCall.run(Server.java:818)
	at java.security.AccessController.doPrivileged(Native Method)
	at javax.security.auth.Subject.doAs(Subject.java:422)
	at org.apache.hadoop.security.UserGroupInformation.doAs(UserGroupInformation.java:1729)
	at org.apache.hadoop.ipc.Server$Handler.run(Server.java:2678)
Caused by: org.apache.hadoop.hdfs.server.namenode.SafeModeException: Cannot delete /myfile3. Name node is in safe mode.
The reported blocks 32 has reached the threshold 0.9990 of total blocks 32. The number of live datanodes 4 has reached the minimum number 0. In safe mode extension. Safe mode will be turned off automatically in 6 seconds. NamenodeHostName:node-1-link-0
	at org.apache.hadoop.hdfs.server.namenode.FSNamesystem.newSafemodeException(FSNamesystem.java:1450)
	at org.apache.hadoop.hdfs.server.namenode.FSNamesystem.checkNameNodeSafeMode(FSNamesystem.java:1437)
	... 12 more
, while invoking ClientNamenodeProtocolTranslatorPB.delete over node-1-link-0/10.10.1.4:8020. Retrying after sleeping for 3466ms.
2019-03-27 11:32:50,541 INFO  retry.RetryInvocationHandler RetryInvocationHandler.java:log:411 - org.apache.hadoop.ipc.RemoteException(org.apache.hadoop.ipc.RetriableException): org.apache.hadoop.hdfs.server.namenode.SafeModeException: Cannot delete /myfile3. Name node is in safe mode.
The reported blocks 32 has reached the threshold 0.9990 of total blocks 32. The number of live datanodes 4 has reached the minimum number 0. In safe mode extension. Safe mode will be turned off automatically in 2 seconds. NamenodeHostName:node-1-link-0
	at org.apache.hadoop.hdfs.server.namenode.FSNamesystem.checkNameNodeSafeMode(FSNamesystem.java:1441)
	at org.apache.hadoop.hdfs.server.namenode.FSNamesystem.delete(FSNamesystem.java:2986)
	at org.apache.hadoop.hdfs.server.namenode.NameNodeRpcServer.delete(NameNodeRpcServer.java:1095)
	at org.apache.hadoop.hdfs.protocolPB.ClientNamenodeProtocolServerSideTranslatorPB.delete(ClientNamenodeProtocolServerSideTranslatorPB.java:692)
	at org.apache.hadoop.hdfs.protocol.proto.ClientNamenodeProtocolProtos$ClientNamenodeProtocol$2.callBlockingMethod(ClientNamenodeProtocolProtos.java)
	at org.apache.hadoop.ipc.ProtobufRpcEngine$Server$ProtoBufRpcInvoker.call(ProtobufRpcEngine.java:523)
	at org.apache.hadoop.ipc.RPC$Server.call(RPC.java:991)
	at org.apache.hadoop.ipc.Server$RpcCall.run(Server.java:872)
	at org.apache.hadoop.ipc.Server$RpcCall.run(Server.java:818)
	at java.security.AccessController.doPrivileged(Native Method)
	at javax.security.auth.Subject.doAs(Subject.java:422)
	at org.apache.hadoop.security.UserGroupInformation.doAs(UserGroupInformation.java:1729)
	at org.apache.hadoop.ipc.Server$Handler.run(Server.java:2678)
Caused by: org.apache.hadoop.hdfs.server.namenode.SafeModeException: Cannot delete /myfile3. Name node is in safe mode.
The reported blocks 32 has reached the threshold 0.9990 of total blocks 32. The number of live datanodes 4 has reached the minimum number 0. In safe mode extension. Safe mode will be turned off automatically in 2 seconds. NamenodeHostName:node-1-link-0
	at org.apache.hadoop.hdfs.server.namenode.FSNamesystem.newSafemodeException(FSNamesystem.java:1450)
	at org.apache.hadoop.hdfs.server.namenode.FSNamesystem.checkNameNodeSafeMode(FSNamesystem.java:1437)
	... 12 more
, while invoking ClientNamenodeProtocolTranslatorPB.delete over node-1-link-0/10.10.1.4:8020. Retrying after sleeping for 6488ms.
Deleted /myfile3
file 3 has been removed from HDFS
Found 5 items
-rw-r--r--   3 root supergroup 1073741824 2019-03-27 11:33 /myfile1
-rw-r--r--   3 root supergroup          0 2019-03-27 11:33 /myfile2._COPYING_
-rw-r--r--   3 root supergroup 1073741824 2019-03-27 11:33 /myfile3
-rw-r--r--   3 root supergroup 1073741824 2019-03-27 11:33 /myfile4
-rw-r--r--   3 root supergroup 1073741824 2019-03-27 11:32 /myfile5
file 3 has been put into HDFS
file 3 has been read from HDFS for 1 time
diff succeed!
file 3 has been read from HDFS for 2 time
diff succeed!
file 3 has been read from HDFS for 3 time
diff succeed!
file 3 has been read from HDFS for 4 time
diff succeed!
file 3 has been read from HDFS for 5 time
diff succeed!
file 3 has been read from HDFS for 6 time
diff succeed!
file 3 has been read from HDFS for 7 time
diff succeed!
file 3 has been read from HDFS for 8 time
diff succeed!
file 3 has been read from HDFS for 9 time
diff succeed!
file 3 has been read from HDFS for 10 time
diff succeed!
Deleted /myfile3
file 3 has been removed from HDFS
Found 5 items
-rw-r--r--   3 root supergroup 1073741824 2019-03-27 11:34 /myfile1
-rw-r--r--   3 root supergroup 1073741824 2019-03-27 11:33 /myfile2
-rw-r--r--   3 root supergroup 1073741824 2019-03-27 11:35 /myfile3
-rw-r--r--   3 root supergroup 1073741824 2019-03-27 11:34 /myfile4
-rw-r--r--   3 root supergroup 1073741824 2019-03-27 11:33 /myfile5
file 3 has been put into HDFS
file 3 has been read from HDFS for 1 time
diff succeed!
file 3 has been read from HDFS for 2 time
diff succeed!
file 3 has been read from HDFS for 3 time
diff succeed!
file 3 has been read from HDFS for 4 time
diff succeed!
file 3 has been read from HDFS for 5 time
diff succeed!
file 3 has been read from HDFS for 6 time
diff succeed!
file 3 has been read from HDFS for 7 time
diff succeed!
file 3 has been read from HDFS for 8 time
diff succeed!
file 3 has been read from HDFS for 9 time
diff succeed!
file 3 has been read from HDFS for 10 time
diff succeed!
Deleted /myfile3
file 3 has been removed from HDFS
Found 4 items
-rw-r--r--   3 root supergroup 1073741824 2019-03-27 11:34 /myfile1
-rw-r--r--   3 root supergroup 1073741824 2019-03-27 11:36 /myfile2
-rw-r--r--   3 root supergroup 1073741824 2019-03-27 11:36 /myfile3
-rw-r--r--   3 root supergroup 1073741824 2019-03-27 11:36 /myfile5
file 3 has been put into HDFS
file 3 has been read from HDFS for 1 time
diff succeed!
file 3 has been read from HDFS for 2 time
diff succeed!
file 3 has been read from HDFS for 3 time
diff succeed!
file 3 has been read from HDFS for 4 time
diff succeed!
file 3 has been read from HDFS for 5 time
diff succeed!
file 3 has been read from HDFS for 6 time
diff succeed!
file 3 has been read from HDFS for 7 time
diff succeed!
file 3 has been read from HDFS for 8 time
diff succeed!
file 3 has been read from HDFS for 9 time
diff succeed!
file 3 has been read from HDFS for 10 time
diff succeed!
Deleted /myfile3
file 3 has been removed from HDFS
2019-03-27 11:38:19,461 INFO  retry.RetryInvocationHandler RetryInvocationHandler.java:log:411 - java.io.EOFException: End of File Exception between local host is: "clnode034.clemson.cloudlab.us/130.127.133.43"; destination host is: "node-0-link-0":8020; : java.io.EOFException; For more details see:  http://wiki.apache.org/hadoop/EOFException, while invoking ClientNamenodeProtocolTranslatorPB.addBlock over node-0-link-0/10.10.1.1:8020. Trying to failover immediately.
2019-03-27 11:38:19,499 INFO  retry.RetryInvocationHandler RetryInvocationHandler.java:log:411 - org.apache.hadoop.ipc.RemoteException(org.apache.hadoop.ipc.StandbyException): Operation category READ is not supported in state standby. Visit https://s.apache.org/sbnn-error
	at org.apache.hadoop.hdfs.server.namenode.ha.StandbyState.checkOperation(StandbyState.java:88)
	at org.apache.hadoop.hdfs.server.namenode.NameNode$NameNodeHAContext.checkOperation(NameNode.java:1952)
	at org.apache.hadoop.hdfs.server.namenode.FSNamesystem.checkOperation(FSNamesystem.java:1423)
	at org.apache.hadoop.hdfs.server.namenode.FSNamesystem.getAdditionalBlock(FSNamesystem.java:2674)
	at org.apache.hadoop.hdfs.server.namenode.NameNodeRpcServer.addBlock(NameNodeRpcServer.java:875)
	at org.apache.hadoop.hdfs.protocolPB.ClientNamenodeProtocolServerSideTranslatorPB.addBlock(ClientNamenodeProtocolServerSideTranslatorPB.java:561)
	at org.apache.hadoop.hdfs.protocol.proto.ClientNamenodeProtocolProtos$ClientNamenodeProtocol$2.callBlockingMethod(ClientNamenodeProtocolProtos.java)
	at org.apache.hadoop.ipc.ProtobufRpcEngine$Server$ProtoBufRpcInvoker.call(ProtobufRpcEngine.java:523)
	at org.apache.hadoop.ipc.RPC$Server.call(RPC.java:991)
	at org.apache.hadoop.ipc.Server$RpcCall.run(Server.java:872)
	at org.apache.hadoop.ipc.Server$RpcCall.run(Server.java:818)
	at java.security.AccessController.doPrivileged(Native Method)
	at javax.security.auth.Subject.doAs(Subject.java:422)
	at org.apache.hadoop.security.UserGroupInformation.doAs(UserGroupInformation.java:1729)
	at org.apache.hadoop.ipc.Server$Handler.run(Server.java:2678)
, while invoking ClientNamenodeProtocolTranslatorPB.addBlock over node-1-link-0/10.10.1.4:8020 after 1 failover attempts. Trying to failover after sleeping for 783ms.
2019-03-27 11:38:20,288 INFO  retry.RetryInvocationHandler RetryInvocationHandler.java:log:411 - java.net.ConnectException: Call From clnode034.clemson.cloudlab.us/130.127.133.43 to node-0-link-0:8020 failed on connection exception: java.net.ConnectException: Connection refused; For more details see:  http://wiki.apache.org/hadoop/ConnectionRefused, while invoking ClientNamenodeProtocolTranslatorPB.addBlock over node-0-link-0/10.10.1.1:8020 after 2 failover attempts. Trying to failover after sleeping for 2487ms.
2019-03-27 11:38:23,202 INFO  retry.RetryInvocationHandler RetryInvocationHandler.java:log:411 - org.apache.hadoop.ipc.RemoteException(org.apache.hadoop.ipc.RetriableException): org.apache.hadoop.hdfs.server.namenode.SafeModeException: Cannot add block to /myfile3._COPYING_. Name node is in safe mode.
The reported blocks 32 has reached the threshold 0.9990 of total blocks 32. The number of live datanodes 4 has reached the minimum number 0. In safe mode extension. Safe mode will be turned off automatically in 11 seconds. NamenodeHostName:node-1-link-0
	at org.apache.hadoop.hdfs.server.namenode.FSNamesystem.checkNameNodeSafeMode(FSNamesystem.java:1441)
	at org.apache.hadoop.hdfs.server.namenode.FSDirWriteFileOp.analyzeFileState(FSDirWriteFileOp.java:591)
	at org.apache.hadoop.hdfs.server.namenode.FSDirWriteFileOp.validateAddBlock(FSDirWriteFileOp.java:172)
	at org.apache.hadoop.hdfs.server.namenode.FSNamesystem.getAdditionalBlock(FSNamesystem.java:2679)
	at org.apache.hadoop.hdfs.server.namenode.NameNodeRpcServer.addBlock(NameNodeRpcServer.java:875)
	at org.apache.hadoop.hdfs.protocolPB.ClientNamenodeProtocolServerSideTranslatorPB.addBlock(ClientNamenodeProtocolServerSideTranslatorPB.java:561)
	at org.apache.hadoop.hdfs.protocol.proto.ClientNamenodeProtocolProtos$ClientNamenodeProtocol$2.callBlockingMethod(ClientNamenodeProtocolProtos.java)
	at org.apache.hadoop.ipc.ProtobufRpcEngine$Server$ProtoBufRpcInvoker.call(ProtobufRpcEngine.java:523)
	at org.apache.hadoop.ipc.RPC$Server.call(RPC.java:991)
	at org.apache.hadoop.ipc.Server$RpcCall.run(Server.java:872)
	at org.apache.hadoop.ipc.Server$RpcCall.run(Server.java:818)
	at java.security.AccessController.doPrivileged(Native Method)
	at javax.security.auth.Subject.doAs(Subject.java:422)
	at org.apache.hadoop.security.UserGroupInformation.doAs(UserGroupInformation.java:1729)
	at org.apache.hadoop.ipc.Server$Handler.run(Server.java:2678)
Caused by: org.apache.hadoop.hdfs.server.namenode.SafeModeException: Cannot add block to /myfile3._COPYING_. Name node is in safe mode.
The reported blocks 32 has reached the threshold 0.9990 of total blocks 32. The number of live datanodes 4 has reached the minimum number 0. In safe mode extension. Safe mode will be turned off automatically in 11 seconds. NamenodeHostName:node-1-link-0
	at org.apache.hadoop.hdfs.server.namenode.FSNamesystem.newSafemodeException(FSNamesystem.java:1450)
	at org.apache.hadoop.hdfs.server.namenode.FSNamesystem.checkNameNodeSafeMode(FSNamesystem.java:1437)
	... 14 more
, while invoking ClientNamenodeProtocolTranslatorPB.addBlock over node-1-link-0/10.10.1.4:8020 after 3 failover attempts. Retrying after sleeping for 3636ms.
2019-03-27 11:38:26,842 INFO  retry.RetryInvocationHandler RetryInvocationHandler.java:log:411 - org.apache.hadoop.ipc.RemoteException(org.apache.hadoop.ipc.RetriableException): org.apache.hadoop.hdfs.server.namenode.SafeModeException: Cannot add block to /myfile3._COPYING_. Name node is in safe mode.
The reported blocks 32 has reached the threshold 0.9990 of total blocks 32. The number of live datanodes 4 has reached the minimum number 0. In safe mode extension. Safe mode will be turned off automatically in 7 seconds. NamenodeHostName:node-1-link-0
	at org.apache.hadoop.hdfs.server.namenode.FSNamesystem.checkNameNodeSafeMode(FSNamesystem.java:1441)
	at org.apache.hadoop.hdfs.server.namenode.FSDirWriteFileOp.analyzeFileState(FSDirWriteFileOp.java:591)
	at org.apache.hadoop.hdfs.server.namenode.FSDirWriteFileOp.validateAddBlock(FSDirWriteFileOp.java:172)
	at org.apache.hadoop.hdfs.server.namenode.FSNamesystem.getAdditionalBlock(FSNamesystem.java:2679)
	at org.apache.hadoop.hdfs.server.namenode.NameNodeRpcServer.addBlock(NameNodeRpcServer.java:875)
	at org.apache.hadoop.hdfs.protocolPB.ClientNamenodeProtocolServerSideTranslatorPB.addBlock(ClientNamenodeProtocolServerSideTranslatorPB.java:561)
	at org.apache.hadoop.hdfs.protocol.proto.ClientNamenodeProtocolProtos$ClientNamenodeProtocol$2.callBlockingMethod(ClientNamenodeProtocolProtos.java)
	at org.apache.hadoop.ipc.ProtobufRpcEngine$Server$ProtoBufRpcInvoker.call(ProtobufRpcEngine.java:523)
	at org.apache.hadoop.ipc.RPC$Server.call(RPC.java:991)
	at org.apache.hadoop.ipc.Server$RpcCall.run(Server.java:872)
	at org.apache.hadoop.ipc.Server$RpcCall.run(Server.java:818)
	at java.security.AccessController.doPrivileged(Native Method)
	at javax.security.auth.Subject.doAs(Subject.java:422)
	at org.apache.hadoop.security.UserGroupInformation.doAs(UserGroupInformation.java:1729)
	at org.apache.hadoop.ipc.Server$Handler.run(Server.java:2678)
Caused by: org.apache.hadoop.hdfs.server.namenode.SafeModeException: Cannot add block to /myfile3._COPYING_. Name node is in safe mode.
The reported blocks 32 has reached the threshold 0.9990 of total blocks 32. The number of live datanodes 4 has reached the minimum number 0. In safe mode extension. Safe mode will be turned off automatically in 7 seconds. NamenodeHostName:node-1-link-0
	at org.apache.hadoop.hdfs.server.namenode.FSNamesystem.newSafemodeException(FSNamesystem.java:1450)
	at org.apache.hadoop.hdfs.server.namenode.FSNamesystem.checkNameNodeSafeMode(FSNamesystem.java:1437)
	... 14 more
, while invoking ClientNamenodeProtocolTranslatorPB.addBlock over node-1-link-0/10.10.1.4:8020 after 3 failover attempts. Retrying after sleeping for 9405ms.
Found 5 items
-rw-r--r--   3 root supergroup 1073741824 2019-03-27 11:37 /myfile1
-rw-r--r--   3 root supergroup 1073741824 2019-03-27 11:37 /myfile2
-rw-r--r--   3 root supergroup 1073741824 2019-03-27 11:38 /myfile3
-rw-r--r--   3 root supergroup  134217728 2019-03-27 11:38 /myfile4._COPYING_
-rw-r--r--   3 root supergroup 1073741824 2019-03-27 11:37 /myfile5
file 3 has been put into HDFS
file 3 has been read from HDFS for 1 time
diff succeed!
file 3 has been read from HDFS for 2 time
diff succeed!
file 3 has been read from HDFS for 3 time
diff succeed!
file 3 has been read from HDFS for 4 time
diff succeed!
file 3 has been read from HDFS for 5 time
diff succeed!
file 3 has been read from HDFS for 6 time
diff succeed!
file 3 has been read from HDFS for 7 time
diff succeed!
file 3 has been read from HDFS for 8 time
diff succeed!
file 3 has been read from HDFS for 9 time
diff succeed!
file 3 has been read from HDFS for 10 time
diff succeed!
Deleted /myfile3
file 3 has been removed from HDFS
Found 5 items
-rw-r--r--   3 root supergroup 1073741824 2019-03-27 11:40 /myfile1
-rw-r--r--   3 root supergroup 1073741824 2019-03-27 11:39 /myfile2
-rw-r--r--   3 root supergroup 1073741824 2019-03-27 11:40 /myfile3
-rw-r--r--   3 root supergroup 1073741824 2019-03-27 11:40 /myfile4
-rw-r--r--   3 root supergroup 1073741824 2019-03-27 11:39 /myfile5
file 3 has been put into HDFS
file 3 has been read from HDFS for 1 time
diff succeed!
file 3 has been read from HDFS for 2 time
diff succeed!
file 3 has been read from HDFS for 3 time
diff succeed!
file 3 has been read from HDFS for 4 time
diff succeed!
file 3 has been read from HDFS for 5 time
diff succeed!
file 3 has been read from HDFS for 6 time
diff succeed!
file 3 has been read from HDFS for 7 time
diff succeed!
file 3 has been read from HDFS for 8 time
diff succeed!
file 3 has been read from HDFS for 9 time
diff succeed!
file 3 has been read from HDFS for 10 time
diff succeed!
Deleted /myfile3
file 3 has been removed from HDFS
Found 5 items
-rw-r--r--   3 root supergroup 1073741824 2019-03-27 11:41 /myfile1
-rw-r--r--   3 root supergroup 1073741824 2019-03-27 11:41 /myfile2
-rw-r--r--   3 root supergroup 1073741824 2019-03-27 11:41 /myfile3
-rw-r--r--   3 root supergroup 1073741824 2019-03-27 11:41 /myfile4
-rw-r--r--   3 root supergroup 1073741824 2019-03-27 11:41 /myfile5
file 3 has been put into HDFS
file 3 has been read from HDFS for 1 time
diff succeed!
file 3 has been read from HDFS for 2 time
diff succeed!
file 3 has been read from HDFS for 3 time
diff succeed!
file 3 has been read from HDFS for 4 time
diff succeed!
file 3 has been read from HDFS for 5 time
diff succeed!
file 3 has been read from HDFS for 6 time
diff succeed!
file 3 has been read from HDFS for 7 time
diff succeed!
file 3 has been read from HDFS for 8 time
diff succeed!
file 3 has been read from HDFS for 9 time
diff succeed!
file 3 has been read from HDFS for 10 time
diff succeed!
Deleted /myfile3
file 3 has been removed from HDFS
