Found 5 items
-rw-r--r--   3 root supergroup 1073741824 2019-03-21 07:20 /myfile1
-rw-r--r--   3 root supergroup 1073741824 2019-03-21 07:20 /myfile2
-rw-r--r--   3 root supergroup 1073741824 2019-03-21 07:20 /myfile3
-rw-r--r--   3 root supergroup 1073741824 2019-03-21 07:20 /myfile4
-rw-r--r--   3 root supergroup 1073741824 2019-03-21 07:20 /myfile5
file 1 has been put into HDFS
file 1 has been read from HDFS for 1 time
diff succeed!
file 1 has been read from HDFS for 2 time
diff succeed!
file 1 has been read from HDFS for 3 time
diff succeed!
file 1 has been read from HDFS for 4 time
diff succeed!
file 1 has been read from HDFS for 5 time
diff succeed!
file 1 has been read from HDFS for 6 time
diff succeed!
file 1 has been read from HDFS for 7 time
diff succeed!
file 1 has been read from HDFS for 8 time
diff succeed!
file 1 has been read from HDFS for 9 time
diff succeed!
file 1 has been read from HDFS for 10 time
diff succeed!
Deleted /myfile1
file 1 has been removed from HDFS
Found 5 items
-rw-r--r--   3 root supergroup 1073741824 2019-03-21 07:22 /myfile1
-rw-r--r--   3 root supergroup 1073741824 2019-03-21 07:22 /myfile2
-rw-r--r--   3 root supergroup 1073741824 2019-03-21 07:22 /myfile3
-rw-r--r--   3 root supergroup 1073741824 2019-03-21 07:22 /myfile4
-rw-r--r--   3 root supergroup  671088640 2019-03-21 07:22 /myfile5._COPYING_
file 1 has been put into HDFS
file 1 has been read from HDFS for 1 time
diff succeed!
file 1 has been read from HDFS for 2 time
diff succeed!
file 1 has been read from HDFS for 3 time
diff succeed!
file 1 has been read from HDFS for 4 time
diff succeed!
file 1 has been read from HDFS for 5 time
diff succeed!
file 1 has been read from HDFS for 6 time
diff succeed!
file 1 has been read from HDFS for 7 time
diff succeed!
file 1 has been read from HDFS for 8 time
diff succeed!
file 1 has been read from HDFS for 9 time
diff succeed!
file 1 has been read from HDFS for 10 time
diff succeed!
Deleted /myfile1
file 1 has been removed from HDFS
Found 4 items
-rw-r--r--   3 root supergroup 1073741824 2019-03-21 07:24 /myfile1
-rw-r--r--   3 root supergroup  402653184 2019-03-21 07:23 /myfile2._COPYING_
-rw-r--r--   3 root supergroup 1073741824 2019-03-21 07:23 /myfile3
-rw-r--r--   3 root supergroup 1073741824 2019-03-21 07:23 /myfile4
file 1 has been put into HDFS
file 1 has been read from HDFS for 1 time
diff succeed!
file 1 has been read from HDFS for 2 time
diff succeed!
file 1 has been read from HDFS for 3 time
diff succeed!
file 1 has been read from HDFS for 4 time
diff succeed!
file 1 has been read from HDFS for 5 time
diff succeed!
file 1 has been read from HDFS for 6 time
diff succeed!
file 1 has been read from HDFS for 7 time
diff succeed!
file 1 has been read from HDFS for 8 time
diff succeed!
file 1 has been read from HDFS for 9 time
diff succeed!
file 1 has been read from HDFS for 10 time
diff succeed!
Deleted /myfile1
file 1 has been removed from HDFS
2019-03-21 07:25:26,697 INFO  retry.RetryInvocationHandler RetryInvocationHandler.java:log:411 - java.io.IOException: DestHost:destPort node-1-link-0:8020 , LocalHost:localPort clnode087.clemson.cloudlab.us/130.127.133.96:0. Failed on local exception: java.io.IOException: Connection reset by peer, while invoking ClientNamenodeProtocolTranslatorPB.addBlock over node-1-link-0/10.10.1.4:8020. Trying to failover immediately.
2019-03-21 07:25:26,706 INFO  retry.RetryInvocationHandler RetryInvocationHandler.java:log:411 - org.apache.hadoop.ipc.RemoteException(org.apache.hadoop.ipc.StandbyException): Operation category READ is not supported in state standby. Visit https://s.apache.org/sbnn-error
	at org.apache.hadoop.hdfs.server.namenode.ha.StandbyState.checkOperation(StandbyState.java:88)
	at org.apache.hadoop.hdfs.server.namenode.NameNode$NameNodeHAContext.checkOperation(NameNode.java:1952)
	at org.apache.hadoop.hdfs.server.namenode.FSNamesystem.checkOperation(FSNamesystem.java:1423)
	at org.apache.hadoop.hdfs.server.namenode.FSNamesystem.getAdditionalBlock(FSNamesystem.java:2674)
	at org.apache.hadoop.hdfs.server.namenode.NameNodeRpcServer.addBlock(NameNodeRpcServer.java:875)
	at org.apache.hadoop.hdfs.protocolPB.ClientNamenodeProtocolServerSideTranslatorPB.addBlock(ClientNamenodeProtocolServerSideTranslatorPB.java:561)
	at org.apache.hadoop.hdfs.protocol.proto.ClientNamenodeProtocolProtos$ClientNamenodeProtocol$2.callBlockingMethod(ClientNamenodeProtocolProtos.java)
	at org.apache.hadoop.ipc.ProtobufRpcEngine$Server$ProtoBufRpcInvoker.call(ProtobufRpcEngine.java:523)
	at org.apache.hadoop.ipc.RPC$Server.call(RPC.java:991)
	at org.apache.hadoop.ipc.Server$RpcCall.run(Server.java:872)
	at org.apache.hadoop.ipc.Server$RpcCall.run(Server.java:818)
	at java.security.AccessController.doPrivileged(Native Method)
	at javax.security.auth.Subject.doAs(Subject.java:422)
	at org.apache.hadoop.security.UserGroupInformation.doAs(UserGroupInformation.java:1729)
	at org.apache.hadoop.ipc.Server$Handler.run(Server.java:2678)
, while invoking ClientNamenodeProtocolTranslatorPB.addBlock over node-0-link-0/10.10.1.1:8020 after 1 failover attempts. Trying to failover after sleeping for 1470ms.
2019-03-21 07:25:28,182 INFO  retry.RetryInvocationHandler RetryInvocationHandler.java:log:411 - java.net.ConnectException: Call From clnode087.clemson.cloudlab.us/130.127.133.96 to node-1-link-0:8020 failed on connection exception: java.net.ConnectException: Connection refused; For more details see:  http://wiki.apache.org/hadoop/ConnectionRefused, while invoking ClientNamenodeProtocolTranslatorPB.addBlock over node-1-link-0/10.10.1.4:8020 after 2 failover attempts. Trying to failover after sleeping for 1986ms.
Found 4 items
-rw-r--r--   3 root supergroup 1073741824 2019-03-21 07:25 /myfile1
-rw-r--r--   3 root supergroup 1073741824 2019-03-21 07:25 /myfile2._COPYING_
-rw-r--r--   3 root supergroup 1073741824 2019-03-21 07:25 /myfile3
-rw-r--r--   3 root supergroup 1073741824 2019-03-21 07:25 /myfile4
file 1 has been put into HDFS
file 1 has been read from HDFS for 1 time
diff succeed!
file 1 has been read from HDFS for 2 time
diff succeed!
file 1 has been read from HDFS for 3 time
diff succeed!
file 1 has been read from HDFS for 4 time
diff succeed!
file 1 has been read from HDFS for 5 time
diff succeed!
file 1 has been read from HDFS for 6 time
diff succeed!
file 1 has been read from HDFS for 7 time
diff succeed!
file 1 has been read from HDFS for 8 time
diff succeed!
file 1 has been read from HDFS for 9 time
diff succeed!
file 1 has been read from HDFS for 10 time
diff succeed!
Deleted /myfile1
file 1 has been removed from HDFS
Found 4 items
-rw-r--r--   3 root supergroup 1073741824 2019-03-21 07:27 /myfile1
-rw-r--r--   3 root supergroup 1073741824 2019-03-21 07:27 /myfile2
-rw-r--r--   3 root supergroup 1073741824 2019-03-21 07:26 /myfile3
-rw-r--r--   3 root supergroup 1073741824 2019-03-21 07:26 /myfile4
file 1 has been put into HDFS
file 1 has been read from HDFS for 1 time
diff succeed!
file 1 has been read from HDFS for 2 time
diff succeed!
file 1 has been read from HDFS for 3 time
diff succeed!
file 1 has been read from HDFS for 4 time
diff succeed!
file 1 has been read from HDFS for 5 time
diff succeed!
file 1 has been read from HDFS for 6 time
diff succeed!
file 1 has been read from HDFS for 7 time
diff succeed!
file 1 has been read from HDFS for 8 time
diff succeed!
file 1 has been read from HDFS for 9 time
diff succeed!
file 1 has been read from HDFS for 10 time
diff succeed!
Deleted /myfile1
file 1 has been removed from HDFS
Found 5 items
-rw-r--r--   3 root supergroup 1073741824 2019-03-21 07:29 /myfile1
-rw-r--r--   3 root supergroup 1073741824 2019-03-21 07:29 /myfile2
-rw-r--r--   3 root supergroup 1073741824 2019-03-21 07:28 /myfile3
-rw-r--r--   3 root supergroup 1073741824 2019-03-21 07:28 /myfile4
-rw-r--r--   3 root supergroup  805306368 2019-03-21 07:29 /myfile5._COPYING_
file 1 has been put into HDFS
file 1 has been read from HDFS for 1 time
diff succeed!
file 1 has been read from HDFS for 2 time
diff succeed!
file 1 has been read from HDFS for 3 time
diff succeed!
file 1 has been read from HDFS for 4 time
diff succeed!
file 1 has been read from HDFS for 5 time
diff succeed!
file 1 has been read from HDFS for 6 time
diff succeed!
file 1 has been read from HDFS for 7 time
diff succeed!
file 1 has been read from HDFS for 8 time
diff succeed!
file 1 has been read from HDFS for 9 time
diff succeed!
file 1 has been read from HDFS for 10 time
diff succeed!
Deleted /myfile1
file 1 has been removed from HDFS
Found 5 items
-rw-r--r--   3 root supergroup 1073741824 2019-03-21 07:30 /myfile1
-rw-r--r--   3 root supergroup 1073741824 2019-03-21 07:30 /myfile2
-rw-r--r--   3 root supergroup 1073741824 2019-03-21 07:30 /myfile3
-rw-r--r--   3 root supergroup 1073741824 2019-03-21 07:30 /myfile4
-rw-r--r--   3 root supergroup 1073741824 2019-03-21 07:29 /myfile5
file 1 has been put into HDFS
file 1 has been read from HDFS for 1 time
diff succeed!
file 1 has been read from HDFS for 2 time
diff succeed!
file 1 has been read from HDFS for 3 time
diff succeed!
file 1 has been read from HDFS for 4 time
diff succeed!
file 1 has been read from HDFS for 5 time
diff succeed!
file 1 has been read from HDFS for 6 time
diff succeed!
file 1 has been read from HDFS for 7 time
diff succeed!
file 1 has been read from HDFS for 8 time
diff succeed!
file 1 has been read from HDFS for 9 time
diff succeed!
file 1 has been read from HDFS for 10 time
diff succeed!
Deleted /myfile1
file 1 has been removed from HDFS
Found 5 items
-rw-r--r--   3 root supergroup 1073741824 2019-03-21 07:32 /myfile1
-rw-r--r--   3 root supergroup  134217728 2019-03-21 07:32 /myfile2._COPYING_
-rw-r--r--   3 root supergroup 1073741824 2019-03-21 07:32 /myfile3
-rw-r--r--   3 root supergroup 1073741824 2019-03-21 07:32 /myfile4
-rw-r--r--   3 root supergroup 1073741824 2019-03-21 07:31 /myfile5
file 1 has been put into HDFS
file 1 has been read from HDFS for 1 time
diff succeed!
file 1 has been read from HDFS for 2 time
diff succeed!
file 1 has been read from HDFS for 3 time
diff succeed!
file 1 has been read from HDFS for 4 time
diff succeed!
file 1 has been read from HDFS for 5 time
diff succeed!
file 1 has been read from HDFS for 6 time
diff succeed!
file 1 has been read from HDFS for 7 time
diff succeed!
file 1 has been read from HDFS for 8 time
diff succeed!
file 1 has been read from HDFS for 9 time
diff succeed!
file 1 has been read from HDFS for 10 time
diff succeed!
Deleted /myfile1
file 1 has been removed from HDFS
Found 5 items
-rw-r--r--   3 root supergroup 1073741824 2019-03-21 07:34 /myfile1
-rw-r--r--   3 root supergroup 1073741824 2019-03-21 07:34 /myfile2
-rw-r--r--   3 root supergroup 1073741824 2019-03-21 07:33 /myfile3
-rw-r--r--   3 root supergroup 1073741824 2019-03-21 07:33 /myfile4
-rw-r--r--   3 root supergroup  134217728 2019-03-21 07:34 /myfile5._COPYING_
file 1 has been put into HDFS
file 1 has been read from HDFS for 1 time
diff succeed!
file 1 has been read from HDFS for 2 time
diff succeed!
file 1 has been read from HDFS for 3 time
diff succeed!
file 1 has been read from HDFS for 4 time
diff succeed!
file 1 has been read from HDFS for 5 time
diff succeed!
file 1 has been read from HDFS for 6 time
diff succeed!
file 1 has been read from HDFS for 7 time
diff succeed!
file 1 has been read from HDFS for 8 time
diff succeed!
file 1 has been read from HDFS for 9 time
diff succeed!
file 1 has been read from HDFS for 10 time
diff succeed!
Deleted /myfile1
file 1 has been removed from HDFS
Found 5 items
-rw-r--r--   3 root supergroup 1073741824 2019-03-21 07:36 /myfile1
-rw-r--r--   3 root supergroup 1073741824 2019-03-21 07:36 /myfile2
-rw-r--r--   3 root supergroup 1073741824 2019-03-21 07:35 /myfile3
-rw-r--r--   3 root supergroup 1073741824 2019-03-21 07:35 /myfile4
-rw-r--r--   3 root supergroup 1073741824 2019-03-21 07:36 /myfile5
file 1 has been put into HDFS
file 1 has been read from HDFS for 1 time
diff succeed!
file 1 has been read from HDFS for 2 time
diff succeed!
file 1 has been read from HDFS for 3 time
diff succeed!
file 1 has been read from HDFS for 4 time
diff succeed!
file 1 has been read from HDFS for 5 time
diff succeed!
file 1 has been read from HDFS for 6 time
diff succeed!
file 1 has been read from HDFS for 7 time
diff succeed!
file 1 has been read from HDFS for 8 time
diff succeed!
file 1 has been read from HDFS for 9 time
diff succeed!
2019-03-21 07:37:33,100 INFO  retry.RetryInvocationHandler RetryInvocationHandler.java:log:411 - java.io.IOException: DestHost:destPort node-0-link-0:8020 , LocalHost:localPort clnode087.clemson.cloudlab.us/130.127.133.96:0. Failed on local exception: java.io.IOException: Connection reset by peer, while invoking ClientNamenodeProtocolTranslatorPB.getServerDefaults over node-0-link-0/10.10.1.1:8020. Trying to failover immediately.
2019-03-21 07:37:33,140 INFO  retry.RetryInvocationHandler RetryInvocationHandler.java:log:411 - org.apache.hadoop.ipc.RemoteException(org.apache.hadoop.ipc.StandbyException): Operation category READ is not supported in state standby. Visit https://s.apache.org/sbnn-error
	at org.apache.hadoop.hdfs.server.namenode.ha.StandbyState.checkOperation(StandbyState.java:88)
	at org.apache.hadoop.hdfs.server.namenode.NameNode$NameNodeHAContext.checkOperation(NameNode.java:1952)
	at org.apache.hadoop.hdfs.server.namenode.FSNamesystem.checkOperation(FSNamesystem.java:1423)
	at org.apache.hadoop.hdfs.server.namenode.FSNamesystem.getServerDefaults(FSNamesystem.java:1856)
	at org.apache.hadoop.hdfs.server.namenode.NameNodeRpcServer.getServerDefaults(NameNodeRpcServer.java:745)
	at org.apache.hadoop.hdfs.protocolPB.ClientNamenodeProtocolServerSideTranslatorPB.getServerDefaults(ClientNamenodeProtocolServerSideTranslatorPB.java:444)
	at org.apache.hadoop.hdfs.protocol.proto.ClientNamenodeProtocolProtos$ClientNamenodeProtocol$2.callBlockingMethod(ClientNamenodeProtocolProtos.java)
	at org.apache.hadoop.ipc.ProtobufRpcEngine$Server$ProtoBufRpcInvoker.call(ProtobufRpcEngine.java:523)
	at org.apache.hadoop.ipc.RPC$Server.call(RPC.java:991)
	at org.apache.hadoop.ipc.Server$RpcCall.run(Server.java:872)
	at org.apache.hadoop.ipc.Server$RpcCall.run(Server.java:818)
	at java.security.AccessController.doPrivileged(Native Method)
	at javax.security.auth.Subject.doAs(Subject.java:422)
	at org.apache.hadoop.security.UserGroupInformation.doAs(UserGroupInformation.java:1729)
	at org.apache.hadoop.ipc.Server$Handler.run(Server.java:2678)
, while invoking ClientNamenodeProtocolTranslatorPB.getServerDefaults over node-1-link-0/10.10.1.4:8020 after 1 failover attempts. Trying to failover after sleeping for 970ms.
2019-03-21 07:37:34,154 INFO  retry.RetryInvocationHandler RetryInvocationHandler.java:log:411 - java.net.ConnectException: Call From clnode087.clemson.cloudlab.us/130.127.133.96 to node-0-link-0:8020 failed on connection exception: java.net.ConnectException: Connection refused; For more details see:  http://wiki.apache.org/hadoop/ConnectionRefused, while invoking ClientNamenodeProtocolTranslatorPB.getServerDefaults over node-0-link-0/10.10.1.1:8020 after 2 failover attempts. Trying to failover after sleeping for 2020ms.
file 1 has been read from HDFS for 10 time
diff succeed!
2019-03-21 07:37:44,879 INFO  retry.RetryInvocationHandler RetryInvocationHandler.java:log:411 - org.apache.hadoop.ipc.RemoteException(org.apache.hadoop.ipc.RetriableException): org.apache.hadoop.hdfs.server.namenode.SafeModeException: Cannot delete /myfile1. Name node is in safe mode.
The reported blocks 40 has reached the threshold 0.9990 of total blocks 40. The number of live datanodes 4 has reached the minimum number 0. In safe mode extension. Safe mode will be turned off automatically in 29 seconds. NamenodeHostName:node-1-link-0
	at org.apache.hadoop.hdfs.server.namenode.FSNamesystem.checkNameNodeSafeMode(FSNamesystem.java:1441)
	at org.apache.hadoop.hdfs.server.namenode.FSNamesystem.delete(FSNamesystem.java:2986)
	at org.apache.hadoop.hdfs.server.namenode.NameNodeRpcServer.delete(NameNodeRpcServer.java:1095)
	at org.apache.hadoop.hdfs.protocolPB.ClientNamenodeProtocolServerSideTranslatorPB.delete(ClientNamenodeProtocolServerSideTranslatorPB.java:692)
	at org.apache.hadoop.hdfs.protocol.proto.ClientNamenodeProtocolProtos$ClientNamenodeProtocol$2.callBlockingMethod(ClientNamenodeProtocolProtos.java)
	at org.apache.hadoop.ipc.ProtobufRpcEngine$Server$ProtoBufRpcInvoker.call(ProtobufRpcEngine.java:523)
	at org.apache.hadoop.ipc.RPC$Server.call(RPC.java:991)
	at org.apache.hadoop.ipc.Server$RpcCall.run(Server.java:872)
	at org.apache.hadoop.ipc.Server$RpcCall.run(Server.java:818)
	at java.security.AccessController.doPrivileged(Native Method)
	at javax.security.auth.Subject.doAs(Subject.java:422)
	at org.apache.hadoop.security.UserGroupInformation.doAs(UserGroupInformation.java:1729)
	at org.apache.hadoop.ipc.Server$Handler.run(Server.java:2678)
Caused by: org.apache.hadoop.hdfs.server.namenode.SafeModeException: Cannot delete /myfile1. Name node is in safe mode.
The reported blocks 40 has reached the threshold 0.9990 of total blocks 40. The number of live datanodes 4 has reached the minimum number 0. In safe mode extension. Safe mode will be turned off automatically in 29 seconds. NamenodeHostName:node-1-link-0
	at org.apache.hadoop.hdfs.server.namenode.FSNamesystem.newSafemodeException(FSNamesystem.java:1450)
	at org.apache.hadoop.hdfs.server.namenode.FSNamesystem.checkNameNodeSafeMode(FSNamesystem.java:1437)
	... 12 more
, while invoking ClientNamenodeProtocolTranslatorPB.delete over node-1-link-0/10.10.1.4:8020. Retrying immediately.
2019-03-21 07:37:44,887 INFO  retry.RetryInvocationHandler RetryInvocationHandler.java:log:411 - org.apache.hadoop.ipc.RemoteException(org.apache.hadoop.ipc.RetriableException): org.apache.hadoop.hdfs.server.namenode.SafeModeException: Cannot delete /myfile1. Name node is in safe mode.
The reported blocks 40 has reached the threshold 0.9990 of total blocks 40. The number of live datanodes 4 has reached the minimum number 0. In safe mode extension. Safe mode will be turned off automatically in 29 seconds. NamenodeHostName:node-1-link-0
	at org.apache.hadoop.hdfs.server.namenode.FSNamesystem.checkNameNodeSafeMode(FSNamesystem.java:1441)
	at org.apache.hadoop.hdfs.server.namenode.FSNamesystem.delete(FSNamesystem.java:2986)
	at org.apache.hadoop.hdfs.server.namenode.NameNodeRpcServer.delete(NameNodeRpcServer.java:1095)
	at org.apache.hadoop.hdfs.protocolPB.ClientNamenodeProtocolServerSideTranslatorPB.delete(ClientNamenodeProtocolServerSideTranslatorPB.java:692)
	at org.apache.hadoop.hdfs.protocol.proto.ClientNamenodeProtocolProtos$ClientNamenodeProtocol$2.callBlockingMethod(ClientNamenodeProtocolProtos.java)
	at org.apache.hadoop.ipc.ProtobufRpcEngine$Server$ProtoBufRpcInvoker.call(ProtobufRpcEngine.java:523)
	at org.apache.hadoop.ipc.RPC$Server.call(RPC.java:991)
	at org.apache.hadoop.ipc.Server$RpcCall.run(Server.java:872)
	at org.apache.hadoop.ipc.Server$RpcCall.run(Server.java:818)
	at java.security.AccessController.doPrivileged(Native Method)
	at javax.security.auth.Subject.doAs(Subject.java:422)
	at org.apache.hadoop.security.UserGroupInformation.doAs(UserGroupInformation.java:1729)
	at org.apache.hadoop.ipc.Server$Handler.run(Server.java:2678)
Caused by: org.apache.hadoop.hdfs.server.namenode.SafeModeException: Cannot delete /myfile1. Name node is in safe mode.
The reported blocks 40 has reached the threshold 0.9990 of total blocks 40. The number of live datanodes 4 has reached the minimum number 0. In safe mode extension. Safe mode will be turned off automatically in 29 seconds. NamenodeHostName:node-1-link-0
	at org.apache.hadoop.hdfs.server.namenode.FSNamesystem.newSafemodeException(FSNamesystem.java:1450)
	at org.apache.hadoop.hdfs.server.namenode.FSNamesystem.checkNameNodeSafeMode(FSNamesystem.java:1437)
	... 12 more
, while invoking ClientNamenodeProtocolTranslatorPB.delete over node-1-link-0/10.10.1.4:8020. Retrying after sleeping for 1303ms.
2019-03-21 07:37:46,193 INFO  retry.RetryInvocationHandler RetryInvocationHandler.java:log:411 - org.apache.hadoop.ipc.RemoteException(org.apache.hadoop.ipc.RetriableException): org.apache.hadoop.hdfs.server.namenode.SafeModeException: Cannot delete /myfile1. Name node is in safe mode.
The reported blocks 40 has reached the threshold 0.9990 of total blocks 40. The number of live datanodes 4 has reached the minimum number 0. In safe mode extension. Safe mode will be turned off automatically in 28 seconds. NamenodeHostName:node-1-link-0
	at org.apache.hadoop.hdfs.server.namenode.FSNamesystem.checkNameNodeSafeMode(FSNamesystem.java:1441)
	at org.apache.hadoop.hdfs.server.namenode.FSNamesystem.delete(FSNamesystem.java:2986)
	at org.apache.hadoop.hdfs.server.namenode.NameNodeRpcServer.delete(NameNodeRpcServer.java:1095)
	at org.apache.hadoop.hdfs.protocolPB.ClientNamenodeProtocolServerSideTranslatorPB.delete(ClientNamenodeProtocolServerSideTranslatorPB.java:692)
	at org.apache.hadoop.hdfs.protocol.proto.ClientNamenodeProtocolProtos$ClientNamenodeProtocol$2.callBlockingMethod(ClientNamenodeProtocolProtos.java)
	at org.apache.hadoop.ipc.ProtobufRpcEngine$Server$ProtoBufRpcInvoker.call(ProtobufRpcEngine.java:523)
	at org.apache.hadoop.ipc.RPC$Server.call(RPC.java:991)
	at org.apache.hadoop.ipc.Server$RpcCall.run(Server.java:872)
	at org.apache.hadoop.ipc.Server$RpcCall.run(Server.java:818)
	at java.security.AccessController.doPrivileged(Native Method)
	at javax.security.auth.Subject.doAs(Subject.java:422)
	at org.apache.hadoop.security.UserGroupInformation.doAs(UserGroupInformation.java:1729)
	at org.apache.hadoop.ipc.Server$Handler.run(Server.java:2678)
Caused by: org.apache.hadoop.hdfs.server.namenode.SafeModeException: Cannot delete /myfile1. Name node is in safe mode.
The reported blocks 40 has reached the threshold 0.9990 of total blocks 40. The number of live datanodes 4 has reached the minimum number 0. In safe mode extension. Safe mode will be turned off automatically in 28 seconds. NamenodeHostName:node-1-link-0
	at org.apache.hadoop.hdfs.server.namenode.FSNamesystem.newSafemodeException(FSNamesystem.java:1450)
	at org.apache.hadoop.hdfs.server.namenode.FSNamesystem.checkNameNodeSafeMode(FSNamesystem.java:1437)
	... 12 more
, while invoking ClientNamenodeProtocolTranslatorPB.delete over node-1-link-0/10.10.1.4:8020. Retrying after sleeping for 2196ms.
2019-03-21 07:37:48,393 INFO  retry.RetryInvocationHandler RetryInvocationHandler.java:log:411 - org.apache.hadoop.ipc.RemoteException(org.apache.hadoop.ipc.RetriableException): org.apache.hadoop.hdfs.server.namenode.SafeModeException: Cannot delete /myfile1. Name node is in safe mode.
The reported blocks 40 has reached the threshold 0.9990 of total blocks 40. The number of live datanodes 4 has reached the minimum number 0. In safe mode extension. Safe mode will be turned off automatically in 26 seconds. NamenodeHostName:node-1-link-0
	at org.apache.hadoop.hdfs.server.namenode.FSNamesystem.checkNameNodeSafeMode(FSNamesystem.java:1441)
	at org.apache.hadoop.hdfs.server.namenode.FSNamesystem.delete(FSNamesystem.java:2986)
	at org.apache.hadoop.hdfs.server.namenode.NameNodeRpcServer.delete(NameNodeRpcServer.java:1095)
	at org.apache.hadoop.hdfs.protocolPB.ClientNamenodeProtocolServerSideTranslatorPB.delete(ClientNamenodeProtocolServerSideTranslatorPB.java:692)
	at org.apache.hadoop.hdfs.protocol.proto.ClientNamenodeProtocolProtos$ClientNamenodeProtocol$2.callBlockingMethod(ClientNamenodeProtocolProtos.java)
	at org.apache.hadoop.ipc.ProtobufRpcEngine$Server$ProtoBufRpcInvoker.call(ProtobufRpcEngine.java:523)
	at org.apache.hadoop.ipc.RPC$Server.call(RPC.java:991)
	at org.apache.hadoop.ipc.Server$RpcCall.run(Server.java:872)
	at org.apache.hadoop.ipc.Server$RpcCall.run(Server.java:818)
	at java.security.AccessController.doPrivileged(Native Method)
	at javax.security.auth.Subject.doAs(Subject.java:422)
	at org.apache.hadoop.security.UserGroupInformation.doAs(UserGroupInformation.java:1729)
	at org.apache.hadoop.ipc.Server$Handler.run(Server.java:2678)
Caused by: org.apache.hadoop.hdfs.server.namenode.SafeModeException: Cannot delete /myfile1. Name node is in safe mode.
The reported blocks 40 has reached the threshold 0.9990 of total blocks 40. The number of live datanodes 4 has reached the minimum number 0. In safe mode extension. Safe mode will be turned off automatically in 26 seconds. NamenodeHostName:node-1-link-0
	at org.apache.hadoop.hdfs.server.namenode.FSNamesystem.newSafemodeException(FSNamesystem.java:1450)
	at org.apache.hadoop.hdfs.server.namenode.FSNamesystem.checkNameNodeSafeMode(FSNamesystem.java:1437)
	... 12 more
, while invoking ClientNamenodeProtocolTranslatorPB.delete over node-1-link-0/10.10.1.4:8020. Retrying after sleeping for 4875ms.
2019-03-21 07:37:53,271 INFO  retry.RetryInvocationHandler RetryInvocationHandler.java:log:411 - org.apache.hadoop.ipc.RemoteException(org.apache.hadoop.ipc.RetriableException): org.apache.hadoop.hdfs.server.namenode.SafeModeException: Cannot delete /myfile1. Name node is in safe mode.
The reported blocks 40 has reached the threshold 0.9990 of total blocks 40. The number of live datanodes 4 has reached the minimum number 0. In safe mode extension. Safe mode will be turned off automatically in 21 seconds. NamenodeHostName:node-1-link-0
	at org.apache.hadoop.hdfs.server.namenode.FSNamesystem.checkNameNodeSafeMode(FSNamesystem.java:1441)
	at org.apache.hadoop.hdfs.server.namenode.FSNamesystem.delete(FSNamesystem.java:2986)
	at org.apache.hadoop.hdfs.server.namenode.NameNodeRpcServer.delete(NameNodeRpcServer.java:1095)
	at org.apache.hadoop.hdfs.protocolPB.ClientNamenodeProtocolServerSideTranslatorPB.delete(ClientNamenodeProtocolServerSideTranslatorPB.java:692)
	at org.apache.hadoop.hdfs.protocol.proto.ClientNamenodeProtocolProtos$ClientNamenodeProtocol$2.callBlockingMethod(ClientNamenodeProtocolProtos.java)
	at org.apache.hadoop.ipc.ProtobufRpcEngine$Server$ProtoBufRpcInvoker.call(ProtobufRpcEngine.java:523)
	at org.apache.hadoop.ipc.RPC$Server.call(RPC.java:991)
	at org.apache.hadoop.ipc.Server$RpcCall.run(Server.java:872)
	at org.apache.hadoop.ipc.Server$RpcCall.run(Server.java:818)
	at java.security.AccessController.doPrivileged(Native Method)
	at javax.security.auth.Subject.doAs(Subject.java:422)
	at org.apache.hadoop.security.UserGroupInformation.doAs(UserGroupInformation.java:1729)
	at org.apache.hadoop.ipc.Server$Handler.run(Server.java:2678)
Caused by: org.apache.hadoop.hdfs.server.namenode.SafeModeException: Cannot delete /myfile1. Name node is in safe mode.
The reported blocks 40 has reached the threshold 0.9990 of total blocks 40. The number of live datanodes 4 has reached the minimum number 0. In safe mode extension. Safe mode will be turned off automatically in 21 seconds. NamenodeHostName:node-1-link-0
	at org.apache.hadoop.hdfs.server.namenode.FSNamesystem.newSafemodeException(FSNamesystem.java:1450)
	at org.apache.hadoop.hdfs.server.namenode.FSNamesystem.checkNameNodeSafeMode(FSNamesystem.java:1437)
	... 12 more
, while invoking ClientNamenodeProtocolTranslatorPB.delete over node-1-link-0/10.10.1.4:8020. Retrying after sleeping for 8454ms.
2019-03-21 07:38:01,728 INFO  retry.RetryInvocationHandler RetryInvocationHandler.java:log:411 - org.apache.hadoop.ipc.RemoteException(org.apache.hadoop.ipc.RetriableException): org.apache.hadoop.hdfs.server.namenode.SafeModeException: Cannot delete /myfile1. Name node is in safe mode.
The reported blocks 40 has reached the threshold 0.9990 of total blocks 40. The number of live datanodes 4 has reached the minimum number 0. In safe mode extension. Safe mode will be turned off automatically in 13 seconds. NamenodeHostName:node-1-link-0
	at org.apache.hadoop.hdfs.server.namenode.FSNamesystem.checkNameNodeSafeMode(FSNamesystem.java:1441)
	at org.apache.hadoop.hdfs.server.namenode.FSNamesystem.delete(FSNamesystem.java:2986)
	at org.apache.hadoop.hdfs.server.namenode.NameNodeRpcServer.delete(NameNodeRpcServer.java:1095)
	at org.apache.hadoop.hdfs.protocolPB.ClientNamenodeProtocolServerSideTranslatorPB.delete(ClientNamenodeProtocolServerSideTranslatorPB.java:692)
	at org.apache.hadoop.hdfs.protocol.proto.ClientNamenodeProtocolProtos$ClientNamenodeProtocol$2.callBlockingMethod(ClientNamenodeProtocolProtos.java)
	at org.apache.hadoop.ipc.ProtobufRpcEngine$Server$ProtoBufRpcInvoker.call(ProtobufRpcEngine.java:523)
	at org.apache.hadoop.ipc.RPC$Server.call(RPC.java:991)
	at org.apache.hadoop.ipc.Server$RpcCall.run(Server.java:872)
	at org.apache.hadoop.ipc.Server$RpcCall.run(Server.java:818)
	at java.security.AccessController.doPrivileged(Native Method)
	at javax.security.auth.Subject.doAs(Subject.java:422)
	at org.apache.hadoop.security.UserGroupInformation.doAs(UserGroupInformation.java:1729)
	at org.apache.hadoop.ipc.Server$Handler.run(Server.java:2678)
Caused by: org.apache.hadoop.hdfs.server.namenode.SafeModeException: Cannot delete /myfile1. Name node is in safe mode.
The reported blocks 40 has reached the threshold 0.9990 of total blocks 40. The number of live datanodes 4 has reached the minimum number 0. In safe mode extension. Safe mode will be turned off automatically in 13 seconds. NamenodeHostName:node-1-link-0
	at org.apache.hadoop.hdfs.server.namenode.FSNamesystem.newSafemodeException(FSNamesystem.java:1450)
	at org.apache.hadoop.hdfs.server.namenode.FSNamesystem.checkNameNodeSafeMode(FSNamesystem.java:1437)
	... 12 more
, while invoking ClientNamenodeProtocolTranslatorPB.delete over node-1-link-0/10.10.1.4:8020. Retrying after sleeping for 21886ms.
Deleted /myfile1
file 1 has been removed from HDFS
Found 5 items
-rw-r--r--   3 root supergroup 1073741824 2019-03-21 07:38 /myfile1
-rw-r--r--   3 root supergroup 1073741824 2019-03-21 07:38 /myfile2
-rw-r--r--   3 root supergroup 1073741824 2019-03-21 07:37 /myfile3
-rw-r--r--   3 root supergroup 1073741824 2019-03-21 07:37 /myfile4
-rw-r--r--   3 root supergroup 1073741824 2019-03-21 07:38 /myfile5
file 1 has been put into HDFS
file 1 has been read from HDFS for 1 time
diff succeed!
file 1 has been read from HDFS for 2 time
diff succeed!
file 1 has been read from HDFS for 3 time
diff succeed!
file 1 has been read from HDFS for 4 time
diff succeed!
file 1 has been read from HDFS for 5 time
diff succeed!
file 1 has been read from HDFS for 6 time
diff succeed!
file 1 has been read from HDFS for 7 time
diff succeed!
file 1 has been read from HDFS for 8 time
diff succeed!
file 1 has been read from HDFS for 9 time
diff succeed!
file 1 has been read from HDFS for 10 time
diff succeed!
Deleted /myfile1
file 1 has been removed from HDFS
Found 5 items
-rw-r--r--   3 root supergroup 1073741824 2019-03-21 07:40 /myfile1
-rw-r--r--   3 root supergroup 1073741824 2019-03-21 07:40 /myfile2
-rw-r--r--   3 root supergroup 1073741824 2019-03-21 07:39 /myfile3
-rw-r--r--   3 root supergroup 1073741824 2019-03-21 07:39 /myfile4
-rw-r--r--   3 root supergroup 1073741824 2019-03-21 07:40 /myfile5
file 1 has been put into HDFS
file 1 has been read from HDFS for 1 time
diff succeed!
file 1 has been read from HDFS for 2 time
diff succeed!
file 1 has been read from HDFS for 3 time
diff succeed!
file 1 has been read from HDFS for 4 time
diff succeed!
file 1 has been read from HDFS for 5 time
diff succeed!
file 1 has been read from HDFS for 6 time
diff succeed!
file 1 has been read from HDFS for 7 time
diff succeed!
file 1 has been read from HDFS for 8 time
diff succeed!
file 1 has been read from HDFS for 9 time
diff succeed!
file 1 has been read from HDFS for 10 time
diff succeed!
Deleted /myfile1
file 1 has been removed from HDFS
Found 5 items
-rw-r--r--   3 root supergroup 1073741824 2019-03-21 07:42 /myfile1
-rw-r--r--   3 root supergroup 1073741824 2019-03-21 07:41 /myfile2
-rw-r--r--   3 root supergroup 1073741824 2019-03-21 07:41 /myfile3
-rw-r--r--   3 root supergroup 1073741824 2019-03-21 07:41 /myfile4
-rw-r--r--   3 root supergroup 1073741824 2019-03-21 07:41 /myfile5
file 1 has been put into HDFS
file 1 has been read from HDFS for 1 time
diff succeed!
file 1 has been read from HDFS for 2 time
diff succeed!
file 1 has been read from HDFS for 3 time
diff succeed!
file 1 has been read from HDFS for 4 time
diff succeed!
file 1 has been read from HDFS for 5 time
diff succeed!
file 1 has been read from HDFS for 6 time
diff succeed!
file 1 has been read from HDFS for 7 time
diff succeed!
file 1 has been read from HDFS for 8 time
diff succeed!
file 1 has been read from HDFS for 9 time
diff succeed!
file 1 has been read from HDFS for 10 time
diff succeed!
Deleted /myfile1
file 1 has been removed from HDFS
Found 4 items
-rw-r--r--   3 root supergroup 1073741824 2019-03-21 07:44 /myfile1
-rw-r--r--   3 root supergroup 1073741824 2019-03-21 07:43 /myfile3
-rw-r--r--   3 root supergroup 1073741824 2019-03-21 07:42 /myfile4
-rw-r--r--   3 root supergroup 1073741824 2019-03-21 07:43 /myfile5
file 1 has been put into HDFS
file 1 has been read from HDFS for 1 time
diff succeed!
file 1 has been read from HDFS for 2 time
diff succeed!
file 1 has been read from HDFS for 3 time
diff succeed!
file 1 has been read from HDFS for 4 time
diff succeed!
file 1 has been read from HDFS for 5 time
diff succeed!
file 1 has been read from HDFS for 6 time
diff succeed!
file 1 has been read from HDFS for 7 time
diff succeed!
file 1 has been read from HDFS for 8 time
diff succeed!
file 1 has been read from HDFS for 9 time
diff succeed!
file 1 has been read from HDFS for 10 time
diff succeed!
Deleted /myfile1
file 1 has been removed from HDFS
Found 5 items
-rw-r--r--   3 root supergroup 1073741824 2019-03-21 07:45 /myfile1
-rw-r--r--   3 root supergroup 1073741824 2019-03-21 07:44 /myfile2
-rw-r--r--   3 root supergroup 1073741824 2019-03-21 07:45 /myfile3
-rw-r--r--   3 root supergroup 1073741824 2019-03-21 07:45 /myfile4
-rw-r--r--   3 root supergroup 1073741824 2019-03-21 07:45 /myfile5
file 1 has been put into HDFS
file 1 has been read from HDFS for 1 time
diff succeed!
file 1 has been read from HDFS for 2 time
diff succeed!
file 1 has been read from HDFS for 3 time
diff succeed!
file 1 has been read from HDFS for 4 time
diff succeed!
file 1 has been read from HDFS for 5 time
diff succeed!
file 1 has been read from HDFS for 6 time
diff succeed!
file 1 has been read from HDFS for 7 time
diff succeed!
file 1 has been read from HDFS for 8 time
diff succeed!
file 1 has been read from HDFS for 9 time
diff succeed!
file 1 has been read from HDFS for 10 time
diff succeed!
Deleted /myfile1
file 1 has been removed from HDFS
Found 5 items
-rw-r--r--   3 root supergroup 1073741824 2019-03-21 07:47 /myfile1
-rw-r--r--   3 root supergroup 1073741824 2019-03-21 07:46 /myfile2
-rw-r--r--   3 root supergroup 1073741824 2019-03-21 07:47 /myfile3
-rw-r--r--   3 root supergroup 1073741824 2019-03-21 07:46 /myfile4
-rw-r--r--   3 root supergroup 1073741824 2019-03-21 07:47 /myfile5
file 1 has been put into HDFS
file 1 has been read from HDFS for 1 time
diff succeed!
file 1 has been read from HDFS for 2 time
diff succeed!
file 1 has been read from HDFS for 3 time
diff succeed!
file 1 has been read from HDFS for 4 time
diff succeed!
file 1 has been read from HDFS for 5 time
diff succeed!
file 1 has been read from HDFS for 6 time
diff succeed!
file 1 has been read from HDFS for 7 time
diff succeed!
file 1 has been read from HDFS for 8 time
diff succeed!
file 1 has been read from HDFS for 9 time
diff succeed!
