verify_input for parameter dfs.namenode.fs-limits.max-component-length with value 1
Error: TEST_ERROR found in clients!
verify_result.sh parameter dfs.namenode.fs-limits.max-component-length with value 1 returns 1
verify_input for parameter dfs.namenode.fs-limits.max-component-length with value 2
Error: TEST_ERROR found in clients!
verify_result.sh parameter dfs.namenode.fs-limits.max-component-length with value 2 returns 1
verify_input for parameter dfs.namenode.fs-limits.max-component-length with value 4
Error: TEST_ERROR found in clients!
verify_result.sh parameter dfs.namenode.fs-limits.max-component-length with value 4 returns 1
verify_input for parameter dfs.namenode.fs-limits.max-component-length with value 8
Error: TEST_ERROR found in clients!
verify_result.sh parameter dfs.namenode.fs-limits.max-component-length with value 8 returns 1
verify_input for parameter dfs.namenode.fs-limits.max-component-length with value 16
Error: TEST_ERROR found in clients!
verify_result.sh parameter dfs.namenode.fs-limits.max-component-length with value 16 returns 1
verify_input for parameter dfs.namenode.fs-limits.max-component-length with value 32
Error: TEST_ERROR found in run.log!
verify_result.sh parameter dfs.namenode.fs-limits.max-component-length with value 32 returns 1
verify_input for parameter dfs.namenode.fs-limits.max-component-length with value 64
BlockManager.java:processIncrementalBlockReport:3959 NOT found in base error set
NameNodeRpcServer.java:run:1588 NOT found in base error set
verify_result.sh parameter dfs.namenode.fs-limits.max-component-length with value 64 returns 1
verify_input for parameter dfs.namenode.fs-limits.max-component-length with value 128
Journal.java:scanStorageForLatestEdits:214 NOT found in base error set
verify_result.sh parameter dfs.namenode.fs-limits.max-component-length with value 128 returns 1
verify_input for parameter dfs.namenode.fs-limits.max-component-length with value 256
verify_result.sh parameter dfs.namenode.fs-limits.max-component-length with value 256 returns 0
break, set range_end as 256
verify_input for parameter dfs.namenode.fs-limits.max-component-length with value 192
BlockManager.java:processIncrementalBlockReport:3959 NOT found in base error set
NameNodeRpcServer.java:run:1588 NOT found in base error set
verify_result.sh parameter dfs.namenode.fs-limits.max-component-length with value 192 returns 1
not ok branch
verify_input for parameter dfs.namenode.fs-limits.max-component-length with value 224
BlockReceiver.java:run:1489 NOT found in base error set
DataXceiver.java:run:321 NOT found in base error set
verify_result.sh parameter dfs.namenode.fs-limits.max-component-length with value 224 returns 1
not ok branch
verify_input for parameter dfs.namenode.fs-limits.max-component-length with value 240
verify_result.sh parameter dfs.namenode.fs-limits.max-component-length with value 240 returns 0
ok branch
verify_input for parameter dfs.namenode.fs-limits.max-component-length with value 232
BlockManager.java:processIncrementalBlockReport:3959 NOT found in base error set
NameNodeRpcServer.java:run:1588 NOT found in base error set
verify_result.sh parameter dfs.namenode.fs-limits.max-component-length with value 232 returns 1
not ok branch
verify_input for parameter dfs.namenode.fs-limits.max-component-length with value 236
Journal.java:scanStorageForLatestEdits:214 NOT found in base error set
verify_result.sh parameter dfs.namenode.fs-limits.max-component-length with value 236 returns 1
not ok branch
verify_input for parameter dfs.namenode.fs-limits.max-component-length with value 238
verify_result.sh parameter dfs.namenode.fs-limits.max-component-length with value 238 returns 0
ok branch
the minimum value for parameter dfs.namenode.fs-limits.max-component-length is 237
