verify_input for parameter dfs.namenode.checkpoint.period with value 1
Error: TEST_ERROR found in run.log!
verify_result.sh parameter dfs.namenode.checkpoint.period with value 1 returns 1
verify_input for parameter dfs.namenode.checkpoint.period with value 2
Error: TEST_ERROR found in run.log!
verify_result.sh parameter dfs.namenode.checkpoint.period with value 2 returns 1
verify_input for parameter dfs.namenode.checkpoint.period with value 4
BlockManager.java:processIncrementalBlockReport:3959 NOT found in base error set
Journal.java:scanStorageForLatestEdits:214 NOT found in base error set
NameNodeRpcServer.java:run:1588 NOT found in base error set
verify_result.sh parameter dfs.namenode.checkpoint.period with value 4 returns 1
verify_input for parameter dfs.namenode.checkpoint.period with value 8
BlockManager.java:processIncrementalBlockReport:3959 NOT found in base error set
NameNodeRpcServer.java:run:1588 NOT found in base error set
verify_result.sh parameter dfs.namenode.checkpoint.period with value 8 returns 1
verify_input for parameter dfs.namenode.checkpoint.period with value 16
verify_result.sh parameter dfs.namenode.checkpoint.period with value 16 returns 0
break, set range_end as 16
verify_input for parameter dfs.namenode.checkpoint.period with value 12
BlockManager.java:processIncrementalBlockReport:3959 NOT found in base error set
NameNodeRpcServer.java:run:1588 NOT found in base error set
verify_result.sh parameter dfs.namenode.checkpoint.period with value 12 returns 1
not ok branch
verify_input for parameter dfs.namenode.checkpoint.period with value 14
BlockManager.java:processIncrementalBlockReport:3959 NOT found in base error set
NameNodeRpcServer.java:run:1588 NOT found in base error set
verify_result.sh parameter dfs.namenode.checkpoint.period with value 14 returns 1
not ok branch
verify_input for parameter dfs.namenode.checkpoint.period with value 15
BlockManager.java:processIncrementalBlockReport:3959 NOT found in base error set
NameNodeRpcServer.java:run:1588 NOT found in base error set
verify_result.sh parameter dfs.namenode.checkpoint.period with value 15 returns 1
not ok branch
the minimum value for parameter dfs.namenode.checkpoint.period is 16
