Found 5 items
-rw-r--r--   3 root supergroup 1073741824 2019-03-28 03:24 /myfile1
-rw-r--r--   3 root supergroup 1073741824 2019-03-28 03:24 /myfile2
-rw-r--r--   3 root supergroup 1073741824 2019-03-28 03:24 /myfile3
-rw-r--r--   3 root supergroup 1073741824 2019-03-28 03:24 /myfile4
-rw-r--r--   3 root supergroup 1073741824 2019-03-28 03:24 /myfile5
file 1 has been put into HDFS
file 1 has been read from HDFS for 1 time
diff succeed!
file 1 has been read from HDFS for 2 time
diff succeed!
file 1 has been read from HDFS for 3 time
diff succeed!
file 1 has been read from HDFS for 4 time
diff succeed!
file 1 has been read from HDFS for 5 time
diff succeed!
file 1 has been read from HDFS for 6 time
diff succeed!
file 1 has been read from HDFS for 7 time
diff succeed!
file 1 has been read from HDFS for 8 time
diff succeed!
file 1 has been read from HDFS for 9 time
diff succeed!
file 1 has been read from HDFS for 10 time
diff succeed!
Deleted /myfile1
file 1 has been removed from HDFS
Found 5 items
-rw-r--r--   3 root supergroup 1073741824 2019-03-28 03:25 /myfile1
-rw-r--r--   3 root supergroup 1073741824 2019-03-28 03:25 /myfile2
-rw-r--r--   3 root supergroup 1073741824 2019-03-28 03:25 /myfile3
-rw-r--r--   3 root supergroup 1073741824 2019-03-28 03:25 /myfile4
-rw-r--r--   3 root supergroup 1073741824 2019-03-28 03:25 /myfile5
file 1 has been put into HDFS
file 1 has been read from HDFS for 1 time
diff succeed!
file 1 has been read from HDFS for 2 time
diff succeed!
file 1 has been read from HDFS for 3 time
diff succeed!
file 1 has been read from HDFS for 4 time
diff succeed!
file 1 has been read from HDFS for 5 time
diff succeed!
file 1 has been read from HDFS for 6 time
diff succeed!
file 1 has been read from HDFS for 7 time
diff succeed!
file 1 has been read from HDFS for 8 time
diff succeed!
file 1 has been read from HDFS for 9 time
diff succeed!
file 1 has been read from HDFS for 10 time
diff succeed!
Deleted /myfile1
file 1 has been removed from HDFS
Found 5 items
-rw-r--r--   3 root supergroup 1073741824 2019-03-28 03:27 /myfile1
-rw-r--r--   3 root supergroup 1073741824 2019-03-28 03:27 /myfile2
-rw-r--r--   3 root supergroup 1073741824 2019-03-28 03:27 /myfile3
-rw-r--r--   3 root supergroup 1073741824 2019-03-28 03:27 /myfile4
-rw-r--r--   3 root supergroup 1073741824 2019-03-28 03:27 /myfile5
file 1 has been put into HDFS
file 1 has been read from HDFS for 1 time
diff succeed!
file 1 has been read from HDFS for 2 time
diff succeed!
file 1 has been read from HDFS for 3 time
diff succeed!
file 1 has been read from HDFS for 4 time
diff succeed!
file 1 has been read from HDFS for 5 time
diff succeed!
file 1 has been read from HDFS for 6 time
diff succeed!
file 1 has been read from HDFS for 7 time
diff succeed!
file 1 has been read from HDFS for 8 time
diff succeed!
file 1 has been read from HDFS for 9 time
diff succeed!
file 1 has been read from HDFS for 10 time
diff succeed!
Deleted /myfile1
file 1 has been removed from HDFS
Found 3 items
-rw-r--r--   3 root supergroup 1073741824 2019-03-28 03:29 /myfile1
-rw-r--r--   3 root supergroup 1073741824 2019-03-28 03:29 /myfile3
-rw-r--r--   3 root supergroup 1073741824 2019-03-28 03:28 /myfile4
file 1 has been put into HDFS
file 1 has been read from HDFS for 1 time
diff succeed!
file 1 has been read from HDFS for 2 time
diff succeed!
file 1 has been read from HDFS for 3 time
diff succeed!
file 1 has been read from HDFS for 4 time
diff succeed!
file 1 has been read from HDFS for 5 time
diff succeed!
file 1 has been read from HDFS for 6 time
diff succeed!
file 1 has been read from HDFS for 7 time
diff succeed!
file 1 has been read from HDFS for 8 time
diff succeed!
file 1 has been read from HDFS for 9 time
diff succeed!
file 1 has been read from HDFS for 10 time
diff succeed!
Deleted /myfile1
file 1 has been removed from HDFS
Found 5 items
-rw-r--r--   3 root supergroup 1073741824 2019-03-28 03:30 /myfile1
-rw-r--r--   3 root supergroup  805306368 2019-03-28 03:30 /myfile2._COPYING_
-rw-r--r--   3 root supergroup 1073741824 2019-03-28 03:30 /myfile3
-rw-r--r--   3 root supergroup 1073741824 2019-03-28 03:30 /myfile4
-rw-r--r--   3 root supergroup 1073741824 2019-03-28 03:30 /myfile5
file 1 has been put into HDFS
file 1 has been read from HDFS for 1 time
diff succeed!
file 1 has been read from HDFS for 2 time
diff succeed!
file 1 has been read from HDFS for 3 time
diff succeed!
file 1 has been read from HDFS for 4 time
diff succeed!
file 1 has been read from HDFS for 5 time
diff succeed!
file 1 has been read from HDFS for 6 time
diff succeed!
file 1 has been read from HDFS for 7 time
diff succeed!
file 1 has been read from HDFS for 8 time
diff succeed!
file 1 has been read from HDFS for 9 time
diff succeed!
file 1 has been read from HDFS for 10 time
diff succeed!
Deleted /myfile1
file 1 has been removed from HDFS
Found 5 items
-rw-r--r--   3 root supergroup 1073741824 2019-03-28 03:32 /myfile1
-rw-r--r--   3 root supergroup 1073741824 2019-03-28 03:32 /myfile2
-rw-r--r--   3 root supergroup 1073741824 2019-03-28 03:32 /myfile3
-rw-r--r--   3 root supergroup 1073741824 2019-03-28 03:31 /myfile4
-rw-r--r--   3 root supergroup 1073741824 2019-03-28 03:32 /myfile5
file 1 has been put into HDFS
file 1 has been read from HDFS for 1 time
diff succeed!
file 1 has been read from HDFS for 2 time
diff succeed!
file 1 has been read from HDFS for 3 time
diff succeed!
file 1 has been read from HDFS for 4 time
diff succeed!
file 1 has been read from HDFS for 5 time
diff succeed!
file 1 has been read from HDFS for 6 time
diff succeed!
file 1 has been read from HDFS for 7 time
diff succeed!
file 1 has been read from HDFS for 8 time
diff succeed!
file 1 has been read from HDFS for 9 time
diff succeed!
file 1 has been read from HDFS for 10 time
diff succeed!
Deleted /myfile1
file 1 has been removed from HDFS
Found 5 items
-rw-r--r--   3 root supergroup 1073741824 2019-03-28 03:34 /myfile1
-rw-r--r--   3 root supergroup 1073741824 2019-03-28 03:34 /myfile2
-rw-r--r--   3 root supergroup 1073741824 2019-03-28 03:33 /myfile3
-rw-r--r--   3 root supergroup 1073741824 2019-03-28 03:33 /myfile4
-rw-r--r--   3 root supergroup 1073741824 2019-03-28 03:34 /myfile5
file 1 has been put into HDFS
file 1 has been read from HDFS for 1 time
diff succeed!
file 1 has been read from HDFS for 2 time
diff succeed!
file 1 has been read from HDFS for 3 time
diff succeed!
file 1 has been read from HDFS for 4 time
diff succeed!
file 1 has been read from HDFS for 5 time
diff succeed!
file 1 has been read from HDFS for 6 time
diff succeed!
file 1 has been read from HDFS for 7 time
diff succeed!
file 1 has been read from HDFS for 8 time
diff succeed!
file 1 has been read from HDFS for 9 time
diff succeed!
file 1 has been read from HDFS for 10 time
diff succeed!
Deleted /myfile1
file 1 has been removed from HDFS
Found 5 items
-rw-r--r--   3 root supergroup 1073741824 2019-03-28 03:35 /myfile1
-rw-r--r--   3 root supergroup 1073741824 2019-03-28 03:35 /myfile2
-rw-r--r--   3 root supergroup 1073741824 2019-03-28 03:35 /myfile3
-rw-r--r--   3 root supergroup 1073741824 2019-03-28 03:35 /myfile4
-rw-r--r--   3 root supergroup 1073741824 2019-03-28 03:35 /myfile5
file 1 has been put into HDFS
file 1 has been read from HDFS for 1 time
diff succeed!
file 1 has been read from HDFS for 2 time
diff succeed!
file 1 has been read from HDFS for 3 time
diff succeed!
file 1 has been read from HDFS for 4 time
diff succeed!
file 1 has been read from HDFS for 5 time
diff succeed!
file 1 has been read from HDFS for 6 time
diff succeed!
file 1 has been read from HDFS for 7 time
diff succeed!
file 1 has been read from HDFS for 8 time
diff succeed!
file 1 has been read from HDFS for 9 time
diff succeed!
file 1 has been read from HDFS for 10 time
diff succeed!
Deleted /myfile1
file 1 has been removed from HDFS
Found 5 items
-rw-r--r--   3 root supergroup 1073741824 2019-03-28 03:37 /myfile1
-rw-r--r--   3 root supergroup 1073741824 2019-03-28 03:37 /myfile2
-rw-r--r--   3 root supergroup 1073741824 2019-03-28 03:36 /myfile3
-rw-r--r--   3 root supergroup 1073741824 2019-03-28 03:36 /myfile4
-rw-r--r--   3 root supergroup 1073741824 2019-03-28 03:37 /myfile5
file 1 has been put into HDFS
file 1 has been read from HDFS for 1 time
diff succeed!
file 1 has been read from HDFS for 2 time
diff succeed!
file 1 has been read from HDFS for 3 time
diff succeed!
file 1 has been read from HDFS for 4 time
diff succeed!
file 1 has been read from HDFS for 5 time
diff succeed!
file 1 has been read from HDFS for 6 time
diff succeed!
file 1 has been read from HDFS for 7 time
diff succeed!
file 1 has been read from HDFS for 8 time
diff succeed!
file 1 has been read from HDFS for 9 time
diff succeed!
file 1 has been read from HDFS for 10 time
diff succeed!
Deleted /myfile1
file 1 has been removed from HDFS
