Found 5 items
-rw-r--r--   3 root supergroup 1073741824 2019-03-26 03:58 /myfile1
-rw-r--r--   3 root supergroup 1073741824 2019-03-26 03:58 /myfile2
-rw-r--r--   3 root supergroup 1073741824 2019-03-26 03:58 /myfile3
-rw-r--r--   3 root supergroup 1073741824 2019-03-26 03:58 /myfile4
-rw-r--r--   3 root supergroup 1073741824 2019-03-26 03:58 /myfile5
file 1 has been put into HDFS
file 1 has been read from HDFS for 1 time
diff succeed!
file 1 has been read from HDFS for 2 time
diff succeed!
file 1 has been read from HDFS for 3 time
diff succeed!
file 1 has been read from HDFS for 4 time
diff succeed!
file 1 has been read from HDFS for 5 time
diff succeed!
file 1 has been read from HDFS for 6 time
diff succeed!
file 1 has been read from HDFS for 7 time
diff succeed!
file 1 has been read from HDFS for 8 time
diff succeed!
file 1 has been read from HDFS for 9 time
diff succeed!
file 1 has been read from HDFS for 10 time
diff succeed!
Deleted /myfile1
file 1 has been removed from HDFS
Found 5 items
-rw-r--r--   3 root supergroup 1073741824 2019-03-26 04:00 /myfile1
-rw-r--r--   3 root supergroup  536870912 2019-03-26 04:00 /myfile2._COPYING_
-rw-r--r--   3 root supergroup  671088640 2019-03-26 04:00 /myfile3._COPYING_
-rw-r--r--   3 root supergroup 1073741824 2019-03-26 04:00 /myfile4
-rw-r--r--   3 root supergroup  671088640 2019-03-26 04:00 /myfile5._COPYING_
file 1 has been put into HDFS
file 1 has been read from HDFS for 1 time
diff succeed!
file 1 has been read from HDFS for 2 time
diff succeed!
file 1 has been read from HDFS for 3 time
diff succeed!
file 1 has been read from HDFS for 4 time
diff succeed!
file 1 has been read from HDFS for 5 time
diff succeed!
file 1 has been read from HDFS for 6 time
diff succeed!
file 1 has been read from HDFS for 7 time
diff succeed!
file 1 has been read from HDFS for 8 time
diff succeed!
file 1 has been read from HDFS for 9 time
diff succeed!
file 1 has been read from HDFS for 10 time
diff succeed!
Deleted /myfile1
file 1 has been removed from HDFS
Found 5 items
-rw-r--r--   3 root supergroup 1073741824 2019-03-26 04:01 /myfile1
-rw-r--r--   3 root supergroup 1073741824 2019-03-26 04:00 /myfile2
-rw-r--r--   3 root supergroup 1073741824 2019-03-26 04:00 /myfile3
-rw-r--r--   3 root supergroup 1073741824 2019-03-26 04:01 /myfile4
-rw-r--r--   3 root supergroup 1073741824 2019-03-26 04:00 /myfile5
file 1 has been put into HDFS
file 1 has been read from HDFS for 1 time
diff succeed!
file 1 has been read from HDFS for 2 time
diff succeed!
file 1 has been read from HDFS for 3 time
diff succeed!
file 1 has been read from HDFS for 4 time
diff succeed!
file 1 has been read from HDFS for 5 time
diff succeed!
file 1 has been read from HDFS for 6 time
diff succeed!
file 1 has been read from HDFS for 7 time
diff succeed!
file 1 has been read from HDFS for 8 time
diff succeed!
file 1 has been read from HDFS for 9 time
diff succeed!
file 1 has been read from HDFS for 10 time
diff succeed!
Deleted /myfile1
file 1 has been removed from HDFS
Found 5 items
-rw-r--r--   3 root supergroup 1073741824 2019-03-26 04:03 /myfile1
-rw-r--r--   3 root supergroup 1073741824 2019-03-26 04:02 /myfile2
-rw-r--r--   3 root supergroup 1073741824 2019-03-26 04:02 /myfile3
-rw-r--r--   3 root supergroup 1073741824 2019-03-26 04:03 /myfile4
-rw-r--r--   3 root supergroup 1073741824 2019-03-26 04:02 /myfile5
file 1 has been put into HDFS
file 1 has been read from HDFS for 1 time
diff succeed!
file 1 has been read from HDFS for 2 time
diff succeed!
file 1 has been read from HDFS for 3 time
diff succeed!
file 1 has been read from HDFS for 4 time
diff succeed!
file 1 has been read from HDFS for 5 time
diff succeed!
file 1 has been read from HDFS for 6 time
diff succeed!
file 1 has been read from HDFS for 7 time
diff succeed!
file 1 has been read from HDFS for 8 time
diff succeed!
file 1 has been read from HDFS for 9 time
diff succeed!
file 1 has been read from HDFS for 10 time
diff succeed!
Deleted /myfile1
file 1 has been removed from HDFS
Found 5 items
-rw-r--r--   3 root supergroup 1073741824 2019-03-26 04:05 /myfile1
-rw-r--r--   3 root supergroup 1073741824 2019-03-26 04:04 /myfile2
-rw-r--r--   3 root supergroup 1073741824 2019-03-26 04:04 /myfile3
-rw-r--r--   3 root supergroup 1073741824 2019-03-26 04:05 /myfile4
-rw-r--r--   3 root supergroup 1073741824 2019-03-26 04:04 /myfile5
file 1 has been put into HDFS
file 1 has been read from HDFS for 1 time
diff succeed!
file 1 has been read from HDFS for 2 time
diff succeed!
file 1 has been read from HDFS for 3 time
diff succeed!
file 1 has been read from HDFS for 4 time
diff succeed!
file 1 has been read from HDFS for 5 time
diff succeed!
file 1 has been read from HDFS for 6 time
diff succeed!
file 1 has been read from HDFS for 7 time
diff succeed!
file 1 has been read from HDFS for 8 time
diff succeed!
file 1 has been read from HDFS for 9 time
diff succeed!
file 1 has been read from HDFS for 10 time
diff succeed!
Deleted /myfile1
file 1 has been removed from HDFS
Found 5 items
-rw-r--r--   3 root supergroup 1073741824 2019-03-26 04:07 /myfile1
-rw-r--r--   3 root supergroup 1073741824 2019-03-26 04:05 /myfile2
-rw-r--r--   3 root supergroup 1073741824 2019-03-26 04:05 /myfile3
-rw-r--r--   3 root supergroup 1073741824 2019-03-26 04:06 /myfile4
-rw-r--r--   3 root supergroup 1073741824 2019-03-26 04:06 /myfile5
file 1 has been put into HDFS
file 1 has been read from HDFS for 1 time
diff succeed!
file 1 has been read from HDFS for 2 time
diff succeed!
file 1 has been read from HDFS for 3 time
diff succeed!
file 1 has been read from HDFS for 4 time
diff succeed!
file 1 has been read from HDFS for 5 time
diff succeed!
file 1 has been read from HDFS for 6 time
diff succeed!
file 1 has been read from HDFS for 7 time
diff succeed!
file 1 has been read from HDFS for 8 time
diff succeed!
file 1 has been read from HDFS for 9 time
diff succeed!
file 1 has been read from HDFS for 10 time
diff succeed!
Deleted /myfile1
file 1 has been removed from HDFS
2019-03-26 04:08:29,049 INFO  hdfs.DataStreamer DataStreamer.java:createBlockOutputStream:1789 - Exception in createBlockOutputStream blk_1073742073_1249
java.net.ConnectException: Connection refused
	at sun.nio.ch.SocketChannelImpl.checkConnect(Native Method)
	at sun.nio.ch.SocketChannelImpl.finishConnect(SocketChannelImpl.java:717)
	at org.apache.hadoop.net.SocketIOWithTimeout.connect(SocketIOWithTimeout.java:206)
	at org.apache.hadoop.net.NetUtils.connect(NetUtils.java:531)
	at org.apache.hadoop.hdfs.DataStreamer.createSocketForPipeline(DataStreamer.java:253)
	at org.apache.hadoop.hdfs.DataStreamer.createBlockOutputStream(DataStreamer.java:1725)
	at org.apache.hadoop.hdfs.DataStreamer.nextBlockOutputStream(DataStreamer.java:1679)
	at org.apache.hadoop.hdfs.DataStreamer.run(DataStreamer.java:716)
2019-03-26 04:08:29,054 WARN  hdfs.DataStreamer DataStreamer.java:nextBlockOutputStream:1683 - Abandoning BP-867329655-130.127.133.21-1553594255023:blk_1073742073_1249
2019-03-26 04:08:29,084 WARN  hdfs.DataStreamer DataStreamer.java:nextBlockOutputStream:1688 - Excluding datanode DatanodeInfoWithStorage[10.10.1.6:9866,DS-54dbe1b2-2e9e-4e8b-995e-a1df09d9ed4f,DISK]
Found 5 items
-rw-r--r--   3 root supergroup 1073741824 2019-03-26 04:08 /myfile1
-rw-r--r--   3 root supergroup 1073741824 2019-03-26 04:07 /myfile2
-rw-r--r--   3 root supergroup 1073741824 2019-03-26 04:07 /myfile3
-rw-r--r--   3 root supergroup 1073741824 2019-03-26 04:08 /myfile4
-rw-r--r--   3 root supergroup 1073741824 2019-03-26 04:08 /myfile5
file 1 has been put into HDFS
file 1 has been read from HDFS for 1 time
diff succeed!
file 1 has been read from HDFS for 2 time
diff succeed!
file 1 has been read from HDFS for 3 time
diff succeed!
file 1 has been read from HDFS for 4 time
diff succeed!
file 1 has been read from HDFS for 5 time
diff succeed!
file 1 has been read from HDFS for 6 time
diff succeed!
file 1 has been read from HDFS for 7 time
diff succeed!
file 1 has been read from HDFS for 8 time
diff succeed!
file 1 has been read from HDFS for 9 time
diff succeed!
file 1 has been read from HDFS for 10 time
diff succeed!
Deleted /myfile1
file 1 has been removed from HDFS
Found 5 items
-rw-r--r--   3 root supergroup 1073741824 2019-03-26 04:10 /myfile1
-rw-r--r--   3 root supergroup 1073741824 2019-03-26 04:09 /myfile2
-rw-r--r--   3 root supergroup 1073741824 2019-03-26 04:09 /myfile3
-rw-r--r--   3 root supergroup 1073741824 2019-03-26 04:10 /myfile4
-rw-r--r--   3 root supergroup 1073741824 2019-03-26 04:10 /myfile5
file 1 has been put into HDFS
file 1 has been read from HDFS for 1 time
diff succeed!
file 1 has been read from HDFS for 2 time
diff succeed!
file 1 has been read from HDFS for 3 time
diff succeed!
file 1 has been read from HDFS for 4 time
diff succeed!
file 1 has been read from HDFS for 5 time
diff succeed!
file 1 has been read from HDFS for 6 time
diff succeed!
file 1 has been read from HDFS for 7 time
diff succeed!
file 1 has been read from HDFS for 8 time
diff succeed!
file 1 has been read from HDFS for 9 time
diff succeed!
file 1 has been read from HDFS for 10 time
diff succeed!
Deleted /myfile1
file 1 has been removed from HDFS
Found 5 items
-rw-r--r--   3 root supergroup 1073741824 2019-03-26 04:11 /myfile1
-rw-r--r--   3 root supergroup 1073741824 2019-03-26 04:11 /myfile2
-rw-r--r--   3 root supergroup 1073741824 2019-03-26 04:11 /myfile3
-rw-r--r--   3 root supergroup 1073741824 2019-03-26 04:11 /myfile4
-rw-r--r--   3 root supergroup 1073741824 2019-03-26 04:11 /myfile5
file 1 has been put into HDFS
file 1 has been read from HDFS for 1 time
diff succeed!
file 1 has been read from HDFS for 2 time
diff succeed!
file 1 has been read from HDFS for 3 time
diff succeed!
file 1 has been read from HDFS for 4 time
diff succeed!
file 1 has been read from HDFS for 5 time
diff succeed!
file 1 has been read from HDFS for 6 time
diff succeed!
file 1 has been read from HDFS for 7 time
diff succeed!
file 1 has been read from HDFS for 8 time
diff succeed!
file 1 has been read from HDFS for 9 time
diff succeed!
file 1 has been read from HDFS for 10 time
diff succeed!
Deleted /myfile1
file 1 has been removed from HDFS
