Found 5 items
-rw-r--r--   3 root supergroup 1073741824 2019-03-27 02:23 /myfile1
-rw-r--r--   3 root supergroup 1073741824 2019-03-27 02:23 /myfile2
-rw-r--r--   3 root supergroup 1073741824 2019-03-27 02:23 /myfile3
-rw-r--r--   3 root supergroup 1073741824 2019-03-27 02:23 /myfile4
-rw-r--r--   3 root supergroup 1073741824 2019-03-27 02:23 /myfile5
file 2 has been put into HDFS
file 2 has been read from HDFS for 1 time
diff succeed!
file 2 has been read from HDFS for 2 time
diff succeed!
file 2 has been read from HDFS for 3 time
diff succeed!
file 2 has been read from HDFS for 4 time
diff succeed!
file 2 has been read from HDFS for 5 time
diff succeed!
file 2 has been read from HDFS for 6 time
diff succeed!
file 2 has been read from HDFS for 7 time
diff succeed!
file 2 has been read from HDFS for 8 time
diff succeed!
file 2 has been read from HDFS for 9 time
diff succeed!
file 2 has been read from HDFS for 10 time
diff succeed!
Deleted /myfile2
file 2 has been removed from HDFS
Found 5 items
-rw-r--r--   3 root supergroup 1073741824 2019-03-27 02:23 /myfile1
-rw-r--r--   3 root supergroup 1073741824 2019-03-27 02:25 /myfile2
-rw-r--r--   3 root supergroup 1073741824 2019-03-27 02:23 /myfile3
-rw-r--r--   3 root supergroup 1073741824 2019-03-27 02:23 /myfile4
-rw-r--r--   3 root supergroup 1073741824 2019-03-27 02:23 /myfile5
file 2 has been put into HDFS
file 2 has been read from HDFS for 1 time
diff succeed!
file 2 has been read from HDFS for 2 time
diff succeed!
file 2 has been read from HDFS for 3 time
diff succeed!
file 2 has been read from HDFS for 4 time
diff succeed!
file 2 has been read from HDFS for 5 time
diff succeed!
file 2 has been read from HDFS for 6 time
diff succeed!
file 2 has been read from HDFS for 7 time
diff succeed!
file 2 has been read from HDFS for 8 time
diff succeed!
file 2 has been read from HDFS for 9 time
diff succeed!
file 2 has been read from HDFS for 10 time
diff succeed!
Deleted /myfile2
file 2 has been removed from HDFS
Found 4 items
-rw-r--r--   3 root supergroup 1073741824 2019-03-27 02:26 /myfile1
-rw-r--r--   3 root supergroup 1073741824 2019-03-27 02:27 /myfile2
-rw-r--r--   3 root supergroup 1073741824 2019-03-27 02:26 /myfile3
-rw-r--r--   3 root supergroup 1073741824 2019-03-27 02:25 /myfile4
file 2 has been put into HDFS
file 2 has been read from HDFS for 1 time
diff succeed!
file 2 has been read from HDFS for 2 time
diff succeed!
file 2 has been read from HDFS for 3 time
diff succeed!
file 2 has been read from HDFS for 4 time
diff succeed!
file 2 has been read from HDFS for 5 time
diff succeed!
file 2 has been read from HDFS for 6 time
diff succeed!
file 2 has been read from HDFS for 7 time
diff succeed!
2019-03-27 02:28:23,606 INFO  retry.RetryInvocationHandler RetryInvocationHandler.java:log:411 - org.apache.hadoop.ipc.RemoteException(org.apache.hadoop.ipc.StandbyException): Operation category READ is not supported in state standby. Visit https://s.apache.org/sbnn-error
	at org.apache.hadoop.hdfs.server.namenode.ha.StandbyState.checkOperation(StandbyState.java:88)
	at org.apache.hadoop.hdfs.server.namenode.NameNode$NameNodeHAContext.checkOperation(NameNode.java:1952)
	at org.apache.hadoop.hdfs.server.namenode.FSNamesystem.checkOperation(FSNamesystem.java:1423)
	at org.apache.hadoop.hdfs.server.namenode.FSNamesystem.getFileInfo(FSNamesystem.java:3085)
	at org.apache.hadoop.hdfs.server.namenode.NameNodeRpcServer.getFileInfo(NameNodeRpcServer.java:1154)
	at org.apache.hadoop.hdfs.protocolPB.ClientNamenodeProtocolServerSideTranslatorPB.getFileInfo(ClientNamenodeProtocolServerSideTranslatorPB.java:966)
	at org.apache.hadoop.hdfs.protocol.proto.ClientNamenodeProtocolProtos$ClientNamenodeProtocol$2.callBlockingMethod(ClientNamenodeProtocolProtos.java)
	at org.apache.hadoop.ipc.ProtobufRpcEngine$Server$ProtoBufRpcInvoker.call(ProtobufRpcEngine.java:523)
	at org.apache.hadoop.ipc.RPC$Server.call(RPC.java:991)
	at org.apache.hadoop.ipc.Server$RpcCall.run(Server.java:872)
	at org.apache.hadoop.ipc.Server$RpcCall.run(Server.java:818)
	at java.security.AccessController.doPrivileged(Native Method)
	at javax.security.auth.Subject.doAs(Subject.java:422)
	at org.apache.hadoop.security.UserGroupInformation.doAs(UserGroupInformation.java:1729)
	at org.apache.hadoop.ipc.Server$Handler.run(Server.java:2678)
, while invoking ClientNamenodeProtocolTranslatorPB.getFileInfo over node-1-link-0/10.10.1.4:8020 after 1 failover attempts. Trying to failover after sleeping for 1142ms.
2019-03-27 02:28:24,756 INFO  retry.RetryInvocationHandler RetryInvocationHandler.java:log:411 - java.net.ConnectException: Call From clnode051.clemson.cloudlab.us/130.127.133.60 to node-0-link-0:8020 failed on connection exception: java.net.ConnectException: Connection refused; For more details see:  http://wiki.apache.org/hadoop/ConnectionRefused, while invoking ClientNamenodeProtocolTranslatorPB.getFileInfo over node-0-link-0/10.10.1.1:8020 after 2 failover attempts. Trying to failover after sleeping for 1059ms.
file 2 has been read from HDFS for 8 time
diff succeed!
file 2 has been read from HDFS for 9 time
diff succeed!
file 2 has been read from HDFS for 10 time
diff succeed!
Deleted /myfile2
file 2 has been removed from HDFS
Found 5 items
-rw-r--r--   3 root supergroup 1073741824 2019-03-27 02:28 /myfile1
-rw-r--r--   3 root supergroup 1073741824 2019-03-27 02:29 /myfile2
-rw-r--r--   3 root supergroup 1073741824 2019-03-27 02:28 /myfile3
-rw-r--r--   3 root supergroup 1073741824 2019-03-27 02:29 /myfile4
-rw-r--r--   3 root supergroup 1073741824 2019-03-27 02:29 /myfile5
file 2 has been put into HDFS
file 2 has been read from HDFS for 1 time
diff succeed!
file 2 has been read from HDFS for 2 time
diff succeed!
file 2 has been read from HDFS for 3 time
diff succeed!
file 2 has been read from HDFS for 4 time
diff succeed!
file 2 has been read from HDFS for 5 time
diff succeed!
file 2 has been read from HDFS for 6 time
diff succeed!
file 2 has been read from HDFS for 7 time
diff succeed!
file 2 has been read from HDFS for 8 time
diff succeed!
file 2 has been read from HDFS for 9 time
diff succeed!
file 2 has been read from HDFS for 10 time
diff succeed!
Deleted /myfile2
file 2 has been removed from HDFS
Found 5 items
-rw-r--r--   3 root supergroup 1073741824 2019-03-27 02:30 /myfile1
-rw-r--r--   3 root supergroup 1073741824 2019-03-27 02:31 /myfile2
-rw-r--r--   3 root supergroup 1073741824 2019-03-27 02:30 /myfile3
-rw-r--r--   3 root supergroup 1073741824 2019-03-27 02:31 /myfile4
-rw-r--r--   3 root supergroup 1073741824 2019-03-27 02:30 /myfile5
file 2 has been put into HDFS
file 2 has been read from HDFS for 1 time
diff succeed!
file 2 has been read from HDFS for 2 time
diff succeed!
file 2 has been read from HDFS for 3 time
diff succeed!
file 2 has been read from HDFS for 4 time
diff succeed!
file 2 has been read from HDFS for 5 time
diff succeed!
file 2 has been read from HDFS for 6 time
diff succeed!
file 2 has been read from HDFS for 7 time
diff succeed!
file 2 has been read from HDFS for 8 time
diff succeed!
file 2 has been read from HDFS for 9 time
diff succeed!
file 2 has been read from HDFS for 10 time
diff succeed!
Deleted /myfile2
file 2 has been removed from HDFS
Found 5 items
-rw-r--r--   3 root supergroup 1073741824 2019-03-27 02:32 /myfile1
-rw-r--r--   3 root supergroup 1073741824 2019-03-27 02:33 /myfile2
-rw-r--r--   3 root supergroup 1073741824 2019-03-27 02:32 /myfile3
-rw-r--r--   3 root supergroup 1073741824 2019-03-27 02:33 /myfile4
-rw-r--r--   3 root supergroup 1073741824 2019-03-27 02:32 /myfile5
file 2 has been put into HDFS
file 2 has been read from HDFS for 1 time
diff succeed!
file 2 has been read from HDFS for 2 time
diff succeed!
file 2 has been read from HDFS for 3 time
diff succeed!
file 2 has been read from HDFS for 4 time
diff succeed!
file 2 has been read from HDFS for 5 time
diff succeed!
file 2 has been read from HDFS for 6 time
diff succeed!
file 2 has been read from HDFS for 7 time
diff succeed!
file 2 has been read from HDFS for 8 time
diff succeed!
file 2 has been read from HDFS for 9 time
diff succeed!
file 2 has been read from HDFS for 10 time
diff succeed!
2019-03-27 02:34:42,672 INFO  retry.RetryInvocationHandler RetryInvocationHandler.java:log:411 - java.io.EOFException: End of File Exception between local host is: "clnode051.clemson.cloudlab.us/130.127.133.60"; destination host is: "node-1-link-0":8020; : java.io.EOFException; For more details see:  http://wiki.apache.org/hadoop/EOFException, while invoking ClientNamenodeProtocolTranslatorPB.delete over node-1-link-0/10.10.1.4:8020. Trying to failover immediately.
2019-03-27 02:34:42,682 INFO  retry.RetryInvocationHandler RetryInvocationHandler.java:log:411 - org.apache.hadoop.ipc.RemoteException(org.apache.hadoop.ipc.StandbyException): Operation category WRITE is not supported in state standby. Visit https://s.apache.org/sbnn-error
	at org.apache.hadoop.hdfs.server.namenode.ha.StandbyState.checkOperation(StandbyState.java:88)
	at org.apache.hadoop.hdfs.server.namenode.NameNode$NameNodeHAContext.checkOperation(NameNode.java:1952)
	at org.apache.hadoop.hdfs.server.namenode.FSNamesystem.checkOperation(FSNamesystem.java:1423)
	at org.apache.hadoop.hdfs.server.namenode.NameNodeRpcServer.delete(NameNodeRpcServer.java:1087)
	at org.apache.hadoop.hdfs.protocolPB.ClientNamenodeProtocolServerSideTranslatorPB.delete(ClientNamenodeProtocolServerSideTranslatorPB.java:692)
	at org.apache.hadoop.hdfs.protocol.proto.ClientNamenodeProtocolProtos$ClientNamenodeProtocol$2.callBlockingMethod(ClientNamenodeProtocolProtos.java)
	at org.apache.hadoop.ipc.ProtobufRpcEngine$Server$ProtoBufRpcInvoker.call(ProtobufRpcEngine.java:523)
	at org.apache.hadoop.ipc.RPC$Server.call(RPC.java:991)
	at org.apache.hadoop.ipc.Server$RpcCall.run(Server.java:872)
	at org.apache.hadoop.ipc.Server$RpcCall.run(Server.java:818)
	at java.security.AccessController.doPrivileged(Native Method)
	at javax.security.auth.Subject.doAs(Subject.java:422)
	at org.apache.hadoop.security.UserGroupInformation.doAs(UserGroupInformation.java:1729)
	at org.apache.hadoop.ipc.Server$Handler.run(Server.java:2678)
, while invoking ClientNamenodeProtocolTranslatorPB.delete over node-0-link-0/10.10.1.1:8020 after 1 failover attempts. Trying to failover after sleeping for 507ms.
2019-03-27 02:34:43,192 INFO  retry.RetryInvocationHandler RetryInvocationHandler.java:log:411 - java.net.ConnectException: Call From clnode051.clemson.cloudlab.us/130.127.133.60 to node-1-link-0:8020 failed on connection exception: java.net.ConnectException: Connection refused; For more details see:  http://wiki.apache.org/hadoop/ConnectionRefused, while invoking ClientNamenodeProtocolTranslatorPB.delete over node-1-link-0/10.10.1.4:8020 after 2 failover attempts. Trying to failover after sleeping for 2076ms.
Deleted /myfile2
file 2 has been removed from HDFS
Found 5 items
-rw-r--r--   3 root supergroup 1073741824 2019-03-27 02:34 /myfile1
-rw-r--r--   3 root supergroup 1073741824 2019-03-27 02:35 /myfile2
-rw-r--r--   3 root supergroup 1073741824 2019-03-27 02:34 /myfile3
-rw-r--r--   3 root supergroup 1073741824 2019-03-27 02:35 /myfile4
-rw-r--r--   3 root supergroup 1073741824 2019-03-27 02:34 /myfile5
file 2 has been put into HDFS
file 2 has been read from HDFS for 1 time
diff succeed!
file 2 has been read from HDFS for 2 time
diff succeed!
file 2 has been read from HDFS for 3 time
diff succeed!
file 2 has been read from HDFS for 4 time
diff succeed!
file 2 has been read from HDFS for 5 time
diff succeed!
file 2 has been read from HDFS for 6 time
diff succeed!
file 2 has been read from HDFS for 7 time
diff succeed!
file 2 has been read from HDFS for 8 time
diff succeed!
file 2 has been read from HDFS for 9 time
diff succeed!
file 2 has been read from HDFS for 10 time
diff succeed!
Deleted /myfile2
file 2 has been removed from HDFS
Found 5 items
-rw-r--r--   3 root supergroup 1073741824 2019-03-27 02:36 /myfile1
-rw-r--r--   3 root supergroup 1073741824 2019-03-27 02:37 /myfile2
-rw-r--r--   3 root supergroup 1073741824 2019-03-27 02:35 /myfile3
-rw-r--r--   3 root supergroup 1073741824 2019-03-27 02:36 /myfile4
-rw-r--r--   3 root supergroup 1073741824 2019-03-27 02:36 /myfile5
file 2 has been put into HDFS
file 2 has been read from HDFS for 1 time
diff succeed!
file 2 has been read from HDFS for 2 time
diff succeed!
file 2 has been read from HDFS for 3 time
diff succeed!
file 2 has been read from HDFS for 4 time
diff succeed!
file 2 has been read from HDFS for 5 time
diff succeed!
file 2 has been read from HDFS for 6 time
diff succeed!
file 2 has been read from HDFS for 7 time
diff succeed!
file 2 has been read from HDFS for 8 time
diff succeed!
file 2 has been read from HDFS for 9 time
diff succeed!
file 2 has been read from HDFS for 10 time
diff succeed!
Deleted /myfile2
file 2 has been removed from HDFS
Found 5 items
-rw-r--r--   3 root supergroup 1073741824 2019-03-27 02:37 /myfile1
-rw-r--r--   3 root supergroup 1073741824 2019-03-27 02:38 /myfile2
-rw-r--r--   3 root supergroup 1073741824 2019-03-27 02:37 /myfile3
-rw-r--r--   3 root supergroup 1073741824 2019-03-27 02:38 /myfile4
-rw-r--r--   3 root supergroup 1073741824 2019-03-27 02:37 /myfile5
file 2 has been put into HDFS
file 2 has been read from HDFS for 1 time
diff succeed!
file 2 has been read from HDFS for 2 time
diff succeed!
file 2 has been read from HDFS for 3 time
diff succeed!
file 2 has been read from HDFS for 4 time
diff succeed!
file 2 has been read from HDFS for 5 time
diff succeed!
file 2 has been read from HDFS for 6 time
diff succeed!
file 2 has been read from HDFS for 7 time
diff succeed!
file 2 has been read from HDFS for 8 time
diff succeed!
file 2 has been read from HDFS for 9 time
diff succeed!
file 2 has been read from HDFS for 10 time
diff succeed!
Deleted /myfile2
file 2 has been removed from HDFS
