Found 5 items
-rw-r--r--   3 root supergroup 1073741824 2019-03-26 05:59 /myfile1
-rw-r--r--   3 root supergroup 1073741824 2019-03-26 05:59 /myfile2
-rw-r--r--   3 root supergroup 1073741824 2019-03-26 05:59 /myfile3
-rw-r--r--   3 root supergroup 1073741824 2019-03-26 05:59 /myfile4
-rw-r--r--   3 root supergroup 1073741824 2019-03-26 05:59 /myfile5
file 5 has been put into HDFS
file 5 has been read from HDFS for 1 time
diff succeed!
file 5 has been read from HDFS for 2 time
diff succeed!
file 5 has been read from HDFS for 3 time
diff succeed!
file 5 has been read from HDFS for 4 time
diff succeed!
file 5 has been read from HDFS for 5 time
diff succeed!
file 5 has been read from HDFS for 6 time
diff succeed!
file 5 has been read from HDFS for 7 time
diff succeed!
file 5 has been read from HDFS for 8 time
diff succeed!
file 5 has been read from HDFS for 9 time
diff succeed!
file 5 has been read from HDFS for 10 time
diff succeed!
Deleted /myfile5
file 5 has been removed from HDFS
Found 5 items
-rw-r--r--   3 root supergroup  939524096 2019-03-26 06:01 /myfile1._COPYING_
-rw-r--r--   3 root supergroup 1073741824 2019-03-26 05:59 /myfile2
-rw-r--r--   3 root supergroup 1073741824 2019-03-26 06:01 /myfile3
-rw-r--r--   3 root supergroup  134217728 2019-03-26 06:01 /myfile4._COPYING_
-rw-r--r--   3 root supergroup 1073741824 2019-03-26 06:01 /myfile5
file 5 has been put into HDFS
file 5 has been read from HDFS for 1 time
diff succeed!
file 5 has been read from HDFS for 2 time
diff succeed!
file 5 has been read from HDFS for 3 time
diff succeed!
file 5 has been read from HDFS for 4 time
diff succeed!
file 5 has been read from HDFS for 5 time
diff succeed!
file 5 has been read from HDFS for 6 time
diff succeed!
file 5 has been read from HDFS for 7 time
diff succeed!
file 5 has been read from HDFS for 8 time
diff succeed!
file 5 has been read from HDFS for 9 time
diff succeed!
file 5 has been read from HDFS for 10 time
diff succeed!
Deleted /myfile5
file 5 has been removed from HDFS
Found 5 items
-rw-r--r--   3 root supergroup 1073741824 2019-03-26 06:01 /myfile1
-rw-r--r--   3 root supergroup 1073741824 2019-03-26 06:01 /myfile2
-rw-r--r--   3 root supergroup 1073741824 2019-03-26 06:02 /myfile3
-rw-r--r--   3 root supergroup 1073741824 2019-03-26 06:01 /myfile4
-rw-r--r--   3 root supergroup 1073741824 2019-03-26 06:02 /myfile5
file 5 has been put into HDFS
file 5 has been read from HDFS for 1 time
diff succeed!
file 5 has been read from HDFS for 2 time
diff succeed!
file 5 has been read from HDFS for 3 time
diff succeed!
file 5 has been read from HDFS for 4 time
diff succeed!
file 5 has been read from HDFS for 5 time
diff succeed!
file 5 has been read from HDFS for 6 time
diff succeed!
file 5 has been read from HDFS for 7 time
diff succeed!
file 5 has been read from HDFS for 8 time
diff succeed!
file 5 has been read from HDFS for 9 time
diff succeed!
file 5 has been read from HDFS for 10 time
diff succeed!
Deleted /myfile5
file 5 has been removed from HDFS
2019-03-26 06:04:33,076 WARN  hdfs.DataStreamer DataStreamer.java:run:1196 - Exception for BP-1820468767-130.127.133.33-1553601522251:blk_1073741953_1129
java.io.IOException: Bad response ERROR for BP-1820468767-130.127.133.33-1553601522251:blk_1073741953_1129 from datanode DatanodeInfoWithStorage[10.10.1.6:9866,DS-d0c170e1-86f0-49cb-9ea6-de15abf91b36,DISK]
	at org.apache.hadoop.hdfs.DataStreamer$ResponseProcessor.run(DataStreamer.java:1126)
2019-03-26 06:04:33,084 WARN  hdfs.DataStreamer DataStreamer.java:handleBadDatanode:1571 - Error Recovery for BP-1820468767-130.127.133.33-1553601522251:blk_1073741953_1129 in pipeline [DatanodeInfoWithStorage[10.10.1.3:9866,DS-b7e7bab1-02fa-4f06-918f-89183bab7d12,DISK], DatanodeInfoWithStorage[10.10.1.5:9866,DS-8344cbde-2309-408f-9e47-37968c483fac,DISK], DatanodeInfoWithStorage[10.10.1.6:9866,DS-d0c170e1-86f0-49cb-9ea6-de15abf91b36,DISK]]: datanode 2(DatanodeInfoWithStorage[10.10.1.6:9866,DS-d0c170e1-86f0-49cb-9ea6-de15abf91b36,DISK]) is bad.
2019-03-26 06:04:33,485 INFO  hdfs.DataStreamer DataStreamer.java:createBlockOutputStream:1789 - Exception in createBlockOutputStream blk_1073741955_1133
java.io.IOException: Got error, status=ERROR, status message , ack with firstBadLink as 10.10.1.6:9866
	at org.apache.hadoop.hdfs.protocol.datatransfer.DataTransferProtoUtil.checkBlockOpStatus(DataTransferProtoUtil.java:134)
	at org.apache.hadoop.hdfs.protocol.datatransfer.DataTransferProtoUtil.checkBlockOpStatus(DataTransferProtoUtil.java:110)
	at org.apache.hadoop.hdfs.DataStreamer.createBlockOutputStream(DataStreamer.java:1778)
	at org.apache.hadoop.hdfs.DataStreamer.nextBlockOutputStream(DataStreamer.java:1679)
	at org.apache.hadoop.hdfs.DataStreamer.run(DataStreamer.java:716)
2019-03-26 06:04:33,486 WARN  hdfs.DataStreamer DataStreamer.java:nextBlockOutputStream:1683 - Abandoning BP-1820468767-130.127.133.33-1553601522251:blk_1073741955_1133
2019-03-26 06:04:33,508 WARN  hdfs.DataStreamer DataStreamer.java:nextBlockOutputStream:1688 - Excluding datanode DatanodeInfoWithStorage[10.10.1.6:9866,DS-d0c170e1-86f0-49cb-9ea6-de15abf91b36,DISK]
Found 5 items
-rw-r--r--   3 root supergroup 1073741824 2019-03-26 06:03 /myfile1
-rw-r--r--   3 root supergroup 1073741824 2019-03-26 06:03 /myfile2
-rw-r--r--   3 root supergroup 1073741824 2019-03-26 06:04 /myfile3
-rw-r--r--   3 root supergroup 1073741824 2019-03-26 06:03 /myfile4
-rw-r--r--   3 root supergroup 1073741824 2019-03-26 06:04 /myfile5
file 5 has been put into HDFS
file 5 has been read from HDFS for 1 time
diff succeed!
file 5 has been read from HDFS for 2 time
diff succeed!
file 5 has been read from HDFS for 3 time
diff succeed!
file 5 has been read from HDFS for 4 time
diff succeed!
file 5 has been read from HDFS for 5 time
diff succeed!
file 5 has been read from HDFS for 6 time
diff succeed!
file 5 has been read from HDFS for 7 time
diff succeed!
file 5 has been read from HDFS for 8 time
diff succeed!
file 5 has been read from HDFS for 9 time
diff succeed!
file 5 has been read from HDFS for 10 time
diff succeed!
Deleted /myfile5
file 5 has been removed from HDFS
Found 5 items
-rw-r--r--   3 root supergroup 1073741824 2019-03-26 06:04 /myfile1
-rw-r--r--   3 root supergroup 1073741824 2019-03-26 06:05 /myfile2
-rw-r--r--   3 root supergroup 1073741824 2019-03-26 06:06 /myfile3
-rw-r--r--   3 root supergroup 1073741824 2019-03-26 06:04 /myfile4
-rw-r--r--   3 root supergroup 1073741824 2019-03-26 06:06 /myfile5
file 5 has been put into HDFS
file 5 has been read from HDFS for 1 time
diff succeed!
file 5 has been read from HDFS for 2 time
diff succeed!
file 5 has been read from HDFS for 3 time
diff succeed!
file 5 has been read from HDFS for 4 time
diff succeed!
file 5 has been read from HDFS for 5 time
diff succeed!
file 5 has been read from HDFS for 6 time
diff succeed!
file 5 has been read from HDFS for 7 time
diff succeed!
file 5 has been read from HDFS for 8 time
diff succeed!
file 5 has been read from HDFS for 9 time
diff succeed!
file 5 has been read from HDFS for 10 time
diff succeed!
Deleted /myfile5
file 5 has been removed from HDFS
Found 5 items
-rw-r--r--   3 root supergroup 1073741824 2019-03-26 06:06 /myfile1
-rw-r--r--   3 root supergroup 1073741824 2019-03-26 06:07 /myfile2
-rw-r--r--   3 root supergroup 1073741824 2019-03-26 06:07 /myfile3
-rw-r--r--   3 root supergroup 1073741824 2019-03-26 06:06 /myfile4
-rw-r--r--   3 root supergroup 1073741824 2019-03-26 06:07 /myfile5
file 5 has been put into HDFS
file 5 has been read from HDFS for 1 time
diff succeed!
file 5 has been read from HDFS for 2 time
diff succeed!
file 5 has been read from HDFS for 3 time
diff succeed!
file 5 has been read from HDFS for 4 time
diff succeed!
file 5 has been read from HDFS for 5 time
diff succeed!
file 5 has been read from HDFS for 6 time
diff succeed!
file 5 has been read from HDFS for 7 time
diff succeed!
file 5 has been read from HDFS for 8 time
diff succeed!
file 5 has been read from HDFS for 9 time
diff succeed!
file 5 has been read from HDFS for 10 time
diff succeed!
Deleted /myfile5
file 5 has been removed from HDFS
2019-03-26 06:09:40,304 WARN  hdfs.DataStreamer DataStreamer.java:run:1196 - Exception for BP-1820468767-130.127.133.33-1553601522251:blk_1073742081_1259
java.io.IOException: Bad response ERROR for BP-1820468767-130.127.133.33-1553601522251:blk_1073742081_1259 from datanode DatanodeInfoWithStorage[10.10.1.6:9866,DS-d0c170e1-86f0-49cb-9ea6-de15abf91b36,DISK]
	at org.apache.hadoop.hdfs.DataStreamer$ResponseProcessor.run(DataStreamer.java:1126)
2019-03-26 06:09:40,309 WARN  hdfs.DataStreamer DataStreamer.java:handleBadDatanode:1571 - Error Recovery for BP-1820468767-130.127.133.33-1553601522251:blk_1073742081_1259 in pipeline [DatanodeInfoWithStorage[10.10.1.2:9866,DS-7ce1f3b6-d340-49d4-a886-e454e8d67e15,DISK], DatanodeInfoWithStorage[10.10.1.6:9866,DS-d0c170e1-86f0-49cb-9ea6-de15abf91b36,DISK], DatanodeInfoWithStorage[10.10.1.3:9866,DS-b7e7bab1-02fa-4f06-918f-89183bab7d12,DISK]]: datanode 1(DatanodeInfoWithStorage[10.10.1.6:9866,DS-d0c170e1-86f0-49cb-9ea6-de15abf91b36,DISK]) is bad.
2019-03-26 06:09:40,838 INFO  hdfs.DataStreamer DataStreamer.java:createBlockOutputStream:1789 - Exception in createBlockOutputStream blk_1073742082_1261
java.io.IOException: Got error, status=ERROR, status message , ack with firstBadLink as 10.10.1.6:9866
	at org.apache.hadoop.hdfs.protocol.datatransfer.DataTransferProtoUtil.checkBlockOpStatus(DataTransferProtoUtil.java:134)
	at org.apache.hadoop.hdfs.protocol.datatransfer.DataTransferProtoUtil.checkBlockOpStatus(DataTransferProtoUtil.java:110)
	at org.apache.hadoop.hdfs.DataStreamer.createBlockOutputStream(DataStreamer.java:1778)
	at org.apache.hadoop.hdfs.DataStreamer.nextBlockOutputStream(DataStreamer.java:1679)
	at org.apache.hadoop.hdfs.DataStreamer.run(DataStreamer.java:716)
2019-03-26 06:09:40,838 WARN  hdfs.DataStreamer DataStreamer.java:nextBlockOutputStream:1683 - Abandoning BP-1820468767-130.127.133.33-1553601522251:blk_1073742082_1261
2019-03-26 06:09:40,865 WARN  hdfs.DataStreamer DataStreamer.java:nextBlockOutputStream:1688 - Excluding datanode DatanodeInfoWithStorage[10.10.1.6:9866,DS-d0c170e1-86f0-49cb-9ea6-de15abf91b36,DISK]
Found 5 items
-rw-r--r--   3 root supergroup 1073741824 2019-03-26 06:08 /myfile1
-rw-r--r--   3 root supergroup 1073741824 2019-03-26 06:09 /myfile2
-rw-r--r--   3 root supergroup 1073741824 2019-03-26 06:09 /myfile3
-rw-r--r--   3 root supergroup 1073741824 2019-03-26 06:08 /myfile4
-rw-r--r--   3 root supergroup 1073741824 2019-03-26 06:09 /myfile5
file 5 has been put into HDFS
file 5 has been read from HDFS for 1 time
diff succeed!
file 5 has been read from HDFS for 2 time
diff succeed!
file 5 has been read from HDFS for 3 time
diff succeed!
file 5 has been read from HDFS for 4 time
diff succeed!
file 5 has been read from HDFS for 5 time
diff succeed!
file 5 has been read from HDFS for 6 time
diff succeed!
file 5 has been read from HDFS for 7 time
diff succeed!
file 5 has been read from HDFS for 8 time
diff succeed!
file 5 has been read from HDFS for 9 time
diff succeed!
file 5 has been read from HDFS for 10 time
diff succeed!
Deleted /myfile5
file 5 has been removed from HDFS
Found 5 items
-rw-r--r--   3 root supergroup 1073741824 2019-03-26 06:10 /myfile1
-rw-r--r--   3 root supergroup 1073741824 2019-03-26 06:11 /myfile2
-rw-r--r--   3 root supergroup 1073741824 2019-03-26 06:11 /myfile3
-rw-r--r--   3 root supergroup 1073741824 2019-03-26 06:10 /myfile4
-rw-r--r--   3 root supergroup 1073741824 2019-03-26 06:11 /myfile5
file 5 has been put into HDFS
file 5 has been read from HDFS for 1 time
diff succeed!
file 5 has been read from HDFS for 2 time
diff succeed!
file 5 has been read from HDFS for 3 time
diff succeed!
file 5 has been read from HDFS for 4 time
diff succeed!
file 5 has been read from HDFS for 5 time
diff succeed!
file 5 has been read from HDFS for 6 time
diff succeed!
file 5 has been read from HDFS for 7 time
diff succeed!
file 5 has been read from HDFS for 8 time
diff succeed!
file 5 has been read from HDFS for 9 time
diff succeed!
file 5 has been read from HDFS for 10 time
diff succeed!
Deleted /myfile5
file 5 has been removed from HDFS
Found 5 items
-rw-r--r--   3 root supergroup 1073741824 2019-03-26 06:12 /myfile1
-rw-r--r--   3 root supergroup          0 2019-03-26 06:13 /myfile2._COPYING_
-rw-r--r--   3 root supergroup 1073741824 2019-03-26 06:12 /myfile3
-rw-r--r--   3 root supergroup 1073741824 2019-03-26 06:12 /myfile4
-rw-r--r--   3 root supergroup 1073741824 2019-03-26 06:13 /myfile5
file 5 has been put into HDFS
file 5 has been read from HDFS for 1 time
diff succeed!
file 5 has been read from HDFS for 2 time
diff succeed!
file 5 has been read from HDFS for 3 time
diff succeed!
file 5 has been read from HDFS for 4 time
diff succeed!
file 5 has been read from HDFS for 5 time
diff succeed!
file 5 has been read from HDFS for 6 time
diff succeed!
file 5 has been read from HDFS for 7 time
diff succeed!
file 5 has been read from HDFS for 8 time
diff succeed!
