Found 5 items
-rw-r--r--   3 root supergroup 1073741824 2019-03-25 09:48 /myfile1
-rw-r--r--   3 root supergroup 1073741824 2019-03-25 09:48 /myfile2
-rw-r--r--   3 root supergroup 1073741824 2019-03-25 09:48 /myfile3
-rw-r--r--   3 root supergroup 1073741824 2019-03-25 09:48 /myfile4
-rw-r--r--   3 root supergroup 1073741824 2019-03-25 09:48 /myfile5
file 5 has been put into HDFS
file 5 has been read from HDFS for 1 time
diff succeed!
file 5 has been read from HDFS for 2 time
diff succeed!
file 5 has been read from HDFS for 3 time
diff succeed!
file 5 has been read from HDFS for 4 time
diff succeed!
file 5 has been read from HDFS for 5 time
diff succeed!
file 5 has been read from HDFS for 6 time
diff succeed!
file 5 has been read from HDFS for 7 time
diff succeed!
file 5 has been read from HDFS for 8 time
diff succeed!
file 5 has been read from HDFS for 9 time
diff succeed!
file 5 has been read from HDFS for 10 time
diff succeed!
Deleted /myfile5
file 5 has been removed from HDFS
Found 5 items
-rw-r--r--   3 root supergroup 1073741824 2019-03-25 09:50 /myfile1
-rw-r--r--   3 root supergroup 1073741824 2019-03-25 09:50 /myfile2
-rw-r--r--   3 root supergroup 1073741824 2019-03-25 09:50 /myfile3
-rw-r--r--   3 root supergroup 1073741824 2019-03-25 09:50 /myfile4
-rw-r--r--   3 root supergroup 1073741824 2019-03-25 09:50 /myfile5
file 5 has been put into HDFS
file 5 has been read from HDFS for 1 time
diff succeed!
file 5 has been read from HDFS for 2 time
diff succeed!
file 5 has been read from HDFS for 3 time
diff succeed!
file 5 has been read from HDFS for 4 time
diff succeed!
file 5 has been read from HDFS for 5 time
diff succeed!
file 5 has been read from HDFS for 6 time
diff succeed!
file 5 has been read from HDFS for 7 time
diff succeed!
file 5 has been read from HDFS for 8 time
diff succeed!
file 5 has been read from HDFS for 9 time
diff succeed!
file 5 has been read from HDFS for 10 time
diff succeed!
Deleted /myfile5
file 5 has been removed from HDFS
Found 5 items
-rw-r--r--   3 root supergroup 1073741824 2019-03-25 09:51 /myfile1
-rw-r--r--   3 root supergroup 1073741824 2019-03-25 09:51 /myfile2
-rw-r--r--   3 root supergroup  402653184 2019-03-25 09:52 /myfile3._COPYING_
-rw-r--r--   3 root supergroup  402653184 2019-03-25 09:52 /myfile4._COPYING_
-rw-r--r--   3 root supergroup 1073741824 2019-03-25 09:52 /myfile5
file 5 has been put into HDFS
file 5 has been read from HDFS for 1 time
diff succeed!
file 5 has been read from HDFS for 2 time
diff succeed!
file 5 has been read from HDFS for 3 time
diff succeed!
file 5 has been read from HDFS for 4 time
diff succeed!
file 5 has been read from HDFS for 5 time
diff succeed!
file 5 has been read from HDFS for 6 time
diff succeed!
file 5 has been read from HDFS for 7 time
diff succeed!
file 5 has been read from HDFS for 8 time
diff succeed!
file 5 has been read from HDFS for 9 time
diff succeed!
file 5 has been read from HDFS for 10 time
diff succeed!
Deleted /myfile5
file 5 has been removed from HDFS
Found 5 items
-rw-r--r--   3 root supergroup 1073741824 2019-03-25 09:54 /myfile1
-rw-r--r--   3 root supergroup 1073741824 2019-03-25 09:54 /myfile2
-rw-r--r--   3 root supergroup 1073741824 2019-03-25 09:54 /myfile3
-rw-r--r--   3 root supergroup 1073741824 2019-03-25 09:55 /myfile4
-rw-r--r--   3 root supergroup 1073741824 2019-03-25 09:55 /myfile5
file 5 has been put into HDFS
file 5 has been read from HDFS for 1 time
diff succeed!
file 5 has been read from HDFS for 2 time
diff succeed!
file 5 has been read from HDFS for 3 time
diff succeed!
file 5 has been read from HDFS for 4 time
diff succeed!
file 5 has been read from HDFS for 5 time
diff succeed!
file 5 has been read from HDFS for 6 time
diff succeed!
file 5 has been read from HDFS for 7 time
diff succeed!
file 5 has been read from HDFS for 8 time
diff succeed!
file 5 has been read from HDFS for 9 time
diff succeed!
file 5 has been read from HDFS for 10 time
diff succeed!
Deleted /myfile5
file 5 has been removed from HDFS
Found 5 items
-rw-r--r--   3 root supergroup 1073741824 2019-03-25 09:57 /myfile1
-rw-r--r--   3 root supergroup 1073741824 2019-03-25 09:56 /myfile2
-rw-r--r--   3 root supergroup 1073741824 2019-03-25 09:56 /myfile3
-rw-r--r--   3 root supergroup 1073741824 2019-03-25 09:56 /myfile4
-rw-r--r--   3 root supergroup 1073741824 2019-03-25 09:57 /myfile5
file 5 has been put into HDFS
file 5 has been read from HDFS for 1 time
diff succeed!
file 5 has been read from HDFS for 2 time
diff succeed!
file 5 has been read from HDFS for 3 time
diff succeed!
file 5 has been read from HDFS for 4 time
diff succeed!
file 5 has been read from HDFS for 5 time
diff succeed!
file 5 has been read from HDFS for 6 time
diff succeed!
file 5 has been read from HDFS for 7 time
diff succeed!
file 5 has been read from HDFS for 8 time
diff succeed!
file 5 has been read from HDFS for 9 time
diff succeed!
file 5 has been read from HDFS for 10 time
diff succeed!
Deleted /myfile5
file 5 has been removed from HDFS
Found 5 items
-rw-r--r--   3 root supergroup 1073741824 2019-03-25 09:59 /myfile1
-rw-r--r--   3 root supergroup 1073741824 2019-03-25 09:57 /myfile2
-rw-r--r--   3 root supergroup 1073741824 2019-03-25 09:57 /myfile3
-rw-r--r--   3 root supergroup 1073741824 2019-03-25 09:58 /myfile4
-rw-r--r--   3 root supergroup 1073741824 2019-03-25 09:59 /myfile5
file 5 has been put into HDFS
file 5 has been read from HDFS for 1 time
diff succeed!
2019-03-25 09:59:12,264 INFO  retry.RetryInvocationHandler RetryInvocationHandler.java:log:411 - java.net.ConnectException: Call From clnode087.clemson.cloudlab.us/130.127.133.96 to node-1-link-0:8020 failed on connection exception: java.net.ConnectException: Connection refused; For more details see:  http://wiki.apache.org/hadoop/ConnectionRefused, while invoking ClientNamenodeProtocolTranslatorPB.getFileInfo over node-1-link-0/10.10.1.4:8020 after 1 failover attempts. Trying to failover after sleeping for 1244ms.
file 5 has been read from HDFS for 2 time
diff succeed!
file 5 has been read from HDFS for 3 time
diff succeed!
file 5 has been read from HDFS for 4 time
diff succeed!
file 5 has been read from HDFS for 5 time
diff succeed!
file 5 has been read from HDFS for 6 time
diff succeed!
file 5 has been read from HDFS for 7 time
diff succeed!
file 5 has been read from HDFS for 8 time
diff succeed!
file 5 has been read from HDFS for 9 time
diff succeed!
file 5 has been read from HDFS for 10 time
diff succeed!
Deleted /myfile5
file 5 has been removed from HDFS
Found 5 items
-rw-r--r--   3 root supergroup 1073741824 2019-03-25 10:01 /myfile1
-rw-r--r--   3 root supergroup 1073741824 2019-03-25 09:59 /myfile2
-rw-r--r--   3 root supergroup 1073741824 2019-03-25 10:00 /myfile3
-rw-r--r--   3 root supergroup 1073741824 2019-03-25 10:01 /myfile4
-rw-r--r--   3 root supergroup 1073741824 2019-03-25 10:01 /myfile5
file 5 has been put into HDFS
file 5 has been read from HDFS for 1 time
diff succeed!
file 5 has been read from HDFS for 2 time
diff succeed!
file 5 has been read from HDFS for 3 time
diff succeed!
file 5 has been read from HDFS for 4 time
diff succeed!
file 5 has been read from HDFS for 5 time
diff succeed!
file 5 has been read from HDFS for 6 time
diff succeed!
file 5 has been read from HDFS for 7 time
diff succeed!
file 5 has been read from HDFS for 8 time
diff succeed!
file 5 has been read from HDFS for 9 time
diff succeed!
file 5 has been read from HDFS for 10 time
diff succeed!
Deleted /myfile5
file 5 has been removed from HDFS
Found 5 items
-rw-r--r--   3 root supergroup 1073741824 2019-03-25 10:02 /myfile1
-rw-r--r--   3 root supergroup 1073741824 2019-03-25 10:02 /myfile2
-rw-r--r--   3 root supergroup 1073741824 2019-03-25 10:02 /myfile3
-rw-r--r--   3 root supergroup 1073741824 2019-03-25 10:02 /myfile4
-rw-r--r--   3 root supergroup 1073741824 2019-03-25 10:02 /myfile5
file 5 has been put into HDFS
file 5 has been read from HDFS for 1 time
diff succeed!
file 5 has been read from HDFS for 2 time
diff succeed!
file 5 has been read from HDFS for 3 time
diff succeed!
file 5 has been read from HDFS for 4 time
diff succeed!
file 5 has been read from HDFS for 5 time
diff succeed!
file 5 has been read from HDFS for 6 time
diff succeed!
file 5 has been read from HDFS for 7 time
diff succeed!
file 5 has been read from HDFS for 8 time
diff succeed!
file 5 has been read from HDFS for 9 time
diff succeed!
file 5 has been read from HDFS for 10 time
diff succeed!
Deleted /myfile5
file 5 has been removed from HDFS
Found 5 items
-rw-r--r--   3 root supergroup 1073741824 2019-03-25 10:05 /myfile1
-rw-r--r--   3 root supergroup 1073741824 2019-03-25 10:04 /myfile2
-rw-r--r--   3 root supergroup 1073741824 2019-03-25 10:04 /myfile3
-rw-r--r--   3 root supergroup 1073741824 2019-03-25 10:04 /myfile4
-rw-r--r--   3 root supergroup 1073741824 2019-03-25 10:05 /myfile5
file 5 has been put into HDFS
file 5 has been read from HDFS for 1 time
diff succeed!
file 5 has been read from HDFS for 2 time
diff succeed!
file 5 has been read from HDFS for 3 time
diff succeed!
file 5 has been read from HDFS for 4 time
diff succeed!
file 5 has been read from HDFS for 5 time
diff succeed!
file 5 has been read from HDFS for 6 time
diff succeed!
file 5 has been read from HDFS for 7 time
diff succeed!
file 5 has been read from HDFS for 8 time
diff succeed!
file 5 has been read from HDFS for 9 time
diff succeed!
file 5 has been read from HDFS for 10 time
diff succeed!
Deleted /myfile5
file 5 has been removed from HDFS
Found 5 items
-rw-r--r--   3 root supergroup 1073741824 2019-03-25 10:07 /myfile1
-rw-r--r--   3 root supergroup 1073741824 2019-03-25 10:06 /myfile2
-rw-r--r--   3 root supergroup 1073741824 2019-03-25 10:07 /myfile3
-rw-r--r--   3 root supergroup 1073741824 2019-03-25 10:06 /myfile4
-rw-r--r--   3 root supergroup 1073741824 2019-03-25 10:07 /myfile5
file 5 has been put into HDFS
file 5 has been read from HDFS for 1 time
diff succeed!
file 5 has been read from HDFS for 2 time
diff succeed!
file 5 has been read from HDFS for 3 time
diff succeed!
file 5 has been read from HDFS for 4 time
diff succeed!
file 5 has been read from HDFS for 5 time
diff succeed!
file 5 has been read from HDFS for 6 time
diff succeed!
file 5 has been read from HDFS for 7 time
diff succeed!
file 5 has been read from HDFS for 8 time
diff succeed!
file 5 has been read from HDFS for 9 time
diff succeed!
file 5 has been read from HDFS for 10 time
diff succeed!
Deleted /myfile5
file 5 has been removed from HDFS
Found 5 items
-rw-r--r--   3 root supergroup 1073741824 2019-03-25 10:09 /myfile1
-rw-r--r--   3 root supergroup 1073741824 2019-03-25 10:08 /myfile2
-rw-r--r--   3 root supergroup 1073741824 2019-03-25 10:08 /myfile3
-rw-r--r--   3 root supergroup 1073741824 2019-03-25 10:08 /myfile4
-rw-r--r--   3 root supergroup 1073741824 2019-03-25 10:09 /myfile5
file 5 has been put into HDFS
file 5 has been read from HDFS for 1 time
diff succeed!
file 5 has been read from HDFS for 2 time
diff succeed!
file 5 has been read from HDFS for 3 time
diff succeed!
file 5 has been read from HDFS for 4 time
diff succeed!
file 5 has been read from HDFS for 5 time
diff succeed!
file 5 has been read from HDFS for 6 time
diff succeed!
file 5 has been read from HDFS for 7 time
diff succeed!
file 5 has been read from HDFS for 8 time
diff succeed!
file 5 has been read from HDFS for 9 time
diff succeed!
file 5 has been read from HDFS for 10 time
diff succeed!
Deleted /myfile5
file 5 has been removed from HDFS
Found 5 items
-rw-r--r--   3 root supergroup 1073741824 2019-03-25 10:11 /myfile1
-rw-r--r--   3 root supergroup 1073741824 2019-03-25 10:09 /myfile2
-rw-r--r--   3 root supergroup 1073741824 2019-03-25 10:10 /myfile3
-rw-r--r--   3 root supergroup 1073741824 2019-03-25 10:09 /myfile4
-rw-r--r--   3 root supergroup 1073741824 2019-03-25 10:11 /myfile5
file 5 has been put into HDFS
file 5 has been read from HDFS for 1 time
diff succeed!
2019-03-25 10:11:13,402 INFO  retry.RetryInvocationHandler RetryInvocationHandler.java:log:411 - java.net.ConnectException: Call From clnode087.clemson.cloudlab.us/130.127.133.96 to node-1-link-0:8020 failed on connection exception: java.net.ConnectException: Connection refused; For more details see:  http://wiki.apache.org/hadoop/ConnectionRefused, while invoking ClientNamenodeProtocolTranslatorPB.getFileInfo over node-1-link-0/10.10.1.4:8020 after 1 failover attempts. Trying to failover after sleeping for 541ms.
file 5 has been read from HDFS for 2 time
diff succeed!
file 5 has been read from HDFS for 3 time
diff succeed!
file 5 has been read from HDFS for 4 time
diff succeed!
file 5 has been read from HDFS for 5 time
diff succeed!
file 5 has been read from HDFS for 6 time
diff succeed!
file 5 has been read from HDFS for 7 time
diff succeed!
file 5 has been read from HDFS for 8 time
diff succeed!
file 5 has been read from HDFS for 9 time
diff succeed!
file 5 has been read from HDFS for 10 time
diff succeed!
Deleted /myfile5
file 5 has been removed from HDFS
Found 5 items
-rw-r--r--   3 root supergroup 1073741824 2019-03-25 10:11 /myfile1
-rw-r--r--   3 root supergroup 1073741824 2019-03-25 10:12 /myfile2
-rw-r--r--   3 root supergroup 1073741824 2019-03-25 10:10 /myfile3
-rw-r--r--   3 root supergroup 1073741824 2019-03-25 10:12 /myfile4
-rw-r--r--   3 root supergroup 1073741824 2019-03-25 10:13 /myfile5
file 5 has been put into HDFS
file 5 has been read from HDFS for 1 time
diff succeed!
file 5 has been read from HDFS for 2 time
diff succeed!
file 5 has been read from HDFS for 3 time
diff succeed!
file 5 has been read from HDFS for 4 time
diff succeed!
file 5 has been read from HDFS for 5 time
diff succeed!
file 5 has been read from HDFS for 6 time
diff succeed!
file 5 has been read from HDFS for 7 time
diff succeed!
file 5 has been read from HDFS for 8 time
diff succeed!
file 5 has been read from HDFS for 9 time
diff succeed!
file 5 has been read from HDFS for 10 time
diff succeed!
Deleted /myfile5
file 5 has been removed from HDFS
Found 5 items
-rw-r--r--   3 root supergroup 1073741824 2019-03-25 10:13 /myfile1
-rw-r--r--   3 root supergroup 1073741824 2019-03-25 10:14 /myfile2
-rw-r--r--   3 root supergroup 1073741824 2019-03-25 10:13 /myfile3
-rw-r--r--   3 root supergroup 1073741824 2019-03-25 10:13 /myfile4
-rw-r--r--   3 root supergroup 1073741824 2019-03-25 10:14 /myfile5
file 5 has been put into HDFS
file 5 has been read from HDFS for 1 time
diff succeed!
file 5 has been read from HDFS for 2 time
diff succeed!
file 5 has been read from HDFS for 3 time
diff succeed!
file 5 has been read from HDFS for 4 time
diff succeed!
file 5 has been read from HDFS for 5 time
diff succeed!
file 5 has been read from HDFS for 6 time
diff succeed!
file 5 has been read from HDFS for 7 time
diff succeed!
file 5 has been read from HDFS for 8 time
diff succeed!
file 5 has been read from HDFS for 9 time
diff succeed!
file 5 has been read from HDFS for 10 time
diff succeed!
Deleted /myfile5
file 5 has been removed from HDFS
Found 5 items
-rw-r--r--   3 root supergroup 1073741824 2019-03-25 10:15 /myfile1
-rw-r--r--   3 root supergroup 1073741824 2019-03-25 10:16 /myfile2
-rw-r--r--   3 root supergroup 1073741824 2019-03-25 10:15 /myfile3
-rw-r--r--   3 root supergroup 1073741824 2019-03-25 10:15 /myfile4
-rw-r--r--   3 root supergroup 1073741824 2019-03-25 10:16 /myfile5
file 5 has been put into HDFS
file 5 has been read from HDFS for 1 time
diff succeed!
file 5 has been read from HDFS for 2 time
diff succeed!
file 5 has been read from HDFS for 3 time
diff succeed!
file 5 has been read from HDFS for 4 time
