Found 5 items
-rw-r--r--   3 root supergroup 1073741824 2019-03-30 00:46 /myfile1
-rw-r--r--   3 root supergroup 1073741824 2019-03-30 00:46 /myfile2
-rw-r--r--   3 root supergroup 1073741824 2019-03-30 00:46 /myfile3
-rw-r--r--   3 root supergroup 1073741824 2019-03-30 00:46 /myfile4
-rw-r--r--   3 root supergroup 1073741824 2019-03-30 00:46 /myfile5
file 1 has been put into HDFS
file 1 has been read from HDFS for 1 time
diff succeed!
file 1 has been read from HDFS for 2 time
diff succeed!
file 1 has been read from HDFS for 3 time
diff succeed!
file 1 has been read from HDFS for 4 time
diff succeed!
file 1 has been read from HDFS for 5 time
diff succeed!
file 1 has been read from HDFS for 6 time
diff succeed!
file 1 has been read from HDFS for 7 time
diff succeed!
file 1 has been read from HDFS for 8 time
diff succeed!
file 1 has been read from HDFS for 9 time
diff succeed!
file 1 has been read from HDFS for 10 time
diff succeed!
Deleted /myfile1
file 1 has been removed from HDFS
Found 5 items
-rw-r--r--   3 root supergroup 1073741824 2019-03-30 00:48 /myfile1
-rw-r--r--   3 root supergroup 1073741824 2019-03-30 00:46 /myfile2
-rw-r--r--   3 root supergroup  134217728 2019-03-30 00:48 /myfile3._COPYING_
-rw-r--r--   3 root supergroup          0 2019-03-30 00:48 /myfile4._COPYING_
-rw-r--r--   3 root supergroup  805306368 2019-03-30 00:48 /myfile5._COPYING_
file 1 has been put into HDFS
file 1 has been read from HDFS for 1 time
diff succeed!
file 1 has been read from HDFS for 2 time
diff succeed!
file 1 has been read from HDFS for 3 time
diff succeed!
file 1 has been read from HDFS for 4 time
diff succeed!
file 1 has been read from HDFS for 5 time
diff succeed!
file 1 has been read from HDFS for 6 time
diff succeed!
file 1 has been read from HDFS for 7 time
diff succeed!
file 1 has been read from HDFS for 8 time
diff succeed!
file 1 has been read from HDFS for 9 time
diff succeed!
file 1 has been read from HDFS for 10 time
diff succeed!
Deleted /myfile1
file 1 has been removed from HDFS
Found 5 items
-rw-r--r--   3 root supergroup 1073741824 2019-03-30 00:49 /myfile1
-rw-r--r--   3 root supergroup 1073741824 2019-03-30 00:48 /myfile2
-rw-r--r--   3 root supergroup 1073741824 2019-03-30 00:49 /myfile3
-rw-r--r--   3 root supergroup  268435456 2019-03-30 00:49 /myfile4._COPYING_
-rw-r--r--   3 root supergroup 1073741824 2019-03-30 00:49 /myfile5
file 1 has been put into HDFS
file 1 has been read from HDFS for 1 time
diff succeed!
file 1 has been read from HDFS for 2 time
diff succeed!
file 1 has been read from HDFS for 3 time
diff succeed!
file 1 has been read from HDFS for 4 time
diff succeed!
file 1 has been read from HDFS for 5 time
diff succeed!
file 1 has been read from HDFS for 6 time
diff succeed!
file 1 has been read from HDFS for 7 time
diff succeed!
file 1 has been read from HDFS for 8 time
diff succeed!
file 1 has been read from HDFS for 9 time
diff succeed!
file 1 has been read from HDFS for 10 time
diff succeed!
Deleted /myfile1
file 1 has been removed from HDFS
Found 4 items
-rw-r--r--   3 root supergroup 1073741824 2019-03-30 00:51 /myfile1
-rw-r--r--   3 root supergroup 1073741824 2019-03-30 00:50 /myfile2
-rw-r--r--   3 root supergroup  402653184 2019-03-30 00:51 /myfile3._COPYING_
-rw-r--r--   3 root supergroup  671088640 2019-03-30 00:51 /myfile5._COPYING_
file 1 has been put into HDFS
file 1 has been read from HDFS for 1 time
diff succeed!
file 1 has been read from HDFS for 2 time
diff succeed!
file 1 has been read from HDFS for 3 time
diff succeed!
file 1 has been read from HDFS for 4 time
diff succeed!
file 1 has been read from HDFS for 5 time
diff succeed!
file 1 has been read from HDFS for 6 time
diff succeed!
file 1 has been read from HDFS for 7 time
diff succeed!
file 1 has been read from HDFS for 8 time
diff succeed!
file 1 has been read from HDFS for 9 time
diff succeed!
file 1 has been read from HDFS for 10 time
diff succeed!
Deleted /myfile1
file 1 has been removed from HDFS
Found 5 items
-rw-r--r--   3 root supergroup 1073741824 2019-03-30 00:52 /myfile1
-rw-r--r--   3 root supergroup 1073741824 2019-03-30 00:52 /myfile2
-rw-r--r--   3 root supergroup  805306368 2019-03-30 00:52 /myfile3._COPYING_
-rw-r--r--   3 root supergroup 1073741824 2019-03-30 00:51 /myfile4
-rw-r--r--   3 root supergroup  402653184 2019-03-30 00:52 /myfile5._COPYING_
file 1 has been put into HDFS
file 1 has been read from HDFS for 1 time
diff succeed!
file 1 has been read from HDFS for 2 time
diff succeed!
file 1 has been read from HDFS for 3 time
diff succeed!
file 1 has been read from HDFS for 4 time
diff succeed!
file 1 has been read from HDFS for 5 time
diff succeed!
file 1 has been read from HDFS for 6 time
diff succeed!
file 1 has been read from HDFS for 7 time
diff succeed!
file 1 has been read from HDFS for 8 time
diff succeed!
file 1 has been read from HDFS for 9 time
diff succeed!
file 1 has been read from HDFS for 10 time
diff succeed!
Deleted /myfile1
file 1 has been removed from HDFS
Found 5 items
-rw-r--r--   3 root supergroup 1073741824 2019-03-30 00:54 /myfile1
-rw-r--r--   3 root supergroup 1073741824 2019-03-30 00:54 /myfile2
-rw-r--r--   3 root supergroup  671088640 2019-03-30 00:54 /myfile3._COPYING_
-rw-r--r--   3 root supergroup 1073741824 2019-03-30 00:53 /myfile4
-rw-r--r--   3 root supergroup  671088640 2019-03-30 00:54 /myfile5._COPYING_
file 1 has been put into HDFS
file 1 has been read from HDFS for 1 time
diff succeed!
file 1 has been read from HDFS for 2 time
diff succeed!
file 1 has been read from HDFS for 3 time
diff succeed!
file 1 has been read from HDFS for 4 time
diff succeed!
file 1 has been read from HDFS for 5 time
diff succeed!
file 1 has been read from HDFS for 6 time
diff succeed!
file 1 has been read from HDFS for 7 time
diff succeed!
file 1 has been read from HDFS for 8 time
diff succeed!
file 1 has been read from HDFS for 9 time
diff succeed!
file 1 has been read from HDFS for 10 time
diff succeed!
Deleted /myfile1
file 1 has been removed from HDFS
Found 5 items
-rw-r--r--   3 root supergroup 1073741824 2019-03-30 00:56 /myfile1
-rw-r--r--   3 root supergroup 1073741824 2019-03-30 00:55 /myfile2
-rw-r--r--   3 root supergroup  805306368 2019-03-30 00:56 /myfile3._COPYING_
-rw-r--r--   3 root supergroup 1073741824 2019-03-30 00:55 /myfile4
-rw-r--r--   3 root supergroup 1073741824 2019-03-30 00:56 /myfile5
file 1 has been put into HDFS
file 1 has been read from HDFS for 1 time
diff succeed!
file 1 has been read from HDFS for 2 time
diff succeed!
file 1 has been read from HDFS for 3 time
diff succeed!
file 1 has been read from HDFS for 4 time
diff succeed!
file 1 has been read from HDFS for 5 time
diff succeed!
file 1 has been read from HDFS for 6 time
diff succeed!
file 1 has been read from HDFS for 7 time
diff succeed!
file 1 has been read from HDFS for 8 time
diff succeed!
file 1 has been read from HDFS for 9 time
diff succeed!
file 1 has been read from HDFS for 10 time
diff succeed!
Deleted /myfile1
file 1 has been removed from HDFS
Found 5 items
-rw-r--r--   3 root supergroup 1073741824 2019-03-30 00:58 /myfile1
-rw-r--r--   3 root supergroup 1073741824 2019-03-30 00:57 /myfile2
-rw-r--r--   3 root supergroup  402653184 2019-03-30 00:58 /myfile3._COPYING_
-rw-r--r--   3 root supergroup 1073741824 2019-03-30 00:57 /myfile4
-rw-r--r--   3 root supergroup  402653184 2019-03-30 00:58 /myfile5._COPYING_
file 1 has been put into HDFS
file 1 has been read from HDFS for 1 time
diff succeed!
file 1 has been read from HDFS for 2 time
diff succeed!
file 1 has been read from HDFS for 3 time
diff succeed!
file 1 has been read from HDFS for 4 time
diff succeed!
file 1 has been read from HDFS for 5 time
diff succeed!
file 1 has been read from HDFS for 6 time
diff succeed!
file 1 has been read from HDFS for 7 time
diff succeed!
file 1 has been read from HDFS for 8 time
diff succeed!
file 1 has been read from HDFS for 9 time
diff succeed!
file 1 has been read from HDFS for 10 time
diff succeed!
Deleted /myfile1
file 1 has been removed from HDFS
Found 5 items
-rw-r--r--   3 root supergroup 1073741824 2019-03-30 00:59 /myfile1
-rw-r--r--   3 root supergroup 1073741824 2019-03-30 00:59 /myfile2
-rw-r--r--   3 root supergroup 1073741824 2019-03-30 00:59 /myfile3
-rw-r--r--   3 root supergroup 1073741824 2019-03-30 00:59 /myfile4
-rw-r--r--   3 root supergroup 1073741824 2019-03-30 00:59 /myfile5
file 1 has been put into HDFS
file 1 has been read from HDFS for 1 time
diff succeed!
file 1 has been read from HDFS for 2 time
diff succeed!
file 1 has been read from HDFS for 3 time
diff succeed!
file 1 has been read from HDFS for 4 time
diff succeed!
file 1 has been read from HDFS for 5 time
diff succeed!
file 1 has been read from HDFS for 6 time
diff succeed!
file 1 has been read from HDFS for 7 time
diff succeed!
file 1 has been read from HDFS for 8 time
diff succeed!
file 1 has been read from HDFS for 9 time
diff succeed!
file 1 has been read from HDFS for 10 time
diff succeed!
Deleted /myfile1
file 1 has been removed from HDFS
