Found 5 items
-rw-r--r--   3 root supergroup 1073741824 2019-03-22 05:25 /myfile1
-rw-r--r--   3 root supergroup 1073741824 2019-03-22 05:25 /myfile2
-rw-r--r--   3 root supergroup 1073741824 2019-03-22 05:25 /myfile3
-rw-r--r--   3 root supergroup 1073741824 2019-03-22 05:25 /myfile4
-rw-r--r--   3 root supergroup 1073741824 2019-03-22 05:25 /myfile5
file 3 has been put into HDFS
file 3 has been read from HDFS for 1 time
diff succeed!
file 3 has been read from HDFS for 2 time
diff succeed!
file 3 has been read from HDFS for 3 time
diff succeed!
file 3 has been read from HDFS for 4 time
diff succeed!
file 3 has been read from HDFS for 5 time
diff succeed!
file 3 has been read from HDFS for 6 time
diff succeed!
file 3 has been read from HDFS for 7 time
diff succeed!
file 3 has been read from HDFS for 8 time
diff succeed!
file 3 has been read from HDFS for 9 time
diff succeed!
file 3 has been read from HDFS for 10 time
diff succeed!
Deleted /myfile3
file 3 has been removed from HDFS
Found 5 items
-rw-r--r--   3 root supergroup 1073741824 2019-03-22 05:27 /myfile1
-rw-r--r--   3 root supergroup 1073741824 2019-03-22 05:26 /myfile2
-rw-r--r--   3 root supergroup 1073741824 2019-03-22 05:27 /myfile3
-rw-r--r--   3 root supergroup 1073741824 2019-03-22 05:27 /myfile4
-rw-r--r--   3 root supergroup 1073741824 2019-03-22 05:26 /myfile5
file 3 has been put into HDFS
file 3 has been read from HDFS for 1 time
diff succeed!
file 3 has been read from HDFS for 2 time
diff succeed!
file 3 has been read from HDFS for 3 time
diff succeed!
file 3 has been read from HDFS for 4 time
diff succeed!
file 3 has been read from HDFS for 5 time
diff succeed!
file 3 has been read from HDFS for 6 time
diff succeed!
file 3 has been read from HDFS for 7 time
diff succeed!
file 3 has been read from HDFS for 8 time
diff succeed!
file 3 has been read from HDFS for 9 time
diff succeed!
file 3 has been read from HDFS for 10 time
diff succeed!
Deleted /myfile3
file 3 has been removed from HDFS
Found 5 items
-rw-r--r--   3 root supergroup 1073741824 2019-03-22 05:28 /myfile1
-rw-r--r--   3 root supergroup 1073741824 2019-03-22 05:28 /myfile2
-rw-r--r--   3 root supergroup 1073741824 2019-03-22 05:28 /myfile3
-rw-r--r--   3 root supergroup 1073741824 2019-03-22 05:28 /myfile4
-rw-r--r--   3 root supergroup 1073741824 2019-03-22 05:28 /myfile5
file 3 has been put into HDFS
file 3 has been read from HDFS for 1 time
diff succeed!
file 3 has been read from HDFS for 2 time
diff succeed!
file 3 has been read from HDFS for 3 time
diff succeed!
file 3 has been read from HDFS for 4 time
diff succeed!
file 3 has been read from HDFS for 5 time
diff succeed!
file 3 has been read from HDFS for 6 time
diff succeed!
file 3 has been read from HDFS for 7 time
diff succeed!
file 3 has been read from HDFS for 8 time
diff succeed!
file 3 has been read from HDFS for 9 time
diff succeed!
file 3 has been read from HDFS for 10 time
diff succeed!
Deleted /myfile3
file 3 has been removed from HDFS
Found 5 items
-rw-r--r--   3 root supergroup 1073741824 2019-03-22 05:30 /myfile1
-rw-r--r--   3 root supergroup 1073741824 2019-03-22 05:30 /myfile2
-rw-r--r--   3 root supergroup 1073741824 2019-03-22 05:30 /myfile3
-rw-r--r--   3 root supergroup 1073741824 2019-03-22 05:30 /myfile4
-rw-r--r--   3 root supergroup 1073741824 2019-03-22 05:30 /myfile5
file 3 has been put into HDFS
file 3 has been read from HDFS for 1 time
diff succeed!
file 3 has been read from HDFS for 2 time
diff succeed!
file 3 has been read from HDFS for 3 time
diff succeed!
file 3 has been read from HDFS for 4 time
diff succeed!
file 3 has been read from HDFS for 5 time
diff succeed!
file 3 has been read from HDFS for 6 time
diff succeed!
file 3 has been read from HDFS for 7 time
diff succeed!
file 3 has been read from HDFS for 8 time
diff succeed!
file 3 has been read from HDFS for 9 time
diff succeed!
file 3 has been read from HDFS for 10 time
diff succeed!
Deleted /myfile3
file 3 has been removed from HDFS
Found 5 items
-rw-r--r--   3 root supergroup 1073741824 2019-03-22 05:31 /myfile1
-rw-r--r--   3 root supergroup 1073741824 2019-03-22 05:32 /myfile2
-rw-r--r--   3 root supergroup 1073741824 2019-03-22 05:32 /myfile3
-rw-r--r--   3 root supergroup 1073741824 2019-03-22 05:31 /myfile4
-rw-r--r--   3 root supergroup 1073741824 2019-03-22 05:32 /myfile5
file 3 has been put into HDFS
file 3 has been read from HDFS for 1 time
diff succeed!
file 3 has been read from HDFS for 2 time
diff succeed!
file 3 has been read from HDFS for 3 time
diff succeed!
file 3 has been read from HDFS for 4 time
diff succeed!
file 3 has been read from HDFS for 5 time
diff succeed!
file 3 has been read from HDFS for 6 time
diff succeed!
file 3 has been read from HDFS for 7 time
diff succeed!
file 3 has been read from HDFS for 8 time
diff succeed!
file 3 has been read from HDFS for 9 time
diff succeed!
file 3 has been read from HDFS for 10 time
diff succeed!
Deleted /myfile3
file 3 has been removed from HDFS
Found 5 items
-rw-r--r--   3 root supergroup 1073741824 2019-03-22 05:33 /myfile1
-rw-r--r--   3 root supergroup 1073741824 2019-03-22 05:33 /myfile2
-rw-r--r--   3 root supergroup 1073741824 2019-03-22 05:33 /myfile3
-rw-r--r--   3 root supergroup 1073741824 2019-03-22 05:33 /myfile4
-rw-r--r--   3 root supergroup 1073741824 2019-03-22 05:33 /myfile5
file 3 has been put into HDFS
file 3 has been read from HDFS for 1 time
diff succeed!
file 3 has been read from HDFS for 2 time
diff succeed!
file 3 has been read from HDFS for 3 time
diff succeed!
file 3 has been read from HDFS for 4 time
diff succeed!
file 3 has been read from HDFS for 5 time
diff succeed!
file 3 has been read from HDFS for 6 time
diff succeed!
file 3 has been read from HDFS for 7 time
diff succeed!
file 3 has been read from HDFS for 8 time
diff succeed!
file 3 has been read from HDFS for 9 time
diff succeed!
2019-03-22 05:35:13,205 INFO  retry.RetryInvocationHandler RetryInvocationHandler.java:log:411 - org.apache.hadoop.ipc.RemoteException(org.apache.hadoop.ipc.StandbyException): Operation category READ is not supported in state standby. Visit https://s.apache.org/sbnn-error
	at org.apache.hadoop.hdfs.server.namenode.ha.StandbyState.checkOperation(StandbyState.java:88)
	at org.apache.hadoop.hdfs.server.namenode.NameNode$NameNodeHAContext.checkOperation(NameNode.java:1952)
	at org.apache.hadoop.hdfs.server.namenode.FSNamesystem.checkOperation(FSNamesystem.java:1423)
	at org.apache.hadoop.hdfs.server.namenode.FSNamesystem.getFileInfo(FSNamesystem.java:3085)
	at org.apache.hadoop.hdfs.server.namenode.NameNodeRpcServer.getFileInfo(NameNodeRpcServer.java:1154)
	at org.apache.hadoop.hdfs.protocolPB.ClientNamenodeProtocolServerSideTranslatorPB.getFileInfo(ClientNamenodeProtocolServerSideTranslatorPB.java:966)
	at org.apache.hadoop.hdfs.protocol.proto.ClientNamenodeProtocolProtos$ClientNamenodeProtocol$2.callBlockingMethod(ClientNamenodeProtocolProtos.java)
	at org.apache.hadoop.ipc.ProtobufRpcEngine$Server$ProtoBufRpcInvoker.call(ProtobufRpcEngine.java:523)
	at org.apache.hadoop.ipc.RPC$Server.call(RPC.java:991)
	at org.apache.hadoop.ipc.Server$RpcCall.run(Server.java:872)
	at org.apache.hadoop.ipc.Server$RpcCall.run(Server.java:818)
	at java.security.AccessController.doPrivileged(Native Method)
	at javax.security.auth.Subject.doAs(Subject.java:422)
	at org.apache.hadoop.security.UserGroupInformation.doAs(UserGroupInformation.java:1729)
	at org.apache.hadoop.ipc.Server$Handler.run(Server.java:2678)
, while invoking ClientNamenodeProtocolTranslatorPB.getFileInfo over node-1-link-0/10.10.1.4:8020 after 1 failover attempts. Trying to failover after sleeping for 1105ms.
2019-03-22 05:35:14,319 INFO  retry.RetryInvocationHandler RetryInvocationHandler.java:log:411 - java.net.ConnectException: Call From clnode087.clemson.cloudlab.us/130.127.133.96 to node-0-link-0:8020 failed on connection exception: java.net.ConnectException: Connection refused; For more details see:  http://wiki.apache.org/hadoop/ConnectionRefused, while invoking ClientNamenodeProtocolTranslatorPB.getFileInfo over node-0-link-0/10.10.1.1:8020 after 2 failover attempts. Trying to failover after sleeping for 2356ms.
file 3 has been read from HDFS for 10 time
diff succeed!
Deleted /myfile3
file 3 has been removed from HDFS
2019-03-22 05:35:38,530 INFO  retry.RetryInvocationHandler RetryInvocationHandler.java:log:411 - java.io.EOFException: End of File Exception between local host is: "clnode087.clemson.cloudlab.us/130.127.133.96"; destination host is: "node-1-link-0":8020; : java.io.EOFException; For more details see:  http://wiki.apache.org/hadoop/EOFException, while invoking ClientNamenodeProtocolTranslatorPB.create over node-1-link-0/10.10.1.4:8020. Trying to failover immediately.
2019-03-22 05:35:38,544 INFO  retry.RetryInvocationHandler RetryInvocationHandler.java:log:411 - org.apache.hadoop.ipc.RemoteException(org.apache.hadoop.ipc.StandbyException): Operation category WRITE is not supported in state standby. Visit https://s.apache.org/sbnn-error
	at org.apache.hadoop.hdfs.server.namenode.ha.StandbyState.checkOperation(StandbyState.java:88)
	at org.apache.hadoop.hdfs.server.namenode.NameNode$NameNodeHAContext.checkOperation(NameNode.java:1952)
	at org.apache.hadoop.hdfs.server.namenode.FSNamesystem.checkOperation(FSNamesystem.java:1423)
	at org.apache.hadoop.hdfs.server.namenode.NameNodeRpcServer.create(NameNodeRpcServer.java:764)
	at org.apache.hadoop.hdfs.protocolPB.ClientNamenodeProtocolServerSideTranslatorPB.create(ClientNamenodeProtocolServerSideTranslatorPB.java:462)
	at org.apache.hadoop.hdfs.protocol.proto.ClientNamenodeProtocolProtos$ClientNamenodeProtocol$2.callBlockingMethod(ClientNamenodeProtocolProtos.java)
	at org.apache.hadoop.ipc.ProtobufRpcEngine$Server$ProtoBufRpcInvoker.call(ProtobufRpcEngine.java:523)
	at org.apache.hadoop.ipc.RPC$Server.call(RPC.java:991)
	at org.apache.hadoop.ipc.Server$RpcCall.run(Server.java:872)
	at org.apache.hadoop.ipc.Server$RpcCall.run(Server.java:818)
	at java.security.AccessController.doPrivileged(Native Method)
	at javax.security.auth.Subject.doAs(Subject.java:422)
	at org.apache.hadoop.security.UserGroupInformation.doAs(UserGroupInformation.java:1729)
	at org.apache.hadoop.ipc.Server$Handler.run(Server.java:2678)
, while invoking ClientNamenodeProtocolTranslatorPB.create over node-0-link-0/10.10.1.1:8020 after 1 failover attempts. Trying to failover after sleeping for 1143ms.
2019-03-22 05:35:39,690 INFO  retry.RetryInvocationHandler RetryInvocationHandler.java:log:411 - java.net.ConnectException: Call From clnode087.clemson.cloudlab.us/130.127.133.96 to node-1-link-0:8020 failed on connection exception: java.net.ConnectException: Connection refused; For more details see:  http://wiki.apache.org/hadoop/ConnectionRefused, while invoking ClientNamenodeProtocolTranslatorPB.create over node-1-link-0/10.10.1.4:8020 after 2 failover attempts. Trying to failover after sleeping for 2821ms.
2019-03-22 05:35:42,515 INFO  retry.RetryInvocationHandler RetryInvocationHandler.java:log:411 - org.apache.hadoop.ipc.RemoteException(org.apache.hadoop.ipc.RetriableException): org.apache.hadoop.hdfs.server.namenode.SafeModeException: Cannot create file/myfile3._COPYING_. Name node is in safe mode.
The reported blocks 17 has reached the threshold 0.9990 of total blocks 17. The number of live datanodes 4 has reached the minimum number 0. In safe mode extension. Safe mode will be turned off automatically in 9 seconds. NamenodeHostName:node-0-link-0
	at org.apache.hadoop.hdfs.server.namenode.FSNamesystem.checkNameNodeSafeMode(FSNamesystem.java:1441)
	at org.apache.hadoop.hdfs.server.namenode.FSNamesystem.startFileInt(FSNamesystem.java:2401)
	at org.apache.hadoop.hdfs.server.namenode.FSNamesystem.startFile(FSNamesystem.java:2347)
	at org.apache.hadoop.hdfs.server.namenode.NameNodeRpcServer.create(NameNodeRpcServer.java:774)
	at org.apache.hadoop.hdfs.protocolPB.ClientNamenodeProtocolServerSideTranslatorPB.create(ClientNamenodeProtocolServerSideTranslatorPB.java:462)
	at org.apache.hadoop.hdfs.protocol.proto.ClientNamenodeProtocolProtos$ClientNamenodeProtocol$2.callBlockingMethod(ClientNamenodeProtocolProtos.java)
	at org.apache.hadoop.ipc.ProtobufRpcEngine$Server$ProtoBufRpcInvoker.call(ProtobufRpcEngine.java:523)
	at org.apache.hadoop.ipc.RPC$Server.call(RPC.java:991)
	at org.apache.hadoop.ipc.Server$RpcCall.run(Server.java:872)
	at org.apache.hadoop.ipc.Server$RpcCall.run(Server.java:818)
	at java.security.AccessController.doPrivileged(Native Method)
	at javax.security.auth.Subject.doAs(Subject.java:422)
	at org.apache.hadoop.security.UserGroupInformation.doAs(UserGroupInformation.java:1729)
	at org.apache.hadoop.ipc.Server$Handler.run(Server.java:2678)
Caused by: org.apache.hadoop.hdfs.server.namenode.SafeModeException: Cannot create file/myfile3._COPYING_. Name node is in safe mode.
The reported blocks 17 has reached the threshold 0.9990 of total blocks 17. The number of live datanodes 4 has reached the minimum number 0. In safe mode extension. Safe mode will be turned off automatically in 9 seconds. NamenodeHostName:node-0-link-0
	at org.apache.hadoop.hdfs.server.namenode.FSNamesystem.newSafemodeException(FSNamesystem.java:1450)
	at org.apache.hadoop.hdfs.server.namenode.FSNamesystem.checkNameNodeSafeMode(FSNamesystem.java:1437)
	... 13 more
, while invoking ClientNamenodeProtocolTranslatorPB.create over node-0-link-0/10.10.1.1:8020 after 3 failover attempts. Retrying after sleeping for 5766ms.
2019-03-22 05:35:48,285 INFO  retry.RetryInvocationHandler RetryInvocationHandler.java:log:411 - org.apache.hadoop.ipc.RemoteException(org.apache.hadoop.ipc.RetriableException): org.apache.hadoop.hdfs.server.namenode.SafeModeException: Cannot create file/myfile3._COPYING_. Name node is in safe mode.
The reported blocks 17 has reached the threshold 0.9990 of total blocks 17. The number of live datanodes 4 has reached the minimum number 0. In safe mode extension. Safe mode will be turned off automatically in 3 seconds. NamenodeHostName:node-0-link-0
	at org.apache.hadoop.hdfs.server.namenode.FSNamesystem.checkNameNodeSafeMode(FSNamesystem.java:1441)
	at org.apache.hadoop.hdfs.server.namenode.FSNamesystem.startFileInt(FSNamesystem.java:2401)
	at org.apache.hadoop.hdfs.server.namenode.FSNamesystem.startFile(FSNamesystem.java:2347)
	at org.apache.hadoop.hdfs.server.namenode.NameNodeRpcServer.create(NameNodeRpcServer.java:774)
	at org.apache.hadoop.hdfs.protocolPB.ClientNamenodeProtocolServerSideTranslatorPB.create(ClientNamenodeProtocolServerSideTranslatorPB.java:462)
	at org.apache.hadoop.hdfs.protocol.proto.ClientNamenodeProtocolProtos$ClientNamenodeProtocol$2.callBlockingMethod(ClientNamenodeProtocolProtos.java)
	at org.apache.hadoop.ipc.ProtobufRpcEngine$Server$ProtoBufRpcInvoker.call(ProtobufRpcEngine.java:523)
	at org.apache.hadoop.ipc.RPC$Server.call(RPC.java:991)
	at org.apache.hadoop.ipc.Server$RpcCall.run(Server.java:872)
	at org.apache.hadoop.ipc.Server$RpcCall.run(Server.java:818)
	at java.security.AccessController.doPrivileged(Native Method)
	at javax.security.auth.Subject.doAs(Subject.java:422)
	at org.apache.hadoop.security.UserGroupInformation.doAs(UserGroupInformation.java:1729)
	at org.apache.hadoop.ipc.Server$Handler.run(Server.java:2678)
Caused by: org.apache.hadoop.hdfs.server.namenode.SafeModeException: Cannot create file/myfile3._COPYING_. Name node is in safe mode.
The reported blocks 17 has reached the threshold 0.9990 of total blocks 17. The number of live datanodes 4 has reached the minimum number 0. In safe mode extension. Safe mode will be turned off automatically in 3 seconds. NamenodeHostName:node-0-link-0
	at org.apache.hadoop.hdfs.server.namenode.FSNamesystem.newSafemodeException(FSNamesystem.java:1450)
	at org.apache.hadoop.hdfs.server.namenode.FSNamesystem.checkNameNodeSafeMode(FSNamesystem.java:1437)
	... 13 more
, while invoking ClientNamenodeProtocolTranslatorPB.create over node-0-link-0/10.10.1.1:8020 after 3 failover attempts. Retrying after sleeping for 8772ms.
Found 5 items
-rw-r--r--   3 root supergroup 1073741824 2019-03-22 05:34 /myfile1
-rw-r--r--   3 root supergroup 1073741824 2019-03-22 05:35 /myfile2
-rw-r--r--   3 root supergroup 1073741824 2019-03-22 05:35 /myfile3
-rw-r--r--   3 root supergroup 1073741824 2019-03-22 05:34 /myfile4
-rw-r--r--   3 root supergroup 1073741824 2019-03-22 05:35 /myfile5
file 3 has been put into HDFS
file 3 has been read from HDFS for 1 time
diff succeed!
file 3 has been read from HDFS for 2 time
diff succeed!
file 3 has been read from HDFS for 3 time
diff succeed!
file 3 has been read from HDFS for 4 time
diff succeed!
file 3 has been read from HDFS for 5 time
diff succeed!
file 3 has been read from HDFS for 6 time
diff succeed!
file 3 has been read from HDFS for 7 time
diff succeed!
file 3 has been read from HDFS for 8 time
diff succeed!
file 3 has been read from HDFS for 9 time
diff succeed!
file 3 has been read from HDFS for 10 time
diff succeed!
Deleted /myfile3
file 3 has been removed from HDFS
Found 5 items
-rw-r--r--   3 root supergroup 1073741824 2019-03-22 05:36 /myfile1
-rw-r--r--   3 root supergroup 1073741824 2019-03-22 05:37 /myfile2
-rw-r--r--   3 root supergroup 1073741824 2019-03-22 05:37 /myfile3
-rw-r--r--   3 root supergroup 1073741824 2019-03-22 05:36 /myfile4
-rw-r--r--   3 root supergroup 1073741824 2019-03-22 05:37 /myfile5
file 3 has been put into HDFS
file 3 has been read from HDFS for 1 time
diff succeed!
file 3 has been read from HDFS for 2 time
diff succeed!
file 3 has been read from HDFS for 3 time
diff succeed!
file 3 has been read from HDFS for 4 time
diff succeed!
file 3 has been read from HDFS for 5 time
diff succeed!
file 3 has been read from HDFS for 6 time
diff succeed!
file 3 has been read from HDFS for 7 time
diff succeed!
file 3 has been read from HDFS for 8 time
diff succeed!
file 3 has been read from HDFS for 9 time
diff succeed!
file 3 has been read from HDFS for 10 time
diff succeed!
Deleted /myfile3
file 3 has been removed from HDFS
Found 5 items
-rw-r--r--   3 root supergroup 1073741824 2019-03-22 05:38 /myfile1
-rw-r--r--   3 root supergroup 1073741824 2019-03-22 05:39 /myfile2
-rw-r--r--   3 root supergroup 1073741824 2019-03-22 05:39 /myfile3
-rw-r--r--   3 root supergroup 1073741824 2019-03-22 05:38 /myfile4
-rw-r--r--   3 root supergroup 1073741824 2019-03-22 05:39 /myfile5
file 3 has been put into HDFS
file 3 has been read from HDFS for 1 time
diff succeed!
file 3 has been read from HDFS for 2 time
diff succeed!
file 3 has been read from HDFS for 3 time
diff succeed!
file 3 has been read from HDFS for 4 time
diff succeed!
file 3 has been read from HDFS for 5 time
diff succeed!
file 3 has been read from HDFS for 6 time
diff succeed!
file 3 has been read from HDFS for 7 time
diff succeed!
file 3 has been read from HDFS for 8 time
diff succeed!
file 3 has been read from HDFS for 9 time
diff succeed!
file 3 has been read from HDFS for 10 time
diff succeed!
Deleted /myfile3
file 3 has been removed from HDFS
Found 5 items
-rw-r--r--   3 root supergroup 1073741824 2019-03-22 05:40 /myfile1
-rw-r--r--   3 root supergroup 1073741824 2019-03-22 05:40 /myfile2
-rw-r--r--   3 root supergroup 1073741824 2019-03-22 05:40 /myfile3
-rw-r--r--   3 root supergroup 1073741824 2019-03-22 05:40 /myfile4
-rw-r--r--   3 root supergroup 1073741824 2019-03-22 05:40 /myfile5
file 3 has been put into HDFS
file 3 has been read from HDFS for 1 time
diff succeed!
file 3 has been read from HDFS for 2 time
diff succeed!
file 3 has been read from HDFS for 3 time
diff succeed!
file 3 has been read from HDFS for 4 time
diff succeed!
file 3 has been read from HDFS for 5 time
diff succeed!
file 3 has been read from HDFS for 6 time
diff succeed!
file 3 has been read from HDFS for 7 time
diff succeed!
file 3 has been read from HDFS for 8 time
diff succeed!
file 3 has been read from HDFS for 9 time
diff succeed!
file 3 has been read from HDFS for 10 time
diff succeed!
Deleted /myfile3
file 3 has been removed from HDFS
Found 5 items
-rw-r--r--   3 root supergroup 1073741824 2019-03-22 05:41 /myfile1
-rw-r--r--   3 root supergroup 1073741824 2019-03-22 05:42 /myfile2
-rw-r--r--   3 root supergroup 1073741824 2019-03-22 05:42 /myfile3
-rw-r--r--   3 root supergroup 1073741824 2019-03-22 05:41 /myfile4
-rw-r--r--   3 root supergroup 1073741824 2019-03-22 05:42 /myfile5
file 3 has been put into HDFS
file 3 has been read from HDFS for 1 time
diff succeed!
file 3 has been read from HDFS for 2 time
diff succeed!
file 3 has been read from HDFS for 3 time
diff succeed!
file 3 has been read from HDFS for 4 time
diff succeed!
file 3 has been read from HDFS for 5 time
diff succeed!
file 3 has been read from HDFS for 6 time
diff succeed!
file 3 has been read from HDFS for 7 time
diff succeed!
file 3 has been read from HDFS for 8 time
diff succeed!
file 3 has been read from HDFS for 9 time
diff succeed!
file 3 has been read from HDFS for 10 time
diff succeed!
Deleted /myfile3
file 3 has been removed from HDFS
Found 5 items
-rw-r--r--   3 root supergroup 1073741824 2019-03-22 05:43 /myfile1
-rw-r--r--   3 root supergroup 1073741824 2019-03-22 05:44 /myfile2
-rw-r--r--   3 root supergroup 1073741824 2019-03-22 05:44 /myfile3
-rw-r--r--   3 root supergroup 1073741824 2019-03-22 05:43 /myfile4
-rw-r--r--   3 root supergroup 1073741824 2019-03-22 05:44 /myfile5
file 3 has been put into HDFS
file 3 has been read from HDFS for 1 time
diff succeed!
file 3 has been read from HDFS for 2 time
diff succeed!
file 3 has been read from HDFS for 3 time
diff succeed!
file 3 has been read from HDFS for 4 time
diff succeed!
file 3 has been read from HDFS for 5 time
diff succeed!
file 3 has been read from HDFS for 6 time
diff succeed!
file 3 has been read from HDFS for 7 time
diff succeed!
file 3 has been read from HDFS for 8 time
diff succeed!
file 3 has been read from HDFS for 9 time
diff succeed!
file 3 has been read from HDFS for 10 time
diff succeed!
Deleted /myfile3
file 3 has been removed from HDFS
Found 5 items
-rw-r--r--   3 root supergroup 1073741824 2019-03-22 05:45 /myfile1
-rw-r--r--   3 root supergroup 1073741824 2019-03-22 05:46 /myfile2
-rw-r--r--   3 root supergroup 1073741824 2019-03-22 05:46 /myfile3
-rw-r--r--   3 root supergroup 1073741824 2019-03-22 05:45 /myfile4
-rw-r--r--   3 root supergroup 1073741824 2019-03-22 05:46 /myfile5
file 3 has been put into HDFS
file 3 has been read from HDFS for 1 time
diff succeed!
2019-03-22 05:46:35,899 INFO  retry.RetryInvocationHandler RetryInvocationHandler.java:log:411 - java.io.IOException: DestHost:destPort node-1-link-0:8020 , LocalHost:localPort clnode087.clemson.cloudlab.us/130.127.133.96:0. Failed on local exception: java.io.IOException: Connection reset by peer, while invoking ClientNamenodeProtocolTranslatorPB.getFileInfo over node-1-link-0/10.10.1.4:8020 after 1 failover attempts. Trying to failover after sleeping for 1292ms.
2019-03-22 05:46:37,199 INFO  retry.RetryInvocationHandler RetryInvocationHandler.java:log:411 - org.apache.hadoop.ipc.RemoteException(org.apache.hadoop.ipc.StandbyException): Operation category READ is not supported in state standby. Visit https://s.apache.org/sbnn-error
	at org.apache.hadoop.hdfs.server.namenode.ha.StandbyState.checkOperation(StandbyState.java:88)
	at org.apache.hadoop.hdfs.server.namenode.NameNode$NameNodeHAContext.checkOperation(NameNode.java:1952)
	at org.apache.hadoop.hdfs.server.namenode.FSNamesystem.checkOperation(FSNamesystem.java:1423)
	at org.apache.hadoop.hdfs.server.namenode.FSNamesystem.getFileInfo(FSNamesystem.java:3085)
	at org.apache.hadoop.hdfs.server.namenode.NameNodeRpcServer.getFileInfo(NameNodeRpcServer.java:1154)
	at org.apache.hadoop.hdfs.protocolPB.ClientNamenodeProtocolServerSideTranslatorPB.getFileInfo(ClientNamenodeProtocolServerSideTranslatorPB.java:966)
	at org.apache.hadoop.hdfs.protocol.proto.ClientNamenodeProtocolProtos$ClientNamenodeProtocol$2.callBlockingMethod(ClientNamenodeProtocolProtos.java)
	at org.apache.hadoop.ipc.ProtobufRpcEngine$Server$ProtoBufRpcInvoker.call(ProtobufRpcEngine.java:523)
	at org.apache.hadoop.ipc.RPC$Server.call(RPC.java:991)
	at org.apache.hadoop.ipc.Server$RpcCall.run(Server.java:872)
	at org.apache.hadoop.ipc.Server$RpcCall.run(Server.java:818)
	at java.security.AccessController.doPrivileged(Native Method)
	at javax.security.auth.Subject.doAs(Subject.java:422)
	at org.apache.hadoop.security.UserGroupInformation.doAs(UserGroupInformation.java:1729)
	at org.apache.hadoop.ipc.Server$Handler.run(Server.java:2678)
, while invoking ClientNamenodeProtocolTranslatorPB.getFileInfo over node-0-link-0/10.10.1.1:8020 after 2 failover attempts. Trying to failover after sleeping for 1534ms.
2019-03-22 05:46:38,736 INFO  retry.RetryInvocationHandler RetryInvocationHandler.java:log:411 - java.net.ConnectException: Call From clnode087.clemson.cloudlab.us/130.127.133.96 to node-1-link-0:8020 failed on connection exception: java.net.ConnectException: Connection refused; For more details see:  http://wiki.apache.org/hadoop/ConnectionRefused, while invoking ClientNamenodeProtocolTranslatorPB.getFileInfo over node-1-link-0/10.10.1.4:8020 after 3 failover attempts. Trying to failover after sleeping for 5453ms.
file 3 has been read from HDFS for 2 time
diff succeed!
file 3 has been read from HDFS for 3 time
diff succeed!
file 3 has been read from HDFS for 4 time
diff succeed!
file 3 has been read from HDFS for 5 time
diff succeed!
file 3 has been read from HDFS for 6 time
diff succeed!
file 3 has been read from HDFS for 7 time
diff succeed!
file 3 has been read from HDFS for 8 time
diff succeed!
file 3 has been read from HDFS for 9 time
diff succeed!
file 3 has been read from HDFS for 10 time
diff succeed!
Deleted /myfile3
file 3 has been removed from HDFS
Found 5 items
-rw-r--r--   3 root supergroup 1073741824 2019-03-22 05:47 /myfile1
-rw-r--r--   3 root supergroup 1073741824 2019-03-22 05:48 /myfile2
-rw-r--r--   3 root supergroup 1073741824 2019-03-22 05:48 /myfile3
-rw-r--r--   3 root supergroup 1073741824 2019-03-22 05:47 /myfile4
-rw-r--r--   3 root supergroup 1073741824 2019-03-22 05:47 /myfile5
file 3 has been put into HDFS
file 3 has been read from HDFS for 1 time
diff succeed!
file 3 has been read from HDFS for 2 time
diff succeed!
file 3 has been read from HDFS for 3 time
diff succeed!
file 3 has been read from HDFS for 4 time
diff succeed!
file 3 has been read from HDFS for 5 time
diff succeed!
file 3 has been read from HDFS for 6 time
diff succeed!
file 3 has been read from HDFS for 7 time
diff succeed!
file 3 has been read from HDFS for 8 time
diff succeed!
file 3 has been read from HDFS for 9 time
diff succeed!
file 3 has been read from HDFS for 10 time
diff succeed!
Deleted /myfile3
file 3 has been removed from HDFS
Found 5 items
-rw-r--r--   3 root supergroup 1073741824 2019-03-22 05:49 /myfile1
-rw-r--r--   3 root supergroup 1073741824 2019-03-22 05:50 /myfile2
-rw-r--r--   3 root supergroup 1073741824 2019-03-22 05:50 /myfile3
-rw-r--r--   3 root supergroup 1073741824 2019-03-22 05:49 /myfile4
-rw-r--r--   3 root supergroup 1073741824 2019-03-22 05:49 /myfile5
file 3 has been put into HDFS
file 3 has been read from HDFS for 1 time
diff succeed!
file 3 has been read from HDFS for 2 time
diff succeed!
file 3 has been read from HDFS for 3 time
diff succeed!
file 3 has been read from HDFS for 4 time
diff succeed!
file 3 has been read from HDFS for 5 time
diff succeed!
file 3 has been read from HDFS for 6 time
diff succeed!
file 3 has been read from HDFS for 7 time
diff succeed!
file 3 has been read from HDFS for 8 time
diff succeed!
file 3 has been read from HDFS for 9 time
diff succeed!
file 3 has been read from HDFS for 10 time
diff succeed!
Deleted /myfile3
file 3 has been removed from HDFS
Found 5 items
-rw-r--r--   3 root supergroup 1073741824 2019-03-22 05:50 /myfile1
-rw-r--r--   3 root supergroup 1073741824 2019-03-22 05:51 /myfile2
-rw-r--r--   3 root supergroup 1073741824 2019-03-22 05:51 /myfile3
-rw-r--r--   3 root supergroup 1073741824 2019-03-22 05:50 /myfile4
-rw-r--r--   3 root supergroup 1073741824 2019-03-22 05:50 /myfile5
file 3 has been put into HDFS
file 3 has been read from HDFS for 1 time
diff succeed!
file 3 has been read from HDFS for 2 time
diff succeed!
file 3 has been read from HDFS for 3 time
diff succeed!
file 3 has been read from HDFS for 4 time
diff succeed!
file 3 has been read from HDFS for 5 time
diff succeed!
file 3 has been read from HDFS for 6 time
diff succeed!
file 3 has been read from HDFS for 7 time
diff succeed!
file 3 has been read from HDFS for 8 time
diff succeed!
file 3 has been read from HDFS for 9 time
diff succeed!
file 3 has been read from HDFS for 10 time
diff succeed!
Deleted /myfile3
file 3 has been removed from HDFS
Found 5 items
-rw-r--r--   3 root supergroup 1073741824 2019-03-22 05:52 /myfile1
-rw-r--r--   3 root supergroup 1073741824 2019-03-22 05:53 /myfile2
-rw-r--r--   3 root supergroup 1073741824 2019-03-22 05:53 /myfile3
-rw-r--r--   3 root supergroup 1073741824 2019-03-22 05:52 /myfile4
-rw-r--r--   3 root supergroup 1073741824 2019-03-22 05:52 /myfile5
file 3 has been put into HDFS
file 3 has been read from HDFS for 1 time
diff succeed!
file 3 has been read from HDFS for 2 time
diff succeed!
file 3 has been read from HDFS for 3 time
diff succeed!
file 3 has been read from HDFS for 4 time
diff succeed!
file 3 has been read from HDFS for 5 time
diff succeed!
file 3 has been read from HDFS for 6 time
diff succeed!
file 3 has been read from HDFS for 7 time
diff succeed!
file 3 has been read from HDFS for 8 time
diff succeed!
file 3 has been read from HDFS for 9 time
diff succeed!
file 3 has been read from HDFS for 10 time
diff succeed!
Deleted /myfile3
file 3 has been removed from HDFS
Found 5 items
-rw-r--r--   3 root supergroup 1073741824 2019-03-22 05:54 /myfile1
-rw-r--r--   3 root supergroup 1073741824 2019-03-22 05:55 /myfile2
-rw-r--r--   3 root supergroup 1073741824 2019-03-22 05:55 /myfile3
-rw-r--r--   3 root supergroup 1073741824 2019-03-22 05:54 /myfile4
-rw-r--r--   3 root supergroup 1073741824 2019-03-22 05:54 /myfile5
file 3 has been put into HDFS
file 3 has been read from HDFS for 1 time
diff succeed!
file 3 has been read from HDFS for 2 time
diff succeed!
file 3 has been read from HDFS for 3 time
diff succeed!
file 3 has been read from HDFS for 4 time
diff succeed!
file 3 has been read from HDFS for 5 time
diff succeed!
file 3 has been read from HDFS for 6 time
diff succeed!
file 3 has been read from HDFS for 7 time
diff succeed!
file 3 has been read from HDFS for 8 time
diff succeed!
file 3 has been read from HDFS for 9 time
diff succeed!
file 3 has been read from HDFS for 10 time
diff succeed!
Deleted /myfile3
file 3 has been removed from HDFS
2019-03-22 05:56:55,325 INFO  retry.RetryInvocationHandler RetryInvocationHandler.java:log:411 - java.io.IOException: DestHost:destPort node-0-link-0:8020 , LocalHost:localPort clnode087.clemson.cloudlab.us/130.127.133.96:0. Failed on local exception: java.io.IOException: Connection reset by peer, while invoking ClientNamenodeProtocolTranslatorPB.getFileInfo over node-0-link-0/10.10.1.1:8020. Trying to failover immediately.
2019-03-22 05:56:55,365 INFO  retry.RetryInvocationHandler RetryInvocationHandler.java:log:411 - org.apache.hadoop.ipc.RemoteException(org.apache.hadoop.ipc.StandbyException): Operation category READ is not supported in state standby. Visit https://s.apache.org/sbnn-error
	at org.apache.hadoop.hdfs.server.namenode.ha.StandbyState.checkOperation(StandbyState.java:88)
	at org.apache.hadoop.hdfs.server.namenode.NameNode$NameNodeHAContext.checkOperation(NameNode.java:1952)
	at org.apache.hadoop.hdfs.server.namenode.FSNamesystem.checkOperation(FSNamesystem.java:1423)
	at org.apache.hadoop.hdfs.server.namenode.FSNamesystem.getFileInfo(FSNamesystem.java:3085)
	at org.apache.hadoop.hdfs.server.namenode.NameNodeRpcServer.getFileInfo(NameNodeRpcServer.java:1154)
	at org.apache.hadoop.hdfs.protocolPB.ClientNamenodeProtocolServerSideTranslatorPB.getFileInfo(ClientNamenodeProtocolServerSideTranslatorPB.java:966)
	at org.apache.hadoop.hdfs.protocol.proto.ClientNamenodeProtocolProtos$ClientNamenodeProtocol$2.callBlockingMethod(ClientNamenodeProtocolProtos.java)
	at org.apache.hadoop.ipc.ProtobufRpcEngine$Server$ProtoBufRpcInvoker.call(ProtobufRpcEngine.java:523)
	at org.apache.hadoop.ipc.RPC$Server.call(RPC.java:991)
	at org.apache.hadoop.ipc.Server$RpcCall.run(Server.java:872)
	at org.apache.hadoop.ipc.Server$RpcCall.run(Server.java:818)
	at java.security.AccessController.doPrivileged(Native Method)
	at javax.security.auth.Subject.doAs(Subject.java:422)
	at org.apache.hadoop.security.UserGroupInformation.doAs(UserGroupInformation.java:1729)
	at org.apache.hadoop.ipc.Server$Handler.run(Server.java:2678)
, while invoking ClientNamenodeProtocolTranslatorPB.getFileInfo over node-1-link-0/10.10.1.4:8020 after 1 failover attempts. Trying to failover after sleeping for 517ms.
2019-03-22 05:56:55,888 INFO  retry.RetryInvocationHandler RetryInvocationHandler.java:log:411 - java.net.ConnectException: Call From clnode087.clemson.cloudlab.us/130.127.133.96 to node-0-link-0:8020 failed on connection exception: java.net.ConnectException: Connection refused; For more details see:  http://wiki.apache.org/hadoop/ConnectionRefused, while invoking ClientNamenodeProtocolTranslatorPB.getFileInfo over node-0-link-0/10.10.1.1:8020 after 2 failover attempts. Trying to failover after sleeping for 2185ms.
Found 5 items
-rw-r--r--   3 root supergroup 1073741824 2019-03-22 05:55 /myfile1
-rw-r--r--   3 root supergroup 1073741824 2019-03-22 05:57 /myfile2
-rw-r--r--   3 root supergroup 1073741824 2019-03-22 05:57 /myfile3
-rw-r--r--   3 root supergroup 1073741824 2019-03-22 05:56 /myfile4
-rw-r--r--   3 root supergroup 1073741824 2019-03-22 05:56 /myfile5
file 3 has been put into HDFS
file 3 has been read from HDFS for 1 time
diff succeed!
file 3 has been read from HDFS for 2 time
diff succeed!
2019-03-22 05:57:22,003 INFO  retry.RetryInvocationHandler RetryInvocationHandler.java:log:411 - java.net.ConnectException: Call From clnode087.clemson.cloudlab.us/130.127.133.96 to node-1-link-0:8020 failed on connection exception: java.net.ConnectException: Connection refused; For more details see:  http://wiki.apache.org/hadoop/ConnectionRefused, while invoking ClientNamenodeProtocolTranslatorPB.getFileInfo over node-1-link-0/10.10.1.4:8020 after 1 failover attempts. Trying to failover after sleeping for 1161ms.
file 3 has been read from HDFS for 3 time
diff succeed!
file 3 has been read from HDFS for 4 time
diff succeed!
file 3 has been read from HDFS for 5 time
diff succeed!
file 3 has been read from HDFS for 6 time
diff succeed!
file 3 has been read from HDFS for 7 time
diff succeed!
file 3 has been read from HDFS for 8 time
diff succeed!
file 3 has been read from HDFS for 9 time
diff succeed!
file 3 has been read from HDFS for 10 time
diff succeed!
Deleted /myfile3
file 3 has been removed from HDFS
Found 5 items
-rw-r--r--   3 root supergroup 1073741824 2019-03-22 05:57 /myfile1
-rw-r--r--   3 root supergroup 1073741824 2019-03-22 05:58 /myfile2
-rw-r--r--   3 root supergroup 1073741824 2019-03-22 05:58 /myfile3
-rw-r--r--   3 root supergroup 1073741824 2019-03-22 05:57 /myfile4
-rw-r--r--   3 root supergroup 1073741824 2019-03-22 05:57 /myfile5
file 3 has been put into HDFS
file 3 has been read from HDFS for 1 time
diff succeed!
file 3 has been read from HDFS for 2 time
diff succeed!
file 3 has been read from HDFS for 3 time
diff succeed!
file 3 has been read from HDFS for 4 time
diff succeed!
file 3 has been read from HDFS for 5 time
diff succeed!
file 3 has been read from HDFS for 6 time
diff succeed!
file 3 has been read from HDFS for 7 time
diff succeed!
file 3 has been read from HDFS for 8 time
diff succeed!
file 3 has been read from HDFS for 9 time
diff succeed!
file 3 has been read from HDFS for 10 time
diff succeed!
Deleted /myfile3
file 3 has been removed from HDFS
Found 5 items
-rw-r--r--   3 root supergroup 1073741824 2019-03-22 05:59 /myfile1
-rw-r--r--   3 root supergroup 1073741824 2019-03-22 06:00 /myfile2
-rw-r--r--   3 root supergroup 1073741824 2019-03-22 06:00 /myfile3
-rw-r--r--   3 root supergroup 1073741824 2019-03-22 05:59 /myfile4
-rw-r--r--   3 root supergroup 1073741824 2019-03-22 05:59 /myfile5
file 3 has been put into HDFS
file 3 has been read from HDFS for 1 time
diff succeed!
file 3 has been read from HDFS for 2 time
diff succeed!
file 3 has been read from HDFS for 3 time
diff succeed!
file 3 has been read from HDFS for 4 time
diff succeed!
file 3 has been read from HDFS for 5 time
diff succeed!
file 3 has been read from HDFS for 6 time
diff succeed!
file 3 has been read from HDFS for 7 time
diff succeed!
file 3 has been read from HDFS for 8 time
diff succeed!
file 3 has been read from HDFS for 9 time
diff succeed!
file 3 has been read from HDFS for 10 time
diff succeed!
Deleted /myfile3
file 3 has been removed from HDFS
Found 5 items
-rw-r--r--   3 root supergroup 1073741824 2019-03-22 06:01 /myfile1
-rw-r--r--   3 root supergroup 1073741824 2019-03-22 06:02 /myfile2
-rw-r--r--   3 root supergroup 1073741824 2019-03-22 06:02 /myfile3
-rw-r--r--   3 root supergroup 1073741824 2019-03-22 06:01 /myfile4
-rw-r--r--   3 root supergroup 1073741824 2019-03-22 06:01 /myfile5
file 3 has been put into HDFS
file 3 has been read from HDFS for 1 time
diff succeed!
file 3 has been read from HDFS for 2 time
diff succeed!
file 3 has been read from HDFS for 3 time
diff succeed!
file 3 has been read from HDFS for 4 time
diff succeed!
file 3 has been read from HDFS for 5 time
diff succeed!
file 3 has been read from HDFS for 6 time
diff succeed!
file 3 has been read from HDFS for 7 time
diff succeed!
file 3 has been read from HDFS for 8 time
diff succeed!
file 3 has been read from HDFS for 9 time
diff succeed!
file 3 has been read from HDFS for 10 time
diff succeed!
Deleted /myfile3
file 3 has been removed from HDFS
Found 5 items
-rw-r--r--   3 root supergroup 1073741824 2019-03-22 06:02 /myfile1
-rw-r--r--   3 root supergroup  671088640 2019-03-22 06:03 /myfile2._COPYING_
-rw-r--r--   3 root supergroup 1073741824 2019-03-22 06:03 /myfile3
-rw-r--r--   3 root supergroup 1073741824 2019-03-22 06:02 /myfile4
-rw-r--r--   3 root supergroup 1073741824 2019-03-22 06:02 /myfile5
file 3 has been put into HDFS
file 3 has been read from HDFS for 1 time
diff succeed!
file 3 has been read from HDFS for 2 time
diff succeed!
file 3 has been read from HDFS for 3 time
diff succeed!
file 3 has been read from HDFS for 4 time
diff succeed!
file 3 has been read from HDFS for 5 time
diff succeed!
file 3 has been read from HDFS for 6 time
diff succeed!
file 3 has been read from HDFS for 7 time
diff succeed!
file 3 has been read from HDFS for 8 time
diff succeed!
file 3 has been read from HDFS for 9 time
diff succeed!
file 3 has been read from HDFS for 10 time
diff succeed!
Deleted /myfile3
file 3 has been removed from HDFS
Found 5 items
-rw-r--r--   3 root supergroup 1073741824 2019-03-22 06:04 /myfile1
-rw-r--r--   3 root supergroup 1073741824 2019-03-22 06:05 /myfile2
-rw-r--r--   3 root supergroup 1073741824 2019-03-22 06:05 /myfile3
-rw-r--r--   3 root supergroup 1073741824 2019-03-22 06:04 /myfile4
-rw-r--r--   3 root supergroup 1073741824 2019-03-22 06:04 /myfile5
file 3 has been put into HDFS
file 3 has been read from HDFS for 1 time
diff succeed!
file 3 has been read from HDFS for 2 time
diff succeed!
file 3 has been read from HDFS for 3 time
diff succeed!
file 3 has been read from HDFS for 4 time
diff succeed!
file 3 has been read from HDFS for 5 time
diff succeed!
file 3 has been read from HDFS for 6 time
diff succeed!
file 3 has been read from HDFS for 7 time
diff succeed!
file 3 has been read from HDFS for 8 time
diff succeed!
file 3 has been read from HDFS for 9 time
diff succeed!
file 3 has been read from HDFS for 10 time
diff succeed!
Deleted /myfile3
file 3 has been removed from HDFS
Found 5 items
-rw-r--r--   3 root supergroup 1073741824 2019-03-22 06:06 /myfile1
-rw-r--r--   3 root supergroup 1073741824 2019-03-22 06:07 /myfile2
-rw-r--r--   3 root supergroup 1073741824 2019-03-22 06:07 /myfile3
-rw-r--r--   3 root supergroup 1073741824 2019-03-22 06:06 /myfile4
-rw-r--r--   3 root supergroup 1073741824 2019-03-22 06:06 /myfile5
file 3 has been put into HDFS
file 3 has been read from HDFS for 1 time
diff succeed!
file 3 has been read from HDFS for 2 time
diff succeed!
file 3 has been read from HDFS for 3 time
diff succeed!
file 3 has been read from HDFS for 4 time
diff succeed!
file 3 has been read from HDFS for 5 time
diff succeed!
file 3 has been read from HDFS for 6 time
diff succeed!
2019-03-22 06:08:17,601 INFO  retry.RetryInvocationHandler RetryInvocationHandler.java:log:411 - java.io.IOException: DestHost:destPort node-1-link-0:8020 , LocalHost:localPort clnode087.clemson.cloudlab.us/130.127.133.96:0. Failed on local exception: java.io.IOException: Connection reset by peer, while invoking ClientNamenodeProtocolTranslatorPB.getBlockLocations over node-1-link-0/10.10.1.4:8020. Trying to failover immediately.
2019-03-22 06:08:17,615 INFO  retry.RetryInvocationHandler RetryInvocationHandler.java:log:411 - org.apache.hadoop.ipc.RemoteException(org.apache.hadoop.ipc.StandbyException): Operation category READ is not supported in state standby. Visit https://s.apache.org/sbnn-error
	at org.apache.hadoop.hdfs.server.namenode.ha.StandbyState.checkOperation(StandbyState.java:88)
	at org.apache.hadoop.hdfs.server.namenode.NameNode$NameNodeHAContext.checkOperation(NameNode.java:1952)
	at org.apache.hadoop.hdfs.server.namenode.FSNamesystem.checkOperation(FSNamesystem.java:1423)
	at org.apache.hadoop.hdfs.server.namenode.FSNamesystem.getBlockLocations(FSNamesystem.java:1921)
	at org.apache.hadoop.hdfs.server.namenode.NameNodeRpcServer.getBlockLocations(NameNodeRpcServer.java:738)
	at org.apache.hadoop.hdfs.protocolPB.ClientNamenodeProtocolServerSideTranslatorPB.getBlockLocations(ClientNamenodeProtocolServerSideTranslatorPB.java:426)
	at org.apache.hadoop.hdfs.protocol.proto.ClientNamenodeProtocolProtos$ClientNamenodeProtocol$2.callBlockingMethod(ClientNamenodeProtocolProtos.java)
	at org.apache.hadoop.ipc.ProtobufRpcEngine$Server$ProtoBufRpcInvoker.call(ProtobufRpcEngine.java:523)
	at org.apache.hadoop.ipc.RPC$Server.call(RPC.java:991)
	at org.apache.hadoop.ipc.Server$RpcCall.run(Server.java:872)
	at org.apache.hadoop.ipc.Server$RpcCall.run(Server.java:818)
	at java.security.AccessController.doPrivileged(Native Method)
	at javax.security.auth.Subject.doAs(Subject.java:422)
	at org.apache.hadoop.security.UserGroupInformation.doAs(UserGroupInformation.java:1729)
	at org.apache.hadoop.ipc.Server$Handler.run(Server.java:2678)
, while invoking ClientNamenodeProtocolTranslatorPB.getBlockLocations over node-0-link-0/10.10.1.1:8020 after 1 failover attempts. Trying to failover after sleeping for 1189ms.
2019-03-22 06:08:18,809 INFO  retry.RetryInvocationHandler RetryInvocationHandler.java:log:411 - java.net.ConnectException: Call From clnode087.clemson.cloudlab.us/130.127.133.96 to node-1-link-0:8020 failed on connection exception: java.net.ConnectException: Connection refused; For more details see:  http://wiki.apache.org/hadoop/ConnectionRefused, while invoking ClientNamenodeProtocolTranslatorPB.getBlockLocations over node-1-link-0/10.10.1.4:8020 after 2 failover attempts. Trying to failover after sleeping for 1247ms.
file 3 has been read from HDFS for 7 time
diff succeed!
file 3 has been read from HDFS for 8 time
diff succeed!
file 3 has been read from HDFS for 9 time
diff succeed!
file 3 has been read from HDFS for 10 time
diff succeed!
Deleted /myfile3
file 3 has been removed from HDFS
Found 5 items
-rw-r--r--   3 root supergroup 1073741824 2019-03-22 06:08 /myfile1
-rw-r--r--   3 root supergroup 1073741824 2019-03-22 06:09 /myfile2
-rw-r--r--   3 root supergroup 1073741824 2019-03-22 06:09 /myfile3
-rw-r--r--   3 root supergroup 1073741824 2019-03-22 06:08 /myfile4
-rw-r--r--   3 root supergroup 1073741824 2019-03-22 06:08 /myfile5
file 3 has been put into HDFS
file 3 has been read from HDFS for 1 time
diff succeed!
file 3 has been read from HDFS for 2 time
diff succeed!
file 3 has been read from HDFS for 3 time
diff succeed!
file 3 has been read from HDFS for 4 time
diff succeed!
file 3 has been read from HDFS for 5 time
diff succeed!
file 3 has been read from HDFS for 6 time
diff succeed!
file 3 has been read from HDFS for 7 time
diff succeed!
file 3 has been read from HDFS for 8 time
diff succeed!
file 3 has been read from HDFS for 9 time
diff succeed!
file 3 has been read from HDFS for 10 time
diff succeed!
Deleted /myfile3
file 3 has been removed from HDFS
Found 5 items
-rw-r--r--   3 root supergroup 1073741824 2019-03-22 06:09 /myfile1
-rw-r--r--   3 root supergroup 1073741824 2019-03-22 06:10 /myfile2
-rw-r--r--   3 root supergroup 1073741824 2019-03-22 06:10 /myfile3
-rw-r--r--   3 root supergroup 1073741824 2019-03-22 06:09 /myfile4
-rw-r--r--   3 root supergroup 1073741824 2019-03-22 06:09 /myfile5
file 3 has been put into HDFS
file 3 has been read from HDFS for 1 time
diff succeed!
file 3 has been read from HDFS for 2 time
diff succeed!
file 3 has been read from HDFS for 3 time
diff succeed!
file 3 has been read from HDFS for 4 time
diff succeed!
file 3 has been read from HDFS for 5 time
diff succeed!
file 3 has been read from HDFS for 6 time
diff succeed!
file 3 has been read from HDFS for 7 time
diff succeed!
file 3 has been read from HDFS for 8 time
diff succeed!
file 3 has been read from HDFS for 9 time
diff succeed!
file 3 has been read from HDFS for 10 time
diff succeed!
Deleted /myfile3
file 3 has been removed from HDFS
Found 5 items
-rw-r--r--   3 root supergroup 1073741824 2019-03-22 06:11 /myfile1
-rw-r--r--   3 root supergroup 1073741824 2019-03-22 06:12 /myfile2
-rw-r--r--   3 root supergroup 1073741824 2019-03-22 06:12 /myfile3
-rw-r--r--   3 root supergroup 1073741824 2019-03-22 06:11 /myfile4
-rw-r--r--   3 root supergroup 1073741824 2019-03-22 06:11 /myfile5
file 3 has been put into HDFS
file 3 has been read from HDFS for 1 time
diff succeed!
file 3 has been read from HDFS for 2 time
diff succeed!
file 3 has been read from HDFS for 3 time
diff succeed!
file 3 has been read from HDFS for 4 time
diff succeed!
file 3 has been read from HDFS for 5 time
diff succeed!
file 3 has been read from HDFS for 6 time
diff succeed!
file 3 has been read from HDFS for 7 time
diff succeed!
file 3 has been read from HDFS for 8 time
diff succeed!
file 3 has been read from HDFS for 9 time
diff succeed!
file 3 has been read from HDFS for 10 time
diff succeed!
Deleted /myfile3
file 3 has been removed from HDFS
Found 5 items
-rw-r--r--   3 root supergroup 1073741824 2019-03-22 06:13 /myfile1
-rw-r--r--   3 root supergroup 1073741824 2019-03-22 06:14 /myfile2
-rw-r--r--   3 root supergroup 1073741824 2019-03-22 06:14 /myfile3
-rw-r--r--   3 root supergroup 1073741824 2019-03-22 06:13 /myfile4
-rw-r--r--   3 root supergroup 1073741824 2019-03-22 06:13 /myfile5
file 3 has been put into HDFS
file 3 has been read from HDFS for 1 time
diff succeed!
file 3 has been read from HDFS for 2 time
diff succeed!
file 3 has been read from HDFS for 3 time
diff succeed!
file 3 has been read from HDFS for 4 time
diff succeed!
file 3 has been read from HDFS for 5 time
diff succeed!
file 3 has been read from HDFS for 6 time
diff succeed!
file 3 has been read from HDFS for 7 time
diff succeed!
file 3 has been read from HDFS for 8 time
diff succeed!
file 3 has been read from HDFS for 9 time
diff succeed!
file 3 has been read from HDFS for 10 time
diff succeed!
Deleted /myfile3
file 3 has been removed from HDFS
Found 5 items
-rw-r--r--   3 root supergroup 1073741824 2019-03-22 06:15 /myfile1
-rw-r--r--   3 root supergroup  268435456 2019-03-22 06:16 /myfile2._COPYING_
-rw-r--r--   3 root supergroup 1073741824 2019-03-22 06:16 /myfile3
-rw-r--r--   3 root supergroup 1073741824 2019-03-22 06:15 /myfile4
-rw-r--r--   3 root supergroup 1073741824 2019-03-22 06:15 /myfile5
file 3 has been put into HDFS
file 3 has been read from HDFS for 1 time
diff succeed!
file 3 has been read from HDFS for 2 time
diff succeed!
file 3 has been read from HDFS for 3 time
diff succeed!
file 3 has been read from HDFS for 4 time
diff succeed!
file 3 has been read from HDFS for 5 time
diff succeed!
file 3 has been read from HDFS for 6 time
diff succeed!
file 3 has been read from HDFS for 7 time
diff succeed!
file 3 has been read from HDFS for 8 time
diff succeed!
file 3 has been read from HDFS for 9 time
diff succeed!
file 3 has been read from HDFS for 10 time
diff succeed!
Deleted /myfile3
file 3 has been removed from HDFS
Found 5 items
-rw-r--r--   3 root supergroup 1073741824 2019-03-22 06:17 /myfile1
-rw-r--r--   3 root supergroup 1073741824 2019-03-22 06:17 /myfile2
-rw-r--r--   3 root supergroup 1073741824 2019-03-22 06:17 /myfile3
-rw-r--r--   3 root supergroup 1073741824 2019-03-22 06:16 /myfile4
-rw-r--r--   3 root supergroup 1073741824 2019-03-22 06:17 /myfile5
file 3 has been put into HDFS
file 3 has been read from HDFS for 1 time
diff succeed!
file 3 has been read from HDFS for 2 time
diff succeed!
file 3 has been read from HDFS for 3 time
diff succeed!
file 3 has been read from HDFS for 4 time
diff succeed!
file 3 has been read from HDFS for 5 time
