Found 5 items
-rw-r--r--   3 root supergroup 1073741824 2019-03-27 05:11 /myfile1
-rw-r--r--   3 root supergroup 1073741824 2019-03-27 05:11 /myfile2
-rw-r--r--   3 root supergroup 1073741824 2019-03-27 05:11 /myfile3
-rw-r--r--   3 root supergroup 1073741824 2019-03-27 05:11 /myfile4
-rw-r--r--   3 root supergroup 1073741824 2019-03-27 05:11 /myfile5
file 5 has been put into HDFS
file 5 has been read from HDFS for 1 time
diff succeed!
file 5 has been read from HDFS for 2 time
diff succeed!
file 5 has been read from HDFS for 3 time
diff succeed!
file 5 has been read from HDFS for 4 time
diff succeed!
file 5 has been read from HDFS for 5 time
diff succeed!
file 5 has been read from HDFS for 6 time
diff succeed!
file 5 has been read from HDFS for 7 time
diff succeed!
file 5 has been read from HDFS for 8 time
diff succeed!
file 5 has been read from HDFS for 9 time
diff succeed!
file 5 has been read from HDFS for 10 time
diff succeed!
Deleted /myfile5
file 5 has been removed from HDFS
Found 5 items
-rw-r--r--   3 root supergroup 1073741824 2019-03-27 05:11 /myfile1
-rw-r--r--   3 root supergroup 1073741824 2019-03-27 05:11 /myfile2
-rw-r--r--   3 root supergroup 1073741824 2019-03-27 05:11 /myfile3
-rw-r--r--   3 root supergroup 1073741824 2019-03-27 05:13 /myfile4
-rw-r--r--   3 root supergroup 1073741824 2019-03-27 05:13 /myfile5
file 5 has been put into HDFS
file 5 has been read from HDFS for 1 time
diff succeed!
file 5 has been read from HDFS for 2 time
diff succeed!
file 5 has been read from HDFS for 3 time
diff succeed!
file 5 has been read from HDFS for 4 time
diff succeed!
file 5 has been read from HDFS for 5 time
diff succeed!
file 5 has been read from HDFS for 6 time
diff succeed!
file 5 has been read from HDFS for 7 time
diff succeed!
file 5 has been read from HDFS for 8 time
diff succeed!
file 5 has been read from HDFS for 9 time
diff succeed!
file 5 has been read from HDFS for 10 time
diff succeed!
Deleted /myfile5
file 5 has been removed from HDFS
Found 5 items
-rw-r--r--   3 root supergroup 1073741824 2019-03-27 05:15 /myfile1
-rw-r--r--   3 root supergroup 1073741824 2019-03-27 05:14 /myfile2
-rw-r--r--   3 root supergroup 1073741824 2019-03-27 05:14 /myfile3
-rw-r--r--   3 root supergroup 1073741824 2019-03-27 05:16 /myfile4
-rw-r--r--   3 root supergroup 1073741824 2019-03-27 05:16 /myfile5
file 5 has been put into HDFS
file 5 has been read from HDFS for 1 time
diff succeed!
file 5 has been read from HDFS for 2 time
diff succeed!
file 5 has been read from HDFS for 3 time
diff succeed!
file 5 has been read from HDFS for 4 time
diff succeed!
file 5 has been read from HDFS for 5 time
diff succeed!
file 5 has been read from HDFS for 6 time
diff succeed!
file 5 has been read from HDFS for 7 time
diff succeed!
file 5 has been read from HDFS for 8 time
diff succeed!
file 5 has been read from HDFS for 9 time
diff succeed!
file 5 has been read from HDFS for 10 time
diff succeed!
Deleted /myfile5
file 5 has been removed from HDFS
Found 5 items
-rw-r--r--   3 root supergroup 1073741824 2019-03-27 05:16 /myfile1
-rw-r--r--   3 root supergroup 1073741824 2019-03-27 05:17 /myfile2
-rw-r--r--   3 root supergroup 1073741824 2019-03-27 05:17 /myfile3
-rw-r--r--   3 root supergroup 1073741824 2019-03-27 05:18 /myfile4
-rw-r--r--   3 root supergroup 1073741824 2019-03-27 05:18 /myfile5
file 5 has been put into HDFS
file 5 has been read from HDFS for 1 time
diff succeed!
file 5 has been read from HDFS for 2 time
diff succeed!
file 5 has been read from HDFS for 3 time
diff succeed!
file 5 has been read from HDFS for 4 time
diff succeed!
file 5 has been read from HDFS for 5 time
diff succeed!
file 5 has been read from HDFS for 6 time
diff succeed!
file 5 has been read from HDFS for 7 time
diff succeed!
file 5 has been read from HDFS for 8 time
diff succeed!
file 5 has been read from HDFS for 9 time
diff succeed!
file 5 has been read from HDFS for 10 time
diff succeed!
Deleted /myfile5
file 5 has been removed from HDFS
Found 5 items
-rw-r--r--   3 root supergroup 1073741824 2019-03-27 05:18 /myfile1
-rw-r--r--   3 root supergroup 1073741824 2019-03-27 05:18 /myfile2
-rw-r--r--   3 root supergroup 1073741824 2019-03-27 05:18 /myfile3
-rw-r--r--   3 root supergroup 1073741824 2019-03-27 05:19 /myfile4
-rw-r--r--   3 root supergroup 1073741824 2019-03-27 05:19 /myfile5
file 5 has been put into HDFS
file 5 has been read from HDFS for 1 time
diff succeed!
file 5 has been read from HDFS for 2 time
diff succeed!
file 5 has been read from HDFS for 3 time
diff succeed!
file 5 has been read from HDFS for 4 time
diff succeed!
file 5 has been read from HDFS for 5 time
diff succeed!
file 5 has been read from HDFS for 6 time
diff succeed!
file 5 has been read from HDFS for 7 time
diff succeed!
file 5 has been read from HDFS for 8 time
diff succeed!
file 5 has been read from HDFS for 9 time
diff succeed!
file 5 has been read from HDFS for 10 time
diff succeed!
Deleted /myfile5
file 5 has been removed from HDFS
Found 5 items
-rw-r--r--   3 root supergroup 1073741824 2019-03-27 05:20 /myfile1
-rw-r--r--   3 root supergroup 1073741824 2019-03-27 05:20 /myfile2
-rw-r--r--   3 root supergroup 1073741824 2019-03-27 05:20 /myfile3
-rw-r--r--   3 root supergroup 1073741824 2019-03-27 05:21 /myfile4
-rw-r--r--   3 root supergroup 1073741824 2019-03-27 05:21 /myfile5
file 5 has been put into HDFS
file 5 has been read from HDFS for 1 time
diff succeed!
file 5 has been read from HDFS for 2 time
diff succeed!
file 5 has been read from HDFS for 3 time
diff succeed!
file 5 has been read from HDFS for 4 time
diff succeed!
file 5 has been read from HDFS for 5 time
diff succeed!
file 5 has been read from HDFS for 6 time
diff succeed!
file 5 has been read from HDFS for 7 time
diff succeed!
file 5 has been read from HDFS for 8 time
diff succeed!
file 5 has been read from HDFS for 9 time
diff succeed!
file 5 has been read from HDFS for 10 time
diff succeed!
Deleted /myfile5
file 5 has been removed from HDFS
Found 5 items
-rw-r--r--   3 root supergroup 1073741824 2019-03-27 05:22 /myfile1
-rw-r--r--   3 root supergroup 1073741824 2019-03-27 05:22 /myfile2
-rw-r--r--   3 root supergroup 1073741824 2019-03-27 05:22 /myfile3
-rw-r--r--   3 root supergroup 1073741824 2019-03-27 05:23 /myfile4
-rw-r--r--   3 root supergroup 1073741824 2019-03-27 05:24 /myfile5
file 5 has been put into HDFS
file 5 has been read from HDFS for 1 time
diff succeed!
file 5 has been read from HDFS for 2 time
diff succeed!
file 5 has been read from HDFS for 3 time
diff succeed!
file 5 has been read from HDFS for 4 time
diff succeed!
file 5 has been read from HDFS for 5 time
diff succeed!
file 5 has been read from HDFS for 6 time
diff succeed!
file 5 has been read from HDFS for 7 time
diff succeed!
file 5 has been read from HDFS for 8 time
diff succeed!
file 5 has been read from HDFS for 9 time
diff succeed!
file 5 has been read from HDFS for 10 time
diff succeed!
Deleted /myfile5
file 5 has been removed from HDFS
Found 3 items
-rw-r--r--   3 root supergroup 1073741824 2019-03-27 05:25 /myfile3
-rw-r--r--   3 root supergroup 1073741824 2019-03-27 05:25 /myfile4
-rw-r--r--   3 root supergroup 1073741824 2019-03-27 05:25 /myfile5
file 5 has been put into HDFS
file 5 has been read from HDFS for 1 time
diff succeed!
file 5 has been read from HDFS for 2 time
diff succeed!
file 5 has been read from HDFS for 3 time
diff succeed!
file 5 has been read from HDFS for 4 time
diff succeed!
file 5 has been read from HDFS for 5 time
diff succeed!
file 5 has been read from HDFS for 6 time
diff succeed!
file 5 has been read from HDFS for 7 time
diff succeed!
file 5 has been read from HDFS for 8 time
diff succeed!
file 5 has been read from HDFS for 9 time
diff succeed!
file 5 has been read from HDFS for 10 time
diff succeed!
