Found 5 items
-rw-r--r--   3 root supergroup 1073741824 2019-03-25 14:08 /myfile1
-rw-r--r--   3 root supergroup 1073741824 2019-03-25 14:08 /myfile2
-rw-r--r--   3 root supergroup 1073741824 2019-03-25 14:08 /myfile3
-rw-r--r--   3 root supergroup 1073741824 2019-03-25 14:08 /myfile4
-rw-r--r--   3 root supergroup 1073741824 2019-03-25 14:08 /myfile5
file 5 has been put into HDFS
file 5 has been read from HDFS for 1 time
diff succeed!
file 5 has been read from HDFS for 2 time
diff succeed!
file 5 has been read from HDFS for 3 time
diff succeed!
file 5 has been read from HDFS for 4 time
diff succeed!
file 5 has been read from HDFS for 5 time
diff succeed!
file 5 has been read from HDFS for 6 time
diff succeed!
file 5 has been read from HDFS for 7 time
diff succeed!
file 5 has been read from HDFS for 8 time
diff succeed!
file 5 has been read from HDFS for 9 time
diff succeed!
file 5 has been read from HDFS for 10 time
diff succeed!
Deleted /myfile5
file 5 has been removed from HDFS
Found 5 items
-rw-r--r--   3 root supergroup 1073741824 2019-03-25 14:09 /myfile1
-rw-r--r--   3 root supergroup 1073741824 2019-03-25 14:09 /myfile2
-rw-r--r--   3 root supergroup 1073741824 2019-03-25 14:09 /myfile3
-rw-r--r--   3 root supergroup 1073741824 2019-03-25 14:09 /myfile4
-rw-r--r--   3 root supergroup 1073741824 2019-03-25 14:09 /myfile5
file 5 has been put into HDFS
file 5 has been read from HDFS for 1 time
diff succeed!
file 5 has been read from HDFS for 2 time
diff succeed!
file 5 has been read from HDFS for 3 time
diff succeed!
file 5 has been read from HDFS for 4 time
diff succeed!
file 5 has been read from HDFS for 5 time
diff succeed!
file 5 has been read from HDFS for 6 time
diff succeed!
file 5 has been read from HDFS for 7 time
diff succeed!
file 5 has been read from HDFS for 8 time
diff succeed!
file 5 has been read from HDFS for 9 time
diff succeed!
file 5 has been read from HDFS for 10 time
diff succeed!
Deleted /myfile5
file 5 has been removed from HDFS
Found 5 items
-rw-r--r--   3 root supergroup 1073741824 2019-03-25 14:11 /myfile1
-rw-r--r--   3 root supergroup 1073741824 2019-03-25 14:11 /myfile2
-rw-r--r--   3 root supergroup 1073741824 2019-03-25 14:11 /myfile3
-rw-r--r--   3 root supergroup 1073741824 2019-03-25 14:11 /myfile4
-rw-r--r--   3 root supergroup 1073741824 2019-03-25 14:11 /myfile5
file 5 has been put into HDFS
file 5 has been read from HDFS for 1 time
diff succeed!
file 5 has been read from HDFS for 2 time
diff succeed!
file 5 has been read from HDFS for 3 time
diff succeed!
file 5 has been read from HDFS for 4 time
diff succeed!
file 5 has been read from HDFS for 5 time
diff succeed!
file 5 has been read from HDFS for 6 time
diff succeed!
file 5 has been read from HDFS for 7 time
diff succeed!
file 5 has been read from HDFS for 8 time
diff succeed!
file 5 has been read from HDFS for 9 time
diff succeed!
file 5 has been read from HDFS for 10 time
diff succeed!
Deleted /myfile5
file 5 has been removed from HDFS
Found 5 items
-rw-r--r--   3 root supergroup 1073741824 2019-03-25 14:13 /myfile1
-rw-r--r--   3 root supergroup 1073741824 2019-03-25 14:13 /myfile2
-rw-r--r--   3 root supergroup 1073741824 2019-03-25 14:13 /myfile3
-rw-r--r--   3 root supergroup 1073741824 2019-03-25 14:13 /myfile4
-rw-r--r--   3 root supergroup 1073741824 2019-03-25 14:13 /myfile5
file 5 has been put into HDFS
file 5 has been read from HDFS for 1 time
diff succeed!
file 5 has been read from HDFS for 2 time
diff succeed!
file 5 has been read from HDFS for 3 time
diff succeed!
file 5 has been read from HDFS for 4 time
diff succeed!
file 5 has been read from HDFS for 5 time
diff succeed!
file 5 has been read from HDFS for 6 time
diff succeed!
file 5 has been read from HDFS for 7 time
diff succeed!
file 5 has been read from HDFS for 8 time
diff succeed!
file 5 has been read from HDFS for 9 time
diff succeed!
file 5 has been read from HDFS for 10 time
diff succeed!
Deleted /myfile5
file 5 has been removed from HDFS
Found 5 items
-rw-r--r--   3 root supergroup  536870912 2019-03-25 14:14 /myfile1._COPYING_
-rw-r--r--   3 root supergroup 1073741824 2019-03-25 14:14 /myfile2
-rw-r--r--   3 root supergroup 1073741824 2019-03-25 14:14 /myfile3
-rw-r--r--   3 root supergroup  671088640 2019-03-25 14:14 /myfile4._COPYING_
-rw-r--r--   3 root supergroup 1073741824 2019-03-25 14:14 /myfile5
file 5 has been put into HDFS
file 5 has been read from HDFS for 1 time
diff succeed!
file 5 has been read from HDFS for 2 time
diff succeed!
file 5 has been read from HDFS for 3 time
diff succeed!
file 5 has been read from HDFS for 4 time
diff succeed!
file 5 has been read from HDFS for 5 time
diff succeed!
file 5 has been read from HDFS for 6 time
diff succeed!
file 5 has been read from HDFS for 7 time
diff succeed!
file 5 has been read from HDFS for 8 time
diff succeed!
file 5 has been read from HDFS for 9 time
diff succeed!
file 5 has been read from HDFS for 10 time
diff succeed!
Deleted /myfile5
file 5 has been removed from HDFS
Found 4 items
-rw-r--r--   3 root supergroup 1073741824 2019-03-25 14:16 /myfile2
-rw-r--r--   3 root supergroup 1073741824 2019-03-25 14:15 /myfile3
-rw-r--r--   3 root supergroup          0 2019-03-25 14:16 /myfile4._COPYING_
-rw-r--r--   3 root supergroup 1073741824 2019-03-25 14:16 /myfile5
file 5 has been put into HDFS
file 5 has been read from HDFS for 1 time
diff succeed!
file 5 has been read from HDFS for 2 time
diff succeed!
file 5 has been read from HDFS for 3 time
diff succeed!
file 5 has been read from HDFS for 4 time
diff succeed!
file 5 has been read from HDFS for 5 time
diff succeed!
file 5 has been read from HDFS for 6 time
diff succeed!
file 5 has been read from HDFS for 7 time
diff succeed!
file 5 has been read from HDFS for 8 time
diff succeed!
file 5 has been read from HDFS for 9 time
diff succeed!
file 5 has been read from HDFS for 10 time
diff succeed!
Deleted /myfile5
file 5 has been removed from HDFS
2019-03-25 14:17:53,255 WARN  hdfs.DataStreamer DataStreamer.java:run:1196 - Exception for BP-1063203951-130.127.133.21-1553544419255:blk_1073742085_1261
java.io.IOException: Bad response ERROR for BP-1063203951-130.127.133.21-1553544419255:blk_1073742085_1261 from datanode DatanodeInfoWithStorage[10.10.1.6:9866,DS-609b510c-9fab-4e86-bbe7-8779ead66502,DISK]
	at org.apache.hadoop.hdfs.DataStreamer$ResponseProcessor.run(DataStreamer.java:1126)
2019-03-25 14:17:53,260 WARN  hdfs.DataStreamer DataStreamer.java:handleBadDatanode:1571 - Error Recovery for BP-1063203951-130.127.133.21-1553544419255:blk_1073742085_1261 in pipeline [DatanodeInfoWithStorage[10.10.1.2:9866,DS-9ccf7b1e-3d51-4ea1-ac00-309794803ecd,DISK], DatanodeInfoWithStorage[10.10.1.5:9866,DS-19a5c378-b814-4900-83fa-7a2f3f9433f2,DISK], DatanodeInfoWithStorage[10.10.1.6:9866,DS-609b510c-9fab-4e86-bbe7-8779ead66502,DISK]]: datanode 2(DatanodeInfoWithStorage[10.10.1.6:9866,DS-609b510c-9fab-4e86-bbe7-8779ead66502,DISK]) is bad.
Found 5 items
-rw-r--r--   3 root supergroup 1073741824 2019-03-25 14:18 /myfile1
-rw-r--r--   3 root supergroup 1073741824 2019-03-25 14:17 /myfile2
-rw-r--r--   3 root supergroup 1073741824 2019-03-25 14:17 /myfile3
-rw-r--r--   3 root supergroup  805306368 2019-03-25 14:18 /myfile4._COPYING_
-rw-r--r--   3 root supergroup 1073741824 2019-03-25 14:18 /myfile5
file 5 has been put into HDFS
file 5 has been read from HDFS for 1 time
diff succeed!
file 5 has been read from HDFS for 2 time
diff succeed!
file 5 has been read from HDFS for 3 time
diff succeed!
file 5 has been read from HDFS for 4 time
diff succeed!
file 5 has been read from HDFS for 5 time
diff succeed!
file 5 has been read from HDFS for 6 time
diff succeed!
file 5 has been read from HDFS for 7 time
diff succeed!
file 5 has been read from HDFS for 8 time
diff succeed!
file 5 has been read from HDFS for 9 time
diff succeed!
file 5 has been read from HDFS for 10 time
diff succeed!
Deleted /myfile5
file 5 has been removed from HDFS
Found 5 items
-rw-r--r--   3 root supergroup 1073741824 2019-03-25 14:20 /myfile1
-rw-r--r--   3 root supergroup 1073741824 2019-03-25 14:19 /myfile2
-rw-r--r--   3 root supergroup 1073741824 2019-03-25 14:19 /myfile3
-rw-r--r--   3 root supergroup 1073741824 2019-03-25 14:20 /myfile4
-rw-r--r--   3 root supergroup 1073741824 2019-03-25 14:20 /myfile5
file 5 has been put into HDFS
file 5 has been read from HDFS for 1 time
diff succeed!
file 5 has been read from HDFS for 2 time
diff succeed!
file 5 has been read from HDFS for 3 time
diff succeed!
file 5 has been read from HDFS for 4 time
diff succeed!
file 5 has been read from HDFS for 5 time
diff succeed!
file 5 has been read from HDFS for 6 time
diff succeed!
file 5 has been read from HDFS for 7 time
diff succeed!
file 5 has been read from HDFS for 8 time
diff succeed!
file 5 has been read from HDFS for 9 time
diff succeed!
file 5 has been read from HDFS for 10 time
diff succeed!
Deleted /myfile5
file 5 has been removed from HDFS
Found 5 items
-rw-r--r--   3 root supergroup 1073741824 2019-03-25 14:21 /myfile1
-rw-r--r--   3 root supergroup 1073741824 2019-03-25 14:20 /myfile2
-rw-r--r--   3 root supergroup 1073741824 2019-03-25 14:20 /myfile3
-rw-r--r--   3 root supergroup 1073741824 2019-03-25 14:21 /myfile4
-rw-r--r--   3 root supergroup 1073741824 2019-03-25 14:21 /myfile5
file 5 has been put into HDFS
file 5 has been read from HDFS for 1 time
diff succeed!
file 5 has been read from HDFS for 2 time
diff succeed!
file 5 has been read from HDFS for 3 time
diff succeed!
file 5 has been read from HDFS for 4 time
diff succeed!
file 5 has been read from HDFS for 5 time
diff succeed!
file 5 has been read from HDFS for 6 time
diff succeed!
file 5 has been read from HDFS for 7 time
