Found 5 items
-rw-r--r--   3 root supergroup 1073741824 2019-03-26 23:38 /myfile1
-rw-r--r--   3 root supergroup 1073741824 2019-03-26 23:38 /myfile2
-rw-r--r--   3 root supergroup 1073741824 2019-03-26 23:38 /myfile3
-rw-r--r--   3 root supergroup 1073741824 2019-03-26 23:38 /myfile4
-rw-r--r--   3 root supergroup 1073741824 2019-03-26 23:38 /myfile5
file 2 has been put into HDFS
file 2 has been read from HDFS for 1 time
diff succeed!
file 2 has been read from HDFS for 2 time
diff succeed!
file 2 has been read from HDFS for 3 time
diff succeed!
file 2 has been read from HDFS for 4 time
diff succeed!
file 2 has been read from HDFS for 5 time
diff succeed!
file 2 has been read from HDFS for 6 time
diff succeed!
file 2 has been read from HDFS for 7 time
diff succeed!
file 2 has been read from HDFS for 8 time
diff succeed!
file 2 has been read from HDFS for 9 time
diff succeed!
file 2 has been read from HDFS for 10 time
diff succeed!
Deleted /myfile2
file 2 has been removed from HDFS
Found 5 items
-rw-r--r--   3 root supergroup 1073741824 2019-03-26 23:38 /myfile1
-rw-r--r--   3 root supergroup 1073741824 2019-03-26 23:39 /myfile2
-rw-r--r--   3 root supergroup 1073741824 2019-03-26 23:39 /myfile3
-rw-r--r--   3 root supergroup 1073741824 2019-03-26 23:39 /myfile4
-rw-r--r--   3 root supergroup 1073741824 2019-03-26 23:38 /myfile5
file 2 has been put into HDFS
file 2 has been read from HDFS for 1 time
diff succeed!
file 2 has been read from HDFS for 2 time
diff succeed!
file 2 has been read from HDFS for 3 time
diff succeed!
file 2 has been read from HDFS for 4 time
diff succeed!
file 2 has been read from HDFS for 5 time
diff succeed!
file 2 has been read from HDFS for 6 time
diff succeed!
file 2 has been read from HDFS for 7 time
diff succeed!
file 2 has been read from HDFS for 8 time
diff succeed!
file 2 has been read from HDFS for 9 time
diff succeed!
file 2 has been read from HDFS for 10 time
diff succeed!
Deleted /myfile2
file 2 has been removed from HDFS
Found 5 items
-rw-r--r--   3 root supergroup 1073741824 2019-03-26 23:40 /myfile1
-rw-r--r--   3 root supergroup 1073741824 2019-03-26 23:41 /myfile2
-rw-r--r--   3 root supergroup 1073741824 2019-03-26 23:41 /myfile3
-rw-r--r--   3 root supergroup 1073741824 2019-03-26 23:41 /myfile4
-rw-r--r--   3 root supergroup 1073741824 2019-03-26 23:40 /myfile5
file 2 has been put into HDFS
file 2 has been read from HDFS for 1 time
diff succeed!
file 2 has been read from HDFS for 2 time
diff succeed!
file 2 has been read from HDFS for 3 time
diff succeed!
file 2 has been read from HDFS for 4 time
diff succeed!
file 2 has been read from HDFS for 5 time
diff succeed!
file 2 has been read from HDFS for 6 time
diff succeed!
file 2 has been read from HDFS for 7 time
diff succeed!
file 2 has been read from HDFS for 8 time
diff succeed!
file 2 has been read from HDFS for 9 time
diff succeed!
file 2 has been read from HDFS for 10 time
diff succeed!
Deleted /myfile2
file 2 has been removed from HDFS
Found 5 items
-rw-r--r--   3 root supergroup 1073741824 2019-03-26 23:42 /myfile1
-rw-r--r--   3 root supergroup 1073741824 2019-03-26 23:43 /myfile2
-rw-r--r--   3 root supergroup 1073741824 2019-03-26 23:43 /myfile3._COPYING_
-rw-r--r--   3 root supergroup 1073741824 2019-03-26 23:42 /myfile4
-rw-r--r--   3 root supergroup 1073741824 2019-03-26 23:42 /myfile5
file 2 has been put into HDFS
file 2 has been read from HDFS for 1 time
diff succeed!
file 2 has been read from HDFS for 2 time
diff succeed!
file 2 has been read from HDFS for 3 time
diff succeed!
file 2 has been read from HDFS for 4 time
diff succeed!
file 2 has been read from HDFS for 5 time
diff succeed!
file 2 has been read from HDFS for 6 time
diff succeed!
file 2 has been read from HDFS for 7 time
diff succeed!
file 2 has been read from HDFS for 8 time
diff succeed!
file 2 has been read from HDFS for 9 time
diff succeed!
file 2 has been read from HDFS for 10 time
diff succeed!
Deleted /myfile2
file 2 has been removed from HDFS
Found 5 items
-rw-r--r--   3 root supergroup 1073741824 2019-03-26 23:44 /myfile1
-rw-r--r--   3 root supergroup 1073741824 2019-03-26 23:45 /myfile2
-rw-r--r--   3 root supergroup 1073741824 2019-03-26 23:43 /myfile3
-rw-r--r--   3 root supergroup 1073741824 2019-03-26 23:45 /myfile4
-rw-r--r--   3 root supergroup 1073741824 2019-03-26 23:45 /myfile5
file 2 has been put into HDFS
file 2 has been read from HDFS for 1 time
diff succeed!
file 2 has been read from HDFS for 2 time
diff succeed!
file 2 has been read from HDFS for 3 time
diff succeed!
file 2 has been read from HDFS for 4 time
diff succeed!
file 2 has been read from HDFS for 5 time
diff succeed!
file 2 has been read from HDFS for 6 time
diff succeed!
file 2 has been read from HDFS for 7 time
diff succeed!
file 2 has been read from HDFS for 8 time
diff succeed!
file 2 has been read from HDFS for 9 time
diff succeed!
file 2 has been read from HDFS for 10 time
diff succeed!
Deleted /myfile2
file 2 has been removed from HDFS
Found 4 items
-rw-r--r--   3 root supergroup 1073741824 2019-03-26 23:46 /myfile1
-rw-r--r--   3 root supergroup 1073741824 2019-03-26 23:47 /myfile2
-rw-r--r--   3 root supergroup 1073741824 2019-03-26 23:45 /myfile3
-rw-r--r--   3 root supergroup 1073741824 2019-03-26 23:46 /myfile5
file 2 has been put into HDFS
file 2 has been read from HDFS for 1 time
diff succeed!
file 2 has been read from HDFS for 2 time
diff succeed!
file 2 has been read from HDFS for 3 time
diff succeed!
file 2 has been read from HDFS for 4 time
diff succeed!
file 2 has been read from HDFS for 5 time
diff succeed!
file 2 has been read from HDFS for 6 time
diff succeed!
file 2 has been read from HDFS for 7 time
diff succeed!
file 2 has been read from HDFS for 8 time
diff succeed!
file 2 has been read from HDFS for 9 time
diff succeed!
file 2 has been read from HDFS for 10 time
diff succeed!
Deleted /myfile2
file 2 has been removed from HDFS
Found 5 items
-rw-r--r--   3 root supergroup 1073741824 2019-03-26 23:48 /myfile1
-rw-r--r--   3 root supergroup 1073741824 2019-03-26 23:48 /myfile2
-rw-r--r--   3 root supergroup 1073741824 2019-03-26 23:47 /myfile3
-rw-r--r--   3 root supergroup 1073741824 2019-03-26 23:47 /myfile4
-rw-r--r--   3 root supergroup 1073741824 2019-03-26 23:48 /myfile5
file 2 has been put into HDFS
2019-03-26 23:48:41,814 INFO  retry.RetryInvocationHandler RetryInvocationHandler.java:log:411 - java.net.ConnectException: Call From clnode034.clemson.cloudlab.us/130.127.133.43 to node-1-link-0:8020 failed on connection exception: java.net.ConnectException: Connection refused; For more details see:  http://wiki.apache.org/hadoop/ConnectionRefused, while invoking ClientNamenodeProtocolTranslatorPB.getFileInfo over node-1-link-0/10.10.1.4:8020 after 1 failover attempts. Trying to failover after sleeping for 1135ms.
file 2 has been read from HDFS for 1 time
diff succeed!
file 2 has been read from HDFS for 2 time
diff succeed!
file 2 has been read from HDFS for 3 time
diff succeed!
file 2 has been read from HDFS for 4 time
diff succeed!
file 2 has been read from HDFS for 5 time
diff succeed!
file 2 has been read from HDFS for 6 time
diff succeed!
file 2 has been read from HDFS for 7 time
diff succeed!
file 2 has been read from HDFS for 8 time
diff succeed!
file 2 has been read from HDFS for 9 time
diff succeed!
file 2 has been read from HDFS for 10 time
diff succeed!
Deleted /myfile2
file 2 has been removed from HDFS
Found 5 items
-rw-r--r--   3 root supergroup 1073741824 2019-03-26 23:50 /myfile1
-rw-r--r--   3 root supergroup 1073741824 2019-03-26 23:50 /myfile2
-rw-r--r--   3 root supergroup 1073741824 2019-03-26 23:49 /myfile3
-rw-r--r--   3 root supergroup 1073741824 2019-03-26 23:50 /myfile4
-rw-r--r--   3 root supergroup 1073741824 2019-03-26 23:50 /myfile5
file 2 has been put into HDFS
file 2 has been read from HDFS for 1 time
diff succeed!
file 2 has been read from HDFS for 2 time
diff succeed!
file 2 has been read from HDFS for 3 time
diff succeed!
file 2 has been read from HDFS for 4 time
diff succeed!
file 2 has been read from HDFS for 5 time
diff succeed!
file 2 has been read from HDFS for 6 time
diff succeed!
file 2 has been read from HDFS for 7 time
diff succeed!
file 2 has been read from HDFS for 8 time
diff succeed!
file 2 has been read from HDFS for 9 time
diff succeed!
file 2 has been read from HDFS for 10 time
diff succeed!
Deleted /myfile2
file 2 has been removed from HDFS
Found 5 items
-rw-r--r--   3 root supergroup 1073741824 2019-03-26 23:51 /myfile1
-rw-r--r--   3 root supergroup 1073741824 2019-03-26 23:52 /myfile2
-rw-r--r--   3 root supergroup 1073741824 2019-03-26 23:51 /myfile3
-rw-r--r--   3 root supergroup 1073741824 2019-03-26 23:51 /myfile4
-rw-r--r--   3 root supergroup 1073741824 2019-03-26 23:51 /myfile5
file 2 has been put into HDFS
file 2 has been read from HDFS for 1 time
diff succeed!
file 2 has been read from HDFS for 2 time
diff succeed!
file 2 has been read from HDFS for 3 time
diff succeed!
file 2 has been read from HDFS for 4 time
diff succeed!
file 2 has been read from HDFS for 5 time
diff succeed!
file 2 has been read from HDFS for 6 time
diff succeed!
file 2 has been read from HDFS for 7 time
diff succeed!
file 2 has been read from HDFS for 8 time
diff succeed!
file 2 has been read from HDFS for 9 time
diff succeed!
file 2 has been read from HDFS for 10 time
diff succeed!
Deleted /myfile2
file 2 has been removed from HDFS
Found 4 items
-rw-r--r--   3 root supergroup 1073741824 2019-03-26 23:53 /myfile1
-rw-r--r--   3 root supergroup 1073741824 2019-03-26 23:54 /myfile2
-rw-r--r--   3 root supergroup  134217728 2019-03-26 23:54 /myfile3._COPYING_
-rw-r--r--   3 root supergroup 1073741824 2019-03-26 23:53 /myfile5
file 2 has been put into HDFS
