Found 5 items
-rw-r--r--   3 root supergroup 1073741824 2019-03-27 04:25 /myfile1
-rw-r--r--   3 root supergroup 1073741824 2019-03-27 04:25 /myfile2
-rw-r--r--   3 root supergroup 1073741824 2019-03-27 04:25 /myfile3
-rw-r--r--   3 root supergroup 1073741824 2019-03-27 04:25 /myfile4
-rw-r--r--   3 root supergroup 1073741824 2019-03-27 04:25 /myfile5
file 4 has been put into HDFS
file 4 has been read from HDFS for 1 time
diff succeed!
file 4 has been read from HDFS for 2 time
diff succeed!
file 4 has been read from HDFS for 3 time
diff succeed!
file 4 has been read from HDFS for 4 time
diff succeed!
file 4 has been read from HDFS for 5 time
diff succeed!
file 4 has been read from HDFS for 6 time
diff succeed!
file 4 has been read from HDFS for 7 time
diff succeed!
file 4 has been read from HDFS for 8 time
diff succeed!
file 4 has been read from HDFS for 9 time
diff succeed!
file 4 has been read from HDFS for 10 time
diff succeed!
Deleted /myfile4
file 4 has been removed from HDFS
Found 5 items
-rw-r--r--   3 root supergroup 1073741824 2019-03-27 04:25 /myfile1
-rw-r--r--   3 root supergroup 1073741824 2019-03-27 04:25 /myfile2
-rw-r--r--   3 root supergroup 1073741824 2019-03-27 04:27 /myfile3
-rw-r--r--   3 root supergroup 1073741824 2019-03-27 04:27 /myfile4
-rw-r--r--   3 root supergroup 1073741824 2019-03-27 04:27 /myfile5
file 4 has been put into HDFS
file 4 has been read from HDFS for 1 time
diff succeed!
file 4 has been read from HDFS for 2 time
diff succeed!
file 4 has been read from HDFS for 3 time
diff succeed!
file 4 has been read from HDFS for 4 time
diff succeed!
file 4 has been read from HDFS for 5 time
diff succeed!
file 4 has been read from HDFS for 6 time
diff succeed!
file 4 has been read from HDFS for 7 time
diff succeed!
file 4 has been read from HDFS for 8 time
diff succeed!
file 4 has been read from HDFS for 9 time
diff succeed!
file 4 has been read from HDFS for 10 time
diff succeed!
Deleted /myfile4
file 4 has been removed from HDFS
Found 5 items
-rw-r--r--   3 root supergroup 1073741824 2019-03-27 04:27 /myfile1
-rw-r--r--   3 root supergroup 1073741824 2019-03-27 04:27 /myfile2
-rw-r--r--   3 root supergroup 1073741824 2019-03-27 04:27 /myfile3
-rw-r--r--   3 root supergroup 1073741824 2019-03-27 04:28 /myfile4
-rw-r--r--   3 root supergroup 1073741824 2019-03-27 04:27 /myfile5
file 4 has been put into HDFS
file 4 has been read from HDFS for 1 time
diff succeed!
file 4 has been read from HDFS for 2 time
diff succeed!
file 4 has been read from HDFS for 3 time
diff succeed!
file 4 has been read from HDFS for 4 time
diff succeed!
file 4 has been read from HDFS for 5 time
diff succeed!
file 4 has been read from HDFS for 6 time
diff succeed!
file 4 has been read from HDFS for 7 time
diff succeed!
file 4 has been read from HDFS for 8 time
diff succeed!
file 4 has been read from HDFS for 9 time
diff succeed!
file 4 has been read from HDFS for 10 time
diff succeed!
Deleted /myfile4
file 4 has been removed from HDFS
Found 5 items
-rw-r--r--   3 root supergroup 1073741824 2019-03-27 04:30 /myfile1
-rw-r--r--   3 root supergroup 1073741824 2019-03-27 04:29 /myfile2
-rw-r--r--   3 root supergroup 1073741824 2019-03-27 04:29 /myfile3
-rw-r--r--   3 root supergroup 1073741824 2019-03-27 04:30 /myfile4
-rw-r--r--   3 root supergroup 1073741824 2019-03-27 04:29 /myfile5
file 4 has been put into HDFS
2019-03-27 04:30:28,231 INFO  retry.RetryInvocationHandler RetryInvocationHandler.java:log:411 - java.net.ConnectException: Call From clnode039.clemson.cloudlab.us/130.127.133.48 to node-1-link-0:8020 failed on connection exception: java.net.ConnectException: Connection refused; For more details see:  http://wiki.apache.org/hadoop/ConnectionRefused, while invoking ClientNamenodeProtocolTranslatorPB.getFileInfo over node-1-link-0/10.10.1.4:8020 after 1 failover attempts. Trying to failover after sleeping for 1320ms.
file 4 has been read from HDFS for 1 time
diff succeed!
file 4 has been read from HDFS for 2 time
diff succeed!
file 4 has been read from HDFS for 3 time
diff succeed!
file 4 has been read from HDFS for 4 time
diff succeed!
file 4 has been read from HDFS for 5 time
diff succeed!
file 4 has been read from HDFS for 6 time
diff succeed!
file 4 has been read from HDFS for 7 time
diff succeed!
file 4 has been read from HDFS for 8 time
diff succeed!
file 4 has been read from HDFS for 9 time
diff succeed!
file 4 has been read from HDFS for 10 time
diff succeed!
Deleted /myfile4
file 4 has been removed from HDFS
Found 5 items
-rw-r--r--   3 root supergroup 1073741824 2019-03-27 04:32 /myfile1
-rw-r--r--   3 root supergroup 1073741824 2019-03-27 04:31 /myfile2
-rw-r--r--   3 root supergroup 1073741824 2019-03-27 04:31 /myfile3
-rw-r--r--   3 root supergroup 1073741824 2019-03-27 04:32 /myfile4
-rw-r--r--   3 root supergroup 1073741824 2019-03-27 04:31 /myfile5
file 4 has been put into HDFS
file 4 has been read from HDFS for 1 time
diff succeed!
file 4 has been read from HDFS for 2 time
diff succeed!
file 4 has been read from HDFS for 3 time
diff succeed!
file 4 has been read from HDFS for 4 time
diff succeed!
file 4 has been read from HDFS for 5 time
diff succeed!
file 4 has been read from HDFS for 6 time
diff succeed!
file 4 has been read from HDFS for 7 time
diff succeed!
file 4 has been read from HDFS for 8 time
diff succeed!
file 4 has been read from HDFS for 9 time
diff succeed!
file 4 has been read from HDFS for 10 time
diff succeed!
Deleted /myfile4
file 4 has been removed from HDFS
Found 5 items
-rw-r--r--   3 root supergroup 1073741824 2019-03-27 04:34 /myfile1
-rw-r--r--   3 root supergroup 1073741824 2019-03-27 04:33 /myfile2
-rw-r--r--   3 root supergroup 1073741824 2019-03-27 04:33 /myfile3
-rw-r--r--   3 root supergroup 1073741824 2019-03-27 04:34 /myfile4
-rw-r--r--   3 root supergroup 1073741824 2019-03-27 04:33 /myfile5
file 4 has been put into HDFS
file 4 has been read from HDFS for 1 time
diff succeed!
file 4 has been read from HDFS for 2 time
diff succeed!
file 4 has been read from HDFS for 3 time
diff succeed!
file 4 has been read from HDFS for 4 time
diff succeed!
file 4 has been read from HDFS for 5 time
diff succeed!
file 4 has been read from HDFS for 6 time
diff succeed!
file 4 has been read from HDFS for 7 time
diff succeed!
file 4 has been read from HDFS for 8 time
diff succeed!
file 4 has been read from HDFS for 9 time
diff succeed!
file 4 has been read from HDFS for 10 time
diff succeed!
Deleted /myfile4
file 4 has been removed from HDFS
2019-03-27 04:36:18,515 INFO  retry.RetryInvocationHandler RetryInvocationHandler.java:log:411 - java.io.IOException: DestHost:destPort node-1-link-0:8020 , LocalHost:localPort clnode039.clemson.cloudlab.us/130.127.133.48:0. Failed on local exception: java.io.IOException: Connection reset by peer, while invoking ClientNamenodeProtocolTranslatorPB.getFileInfo over node-1-link-0/10.10.1.4:8020 after 1 failover attempts. Trying to failover after sleeping for 1396ms.
Found 5 items
-rw-r--r--   3 root supergroup 1073741824 2019-03-27 04:36 /myfile1._COPYING_
-rw-r--r--   3 root supergroup 1073741824 2019-03-27 04:34 /myfile2
-rw-r--r--   3 root supergroup  805306368 2019-03-27 04:36 /myfile3._COPYING_
-rw-r--r--   3 root supergroup 1073741824 2019-03-27 04:36 /myfile4
-rw-r--r--   3 root supergroup  805306368 2019-03-27 04:36 /myfile5._COPYING_
file 4 has been put into HDFS
file 4 has been read from HDFS for 1 time
diff succeed!
file 4 has been read from HDFS for 2 time
diff succeed!
file 4 has been read from HDFS for 3 time
diff succeed!
file 4 has been read from HDFS for 4 time
diff succeed!
file 4 has been read from HDFS for 5 time
diff succeed!
file 4 has been read from HDFS for 6 time
diff succeed!
file 4 has been read from HDFS for 7 time
diff succeed!
file 4 has been read from HDFS for 8 time
diff succeed!
file 4 has been read from HDFS for 9 time
diff succeed!
file 4 has been read from HDFS for 10 time
diff succeed!
Deleted /myfile4
file 4 has been removed from HDFS
Found 5 items
-rw-r--r--   3 root supergroup 1073741824 2019-03-27 04:38 /myfile1
-rw-r--r--   3 root supergroup 1073741824 2019-03-27 04:37 /myfile2
-rw-r--r--   3 root supergroup 1073741824 2019-03-27 04:38 /myfile3
-rw-r--r--   3 root supergroup 1073741824 2019-03-27 04:38 /myfile4
-rw-r--r--   3 root supergroup 1073741824 2019-03-27 04:38 /myfile5
file 4 has been put into HDFS
file 4 has been read from HDFS for 1 time
diff succeed!
file 4 has been read from HDFS for 2 time
diff succeed!
file 4 has been read from HDFS for 3 time
diff succeed!
file 4 has been read from HDFS for 4 time
diff succeed!
file 4 has been read from HDFS for 5 time
diff succeed!
file 4 has been read from HDFS for 6 time
diff succeed!
file 4 has been read from HDFS for 7 time
diff succeed!
file 4 has been read from HDFS for 8 time
diff succeed!
file 4 has been read from HDFS for 9 time
diff succeed!
file 4 has been read from HDFS for 10 time
diff succeed!
Deleted /myfile4
file 4 has been removed from HDFS
Found 5 items
-rw-r--r--   3 root supergroup  671088640 2019-03-27 04:39 /myfile1._COPYING_
-rw-r--r--   3 root supergroup 1073741824 2019-03-27 04:39 /myfile2
-rw-r--r--   3 root supergroup 1073741824 2019-03-27 04:39 /myfile3
-rw-r--r--   3 root supergroup 1073741824 2019-03-27 04:39 /myfile4
-rw-r--r--   3 root supergroup 1073741824 2019-03-27 04:39 /myfile5
file 4 has been put into HDFS
file 4 has been read from HDFS for 1 time
diff succeed!
file 4 has been read from HDFS for 2 time
diff succeed!
file 4 has been read from HDFS for 3 time
diff succeed!
file 4 has been read from HDFS for 4 time
diff succeed!
file 4 has been read from HDFS for 5 time
diff succeed!
file 4 has been read from HDFS for 6 time
diff succeed!
file 4 has been read from HDFS for 7 time
diff succeed!
file 4 has been read from HDFS for 8 time
diff succeed!
file 4 has been read from HDFS for 9 time
diff succeed!
file 4 has been read from HDFS for 10 time
diff succeed!
Deleted /myfile4
file 4 has been removed from HDFS
Found 5 items
-rw-r--r--   3 root supergroup 1073741824 2019-03-27 04:41 /myfile1
-rw-r--r--   3 root supergroup 1073741824 2019-03-27 04:41 /myfile2
-rw-r--r--   3 root supergroup 1073741824 2019-03-27 04:41 /myfile3
-rw-r--r--   3 root supergroup 1073741824 2019-03-27 04:41 /myfile4
-rw-r--r--   3 root supergroup 1073741824 2019-03-27 04:41 /myfile5
file 4 has been put into HDFS
file 4 has been read from HDFS for 1 time
diff succeed!
file 4 has been read from HDFS for 2 time
diff succeed!
file 4 has been read from HDFS for 3 time
diff succeed!
file 4 has been read from HDFS for 4 time
diff succeed!
file 4 has been read from HDFS for 5 time
diff succeed!
