Found 5 items
-rw-r--r--   3 root supergroup 1073741824 2019-03-25 11:57 /myfile1
-rw-r--r--   3 root supergroup 1073741824 2019-03-25 11:57 /myfile2
-rw-r--r--   3 root supergroup 1073741824 2019-03-25 11:57 /myfile3
-rw-r--r--   3 root supergroup 1073741824 2019-03-25 11:57 /myfile4
-rw-r--r--   3 root supergroup 1073741824 2019-03-25 11:57 /myfile5
file 4 has been put into HDFS
file 4 has been read from HDFS for 1 time
diff succeed!
file 4 has been read from HDFS for 2 time
diff succeed!
file 4 has been read from HDFS for 3 time
diff succeed!
file 4 has been read from HDFS for 4 time
diff succeed!
file 4 has been read from HDFS for 5 time
diff succeed!
file 4 has been read from HDFS for 6 time
diff succeed!
file 4 has been read from HDFS for 7 time
diff succeed!
file 4 has been read from HDFS for 8 time
diff succeed!
file 4 has been read from HDFS for 9 time
diff succeed!
file 4 has been read from HDFS for 10 time
diff succeed!
Deleted /myfile4
file 4 has been removed from HDFS
Found 5 items
-rw-r--r--   3 root supergroup 1073741824 2019-03-25 11:59 /myfile1
-rw-r--r--   3 root supergroup 1073741824 2019-03-25 11:59 /myfile2
-rw-r--r--   3 root supergroup 1073741824 2019-03-25 11:59 /myfile3
-rw-r--r--   3 root supergroup 1073741824 2019-03-25 11:59 /myfile4
-rw-r--r--   3 root supergroup 1073741824 2019-03-25 11:59 /myfile5
file 4 has been put into HDFS
file 4 has been read from HDFS for 1 time
diff succeed!
file 4 has been read from HDFS for 2 time
diff succeed!
file 4 has been read from HDFS for 3 time
diff succeed!
file 4 has been read from HDFS for 4 time
diff succeed!
file 4 has been read from HDFS for 5 time
diff succeed!
file 4 has been read from HDFS for 6 time
diff succeed!
file 4 has been read from HDFS for 7 time
diff succeed!
file 4 has been read from HDFS for 8 time
diff succeed!
file 4 has been read from HDFS for 9 time
diff succeed!
file 4 has been read from HDFS for 10 time
diff succeed!
Deleted /myfile4
file 4 has been removed from HDFS
Found 5 items
-rw-r--r--   3 root supergroup 1073741824 2019-03-25 12:01 /myfile1
-rw-r--r--   3 root supergroup 1073741824 2019-03-25 12:01 /myfile2
-rw-r--r--   3 root supergroup 1073741824 2019-03-25 12:00 /myfile3
-rw-r--r--   3 root supergroup 1073741824 2019-03-25 12:01 /myfile4
-rw-r--r--   3 root supergroup 1073741824 2019-03-25 12:01 /myfile5
file 4 has been put into HDFS
file 4 has been read from HDFS for 1 time
diff succeed!
file 4 has been read from HDFS for 2 time
diff succeed!
file 4 has been read from HDFS for 3 time
diff succeed!
file 4 has been read from HDFS for 4 time
diff succeed!
file 4 has been read from HDFS for 5 time
diff succeed!
file 4 has been read from HDFS for 6 time
diff succeed!
file 4 has been read from HDFS for 7 time
diff succeed!
file 4 has been read from HDFS for 8 time
diff succeed!
file 4 has been read from HDFS for 9 time
diff succeed!
file 4 has been read from HDFS for 10 time
diff succeed!
Deleted /myfile4
file 4 has been removed from HDFS
Found 5 items
-rw-r--r--   3 root supergroup 1073741824 2019-03-25 12:01 /myfile1
-rw-r--r--   3 root supergroup 1073741824 2019-03-25 12:03 /myfile2
-rw-r--r--   3 root supergroup 1073741824 2019-03-25 12:02 /myfile3
-rw-r--r--   3 root supergroup 1073741824 2019-03-25 12:03 /myfile4
-rw-r--r--   3 root supergroup 1073741824 2019-03-25 12:03 /myfile5
file 4 has been put into HDFS
file 4 has been read from HDFS for 1 time
diff succeed!
file 4 has been read from HDFS for 2 time
diff succeed!
file 4 has been read from HDFS for 3 time
diff succeed!
file 4 has been read from HDFS for 4 time
diff succeed!
file 4 has been read from HDFS for 5 time
diff succeed!
file 4 has been read from HDFS for 6 time
diff succeed!
file 4 has been read from HDFS for 7 time
diff succeed!
file 4 has been read from HDFS for 8 time
diff succeed!
file 4 has been read from HDFS for 9 time
diff succeed!
file 4 has been read from HDFS for 10 time
diff succeed!
Deleted /myfile4
file 4 has been removed from HDFS
Found 5 items
-rw-r--r--   3 root supergroup 1073741824 2019-03-25 12:04 /myfile1
-rw-r--r--   3 root supergroup 1073741824 2019-03-25 12:05 /myfile2
-rw-r--r--   3 root supergroup 1073741824 2019-03-25 12:04 /myfile3
-rw-r--r--   3 root supergroup 1073741824 2019-03-25 12:05 /myfile4
-rw-r--r--   3 root supergroup 1073741824 2019-03-25 12:04 /myfile5
file 4 has been put into HDFS
file 4 has been read from HDFS for 1 time
diff succeed!
file 4 has been read from HDFS for 2 time
diff succeed!
file 4 has been read from HDFS for 3 time
diff succeed!
file 4 has been read from HDFS for 4 time
diff succeed!
file 4 has been read from HDFS for 5 time
diff succeed!
file 4 has been read from HDFS for 6 time
diff succeed!
file 4 has been read from HDFS for 7 time
diff succeed!
file 4 has been read from HDFS for 8 time
diff succeed!
file 4 has been read from HDFS for 9 time
diff succeed!
file 4 has been read from HDFS for 10 time
diff succeed!
Deleted /myfile4
file 4 has been removed from HDFS
Found 5 items
-rw-r--r--   3 root supergroup 1073741824 2019-03-25 12:06 /myfile1
-rw-r--r--   3 root supergroup 1073741824 2019-03-25 12:06 /myfile2
-rw-r--r--   3 root supergroup 1073741824 2019-03-25 12:06 /myfile3
-rw-r--r--   3 root supergroup 1073741824 2019-03-25 12:07 /myfile4
-rw-r--r--   3 root supergroup 1073741824 2019-03-25 12:07 /myfile5
file 4 has been put into HDFS
file 4 has been read from HDFS for 1 time
diff succeed!
file 4 has been read from HDFS for 2 time
diff succeed!
file 4 has been read from HDFS for 3 time
diff succeed!
file 4 has been read from HDFS for 4 time
diff succeed!
file 4 has been read from HDFS for 5 time
diff succeed!
file 4 has been read from HDFS for 6 time
diff succeed!
file 4 has been read from HDFS for 7 time
diff succeed!
file 4 has been read from HDFS for 8 time
diff succeed!
file 4 has been read from HDFS for 9 time
diff succeed!
file 4 has been read from HDFS for 10 time
diff succeed!
Deleted /myfile4
file 4 has been removed from HDFS
Found 5 items
-rw-r--r--   3 root supergroup 1073741824 2019-03-25 12:07 /myfile1
-rw-r--r--   3 root supergroup 1073741824 2019-03-25 12:08 /myfile2
-rw-r--r--   3 root supergroup 1073741824 2019-03-25 12:07 /myfile3
-rw-r--r--   3 root supergroup 1073741824 2019-03-25 12:09 /myfile4
-rw-r--r--   3 root supergroup 1073741824 2019-03-25 12:09 /myfile5
file 4 has been put into HDFS
file 4 has been read from HDFS for 1 time
diff succeed!
file 4 has been read from HDFS for 2 time
diff succeed!
file 4 has been read from HDFS for 3 time
diff succeed!
file 4 has been read from HDFS for 4 time
diff succeed!
file 4 has been read from HDFS for 5 time
diff succeed!
file 4 has been read from HDFS for 6 time
diff succeed!
file 4 has been read from HDFS for 7 time
diff succeed!
file 4 has been read from HDFS for 8 time
diff succeed!
file 4 has been read from HDFS for 9 time
diff succeed!
file 4 has been read from HDFS for 10 time
diff succeed!
Deleted /myfile4
file 4 has been removed from HDFS
Found 5 items
-rw-r--r--   3 root supergroup 1073741824 2019-03-25 12:09 /myfile1
-rw-r--r--   3 root supergroup 1073741824 2019-03-25 12:10 /myfile2
-rw-r--r--   3 root supergroup 1073741824 2019-03-25 12:09 /myfile3
-rw-r--r--   3 root supergroup 1073741824 2019-03-25 12:10 /myfile4
-rw-r--r--   3 root supergroup 1073741824 2019-03-25 12:10 /myfile5
file 4 has been put into HDFS
file 4 has been read from HDFS for 1 time
diff succeed!
file 4 has been read from HDFS for 2 time
diff succeed!
file 4 has been read from HDFS for 3 time
diff succeed!
file 4 has been read from HDFS for 4 time
diff succeed!
file 4 has been read from HDFS for 5 time
diff succeed!
file 4 has been read from HDFS for 6 time
diff succeed!
file 4 has been read from HDFS for 7 time
diff succeed!
file 4 has been read from HDFS for 8 time
diff succeed!
file 4 has been read from HDFS for 9 time
diff succeed!
file 4 has been read from HDFS for 10 time
diff succeed!
Deleted /myfile4
file 4 has been removed from HDFS
Found 5 items
-rw-r--r--   3 root supergroup 1073741824 2019-03-25 12:11 /myfile1
-rw-r--r--   3 root supergroup 1073741824 2019-03-25 12:12 /myfile2
-rw-r--r--   3 root supergroup 1073741824 2019-03-25 12:11 /myfile3
-rw-r--r--   3 root supergroup 1073741824 2019-03-25 12:12 /myfile4
-rw-r--r--   3 root supergroup 1073741824 2019-03-25 12:12 /myfile5
file 4 has been put into HDFS
file 4 has been read from HDFS for 1 time
diff succeed!
file 4 has been read from HDFS for 2 time
diff succeed!
file 4 has been read from HDFS for 3 time
diff succeed!
file 4 has been read from HDFS for 4 time
diff succeed!
file 4 has been read from HDFS for 5 time
diff succeed!
file 4 has been read from HDFS for 6 time
diff succeed!
file 4 has been read from HDFS for 7 time
diff succeed!
file 4 has been read from HDFS for 8 time
diff succeed!
file 4 has been read from HDFS for 9 time
diff succeed!
file 4 has been read from HDFS for 10 time
diff succeed!
Deleted /myfile4
file 4 has been removed from HDFS
Found 5 items
-rw-r--r--   3 root supergroup 1073741824 2019-03-25 12:13 /myfile1
-rw-r--r--   3 root supergroup 1073741824 2019-03-25 12:13 /myfile2
-rw-r--r--   3 root supergroup 1073741824 2019-03-25 12:13 /myfile3
-rw-r--r--   3 root supergroup 1073741824 2019-03-25 12:13 /myfile4
-rw-r--r--   3 root supergroup 1073741824 2019-03-25 12:13 /myfile5
file 4 has been put into HDFS
file 4 has been read from HDFS for 1 time
diff succeed!
file 4 has been read from HDFS for 2 time
diff succeed!
file 4 has been read from HDFS for 3 time
diff succeed!
file 4 has been read from HDFS for 4 time
diff succeed!
file 4 has been read from HDFS for 5 time
diff succeed!
file 4 has been read from HDFS for 6 time
diff succeed!
file 4 has been read from HDFS for 7 time
diff succeed!
file 4 has been read from HDFS for 8 time
diff succeed!
file 4 has been read from HDFS for 9 time
diff succeed!
file 4 has been read from HDFS for 10 time
diff succeed!
Deleted /myfile4
file 4 has been removed from HDFS
Found 5 items
-rw-r--r--   3 root supergroup 1073741824 2019-03-25 12:14 /myfile1
-rw-r--r--   3 root supergroup 1073741824 2019-03-25 12:15 /myfile2
-rw-r--r--   3 root supergroup 1073741824 2019-03-25 12:14 /myfile3
-rw-r--r--   3 root supergroup 1073741824 2019-03-25 12:16 /myfile4
-rw-r--r--   3 root supergroup 1073741824 2019-03-25 12:16 /myfile5
file 4 has been put into HDFS
file 4 has been read from HDFS for 1 time
diff succeed!
file 4 has been read from HDFS for 2 time
diff succeed!
file 4 has been read from HDFS for 3 time
diff succeed!
file 4 has been read from HDFS for 4 time
diff succeed!
file 4 has been read from HDFS for 5 time
diff succeed!
file 4 has been read from HDFS for 6 time
diff succeed!
file 4 has been read from HDFS for 7 time
diff succeed!
file 4 has been read from HDFS for 8 time
diff succeed!
file 4 has been read from HDFS for 9 time
diff succeed!
file 4 has been read from HDFS for 10 time
diff succeed!
Deleted /myfile4
file 4 has been removed from HDFS
Found 5 items
-rw-r--r--   3 root supergroup 1073741824 2019-03-25 12:17 /myfile1
-rw-r--r--   3 root supergroup 1073741824 2019-03-25 12:17 /myfile2
-rw-r--r--   3 root supergroup 1073741824 2019-03-25 12:17 /myfile3
-rw-r--r--   3 root supergroup 1073741824 2019-03-25 12:18 /myfile4
-rw-r--r--   3 root supergroup 1073741824 2019-03-25 12:16 /myfile5
file 4 has been put into HDFS
file 4 has been read from HDFS for 1 time
diff succeed!
file 4 has been read from HDFS for 2 time
diff succeed!
file 4 has been read from HDFS for 3 time
diff succeed!
file 4 has been read from HDFS for 4 time
diff succeed!
file 4 has been read from HDFS for 5 time
diff succeed!
file 4 has been read from HDFS for 6 time
diff succeed!
file 4 has been read from HDFS for 7 time
diff succeed!
file 4 has been read from HDFS for 8 time
diff succeed!
file 4 has been read from HDFS for 9 time
diff succeed!
file 4 has been read from HDFS for 10 time
diff succeed!
Deleted /myfile4
file 4 has been removed from HDFS
Found 5 items
-rw-r--r--   3 root supergroup 1073741824 2019-03-25 12:18 /myfile1
-rw-r--r--   3 root supergroup 1073741824 2019-03-25 12:19 /myfile2
-rw-r--r--   3 root supergroup 1073741824 2019-03-25 12:19 /myfile3
-rw-r--r--   3 root supergroup 1073741824 2019-03-25 12:19 /myfile4
-rw-r--r--   3 root supergroup 1073741824 2019-03-25 12:18 /myfile5
file 4 has been put into HDFS
2019-03-25 12:19:50,683 INFO  retry.RetryInvocationHandler RetryInvocationHandler.java:log:411 - java.net.ConnectException: Call From clnode087.clemson.cloudlab.us/130.127.133.96 to node-1-link-0:8020 failed on connection exception: java.net.ConnectException: Connection refused; For more details see:  http://wiki.apache.org/hadoop/ConnectionRefused, while invoking ClientNamenodeProtocolTranslatorPB.getFileInfo over node-1-link-0/10.10.1.4:8020 after 1 failover attempts. Trying to failover after sleeping for 1476ms.
file 4 has been read from HDFS for 1 time
diff succeed!
file 4 has been read from HDFS for 2 time
diff succeed!
file 4 has been read from HDFS for 3 time
diff succeed!
file 4 has been read from HDFS for 4 time
diff succeed!
file 4 has been read from HDFS for 5 time
diff succeed!
file 4 has been read from HDFS for 6 time
diff succeed!
file 4 has been read from HDFS for 7 time
diff succeed!
file 4 has been read from HDFS for 8 time
diff succeed!
file 4 has been read from HDFS for 9 time
diff succeed!
file 4 has been read from HDFS for 10 time
diff succeed!
Deleted /myfile4
file 4 has been removed from HDFS
Found 5 items
-rw-r--r--   3 root supergroup 1073741824 2019-03-25 12:20 /myfile1
-rw-r--r--   3 root supergroup 1073741824 2019-03-25 12:21 /myfile2
-rw-r--r--   3 root supergroup 1073741824 2019-03-25 12:20 /myfile3
-rw-r--r--   3 root supergroup 1073741824 2019-03-25 12:21 /myfile4
-rw-r--r--   3 root supergroup 1073741824 2019-03-25 12:20 /myfile5
file 4 has been put into HDFS
file 4 has been read from HDFS for 1 time
diff succeed!
file 4 has been read from HDFS for 2 time
diff succeed!
file 4 has been read from HDFS for 3 time
diff succeed!
file 4 has been read from HDFS for 4 time
diff succeed!
file 4 has been read from HDFS for 5 time
diff succeed!
file 4 has been read from HDFS for 6 time
diff succeed!
file 4 has been read from HDFS for 7 time
diff succeed!
file 4 has been read from HDFS for 8 time
diff succeed!
file 4 has been read from HDFS for 9 time
diff succeed!
file 4 has been read from HDFS for 10 time
diff succeed!
Deleted /myfile4
file 4 has been removed from HDFS
Found 5 items
-rw-r--r--   3 root supergroup 1073741824 2019-03-25 12:22 /myfile1
-rw-r--r--   3 root supergroup 1073741824 2019-03-25 12:22 /myfile2
-rw-r--r--   3 root supergroup 1073741824 2019-03-25 12:22 /myfile3
-rw-r--r--   3 root supergroup 1073741824 2019-03-25 12:23 /myfile4
-rw-r--r--   3 root supergroup 1073741824 2019-03-25 12:22 /myfile5
file 4 has been put into HDFS
file 4 has been read from HDFS for 1 time
diff succeed!
file 4 has been read from HDFS for 2 time
diff succeed!
file 4 has been read from HDFS for 3 time
diff succeed!
file 4 has been read from HDFS for 4 time
diff succeed!
file 4 has been read from HDFS for 5 time
diff succeed!
file 4 has been read from HDFS for 6 time
diff succeed!
file 4 has been read from HDFS for 7 time
diff succeed!
file 4 has been read from HDFS for 8 time
diff succeed!
file 4 has been read from HDFS for 9 time
diff succeed!
file 4 has been read from HDFS for 10 time
diff succeed!
Deleted /myfile4
file 4 has been removed from HDFS
Found 5 items
-rw-r--r--   3 root supergroup 1073741824 2019-03-25 12:24 /myfile1
-rw-r--r--   3 root supergroup 1073741824 2019-03-25 12:24 /myfile2
-rw-r--r--   3 root supergroup 1073741824 2019-03-25 12:24 /myfile3
-rw-r--r--   3 root supergroup 1073741824 2019-03-25 12:25 /myfile4
-rw-r--r--   3 root supergroup 1073741824 2019-03-25 12:23 /myfile5
file 4 has been put into HDFS
file 4 has been read from HDFS for 1 time
diff succeed!
file 4 has been read from HDFS for 2 time
diff succeed!
file 4 has been read from HDFS for 3 time
diff succeed!
