Found 5 items
-rw-r--r--   3 root supergroup 1073741824 2019-03-29 23:40 /myfile1
-rw-r--r--   3 root supergroup 1073741824 2019-03-29 23:40 /myfile2
-rw-r--r--   3 root supergroup 1073741824 2019-03-29 23:40 /myfile3
-rw-r--r--   3 root supergroup 1073741824 2019-03-29 23:40 /myfile4
-rw-r--r--   3 root supergroup 1073741824 2019-03-29 23:40 /myfile5
file 1 has been put into HDFS
file 1 has been read from HDFS for 1 time
diff succeed!
file 1 has been read from HDFS for 2 time
diff succeed!
file 1 has been read from HDFS for 3 time
diff succeed!
file 1 has been read from HDFS for 4 time
diff succeed!
file 1 has been read from HDFS for 5 time
diff succeed!
file 1 has been read from HDFS for 6 time
diff succeed!
file 1 has been read from HDFS for 7 time
diff succeed!
file 1 has been read from HDFS for 8 time
diff succeed!
file 1 has been read from HDFS for 9 time
diff succeed!
file 1 has been read from HDFS for 10 time
diff succeed!
Deleted /myfile1
file 1 has been removed from HDFS
Found 5 items
-rw-r--r--   3 root supergroup 1073741824 2019-03-29 23:42 /myfile1
-rw-r--r--   3 root supergroup 1073741824 2019-03-29 23:42 /myfile2
-rw-r--r--   3 root supergroup 1073741824 2019-03-29 23:42 /myfile3
-rw-r--r--   3 root supergroup 1073741824 2019-03-29 23:42 /myfile4
-rw-r--r--   3 root supergroup 1073741824 2019-03-29 23:42 /myfile5
file 1 has been put into HDFS
file 1 has been read from HDFS for 1 time
diff succeed!
file 1 has been read from HDFS for 2 time
diff succeed!
file 1 has been read from HDFS for 3 time
diff succeed!
file 1 has been read from HDFS for 4 time
diff succeed!
file 1 has been read from HDFS for 5 time
diff succeed!
file 1 has been read from HDFS for 6 time
diff succeed!
file 1 has been read from HDFS for 7 time
diff succeed!
file 1 has been read from HDFS for 8 time
diff succeed!
file 1 has been read from HDFS for 9 time
diff succeed!
file 1 has been read from HDFS for 10 time
diff succeed!
Deleted /myfile1
file 1 has been removed from HDFS
Found 5 items
-rw-r--r--   3 root supergroup 1073741824 2019-03-29 23:44 /myfile1
-rw-r--r--   3 root supergroup 1073741824 2019-03-29 23:43 /myfile2
-rw-r--r--   3 root supergroup  536870912 2019-03-29 23:44 /myfile3._COPYING_
-rw-r--r--   3 root supergroup 1073741824 2019-03-29 23:44 /myfile4
-rw-r--r--   3 root supergroup  134217728 2019-03-29 23:44 /myfile5._COPYING_
file 1 has been put into HDFS
file 1 has been read from HDFS for 1 time
diff succeed!
file 1 has been read from HDFS for 2 time
diff succeed!
file 1 has been read from HDFS for 3 time
diff succeed!
file 1 has been read from HDFS for 4 time
diff succeed!
file 1 has been read from HDFS for 5 time
diff succeed!
file 1 has been read from HDFS for 6 time
diff succeed!
file 1 has been read from HDFS for 7 time
diff succeed!
file 1 has been read from HDFS for 8 time
diff succeed!
file 1 has been read from HDFS for 9 time
diff succeed!
file 1 has been read from HDFS for 10 time
diff succeed!
Deleted /myfile1
file 1 has been removed from HDFS
Found 4 items
-rw-r--r--   3 root supergroup 1073741824 2019-03-29 23:45 /myfile1
-rw-r--r--   3 root supergroup 1073741824 2019-03-29 23:45 /myfile2
-rw-r--r--   3 root supergroup 1073741824 2019-03-29 23:45 /myfile4
-rw-r--r--   3 root supergroup 1073741824 2019-03-29 23:44 /myfile5
file 1 has been put into HDFS
file 1 has been read from HDFS for 1 time
diff succeed!
file 1 has been read from HDFS for 2 time
diff succeed!
file 1 has been read from HDFS for 3 time
diff succeed!
file 1 has been read from HDFS for 4 time
diff succeed!
file 1 has been read from HDFS for 5 time
diff succeed!
file 1 has been read from HDFS for 6 time
diff succeed!
file 1 has been read from HDFS for 7 time
diff succeed!
file 1 has been read from HDFS for 8 time
diff succeed!
file 1 has been read from HDFS for 9 time
diff succeed!
file 1 has been read from HDFS for 10 time
diff succeed!
Deleted /myfile1
file 1 has been removed from HDFS
Found 5 items
-rw-r--r--   3 root supergroup 1073741824 2019-03-29 23:47 /myfile1
-rw-r--r--   3 root supergroup 1073741824 2019-03-29 23:47 /myfile2
-rw-r--r--   3 root supergroup 1073741824 2019-03-29 23:46 /myfile3
-rw-r--r--   3 root supergroup 1073741824 2019-03-29 23:47 /myfile4
-rw-r--r--   3 root supergroup 1073741824 2019-03-29 23:46 /myfile5
file 1 has been put into HDFS
file 1 has been read from HDFS for 1 time
diff succeed!
file 1 has been read from HDFS for 2 time
diff succeed!
file 1 has been read from HDFS for 3 time
diff succeed!
file 1 has been read from HDFS for 4 time
diff succeed!
file 1 has been read from HDFS for 5 time
diff succeed!
file 1 has been read from HDFS for 6 time
diff succeed!
file 1 has been read from HDFS for 7 time
diff succeed!
file 1 has been read from HDFS for 8 time
diff succeed!
file 1 has been read from HDFS for 9 time
diff succeed!
file 1 has been read from HDFS for 10 time
diff succeed!
Deleted /myfile1
file 1 has been removed from HDFS
Found 5 items
-rw-r--r--   3 root supergroup 1073741824 2019-03-29 23:48 /myfile1
-rw-r--r--   3 root supergroup 1073741824 2019-03-29 23:48 /myfile2
-rw-r--r--   3 root supergroup 1073741824 2019-03-29 23:48 /myfile3
-rw-r--r--   3 root supergroup 1073741824 2019-03-29 23:48 /myfile4
-rw-r--r--   3 root supergroup 1073741824 2019-03-29 23:48 /myfile5
file 1 has been put into HDFS
file 1 has been read from HDFS for 1 time
diff succeed!
file 1 has been read from HDFS for 2 time
diff succeed!
file 1 has been read from HDFS for 3 time
diff succeed!
file 1 has been read from HDFS for 4 time
diff succeed!
file 1 has been read from HDFS for 5 time
diff succeed!
file 1 has been read from HDFS for 6 time
diff succeed!
file 1 has been read from HDFS for 7 time
diff succeed!
file 1 has been read from HDFS for 8 time
diff succeed!
file 1 has been read from HDFS for 9 time
diff succeed!
file 1 has been read from HDFS for 10 time
diff succeed!
Deleted /myfile1
file 1 has been removed from HDFS
Found 5 items
-rw-r--r--   3 root supergroup 1073741824 2019-03-29 23:50 /myfile1
-rw-r--r--   3 root supergroup 1073741824 2019-03-29 23:50 /myfile2
-rw-r--r--   3 root supergroup 1073741824 2019-03-29 23:49 /myfile3
-rw-r--r--   3 root supergroup 1073741824 2019-03-29 23:50 /myfile4
-rw-r--r--   3 root supergroup 1073741824 2019-03-29 23:49 /myfile5
file 1 has been put into HDFS
file 1 has been read from HDFS for 1 time
diff succeed!
file 1 has been read from HDFS for 2 time
diff succeed!
file 1 has been read from HDFS for 3 time
diff succeed!
file 1 has been read from HDFS for 4 time
diff succeed!
file 1 has been read from HDFS for 5 time
diff succeed!
file 1 has been read from HDFS for 6 time
diff succeed!
file 1 has been read from HDFS for 7 time
diff succeed!
file 1 has been read from HDFS for 8 time
diff succeed!
file 1 has been read from HDFS for 9 time
diff succeed!
file 1 has been read from HDFS for 10 time
diff succeed!
Deleted /myfile1
file 1 has been removed from HDFS
Found 5 items
-rw-r--r--   3 root supergroup 1073741824 2019-03-29 23:52 /myfile1
-rw-r--r--   3 root supergroup 1073741824 2019-03-29 23:52 /myfile2
-rw-r--r--   3 root supergroup 1073741824 2019-03-29 23:51 /myfile3
-rw-r--r--   3 root supergroup 1073741824 2019-03-29 23:52 /myfile4
-rw-r--r--   3 root supergroup 1073741824 2019-03-29 23:51 /myfile5
file 1 has been put into HDFS
file 1 has been read from HDFS for 1 time
diff succeed!
file 1 has been read from HDFS for 2 time
diff succeed!
file 1 has been read from HDFS for 3 time
diff succeed!
file 1 has been read from HDFS for 4 time
diff succeed!
file 1 has been read from HDFS for 5 time
diff succeed!
file 1 has been read from HDFS for 6 time
diff succeed!
file 1 has been read from HDFS for 7 time
diff succeed!
file 1 has been read from HDFS for 8 time
diff succeed!
file 1 has been read from HDFS for 9 time
diff succeed!
file 1 has been read from HDFS for 10 time
diff succeed!
Deleted /myfile1
file 1 has been removed from HDFS
Found 5 items
-rw-r--r--   3 root supergroup 1073741824 2019-03-29 23:54 /myfile1
-rw-r--r--   3 root supergroup 1073741824 2019-03-29 23:54 /myfile2
-rw-r--r--   3 root supergroup 1073741824 2019-03-29 23:53 /myfile3
-rw-r--r--   3 root supergroup 1073741824 2019-03-29 23:54 /myfile4
-rw-r--r--   3 root supergroup 1073741824 2019-03-29 23:53 /myfile5
file 1 has been put into HDFS
file 1 has been read from HDFS for 1 time
diff succeed!
file 1 has been read from HDFS for 2 time
diff succeed!
file 1 has been read from HDFS for 3 time
diff succeed!
file 1 has been read from HDFS for 4 time
diff succeed!
file 1 has been read from HDFS for 5 time
diff succeed!
file 1 has been read from HDFS for 6 time
diff succeed!
file 1 has been read from HDFS for 7 time
diff succeed!
file 1 has been read from HDFS for 8 time
diff succeed!
file 1 has been read from HDFS for 9 time
diff succeed!
