Found 5 items
-rw-r--r--   3 root supergroup 1073741824 2019-03-25 10:53 /myfile1
-rw-r--r--   3 root supergroup 1073741824 2019-03-25 10:53 /myfile2
-rw-r--r--   3 root supergroup 1073741824 2019-03-25 10:53 /myfile3
-rw-r--r--   3 root supergroup 1073741824 2019-03-25 10:53 /myfile4
-rw-r--r--   3 root supergroup 1073741824 2019-03-25 10:53 /myfile5
file 4 has been put into HDFS
file 4 has been read from HDFS for 1 time
diff succeed!
file 4 has been read from HDFS for 2 time
diff succeed!
file 4 has been read from HDFS for 3 time
diff succeed!
file 4 has been read from HDFS for 4 time
diff succeed!
file 4 has been read from HDFS for 5 time
diff succeed!
file 4 has been read from HDFS for 6 time
diff succeed!
file 4 has been read from HDFS for 7 time
diff succeed!
file 4 has been read from HDFS for 8 time
diff succeed!
file 4 has been read from HDFS for 9 time
diff succeed!
file 4 has been read from HDFS for 10 time
diff succeed!
Deleted /myfile4
file 4 has been removed from HDFS
Found 5 items
-rw-r--r--   3 root supergroup 1073741824 2019-03-25 10:55 /myfile1
-rw-r--r--   3 root supergroup 1073741824 2019-03-25 10:55 /myfile2
-rw-r--r--   3 root supergroup 1073741824 2019-03-25 10:55 /myfile3
-rw-r--r--   3 root supergroup 1073741824 2019-03-25 10:55 /myfile4
-rw-r--r--   3 root supergroup 1073741824 2019-03-25 10:55 /myfile5
file 4 has been put into HDFS
file 4 has been read from HDFS for 1 time
diff succeed!
file 4 has been read from HDFS for 2 time
diff succeed!
file 4 has been read from HDFS for 3 time
diff succeed!
file 4 has been read from HDFS for 4 time
diff succeed!
file 4 has been read from HDFS for 5 time
diff succeed!
file 4 has been read from HDFS for 6 time
diff succeed!
file 4 has been read from HDFS for 7 time
diff succeed!
file 4 has been read from HDFS for 8 time
diff succeed!
file 4 has been read from HDFS for 9 time
diff succeed!
file 4 has been read from HDFS for 10 time
diff succeed!
Deleted /myfile4
file 4 has been removed from HDFS
Found 5 items
-rw-r--r--   3 root supergroup 1073741824 2019-03-25 10:57 /myfile1
-rw-r--r--   3 root supergroup 1073741824 2019-03-25 10:57 /myfile2
-rw-r--r--   3 root supergroup 1073741824 2019-03-25 10:57 /myfile3
-rw-r--r--   3 root supergroup 1073741824 2019-03-25 10:58 /myfile4
-rw-r--r--   3 root supergroup 1073741824 2019-03-25 10:57 /myfile5
file 4 has been put into HDFS
file 4 has been read from HDFS for 1 time
diff succeed!
file 4 has been read from HDFS for 2 time
diff succeed!
2019-03-25 10:58:18,109 INFO  retry.RetryInvocationHandler RetryInvocationHandler.java:log:411 - java.net.ConnectException: Call From clnode087.clemson.cloudlab.us/130.127.133.96 to node-1-link-0:8020 failed on connection exception: java.net.ConnectException: Connection refused; For more details see:  http://wiki.apache.org/hadoop/ConnectionRefused, while invoking ClientNamenodeProtocolTranslatorPB.getFileInfo over node-1-link-0/10.10.1.4:8020 after 1 failover attempts. Trying to failover after sleeping for 1256ms.
file 4 has been read from HDFS for 3 time
diff succeed!
file 4 has been read from HDFS for 4 time
diff succeed!
file 4 has been read from HDFS for 5 time
diff succeed!
file 4 has been read from HDFS for 6 time
diff succeed!
file 4 has been read from HDFS for 7 time
diff succeed!
file 4 has been read from HDFS for 8 time
diff succeed!
file 4 has been read from HDFS for 9 time
diff succeed!
file 4 has been read from HDFS for 10 time
diff succeed!
Deleted /myfile4
file 4 has been removed from HDFS
Found 5 items
-rw-r--r--   3 root supergroup 1073741824 2019-03-25 10:59 /myfile1
-rw-r--r--   3 root supergroup 1073741824 2019-03-25 10:59 /myfile2
-rw-r--r--   3 root supergroup 1073741824 2019-03-25 10:57 /myfile3
-rw-r--r--   3 root supergroup 1073741824 2019-03-25 10:59 /myfile4
-rw-r--r--   3 root supergroup 1073741824 2019-03-25 10:59 /myfile5
file 4 has been put into HDFS
file 4 has been read from HDFS for 1 time
diff succeed!
file 4 has been read from HDFS for 2 time
diff succeed!
file 4 has been read from HDFS for 3 time
diff succeed!
file 4 has been read from HDFS for 4 time
diff succeed!
file 4 has been read from HDFS for 5 time
diff succeed!
file 4 has been read from HDFS for 6 time
diff succeed!
file 4 has been read from HDFS for 7 time
diff succeed!
file 4 has been read from HDFS for 8 time
diff succeed!
file 4 has been read from HDFS for 9 time
diff succeed!
file 4 has been read from HDFS for 10 time
diff succeed!
Deleted /myfile4
file 4 has been removed from HDFS
Found 5 items
-rw-r--r--   3 root supergroup 1073741824 2019-03-25 11:00 /myfile1
-rw-r--r--   3 root supergroup 1073741824 2019-03-25 11:00 /myfile2
-rw-r--r--   3 root supergroup 1073741824 2019-03-25 11:00 /myfile3
-rw-r--r--   3 root supergroup 1073741824 2019-03-25 11:01 /myfile4
-rw-r--r--   3 root supergroup 1073741824 2019-03-25 11:00 /myfile5
file 4 has been put into HDFS
file 4 has been read from HDFS for 1 time
diff succeed!
file 4 has been read from HDFS for 2 time
diff succeed!
file 4 has been read from HDFS for 3 time
diff succeed!
file 4 has been read from HDFS for 4 time
diff succeed!
file 4 has been read from HDFS for 5 time
diff succeed!
file 4 has been read from HDFS for 6 time
diff succeed!
file 4 has been read from HDFS for 7 time
diff succeed!
file 4 has been read from HDFS for 8 time
diff succeed!
file 4 has been read from HDFS for 9 time
diff succeed!
file 4 has been read from HDFS for 10 time
diff succeed!
Deleted /myfile4
file 4 has been removed from HDFS
Found 5 items
-rw-r--r--   3 root supergroup 1073741824 2019-03-25 11:02 /myfile1._COPYING_
-rw-r--r--   3 root supergroup  939524096 2019-03-25 11:02 /myfile2._COPYING_
-rw-r--r--   3 root supergroup 1073741824 2019-03-25 11:01 /myfile3
-rw-r--r--   3 root supergroup 1073741824 2019-03-25 11:02 /myfile4
-rw-r--r--   3 root supergroup 1073741824 2019-03-25 11:02 /myfile5
file 4 has been put into HDFS
file 4 has been read from HDFS for 1 time
diff succeed!
file 4 has been read from HDFS for 2 time
diff succeed!
file 4 has been read from HDFS for 3 time
diff succeed!
file 4 has been read from HDFS for 4 time
diff succeed!
file 4 has been read from HDFS for 5 time
diff succeed!
file 4 has been read from HDFS for 6 time
diff succeed!
file 4 has been read from HDFS for 7 time
diff succeed!
file 4 has been read from HDFS for 8 time
diff succeed!
file 4 has been read from HDFS for 9 time
diff succeed!
file 4 has been read from HDFS for 10 time
diff succeed!
Deleted /myfile4
file 4 has been removed from HDFS
2019-03-25 11:04:04,510 INFO  retry.RetryInvocationHandler RetryInvocationHandler.java:log:411 - java.io.IOException: DestHost:destPort node-1-link-0:8020 , LocalHost:localPort clnode087.clemson.cloudlab.us/130.127.133.96:0. Failed on local exception: java.io.IOException: Connection reset by peer, while invoking ClientNamenodeProtocolTranslatorPB.addBlock over node-1-link-0/10.10.1.4:8020. Trying to failover immediately.
2019-03-25 11:04:04,519 INFO  retry.RetryInvocationHandler RetryInvocationHandler.java:log:411 - org.apache.hadoop.ipc.RemoteException(org.apache.hadoop.ipc.StandbyException): Operation category READ is not supported in state standby. Visit https://s.apache.org/sbnn-error
	at org.apache.hadoop.hdfs.server.namenode.ha.StandbyState.checkOperation(StandbyState.java:88)
	at org.apache.hadoop.hdfs.server.namenode.NameNode$NameNodeHAContext.checkOperation(NameNode.java:1952)
	at org.apache.hadoop.hdfs.server.namenode.FSNamesystem.checkOperation(FSNamesystem.java:1423)
	at org.apache.hadoop.hdfs.server.namenode.FSNamesystem.getAdditionalBlock(FSNamesystem.java:2674)
	at org.apache.hadoop.hdfs.server.namenode.NameNodeRpcServer.addBlock(NameNodeRpcServer.java:875)
	at org.apache.hadoop.hdfs.protocolPB.ClientNamenodeProtocolServerSideTranslatorPB.addBlock(ClientNamenodeProtocolServerSideTranslatorPB.java:561)
	at org.apache.hadoop.hdfs.protocol.proto.ClientNamenodeProtocolProtos$ClientNamenodeProtocol$2.callBlockingMethod(ClientNamenodeProtocolProtos.java)
	at org.apache.hadoop.ipc.ProtobufRpcEngine$Server$ProtoBufRpcInvoker.call(ProtobufRpcEngine.java:523)
	at org.apache.hadoop.ipc.RPC$Server.call(RPC.java:991)
	at org.apache.hadoop.ipc.Server$RpcCall.run(Server.java:872)
	at org.apache.hadoop.ipc.Server$RpcCall.run(Server.java:818)
	at java.security.AccessController.doPrivileged(Native Method)
	at javax.security.auth.Subject.doAs(Subject.java:422)
	at org.apache.hadoop.security.UserGroupInformation.doAs(UserGroupInformation.java:1729)
	at org.apache.hadoop.ipc.Server$Handler.run(Server.java:2678)
, while invoking ClientNamenodeProtocolTranslatorPB.addBlock over node-0-link-0/10.10.1.1:8020 after 1 failover attempts. Trying to failover after sleeping for 1105ms.
2019-03-25 11:04:05,630 INFO  retry.RetryInvocationHandler RetryInvocationHandler.java:log:411 - java.net.ConnectException: Call From clnode087.clemson.cloudlab.us/130.127.133.96 to node-1-link-0:8020 failed on connection exception: java.net.ConnectException: Connection refused; For more details see:  http://wiki.apache.org/hadoop/ConnectionRefused, while invoking ClientNamenodeProtocolTranslatorPB.addBlock over node-1-link-0/10.10.1.4:8020 after 2 failover attempts. Trying to failover after sleeping for 2788ms.
Found 5 items
-rw-r--r--   3 root supergroup 1073741824 2019-03-25 11:04 /myfile1
-rw-r--r--   3 root supergroup  134217728 2019-03-25 11:04 /myfile2._COPYING_
-rw-r--r--   3 root supergroup 1073741824 2019-03-25 11:03 /myfile3
-rw-r--r--   3 root supergroup 1073741824 2019-03-25 11:04 /myfile4
-rw-r--r--   3 root supergroup 1073741824 2019-03-25 11:04 /myfile5
file 4 has been put into HDFS
file 4 has been read from HDFS for 1 time
diff succeed!
file 4 has been read from HDFS for 2 time
diff succeed!
2019-03-25 11:04:34,584 INFO  retry.RetryInvocationHandler RetryInvocationHandler.java:log:411 - org.apache.hadoop.ipc.RemoteException(org.apache.hadoop.ipc.StandbyException): Operation category READ is not supported in state standby. Visit https://s.apache.org/sbnn-error
	at org.apache.hadoop.hdfs.server.namenode.ha.StandbyState.checkOperation(StandbyState.java:88)
	at org.apache.hadoop.hdfs.server.namenode.NameNode$NameNodeHAContext.checkOperation(NameNode.java:1952)
	at org.apache.hadoop.hdfs.server.namenode.FSNamesystem.checkOperation(FSNamesystem.java:1423)
	at org.apache.hadoop.hdfs.server.namenode.FSNamesystem.getFileInfo(FSNamesystem.java:3085)
	at org.apache.hadoop.hdfs.server.namenode.NameNodeRpcServer.getFileInfo(NameNodeRpcServer.java:1154)
	at org.apache.hadoop.hdfs.protocolPB.ClientNamenodeProtocolServerSideTranslatorPB.getFileInfo(ClientNamenodeProtocolServerSideTranslatorPB.java:966)
	at org.apache.hadoop.hdfs.protocol.proto.ClientNamenodeProtocolProtos$ClientNamenodeProtocol$2.callBlockingMethod(ClientNamenodeProtocolProtos.java)
	at org.apache.hadoop.ipc.ProtobufRpcEngine$Server$ProtoBufRpcInvoker.call(ProtobufRpcEngine.java:523)
	at org.apache.hadoop.ipc.RPC$Server.call(RPC.java:991)
	at org.apache.hadoop.ipc.Server$RpcCall.run(Server.java:872)
	at org.apache.hadoop.ipc.Server$RpcCall.run(Server.java:818)
	at java.security.AccessController.doPrivileged(Native Method)
	at javax.security.auth.Subject.doAs(Subject.java:422)
	at org.apache.hadoop.security.UserGroupInformation.doAs(UserGroupInformation.java:1729)
	at org.apache.hadoop.ipc.Server$Handler.run(Server.java:2678)
, while invoking ClientNamenodeProtocolTranslatorPB.getFileInfo over node-1-link-0/10.10.1.4:8020 after 1 failover attempts. Trying to failover after sleeping for 915ms.
2019-03-25 11:04:35,508 INFO  retry.RetryInvocationHandler RetryInvocationHandler.java:log:411 - java.net.ConnectException: Call From clnode087.clemson.cloudlab.us/130.127.133.96 to node-0-link-0:8020 failed on connection exception: java.net.ConnectException: Connection refused; For more details see:  http://wiki.apache.org/hadoop/ConnectionRefused, while invoking ClientNamenodeProtocolTranslatorPB.getFileInfo over node-0-link-0/10.10.1.1:8020 after 2 failover attempts. Trying to failover after sleeping for 2881ms.
file 4 has been read from HDFS for 3 time
diff succeed!
file 4 has been read from HDFS for 4 time
diff succeed!
file 4 has been read from HDFS for 5 time
diff succeed!
file 4 has been read from HDFS for 6 time
diff succeed!
file 4 has been read from HDFS for 7 time
diff succeed!
file 4 has been read from HDFS for 8 time
diff succeed!
file 4 has been read from HDFS for 9 time
diff succeed!
file 4 has been read from HDFS for 10 time
diff succeed!
Deleted /myfile4
file 4 has been removed from HDFS
Found 5 items
-rw-r--r--   3 root supergroup 1073741824 2019-03-25 11:05 /myfile1
-rw-r--r--   3 root supergroup 1073741824 2019-03-25 11:05 /myfile2
-rw-r--r--   3 root supergroup 1073741824 2019-03-25 11:05 /myfile3
-rw-r--r--   3 root supergroup 1073741824 2019-03-25 11:05 /myfile4
-rw-r--r--   3 root supergroup 1073741824 2019-03-25 11:05 /myfile5
file 4 has been put into HDFS
file 4 has been read from HDFS for 1 time
diff succeed!
file 4 has been read from HDFS for 2 time
diff succeed!
file 4 has been read from HDFS for 3 time
diff succeed!
file 4 has been read from HDFS for 4 time
diff succeed!
file 4 has been read from HDFS for 5 time
diff succeed!
file 4 has been read from HDFS for 6 time
diff succeed!
file 4 has been read from HDFS for 7 time
diff succeed!
file 4 has been read from HDFS for 8 time
diff succeed!
file 4 has been read from HDFS for 9 time
diff succeed!
file 4 has been read from HDFS for 10 time
diff succeed!
Deleted /myfile4
file 4 has been removed from HDFS
Found 5 items
-rw-r--r--   3 root supergroup 1073741824 2019-03-25 11:07 /myfile1
-rw-r--r--   3 root supergroup 1073741824 2019-03-25 11:07 /myfile2
-rw-r--r--   3 root supergroup 1073741824 2019-03-25 11:07 /myfile3
-rw-r--r--   3 root supergroup 1073741824 2019-03-25 11:07 /myfile4
-rw-r--r--   3 root supergroup 1073741824 2019-03-25 11:07 /myfile5
file 4 has been put into HDFS
file 4 has been read from HDFS for 1 time
diff succeed!
file 4 has been read from HDFS for 2 time
diff succeed!
file 4 has been read from HDFS for 3 time
diff succeed!
file 4 has been read from HDFS for 4 time
diff succeed!
file 4 has been read from HDFS for 5 time
diff succeed!
file 4 has been read from HDFS for 6 time
diff succeed!
file 4 has been read from HDFS for 7 time
diff succeed!
file 4 has been read from HDFS for 8 time
diff succeed!
file 4 has been read from HDFS for 9 time
diff succeed!
file 4 has been read from HDFS for 10 time
diff succeed!
Deleted /myfile4
file 4 has been removed from HDFS
Found 5 items
-rw-r--r--   3 root supergroup 1073741824 2019-03-25 11:09 /myfile1
-rw-r--r--   3 root supergroup 1073741824 2019-03-25 11:09 /myfile2
-rw-r--r--   3 root supergroup 1073741824 2019-03-25 11:08 /myfile3
-rw-r--r--   3 root supergroup 1073741824 2019-03-25 11:09 /myfile4
-rw-r--r--   3 root supergroup 1073741824 2019-03-25 11:08 /myfile5
file 4 has been put into HDFS
file 4 has been read from HDFS for 1 time
diff succeed!
file 4 has been read from HDFS for 2 time
diff succeed!
file 4 has been read from HDFS for 3 time
diff succeed!
file 4 has been read from HDFS for 4 time
diff succeed!
file 4 has been read from HDFS for 5 time
diff succeed!
file 4 has been read from HDFS for 6 time
diff succeed!
file 4 has been read from HDFS for 7 time
diff succeed!
file 4 has been read from HDFS for 8 time
diff succeed!
file 4 has been read from HDFS for 9 time
diff succeed!
file 4 has been read from HDFS for 10 time
diff succeed!
2019-03-25 11:10:39,864 INFO  retry.RetryInvocationHandler RetryInvocationHandler.java:log:411 - org.apache.hadoop.ipc.RemoteException(org.apache.hadoop.ipc.RetriableException): org.apache.hadoop.hdfs.server.namenode.SafeModeException: Cannot delete /myfile4. Name node is in safe mode.
The reported blocks 40 has reached the threshold 0.9990 of total blocks 40. The number of live datanodes 4 has reached the minimum number 0. In safe mode extension. Safe mode will be turned off automatically in 17 seconds. NamenodeHostName:node-1-link-0
	at org.apache.hadoop.hdfs.server.namenode.FSNamesystem.checkNameNodeSafeMode(FSNamesystem.java:1441)
	at org.apache.hadoop.hdfs.server.namenode.FSNamesystem.delete(FSNamesystem.java:2986)
	at org.apache.hadoop.hdfs.server.namenode.NameNodeRpcServer.delete(NameNodeRpcServer.java:1095)
	at org.apache.hadoop.hdfs.protocolPB.ClientNamenodeProtocolServerSideTranslatorPB.delete(ClientNamenodeProtocolServerSideTranslatorPB.java:692)
	at org.apache.hadoop.hdfs.protocol.proto.ClientNamenodeProtocolProtos$ClientNamenodeProtocol$2.callBlockingMethod(ClientNamenodeProtocolProtos.java)
	at org.apache.hadoop.ipc.ProtobufRpcEngine$Server$ProtoBufRpcInvoker.call(ProtobufRpcEngine.java:523)
	at org.apache.hadoop.ipc.RPC$Server.call(RPC.java:991)
	at org.apache.hadoop.ipc.Server$RpcCall.run(Server.java:872)
	at org.apache.hadoop.ipc.Server$RpcCall.run(Server.java:818)
	at java.security.AccessController.doPrivileged(Native Method)
	at javax.security.auth.Subject.doAs(Subject.java:422)
	at org.apache.hadoop.security.UserGroupInformation.doAs(UserGroupInformation.java:1729)
	at org.apache.hadoop.ipc.Server$Handler.run(Server.java:2678)
Caused by: org.apache.hadoop.hdfs.server.namenode.SafeModeException: Cannot delete /myfile4. Name node is in safe mode.
The reported blocks 40 has reached the threshold 0.9990 of total blocks 40. The number of live datanodes 4 has reached the minimum number 0. In safe mode extension. Safe mode will be turned off automatically in 17 seconds. NamenodeHostName:node-1-link-0
	at org.apache.hadoop.hdfs.server.namenode.FSNamesystem.newSafemodeException(FSNamesystem.java:1450)
	at org.apache.hadoop.hdfs.server.namenode.FSNamesystem.checkNameNodeSafeMode(FSNamesystem.java:1437)
	... 12 more
, while invoking ClientNamenodeProtocolTranslatorPB.delete over node-1-link-0/10.10.1.4:8020. Retrying immediately.
2019-03-25 11:10:39,876 INFO  retry.RetryInvocationHandler RetryInvocationHandler.java:log:411 - org.apache.hadoop.ipc.RemoteException(org.apache.hadoop.ipc.RetriableException): org.apache.hadoop.hdfs.server.namenode.SafeModeException: Cannot delete /myfile4. Name node is in safe mode.
The reported blocks 40 has reached the threshold 0.9990 of total blocks 40. The number of live datanodes 4 has reached the minimum number 0. In safe mode extension. Safe mode will be turned off automatically in 17 seconds. NamenodeHostName:node-1-link-0
	at org.apache.hadoop.hdfs.server.namenode.FSNamesystem.checkNameNodeSafeMode(FSNamesystem.java:1441)
	at org.apache.hadoop.hdfs.server.namenode.FSNamesystem.delete(FSNamesystem.java:2986)
	at org.apache.hadoop.hdfs.server.namenode.NameNodeRpcServer.delete(NameNodeRpcServer.java:1095)
	at org.apache.hadoop.hdfs.protocolPB.ClientNamenodeProtocolServerSideTranslatorPB.delete(ClientNamenodeProtocolServerSideTranslatorPB.java:692)
	at org.apache.hadoop.hdfs.protocol.proto.ClientNamenodeProtocolProtos$ClientNamenodeProtocol$2.callBlockingMethod(ClientNamenodeProtocolProtos.java)
	at org.apache.hadoop.ipc.ProtobufRpcEngine$Server$ProtoBufRpcInvoker.call(ProtobufRpcEngine.java:523)
	at org.apache.hadoop.ipc.RPC$Server.call(RPC.java:991)
	at org.apache.hadoop.ipc.Server$RpcCall.run(Server.java:872)
	at org.apache.hadoop.ipc.Server$RpcCall.run(Server.java:818)
	at java.security.AccessController.doPrivileged(Native Method)
	at javax.security.auth.Subject.doAs(Subject.java:422)
	at org.apache.hadoop.security.UserGroupInformation.doAs(UserGroupInformation.java:1729)
	at org.apache.hadoop.ipc.Server$Handler.run(Server.java:2678)
Caused by: org.apache.hadoop.hdfs.server.namenode.SafeModeException: Cannot delete /myfile4. Name node is in safe mode.
The reported blocks 40 has reached the threshold 0.9990 of total blocks 40. The number of live datanodes 4 has reached the minimum number 0. In safe mode extension. Safe mode will be turned off automatically in 17 seconds. NamenodeHostName:node-1-link-0
	at org.apache.hadoop.hdfs.server.namenode.FSNamesystem.newSafemodeException(FSNamesystem.java:1450)
	at org.apache.hadoop.hdfs.server.namenode.FSNamesystem.checkNameNodeSafeMode(FSNamesystem.java:1437)
	... 12 more
, while invoking ClientNamenodeProtocolTranslatorPB.delete over node-1-link-0/10.10.1.4:8020. Retrying after sleeping for 1022ms.
2019-03-25 11:10:40,900 INFO  retry.RetryInvocationHandler RetryInvocationHandler.java:log:411 - org.apache.hadoop.ipc.RemoteException(org.apache.hadoop.ipc.RetriableException): org.apache.hadoop.hdfs.server.namenode.SafeModeException: Cannot delete /myfile4. Name node is in safe mode.
The reported blocks 40 has reached the threshold 0.9990 of total blocks 40. The number of live datanodes 4 has reached the minimum number 0. In safe mode extension. Safe mode will be turned off automatically in 16 seconds. NamenodeHostName:node-1-link-0
	at org.apache.hadoop.hdfs.server.namenode.FSNamesystem.checkNameNodeSafeMode(FSNamesystem.java:1441)
	at org.apache.hadoop.hdfs.server.namenode.FSNamesystem.delete(FSNamesystem.java:2986)
	at org.apache.hadoop.hdfs.server.namenode.NameNodeRpcServer.delete(NameNodeRpcServer.java:1095)
	at org.apache.hadoop.hdfs.protocolPB.ClientNamenodeProtocolServerSideTranslatorPB.delete(ClientNamenodeProtocolServerSideTranslatorPB.java:692)
	at org.apache.hadoop.hdfs.protocol.proto.ClientNamenodeProtocolProtos$ClientNamenodeProtocol$2.callBlockingMethod(ClientNamenodeProtocolProtos.java)
	at org.apache.hadoop.ipc.ProtobufRpcEngine$Server$ProtoBufRpcInvoker.call(ProtobufRpcEngine.java:523)
	at org.apache.hadoop.ipc.RPC$Server.call(RPC.java:991)
	at org.apache.hadoop.ipc.Server$RpcCall.run(Server.java:872)
	at org.apache.hadoop.ipc.Server$RpcCall.run(Server.java:818)
	at java.security.AccessController.doPrivileged(Native Method)
	at javax.security.auth.Subject.doAs(Subject.java:422)
	at org.apache.hadoop.security.UserGroupInformation.doAs(UserGroupInformation.java:1729)
	at org.apache.hadoop.ipc.Server$Handler.run(Server.java:2678)
Caused by: org.apache.hadoop.hdfs.server.namenode.SafeModeException: Cannot delete /myfile4. Name node is in safe mode.
The reported blocks 40 has reached the threshold 0.9990 of total blocks 40. The number of live datanodes 4 has reached the minimum number 0. In safe mode extension. Safe mode will be turned off automatically in 16 seconds. NamenodeHostName:node-1-link-0
	at org.apache.hadoop.hdfs.server.namenode.FSNamesystem.newSafemodeException(FSNamesystem.java:1450)
	at org.apache.hadoop.hdfs.server.namenode.FSNamesystem.checkNameNodeSafeMode(FSNamesystem.java:1437)
	... 12 more
, while invoking ClientNamenodeProtocolTranslatorPB.delete over node-1-link-0/10.10.1.4:8020. Retrying after sleeping for 1197ms.
2019-03-25 11:10:42,101 INFO  retry.RetryInvocationHandler RetryInvocationHandler.java:log:411 - org.apache.hadoop.ipc.RemoteException(org.apache.hadoop.ipc.RetriableException): org.apache.hadoop.hdfs.server.namenode.SafeModeException: Cannot delete /myfile4. Name node is in safe mode.
The reported blocks 40 has reached the threshold 0.9990 of total blocks 40. The number of live datanodes 4 has reached the minimum number 0. In safe mode extension. Safe mode will be turned off automatically in 15 seconds. NamenodeHostName:node-1-link-0
	at org.apache.hadoop.hdfs.server.namenode.FSNamesystem.checkNameNodeSafeMode(FSNamesystem.java:1441)
	at org.apache.hadoop.hdfs.server.namenode.FSNamesystem.delete(FSNamesystem.java:2986)
	at org.apache.hadoop.hdfs.server.namenode.NameNodeRpcServer.delete(NameNodeRpcServer.java:1095)
	at org.apache.hadoop.hdfs.protocolPB.ClientNamenodeProtocolServerSideTranslatorPB.delete(ClientNamenodeProtocolServerSideTranslatorPB.java:692)
	at org.apache.hadoop.hdfs.protocol.proto.ClientNamenodeProtocolProtos$ClientNamenodeProtocol$2.callBlockingMethod(ClientNamenodeProtocolProtos.java)
	at org.apache.hadoop.ipc.ProtobufRpcEngine$Server$ProtoBufRpcInvoker.call(ProtobufRpcEngine.java:523)
	at org.apache.hadoop.ipc.RPC$Server.call(RPC.java:991)
	at org.apache.hadoop.ipc.Server$RpcCall.run(Server.java:872)
	at org.apache.hadoop.ipc.Server$RpcCall.run(Server.java:818)
	at java.security.AccessController.doPrivileged(Native Method)
	at javax.security.auth.Subject.doAs(Subject.java:422)
	at org.apache.hadoop.security.UserGroupInformation.doAs(UserGroupInformation.java:1729)
	at org.apache.hadoop.ipc.Server$Handler.run(Server.java:2678)
Caused by: org.apache.hadoop.hdfs.server.namenode.SafeModeException: Cannot delete /myfile4. Name node is in safe mode.
The reported blocks 40 has reached the threshold 0.9990 of total blocks 40. The number of live datanodes 4 has reached the minimum number 0. In safe mode extension. Safe mode will be turned off automatically in 15 seconds. NamenodeHostName:node-1-link-0
	at org.apache.hadoop.hdfs.server.namenode.FSNamesystem.newSafemodeException(FSNamesystem.java:1450)
	at org.apache.hadoop.hdfs.server.namenode.FSNamesystem.checkNameNodeSafeMode(FSNamesystem.java:1437)
	... 12 more
, while invoking ClientNamenodeProtocolTranslatorPB.delete over node-1-link-0/10.10.1.4:8020. Retrying after sleeping for 5313ms.
2019-03-25 11:10:47,417 INFO  retry.RetryInvocationHandler RetryInvocationHandler.java:log:411 - org.apache.hadoop.ipc.RemoteException(org.apache.hadoop.ipc.RetriableException): org.apache.hadoop.hdfs.server.namenode.SafeModeException: Cannot delete /myfile4. Name node is in safe mode.
The reported blocks 40 has reached the threshold 0.9990 of total blocks 40. The number of live datanodes 4 has reached the minimum number 0. In safe mode extension. Safe mode will be turned off automatically in 9 seconds. NamenodeHostName:node-1-link-0
	at org.apache.hadoop.hdfs.server.namenode.FSNamesystem.checkNameNodeSafeMode(FSNamesystem.java:1441)
	at org.apache.hadoop.hdfs.server.namenode.FSNamesystem.delete(FSNamesystem.java:2986)
	at org.apache.hadoop.hdfs.server.namenode.NameNodeRpcServer.delete(NameNodeRpcServer.java:1095)
	at org.apache.hadoop.hdfs.protocolPB.ClientNamenodeProtocolServerSideTranslatorPB.delete(ClientNamenodeProtocolServerSideTranslatorPB.java:692)
	at org.apache.hadoop.hdfs.protocol.proto.ClientNamenodeProtocolProtos$ClientNamenodeProtocol$2.callBlockingMethod(ClientNamenodeProtocolProtos.java)
	at org.apache.hadoop.ipc.ProtobufRpcEngine$Server$ProtoBufRpcInvoker.call(ProtobufRpcEngine.java:523)
	at org.apache.hadoop.ipc.RPC$Server.call(RPC.java:991)
	at org.apache.hadoop.ipc.Server$RpcCall.run(Server.java:872)
	at org.apache.hadoop.ipc.Server$RpcCall.run(Server.java:818)
	at java.security.AccessController.doPrivileged(Native Method)
	at javax.security.auth.Subject.doAs(Subject.java:422)
	at org.apache.hadoop.security.UserGroupInformation.doAs(UserGroupInformation.java:1729)
	at org.apache.hadoop.ipc.Server$Handler.run(Server.java:2678)
Caused by: org.apache.hadoop.hdfs.server.namenode.SafeModeException: Cannot delete /myfile4. Name node is in safe mode.
The reported blocks 40 has reached the threshold 0.9990 of total blocks 40. The number of live datanodes 4 has reached the minimum number 0. In safe mode extension. Safe mode will be turned off automatically in 9 seconds. NamenodeHostName:node-1-link-0
	at org.apache.hadoop.hdfs.server.namenode.FSNamesystem.newSafemodeException(FSNamesystem.java:1450)
	at org.apache.hadoop.hdfs.server.namenode.FSNamesystem.checkNameNodeSafeMode(FSNamesystem.java:1437)
	... 12 more
, while invoking ClientNamenodeProtocolTranslatorPB.delete over node-1-link-0/10.10.1.4:8020. Retrying after sleeping for 8576ms.
2019-03-25 11:10:55,996 INFO  retry.RetryInvocationHandler RetryInvocationHandler.java:log:411 - org.apache.hadoop.ipc.RemoteException(org.apache.hadoop.ipc.RetriableException): org.apache.hadoop.hdfs.server.namenode.SafeModeException: Cannot delete /myfile4. Name node is in safe mode.
The reported blocks 40 has reached the threshold 0.9990 of total blocks 40. The number of live datanodes 4 has reached the minimum number 0. In safe mode extension. Safe mode will be turned off automatically in 1 seconds. NamenodeHostName:node-1-link-0
	at org.apache.hadoop.hdfs.server.namenode.FSNamesystem.checkNameNodeSafeMode(FSNamesystem.java:1441)
	at org.apache.hadoop.hdfs.server.namenode.FSNamesystem.delete(FSNamesystem.java:2986)
	at org.apache.hadoop.hdfs.server.namenode.NameNodeRpcServer.delete(NameNodeRpcServer.java:1095)
	at org.apache.hadoop.hdfs.protocolPB.ClientNamenodeProtocolServerSideTranslatorPB.delete(ClientNamenodeProtocolServerSideTranslatorPB.java:692)
	at org.apache.hadoop.hdfs.protocol.proto.ClientNamenodeProtocolProtos$ClientNamenodeProtocol$2.callBlockingMethod(ClientNamenodeProtocolProtos.java)
	at org.apache.hadoop.ipc.ProtobufRpcEngine$Server$ProtoBufRpcInvoker.call(ProtobufRpcEngine.java:523)
	at org.apache.hadoop.ipc.RPC$Server.call(RPC.java:991)
	at org.apache.hadoop.ipc.Server$RpcCall.run(Server.java:872)
	at org.apache.hadoop.ipc.Server$RpcCall.run(Server.java:818)
	at java.security.AccessController.doPrivileged(Native Method)
	at javax.security.auth.Subject.doAs(Subject.java:422)
	at org.apache.hadoop.security.UserGroupInformation.doAs(UserGroupInformation.java:1729)
	at org.apache.hadoop.ipc.Server$Handler.run(Server.java:2678)
Caused by: org.apache.hadoop.hdfs.server.namenode.SafeModeException: Cannot delete /myfile4. Name node is in safe mode.
The reported blocks 40 has reached the threshold 0.9990 of total blocks 40. The number of live datanodes 4 has reached the minimum number 0. In safe mode extension. Safe mode will be turned off automatically in 1 seconds. NamenodeHostName:node-1-link-0
	at org.apache.hadoop.hdfs.server.namenode.FSNamesystem.newSafemodeException(FSNamesystem.java:1450)
	at org.apache.hadoop.hdfs.server.namenode.FSNamesystem.checkNameNodeSafeMode(FSNamesystem.java:1437)
	... 12 more
, while invoking ClientNamenodeProtocolTranslatorPB.delete over node-1-link-0/10.10.1.4:8020. Retrying after sleeping for 20570ms.
Deleted /myfile4
file 4 has been removed from HDFS
Found 4 items
-rw-r--r--   3 root supergroup 1073741824 2019-03-25 11:11 /myfile1
-rw-r--r--   3 root supergroup 1073741824 2019-03-25 11:11 /myfile2
-rw-r--r--   3 root supergroup 1073741824 2019-03-25 11:11 /myfile4
-rw-r--r--   3 root supergroup 1073741824 2019-03-25 11:10 /myfile5
file 4 has been put into HDFS
file 4 has been read from HDFS for 1 time
diff succeed!
file 4 has been read from HDFS for 2 time
diff succeed!
file 4 has been read from HDFS for 3 time
diff succeed!
file 4 has been read from HDFS for 4 time
diff succeed!
file 4 has been read from HDFS for 5 time
diff succeed!
file 4 has been read from HDFS for 6 time
diff succeed!
file 4 has been read from HDFS for 7 time
diff succeed!
file 4 has been read from HDFS for 8 time
diff succeed!
file 4 has been read from HDFS for 9 time
diff succeed!
file 4 has been read from HDFS for 10 time
diff succeed!
Deleted /myfile4
file 4 has been removed from HDFS
Found 4 items
-rw-r--r--   3 root supergroup 1073741824 2019-03-25 11:12 /myfile1
-rw-r--r--   3 root supergroup 1073741824 2019-03-25 11:12 /myfile2
-rw-r--r--   3 root supergroup  402653184 2019-03-25 11:13 /myfile3._COPYING_
-rw-r--r--   3 root supergroup 1073741824 2019-03-25 11:13 /myfile4
file 4 has been put into HDFS
file 4 has been read from HDFS for 1 time
diff succeed!
file 4 has been read from HDFS for 2 time
diff succeed!
file 4 has been read from HDFS for 3 time
diff succeed!
file 4 has been read from HDFS for 4 time
diff succeed!
file 4 has been read from HDFS for 5 time
diff succeed!
file 4 has been read from HDFS for 6 time
diff succeed!
file 4 has been read from HDFS for 7 time
diff succeed!
file 4 has been read from HDFS for 8 time
diff succeed!
file 4 has been read from HDFS for 9 time
diff succeed!
file 4 has been read from HDFS for 10 time
diff succeed!
Deleted /myfile4
file 4 has been removed from HDFS
Found 5 items
-rw-r--r--   3 root supergroup 1073741824 2019-03-25 11:14 /myfile1
-rw-r--r--   3 root supergroup 1073741824 2019-03-25 11:14 /myfile2
-rw-r--r--   3 root supergroup 1073741824 2019-03-25 11:15 /myfile3
-rw-r--r--   3 root supergroup 1073741824 2019-03-25 11:15 /myfile4
-rw-r--r--   3 root supergroup 1073741824 2019-03-25 11:15 /myfile5
file 4 has been put into HDFS
file 4 has been read from HDFS for 1 time
diff succeed!
file 4 has been read from HDFS for 2 time
diff succeed!
file 4 has been read from HDFS for 3 time
diff succeed!
file 4 has been read from HDFS for 4 time
diff succeed!
2019-03-25 11:15:40,437 INFO  retry.RetryInvocationHandler RetryInvocationHandler.java:log:411 - java.io.IOException: DestHost:destPort node-1-link-0:8020 , LocalHost:localPort clnode087.clemson.cloudlab.us/130.127.133.96:0. Failed on local exception: java.io.IOException: Connection reset by peer, while invoking ClientNamenodeProtocolTranslatorPB.getServerDefaults over node-1-link-0/10.10.1.4:8020. Trying to failover immediately.
2019-03-25 11:15:40,447 INFO  retry.RetryInvocationHandler RetryInvocationHandler.java:log:411 - org.apache.hadoop.ipc.RemoteException(org.apache.hadoop.ipc.StandbyException): Operation category READ is not supported in state standby. Visit https://s.apache.org/sbnn-error
	at org.apache.hadoop.hdfs.server.namenode.ha.StandbyState.checkOperation(StandbyState.java:88)
	at org.apache.hadoop.hdfs.server.namenode.NameNode$NameNodeHAContext.checkOperation(NameNode.java:1952)
	at org.apache.hadoop.hdfs.server.namenode.FSNamesystem.checkOperation(FSNamesystem.java:1423)
	at org.apache.hadoop.hdfs.server.namenode.FSNamesystem.getServerDefaults(FSNamesystem.java:1856)
	at org.apache.hadoop.hdfs.server.namenode.NameNodeRpcServer.getServerDefaults(NameNodeRpcServer.java:745)
	at org.apache.hadoop.hdfs.protocolPB.ClientNamenodeProtocolServerSideTranslatorPB.getServerDefaults(ClientNamenodeProtocolServerSideTranslatorPB.java:444)
	at org.apache.hadoop.hdfs.protocol.proto.ClientNamenodeProtocolProtos$ClientNamenodeProtocol$2.callBlockingMethod(ClientNamenodeProtocolProtos.java)
	at org.apache.hadoop.ipc.ProtobufRpcEngine$Server$ProtoBufRpcInvoker.call(ProtobufRpcEngine.java:523)
	at org.apache.hadoop.ipc.RPC$Server.call(RPC.java:991)
	at org.apache.hadoop.ipc.Server$RpcCall.run(Server.java:872)
	at org.apache.hadoop.ipc.Server$RpcCall.run(Server.java:818)
	at java.security.AccessController.doPrivileged(Native Method)
	at javax.security.auth.Subject.doAs(Subject.java:422)
	at org.apache.hadoop.security.UserGroupInformation.doAs(UserGroupInformation.java:1729)
	at org.apache.hadoop.ipc.Server$Handler.run(Server.java:2678)
, while invoking ClientNamenodeProtocolTranslatorPB.getServerDefaults over node-0-link-0/10.10.1.1:8020 after 1 failover attempts. Trying to failover after sleeping for 523ms.
2019-03-25 11:15:40,973 INFO  retry.RetryInvocationHandler RetryInvocationHandler.java:log:411 - java.net.ConnectException: Call From clnode087.clemson.cloudlab.us/130.127.133.96 to node-1-link-0:8020 failed on connection exception: java.net.ConnectException: Connection refused; For more details see:  http://wiki.apache.org/hadoop/ConnectionRefused, while invoking ClientNamenodeProtocolTranslatorPB.getServerDefaults over node-1-link-0/10.10.1.4:8020 after 2 failover attempts. Trying to failover after sleeping for 2622ms.
file 4 has been read from HDFS for 5 time
diff succeed!
file 4 has been read from HDFS for 6 time
diff succeed!
file 4 has been read from HDFS for 7 time
diff succeed!
file 4 has been read from HDFS for 8 time
diff succeed!
file 4 has been read from HDFS for 9 time
diff succeed!
file 4 has been read from HDFS for 10 time
diff succeed!
2019-03-25 11:16:35,842 INFO  retry.RetryInvocationHandler RetryInvocationHandler.java:log:411 - org.apache.hadoop.ipc.RemoteException(org.apache.hadoop.ipc.RetriableException): org.apache.hadoop.hdfs.server.namenode.SafeModeException: Cannot delete /myfile4. Name node is in safe mode.
The reported blocks 40 has reached the threshold 0.9990 of total blocks 40. The number of live datanodes 4 has reached the minimum number 0. In safe mode extension. Safe mode will be turned off automatically in 14 seconds. NamenodeHostName:node-1-link-0
	at org.apache.hadoop.hdfs.server.namenode.FSNamesystem.checkNameNodeSafeMode(FSNamesystem.java:1441)
	at org.apache.hadoop.hdfs.server.namenode.FSNamesystem.delete(FSNamesystem.java:2986)
	at org.apache.hadoop.hdfs.server.namenode.NameNodeRpcServer.delete(NameNodeRpcServer.java:1095)
	at org.apache.hadoop.hdfs.protocolPB.ClientNamenodeProtocolServerSideTranslatorPB.delete(ClientNamenodeProtocolServerSideTranslatorPB.java:692)
	at org.apache.hadoop.hdfs.protocol.proto.ClientNamenodeProtocolProtos$ClientNamenodeProtocol$2.callBlockingMethod(ClientNamenodeProtocolProtos.java)
	at org.apache.hadoop.ipc.ProtobufRpcEngine$Server$ProtoBufRpcInvoker.call(ProtobufRpcEngine.java:523)
	at org.apache.hadoop.ipc.RPC$Server.call(RPC.java:991)
	at org.apache.hadoop.ipc.Server$RpcCall.run(Server.java:872)
	at org.apache.hadoop.ipc.Server$RpcCall.run(Server.java:818)
	at java.security.AccessController.doPrivileged(Native Method)
	at javax.security.auth.Subject.doAs(Subject.java:422)
	at org.apache.hadoop.security.UserGroupInformation.doAs(UserGroupInformation.java:1729)
	at org.apache.hadoop.ipc.Server$Handler.run(Server.java:2678)
Caused by: org.apache.hadoop.hdfs.server.namenode.SafeModeException: Cannot delete /myfile4. Name node is in safe mode.
The reported blocks 40 has reached the threshold 0.9990 of total blocks 40. The number of live datanodes 4 has reached the minimum number 0. In safe mode extension. Safe mode will be turned off automatically in 14 seconds. NamenodeHostName:node-1-link-0
	at org.apache.hadoop.hdfs.server.namenode.FSNamesystem.newSafemodeException(FSNamesystem.java:1450)
	at org.apache.hadoop.hdfs.server.namenode.FSNamesystem.checkNameNodeSafeMode(FSNamesystem.java:1437)
	... 12 more
, while invoking ClientNamenodeProtocolTranslatorPB.delete over node-1-link-0/10.10.1.4:8020. Retrying immediately.
2019-03-25 11:16:35,851 INFO  retry.RetryInvocationHandler RetryInvocationHandler.java:log:411 - org.apache.hadoop.ipc.RemoteException(org.apache.hadoop.ipc.RetriableException): org.apache.hadoop.hdfs.server.namenode.SafeModeException: Cannot delete /myfile4. Name node is in safe mode.
The reported blocks 40 has reached the threshold 0.9990 of total blocks 40. The number of live datanodes 4 has reached the minimum number 0. In safe mode extension. Safe mode will be turned off automatically in 14 seconds. NamenodeHostName:node-1-link-0
	at org.apache.hadoop.hdfs.server.namenode.FSNamesystem.checkNameNodeSafeMode(FSNamesystem.java:1441)
	at org.apache.hadoop.hdfs.server.namenode.FSNamesystem.delete(FSNamesystem.java:2986)
	at org.apache.hadoop.hdfs.server.namenode.NameNodeRpcServer.delete(NameNodeRpcServer.java:1095)
	at org.apache.hadoop.hdfs.protocolPB.ClientNamenodeProtocolServerSideTranslatorPB.delete(ClientNamenodeProtocolServerSideTranslatorPB.java:692)
	at org.apache.hadoop.hdfs.protocol.proto.ClientNamenodeProtocolProtos$ClientNamenodeProtocol$2.callBlockingMethod(ClientNamenodeProtocolProtos.java)
	at org.apache.hadoop.ipc.ProtobufRpcEngine$Server$ProtoBufRpcInvoker.call(ProtobufRpcEngine.java:523)
	at org.apache.hadoop.ipc.RPC$Server.call(RPC.java:991)
	at org.apache.hadoop.ipc.Server$RpcCall.run(Server.java:872)
	at org.apache.hadoop.ipc.Server$RpcCall.run(Server.java:818)
	at java.security.AccessController.doPrivileged(Native Method)
	at javax.security.auth.Subject.doAs(Subject.java:422)
	at org.apache.hadoop.security.UserGroupInformation.doAs(UserGroupInformation.java:1729)
	at org.apache.hadoop.ipc.Server$Handler.run(Server.java:2678)
Caused by: org.apache.hadoop.hdfs.server.namenode.SafeModeException: Cannot delete /myfile4. Name node is in safe mode.
The reported blocks 40 has reached the threshold 0.9990 of total blocks 40. The number of live datanodes 4 has reached the minimum number 0. In safe mode extension. Safe mode will be turned off automatically in 14 seconds. NamenodeHostName:node-1-link-0
	at org.apache.hadoop.hdfs.server.namenode.FSNamesystem.newSafemodeException(FSNamesystem.java:1450)
	at org.apache.hadoop.hdfs.server.namenode.FSNamesystem.checkNameNodeSafeMode(FSNamesystem.java:1437)
	... 12 more
, while invoking ClientNamenodeProtocolTranslatorPB.delete over node-1-link-0/10.10.1.4:8020. Retrying after sleeping for 1222ms.
2019-03-25 11:16:37,076 INFO  retry.RetryInvocationHandler RetryInvocationHandler.java:log:411 - org.apache.hadoop.ipc.RemoteException(org.apache.hadoop.ipc.RetriableException): org.apache.hadoop.hdfs.server.namenode.SafeModeException: Cannot delete /myfile4. Name node is in safe mode.
The reported blocks 40 has reached the threshold 0.9990 of total blocks 40. The number of live datanodes 4 has reached the minimum number 0. In safe mode extension. Safe mode will be turned off automatically in 12 seconds. NamenodeHostName:node-1-link-0
	at org.apache.hadoop.hdfs.server.namenode.FSNamesystem.checkNameNodeSafeMode(FSNamesystem.java:1441)
	at org.apache.hadoop.hdfs.server.namenode.FSNamesystem.delete(FSNamesystem.java:2986)
	at org.apache.hadoop.hdfs.server.namenode.NameNodeRpcServer.delete(NameNodeRpcServer.java:1095)
	at org.apache.hadoop.hdfs.protocolPB.ClientNamenodeProtocolServerSideTranslatorPB.delete(ClientNamenodeProtocolServerSideTranslatorPB.java:692)
	at org.apache.hadoop.hdfs.protocol.proto.ClientNamenodeProtocolProtos$ClientNamenodeProtocol$2.callBlockingMethod(ClientNamenodeProtocolProtos.java)
	at org.apache.hadoop.ipc.ProtobufRpcEngine$Server$ProtoBufRpcInvoker.call(ProtobufRpcEngine.java:523)
	at org.apache.hadoop.ipc.RPC$Server.call(RPC.java:991)
	at org.apache.hadoop.ipc.Server$RpcCall.run(Server.java:872)
	at org.apache.hadoop.ipc.Server$RpcCall.run(Server.java:818)
	at java.security.AccessController.doPrivileged(Native Method)
	at javax.security.auth.Subject.doAs(Subject.java:422)
	at org.apache.hadoop.security.UserGroupInformation.doAs(UserGroupInformation.java:1729)
	at org.apache.hadoop.ipc.Server$Handler.run(Server.java:2678)
Caused by: org.apache.hadoop.hdfs.server.namenode.SafeModeException: Cannot delete /myfile4. Name node is in safe mode.
The reported blocks 40 has reached the threshold 0.9990 of total blocks 40. The number of live datanodes 4 has reached the minimum number 0. In safe mode extension. Safe mode will be turned off automatically in 12 seconds. NamenodeHostName:node-1-link-0
	at org.apache.hadoop.hdfs.server.namenode.FSNamesystem.newSafemodeException(FSNamesystem.java:1450)
	at org.apache.hadoop.hdfs.server.namenode.FSNamesystem.checkNameNodeSafeMode(FSNamesystem.java:1437)
	... 12 more
, while invoking ClientNamenodeProtocolTranslatorPB.delete over node-1-link-0/10.10.1.4:8020. Retrying after sleeping for 2196ms.
2019-03-25 11:16:39,275 INFO  retry.RetryInvocationHandler RetryInvocationHandler.java:log:411 - org.apache.hadoop.ipc.RemoteException(org.apache.hadoop.ipc.RetriableException): org.apache.hadoop.hdfs.server.namenode.SafeModeException: Cannot delete /myfile4. Name node is in safe mode.
The reported blocks 40 has reached the threshold 0.9990 of total blocks 40. The number of live datanodes 4 has reached the minimum number 0. In safe mode extension. Safe mode will be turned off automatically in 10 seconds. NamenodeHostName:node-1-link-0
	at org.apache.hadoop.hdfs.server.namenode.FSNamesystem.checkNameNodeSafeMode(FSNamesystem.java:1441)
	at org.apache.hadoop.hdfs.server.namenode.FSNamesystem.delete(FSNamesystem.java:2986)
	at org.apache.hadoop.hdfs.server.namenode.NameNodeRpcServer.delete(NameNodeRpcServer.java:1095)
	at org.apache.hadoop.hdfs.protocolPB.ClientNamenodeProtocolServerSideTranslatorPB.delete(ClientNamenodeProtocolServerSideTranslatorPB.java:692)
	at org.apache.hadoop.hdfs.protocol.proto.ClientNamenodeProtocolProtos$ClientNamenodeProtocol$2.callBlockingMethod(ClientNamenodeProtocolProtos.java)
	at org.apache.hadoop.ipc.ProtobufRpcEngine$Server$ProtoBufRpcInvoker.call(ProtobufRpcEngine.java:523)
	at org.apache.hadoop.ipc.RPC$Server.call(RPC.java:991)
	at org.apache.hadoop.ipc.Server$RpcCall.run(Server.java:872)
	at org.apache.hadoop.ipc.Server$RpcCall.run(Server.java:818)
	at java.security.AccessController.doPrivileged(Native Method)
	at javax.security.auth.Subject.doAs(Subject.java:422)
	at org.apache.hadoop.security.UserGroupInformation.doAs(UserGroupInformation.java:1729)
	at org.apache.hadoop.ipc.Server$Handler.run(Server.java:2678)
Caused by: org.apache.hadoop.hdfs.server.namenode.SafeModeException: Cannot delete /myfile4. Name node is in safe mode.
The reported blocks 40 has reached the threshold 0.9990 of total blocks 40. The number of live datanodes 4 has reached the minimum number 0. In safe mode extension. Safe mode will be turned off automatically in 10 seconds. NamenodeHostName:node-1-link-0
	at org.apache.hadoop.hdfs.server.namenode.FSNamesystem.newSafemodeException(FSNamesystem.java:1450)
	at org.apache.hadoop.hdfs.server.namenode.FSNamesystem.checkNameNodeSafeMode(FSNamesystem.java:1437)
	... 12 more
, while invoking ClientNamenodeProtocolTranslatorPB.delete over node-1-link-0/10.10.1.4:8020. Retrying after sleeping for 3930ms.
2019-03-25 11:16:43,209 INFO  retry.RetryInvocationHandler RetryInvocationHandler.java:log:411 - org.apache.hadoop.ipc.RemoteException(org.apache.hadoop.ipc.RetriableException): org.apache.hadoop.hdfs.server.namenode.SafeModeException: Cannot delete /myfile4. Name node is in safe mode.
The reported blocks 40 has reached the threshold 0.9990 of total blocks 40. The number of live datanodes 4 has reached the minimum number 0. In safe mode extension. Safe mode will be turned off automatically in 6 seconds. NamenodeHostName:node-1-link-0
	at org.apache.hadoop.hdfs.server.namenode.FSNamesystem.checkNameNodeSafeMode(FSNamesystem.java:1441)
	at org.apache.hadoop.hdfs.server.namenode.FSNamesystem.delete(FSNamesystem.java:2986)
	at org.apache.hadoop.hdfs.server.namenode.NameNodeRpcServer.delete(NameNodeRpcServer.java:1095)
	at org.apache.hadoop.hdfs.protocolPB.ClientNamenodeProtocolServerSideTranslatorPB.delete(ClientNamenodeProtocolServerSideTranslatorPB.java:692)
	at org.apache.hadoop.hdfs.protocol.proto.ClientNamenodeProtocolProtos$ClientNamenodeProtocol$2.callBlockingMethod(ClientNamenodeProtocolProtos.java)
	at org.apache.hadoop.ipc.ProtobufRpcEngine$Server$ProtoBufRpcInvoker.call(ProtobufRpcEngine.java:523)
	at org.apache.hadoop.ipc.RPC$Server.call(RPC.java:991)
	at org.apache.hadoop.ipc.Server$RpcCall.run(Server.java:872)
	at org.apache.hadoop.ipc.Server$RpcCall.run(Server.java:818)
	at java.security.AccessController.doPrivileged(Native Method)
	at javax.security.auth.Subject.doAs(Subject.java:422)
	at org.apache.hadoop.security.UserGroupInformation.doAs(UserGroupInformation.java:1729)
	at org.apache.hadoop.ipc.Server$Handler.run(Server.java:2678)
Caused by: org.apache.hadoop.hdfs.server.namenode.SafeModeException: Cannot delete /myfile4. Name node is in safe mode.
The reported blocks 40 has reached the threshold 0.9990 of total blocks 40. The number of live datanodes 4 has reached the minimum number 0. In safe mode extension. Safe mode will be turned off automatically in 6 seconds. NamenodeHostName:node-1-link-0
	at org.apache.hadoop.hdfs.server.namenode.FSNamesystem.newSafemodeException(FSNamesystem.java:1450)
	at org.apache.hadoop.hdfs.server.namenode.FSNamesystem.checkNameNodeSafeMode(FSNamesystem.java:1437)
	... 12 more
, while invoking ClientNamenodeProtocolTranslatorPB.delete over node-1-link-0/10.10.1.4:8020. Retrying after sleeping for 4246ms.
2019-03-25 11:16:47,458 INFO  retry.RetryInvocationHandler RetryInvocationHandler.java:log:411 - org.apache.hadoop.ipc.RemoteException(org.apache.hadoop.ipc.RetriableException): org.apache.hadoop.hdfs.server.namenode.SafeModeException: Cannot delete /myfile4. Name node is in safe mode.
The reported blocks 40 has reached the threshold 0.9990 of total blocks 40. The number of live datanodes 4 has reached the minimum number 0. In safe mode extension. Safe mode will be turned off automatically in 2 seconds. NamenodeHostName:node-1-link-0
	at org.apache.hadoop.hdfs.server.namenode.FSNamesystem.checkNameNodeSafeMode(FSNamesystem.java:1441)
	at org.apache.hadoop.hdfs.server.namenode.FSNamesystem.delete(FSNamesystem.java:2986)
	at org.apache.hadoop.hdfs.server.namenode.NameNodeRpcServer.delete(NameNodeRpcServer.java:1095)
	at org.apache.hadoop.hdfs.protocolPB.ClientNamenodeProtocolServerSideTranslatorPB.delete(ClientNamenodeProtocolServerSideTranslatorPB.java:692)
	at org.apache.hadoop.hdfs.protocol.proto.ClientNamenodeProtocolProtos$ClientNamenodeProtocol$2.callBlockingMethod(ClientNamenodeProtocolProtos.java)
	at org.apache.hadoop.ipc.ProtobufRpcEngine$Server$ProtoBufRpcInvoker.call(ProtobufRpcEngine.java:523)
	at org.apache.hadoop.ipc.RPC$Server.call(RPC.java:991)
	at org.apache.hadoop.ipc.Server$RpcCall.run(Server.java:872)
	at org.apache.hadoop.ipc.Server$RpcCall.run(Server.java:818)
	at java.security.AccessController.doPrivileged(Native Method)
	at javax.security.auth.Subject.doAs(Subject.java:422)
	at org.apache.hadoop.security.UserGroupInformation.doAs(UserGroupInformation.java:1729)
	at org.apache.hadoop.ipc.Server$Handler.run(Server.java:2678)
Caused by: org.apache.hadoop.hdfs.server.namenode.SafeModeException: Cannot delete /myfile4. Name node is in safe mode.
The reported blocks 40 has reached the threshold 0.9990 of total blocks 40. The number of live datanodes 4 has reached the minimum number 0. In safe mode extension. Safe mode will be turned off automatically in 2 seconds. NamenodeHostName:node-1-link-0
	at org.apache.hadoop.hdfs.server.namenode.FSNamesystem.newSafemodeException(FSNamesystem.java:1450)
	at org.apache.hadoop.hdfs.server.namenode.FSNamesystem.checkNameNodeSafeMode(FSNamesystem.java:1437)
	... 12 more
, while invoking ClientNamenodeProtocolTranslatorPB.delete over node-1-link-0/10.10.1.4:8020. Retrying after sleeping for 16398ms.
Deleted /myfile4
file 4 has been removed from HDFS
Found 5 items
-rw-r--r--   3 root supergroup          0 2019-03-25 11:17 /myfile1._COPYING_
-rw-r--r--   3 root supergroup          0 2019-03-25 11:17 /myfile2._COPYING_
-rw-r--r--   3 root supergroup 1073741824 2019-03-25 11:17 /myfile3
-rw-r--r--   3 root supergroup 1073741824 2019-03-25 11:17 /myfile4
-rw-r--r--   3 root supergroup 1073741824 2019-03-25 11:17 /myfile5
file 4 has been put into HDFS
file 4 has been read from HDFS for 1 time
diff succeed!
file 4 has been read from HDFS for 2 time
diff succeed!
file 4 has been read from HDFS for 3 time
diff succeed!
file 4 has been read from HDFS for 4 time
diff succeed!
file 4 has been read from HDFS for 5 time
diff succeed!
file 4 has been read from HDFS for 6 time
diff succeed!
file 4 has been read from HDFS for 7 time
diff succeed!
file 4 has been read from HDFS for 8 time
diff succeed!
file 4 has been read from HDFS for 9 time
diff succeed!
file 4 has been read from HDFS for 10 time
diff succeed!
Deleted /myfile4
file 4 has been removed from HDFS
Found 5 items
-rw-r--r--   3 root supergroup  402653184 2019-03-25 11:19 /myfile1._COPYING_
-rw-r--r--   3 root supergroup 1073741824 2019-03-25 11:19 /myfile2
-rw-r--r--   3 root supergroup 1073741824 2019-03-25 11:18 /myfile3
-rw-r--r--   3 root supergroup 1073741824 2019-03-25 11:19 /myfile4
-rw-r--r--   3 root supergroup 1073741824 2019-03-25 11:18 /myfile5
file 4 has been put into HDFS
file 4 has been read from HDFS for 1 time
diff succeed!
file 4 has been read from HDFS for 2 time
diff succeed!
file 4 has been read from HDFS for 3 time
diff succeed!
file 4 has been read from HDFS for 4 time
diff succeed!
file 4 has been read from HDFS for 5 time
diff succeed!
file 4 has been read from HDFS for 6 time
diff succeed!
file 4 has been read from HDFS for 7 time
diff succeed!
file 4 has been read from HDFS for 8 time
diff succeed!
file 4 has been read from HDFS for 9 time
diff succeed!
file 4 has been read from HDFS for 10 time
diff succeed!
Deleted /myfile4
file 4 has been removed from HDFS
Found 5 items
-rw-r--r--   3 root supergroup 1073741824 2019-03-25 11:20 /myfile1
-rw-r--r--   3 root supergroup 1073741824 2019-03-25 11:20 /myfile2
-rw-r--r--   3 root supergroup 1073741824 2019-03-25 11:20 /myfile3
-rw-r--r--   3 root supergroup 1073741824 2019-03-25 11:20 /myfile4
-rw-r--r--   3 root supergroup 1073741824 2019-03-25 11:20 /myfile5
file 4 has been put into HDFS
file 4 has been read from HDFS for 1 time
diff succeed!
