Found 5 items
-rw-r--r--   3 root supergroup 1073741824 2019-03-20 11:58 /myfile1
-rw-r--r--   3 root supergroup 1073741824 2019-03-20 11:58 /myfile2
-rw-r--r--   3 root supergroup 1073741824 2019-03-20 11:58 /myfile3
-rw-r--r--   3 root supergroup 1073741824 2019-03-20 11:58 /myfile4
-rw-r--r--   3 root supergroup 1073741824 2019-03-20 11:58 /myfile5
file 4 has been put into HDFS
file 4 has been read from HDFS for 1 time
diff succeed!
file 4 has been read from HDFS for 2 time
diff succeed!
file 4 has been read from HDFS for 3 time
diff succeed!
file 4 has been read from HDFS for 4 time
diff succeed!
file 4 has been read from HDFS for 5 time
diff succeed!
file 4 has been read from HDFS for 6 time
diff succeed!
file 4 has been read from HDFS for 7 time
diff succeed!
file 4 has been read from HDFS for 8 time
diff succeed!
file 4 has been read from HDFS for 9 time
diff succeed!
file 4 has been read from HDFS for 10 time
diff succeed!
Deleted /myfile4
file 4 has been removed from HDFS
Found 3 items
-rw-r--r--   3 root supergroup          0 2019-03-20 11:59 /myfile1._COPYING_
-rw-r--r--   3 root supergroup  268435456 2019-03-20 11:59 /myfile3._COPYING_
-rw-r--r--   3 root supergroup 1073741824 2019-03-20 11:59 /myfile4
file 4 has been put into HDFS
file 4 has been read from HDFS for 1 time
diff succeed!
file 4 has been read from HDFS for 2 time
diff succeed!
file 4 has been read from HDFS for 3 time
diff succeed!
file 4 has been read from HDFS for 4 time
diff succeed!
file 4 has been read from HDFS for 5 time
diff succeed!
file 4 has been read from HDFS for 6 time
diff succeed!
file 4 has been read from HDFS for 7 time
diff succeed!
file 4 has been read from HDFS for 8 time
diff succeed!
file 4 has been read from HDFS for 9 time
diff succeed!
file 4 has been read from HDFS for 10 time
diff succeed!
Deleted /myfile4
file 4 has been removed from HDFS
Found 4 items
-rw-r--r--   3 root supergroup 1073741824 2019-03-20 11:59 /myfile1
-rw-r--r--   3 root supergroup 1073741824 2019-03-20 11:59 /myfile2
-rw-r--r--   3 root supergroup 1073741824 2019-03-20 12:01 /myfile4
-rw-r--r--   3 root supergroup 1073741824 2019-03-20 11:59 /myfile5
file 4 has been put into HDFS
file 4 has been read from HDFS for 1 time
diff succeed!
file 4 has been read from HDFS for 2 time
diff succeed!
file 4 has been read from HDFS for 3 time
diff succeed!
file 4 has been read from HDFS for 4 time
diff succeed!
file 4 has been read from HDFS for 5 time
diff succeed!
file 4 has been read from HDFS for 6 time
diff succeed!
2019-03-20 12:03:08,285 WARN  impl.BlockReaderFactory BlockReaderFactory.java:getRemoteBlockReaderFromTcp:764 - I/O error constructing remote block reader.
java.io.IOException: Connection reset by peer
	at sun.nio.ch.FileDispatcherImpl.read0(Native Method)
	at sun.nio.ch.SocketDispatcher.read(SocketDispatcher.java:39)
	at sun.nio.ch.IOUtil.readIntoNativeBuffer(IOUtil.java:223)
	at sun.nio.ch.IOUtil.read(IOUtil.java:197)
	at sun.nio.ch.SocketChannelImpl.read(SocketChannelImpl.java:380)
	at org.apache.hadoop.net.SocketInputStream$Reader.performIO(SocketInputStream.java:57)
	at org.apache.hadoop.net.SocketIOWithTimeout.doIO(SocketIOWithTimeout.java:142)
	at org.apache.hadoop.net.SocketInputStream.read(SocketInputStream.java:161)
	at org.apache.hadoop.net.SocketInputStream.read(SocketInputStream.java:131)
	at org.apache.hadoop.net.SocketInputStream.read(SocketInputStream.java:118)
	at java.io.FilterInputStream.read(FilterInputStream.java:83)
	at org.apache.hadoop.hdfs.protocolPB.PBHelperClient.vintPrefixed(PBHelperClient.java:547)
	at org.apache.hadoop.hdfs.client.impl.BlockReaderRemote.newBlockReader(BlockReaderRemote.java:407)
	at org.apache.hadoop.hdfs.client.impl.BlockReaderFactory.getRemoteBlockReader(BlockReaderFactory.java:853)
	at org.apache.hadoop.hdfs.client.impl.BlockReaderFactory.getRemoteBlockReaderFromTcp(BlockReaderFactory.java:749)
	at org.apache.hadoop.hdfs.client.impl.BlockReaderFactory.build(BlockReaderFactory.java:379)
	at org.apache.hadoop.hdfs.DFSInputStream.getBlockReader(DFSInputStream.java:641)
	at org.apache.hadoop.hdfs.DFSInputStream.blockSeekTo(DFSInputStream.java:572)
	at org.apache.hadoop.hdfs.DFSInputStream.readWithStrategy(DFSInputStream.java:754)
	at org.apache.hadoop.hdfs.DFSInputStream.read(DFSInputStream.java:820)
	at java.io.DataInputStream.read(DataInputStream.java:100)
	at org.apache.hadoop.io.IOUtils.copyBytes(IOUtils.java:100)
	at org.apache.hadoop.io.IOUtils.copyBytes(IOUtils.java:68)
	at org.apache.hadoop.io.IOUtils.copyBytes(IOUtils.java:129)
	at org.apache.hadoop.fs.shell.CommandWithDestination$TargetFileSystem.writeStreamToFile(CommandWithDestination.java:485)
	at org.apache.hadoop.fs.shell.CommandWithDestination.copyStreamToTarget(CommandWithDestination.java:407)
	at org.apache.hadoop.fs.shell.CommandWithDestination.copyFileToTarget(CommandWithDestination.java:342)
	at org.apache.hadoop.fs.shell.CommandWithDestination.processPath(CommandWithDestination.java:277)
	at org.apache.hadoop.fs.shell.CommandWithDestination.processPath(CommandWithDestination.java:262)
	at org.apache.hadoop.fs.shell.Command.processPaths(Command.java:331)
	at org.apache.hadoop.fs.shell.Command.processPathArgument(Command.java:303)
	at org.apache.hadoop.fs.shell.CommandWithDestination.processPathArgument(CommandWithDestination.java:257)
	at org.apache.hadoop.fs.shell.Command.processArgument(Command.java:285)
	at org.apache.hadoop.fs.shell.Command.processArguments(Command.java:269)
	at org.apache.hadoop.fs.shell.CommandWithDestination.processArguments(CommandWithDestination.java:228)
	at org.apache.hadoop.fs.shell.FsCommand.processRawArguments(FsCommand.java:120)
	at org.apache.hadoop.fs.shell.Command.run(Command.java:176)
	at org.apache.hadoop.fs.FsShell.run(FsShell.java:328)
	at org.apache.hadoop.util.ToolRunner.run(ToolRunner.java:76)
	at org.apache.hadoop.util.ToolRunner.run(ToolRunner.java:90)
	at org.apache.hadoop.fs.FsShell.main(FsShell.java:391)
2019-03-20 12:03:08,300 WARN  hdfs.DFSClient DFSInputStream.java:blockSeekTo:594 - Failed to connect to /10.10.1.6:9866 for block BP-843548393-130.127.133.21-1553104626890:blk_1073741906_1082, add to deadNodes and continue. 
java.io.IOException: Connection reset by peer
	at sun.nio.ch.FileDispatcherImpl.read0(Native Method)
	at sun.nio.ch.SocketDispatcher.read(SocketDispatcher.java:39)
	at sun.nio.ch.IOUtil.readIntoNativeBuffer(IOUtil.java:223)
	at sun.nio.ch.IOUtil.read(IOUtil.java:197)
	at sun.nio.ch.SocketChannelImpl.read(SocketChannelImpl.java:380)
	at org.apache.hadoop.net.SocketInputStream$Reader.performIO(SocketInputStream.java:57)
	at org.apache.hadoop.net.SocketIOWithTimeout.doIO(SocketIOWithTimeout.java:142)
	at org.apache.hadoop.net.SocketInputStream.read(SocketInputStream.java:161)
	at org.apache.hadoop.net.SocketInputStream.read(SocketInputStream.java:131)
	at org.apache.hadoop.net.SocketInputStream.read(SocketInputStream.java:118)
	at java.io.FilterInputStream.read(FilterInputStream.java:83)
	at org.apache.hadoop.hdfs.protocolPB.PBHelperClient.vintPrefixed(PBHelperClient.java:547)
	at org.apache.hadoop.hdfs.client.impl.BlockReaderRemote.newBlockReader(BlockReaderRemote.java:407)
	at org.apache.hadoop.hdfs.client.impl.BlockReaderFactory.getRemoteBlockReader(BlockReaderFactory.java:853)
	at org.apache.hadoop.hdfs.client.impl.BlockReaderFactory.getRemoteBlockReaderFromTcp(BlockReaderFactory.java:749)
	at org.apache.hadoop.hdfs.client.impl.BlockReaderFactory.build(BlockReaderFactory.java:379)
	at org.apache.hadoop.hdfs.DFSInputStream.getBlockReader(DFSInputStream.java:641)
	at org.apache.hadoop.hdfs.DFSInputStream.blockSeekTo(DFSInputStream.java:572)
	at org.apache.hadoop.hdfs.DFSInputStream.readWithStrategy(DFSInputStream.java:754)
	at org.apache.hadoop.hdfs.DFSInputStream.read(DFSInputStream.java:820)
	at java.io.DataInputStream.read(DataInputStream.java:100)
	at org.apache.hadoop.io.IOUtils.copyBytes(IOUtils.java:100)
	at org.apache.hadoop.io.IOUtils.copyBytes(IOUtils.java:68)
	at org.apache.hadoop.io.IOUtils.copyBytes(IOUtils.java:129)
	at org.apache.hadoop.fs.shell.CommandWithDestination$TargetFileSystem.writeStreamToFile(CommandWithDestination.java:485)
	at org.apache.hadoop.fs.shell.CommandWithDestination.copyStreamToTarget(CommandWithDestination.java:407)
	at org.apache.hadoop.fs.shell.CommandWithDestination.copyFileToTarget(CommandWithDestination.java:342)
	at org.apache.hadoop.fs.shell.CommandWithDestination.processPath(CommandWithDestination.java:277)
	at org.apache.hadoop.fs.shell.CommandWithDestination.processPath(CommandWithDestination.java:262)
	at org.apache.hadoop.fs.shell.Command.processPaths(Command.java:331)
	at org.apache.hadoop.fs.shell.Command.processPathArgument(Command.java:303)
	at org.apache.hadoop.fs.shell.CommandWithDestination.processPathArgument(CommandWithDestination.java:257)
	at org.apache.hadoop.fs.shell.Command.processArgument(Command.java:285)
	at org.apache.hadoop.fs.shell.Command.processArguments(Command.java:269)
	at org.apache.hadoop.fs.shell.CommandWithDestination.processArguments(CommandWithDestination.java:228)
	at org.apache.hadoop.fs.shell.FsCommand.processRawArguments(FsCommand.java:120)
	at org.apache.hadoop.fs.shell.Command.run(Command.java:176)
	at org.apache.hadoop.fs.FsShell.run(FsShell.java:328)
	at org.apache.hadoop.util.ToolRunner.run(ToolRunner.java:76)
	at org.apache.hadoop.util.ToolRunner.run(ToolRunner.java:90)
	at org.apache.hadoop.fs.FsShell.main(FsShell.java:391)
2019-03-20 12:03:08,305 INFO  hdfs.DFSClient DFSInputStream.java:blockSeekTo:576 - Successfully connected to /10.10.1.2:9866 for BP-843548393-130.127.133.21-1553104626890:blk_1073741906_1082
file 4 has been read from HDFS for 7 time
diff succeed!
2019-03-20 12:03:15,411 WARN  impl.BlockReaderFactory BlockReaderFactory.java:getRemoteBlockReaderFromTcp:764 - I/O error constructing remote block reader.
java.io.IOException: Connection reset by peer
	at sun.nio.ch.FileDispatcherImpl.read0(Native Method)
	at sun.nio.ch.SocketDispatcher.read(SocketDispatcher.java:39)
	at sun.nio.ch.IOUtil.readIntoNativeBuffer(IOUtil.java:223)
	at sun.nio.ch.IOUtil.read(IOUtil.java:197)
	at sun.nio.ch.SocketChannelImpl.read(SocketChannelImpl.java:380)
	at org.apache.hadoop.net.SocketInputStream$Reader.performIO(SocketInputStream.java:57)
	at org.apache.hadoop.net.SocketIOWithTimeout.doIO(SocketIOWithTimeout.java:142)
	at org.apache.hadoop.net.SocketInputStream.read(SocketInputStream.java:161)
	at org.apache.hadoop.net.SocketInputStream.read(SocketInputStream.java:131)
	at org.apache.hadoop.net.SocketInputStream.read(SocketInputStream.java:118)
	at java.io.FilterInputStream.read(FilterInputStream.java:83)
	at org.apache.hadoop.hdfs.protocolPB.PBHelperClient.vintPrefixed(PBHelperClient.java:547)
	at org.apache.hadoop.hdfs.client.impl.BlockReaderRemote.newBlockReader(BlockReaderRemote.java:407)
	at org.apache.hadoop.hdfs.client.impl.BlockReaderFactory.getRemoteBlockReader(BlockReaderFactory.java:853)
	at org.apache.hadoop.hdfs.client.impl.BlockReaderFactory.getRemoteBlockReaderFromTcp(BlockReaderFactory.java:749)
	at org.apache.hadoop.hdfs.client.impl.BlockReaderFactory.build(BlockReaderFactory.java:379)
	at org.apache.hadoop.hdfs.DFSInputStream.getBlockReader(DFSInputStream.java:641)
	at org.apache.hadoop.hdfs.DFSInputStream.blockSeekTo(DFSInputStream.java:572)
	at org.apache.hadoop.hdfs.DFSInputStream.readWithStrategy(DFSInputStream.java:754)
	at org.apache.hadoop.hdfs.DFSInputStream.read(DFSInputStream.java:820)
	at java.io.DataInputStream.read(DataInputStream.java:100)
	at org.apache.hadoop.io.IOUtils.copyBytes(IOUtils.java:94)
	at org.apache.hadoop.io.IOUtils.copyBytes(IOUtils.java:68)
	at org.apache.hadoop.io.IOUtils.copyBytes(IOUtils.java:129)
	at org.apache.hadoop.fs.shell.CommandWithDestination$TargetFileSystem.writeStreamToFile(CommandWithDestination.java:485)
	at org.apache.hadoop.fs.shell.CommandWithDestination.copyStreamToTarget(CommandWithDestination.java:407)
	at org.apache.hadoop.fs.shell.CommandWithDestination.copyFileToTarget(CommandWithDestination.java:342)
	at org.apache.hadoop.fs.shell.CommandWithDestination.processPath(CommandWithDestination.java:277)
	at org.apache.hadoop.fs.shell.CommandWithDestination.processPath(CommandWithDestination.java:262)
	at org.apache.hadoop.fs.shell.Command.processPaths(Command.java:331)
	at org.apache.hadoop.fs.shell.Command.processPathArgument(Command.java:303)
	at org.apache.hadoop.fs.shell.CommandWithDestination.processPathArgument(CommandWithDestination.java:257)
	at org.apache.hadoop.fs.shell.Command.processArgument(Command.java:285)
	at org.apache.hadoop.fs.shell.Command.processArguments(Command.java:269)
	at org.apache.hadoop.fs.shell.CommandWithDestination.processArguments(CommandWithDestination.java:228)
	at org.apache.hadoop.fs.shell.FsCommand.processRawArguments(FsCommand.java:120)
	at org.apache.hadoop.fs.shell.Command.run(Command.java:176)
	at org.apache.hadoop.fs.FsShell.run(FsShell.java:328)
	at org.apache.hadoop.util.ToolRunner.run(ToolRunner.java:76)
	at org.apache.hadoop.util.ToolRunner.run(ToolRunner.java:90)
	at org.apache.hadoop.fs.FsShell.main(FsShell.java:391)
2019-03-20 12:03:15,423 WARN  hdfs.DFSClient DFSInputStream.java:blockSeekTo:594 - Failed to connect to /10.10.1.6:9866 for block BP-843548393-130.127.133.21-1553104626890:blk_1073741905_1081, add to deadNodes and continue. 
java.io.IOException: Connection reset by peer
	at sun.nio.ch.FileDispatcherImpl.read0(Native Method)
	at sun.nio.ch.SocketDispatcher.read(SocketDispatcher.java:39)
	at sun.nio.ch.IOUtil.readIntoNativeBuffer(IOUtil.java:223)
	at sun.nio.ch.IOUtil.read(IOUtil.java:197)
	at sun.nio.ch.SocketChannelImpl.read(SocketChannelImpl.java:380)
	at org.apache.hadoop.net.SocketInputStream$Reader.performIO(SocketInputStream.java:57)
	at org.apache.hadoop.net.SocketIOWithTimeout.doIO(SocketIOWithTimeout.java:142)
	at org.apache.hadoop.net.SocketInputStream.read(SocketInputStream.java:161)
	at org.apache.hadoop.net.SocketInputStream.read(SocketInputStream.java:131)
	at org.apache.hadoop.net.SocketInputStream.read(SocketInputStream.java:118)
	at java.io.FilterInputStream.read(FilterInputStream.java:83)
	at org.apache.hadoop.hdfs.protocolPB.PBHelperClient.vintPrefixed(PBHelperClient.java:547)
	at org.apache.hadoop.hdfs.client.impl.BlockReaderRemote.newBlockReader(BlockReaderRemote.java:407)
	at org.apache.hadoop.hdfs.client.impl.BlockReaderFactory.getRemoteBlockReader(BlockReaderFactory.java:853)
	at org.apache.hadoop.hdfs.client.impl.BlockReaderFactory.getRemoteBlockReaderFromTcp(BlockReaderFactory.java:749)
	at org.apache.hadoop.hdfs.client.impl.BlockReaderFactory.build(BlockReaderFactory.java:379)
	at org.apache.hadoop.hdfs.DFSInputStream.getBlockReader(DFSInputStream.java:641)
	at org.apache.hadoop.hdfs.DFSInputStream.blockSeekTo(DFSInputStream.java:572)
	at org.apache.hadoop.hdfs.DFSInputStream.readWithStrategy(DFSInputStream.java:754)
	at org.apache.hadoop.hdfs.DFSInputStream.read(DFSInputStream.java:820)
	at java.io.DataInputStream.read(DataInputStream.java:100)
	at org.apache.hadoop.io.IOUtils.copyBytes(IOUtils.java:94)
	at org.apache.hadoop.io.IOUtils.copyBytes(IOUtils.java:68)
	at org.apache.hadoop.io.IOUtils.copyBytes(IOUtils.java:129)
	at org.apache.hadoop.fs.shell.CommandWithDestination$TargetFileSystem.writeStreamToFile(CommandWithDestination.java:485)
	at org.apache.hadoop.fs.shell.CommandWithDestination.copyStreamToTarget(CommandWithDestination.java:407)
	at org.apache.hadoop.fs.shell.CommandWithDestination.copyFileToTarget(CommandWithDestination.java:342)
	at org.apache.hadoop.fs.shell.CommandWithDestination.processPath(CommandWithDestination.java:277)
	at org.apache.hadoop.fs.shell.CommandWithDestination.processPath(CommandWithDestination.java:262)
	at org.apache.hadoop.fs.shell.Command.processPaths(Command.java:331)
	at org.apache.hadoop.fs.shell.Command.processPathArgument(Command.java:303)
	at org.apache.hadoop.fs.shell.CommandWithDestination.processPathArgument(CommandWithDestination.java:257)
	at org.apache.hadoop.fs.shell.Command.processArgument(Command.java:285)
	at org.apache.hadoop.fs.shell.Command.processArguments(Command.java:269)
	at org.apache.hadoop.fs.shell.CommandWithDestination.processArguments(CommandWithDestination.java:228)
	at org.apache.hadoop.fs.shell.FsCommand.processRawArguments(FsCommand.java:120)
	at org.apache.hadoop.fs.shell.Command.run(Command.java:176)
	at org.apache.hadoop.fs.FsShell.run(FsShell.java:328)
	at org.apache.hadoop.util.ToolRunner.run(ToolRunner.java:76)
	at org.apache.hadoop.util.ToolRunner.run(ToolRunner.java:90)
	at org.apache.hadoop.fs.FsShell.main(FsShell.java:391)
2019-03-20 12:03:15,446 INFO  hdfs.DFSClient DFSInputStream.java:blockSeekTo:576 - Successfully connected to /10.10.1.3:9866 for BP-843548393-130.127.133.21-1553104626890:blk_1073741905_1081
file 4 has been read from HDFS for 8 time
diff succeed!
2019-03-20 12:03:22,825 WARN  impl.BlockReaderFactory BlockReaderFactory.java:getRemoteBlockReaderFromTcp:764 - I/O error constructing remote block reader.
java.io.IOException: Connection reset by peer
	at sun.nio.ch.FileDispatcherImpl.read0(Native Method)
	at sun.nio.ch.SocketDispatcher.read(SocketDispatcher.java:39)
	at sun.nio.ch.IOUtil.readIntoNativeBuffer(IOUtil.java:223)
	at sun.nio.ch.IOUtil.read(IOUtil.java:197)
	at sun.nio.ch.SocketChannelImpl.read(SocketChannelImpl.java:380)
	at org.apache.hadoop.net.SocketInputStream$Reader.performIO(SocketInputStream.java:57)
	at org.apache.hadoop.net.SocketIOWithTimeout.doIO(SocketIOWithTimeout.java:142)
	at org.apache.hadoop.net.SocketInputStream.read(SocketInputStream.java:161)
	at org.apache.hadoop.net.SocketInputStream.read(SocketInputStream.java:131)
	at org.apache.hadoop.net.SocketInputStream.read(SocketInputStream.java:118)
	at java.io.FilterInputStream.read(FilterInputStream.java:83)
	at org.apache.hadoop.hdfs.protocolPB.PBHelperClient.vintPrefixed(PBHelperClient.java:547)
	at org.apache.hadoop.hdfs.client.impl.BlockReaderRemote.newBlockReader(BlockReaderRemote.java:407)
	at org.apache.hadoop.hdfs.client.impl.BlockReaderFactory.getRemoteBlockReader(BlockReaderFactory.java:853)
	at org.apache.hadoop.hdfs.client.impl.BlockReaderFactory.getRemoteBlockReaderFromTcp(BlockReaderFactory.java:749)
	at org.apache.hadoop.hdfs.client.impl.BlockReaderFactory.build(BlockReaderFactory.java:379)
	at org.apache.hadoop.hdfs.DFSInputStream.getBlockReader(DFSInputStream.java:641)
	at org.apache.hadoop.hdfs.DFSInputStream.blockSeekTo(DFSInputStream.java:572)
	at org.apache.hadoop.hdfs.DFSInputStream.readWithStrategy(DFSInputStream.java:754)
	at org.apache.hadoop.hdfs.DFSInputStream.read(DFSInputStream.java:820)
	at java.io.DataInputStream.read(DataInputStream.java:100)
	at org.apache.hadoop.io.IOUtils.copyBytes(IOUtils.java:94)
	at org.apache.hadoop.io.IOUtils.copyBytes(IOUtils.java:68)
	at org.apache.hadoop.io.IOUtils.copyBytes(IOUtils.java:129)
	at org.apache.hadoop.fs.shell.CommandWithDestination$TargetFileSystem.writeStreamToFile(CommandWithDestination.java:485)
	at org.apache.hadoop.fs.shell.CommandWithDestination.copyStreamToTarget(CommandWithDestination.java:407)
	at org.apache.hadoop.fs.shell.CommandWithDestination.copyFileToTarget(CommandWithDestination.java:342)
	at org.apache.hadoop.fs.shell.CommandWithDestination.processPath(CommandWithDestination.java:277)
	at org.apache.hadoop.fs.shell.CommandWithDestination.processPath(CommandWithDestination.java:262)
	at org.apache.hadoop.fs.shell.Command.processPaths(Command.java:331)
	at org.apache.hadoop.fs.shell.Command.processPathArgument(Command.java:303)
	at org.apache.hadoop.fs.shell.CommandWithDestination.processPathArgument(CommandWithDestination.java:257)
	at org.apache.hadoop.fs.shell.Command.processArgument(Command.java:285)
	at org.apache.hadoop.fs.shell.Command.processArguments(Command.java:269)
	at org.apache.hadoop.fs.shell.CommandWithDestination.processArguments(CommandWithDestination.java:228)
	at org.apache.hadoop.fs.shell.FsCommand.processRawArguments(FsCommand.java:120)
	at org.apache.hadoop.fs.shell.Command.run(Command.java:176)
	at org.apache.hadoop.fs.FsShell.run(FsShell.java:328)
	at org.apache.hadoop.util.ToolRunner.run(ToolRunner.java:76)
	at org.apache.hadoop.util.ToolRunner.run(ToolRunner.java:90)
	at org.apache.hadoop.fs.FsShell.main(FsShell.java:391)
2019-03-20 12:03:22,840 WARN  hdfs.DFSClient DFSInputStream.java:blockSeekTo:594 - Failed to connect to /10.10.1.6:9866 for block BP-843548393-130.127.133.21-1553104626890:blk_1073741905_1081, add to deadNodes and continue. 
java.io.IOException: Connection reset by peer
	at sun.nio.ch.FileDispatcherImpl.read0(Native Method)
	at sun.nio.ch.SocketDispatcher.read(SocketDispatcher.java:39)
	at sun.nio.ch.IOUtil.readIntoNativeBuffer(IOUtil.java:223)
	at sun.nio.ch.IOUtil.read(IOUtil.java:197)
	at sun.nio.ch.SocketChannelImpl.read(SocketChannelImpl.java:380)
	at org.apache.hadoop.net.SocketInputStream$Reader.performIO(SocketInputStream.java:57)
	at org.apache.hadoop.net.SocketIOWithTimeout.doIO(SocketIOWithTimeout.java:142)
	at org.apache.hadoop.net.SocketInputStream.read(SocketInputStream.java:161)
	at org.apache.hadoop.net.SocketInputStream.read(SocketInputStream.java:131)
	at org.apache.hadoop.net.SocketInputStream.read(SocketInputStream.java:118)
	at java.io.FilterInputStream.read(FilterInputStream.java:83)
	at org.apache.hadoop.hdfs.protocolPB.PBHelperClient.vintPrefixed(PBHelperClient.java:547)
	at org.apache.hadoop.hdfs.client.impl.BlockReaderRemote.newBlockReader(BlockReaderRemote.java:407)
	at org.apache.hadoop.hdfs.client.impl.BlockReaderFactory.getRemoteBlockReader(BlockReaderFactory.java:853)
	at org.apache.hadoop.hdfs.client.impl.BlockReaderFactory.getRemoteBlockReaderFromTcp(BlockReaderFactory.java:749)
	at org.apache.hadoop.hdfs.client.impl.BlockReaderFactory.build(BlockReaderFactory.java:379)
	at org.apache.hadoop.hdfs.DFSInputStream.getBlockReader(DFSInputStream.java:641)
	at org.apache.hadoop.hdfs.DFSInputStream.blockSeekTo(DFSInputStream.java:572)
	at org.apache.hadoop.hdfs.DFSInputStream.readWithStrategy(DFSInputStream.java:754)
	at org.apache.hadoop.hdfs.DFSInputStream.read(DFSInputStream.java:820)
	at java.io.DataInputStream.read(DataInputStream.java:100)
	at org.apache.hadoop.io.IOUtils.copyBytes(IOUtils.java:94)
	at org.apache.hadoop.io.IOUtils.copyBytes(IOUtils.java:68)
	at org.apache.hadoop.io.IOUtils.copyBytes(IOUtils.java:129)
	at org.apache.hadoop.fs.shell.CommandWithDestination$TargetFileSystem.writeStreamToFile(CommandWithDestination.java:485)
	at org.apache.hadoop.fs.shell.CommandWithDestination.copyStreamToTarget(CommandWithDestination.java:407)
	at org.apache.hadoop.fs.shell.CommandWithDestination.copyFileToTarget(CommandWithDestination.java:342)
	at org.apache.hadoop.fs.shell.CommandWithDestination.processPath(CommandWithDestination.java:277)
	at org.apache.hadoop.fs.shell.CommandWithDestination.processPath(CommandWithDestination.java:262)
	at org.apache.hadoop.fs.shell.Command.processPaths(Command.java:331)
	at org.apache.hadoop.fs.shell.Command.processPathArgument(Command.java:303)
	at org.apache.hadoop.fs.shell.CommandWithDestination.processPathArgument(CommandWithDestination.java:257)
	at org.apache.hadoop.fs.shell.Command.processArgument(Command.java:285)
	at org.apache.hadoop.fs.shell.Command.processArguments(Command.java:269)
	at org.apache.hadoop.fs.shell.CommandWithDestination.processArguments(CommandWithDestination.java:228)
	at org.apache.hadoop.fs.shell.FsCommand.processRawArguments(FsCommand.java:120)
	at org.apache.hadoop.fs.shell.Command.run(Command.java:176)
	at org.apache.hadoop.fs.FsShell.run(FsShell.java:328)
	at org.apache.hadoop.util.ToolRunner.run(ToolRunner.java:76)
	at org.apache.hadoop.util.ToolRunner.run(ToolRunner.java:90)
	at org.apache.hadoop.fs.FsShell.main(FsShell.java:391)
2019-03-20 12:03:22,857 INFO  hdfs.DFSClient DFSInputStream.java:blockSeekTo:576 - Successfully connected to /10.10.1.3:9866 for BP-843548393-130.127.133.21-1553104626890:blk_1073741905_1081
file 4 has been read from HDFS for 9 time
diff succeed!
2019-03-20 12:03:32,049 WARN  impl.BlockReaderFactory BlockReaderFactory.java:getRemoteBlockReaderFromTcp:764 - I/O error constructing remote block reader.
java.io.IOException: Connection reset by peer
	at sun.nio.ch.FileDispatcherImpl.read0(Native Method)
	at sun.nio.ch.SocketDispatcher.read(SocketDispatcher.java:39)
	at sun.nio.ch.IOUtil.readIntoNativeBuffer(IOUtil.java:223)
	at sun.nio.ch.IOUtil.read(IOUtil.java:197)
	at sun.nio.ch.SocketChannelImpl.read(SocketChannelImpl.java:380)
	at org.apache.hadoop.net.SocketInputStream$Reader.performIO(SocketInputStream.java:57)
	at org.apache.hadoop.net.SocketIOWithTimeout.doIO(SocketIOWithTimeout.java:142)
	at org.apache.hadoop.net.SocketInputStream.read(SocketInputStream.java:161)
	at org.apache.hadoop.net.SocketInputStream.read(SocketInputStream.java:131)
	at org.apache.hadoop.net.SocketInputStream.read(SocketInputStream.java:118)
	at java.io.FilterInputStream.read(FilterInputStream.java:83)
	at org.apache.hadoop.hdfs.protocolPB.PBHelperClient.vintPrefixed(PBHelperClient.java:547)
	at org.apache.hadoop.hdfs.client.impl.BlockReaderRemote.newBlockReader(BlockReaderRemote.java:407)
	at org.apache.hadoop.hdfs.client.impl.BlockReaderFactory.getRemoteBlockReader(BlockReaderFactory.java:853)
	at org.apache.hadoop.hdfs.client.impl.BlockReaderFactory.getRemoteBlockReaderFromTcp(BlockReaderFactory.java:749)
	at org.apache.hadoop.hdfs.client.impl.BlockReaderFactory.build(BlockReaderFactory.java:379)
	at org.apache.hadoop.hdfs.DFSInputStream.getBlockReader(DFSInputStream.java:641)
	at org.apache.hadoop.hdfs.DFSInputStream.blockSeekTo(DFSInputStream.java:572)
	at org.apache.hadoop.hdfs.DFSInputStream.readWithStrategy(DFSInputStream.java:754)
	at org.apache.hadoop.hdfs.DFSInputStream.read(DFSInputStream.java:820)
	at java.io.DataInputStream.read(DataInputStream.java:100)
	at org.apache.hadoop.io.IOUtils.copyBytes(IOUtils.java:100)
	at org.apache.hadoop.io.IOUtils.copyBytes(IOUtils.java:68)
	at org.apache.hadoop.io.IOUtils.copyBytes(IOUtils.java:129)
	at org.apache.hadoop.fs.shell.CommandWithDestination$TargetFileSystem.writeStreamToFile(CommandWithDestination.java:485)
	at org.apache.hadoop.fs.shell.CommandWithDestination.copyStreamToTarget(CommandWithDestination.java:407)
	at org.apache.hadoop.fs.shell.CommandWithDestination.copyFileToTarget(CommandWithDestination.java:342)
	at org.apache.hadoop.fs.shell.CommandWithDestination.processPath(CommandWithDestination.java:277)
	at org.apache.hadoop.fs.shell.CommandWithDestination.processPath(CommandWithDestination.java:262)
	at org.apache.hadoop.fs.shell.Command.processPaths(Command.java:331)
	at org.apache.hadoop.fs.shell.Command.processPathArgument(Command.java:303)
	at org.apache.hadoop.fs.shell.CommandWithDestination.processPathArgument(CommandWithDestination.java:257)
	at org.apache.hadoop.fs.shell.Command.processArgument(Command.java:285)
	at org.apache.hadoop.fs.shell.Command.processArguments(Command.java:269)
	at org.apache.hadoop.fs.shell.CommandWithDestination.processArguments(CommandWithDestination.java:228)
	at org.apache.hadoop.fs.shell.FsCommand.processRawArguments(FsCommand.java:120)
	at org.apache.hadoop.fs.shell.Command.run(Command.java:176)
	at org.apache.hadoop.fs.FsShell.run(FsShell.java:328)
	at org.apache.hadoop.util.ToolRunner.run(ToolRunner.java:76)
	at org.apache.hadoop.util.ToolRunner.run(ToolRunner.java:90)
	at org.apache.hadoop.fs.FsShell.main(FsShell.java:391)
2019-03-20 12:03:32,060 WARN  hdfs.DFSClient DFSInputStream.java:blockSeekTo:594 - Failed to connect to /10.10.1.6:9866 for block BP-843548393-130.127.133.21-1553104626890:blk_1073741910_1086, add to deadNodes and continue. 
java.io.IOException: Connection reset by peer
	at sun.nio.ch.FileDispatcherImpl.read0(Native Method)
	at sun.nio.ch.SocketDispatcher.read(SocketDispatcher.java:39)
	at sun.nio.ch.IOUtil.readIntoNativeBuffer(IOUtil.java:223)
	at sun.nio.ch.IOUtil.read(IOUtil.java:197)
	at sun.nio.ch.SocketChannelImpl.read(SocketChannelImpl.java:380)
	at org.apache.hadoop.net.SocketInputStream$Reader.performIO(SocketInputStream.java:57)
	at org.apache.hadoop.net.SocketIOWithTimeout.doIO(SocketIOWithTimeout.java:142)
	at org.apache.hadoop.net.SocketInputStream.read(SocketInputStream.java:161)
	at org.apache.hadoop.net.SocketInputStream.read(SocketInputStream.java:131)
	at org.apache.hadoop.net.SocketInputStream.read(SocketInputStream.java:118)
	at java.io.FilterInputStream.read(FilterInputStream.java:83)
	at org.apache.hadoop.hdfs.protocolPB.PBHelperClient.vintPrefixed(PBHelperClient.java:547)
	at org.apache.hadoop.hdfs.client.impl.BlockReaderRemote.newBlockReader(BlockReaderRemote.java:407)
	at org.apache.hadoop.hdfs.client.impl.BlockReaderFactory.getRemoteBlockReader(BlockReaderFactory.java:853)
	at org.apache.hadoop.hdfs.client.impl.BlockReaderFactory.getRemoteBlockReaderFromTcp(BlockReaderFactory.java:749)
	at org.apache.hadoop.hdfs.client.impl.BlockReaderFactory.build(BlockReaderFactory.java:379)
	at org.apache.hadoop.hdfs.DFSInputStream.getBlockReader(DFSInputStream.java:641)
	at org.apache.hadoop.hdfs.DFSInputStream.blockSeekTo(DFSInputStream.java:572)
	at org.apache.hadoop.hdfs.DFSInputStream.readWithStrategy(DFSInputStream.java:754)
	at org.apache.hadoop.hdfs.DFSInputStream.read(DFSInputStream.java:820)
	at java.io.DataInputStream.read(DataInputStream.java:100)
	at org.apache.hadoop.io.IOUtils.copyBytes(IOUtils.java:100)
	at org.apache.hadoop.io.IOUtils.copyBytes(IOUtils.java:68)
	at org.apache.hadoop.io.IOUtils.copyBytes(IOUtils.java:129)
	at org.apache.hadoop.fs.shell.CommandWithDestination$TargetFileSystem.writeStreamToFile(CommandWithDestination.java:485)
	at org.apache.hadoop.fs.shell.CommandWithDestination.copyStreamToTarget(CommandWithDestination.java:407)
	at org.apache.hadoop.fs.shell.CommandWithDestination.copyFileToTarget(CommandWithDestination.java:342)
	at org.apache.hadoop.fs.shell.CommandWithDestination.processPath(CommandWithDestination.java:277)
	at org.apache.hadoop.fs.shell.CommandWithDestination.processPath(CommandWithDestination.java:262)
	at org.apache.hadoop.fs.shell.Command.processPaths(Command.java:331)
	at org.apache.hadoop.fs.shell.Command.processPathArgument(Command.java:303)
	at org.apache.hadoop.fs.shell.CommandWithDestination.processPathArgument(CommandWithDestination.java:257)
	at org.apache.hadoop.fs.shell.Command.processArgument(Command.java:285)
	at org.apache.hadoop.fs.shell.Command.processArguments(Command.java:269)
	at org.apache.hadoop.fs.shell.CommandWithDestination.processArguments(CommandWithDestination.java:228)
	at org.apache.hadoop.fs.shell.FsCommand.processRawArguments(FsCommand.java:120)
	at org.apache.hadoop.fs.shell.Command.run(Command.java:176)
	at org.apache.hadoop.fs.FsShell.run(FsShell.java:328)
	at org.apache.hadoop.util.ToolRunner.run(ToolRunner.java:76)
	at org.apache.hadoop.util.ToolRunner.run(ToolRunner.java:90)
	at org.apache.hadoop.fs.FsShell.main(FsShell.java:391)
2019-03-20 12:03:32,063 INFO  hdfs.DFSClient DFSInputStream.java:blockSeekTo:576 - Successfully connected to /10.10.1.2:9866 for BP-843548393-130.127.133.21-1553104626890:blk_1073741910_1086
file 4 has been read from HDFS for 10 time
diff succeed!
Deleted /myfile4
file 4 has been removed from HDFS
2019-03-20 12:03:42,362 INFO  hdfs.DataStreamer DataStreamer.java:createBlockOutputStream:1789 - Exception in createBlockOutputStream blk_1073741963_1139
java.io.IOException: Got error, status=ERROR, status message , ack with firstBadLink as 10.10.1.6:9866
	at org.apache.hadoop.hdfs.protocol.datatransfer.DataTransferProtoUtil.checkBlockOpStatus(DataTransferProtoUtil.java:134)
	at org.apache.hadoop.hdfs.protocol.datatransfer.DataTransferProtoUtil.checkBlockOpStatus(DataTransferProtoUtil.java:110)
	at org.apache.hadoop.hdfs.DataStreamer.createBlockOutputStream(DataStreamer.java:1778)
	at org.apache.hadoop.hdfs.DataStreamer.nextBlockOutputStream(DataStreamer.java:1679)
	at org.apache.hadoop.hdfs.DataStreamer.run(DataStreamer.java:716)
2019-03-20 12:03:42,368 WARN  hdfs.DataStreamer DataStreamer.java:nextBlockOutputStream:1683 - Abandoning BP-843548393-130.127.133.21-1553104626890:blk_1073741963_1139
2019-03-20 12:03:42,389 WARN  hdfs.DataStreamer DataStreamer.java:nextBlockOutputStream:1688 - Excluding datanode DatanodeInfoWithStorage[10.10.1.6:9866,DS-73530dca-1f11-437d-b001-71ad16ac341e,DISK]
Found 3 items
-rw-r--r--   3 root supergroup 1073741824 2019-03-20 12:03 /myfile2
-rw-r--r--   3 root supergroup 1073741824 2019-03-20 12:03 /myfile3
-rw-r--r--   3 root supergroup 1073741824 2019-03-20 12:03 /myfile4
file 4 has been put into HDFS
file 4 has been read from HDFS for 1 time
diff succeed!
file 4 has been read from HDFS for 2 time
diff succeed!
file 4 has been read from HDFS for 3 time
diff succeed!
file 4 has been read from HDFS for 4 time
diff succeed!
file 4 has been read from HDFS for 5 time
diff succeed!
file 4 has been read from HDFS for 6 time
diff succeed!
file 4 has been read from HDFS for 7 time
diff succeed!
file 4 has been read from HDFS for 8 time
diff succeed!
file 4 has been read from HDFS for 9 time
diff succeed!
file 4 has been read from HDFS for 10 time
diff succeed!
Deleted /myfile4
file 4 has been removed from HDFS
2019-03-20 12:05:08,857 INFO  hdfs.DataStreamer DataStreamer.java:createBlockOutputStream:1789 - Exception in createBlockOutputStream blk_1073742008_1184
java.io.IOException: Connection reset by peer
	at sun.nio.ch.FileDispatcherImpl.read0(Native Method)
	at sun.nio.ch.SocketDispatcher.read(SocketDispatcher.java:39)
	at sun.nio.ch.IOUtil.readIntoNativeBuffer(IOUtil.java:223)
	at sun.nio.ch.IOUtil.read(IOUtil.java:197)
	at sun.nio.ch.SocketChannelImpl.read(SocketChannelImpl.java:380)
	at org.apache.hadoop.net.SocketInputStream$Reader.performIO(SocketInputStream.java:57)
	at org.apache.hadoop.net.SocketIOWithTimeout.doIO(SocketIOWithTimeout.java:142)
	at org.apache.hadoop.net.SocketInputStream.read(SocketInputStream.java:161)
	at org.apache.hadoop.net.SocketInputStream.read(SocketInputStream.java:131)
	at org.apache.hadoop.net.SocketInputStream.read(SocketInputStream.java:118)
	at java.io.FilterInputStream.read(FilterInputStream.java:83)
	at java.io.FilterInputStream.read(FilterInputStream.java:83)
	at org.apache.hadoop.hdfs.protocolPB.PBHelperClient.vintPrefixed(PBHelperClient.java:547)
	at org.apache.hadoop.hdfs.DataStreamer.createBlockOutputStream(DataStreamer.java:1762)
	at org.apache.hadoop.hdfs.DataStreamer.nextBlockOutputStream(DataStreamer.java:1679)
	at org.apache.hadoop.hdfs.DataStreamer.run(DataStreamer.java:716)
2019-03-20 12:05:08,863 WARN  hdfs.DataStreamer DataStreamer.java:nextBlockOutputStream:1683 - Abandoning BP-843548393-130.127.133.21-1553104626890:blk_1073742008_1184
2019-03-20 12:05:08,878 WARN  hdfs.DataStreamer DataStreamer.java:nextBlockOutputStream:1688 - Excluding datanode DatanodeInfoWithStorage[10.10.1.6:9866,DS-73530dca-1f11-437d-b001-71ad16ac341e,DISK]
Found 5 items
-rw-r--r--   3 root supergroup 1073741824 2019-03-20 12:03 /myfile1
-rw-r--r--   3 root supergroup 1073741824 2019-03-20 12:05 /myfile2
-rw-r--r--   3 root supergroup 1073741824 2019-03-20 12:05 /myfile3
-rw-r--r--   3 root supergroup 1073741824 2019-03-20 12:05 /myfile4
-rw-r--r--   3 root supergroup 1073741824 2019-03-20 12:03 /myfile5
file 4 has been put into HDFS
file 4 has been read from HDFS for 1 time
diff succeed!
file 4 has been read from HDFS for 2 time
diff succeed!
file 4 has been read from HDFS for 3 time
diff succeed!
file 4 has been read from HDFS for 4 time
diff succeed!
file 4 has been read from HDFS for 5 time
diff succeed!
file 4 has been read from HDFS for 6 time
diff succeed!
file 4 has been read from HDFS for 7 time
diff succeed!
file 4 has been read from HDFS for 8 time
diff succeed!
file 4 has been read from HDFS for 9 time
diff succeed!
file 4 has been read from HDFS for 10 time
diff succeed!
Deleted /myfile4
file 4 has been removed from HDFS
2019-03-20 12:07:11,439 INFO  hdfs.DataStreamer DataStreamer.java:createBlockOutputStream:1789 - Exception in createBlockOutputStream blk_1073742054_1230
java.io.IOException: Connection reset by peer
	at sun.nio.ch.FileDispatcherImpl.read0(Native Method)
	at sun.nio.ch.SocketDispatcher.read(SocketDispatcher.java:39)
	at sun.nio.ch.IOUtil.readIntoNativeBuffer(IOUtil.java:223)
	at sun.nio.ch.IOUtil.read(IOUtil.java:197)
	at sun.nio.ch.SocketChannelImpl.read(SocketChannelImpl.java:380)
	at org.apache.hadoop.net.SocketInputStream$Reader.performIO(SocketInputStream.java:57)
	at org.apache.hadoop.net.SocketIOWithTimeout.doIO(SocketIOWithTimeout.java:142)
	at org.apache.hadoop.net.SocketInputStream.read(SocketInputStream.java:161)
	at org.apache.hadoop.net.SocketInputStream.read(SocketInputStream.java:131)
	at org.apache.hadoop.net.SocketInputStream.read(SocketInputStream.java:118)
	at java.io.FilterInputStream.read(FilterInputStream.java:83)
	at java.io.FilterInputStream.read(FilterInputStream.java:83)
	at org.apache.hadoop.hdfs.protocolPB.PBHelperClient.vintPrefixed(PBHelperClient.java:547)
	at org.apache.hadoop.hdfs.DataStreamer.createBlockOutputStream(DataStreamer.java:1762)
	at org.apache.hadoop.hdfs.DataStreamer.nextBlockOutputStream(DataStreamer.java:1679)
	at org.apache.hadoop.hdfs.DataStreamer.run(DataStreamer.java:716)
2019-03-20 12:07:11,444 WARN  hdfs.DataStreamer DataStreamer.java:nextBlockOutputStream:1683 - Abandoning BP-843548393-130.127.133.21-1553104626890:blk_1073742054_1230
2019-03-20 12:07:11,461 WARN  hdfs.DataStreamer DataStreamer.java:nextBlockOutputStream:1688 - Excluding datanode DatanodeInfoWithStorage[10.10.1.6:9866,DS-73530dca-1f11-437d-b001-71ad16ac341e,DISK]
Found 5 items
-rw-r--r--   3 root supergroup 1073741824 2019-03-20 12:06 /myfile1
-rw-r--r--   3 root supergroup 1073741824 2019-03-20 12:06 /myfile2
-rw-r--r--   3 root supergroup 1073741824 2019-03-20 12:07 /myfile3
-rw-r--r--   3 root supergroup 1073741824 2019-03-20 12:07 /myfile4
-rw-r--r--   3 root supergroup  536870912 2019-03-20 12:07 /myfile5._COPYING_
file 4 has been put into HDFS
file 4 has been read from HDFS for 1 time
diff succeed!
file 4 has been read from HDFS for 2 time
diff succeed!
file 4 has been read from HDFS for 3 time
diff succeed!
file 4 has been read from HDFS for 4 time
diff succeed!
file 4 has been read from HDFS for 5 time
diff succeed!
file 4 has been read from HDFS for 6 time
diff succeed!
file 4 has been read from HDFS for 7 time
diff succeed!
file 4 has been read from HDFS for 8 time
diff succeed!
file 4 has been read from HDFS for 9 time
diff succeed!
file 4 has been read from HDFS for 10 time
diff succeed!
Deleted /myfile4
file 4 has been removed from HDFS
Found 4 items
-rw-r--r--   3 root supergroup 1073741824 2019-03-20 12:08 /myfile1
-rw-r--r--   3 root supergroup 1073741824 2019-03-20 12:08 /myfile2
-rw-r--r--   3 root supergroup 1073741824 2019-03-20 12:08 /myfile3
-rw-r--r--   3 root supergroup 1073741824 2019-03-20 12:08 /myfile4
file 4 has been put into HDFS
file 4 has been read from HDFS for 1 time
diff succeed!
file 4 has been read from HDFS for 2 time
diff succeed!
file 4 has been read from HDFS for 3 time
diff succeed!
file 4 has been read from HDFS for 4 time
diff succeed!
file 4 has been read from HDFS for 5 time
diff succeed!
file 4 has been read from HDFS for 6 time
diff succeed!
file 4 has been read from HDFS for 7 time
diff succeed!
file 4 has been read from HDFS for 8 time
diff succeed!
file 4 has been read from HDFS for 9 time
diff succeed!
file 4 has been read from HDFS for 10 time
diff succeed!
Deleted /myfile4
file 4 has been removed from HDFS
Found 5 items
-rw-r--r--   3 root supergroup 1073741824 2019-03-20 12:09 /myfile1
-rw-r--r--   3 root supergroup 1073741824 2019-03-20 12:09 /myfile2
-rw-r--r--   3 root supergroup 1073741824 2019-03-20 12:10 /myfile3
-rw-r--r--   3 root supergroup 1073741824 2019-03-20 12:10 /myfile4
-rw-r--r--   3 root supergroup 1073741824 2019-03-20 12:09 /myfile5
file 4 has been put into HDFS
file 4 has been read from HDFS for 1 time
diff succeed!
file 4 has been read from HDFS for 2 time
diff succeed!
file 4 has been read from HDFS for 3 time
diff succeed!
file 4 has been read from HDFS for 4 time
diff succeed!
file 4 has been read from HDFS for 5 time
diff succeed!
file 4 has been read from HDFS for 6 time
diff succeed!
file 4 has been read from HDFS for 7 time
diff succeed!
file 4 has been read from HDFS for 8 time
diff succeed!
file 4 has been read from HDFS for 9 time
diff succeed!
file 4 has been read from HDFS for 10 time
diff succeed!
Deleted /myfile4
file 4 has been removed from HDFS
Found 5 items
-rw-r--r--   3 root supergroup 1073741824 2019-03-20 12:11 /myfile1
-rw-r--r--   3 root supergroup 1073741824 2019-03-20 12:11 /myfile2
-rw-r--r--   3 root supergroup 1073741824 2019-03-20 12:11 /myfile3
-rw-r--r--   3 root supergroup 1073741824 2019-03-20 12:12 /myfile4
-rw-r--r--   3 root supergroup 1073741824 2019-03-20 12:11 /myfile5
file 4 has been put into HDFS
file 4 has been read from HDFS for 1 time
diff succeed!
file 4 has been read from HDFS for 2 time
diff succeed!
file 4 has been read from HDFS for 3 time
diff succeed!
file 4 has been read from HDFS for 4 time
diff succeed!
2019-03-20 12:13:31,120 WARN  impl.BlockReaderFactory BlockReaderFactory.java:getRemoteBlockReaderFromTcp:764 - I/O error constructing remote block reader.
java.io.IOException: Connection reset by peer
	at sun.nio.ch.FileDispatcherImpl.read0(Native Method)
	at sun.nio.ch.SocketDispatcher.read(SocketDispatcher.java:39)
	at sun.nio.ch.IOUtil.readIntoNativeBuffer(IOUtil.java:223)
	at sun.nio.ch.IOUtil.read(IOUtil.java:197)
	at sun.nio.ch.SocketChannelImpl.read(SocketChannelImpl.java:380)
	at org.apache.hadoop.net.SocketInputStream$Reader.performIO(SocketInputStream.java:57)
	at org.apache.hadoop.net.SocketIOWithTimeout.doIO(SocketIOWithTimeout.java:142)
	at org.apache.hadoop.net.SocketInputStream.read(SocketInputStream.java:161)
	at org.apache.hadoop.net.SocketInputStream.read(SocketInputStream.java:131)
	at org.apache.hadoop.net.SocketInputStream.read(SocketInputStream.java:118)
	at java.io.FilterInputStream.read(FilterInputStream.java:83)
	at org.apache.hadoop.hdfs.protocolPB.PBHelperClient.vintPrefixed(PBHelperClient.java:547)
	at org.apache.hadoop.hdfs.client.impl.BlockReaderRemote.newBlockReader(BlockReaderRemote.java:407)
	at org.apache.hadoop.hdfs.client.impl.BlockReaderFactory.getRemoteBlockReader(BlockReaderFactory.java:853)
	at org.apache.hadoop.hdfs.client.impl.BlockReaderFactory.getRemoteBlockReaderFromTcp(BlockReaderFactory.java:749)
	at org.apache.hadoop.hdfs.client.impl.BlockReaderFactory.build(BlockReaderFactory.java:379)
	at org.apache.hadoop.hdfs.DFSInputStream.getBlockReader(DFSInputStream.java:641)
	at org.apache.hadoop.hdfs.DFSInputStream.blockSeekTo(DFSInputStream.java:572)
	at org.apache.hadoop.hdfs.DFSInputStream.readWithStrategy(DFSInputStream.java:754)
	at org.apache.hadoop.hdfs.DFSInputStream.read(DFSInputStream.java:820)
	at java.io.DataInputStream.read(DataInputStream.java:100)
	at org.apache.hadoop.io.IOUtils.copyBytes(IOUtils.java:100)
	at org.apache.hadoop.io.IOUtils.copyBytes(IOUtils.java:68)
	at org.apache.hadoop.io.IOUtils.copyBytes(IOUtils.java:129)
	at org.apache.hadoop.fs.shell.CommandWithDestination$TargetFileSystem.writeStreamToFile(CommandWithDestination.java:485)
	at org.apache.hadoop.fs.shell.CommandWithDestination.copyStreamToTarget(CommandWithDestination.java:407)
	at org.apache.hadoop.fs.shell.CommandWithDestination.copyFileToTarget(CommandWithDestination.java:342)
	at org.apache.hadoop.fs.shell.CommandWithDestination.processPath(CommandWithDestination.java:277)
	at org.apache.hadoop.fs.shell.CommandWithDestination.processPath(CommandWithDestination.java:262)
	at org.apache.hadoop.fs.shell.Command.processPaths(Command.java:331)
	at org.apache.hadoop.fs.shell.Command.processPathArgument(Command.java:303)
	at org.apache.hadoop.fs.shell.CommandWithDestination.processPathArgument(CommandWithDestination.java:257)
	at org.apache.hadoop.fs.shell.Command.processArgument(Command.java:285)
	at org.apache.hadoop.fs.shell.Command.processArguments(Command.java:269)
	at org.apache.hadoop.fs.shell.CommandWithDestination.processArguments(CommandWithDestination.java:228)
	at org.apache.hadoop.fs.shell.FsCommand.processRawArguments(FsCommand.java:120)
	at org.apache.hadoop.fs.shell.Command.run(Command.java:176)
	at org.apache.hadoop.fs.FsShell.run(FsShell.java:328)
	at org.apache.hadoop.util.ToolRunner.run(ToolRunner.java:76)
	at org.apache.hadoop.util.ToolRunner.run(ToolRunner.java:90)
	at org.apache.hadoop.fs.FsShell.main(FsShell.java:391)
2019-03-20 12:13:31,136 WARN  hdfs.DFSClient DFSInputStream.java:blockSeekTo:594 - Failed to connect to /10.10.1.6:9866 for block BP-843548393-130.127.133.21-1553104626890:blk_1073742176_1352, add to deadNodes and continue. 
java.io.IOException: Connection reset by peer
	at sun.nio.ch.FileDispatcherImpl.read0(Native Method)
	at sun.nio.ch.SocketDispatcher.read(SocketDispatcher.java:39)
	at sun.nio.ch.IOUtil.readIntoNativeBuffer(IOUtil.java:223)
	at sun.nio.ch.IOUtil.read(IOUtil.java:197)
	at sun.nio.ch.SocketChannelImpl.read(SocketChannelImpl.java:380)
	at org.apache.hadoop.net.SocketInputStream$Reader.performIO(SocketInputStream.java:57)
	at org.apache.hadoop.net.SocketIOWithTimeout.doIO(SocketIOWithTimeout.java:142)
	at org.apache.hadoop.net.SocketInputStream.read(SocketInputStream.java:161)
	at org.apache.hadoop.net.SocketInputStream.read(SocketInputStream.java:131)
	at org.apache.hadoop.net.SocketInputStream.read(SocketInputStream.java:118)
	at java.io.FilterInputStream.read(FilterInputStream.java:83)
	at org.apache.hadoop.hdfs.protocolPB.PBHelperClient.vintPrefixed(PBHelperClient.java:547)
	at org.apache.hadoop.hdfs.client.impl.BlockReaderRemote.newBlockReader(BlockReaderRemote.java:407)
	at org.apache.hadoop.hdfs.client.impl.BlockReaderFactory.getRemoteBlockReader(BlockReaderFactory.java:853)
	at org.apache.hadoop.hdfs.client.impl.BlockReaderFactory.getRemoteBlockReaderFromTcp(BlockReaderFactory.java:749)
	at org.apache.hadoop.hdfs.client.impl.BlockReaderFactory.build(BlockReaderFactory.java:379)
	at org.apache.hadoop.hdfs.DFSInputStream.getBlockReader(DFSInputStream.java:641)
	at org.apache.hadoop.hdfs.DFSInputStream.blockSeekTo(DFSInputStream.java:572)
	at org.apache.hadoop.hdfs.DFSInputStream.readWithStrategy(DFSInputStream.java:754)
	at org.apache.hadoop.hdfs.DFSInputStream.read(DFSInputStream.java:820)
	at java.io.DataInputStream.read(DataInputStream.java:100)
	at org.apache.hadoop.io.IOUtils.copyBytes(IOUtils.java:100)
	at org.apache.hadoop.io.IOUtils.copyBytes(IOUtils.java:68)
	at org.apache.hadoop.io.IOUtils.copyBytes(IOUtils.java:129)
	at org.apache.hadoop.fs.shell.CommandWithDestination$TargetFileSystem.writeStreamToFile(CommandWithDestination.java:485)
	at org.apache.hadoop.fs.shell.CommandWithDestination.copyStreamToTarget(CommandWithDestination.java:407)
	at org.apache.hadoop.fs.shell.CommandWithDestination.copyFileToTarget(CommandWithDestination.java:342)
	at org.apache.hadoop.fs.shell.CommandWithDestination.processPath(CommandWithDestination.java:277)
	at org.apache.hadoop.fs.shell.CommandWithDestination.processPath(CommandWithDestination.java:262)
	at org.apache.hadoop.fs.shell.Command.processPaths(Command.java:331)
	at org.apache.hadoop.fs.shell.Command.processPathArgument(Command.java:303)
	at org.apache.hadoop.fs.shell.CommandWithDestination.processPathArgument(CommandWithDestination.java:257)
	at org.apache.hadoop.fs.shell.Command.processArgument(Command.java:285)
	at org.apache.hadoop.fs.shell.Command.processArguments(Command.java:269)
	at org.apache.hadoop.fs.shell.CommandWithDestination.processArguments(CommandWithDestination.java:228)
	at org.apache.hadoop.fs.shell.FsCommand.processRawArguments(FsCommand.java:120)
	at org.apache.hadoop.fs.shell.Command.run(Command.java:176)
	at org.apache.hadoop.fs.FsShell.run(FsShell.java:328)
	at org.apache.hadoop.util.ToolRunner.run(ToolRunner.java:76)
	at org.apache.hadoop.util.ToolRunner.run(ToolRunner.java:90)
	at org.apache.hadoop.fs.FsShell.main(FsShell.java:391)
2019-03-20 12:13:31,142 INFO  hdfs.DFSClient DFSInputStream.java:blockSeekTo:576 - Successfully connected to /10.10.1.3:9866 for BP-843548393-130.127.133.21-1553104626890:blk_1073742176_1352
file 4 has been read from HDFS for 5 time
diff succeed!
2019-03-20 12:13:39,050 WARN  impl.BlockReaderFactory BlockReaderFactory.java:getRemoteBlockReaderFromTcp:764 - I/O error constructing remote block reader.
java.io.IOException: Connection reset by peer
	at sun.nio.ch.FileDispatcherImpl.read0(Native Method)
	at sun.nio.ch.SocketDispatcher.read(SocketDispatcher.java:39)
	at sun.nio.ch.IOUtil.readIntoNativeBuffer(IOUtil.java:223)
	at sun.nio.ch.IOUtil.read(IOUtil.java:197)
	at sun.nio.ch.SocketChannelImpl.read(SocketChannelImpl.java:380)
	at org.apache.hadoop.net.SocketInputStream$Reader.performIO(SocketInputStream.java:57)
	at org.apache.hadoop.net.SocketIOWithTimeout.doIO(SocketIOWithTimeout.java:142)
	at org.apache.hadoop.net.SocketInputStream.read(SocketInputStream.java:161)
	at org.apache.hadoop.net.SocketInputStream.read(SocketInputStream.java:131)
	at org.apache.hadoop.net.SocketInputStream.read(SocketInputStream.java:118)
	at java.io.FilterInputStream.read(FilterInputStream.java:83)
	at org.apache.hadoop.hdfs.protocolPB.PBHelperClient.vintPrefixed(PBHelperClient.java:547)
	at org.apache.hadoop.hdfs.client.impl.BlockReaderRemote.newBlockReader(BlockReaderRemote.java:407)
	at org.apache.hadoop.hdfs.client.impl.BlockReaderFactory.getRemoteBlockReader(BlockReaderFactory.java:853)
	at org.apache.hadoop.hdfs.client.impl.BlockReaderFactory.getRemoteBlockReaderFromTcp(BlockReaderFactory.java:749)
	at org.apache.hadoop.hdfs.client.impl.BlockReaderFactory.build(BlockReaderFactory.java:379)
	at org.apache.hadoop.hdfs.DFSInputStream.getBlockReader(DFSInputStream.java:641)
	at org.apache.hadoop.hdfs.DFSInputStream.blockSeekTo(DFSInputStream.java:572)
	at org.apache.hadoop.hdfs.DFSInputStream.readWithStrategy(DFSInputStream.java:754)
	at org.apache.hadoop.hdfs.DFSInputStream.read(DFSInputStream.java:820)
	at java.io.DataInputStream.read(DataInputStream.java:100)
	at org.apache.hadoop.io.IOUtils.copyBytes(IOUtils.java:100)
	at org.apache.hadoop.io.IOUtils.copyBytes(IOUtils.java:68)
	at org.apache.hadoop.io.IOUtils.copyBytes(IOUtils.java:129)
	at org.apache.hadoop.fs.shell.CommandWithDestination$TargetFileSystem.writeStreamToFile(CommandWithDestination.java:485)
	at org.apache.hadoop.fs.shell.CommandWithDestination.copyStreamToTarget(CommandWithDestination.java:407)
	at org.apache.hadoop.fs.shell.CommandWithDestination.copyFileToTarget(CommandWithDestination.java:342)
	at org.apache.hadoop.fs.shell.CommandWithDestination.processPath(CommandWithDestination.java:277)
	at org.apache.hadoop.fs.shell.CommandWithDestination.processPath(CommandWithDestination.java:262)
	at org.apache.hadoop.fs.shell.Command.processPaths(Command.java:331)
	at org.apache.hadoop.fs.shell.Command.processPathArgument(Command.java:303)
	at org.apache.hadoop.fs.shell.CommandWithDestination.processPathArgument(CommandWithDestination.java:257)
	at org.apache.hadoop.fs.shell.Command.processArgument(Command.java:285)
	at org.apache.hadoop.fs.shell.Command.processArguments(Command.java:269)
	at org.apache.hadoop.fs.shell.CommandWithDestination.processArguments(CommandWithDestination.java:228)
	at org.apache.hadoop.fs.shell.FsCommand.processRawArguments(FsCommand.java:120)
	at org.apache.hadoop.fs.shell.Command.run(Command.java:176)
	at org.apache.hadoop.fs.FsShell.run(FsShell.java:328)
	at org.apache.hadoop.util.ToolRunner.run(ToolRunner.java:76)
	at org.apache.hadoop.util.ToolRunner.run(ToolRunner.java:90)
	at org.apache.hadoop.fs.FsShell.main(FsShell.java:391)
2019-03-20 12:13:39,061 WARN  hdfs.DFSClient DFSInputStream.java:blockSeekTo:594 - Failed to connect to /10.10.1.6:9866 for block BP-843548393-130.127.133.21-1553104626890:blk_1073742176_1352, add to deadNodes and continue. 
java.io.IOException: Connection reset by peer
	at sun.nio.ch.FileDispatcherImpl.read0(Native Method)
	at sun.nio.ch.SocketDispatcher.read(SocketDispatcher.java:39)
	at sun.nio.ch.IOUtil.readIntoNativeBuffer(IOUtil.java:223)
	at sun.nio.ch.IOUtil.read(IOUtil.java:197)
	at sun.nio.ch.SocketChannelImpl.read(SocketChannelImpl.java:380)
	at org.apache.hadoop.net.SocketInputStream$Reader.performIO(SocketInputStream.java:57)
	at org.apache.hadoop.net.SocketIOWithTimeout.doIO(SocketIOWithTimeout.java:142)
	at org.apache.hadoop.net.SocketInputStream.read(SocketInputStream.java:161)
	at org.apache.hadoop.net.SocketInputStream.read(SocketInputStream.java:131)
	at org.apache.hadoop.net.SocketInputStream.read(SocketInputStream.java:118)
	at java.io.FilterInputStream.read(FilterInputStream.java:83)
	at org.apache.hadoop.hdfs.protocolPB.PBHelperClient.vintPrefixed(PBHelperClient.java:547)
	at org.apache.hadoop.hdfs.client.impl.BlockReaderRemote.newBlockReader(BlockReaderRemote.java:407)
	at org.apache.hadoop.hdfs.client.impl.BlockReaderFactory.getRemoteBlockReader(BlockReaderFactory.java:853)
	at org.apache.hadoop.hdfs.client.impl.BlockReaderFactory.getRemoteBlockReaderFromTcp(BlockReaderFactory.java:749)
	at org.apache.hadoop.hdfs.client.impl.BlockReaderFactory.build(BlockReaderFactory.java:379)
	at org.apache.hadoop.hdfs.DFSInputStream.getBlockReader(DFSInputStream.java:641)
	at org.apache.hadoop.hdfs.DFSInputStream.blockSeekTo(DFSInputStream.java:572)
	at org.apache.hadoop.hdfs.DFSInputStream.readWithStrategy(DFSInputStream.java:754)
	at org.apache.hadoop.hdfs.DFSInputStream.read(DFSInputStream.java:820)
	at java.io.DataInputStream.read(DataInputStream.java:100)
	at org.apache.hadoop.io.IOUtils.copyBytes(IOUtils.java:100)
	at org.apache.hadoop.io.IOUtils.copyBytes(IOUtils.java:68)
	at org.apache.hadoop.io.IOUtils.copyBytes(IOUtils.java:129)
	at org.apache.hadoop.fs.shell.CommandWithDestination$TargetFileSystem.writeStreamToFile(CommandWithDestination.java:485)
	at org.apache.hadoop.fs.shell.CommandWithDestination.copyStreamToTarget(CommandWithDestination.java:407)
	at org.apache.hadoop.fs.shell.CommandWithDestination.copyFileToTarget(CommandWithDestination.java:342)
	at org.apache.hadoop.fs.shell.CommandWithDestination.processPath(CommandWithDestination.java:277)
	at org.apache.hadoop.fs.shell.CommandWithDestination.processPath(CommandWithDestination.java:262)
	at org.apache.hadoop.fs.shell.Command.processPaths(Command.java:331)
	at org.apache.hadoop.fs.shell.Command.processPathArgument(Command.java:303)
	at org.apache.hadoop.fs.shell.CommandWithDestination.processPathArgument(CommandWithDestination.java:257)
	at org.apache.hadoop.fs.shell.Command.processArgument(Command.java:285)
	at org.apache.hadoop.fs.shell.Command.processArguments(Command.java:269)
	at org.apache.hadoop.fs.shell.CommandWithDestination.processArguments(CommandWithDestination.java:228)
	at org.apache.hadoop.fs.shell.FsCommand.processRawArguments(FsCommand.java:120)
	at org.apache.hadoop.fs.shell.Command.run(Command.java:176)
	at org.apache.hadoop.fs.FsShell.run(FsShell.java:328)
	at org.apache.hadoop.util.ToolRunner.run(ToolRunner.java:76)
	at org.apache.hadoop.util.ToolRunner.run(ToolRunner.java:90)
	at org.apache.hadoop.fs.FsShell.main(FsShell.java:391)
2019-03-20 12:13:39,066 INFO  hdfs.DFSClient DFSInputStream.java:blockSeekTo:576 - Successfully connected to /10.10.1.3:9866 for BP-843548393-130.127.133.21-1553104626890:blk_1073742176_1352
file 4 has been read from HDFS for 6 time
diff succeed!
2019-03-20 12:13:46,543 WARN  impl.BlockReaderFactory BlockReaderFactory.java:getRemoteBlockReaderFromTcp:764 - I/O error constructing remote block reader.
java.io.IOException: Connection reset by peer
	at sun.nio.ch.FileDispatcherImpl.read0(Native Method)
	at sun.nio.ch.SocketDispatcher.read(SocketDispatcher.java:39)
	at sun.nio.ch.IOUtil.readIntoNativeBuffer(IOUtil.java:223)
	at sun.nio.ch.IOUtil.read(IOUtil.java:197)
	at sun.nio.ch.SocketChannelImpl.read(SocketChannelImpl.java:380)
	at org.apache.hadoop.net.SocketInputStream$Reader.performIO(SocketInputStream.java:57)
	at org.apache.hadoop.net.SocketIOWithTimeout.doIO(SocketIOWithTimeout.java:142)
	at org.apache.hadoop.net.SocketInputStream.read(SocketInputStream.java:161)
	at org.apache.hadoop.net.SocketInputStream.read(SocketInputStream.java:131)
	at org.apache.hadoop.net.SocketInputStream.read(SocketInputStream.java:118)
	at java.io.FilterInputStream.read(FilterInputStream.java:83)
	at org.apache.hadoop.hdfs.protocolPB.PBHelperClient.vintPrefixed(PBHelperClient.java:547)
	at org.apache.hadoop.hdfs.client.impl.BlockReaderRemote.newBlockReader(BlockReaderRemote.java:407)
	at org.apache.hadoop.hdfs.client.impl.BlockReaderFactory.getRemoteBlockReader(BlockReaderFactory.java:853)
	at org.apache.hadoop.hdfs.client.impl.BlockReaderFactory.getRemoteBlockReaderFromTcp(BlockReaderFactory.java:749)
	at org.apache.hadoop.hdfs.client.impl.BlockReaderFactory.build(BlockReaderFactory.java:379)
	at org.apache.hadoop.hdfs.DFSInputStream.getBlockReader(DFSInputStream.java:641)
	at org.apache.hadoop.hdfs.DFSInputStream.blockSeekTo(DFSInputStream.java:572)
	at org.apache.hadoop.hdfs.DFSInputStream.readWithStrategy(DFSInputStream.java:754)
	at org.apache.hadoop.hdfs.DFSInputStream.read(DFSInputStream.java:820)
	at java.io.DataInputStream.read(DataInputStream.java:100)
	at org.apache.hadoop.io.IOUtils.copyBytes(IOUtils.java:100)
	at org.apache.hadoop.io.IOUtils.copyBytes(IOUtils.java:68)
	at org.apache.hadoop.io.IOUtils.copyBytes(IOUtils.java:129)
	at org.apache.hadoop.fs.shell.CommandWithDestination$TargetFileSystem.writeStreamToFile(CommandWithDestination.java:485)
	at org.apache.hadoop.fs.shell.CommandWithDestination.copyStreamToTarget(CommandWithDestination.java:407)
	at org.apache.hadoop.fs.shell.CommandWithDestination.copyFileToTarget(CommandWithDestination.java:342)
	at org.apache.hadoop.fs.shell.CommandWithDestination.processPath(CommandWithDestination.java:277)
	at org.apache.hadoop.fs.shell.CommandWithDestination.processPath(CommandWithDestination.java:262)
	at org.apache.hadoop.fs.shell.Command.processPaths(Command.java:331)
	at org.apache.hadoop.fs.shell.Command.processPathArgument(Command.java:303)
	at org.apache.hadoop.fs.shell.CommandWithDestination.processPathArgument(CommandWithDestination.java:257)
	at org.apache.hadoop.fs.shell.Command.processArgument(Command.java:285)
	at org.apache.hadoop.fs.shell.Command.processArguments(Command.java:269)
	at org.apache.hadoop.fs.shell.CommandWithDestination.processArguments(CommandWithDestination.java:228)
	at org.apache.hadoop.fs.shell.FsCommand.processRawArguments(FsCommand.java:120)
	at org.apache.hadoop.fs.shell.Command.run(Command.java:176)
	at org.apache.hadoop.fs.FsShell.run(FsShell.java:328)
	at org.apache.hadoop.util.ToolRunner.run(ToolRunner.java:76)
	at org.apache.hadoop.util.ToolRunner.run(ToolRunner.java:90)
	at org.apache.hadoop.fs.FsShell.main(FsShell.java:391)
2019-03-20 12:13:46,553 WARN  hdfs.DFSClient DFSInputStream.java:blockSeekTo:594 - Failed to connect to /10.10.1.6:9866 for block BP-843548393-130.127.133.21-1553104626890:blk_1073742176_1352, add to deadNodes and continue. 
java.io.IOException: Connection reset by peer
	at sun.nio.ch.FileDispatcherImpl.read0(Native Method)
	at sun.nio.ch.SocketDispatcher.read(SocketDispatcher.java:39)
	at sun.nio.ch.IOUtil.readIntoNativeBuffer(IOUtil.java:223)
	at sun.nio.ch.IOUtil.read(IOUtil.java:197)
	at sun.nio.ch.SocketChannelImpl.read(SocketChannelImpl.java:380)
	at org.apache.hadoop.net.SocketInputStream$Reader.performIO(SocketInputStream.java:57)
	at org.apache.hadoop.net.SocketIOWithTimeout.doIO(SocketIOWithTimeout.java:142)
	at org.apache.hadoop.net.SocketInputStream.read(SocketInputStream.java:161)
	at org.apache.hadoop.net.SocketInputStream.read(SocketInputStream.java:131)
	at org.apache.hadoop.net.SocketInputStream.read(SocketInputStream.java:118)
	at java.io.FilterInputStream.read(FilterInputStream.java:83)
	at org.apache.hadoop.hdfs.protocolPB.PBHelperClient.vintPrefixed(PBHelperClient.java:547)
	at org.apache.hadoop.hdfs.client.impl.BlockReaderRemote.newBlockReader(BlockReaderRemote.java:407)
	at org.apache.hadoop.hdfs.client.impl.BlockReaderFactory.getRemoteBlockReader(BlockReaderFactory.java:853)
	at org.apache.hadoop.hdfs.client.impl.BlockReaderFactory.getRemoteBlockReaderFromTcp(BlockReaderFactory.java:749)
	at org.apache.hadoop.hdfs.client.impl.BlockReaderFactory.build(BlockReaderFactory.java:379)
	at org.apache.hadoop.hdfs.DFSInputStream.getBlockReader(DFSInputStream.java:641)
	at org.apache.hadoop.hdfs.DFSInputStream.blockSeekTo(DFSInputStream.java:572)
	at org.apache.hadoop.hdfs.DFSInputStream.readWithStrategy(DFSInputStream.java:754)
	at org.apache.hadoop.hdfs.DFSInputStream.read(DFSInputStream.java:820)
	at java.io.DataInputStream.read(DataInputStream.java:100)
	at org.apache.hadoop.io.IOUtils.copyBytes(IOUtils.java:100)
	at org.apache.hadoop.io.IOUtils.copyBytes(IOUtils.java:68)
	at org.apache.hadoop.io.IOUtils.copyBytes(IOUtils.java:129)
	at org.apache.hadoop.fs.shell.CommandWithDestination$TargetFileSystem.writeStreamToFile(CommandWithDestination.java:485)
	at org.apache.hadoop.fs.shell.CommandWithDestination.copyStreamToTarget(CommandWithDestination.java:407)
	at org.apache.hadoop.fs.shell.CommandWithDestination.copyFileToTarget(CommandWithDestination.java:342)
	at org.apache.hadoop.fs.shell.CommandWithDestination.processPath(CommandWithDestination.java:277)
	at org.apache.hadoop.fs.shell.CommandWithDestination.processPath(CommandWithDestination.java:262)
	at org.apache.hadoop.fs.shell.Command.processPaths(Command.java:331)
	at org.apache.hadoop.fs.shell.Command.processPathArgument(Command.java:303)
	at org.apache.hadoop.fs.shell.CommandWithDestination.processPathArgument(CommandWithDestination.java:257)
	at org.apache.hadoop.fs.shell.Command.processArgument(Command.java:285)
	at org.apache.hadoop.fs.shell.Command.processArguments(Command.java:269)
	at org.apache.hadoop.fs.shell.CommandWithDestination.processArguments(CommandWithDestination.java:228)
	at org.apache.hadoop.fs.shell.FsCommand.processRawArguments(FsCommand.java:120)
	at org.apache.hadoop.fs.shell.Command.run(Command.java:176)
	at org.apache.hadoop.fs.FsShell.run(FsShell.java:328)
	at org.apache.hadoop.util.ToolRunner.run(ToolRunner.java:76)
	at org.apache.hadoop.util.ToolRunner.run(ToolRunner.java:90)
	at org.apache.hadoop.fs.FsShell.main(FsShell.java:391)
2019-03-20 12:13:46,557 INFO  hdfs.DFSClient DFSInputStream.java:blockSeekTo:576 - Successfully connected to /10.10.1.3:9866 for BP-843548393-130.127.133.21-1553104626890:blk_1073742176_1352
file 4 has been read from HDFS for 7 time
diff succeed!
2019-03-20 12:13:55,531 WARN  impl.BlockReaderFactory BlockReaderFactory.java:getRemoteBlockReaderFromTcp:764 - I/O error constructing remote block reader.
java.io.IOException: Connection reset by peer
	at sun.nio.ch.FileDispatcherImpl.read0(Native Method)
	at sun.nio.ch.SocketDispatcher.read(SocketDispatcher.java:39)
	at sun.nio.ch.IOUtil.readIntoNativeBuffer(IOUtil.java:223)
	at sun.nio.ch.IOUtil.read(IOUtil.java:197)
	at sun.nio.ch.SocketChannelImpl.read(SocketChannelImpl.java:380)
	at org.apache.hadoop.net.SocketInputStream$Reader.performIO(SocketInputStream.java:57)
	at org.apache.hadoop.net.SocketIOWithTimeout.doIO(SocketIOWithTimeout.java:142)
	at org.apache.hadoop.net.SocketInputStream.read(SocketInputStream.java:161)
	at org.apache.hadoop.net.SocketInputStream.read(SocketInputStream.java:131)
	at org.apache.hadoop.net.SocketInputStream.read(SocketInputStream.java:118)
	at java.io.FilterInputStream.read(FilterInputStream.java:83)
	at org.apache.hadoop.hdfs.protocolPB.PBHelperClient.vintPrefixed(PBHelperClient.java:547)
	at org.apache.hadoop.hdfs.client.impl.BlockReaderRemote.newBlockReader(BlockReaderRemote.java:407)
	at org.apache.hadoop.hdfs.client.impl.BlockReaderFactory.getRemoteBlockReader(BlockReaderFactory.java:853)
	at org.apache.hadoop.hdfs.client.impl.BlockReaderFactory.getRemoteBlockReaderFromTcp(BlockReaderFactory.java:749)
	at org.apache.hadoop.hdfs.client.impl.BlockReaderFactory.build(BlockReaderFactory.java:379)
	at org.apache.hadoop.hdfs.DFSInputStream.getBlockReader(DFSInputStream.java:641)
	at org.apache.hadoop.hdfs.DFSInputStream.blockSeekTo(DFSInputStream.java:572)
	at org.apache.hadoop.hdfs.DFSInputStream.readWithStrategy(DFSInputStream.java:754)
	at org.apache.hadoop.hdfs.DFSInputStream.read(DFSInputStream.java:820)
	at java.io.DataInputStream.read(DataInputStream.java:100)
	at org.apache.hadoop.io.IOUtils.copyBytes(IOUtils.java:100)
	at org.apache.hadoop.io.IOUtils.copyBytes(IOUtils.java:68)
	at org.apache.hadoop.io.IOUtils.copyBytes(IOUtils.java:129)
	at org.apache.hadoop.fs.shell.CommandWithDestination$TargetFileSystem.writeStreamToFile(CommandWithDestination.java:485)
	at org.apache.hadoop.fs.shell.CommandWithDestination.copyStreamToTarget(CommandWithDestination.java:407)
	at org.apache.hadoop.fs.shell.CommandWithDestination.copyFileToTarget(CommandWithDestination.java:342)
	at org.apache.hadoop.fs.shell.CommandWithDestination.processPath(CommandWithDestination.java:277)
	at org.apache.hadoop.fs.shell.CommandWithDestination.processPath(CommandWithDestination.java:262)
	at org.apache.hadoop.fs.shell.Command.processPaths(Command.java:331)
	at org.apache.hadoop.fs.shell.Command.processPathArgument(Command.java:303)
	at org.apache.hadoop.fs.shell.CommandWithDestination.processPathArgument(CommandWithDestination.java:257)
	at org.apache.hadoop.fs.shell.Command.processArgument(Command.java:285)
	at org.apache.hadoop.fs.shell.Command.processArguments(Command.java:269)
	at org.apache.hadoop.fs.shell.CommandWithDestination.processArguments(CommandWithDestination.java:228)
	at org.apache.hadoop.fs.shell.FsCommand.processRawArguments(FsCommand.java:120)
	at org.apache.hadoop.fs.shell.Command.run(Command.java:176)
	at org.apache.hadoop.fs.FsShell.run(FsShell.java:328)
	at org.apache.hadoop.util.ToolRunner.run(ToolRunner.java:76)
	at org.apache.hadoop.util.ToolRunner.run(ToolRunner.java:90)
	at org.apache.hadoop.fs.FsShell.main(FsShell.java:391)
2019-03-20 12:13:55,542 WARN  hdfs.DFSClient DFSInputStream.java:blockSeekTo:594 - Failed to connect to /10.10.1.6:9866 for block BP-843548393-130.127.133.21-1553104626890:blk_1073742181_1357, add to deadNodes and continue. 
java.io.IOException: Connection reset by peer
	at sun.nio.ch.FileDispatcherImpl.read0(Native Method)
	at sun.nio.ch.SocketDispatcher.read(SocketDispatcher.java:39)
	at sun.nio.ch.IOUtil.readIntoNativeBuffer(IOUtil.java:223)
	at sun.nio.ch.IOUtil.read(IOUtil.java:197)
	at sun.nio.ch.SocketChannelImpl.read(SocketChannelImpl.java:380)
	at org.apache.hadoop.net.SocketInputStream$Reader.performIO(SocketInputStream.java:57)
	at org.apache.hadoop.net.SocketIOWithTimeout.doIO(SocketIOWithTimeout.java:142)
	at org.apache.hadoop.net.SocketInputStream.read(SocketInputStream.java:161)
	at org.apache.hadoop.net.SocketInputStream.read(SocketInputStream.java:131)
	at org.apache.hadoop.net.SocketInputStream.read(SocketInputStream.java:118)
	at java.io.FilterInputStream.read(FilterInputStream.java:83)
	at org.apache.hadoop.hdfs.protocolPB.PBHelperClient.vintPrefixed(PBHelperClient.java:547)
	at org.apache.hadoop.hdfs.client.impl.BlockReaderRemote.newBlockReader(BlockReaderRemote.java:407)
	at org.apache.hadoop.hdfs.client.impl.BlockReaderFactory.getRemoteBlockReader(BlockReaderFactory.java:853)
	at org.apache.hadoop.hdfs.client.impl.BlockReaderFactory.getRemoteBlockReaderFromTcp(BlockReaderFactory.java:749)
	at org.apache.hadoop.hdfs.client.impl.BlockReaderFactory.build(BlockReaderFactory.java:379)
	at org.apache.hadoop.hdfs.DFSInputStream.getBlockReader(DFSInputStream.java:641)
	at org.apache.hadoop.hdfs.DFSInputStream.blockSeekTo(DFSInputStream.java:572)
	at org.apache.hadoop.hdfs.DFSInputStream.readWithStrategy(DFSInputStream.java:754)
	at org.apache.hadoop.hdfs.DFSInputStream.read(DFSInputStream.java:820)
	at java.io.DataInputStream.read(DataInputStream.java:100)
	at org.apache.hadoop.io.IOUtils.copyBytes(IOUtils.java:100)
	at org.apache.hadoop.io.IOUtils.copyBytes(IOUtils.java:68)
	at org.apache.hadoop.io.IOUtils.copyBytes(IOUtils.java:129)
	at org.apache.hadoop.fs.shell.CommandWithDestination$TargetFileSystem.writeStreamToFile(CommandWithDestination.java:485)
	at org.apache.hadoop.fs.shell.CommandWithDestination.copyStreamToTarget(CommandWithDestination.java:407)
	at org.apache.hadoop.fs.shell.CommandWithDestination.copyFileToTarget(CommandWithDestination.java:342)
	at org.apache.hadoop.fs.shell.CommandWithDestination.processPath(CommandWithDestination.java:277)
	at org.apache.hadoop.fs.shell.CommandWithDestination.processPath(CommandWithDestination.java:262)
	at org.apache.hadoop.fs.shell.Command.processPaths(Command.java:331)
	at org.apache.hadoop.fs.shell.Command.processPathArgument(Command.java:303)
	at org.apache.hadoop.fs.shell.CommandWithDestination.processPathArgument(CommandWithDestination.java:257)
	at org.apache.hadoop.fs.shell.Command.processArgument(Command.java:285)
	at org.apache.hadoop.fs.shell.Command.processArguments(Command.java:269)
	at org.apache.hadoop.fs.shell.CommandWithDestination.processArguments(CommandWithDestination.java:228)
	at org.apache.hadoop.fs.shell.FsCommand.processRawArguments(FsCommand.java:120)
	at org.apache.hadoop.fs.shell.Command.run(Command.java:176)
	at org.apache.hadoop.fs.FsShell.run(FsShell.java:328)
	at org.apache.hadoop.util.ToolRunner.run(ToolRunner.java:76)
	at org.apache.hadoop.util.ToolRunner.run(ToolRunner.java:90)
	at org.apache.hadoop.fs.FsShell.main(FsShell.java:391)
2019-03-20 12:13:55,545 INFO  hdfs.DFSClient DFSInputStream.java:blockSeekTo:576 - Successfully connected to /10.10.1.3:9866 for BP-843548393-130.127.133.21-1553104626890:blk_1073742181_1357
file 4 has been read from HDFS for 8 time
diff succeed!
2019-03-20 12:14:01,759 WARN  impl.BlockReaderFactory BlockReaderFactory.java:getRemoteBlockReaderFromTcp:764 - I/O error constructing remote block reader.
java.io.IOException: Connection reset by peer
	at sun.nio.ch.FileDispatcherImpl.read0(Native Method)
	at sun.nio.ch.SocketDispatcher.read(SocketDispatcher.java:39)
	at sun.nio.ch.IOUtil.readIntoNativeBuffer(IOUtil.java:223)
	at sun.nio.ch.IOUtil.read(IOUtil.java:197)
	at sun.nio.ch.SocketChannelImpl.read(SocketChannelImpl.java:380)
	at org.apache.hadoop.net.SocketInputStream$Reader.performIO(SocketInputStream.java:57)
	at org.apache.hadoop.net.SocketIOWithTimeout.doIO(SocketIOWithTimeout.java:142)
	at org.apache.hadoop.net.SocketInputStream.read(SocketInputStream.java:161)
	at org.apache.hadoop.net.SocketInputStream.read(SocketInputStream.java:131)
	at org.apache.hadoop.net.SocketInputStream.read(SocketInputStream.java:118)
	at java.io.FilterInputStream.read(FilterInputStream.java:83)
	at org.apache.hadoop.hdfs.protocolPB.PBHelperClient.vintPrefixed(PBHelperClient.java:547)
	at org.apache.hadoop.hdfs.client.impl.BlockReaderRemote.newBlockReader(BlockReaderRemote.java:407)
	at org.apache.hadoop.hdfs.client.impl.BlockReaderFactory.getRemoteBlockReader(BlockReaderFactory.java:853)
	at org.apache.hadoop.hdfs.client.impl.BlockReaderFactory.getRemoteBlockReaderFromTcp(BlockReaderFactory.java:749)
	at org.apache.hadoop.hdfs.client.impl.BlockReaderFactory.build(BlockReaderFactory.java:379)
	at org.apache.hadoop.hdfs.DFSInputStream.getBlockReader(DFSInputStream.java:641)
	at org.apache.hadoop.hdfs.DFSInputStream.blockSeekTo(DFSInputStream.java:572)
	at org.apache.hadoop.hdfs.DFSInputStream.readWithStrategy(DFSInputStream.java:754)
	at org.apache.hadoop.hdfs.DFSInputStream.read(DFSInputStream.java:820)
	at java.io.DataInputStream.read(DataInputStream.java:100)
	at org.apache.hadoop.io.IOUtils.copyBytes(IOUtils.java:100)
	at org.apache.hadoop.io.IOUtils.copyBytes(IOUtils.java:68)
	at org.apache.hadoop.io.IOUtils.copyBytes(IOUtils.java:129)
	at org.apache.hadoop.fs.shell.CommandWithDestination$TargetFileSystem.writeStreamToFile(CommandWithDestination.java:485)
	at org.apache.hadoop.fs.shell.CommandWithDestination.copyStreamToTarget(CommandWithDestination.java:407)
	at org.apache.hadoop.fs.shell.CommandWithDestination.copyFileToTarget(CommandWithDestination.java:342)
	at org.apache.hadoop.fs.shell.CommandWithDestination.processPath(CommandWithDestination.java:277)
	at org.apache.hadoop.fs.shell.CommandWithDestination.processPath(CommandWithDestination.java:262)
	at org.apache.hadoop.fs.shell.Command.processPaths(Command.java:331)
	at org.apache.hadoop.fs.shell.Command.processPathArgument(Command.java:303)
	at org.apache.hadoop.fs.shell.CommandWithDestination.processPathArgument(CommandWithDestination.java:257)
	at org.apache.hadoop.fs.shell.Command.processArgument(Command.java:285)
	at org.apache.hadoop.fs.shell.Command.processArguments(Command.java:269)
	at org.apache.hadoop.fs.shell.CommandWithDestination.processArguments(CommandWithDestination.java:228)
	at org.apache.hadoop.fs.shell.FsCommand.processRawArguments(FsCommand.java:120)
	at org.apache.hadoop.fs.shell.Command.run(Command.java:176)
	at org.apache.hadoop.fs.FsShell.run(FsShell.java:328)
	at org.apache.hadoop.util.ToolRunner.run(ToolRunner.java:76)
	at org.apache.hadoop.util.ToolRunner.run(ToolRunner.java:90)
	at org.apache.hadoop.fs.FsShell.main(FsShell.java:391)
2019-03-20 12:14:01,770 WARN  hdfs.DFSClient DFSInputStream.java:blockSeekTo:594 - Failed to connect to /10.10.1.6:9866 for block BP-843548393-130.127.133.21-1553104626890:blk_1073742176_1352, add to deadNodes and continue. 
java.io.IOException: Connection reset by peer
	at sun.nio.ch.FileDispatcherImpl.read0(Native Method)
	at sun.nio.ch.SocketDispatcher.read(SocketDispatcher.java:39)
	at sun.nio.ch.IOUtil.readIntoNativeBuffer(IOUtil.java:223)
	at sun.nio.ch.IOUtil.read(IOUtil.java:197)
	at sun.nio.ch.SocketChannelImpl.read(SocketChannelImpl.java:380)
	at org.apache.hadoop.net.SocketInputStream$Reader.performIO(SocketInputStream.java:57)
	at org.apache.hadoop.net.SocketIOWithTimeout.doIO(SocketIOWithTimeout.java:142)
	at org.apache.hadoop.net.SocketInputStream.read(SocketInputStream.java:161)
	at org.apache.hadoop.net.SocketInputStream.read(SocketInputStream.java:131)
	at org.apache.hadoop.net.SocketInputStream.read(SocketInputStream.java:118)
	at java.io.FilterInputStream.read(FilterInputStream.java:83)
	at org.apache.hadoop.hdfs.protocolPB.PBHelperClient.vintPrefixed(PBHelperClient.java:547)
	at org.apache.hadoop.hdfs.client.impl.BlockReaderRemote.newBlockReader(BlockReaderRemote.java:407)
	at org.apache.hadoop.hdfs.client.impl.BlockReaderFactory.getRemoteBlockReader(BlockReaderFactory.java:853)
	at org.apache.hadoop.hdfs.client.impl.BlockReaderFactory.getRemoteBlockReaderFromTcp(BlockReaderFactory.java:749)
	at org.apache.hadoop.hdfs.client.impl.BlockReaderFactory.build(BlockReaderFactory.java:379)
	at org.apache.hadoop.hdfs.DFSInputStream.getBlockReader(DFSInputStream.java:641)
	at org.apache.hadoop.hdfs.DFSInputStream.blockSeekTo(DFSInputStream.java:572)
	at org.apache.hadoop.hdfs.DFSInputStream.readWithStrategy(DFSInputStream.java:754)
	at org.apache.hadoop.hdfs.DFSInputStream.read(DFSInputStream.java:820)
	at java.io.DataInputStream.read(DataInputStream.java:100)
	at org.apache.hadoop.io.IOUtils.copyBytes(IOUtils.java:100)
	at org.apache.hadoop.io.IOUtils.copyBytes(IOUtils.java:68)
	at org.apache.hadoop.io.IOUtils.copyBytes(IOUtils.java:129)
	at org.apache.hadoop.fs.shell.CommandWithDestination$TargetFileSystem.writeStreamToFile(CommandWithDestination.java:485)
	at org.apache.hadoop.fs.shell.CommandWithDestination.copyStreamToTarget(CommandWithDestination.java:407)
	at org.apache.hadoop.fs.shell.CommandWithDestination.copyFileToTarget(CommandWithDestination.java:342)
	at org.apache.hadoop.fs.shell.CommandWithDestination.processPath(CommandWithDestination.java:277)
	at org.apache.hadoop.fs.shell.CommandWithDestination.processPath(CommandWithDestination.java:262)
	at org.apache.hadoop.fs.shell.Command.processPaths(Command.java:331)
	at org.apache.hadoop.fs.shell.Command.processPathArgument(Command.java:303)
	at org.apache.hadoop.fs.shell.CommandWithDestination.processPathArgument(CommandWithDestination.java:257)
	at org.apache.hadoop.fs.shell.Command.processArgument(Command.java:285)
	at org.apache.hadoop.fs.shell.Command.processArguments(Command.java:269)
	at org.apache.hadoop.fs.shell.CommandWithDestination.processArguments(CommandWithDestination.java:228)
	at org.apache.hadoop.fs.shell.FsCommand.processRawArguments(FsCommand.java:120)
	at org.apache.hadoop.fs.shell.Command.run(Command.java:176)
	at org.apache.hadoop.fs.FsShell.run(FsShell.java:328)
	at org.apache.hadoop.util.ToolRunner.run(ToolRunner.java:76)
	at org.apache.hadoop.util.ToolRunner.run(ToolRunner.java:90)
	at org.apache.hadoop.fs.FsShell.main(FsShell.java:391)
2019-03-20 12:14:01,781 INFO  hdfs.DFSClient DFSInputStream.java:blockSeekTo:576 - Successfully connected to /10.10.1.3:9866 for BP-843548393-130.127.133.21-1553104626890:blk_1073742176_1352
file 4 has been read from HDFS for 9 time
diff succeed!
2019-03-20 12:14:30,418 WARN  impl.BlockReaderFactory BlockReaderFactory.java:getRemoteBlockReaderFromTcp:764 - I/O error constructing remote block reader.
java.io.IOException: Connection reset by peer
	at sun.nio.ch.FileDispatcherImpl.read0(Native Method)
	at sun.nio.ch.SocketDispatcher.read(SocketDispatcher.java:39)
	at sun.nio.ch.IOUtil.readIntoNativeBuffer(IOUtil.java:223)
	at sun.nio.ch.IOUtil.read(IOUtil.java:197)
	at sun.nio.ch.SocketChannelImpl.read(SocketChannelImpl.java:380)
	at org.apache.hadoop.net.SocketInputStream$Reader.performIO(SocketInputStream.java:57)
	at org.apache.hadoop.net.SocketIOWithTimeout.doIO(SocketIOWithTimeout.java:142)
	at org.apache.hadoop.net.SocketInputStream.read(SocketInputStream.java:161)
	at org.apache.hadoop.net.SocketInputStream.read(SocketInputStream.java:131)
	at org.apache.hadoop.net.SocketInputStream.read(SocketInputStream.java:118)
	at java.io.FilterInputStream.read(FilterInputStream.java:83)
	at org.apache.hadoop.hdfs.protocolPB.PBHelperClient.vintPrefixed(PBHelperClient.java:547)
	at org.apache.hadoop.hdfs.client.impl.BlockReaderRemote.newBlockReader(BlockReaderRemote.java:407)
	at org.apache.hadoop.hdfs.client.impl.BlockReaderFactory.getRemoteBlockReader(BlockReaderFactory.java:853)
	at org.apache.hadoop.hdfs.client.impl.BlockReaderFactory.getRemoteBlockReaderFromTcp(BlockReaderFactory.java:749)
	at org.apache.hadoop.hdfs.client.impl.BlockReaderFactory.build(BlockReaderFactory.java:379)
	at org.apache.hadoop.hdfs.DFSInputStream.getBlockReader(DFSInputStream.java:641)
	at org.apache.hadoop.hdfs.DFSInputStream.blockSeekTo(DFSInputStream.java:572)
	at org.apache.hadoop.hdfs.DFSInputStream.readWithStrategy(DFSInputStream.java:754)
	at org.apache.hadoop.hdfs.DFSInputStream.read(DFSInputStream.java:820)
	at java.io.DataInputStream.read(DataInputStream.java:100)
	at org.apache.hadoop.io.IOUtils.copyBytes(IOUtils.java:100)
	at org.apache.hadoop.io.IOUtils.copyBytes(IOUtils.java:68)
	at org.apache.hadoop.io.IOUtils.copyBytes(IOUtils.java:129)
	at org.apache.hadoop.fs.shell.CommandWithDestination$TargetFileSystem.writeStreamToFile(CommandWithDestination.java:485)
	at org.apache.hadoop.fs.shell.CommandWithDestination.copyStreamToTarget(CommandWithDestination.java:407)
	at org.apache.hadoop.fs.shell.CommandWithDestination.copyFileToTarget(CommandWithDestination.java:342)
	at org.apache.hadoop.fs.shell.CommandWithDestination.processPath(CommandWithDestination.java:277)
	at org.apache.hadoop.fs.shell.CommandWithDestination.processPath(CommandWithDestination.java:262)
	at org.apache.hadoop.fs.shell.Command.processPaths(Command.java:331)
	at org.apache.hadoop.fs.shell.Command.processPathArgument(Command.java:303)
	at org.apache.hadoop.fs.shell.CommandWithDestination.processPathArgument(CommandWithDestination.java:257)
	at org.apache.hadoop.fs.shell.Command.processArgument(Command.java:285)
	at org.apache.hadoop.fs.shell.Command.processArguments(Command.java:269)
	at org.apache.hadoop.fs.shell.CommandWithDestination.processArguments(CommandWithDestination.java:228)
	at org.apache.hadoop.fs.shell.FsCommand.processRawArguments(FsCommand.java:120)
	at org.apache.hadoop.fs.shell.Command.run(Command.java:176)
	at org.apache.hadoop.fs.FsShell.run(FsShell.java:328)
	at org.apache.hadoop.util.ToolRunner.run(ToolRunner.java:76)
	at org.apache.hadoop.util.ToolRunner.run(ToolRunner.java:90)
	at org.apache.hadoop.fs.FsShell.main(FsShell.java:391)
2019-03-20 12:14:30,428 WARN  hdfs.DFSClient DFSInputStream.java:blockSeekTo:594 - Failed to connect to /10.10.1.6:9866 for block BP-843548393-130.127.133.21-1553104626890:blk_1073742176_1352, add to deadNodes and continue. 
java.io.IOException: Connection reset by peer
	at sun.nio.ch.FileDispatcherImpl.read0(Native Method)
	at sun.nio.ch.SocketDispatcher.read(SocketDispatcher.java:39)
	at sun.nio.ch.IOUtil.readIntoNativeBuffer(IOUtil.java:223)
	at sun.nio.ch.IOUtil.read(IOUtil.java:197)
	at sun.nio.ch.SocketChannelImpl.read(SocketChannelImpl.java:380)
	at org.apache.hadoop.net.SocketInputStream$Reader.performIO(SocketInputStream.java:57)
	at org.apache.hadoop.net.SocketIOWithTimeout.doIO(SocketIOWithTimeout.java:142)
	at org.apache.hadoop.net.SocketInputStream.read(SocketInputStream.java:161)
	at org.apache.hadoop.net.SocketInputStream.read(SocketInputStream.java:131)
	at org.apache.hadoop.net.SocketInputStream.read(SocketInputStream.java:118)
	at java.io.FilterInputStream.read(FilterInputStream.java:83)
	at org.apache.hadoop.hdfs.protocolPB.PBHelperClient.vintPrefixed(PBHelperClient.java:547)
	at org.apache.hadoop.hdfs.client.impl.BlockReaderRemote.newBlockReader(BlockReaderRemote.java:407)
	at org.apache.hadoop.hdfs.client.impl.BlockReaderFactory.getRemoteBlockReader(BlockReaderFactory.java:853)
	at org.apache.hadoop.hdfs.client.impl.BlockReaderFactory.getRemoteBlockReaderFromTcp(BlockReaderFactory.java:749)
	at org.apache.hadoop.hdfs.client.impl.BlockReaderFactory.build(BlockReaderFactory.java:379)
	at org.apache.hadoop.hdfs.DFSInputStream.getBlockReader(DFSInputStream.java:641)
	at org.apache.hadoop.hdfs.DFSInputStream.blockSeekTo(DFSInputStream.java:572)
	at org.apache.hadoop.hdfs.DFSInputStream.readWithStrategy(DFSInputStream.java:754)
	at org.apache.hadoop.hdfs.DFSInputStream.read(DFSInputStream.java:820)
	at java.io.DataInputStream.read(DataInputStream.java:100)
	at org.apache.hadoop.io.IOUtils.copyBytes(IOUtils.java:100)
	at org.apache.hadoop.io.IOUtils.copyBytes(IOUtils.java:68)
	at org.apache.hadoop.io.IOUtils.copyBytes(IOUtils.java:129)
	at org.apache.hadoop.fs.shell.CommandWithDestination$TargetFileSystem.writeStreamToFile(CommandWithDestination.java:485)
	at org.apache.hadoop.fs.shell.CommandWithDestination.copyStreamToTarget(CommandWithDestination.java:407)
	at org.apache.hadoop.fs.shell.CommandWithDestination.copyFileToTarget(CommandWithDestination.java:342)
	at org.apache.hadoop.fs.shell.CommandWithDestination.processPath(CommandWithDestination.java:277)
	at org.apache.hadoop.fs.shell.CommandWithDestination.processPath(CommandWithDestination.java:262)
	at org.apache.hadoop.fs.shell.Command.processPaths(Command.java:331)
	at org.apache.hadoop.fs.shell.Command.processPathArgument(Command.java:303)
	at org.apache.hadoop.fs.shell.CommandWithDestination.processPathArgument(CommandWithDestination.java:257)
	at org.apache.hadoop.fs.shell.Command.processArgument(Command.java:285)
	at org.apache.hadoop.fs.shell.Command.processArguments(Command.java:269)
	at org.apache.hadoop.fs.shell.CommandWithDestination.processArguments(CommandWithDestination.java:228)
	at org.apache.hadoop.fs.shell.FsCommand.processRawArguments(FsCommand.java:120)
	at org.apache.hadoop.fs.shell.Command.run(Command.java:176)
	at org.apache.hadoop.fs.FsShell.run(FsShell.java:328)
	at org.apache.hadoop.util.ToolRunner.run(ToolRunner.java:76)
	at org.apache.hadoop.util.ToolRunner.run(ToolRunner.java:90)
	at org.apache.hadoop.fs.FsShell.main(FsShell.java:391)
2019-03-20 12:14:30,431 INFO  hdfs.DFSClient DFSInputStream.java:blockSeekTo:576 - Successfully connected to /10.10.1.2:9866 for BP-843548393-130.127.133.21-1553104626890:blk_1073742176_1352
file 4 has been read from HDFS for 10 time
diff succeed!
Deleted /myfile4
file 4 has been removed from HDFS
2019-03-20 12:14:49,777 INFO  hdfs.DataStreamer DataStreamer.java:createBlockOutputStream:1789 - Exception in createBlockOutputStream blk_1073742227_1403
java.io.IOException: Got error, status=ERROR, status message , ack with firstBadLink as 10.10.1.6:9866
	at org.apache.hadoop.hdfs.protocol.datatransfer.DataTransferProtoUtil.checkBlockOpStatus(DataTransferProtoUtil.java:134)
	at org.apache.hadoop.hdfs.protocol.datatransfer.DataTransferProtoUtil.checkBlockOpStatus(DataTransferProtoUtil.java:110)
	at org.apache.hadoop.hdfs.DataStreamer.createBlockOutputStream(DataStreamer.java:1778)
	at org.apache.hadoop.hdfs.DataStreamer.nextBlockOutputStream(DataStreamer.java:1679)
	at org.apache.hadoop.hdfs.DataStreamer.run(DataStreamer.java:716)
2019-03-20 12:14:49,783 WARN  hdfs.DataStreamer DataStreamer.java:nextBlockOutputStream:1683 - Abandoning BP-843548393-130.127.133.21-1553104626890:blk_1073742227_1403
2019-03-20 12:14:49,796 WARN  hdfs.DataStreamer DataStreamer.java:nextBlockOutputStream:1688 - Excluding datanode DatanodeInfoWithStorage[10.10.1.6:9866,DS-73530dca-1f11-437d-b001-71ad16ac341e,DISK]
Found 5 items
-rw-r--r--   3 root supergroup 1073741824 2019-03-20 12:13 /myfile1
-rw-r--r--   3 root supergroup 1073741824 2019-03-20 12:13 /myfile2
-rw-r--r--   3 root supergroup 1073741824 2019-03-20 12:13 /myfile3
-rw-r--r--   3 root supergroup 1073741824 2019-03-20 12:14 /myfile4
-rw-r--r--   3 root supergroup 1073741824 2019-03-20 12:14 /myfile5
file 4 has been put into HDFS
file 4 has been read from HDFS for 1 time
diff succeed!
file 4 has been read from HDFS for 2 time
diff succeed!
file 4 has been read from HDFS for 3 time
diff succeed!
file 4 has been read from HDFS for 4 time
diff succeed!
file 4 has been read from HDFS for 5 time
diff succeed!
file 4 has been read from HDFS for 6 time
diff succeed!
file 4 has been read from HDFS for 7 time
diff succeed!
file 4 has been read from HDFS for 8 time
diff succeed!
file 4 has been read from HDFS for 9 time
diff succeed!
file 4 has been read from HDFS for 10 time
diff succeed!
Deleted /myfile4
file 4 has been removed from HDFS
2019-03-20 12:16:18,350 INFO  hdfs.DataStreamer DataStreamer.java:createBlockOutputStream:1789 - Exception in createBlockOutputStream blk_1073742272_1448
java.io.IOException: Connection reset by peer
	at sun.nio.ch.FileDispatcherImpl.read0(Native Method)
	at sun.nio.ch.SocketDispatcher.read(SocketDispatcher.java:39)
	at sun.nio.ch.IOUtil.readIntoNativeBuffer(IOUtil.java:223)
	at sun.nio.ch.IOUtil.read(IOUtil.java:197)
	at sun.nio.ch.SocketChannelImpl.read(SocketChannelImpl.java:380)
	at org.apache.hadoop.net.SocketInputStream$Reader.performIO(SocketInputStream.java:57)
	at org.apache.hadoop.net.SocketIOWithTimeout.doIO(SocketIOWithTimeout.java:142)
	at org.apache.hadoop.net.SocketInputStream.read(SocketInputStream.java:161)
	at org.apache.hadoop.net.SocketInputStream.read(SocketInputStream.java:131)
	at org.apache.hadoop.net.SocketInputStream.read(SocketInputStream.java:118)
	at java.io.FilterInputStream.read(FilterInputStream.java:83)
	at java.io.FilterInputStream.read(FilterInputStream.java:83)
	at org.apache.hadoop.hdfs.protocolPB.PBHelperClient.vintPrefixed(PBHelperClient.java:547)
	at org.apache.hadoop.hdfs.DataStreamer.createBlockOutputStream(DataStreamer.java:1762)
	at org.apache.hadoop.hdfs.DataStreamer.nextBlockOutputStream(DataStreamer.java:1679)
	at org.apache.hadoop.hdfs.DataStreamer.run(DataStreamer.java:716)
2019-03-20 12:16:18,356 WARN  hdfs.DataStreamer DataStreamer.java:nextBlockOutputStream:1683 - Abandoning BP-843548393-130.127.133.21-1553104626890:blk_1073742272_1448
2019-03-20 12:16:18,374 WARN  hdfs.DataStreamer DataStreamer.java:nextBlockOutputStream:1688 - Excluding datanode DatanodeInfoWithStorage[10.10.1.6:9866,DS-73530dca-1f11-437d-b001-71ad16ac341e,DISK]
Found 5 items
-rw-r--r--   3 root supergroup 1073741824 2019-03-20 12:15 /myfile1
-rw-r--r--   3 root supergroup 1073741824 2019-03-20 12:15 /myfile2
-rw-r--r--   3 root supergroup 1073741824 2019-03-20 12:15 /myfile3
-rw-r--r--   3 root supergroup 1073741824 2019-03-20 12:16 /myfile4
-rw-r--r--   3 root supergroup 1073741824 2019-03-20 12:16 /myfile5
file 4 has been put into HDFS
file 4 has been read from HDFS for 1 time
diff succeed!
file 4 has been read from HDFS for 2 time
diff succeed!
file 4 has been read from HDFS for 3 time
diff succeed!
file 4 has been read from HDFS for 4 time
diff succeed!
file 4 has been read from HDFS for 5 time
diff succeed!
file 4 has been read from HDFS for 6 time
diff succeed!
file 4 has been read from HDFS for 7 time
diff succeed!
file 4 has been read from HDFS for 8 time
diff succeed!
file 4 has been read from HDFS for 9 time
diff succeed!
file 4 has been read from HDFS for 10 time
diff succeed!
Deleted /myfile4
file 4 has been removed from HDFS
Found 5 items
-rw-r--r--   3 root supergroup 1073741824 2019-03-20 12:18 /myfile1
-rw-r--r--   3 root supergroup 1073741824 2019-03-20 12:19 /myfile2
-rw-r--r--   3 root supergroup 1073741824 2019-03-20 12:18 /myfile3
-rw-r--r--   3 root supergroup 1073741824 2019-03-20 12:19 /myfile4
-rw-r--r--   3 root supergroup 1073741824 2019-03-20 12:18 /myfile5
file 4 has been put into HDFS
file 4 has been read from HDFS for 1 time
diff succeed!
file 4 has been read from HDFS for 2 time
diff succeed!
file 4 has been read from HDFS for 3 time
diff succeed!
file 4 has been read from HDFS for 4 time
diff succeed!
file 4 has been read from HDFS for 5 time
diff succeed!
file 4 has been read from HDFS for 6 time
diff succeed!
file 4 has been read from HDFS for 7 time
diff succeed!
file 4 has been read from HDFS for 8 time
diff succeed!
file 4 has been read from HDFS for 9 time
diff succeed!
file 4 has been read from HDFS for 10 time
diff succeed!
Deleted /myfile4
file 4 has been removed from HDFS
Found 5 items
-rw-r--r--   3 root supergroup 1073741824 2019-03-20 12:19 /myfile1
-rw-r--r--   3 root supergroup 1073741824 2019-03-20 12:19 /myfile2
-rw-r--r--   3 root supergroup 1073741824 2019-03-20 12:19 /myfile3
-rw-r--r--   3 root supergroup 1073741824 2019-03-20 12:20 /myfile4
-rw-r--r--   3 root supergroup 1073741824 2019-03-20 12:20 /myfile5
file 4 has been put into HDFS
file 4 has been read from HDFS for 1 time
diff succeed!
file 4 has been read from HDFS for 2 time
diff succeed!
file 4 has been read from HDFS for 3 time
diff succeed!
file 4 has been read from HDFS for 4 time
diff succeed!
file 4 has been read from HDFS for 5 time
diff succeed!
file 4 has been read from HDFS for 6 time
diff succeed!
file 4 has been read from HDFS for 7 time
diff succeed!
file 4 has been read from HDFS for 8 time
diff succeed!
file 4 has been read from HDFS for 9 time
diff succeed!
file 4 has been read from HDFS for 10 time
diff succeed!
Deleted /myfile4
file 4 has been removed from HDFS
Found 5 items
-rw-r--r--   3 root supergroup 1073741824 2019-03-20 12:19 /myfile1
-rw-r--r--   3 root supergroup 1073741824 2019-03-20 12:21 /myfile2
-rw-r--r--   3 root supergroup 1073741824 2019-03-20 12:19 /myfile3
-rw-r--r--   3 root supergroup 1073741824 2019-03-20 12:22 /myfile4
-rw-r--r--   3 root supergroup 1073741824 2019-03-20 12:20 /myfile5
file 4 has been put into HDFS
file 4 has been read from HDFS for 1 time
diff succeed!
file 4 has been read from HDFS for 2 time
diff succeed!
file 4 has been read from HDFS for 3 time
diff succeed!
file 4 has been read from HDFS for 4 time
diff succeed!
file 4 has been read from HDFS for 5 time
diff succeed!
file 4 has been read from HDFS for 6 time
diff succeed!
