Found 5 items
-rw-r--r--   3 root supergroup 1073741824 2019-03-26 01:53 /myfile1
-rw-r--r--   3 root supergroup 1073741824 2019-03-26 01:53 /myfile2
-rw-r--r--   3 root supergroup 1073741824 2019-03-26 01:53 /myfile3
-rw-r--r--   3 root supergroup 1073741824 2019-03-26 01:53 /myfile4
-rw-r--r--   3 root supergroup 1073741824 2019-03-26 01:53 /myfile5
file 4 has been put into HDFS
file 4 has been read from HDFS for 1 time
diff succeed!
file 4 has been read from HDFS for 2 time
diff succeed!
file 4 has been read from HDFS for 3 time
diff succeed!
file 4 has been read from HDFS for 4 time
diff succeed!
file 4 has been read from HDFS for 5 time
diff succeed!
file 4 has been read from HDFS for 6 time
diff succeed!
file 4 has been read from HDFS for 7 time
diff succeed!
file 4 has been read from HDFS for 8 time
diff succeed!
file 4 has been read from HDFS for 9 time
diff succeed!
file 4 has been read from HDFS for 10 time
diff succeed!
Deleted /myfile4
file 4 has been removed from HDFS
Found 5 items
-rw-r--r--   3 root supergroup 1073741824 2019-03-26 01:55 /myfile1
-rw-r--r--   3 root supergroup 1073741824 2019-03-26 01:53 /myfile2
-rw-r--r--   3 root supergroup 1073741824 2019-03-26 01:53 /myfile3
-rw-r--r--   3 root supergroup 1073741824 2019-03-26 01:55 /myfile4
-rw-r--r--   3 root supergroup 1073741824 2019-03-26 01:55 /myfile5
file 4 has been put into HDFS
file 4 has been read from HDFS for 1 time
diff succeed!
file 4 has been read from HDFS for 2 time
diff succeed!
file 4 has been read from HDFS for 3 time
diff succeed!
file 4 has been read from HDFS for 4 time
diff succeed!
file 4 has been read from HDFS for 5 time
diff succeed!
file 4 has been read from HDFS for 6 time
diff succeed!
file 4 has been read from HDFS for 7 time
diff succeed!
file 4 has been read from HDFS for 8 time
diff succeed!
file 4 has been read from HDFS for 9 time
diff succeed!
file 4 has been read from HDFS for 10 time
diff succeed!
Deleted /myfile4
file 4 has been removed from HDFS
Found 5 items
-rw-r--r--   3 root supergroup 1073741824 2019-03-26 01:56 /myfile1
-rw-r--r--   3 root supergroup 1073741824 2019-03-26 01:55 /myfile2
-rw-r--r--   3 root supergroup 1073741824 2019-03-26 01:55 /myfile3
-rw-r--r--   3 root supergroup 1073741824 2019-03-26 01:56 /myfile4
-rw-r--r--   3 root supergroup  402653184 2019-03-26 01:56 /myfile5._COPYING_
file 4 has been put into HDFS
file 4 has been read from HDFS for 1 time
diff succeed!
file 4 has been read from HDFS for 2 time
diff succeed!
file 4 has been read from HDFS for 3 time
diff succeed!
file 4 has been read from HDFS for 4 time
diff succeed!
file 4 has been read from HDFS for 5 time
diff succeed!
file 4 has been read from HDFS for 6 time
diff succeed!
file 4 has been read from HDFS for 7 time
diff succeed!
file 4 has been read from HDFS for 8 time
diff succeed!
file 4 has been read from HDFS for 9 time
diff succeed!
file 4 has been read from HDFS for 10 time
diff succeed!
Deleted /myfile4
file 4 has been removed from HDFS
2019-03-26 01:58:29,948 INFO  hdfs.DataStreamer DataStreamer.java:createBlockOutputStream:1789 - Exception in createBlockOutputStream blk_1073741949_1125
java.net.ConnectException: Connection refused
	at sun.nio.ch.SocketChannelImpl.checkConnect(Native Method)
	at sun.nio.ch.SocketChannelImpl.finishConnect(SocketChannelImpl.java:717)
	at org.apache.hadoop.net.SocketIOWithTimeout.connect(SocketIOWithTimeout.java:206)
	at org.apache.hadoop.net.NetUtils.connect(NetUtils.java:531)
	at org.apache.hadoop.hdfs.DataStreamer.createSocketForPipeline(DataStreamer.java:253)
	at org.apache.hadoop.hdfs.DataStreamer.createBlockOutputStream(DataStreamer.java:1725)
	at org.apache.hadoop.hdfs.DataStreamer.nextBlockOutputStream(DataStreamer.java:1679)
	at org.apache.hadoop.hdfs.DataStreamer.run(DataStreamer.java:716)
2019-03-26 01:58:29,952 WARN  hdfs.DataStreamer DataStreamer.java:nextBlockOutputStream:1683 - Abandoning BP-644214170-130.127.133.33-1553586757585:blk_1073741949_1125
2019-03-26 01:58:29,976 WARN  hdfs.DataStreamer DataStreamer.java:nextBlockOutputStream:1688 - Excluding datanode DatanodeInfoWithStorage[10.10.1.6:9866,DS-512ae578-1d2f-4df6-9975-ec87ea6e926b,DISK]
Found 4 items
-rw-r--r--   3 root supergroup 1073741824 2019-03-26 01:58 /myfile1
-rw-r--r--   3 root supergroup 1073741824 2019-03-26 01:57 /myfile2
-rw-r--r--   3 root supergroup 1073741824 2019-03-26 01:57 /myfile3
-rw-r--r--   3 root supergroup 1073741824 2019-03-26 01:58 /myfile4
file 4 has been put into HDFS
file 4 has been read from HDFS for 1 time
diff succeed!
file 4 has been read from HDFS for 2 time
diff succeed!
file 4 has been read from HDFS for 3 time
diff succeed!
file 4 has been read from HDFS for 4 time
diff succeed!
file 4 has been read from HDFS for 5 time
diff succeed!
file 4 has been read from HDFS for 6 time
diff succeed!
file 4 has been read from HDFS for 7 time
diff succeed!
file 4 has been read from HDFS for 8 time
diff succeed!
file 4 has been read from HDFS for 9 time
diff succeed!
file 4 has been read from HDFS for 10 time
diff succeed!
Deleted /myfile4
file 4 has been removed from HDFS
Found 5 items
-rw-r--r--   3 root supergroup 1073741824 2019-03-26 01:59 /myfile1
-rw-r--r--   3 root supergroup 1073741824 2019-03-26 01:59 /myfile2
-rw-r--r--   3 root supergroup 1073741824 2019-03-26 01:59 /myfile3
-rw-r--r--   3 root supergroup 1073741824 2019-03-26 02:00 /myfile4
-rw-r--r--   3 root supergroup 1073741824 2019-03-26 02:00 /myfile5
file 4 has been put into HDFS
file 4 has been read from HDFS for 1 time
diff succeed!
file 4 has been read from HDFS for 2 time
diff succeed!
file 4 has been read from HDFS for 3 time
diff succeed!
file 4 has been read from HDFS for 4 time
diff succeed!
file 4 has been read from HDFS for 5 time
diff succeed!
file 4 has been read from HDFS for 6 time
diff succeed!
file 4 has been read from HDFS for 7 time
diff succeed!
file 4 has been read from HDFS for 8 time
diff succeed!
file 4 has been read from HDFS for 9 time
diff succeed!
file 4 has been read from HDFS for 10 time
diff succeed!
Deleted /myfile4
file 4 has been removed from HDFS
Found 5 items
-rw-r--r--   3 root supergroup 1073741824 2019-03-26 02:01 /myfile1
-rw-r--r--   3 root supergroup 1073741824 2019-03-26 02:00 /myfile2
-rw-r--r--   3 root supergroup 1073741824 2019-03-26 02:00 /myfile3
-rw-r--r--   3 root supergroup 1073741824 2019-03-26 02:01 /myfile4
-rw-r--r--   3 root supergroup 1073741824 2019-03-26 02:01 /myfile5
file 4 has been put into HDFS
file 4 has been read from HDFS for 1 time
diff succeed!
file 4 has been read from HDFS for 2 time
diff succeed!
file 4 has been read from HDFS for 3 time
diff succeed!
file 4 has been read from HDFS for 4 time
diff succeed!
file 4 has been read from HDFS for 5 time
diff succeed!
file 4 has been read from HDFS for 6 time
diff succeed!
file 4 has been read from HDFS for 7 time
diff succeed!
file 4 has been read from HDFS for 8 time
diff succeed!
file 4 has been read from HDFS for 9 time
diff succeed!
file 4 has been read from HDFS for 10 time
diff succeed!
Deleted /myfile4
file 4 has been removed from HDFS
Found 5 items
-rw-r--r--   3 root supergroup 1073741824 2019-03-26 02:03 /myfile1
-rw-r--r--   3 root supergroup 1073741824 2019-03-26 02:02 /myfile2
-rw-r--r--   3 root supergroup 1073741824 2019-03-26 02:02 /myfile3
-rw-r--r--   3 root supergroup 1073741824 2019-03-26 02:03 /myfile4
-rw-r--r--   3 root supergroup 1073741824 2019-03-26 02:03 /myfile5
file 4 has been put into HDFS
file 4 has been read from HDFS for 1 time
diff succeed!
file 4 has been read from HDFS for 2 time
diff succeed!
file 4 has been read from HDFS for 3 time
diff succeed!
file 4 has been read from HDFS for 4 time
diff succeed!
file 4 has been read from HDFS for 5 time
diff succeed!
file 4 has been read from HDFS for 6 time
diff succeed!
file 4 has been read from HDFS for 7 time
diff succeed!
file 4 has been read from HDFS for 8 time
diff succeed!
file 4 has been read from HDFS for 9 time
diff succeed!
file 4 has been read from HDFS for 10 time
diff succeed!
Deleted /myfile4
file 4 has been removed from HDFS
Found 5 items
-rw-r--r--   3 root supergroup 1073741824 2019-03-26 02:04 /myfile1
-rw-r--r--   3 root supergroup 1073741824 2019-03-26 02:04 /myfile2
-rw-r--r--   3 root supergroup 1073741824 2019-03-26 02:04 /myfile3
-rw-r--r--   3 root supergroup 1073741824 2019-03-26 02:05 /myfile4
-rw-r--r--   3 root supergroup 1073741824 2019-03-26 02:05 /myfile5
file 4 has been put into HDFS
file 4 has been read from HDFS for 1 time
diff succeed!
file 4 has been read from HDFS for 2 time
diff succeed!
file 4 has been read from HDFS for 3 time
diff succeed!
file 4 has been read from HDFS for 4 time
diff succeed!
file 4 has been read from HDFS for 5 time
diff succeed!
file 4 has been read from HDFS for 6 time
diff succeed!
file 4 has been read from HDFS for 7 time
diff succeed!
file 4 has been read from HDFS for 8 time
diff succeed!
file 4 has been read from HDFS for 9 time
diff succeed!
file 4 has been read from HDFS for 10 time
diff succeed!
Deleted /myfile4
file 4 has been removed from HDFS
Found 5 items
-rw-r--r--   3 root supergroup 1073741824 2019-03-26 02:06 /myfile1
-rw-r--r--   3 root supergroup 1073741824 2019-03-26 02:06 /myfile2
-rw-r--r--   3 root supergroup 1073741824 2019-03-26 02:06 /myfile3
-rw-r--r--   3 root supergroup 1073741824 2019-03-26 02:07 /myfile4
-rw-r--r--   3 root supergroup 1073741824 2019-03-26 02:07 /myfile5
file 4 has been put into HDFS
file 4 has been read from HDFS for 1 time
diff succeed!
file 4 has been read from HDFS for 2 time
diff succeed!
file 4 has been read from HDFS for 3 time
diff succeed!
file 4 has been read from HDFS for 4 time
diff succeed!
file 4 has been read from HDFS for 5 time
diff succeed!
file 4 has been read from HDFS for 6 time
diff succeed!
file 4 has been read from HDFS for 7 time
diff succeed!
file 4 has been read from HDFS for 8 time
diff succeed!
file 4 has been read from HDFS for 9 time
diff succeed!
file 4 has been read from HDFS for 10 time
diff succeed!
