Found 5 items
-rw-r--r--   3 root supergroup 1073741824 2019-03-26 01:53 /myfile1
-rw-r--r--   3 root supergroup 1073741824 2019-03-26 01:53 /myfile2
-rw-r--r--   3 root supergroup 1073741824 2019-03-26 01:53 /myfile3
-rw-r--r--   3 root supergroup 1073741824 2019-03-26 01:53 /myfile4
-rw-r--r--   3 root supergroup 1073741824 2019-03-26 01:53 /myfile5
file 5 has been put into HDFS
file 5 has been read from HDFS for 1 time
diff succeed!
file 5 has been read from HDFS for 2 time
diff succeed!
file 5 has been read from HDFS for 3 time
diff succeed!
file 5 has been read from HDFS for 4 time
diff succeed!
file 5 has been read from HDFS for 5 time
diff succeed!
file 5 has been read from HDFS for 6 time
diff succeed!
file 5 has been read from HDFS for 7 time
diff succeed!
file 5 has been read from HDFS for 8 time
diff succeed!
file 5 has been read from HDFS for 9 time
diff succeed!
file 5 has been read from HDFS for 10 time
diff succeed!
Deleted /myfile5
file 5 has been removed from HDFS
Found 5 items
-rw-r--r--   3 root supergroup 1073741824 2019-03-26 01:55 /myfile1
-rw-r--r--   3 root supergroup 1073741824 2019-03-26 01:53 /myfile2
-rw-r--r--   3 root supergroup 1073741824 2019-03-26 01:53 /myfile3
-rw-r--r--   3 root supergroup 1073741824 2019-03-26 01:55 /myfile4
-rw-r--r--   3 root supergroup 1073741824 2019-03-26 01:55 /myfile5
file 5 has been put into HDFS
file 5 has been read from HDFS for 1 time
diff succeed!
file 5 has been read from HDFS for 2 time
diff succeed!
file 5 has been read from HDFS for 3 time
diff succeed!
file 5 has been read from HDFS for 4 time
diff succeed!
file 5 has been read from HDFS for 5 time
diff succeed!
file 5 has been read from HDFS for 6 time
diff succeed!
file 5 has been read from HDFS for 7 time
diff succeed!
file 5 has been read from HDFS for 8 time
diff succeed!
file 5 has been read from HDFS for 9 time
diff succeed!
file 5 has been read from HDFS for 10 time
diff succeed!
Deleted /myfile5
file 5 has been removed from HDFS
Found 5 items
-rw-r--r--   3 root supergroup 1073741824 2019-03-26 01:56 /myfile1
-rw-r--r--   3 root supergroup 1073741824 2019-03-26 01:55 /myfile2
-rw-r--r--   3 root supergroup 1073741824 2019-03-26 01:55 /myfile3
-rw-r--r--   3 root supergroup 1073741824 2019-03-26 01:56 /myfile4
-rw-r--r--   3 root supergroup 1073741824 2019-03-26 01:56 /myfile5
file 5 has been put into HDFS
file 5 has been read from HDFS for 1 time
diff succeed!
file 5 has been read from HDFS for 2 time
diff succeed!
file 5 has been read from HDFS for 3 time
diff succeed!
file 5 has been read from HDFS for 4 time
diff succeed!
file 5 has been read from HDFS for 5 time
diff succeed!
file 5 has been read from HDFS for 6 time
diff succeed!
file 5 has been read from HDFS for 7 time
diff succeed!
file 5 has been read from HDFS for 8 time
diff succeed!
file 5 has been read from HDFS for 9 time
diff succeed!
file 5 has been read from HDFS for 10 time
diff succeed!
Deleted /myfile5
file 5 has been removed from HDFS
Found 5 items
-rw-r--r--   3 root supergroup 1073741824 2019-03-26 01:58 /myfile1
-rw-r--r--   3 root supergroup 1073741824 2019-03-26 01:57 /myfile2
-rw-r--r--   3 root supergroup 1073741824 2019-03-26 01:57 /myfile3
-rw-r--r--   3 root supergroup 1073741824 2019-03-26 01:58 /myfile4
-rw-r--r--   3 root supergroup 1073741824 2019-03-26 01:58 /myfile5
file 5 has been put into HDFS
file 5 has been read from HDFS for 1 time
diff succeed!
file 5 has been read from HDFS for 2 time
diff succeed!
file 5 has been read from HDFS for 3 time
diff succeed!
file 5 has been read from HDFS for 4 time
diff succeed!
file 5 has been read from HDFS for 5 time
diff succeed!
file 5 has been read from HDFS for 6 time
diff succeed!
file 5 has been read from HDFS for 7 time
diff succeed!
file 5 has been read from HDFS for 8 time
diff succeed!
file 5 has been read from HDFS for 9 time
diff succeed!
file 5 has been read from HDFS for 10 time
diff succeed!
Deleted /myfile5
file 5 has been removed from HDFS
Found 5 items
-rw-r--r--   3 root supergroup 1073741824 2019-03-26 01:59 /myfile1
-rw-r--r--   3 root supergroup 1073741824 2019-03-26 01:59 /myfile2
-rw-r--r--   3 root supergroup 1073741824 2019-03-26 01:59 /myfile3
-rw-r--r--   3 root supergroup 1073741824 2019-03-26 02:00 /myfile4
-rw-r--r--   3 root supergroup 1073741824 2019-03-26 02:00 /myfile5
file 5 has been put into HDFS
file 5 has been read from HDFS for 1 time
diff succeed!
file 5 has been read from HDFS for 2 time
diff succeed!
file 5 has been read from HDFS for 3 time
diff succeed!
file 5 has been read from HDFS for 4 time
diff succeed!
file 5 has been read from HDFS for 5 time
diff succeed!
file 5 has been read from HDFS for 6 time
diff succeed!
file 5 has been read from HDFS for 7 time
diff succeed!
file 5 has been read from HDFS for 8 time
diff succeed!
file 5 has been read from HDFS for 9 time
diff succeed!
file 5 has been read from HDFS for 10 time
diff succeed!
Deleted /myfile5
file 5 has been removed from HDFS
Found 5 items
-rw-r--r--   3 root supergroup 1073741824 2019-03-26 02:01 /myfile1
-rw-r--r--   3 root supergroup 1073741824 2019-03-26 02:00 /myfile2
-rw-r--r--   3 root supergroup 1073741824 2019-03-26 02:00 /myfile3
-rw-r--r--   3 root supergroup 1073741824 2019-03-26 02:01 /myfile4
-rw-r--r--   3 root supergroup 1073741824 2019-03-26 02:01 /myfile5
file 5 has been put into HDFS
file 5 has been read from HDFS for 1 time
diff succeed!
file 5 has been read from HDFS for 2 time
diff succeed!
file 5 has been read from HDFS for 3 time
diff succeed!
file 5 has been read from HDFS for 4 time
diff succeed!
file 5 has been read from HDFS for 5 time
diff succeed!
file 5 has been read from HDFS for 6 time
diff succeed!
file 5 has been read from HDFS for 7 time
diff succeed!
file 5 has been read from HDFS for 8 time
diff succeed!
file 5 has been read from HDFS for 9 time
diff succeed!
file 5 has been read from HDFS for 10 time
diff succeed!
Deleted /myfile5
file 5 has been removed from HDFS
Found 5 items
-rw-r--r--   3 root supergroup 1073741824 2019-03-26 02:03 /myfile1
-rw-r--r--   3 root supergroup 1073741824 2019-03-26 02:02 /myfile2
-rw-r--r--   3 root supergroup 1073741824 2019-03-26 02:02 /myfile3
-rw-r--r--   3 root supergroup 1073741824 2019-03-26 02:03 /myfile4
-rw-r--r--   3 root supergroup 1073741824 2019-03-26 02:03 /myfile5
file 5 has been put into HDFS
file 5 has been read from HDFS for 1 time
diff succeed!
file 5 has been read from HDFS for 2 time
diff succeed!
file 5 has been read from HDFS for 3 time
diff succeed!
file 5 has been read from HDFS for 4 time
diff succeed!
file 5 has been read from HDFS for 5 time
diff succeed!
file 5 has been read from HDFS for 6 time
diff succeed!
file 5 has been read from HDFS for 7 time
diff succeed!
file 5 has been read from HDFS for 8 time
diff succeed!
file 5 has been read from HDFS for 9 time
diff succeed!
file 5 has been read from HDFS for 10 time
diff succeed!
Deleted /myfile5
file 5 has been removed from HDFS
Found 5 items
-rw-r--r--   3 root supergroup 1073741824 2019-03-26 02:04 /myfile1
-rw-r--r--   3 root supergroup 1073741824 2019-03-26 02:04 /myfile2
-rw-r--r--   3 root supergroup 1073741824 2019-03-26 02:04 /myfile3
-rw-r--r--   3 root supergroup 1073741824 2019-03-26 02:05 /myfile4
-rw-r--r--   3 root supergroup 1073741824 2019-03-26 02:05 /myfile5
file 5 has been put into HDFS
file 5 has been read from HDFS for 1 time
diff succeed!
file 5 has been read from HDFS for 2 time
diff succeed!
file 5 has been read from HDFS for 3 time
diff succeed!
file 5 has been read from HDFS for 4 time
diff succeed!
file 5 has been read from HDFS for 5 time
diff succeed!
file 5 has been read from HDFS for 6 time
diff succeed!
file 5 has been read from HDFS for 7 time
diff succeed!
file 5 has been read from HDFS for 8 time
diff succeed!
file 5 has been read from HDFS for 9 time
diff succeed!
file 5 has been read from HDFS for 10 time
diff succeed!
Deleted /myfile5
file 5 has been removed from HDFS
Found 5 items
-rw-r--r--   3 root supergroup 1073741824 2019-03-26 02:06 /myfile1
-rw-r--r--   3 root supergroup 1073741824 2019-03-26 02:06 /myfile2
-rw-r--r--   3 root supergroup 1073741824 2019-03-26 02:06 /myfile3
-rw-r--r--   3 root supergroup 1073741824 2019-03-26 02:07 /myfile4
-rw-r--r--   3 root supergroup 1073741824 2019-03-26 02:07 /myfile5
file 5 has been put into HDFS
file 5 has been read from HDFS for 1 time
diff succeed!
file 5 has been read from HDFS for 2 time
diff succeed!
file 5 has been read from HDFS for 3 time
diff succeed!
file 5 has been read from HDFS for 4 time
diff succeed!
file 5 has been read from HDFS for 5 time
diff succeed!
file 5 has been read from HDFS for 6 time
diff succeed!
file 5 has been read from HDFS for 7 time
diff succeed!
file 5 has been read from HDFS for 8 time
diff succeed!
file 5 has been read from HDFS for 9 time
diff succeed!
