Found 5 items
-rw-r--r--   3 root supergroup 1073741824 2019-03-28 05:55 /myfile1
-rw-r--r--   3 root supergroup 1073741824 2019-03-28 05:55 /myfile2
-rw-r--r--   3 root supergroup 1073741824 2019-03-28 05:55 /myfile3
-rw-r--r--   3 root supergroup 1073741824 2019-03-28 05:55 /myfile4
-rw-r--r--   3 root supergroup 1073741824 2019-03-28 05:55 /myfile5
file 3 has been put into HDFS
file 3 has been read from HDFS for 1 time
diff succeed!
file 3 has been read from HDFS for 2 time
diff succeed!
file 3 has been read from HDFS for 3 time
diff succeed!
file 3 has been read from HDFS for 4 time
diff succeed!
file 3 has been read from HDFS for 5 time
diff succeed!
file 3 has been read from HDFS for 6 time
diff succeed!
file 3 has been read from HDFS for 7 time
diff succeed!
file 3 has been read from HDFS for 8 time
diff succeed!
file 3 has been read from HDFS for 9 time
diff succeed!
file 3 has been read from HDFS for 10 time
diff succeed!
Deleted /myfile3
file 3 has been removed from HDFS
Found 4 items
-rw-r--r--   3 root supergroup 1073741824 2019-03-28 05:56 /myfile1
-rw-r--r--   3 root supergroup  939524096 2019-03-28 05:56 /myfile2._COPYING_
-rw-r--r--   3 root supergroup 1073741824 2019-03-28 05:56 /myfile3
-rw-r--r--   3 root supergroup 1073741824 2019-03-28 05:56 /myfile5
file 3 has been put into HDFS
file 3 has been read from HDFS for 1 time
diff succeed!
file 3 has been read from HDFS for 2 time
diff succeed!
file 3 has been read from HDFS for 3 time
diff succeed!
file 3 has been read from HDFS for 4 time
diff succeed!
file 3 has been read from HDFS for 5 time
diff succeed!
file 3 has been read from HDFS for 6 time
diff succeed!
file 3 has been read from HDFS for 7 time
diff succeed!
file 3 has been read from HDFS for 8 time
diff succeed!
file 3 has been read from HDFS for 9 time
diff succeed!
file 3 has been read from HDFS for 10 time
diff succeed!
Deleted /myfile3
file 3 has been removed from HDFS
Found 5 items
-rw-r--r--   3 root supergroup 1073741824 2019-03-28 05:58 /myfile1
-rw-r--r--   3 root supergroup  939524096 2019-03-28 05:58 /myfile2._COPYING_
-rw-r--r--   3 root supergroup 1073741824 2019-03-28 05:58 /myfile3
-rw-r--r--   3 root supergroup 1073741824 2019-03-28 05:57 /myfile4
-rw-r--r--   3 root supergroup  671088640 2019-03-28 05:58 /myfile5._COPYING_
file 3 has been put into HDFS
file 3 has been read from HDFS for 1 time
diff succeed!
file 3 has been read from HDFS for 2 time
diff succeed!
file 3 has been read from HDFS for 3 time
diff succeed!
file 3 has been read from HDFS for 4 time
diff succeed!
file 3 has been read from HDFS for 5 time
diff succeed!
file 3 has been read from HDFS for 6 time
diff succeed!
file 3 has been read from HDFS for 7 time
diff succeed!
file 3 has been read from HDFS for 8 time
diff succeed!
file 3 has been read from HDFS for 9 time
diff succeed!
file 3 has been read from HDFS for 10 time
diff succeed!
Deleted /myfile3
file 3 has been removed from HDFS
2019-03-28 05:59:59,148 WARN  hdfs.DataStreamer DataStreamer.java:run:1196 - Exception for BP-1316356185-130.127.133.40-1553774059411:blk_1073741945_1121
java.io.IOException: Bad response ERROR for BP-1316356185-130.127.133.40-1553774059411:blk_1073741945_1121 from datanode DatanodeInfoWithStorage[10.10.1.6:9866,DS-7f42b55b-bed6-458d-abc3-dfe47d01485f,DISK]
	at org.apache.hadoop.hdfs.DataStreamer$ResponseProcessor.run(DataStreamer.java:1126)
2019-03-28 05:59:59,154 WARN  hdfs.DataStreamer DataStreamer.java:handleBadDatanode:1571 - Error Recovery for BP-1316356185-130.127.133.40-1553774059411:blk_1073741945_1121 in pipeline [DatanodeInfoWithStorage[10.10.1.5:9866,DS-0744b2ba-e799-4784-9a2d-2ee6901572f1,DISK], DatanodeInfoWithStorage[10.10.1.6:9866,DS-7f42b55b-bed6-458d-abc3-dfe47d01485f,DISK], DatanodeInfoWithStorage[10.10.1.2:9866,DS-6dec8d50-5458-4cfe-8202-4fd13db4c23b,DISK]]: datanode 1(DatanodeInfoWithStorage[10.10.1.6:9866,DS-7f42b55b-bed6-458d-abc3-dfe47d01485f,DISK]) is bad.
2019-03-28 06:00:00,034 INFO  hdfs.DataStreamer DataStreamer.java:createBlockOutputStream:1789 - Exception in createBlockOutputStream blk_1073741947_1124
java.net.ConnectException: Connection refused
	at sun.nio.ch.SocketChannelImpl.checkConnect(Native Method)
	at sun.nio.ch.SocketChannelImpl.finishConnect(SocketChannelImpl.java:717)
	at org.apache.hadoop.net.SocketIOWithTimeout.connect(SocketIOWithTimeout.java:206)
	at org.apache.hadoop.net.NetUtils.connect(NetUtils.java:531)
	at org.apache.hadoop.hdfs.DataStreamer.createSocketForPipeline(DataStreamer.java:253)
	at org.apache.hadoop.hdfs.DataStreamer.createBlockOutputStream(DataStreamer.java:1725)
	at org.apache.hadoop.hdfs.DataStreamer.nextBlockOutputStream(DataStreamer.java:1679)
	at org.apache.hadoop.hdfs.DataStreamer.run(DataStreamer.java:716)
2019-03-28 06:00:00,035 WARN  hdfs.DataStreamer DataStreamer.java:nextBlockOutputStream:1683 - Abandoning BP-1316356185-130.127.133.40-1553774059411:blk_1073741947_1124
2019-03-28 06:00:00,060 WARN  hdfs.DataStreamer DataStreamer.java:nextBlockOutputStream:1688 - Excluding datanode DatanodeInfoWithStorage[10.10.1.6:9866,DS-7f42b55b-bed6-458d-abc3-dfe47d01485f,DISK]
Found 5 items
-rw-r--r--   3 root supergroup 1073741824 2019-03-28 05:58 /myfile1
-rw-r--r--   3 root supergroup  402653184 2019-03-28 06:00 /myfile2._COPYING_
-rw-r--r--   3 root supergroup 1073741824 2019-03-28 06:00 /myfile3
-rw-r--r--   3 root supergroup 1073741824 2019-03-28 05:58 /myfile4
-rw-r--r--   3 root supergroup 1073741824 2019-03-28 05:58 /myfile5
file 3 has been put into HDFS
file 3 has been read from HDFS for 1 time
diff succeed!
file 3 has been read from HDFS for 2 time
diff succeed!
file 3 has been read from HDFS for 3 time
diff succeed!
file 3 has been read from HDFS for 4 time
diff succeed!
file 3 has been read from HDFS for 5 time
diff succeed!
file 3 has been read from HDFS for 6 time
diff succeed!
file 3 has been read from HDFS for 7 time
diff succeed!
file 3 has been read from HDFS for 8 time
diff succeed!
file 3 has been read from HDFS for 9 time
diff succeed!
file 3 has been read from HDFS for 10 time
diff succeed!
Deleted /myfile3
file 3 has been removed from HDFS
Found 5 items
-rw-r--r--   3 root supergroup 1073741824 2019-03-28 06:00 /myfile1
-rw-r--r--   3 root supergroup  536870912 2019-03-28 06:01 /myfile2._COPYING_
-rw-r--r--   3 root supergroup 1073741824 2019-03-28 06:01 /myfile3
-rw-r--r--   3 root supergroup 1073741824 2019-03-28 06:00 /myfile4
-rw-r--r--   3 root supergroup 1073741824 2019-03-28 06:00 /myfile5
file 3 has been put into HDFS
file 3 has been read from HDFS for 1 time
diff succeed!
file 3 has been read from HDFS for 2 time
diff succeed!
file 3 has been read from HDFS for 3 time
diff succeed!
file 3 has been read from HDFS for 4 time
diff succeed!
file 3 has been read from HDFS for 5 time
diff succeed!
file 3 has been read from HDFS for 6 time
diff succeed!
file 3 has been read from HDFS for 7 time
diff succeed!
file 3 has been read from HDFS for 8 time
diff succeed!
file 3 has been read from HDFS for 9 time
diff succeed!
file 3 has been read from HDFS for 10 time
diff succeed!
Deleted /myfile3
file 3 has been removed from HDFS
Found 4 items
-rw-r--r--   3 root supergroup 1073741824 2019-03-28 06:01 /myfile1
-rw-r--r--   3 root supergroup 1073741824 2019-03-28 06:03 /myfile3
-rw-r--r--   3 root supergroup 1073741824 2019-03-28 06:01 /myfile4
-rw-r--r--   3 root supergroup 1073741824 2019-03-28 06:01 /myfile5
file 3 has been put into HDFS
file 3 has been read from HDFS for 1 time
diff succeed!
file 3 has been read from HDFS for 2 time
diff succeed!
file 3 has been read from HDFS for 3 time
diff succeed!
file 3 has been read from HDFS for 4 time
diff succeed!
file 3 has been read from HDFS for 5 time
diff succeed!
file 3 has been read from HDFS for 6 time
diff succeed!
file 3 has been read from HDFS for 7 time
diff succeed!
file 3 has been read from HDFS for 8 time
diff succeed!
file 3 has been read from HDFS for 9 time
diff succeed!
file 3 has been read from HDFS for 10 time
diff succeed!
Deleted /myfile3
file 3 has been removed from HDFS
Found 3 items
-rw-r--r--   3 root supergroup 1073741824 2019-03-28 06:04 /myfile3
-rw-r--r--   3 root supergroup 1073741824 2019-03-28 06:03 /myfile4
-rw-r--r--   3 root supergroup 1073741824 2019-03-28 06:03 /myfile5
file 3 has been put into HDFS
file 3 has been read from HDFS for 1 time
diff succeed!
file 3 has been read from HDFS for 2 time
diff succeed!
file 3 has been read from HDFS for 3 time
diff succeed!
file 3 has been read from HDFS for 4 time
diff succeed!
file 3 has been read from HDFS for 5 time
diff succeed!
file 3 has been read from HDFS for 6 time
diff succeed!
file 3 has been read from HDFS for 7 time
diff succeed!
file 3 has been read from HDFS for 8 time
diff succeed!
file 3 has been read from HDFS for 9 time
diff succeed!
file 3 has been read from HDFS for 10 time
diff succeed!
Deleted /myfile3
file 3 has been removed from HDFS
Found 4 items
-rw-r--r--   3 root supergroup          0 2019-03-28 06:06 /myfile2._COPYING_
-rw-r--r--   3 root supergroup 1073741824 2019-03-28 06:06 /myfile3
-rw-r--r--   3 root supergroup 1073741824 2019-03-28 06:05 /myfile4
-rw-r--r--   3 root supergroup 1073741824 2019-03-28 06:05 /myfile5
file 3 has been put into HDFS
file 3 has been read from HDFS for 1 time
diff succeed!
file 3 has been read from HDFS for 2 time
diff succeed!
file 3 has been read from HDFS for 3 time
diff succeed!
file 3 has been read from HDFS for 4 time
diff succeed!
file 3 has been read from HDFS for 5 time
diff succeed!
file 3 has been read from HDFS for 6 time
diff succeed!
file 3 has been read from HDFS for 7 time
diff succeed!
file 3 has been read from HDFS for 8 time
diff succeed!
file 3 has been read from HDFS for 9 time
diff succeed!
file 3 has been read from HDFS for 10 time
diff succeed!
Deleted /myfile3
file 3 has been removed from HDFS
Found 5 items
-rw-r--r--   3 root supergroup          0 2019-03-28 06:07 /myfile1._COPYING_
-rw-r--r--   3 root supergroup          0 2019-03-28 06:07 /myfile2._COPYING_
-rw-r--r--   3 root supergroup 1073741824 2019-03-28 06:07 /myfile3
-rw-r--r--   3 root supergroup 1073741824 2019-03-28 06:07 /myfile4
-rw-r--r--   3 root supergroup 1073741824 2019-03-28 06:07 /myfile5
file 3 has been put into HDFS
file 3 has been read from HDFS for 1 time
diff succeed!
file 3 has been read from HDFS for 2 time
diff succeed!
file 3 has been read from HDFS for 3 time
diff succeed!
file 3 has been read from HDFS for 4 time
diff succeed!
file 3 has been read from HDFS for 5 time
diff succeed!
file 3 has been read from HDFS for 6 time
diff succeed!
file 3 has been read from HDFS for 7 time
diff succeed!
file 3 has been read from HDFS for 8 time
diff succeed!
file 3 has been read from HDFS for 9 time
diff succeed!
file 3 has been read from HDFS for 10 time
diff succeed!
Deleted /myfile3
file 3 has been removed from HDFS
Found 5 items
-rw-r--r--   3 root supergroup 1073741824 2019-03-28 06:09 /myfile1
-rw-r--r--   3 root supergroup 1073741824 2019-03-28 06:09 /myfile2
-rw-r--r--   3 root supergroup 1073741824 2019-03-28 06:09 /myfile3
-rw-r--r--   3 root supergroup 1073741824 2019-03-28 06:08 /myfile4
-rw-r--r--   3 root supergroup 1073741824 2019-03-28 06:08 /myfile5
file 3 has been put into HDFS
file 3 has been read from HDFS for 1 time
diff succeed!
file 3 has been read from HDFS for 2 time
diff succeed!
file 3 has been read from HDFS for 3 time
diff succeed!
