Found 5 items
-rw-r--r--   3 root supergroup 1073741824 2019-03-28 04:40 /myfile1
-rw-r--r--   3 root supergroup 1073741824 2019-03-28 04:41 /myfile2
-rw-r--r--   3 root supergroup 1073741824 2019-03-28 04:41 /myfile3
-rw-r--r--   3 root supergroup 1073741824 2019-03-28 04:41 /myfile4
-rw-r--r--   3 root supergroup 1073741824 2019-03-28 04:40 /myfile5
file 5 has been put into HDFS
file 5 has been read from HDFS for 1 time
diff succeed!
file 5 has been read from HDFS for 2 time
diff succeed!
file 5 has been read from HDFS for 3 time
diff succeed!
file 5 has been read from HDFS for 4 time
diff succeed!
file 5 has been read from HDFS for 5 time
diff succeed!
file 5 has been read from HDFS for 6 time
diff succeed!
file 5 has been read from HDFS for 7 time
diff succeed!
file 5 has been read from HDFS for 8 time
diff succeed!
file 5 has been read from HDFS for 9 time
diff succeed!
file 5 has been read from HDFS for 10 time
diff succeed!
Deleted /myfile5
file 5 has been removed from HDFS
Found 5 items
-rw-r--r--   3 root supergroup 1073741824 2019-03-28 04:40 /myfile1
-rw-r--r--   3 root supergroup 1073741824 2019-03-28 04:41 /myfile2
-rw-r--r--   3 root supergroup 1073741824 2019-03-28 04:42 /myfile3
-rw-r--r--   3 root supergroup 1073741824 2019-03-28 04:41 /myfile4
-rw-r--r--   3 root supergroup 1073741824 2019-03-28 04:42 /myfile5
file 5 has been put into HDFS
file 5 has been read from HDFS for 1 time
diff succeed!
file 5 has been read from HDFS for 2 time
diff succeed!
file 5 has been read from HDFS for 3 time
diff succeed!
file 5 has been read from HDFS for 4 time
diff succeed!
file 5 has been read from HDFS for 5 time
diff succeed!
file 5 has been read from HDFS for 6 time
diff succeed!
file 5 has been read from HDFS for 7 time
diff succeed!
file 5 has been read from HDFS for 8 time
diff succeed!
file 5 has been read from HDFS for 9 time
diff succeed!
file 5 has been read from HDFS for 10 time
diff succeed!
Deleted /myfile5
file 5 has been removed from HDFS
Found 5 items
-rw-r--r--   3 root supergroup 1073741824 2019-03-28 04:42 /myfile1
-rw-r--r--   3 root supergroup 1073741824 2019-03-28 04:42 /myfile2
-rw-r--r--   3 root supergroup          0 2019-03-28 04:44 /myfile3._COPYING_
-rw-r--r--   3 root supergroup 1073741824 2019-03-28 04:42 /myfile4
-rw-r--r--   3 root supergroup 1073741824 2019-03-28 04:44 /myfile5
file 5 has been put into HDFS
file 5 has been read from HDFS for 1 time
diff succeed!
file 5 has been read from HDFS for 2 time
diff succeed!
file 5 has been read from HDFS for 3 time
diff succeed!
file 5 has been read from HDFS for 4 time
diff succeed!
file 5 has been read from HDFS for 5 time
diff succeed!
file 5 has been read from HDFS for 6 time
diff succeed!
file 5 has been read from HDFS for 7 time
diff succeed!
file 5 has been read from HDFS for 8 time
diff succeed!
file 5 has been read from HDFS for 9 time
diff succeed!
file 5 has been read from HDFS for 10 time
diff succeed!
Deleted /myfile5
file 5 has been removed from HDFS
Found 5 items
-rw-r--r--   3 root supergroup 1073741824 2019-03-28 04:44 /myfile1
-rw-r--r--   3 root supergroup 1073741824 2019-03-28 04:44 /myfile2
-rw-r--r--   3 root supergroup  939524096 2019-03-28 04:45 /myfile3._COPYING_
-rw-r--r--   3 root supergroup 1073741824 2019-03-28 04:44 /myfile4
-rw-r--r--   3 root supergroup 1073741824 2019-03-28 04:45 /myfile5
file 5 has been put into HDFS
file 5 has been read from HDFS for 1 time
diff succeed!
file 5 has been read from HDFS for 2 time
diff succeed!
file 5 has been read from HDFS for 3 time
diff succeed!
file 5 has been read from HDFS for 4 time
diff succeed!
file 5 has been read from HDFS for 5 time
diff succeed!
file 5 has been read from HDFS for 6 time
diff succeed!
file 5 has been read from HDFS for 7 time
diff succeed!
file 5 has been read from HDFS for 8 time
diff succeed!
file 5 has been read from HDFS for 9 time
diff succeed!
file 5 has been read from HDFS for 10 time
diff succeed!
Deleted /myfile5
file 5 has been removed from HDFS
Found 5 items
-rw-r--r--   3 root supergroup 1073741824 2019-03-28 04:46 /myfile1
-rw-r--r--   3 root supergroup 1073741824 2019-03-28 04:46 /myfile2
-rw-r--r--   3 root supergroup 1073741824 2019-03-28 04:47 /myfile3
-rw-r--r--   3 root supergroup 1073741824 2019-03-28 04:46 /myfile4
-rw-r--r--   3 root supergroup 1073741824 2019-03-28 04:47 /myfile5
file 5 has been put into HDFS
file 5 has been read from HDFS for 1 time
diff succeed!
file 5 has been read from HDFS for 2 time
diff succeed!
file 5 has been read from HDFS for 3 time
diff succeed!
file 5 has been read from HDFS for 4 time
diff succeed!
file 5 has been read from HDFS for 5 time
diff succeed!
file 5 has been read from HDFS for 6 time
diff succeed!
file 5 has been read from HDFS for 7 time
diff succeed!
file 5 has been read from HDFS for 8 time
diff succeed!
file 5 has been read from HDFS for 9 time
diff succeed!
file 5 has been read from HDFS for 10 time
diff succeed!
Deleted /myfile5
file 5 has been removed from HDFS
Found 5 items
-rw-r--r--   3 root supergroup 1073741824 2019-03-28 04:48 /myfile1
-rw-r--r--   3 root supergroup 1073741824 2019-03-28 04:48 /myfile2
-rw-r--r--   3 root supergroup 1073741824 2019-03-28 04:49 /myfile3
-rw-r--r--   3 root supergroup 1073741824 2019-03-28 04:48 /myfile4
-rw-r--r--   3 root supergroup 1073741824 2019-03-28 04:49 /myfile5
file 5 has been put into HDFS
file 5 has been read from HDFS for 1 time
diff succeed!
file 5 has been read from HDFS for 2 time
diff succeed!
file 5 has been read from HDFS for 3 time
diff succeed!
file 5 has been read from HDFS for 4 time
diff succeed!
file 5 has been read from HDFS for 5 time
diff succeed!
file 5 has been read from HDFS for 6 time
diff succeed!
file 5 has been read from HDFS for 7 time
diff succeed!
file 5 has been read from HDFS for 8 time
diff succeed!
file 5 has been read from HDFS for 9 time
diff succeed!
file 5 has been read from HDFS for 10 time
diff succeed!
Deleted /myfile5
file 5 has been removed from HDFS
Found 5 items
-rw-r--r--   3 root supergroup 1073741824 2019-03-28 04:50 /myfile1
-rw-r--r--   3 root supergroup 1073741824 2019-03-28 04:50 /myfile2
-rw-r--r--   3 root supergroup 1073741824 2019-03-28 04:51 /myfile3
-rw-r--r--   3 root supergroup 1073741824 2019-03-28 04:50 /myfile4
-rw-r--r--   3 root supergroup 1073741824 2019-03-28 04:51 /myfile5
file 5 has been put into HDFS
file 5 has been read from HDFS for 1 time
diff succeed!
file 5 has been read from HDFS for 2 time
diff succeed!
file 5 has been read from HDFS for 3 time
diff succeed!
file 5 has been read from HDFS for 4 time
diff succeed!
file 5 has been read from HDFS for 5 time
diff succeed!
file 5 has been read from HDFS for 6 time
diff succeed!
file 5 has been read from HDFS for 7 time
diff succeed!
file 5 has been read from HDFS for 8 time
diff succeed!
file 5 has been read from HDFS for 9 time
diff succeed!
file 5 has been read from HDFS for 10 time
diff succeed!
Deleted /myfile5
file 5 has been removed from HDFS
Found 5 items
-rw-r--r--   3 root supergroup 1073741824 2019-03-28 04:51 /myfile1
-rw-r--r--   3 root supergroup 1073741824 2019-03-28 04:51 /myfile2
-rw-r--r--   3 root supergroup 1073741824 2019-03-28 04:52 /myfile3
-rw-r--r--   3 root supergroup 1073741824 2019-03-28 04:51 /myfile4
-rw-r--r--   3 root supergroup 1073741824 2019-03-28 04:52 /myfile5
file 5 has been put into HDFS
file 5 has been read from HDFS for 1 time
diff succeed!
file 5 has been read from HDFS for 2 time
diff succeed!
file 5 has been read from HDFS for 3 time
diff succeed!
file 5 has been read from HDFS for 4 time
diff succeed!
file 5 has been read from HDFS for 5 time
diff succeed!
file 5 has been read from HDFS for 6 time
diff succeed!
file 5 has been read from HDFS for 7 time
diff succeed!
file 5 has been read from HDFS for 8 time
diff succeed!
file 5 has been read from HDFS for 9 time
diff succeed!
file 5 has been read from HDFS for 10 time
diff succeed!
Deleted /myfile5
file 5 has been removed from HDFS
Found 5 items
-rw-r--r--   3 root supergroup 1073741824 2019-03-28 04:53 /myfile1
-rw-r--r--   3 root supergroup 1073741824 2019-03-28 04:53 /myfile2
-rw-r--r--   3 root supergroup 1073741824 2019-03-28 04:54 /myfile3
-rw-r--r--   3 root supergroup 1073741824 2019-03-28 04:53 /myfile4
-rw-r--r--   3 root supergroup 1073741824 2019-03-28 04:54 /myfile5
file 5 has been put into HDFS
file 5 has been read from HDFS for 1 time
diff succeed!
file 5 has been read from HDFS for 2 time
diff succeed!
file 5 has been read from HDFS for 3 time
diff succeed!
file 5 has been read from HDFS for 4 time
diff succeed!
file 5 has been read from HDFS for 5 time
diff succeed!
file 5 has been read from HDFS for 6 time
diff succeed!
file 5 has been read from HDFS for 7 time
diff succeed!
file 5 has been read from HDFS for 8 time
diff succeed!
file 5 has been read from HDFS for 9 time
diff succeed!
file 5 has been read from HDFS for 10 time
diff succeed!
