Found 5 items
-rw-r--r--   3 root supergroup 1073741824 2019-03-26 03:38 /myfile1
-rw-r--r--   3 root supergroup 1073741824 2019-03-26 03:38 /myfile2
-rw-r--r--   3 root supergroup 1073741824 2019-03-26 03:38 /myfile3
-rw-r--r--   3 root supergroup 1073741824 2019-03-26 03:38 /myfile4
-rw-r--r--   3 root supergroup 1073741824 2019-03-26 03:38 /myfile5
file 5 has been put into HDFS
file 5 has been read from HDFS for 1 time
diff succeed!
file 5 has been read from HDFS for 2 time
diff succeed!
file 5 has been read from HDFS for 3 time
diff succeed!
file 5 has been read from HDFS for 4 time
diff succeed!
file 5 has been read from HDFS for 5 time
diff succeed!
file 5 has been read from HDFS for 6 time
diff succeed!
file 5 has been read from HDFS for 7 time
diff succeed!
file 5 has been read from HDFS for 8 time
diff succeed!
file 5 has been read from HDFS for 9 time
diff succeed!
file 5 has been read from HDFS for 10 time
diff succeed!
Deleted /myfile5
file 5 has been removed from HDFS
Found 5 items
-rw-r--r--   3 root supergroup 1073741824 2019-03-26 03:40 /myfile1
-rw-r--r--   3 root supergroup 1073741824 2019-03-26 03:40 /myfile2
-rw-r--r--   3 root supergroup 1073741824 2019-03-26 03:40 /myfile3
-rw-r--r--   3 root supergroup 1073741824 2019-03-26 03:40 /myfile4
-rw-r--r--   3 root supergroup 1073741824 2019-03-26 03:40 /myfile5
file 5 has been put into HDFS
file 5 has been read from HDFS for 1 time
diff succeed!
file 5 has been read from HDFS for 2 time
diff succeed!
file 5 has been read from HDFS for 3 time
diff succeed!
file 5 has been read from HDFS for 4 time
diff succeed!
file 5 has been read from HDFS for 5 time
diff succeed!
file 5 has been read from HDFS for 6 time
diff succeed!
file 5 has been read from HDFS for 7 time
diff succeed!
file 5 has been read from HDFS for 8 time
diff succeed!
file 5 has been read from HDFS for 9 time
diff succeed!
file 5 has been read from HDFS for 10 time
diff succeed!
Deleted /myfile5
file 5 has been removed from HDFS
Found 5 items
-rw-r--r--   3 root supergroup 1073741824 2019-03-26 03:42 /myfile1
-rw-r--r--   3 root supergroup 1073741824 2019-03-26 03:42 /myfile2._COPYING_
-rw-r--r--   3 root supergroup 1073741824 2019-03-26 03:42 /myfile3
-rw-r--r--   3 root supergroup 1073741824 2019-03-26 03:41 /myfile4
-rw-r--r--   3 root supergroup 1073741824 2019-03-26 03:42 /myfile5
file 5 has been put into HDFS
file 5 has been read from HDFS for 1 time
diff succeed!
file 5 has been read from HDFS for 2 time
diff succeed!
file 5 has been read from HDFS for 3 time
diff succeed!
file 5 has been read from HDFS for 4 time
diff succeed!
file 5 has been read from HDFS for 5 time
diff succeed!
file 5 has been read from HDFS for 6 time
diff succeed!
file 5 has been read from HDFS for 7 time
diff succeed!
file 5 has been read from HDFS for 8 time
diff succeed!
file 5 has been read from HDFS for 9 time
diff succeed!
file 5 has been read from HDFS for 10 time
diff succeed!
Deleted /myfile5
file 5 has been removed from HDFS
Found 5 items
-rw-r--r--   3 root supergroup 1073741824 2019-03-26 03:42 /myfile1
-rw-r--r--   3 root supergroup 1073741824 2019-03-26 03:43 /myfile2
-rw-r--r--   3 root supergroup 1073741824 2019-03-26 03:42 /myfile3
-rw-r--r--   3 root supergroup  671088640 2019-03-26 03:43 /myfile4._COPYING_
-rw-r--r--   3 root supergroup 1073741824 2019-03-26 03:43 /myfile5
file 5 has been put into HDFS
file 5 has been read from HDFS for 1 time
diff succeed!
file 5 has been read from HDFS for 2 time
diff succeed!
file 5 has been read from HDFS for 3 time
diff succeed!
file 5 has been read from HDFS for 4 time
diff succeed!
file 5 has been read from HDFS for 5 time
diff succeed!
file 5 has been read from HDFS for 6 time
diff succeed!
file 5 has been read from HDFS for 7 time
diff succeed!
file 5 has been read from HDFS for 8 time
diff succeed!
file 5 has been read from HDFS for 9 time
diff succeed!
file 5 has been read from HDFS for 10 time
diff succeed!
Deleted /myfile5
file 5 has been removed from HDFS
Found 3 items
-rw-r--r--   3 root supergroup 1073741824 2019-03-26 03:44 /myfile1
-rw-r--r--   3 root supergroup 1073741824 2019-03-26 03:44 /myfile3
-rw-r--r--   3 root supergroup 1073741824 2019-03-26 03:45 /myfile5
file 5 has been put into HDFS
file 5 has been read from HDFS for 1 time
diff succeed!
file 5 has been read from HDFS for 2 time
diff succeed!
file 5 has been read from HDFS for 3 time
diff succeed!
file 5 has been read from HDFS for 4 time
diff succeed!
file 5 has been read from HDFS for 5 time
diff succeed!
file 5 has been read from HDFS for 6 time
diff succeed!
file 5 has been read from HDFS for 7 time
diff succeed!
file 5 has been read from HDFS for 8 time
diff succeed!
file 5 has been read from HDFS for 9 time
diff succeed!
file 5 has been read from HDFS for 10 time
diff succeed!
Deleted /myfile5
file 5 has been removed from HDFS
Found 4 items
-rw-r--r--   3 root supergroup 1073741824 2019-03-26 03:46 /myfile1
-rw-r--r--   3 root supergroup 1073741824 2019-03-26 03:45 /myfile2
-rw-r--r--   3 root supergroup 1073741824 2019-03-26 03:46 /myfile3
-rw-r--r--   3 root supergroup 1073741824 2019-03-26 03:47 /myfile5
file 5 has been put into HDFS
file 5 has been read from HDFS for 1 time
diff succeed!
file 5 has been read from HDFS for 2 time
diff succeed!
file 5 has been read from HDFS for 3 time
diff succeed!
file 5 has been read from HDFS for 4 time
diff succeed!
file 5 has been read from HDFS for 5 time
diff succeed!
file 5 has been read from HDFS for 6 time
diff succeed!
file 5 has been read from HDFS for 7 time
diff succeed!
file 5 has been read from HDFS for 8 time
diff succeed!
file 5 has been read from HDFS for 9 time
diff succeed!
file 5 has been read from HDFS for 10 time
diff succeed!
Deleted /myfile5
file 5 has been removed from HDFS
2019-03-26 03:48:46,700 WARN  hdfs.DataStreamer DataStreamer.java:run:1196 - Exception for BP-2107801181-130.127.133.21-1553593072907:blk_1073742069_1245
java.io.IOException: Connection reset by peer
	at sun.nio.ch.FileDispatcherImpl.read0(Native Method)
	at sun.nio.ch.SocketDispatcher.read(SocketDispatcher.java:39)
	at sun.nio.ch.IOUtil.readIntoNativeBuffer(IOUtil.java:223)
	at sun.nio.ch.IOUtil.read(IOUtil.java:197)
	at sun.nio.ch.SocketChannelImpl.read(SocketChannelImpl.java:380)
	at org.apache.hadoop.net.SocketInputStream$Reader.performIO(SocketInputStream.java:57)
	at org.apache.hadoop.net.SocketIOWithTimeout.doIO(SocketIOWithTimeout.java:142)
	at org.apache.hadoop.net.SocketInputStream.read(SocketInputStream.java:161)
	at org.apache.hadoop.net.SocketInputStream.read(SocketInputStream.java:131)
	at org.apache.hadoop.net.SocketInputStream.read(SocketInputStream.java:118)
	at java.io.FilterInputStream.read(FilterInputStream.java:83)
	at java.io.FilterInputStream.read(FilterInputStream.java:83)
	at org.apache.hadoop.hdfs.protocolPB.PBHelperClient.vintPrefixed(PBHelperClient.java:547)
	at org.apache.hadoop.hdfs.protocol.datatransfer.PipelineAck.readFields(PipelineAck.java:213)
	at org.apache.hadoop.hdfs.DataStreamer$ResponseProcessor.run(DataStreamer.java:1086)
2019-03-26 03:48:46,706 WARN  hdfs.DataStreamer DataStreamer.java:handleBadDatanode:1571 - Error Recovery for BP-2107801181-130.127.133.21-1553593072907:blk_1073742069_1245 in pipeline [DatanodeInfoWithStorage[10.10.1.6:9866,DS-e9e328cc-af9d-4540-8636-303532990d37,DISK], DatanodeInfoWithStorage[10.10.1.5:9866,DS-cf1c431f-2ad6-4c4f-8501-509d7b2a79cb,DISK], DatanodeInfoWithStorage[10.10.1.3:9866,DS-bff196a8-a3e2-4558-a988-f5538c58a44a,DISK]]: datanode 0(DatanodeInfoWithStorage[10.10.1.6:9866,DS-e9e328cc-af9d-4540-8636-303532990d37,DISK]) is bad.
2019-03-26 03:48:48,483 INFO  hdfs.DataStreamer DataStreamer.java:createBlockOutputStream:1789 - Exception in createBlockOutputStream blk_1073742072_1249
java.io.IOException: Got error, status=ERROR, status message , ack with firstBadLink as 10.10.1.6:9866
	at org.apache.hadoop.hdfs.protocol.datatransfer.DataTransferProtoUtil.checkBlockOpStatus(DataTransferProtoUtil.java:134)
	at org.apache.hadoop.hdfs.protocol.datatransfer.DataTransferProtoUtil.checkBlockOpStatus(DataTransferProtoUtil.java:110)
	at org.apache.hadoop.hdfs.DataStreamer.createBlockOutputStream(DataStreamer.java:1778)
	at org.apache.hadoop.hdfs.DataStreamer.nextBlockOutputStream(DataStreamer.java:1679)
	at org.apache.hadoop.hdfs.DataStreamer.run(DataStreamer.java:716)
2019-03-26 03:48:48,484 WARN  hdfs.DataStreamer DataStreamer.java:nextBlockOutputStream:1683 - Abandoning BP-2107801181-130.127.133.21-1553593072907:blk_1073742072_1249
2019-03-26 03:48:48,501 WARN  hdfs.DataStreamer DataStreamer.java:nextBlockOutputStream:1688 - Excluding datanode DatanodeInfoWithStorage[10.10.1.6:9866,DS-e9e328cc-af9d-4540-8636-303532990d37,DISK]
Found 5 items
-rw-r--r--   3 root supergroup 1073741824 2019-03-26 03:48 /myfile1
-rw-r--r--   3 root supergroup 1073741824 2019-03-26 03:47 /myfile2
-rw-r--r--   3 root supergroup 1073741824 2019-03-26 03:48 /myfile3
-rw-r--r--   3 root supergroup 1073741824 2019-03-26 03:47 /myfile4
-rw-r--r--   3 root supergroup 1073741824 2019-03-26 03:48 /myfile5
file 5 has been put into HDFS
file 5 has been read from HDFS for 1 time
diff succeed!
file 5 has been read from HDFS for 2 time
diff succeed!
file 5 has been read from HDFS for 3 time
diff succeed!
file 5 has been read from HDFS for 4 time
diff succeed!
file 5 has been read from HDFS for 5 time
diff succeed!
file 5 has been read from HDFS for 6 time
diff succeed!
file 5 has been read from HDFS for 7 time
diff succeed!
file 5 has been read from HDFS for 8 time
diff succeed!
file 5 has been read from HDFS for 9 time
diff succeed!
file 5 has been read from HDFS for 10 time
diff succeed!
Deleted /myfile5
file 5 has been removed from HDFS
Found 4 items
-rw-r--r--   3 root supergroup 1073741824 2019-03-26 03:49 /myfile1
-rw-r--r--   3 root supergroup          0 2019-03-26 03:50 /myfile2._COPYING_
-rw-r--r--   3 root supergroup 1073741824 2019-03-26 03:49 /myfile3
-rw-r--r--   3 root supergroup 1073741824 2019-03-26 03:50 /myfile5
file 5 has been put into HDFS
file 5 has been read from HDFS for 1 time
diff succeed!
file 5 has been read from HDFS for 2 time
diff succeed!
file 5 has been read from HDFS for 3 time
diff succeed!
file 5 has been read from HDFS for 4 time
diff succeed!
file 5 has been read from HDFS for 5 time
diff succeed!
file 5 has been read from HDFS for 6 time
diff succeed!
file 5 has been read from HDFS for 7 time
diff succeed!
file 5 has been read from HDFS for 8 time
diff succeed!
file 5 has been read from HDFS for 9 time
diff succeed!
file 5 has been read from HDFS for 10 time
diff succeed!
Deleted /myfile5
file 5 has been removed from HDFS
Found 5 items
-rw-r--r--   3 root supergroup 1073741824 2019-03-26 03:51 /myfile1
-rw-r--r--   3 root supergroup 1073741824 2019-03-26 03:52 /myfile2
-rw-r--r--   3 root supergroup 1073741824 2019-03-26 03:52 /myfile3
-rw-r--r--   3 root supergroup 1073741824 2019-03-26 03:52 /myfile4
-rw-r--r--   3 root supergroup 1073741824 2019-03-26 03:52 /myfile5
file 5 has been put into HDFS
file 5 has been read from HDFS for 1 time
diff succeed!
file 5 has been read from HDFS for 2 time
diff succeed!
file 5 has been read from HDFS for 3 time
diff succeed!
file 5 has been read from HDFS for 4 time
diff succeed!
file 5 has been read from HDFS for 5 time
diff succeed!
file 5 has been read from HDFS for 6 time
diff succeed!
