Found 5 items
-rw-r--r--   3 root supergroup 1073741824 2019-03-25 20:16 /myfile1
-rw-r--r--   3 root supergroup 1073741824 2019-03-25 20:16 /myfile2
-rw-r--r--   3 root supergroup 1073741824 2019-03-25 20:16 /myfile3
-rw-r--r--   3 root supergroup 1073741824 2019-03-25 20:16 /myfile4
-rw-r--r--   3 root supergroup 1073741824 2019-03-25 20:16 /myfile5
file 2 has been put into HDFS
file 2 has been read from HDFS for 1 time
diff succeed!
file 2 has been read from HDFS for 2 time
diff succeed!
file 2 has been read from HDFS for 3 time
diff succeed!
file 2 has been read from HDFS for 4 time
diff succeed!
file 2 has been read from HDFS for 5 time
diff succeed!
file 2 has been read from HDFS for 6 time
diff succeed!
file 2 has been read from HDFS for 7 time
diff succeed!
file 2 has been read from HDFS for 8 time
diff succeed!
file 2 has been read from HDFS for 9 time
diff succeed!
file 2 has been read from HDFS for 10 time
diff succeed!
Deleted /myfile2
file 2 has been removed from HDFS
Found 5 items
-rw-r--r--   3 root supergroup  805306368 2019-03-25 20:19 /myfile1._COPYING_
-rw-r--r--   3 root supergroup 1073741824 2019-03-25 20:19 /myfile2
-rw-r--r--   3 root supergroup 1073741824 2019-03-25 20:19 /myfile3
-rw-r--r--   3 root supergroup  536870912 2019-03-25 20:19 /myfile4._COPYING_
-rw-r--r--   3 root supergroup 1073741824 2019-03-25 20:19 /myfile5
file 2 has been put into HDFS
file 2 has been read from HDFS for 1 time
diff succeed!
file 2 has been read from HDFS for 2 time
diff succeed!
file 2 has been read from HDFS for 3 time
diff succeed!
file 2 has been read from HDFS for 4 time
diff succeed!
file 2 has been read from HDFS for 5 time
diff succeed!
file 2 has been read from HDFS for 6 time
diff succeed!
file 2 has been read from HDFS for 7 time
diff succeed!
file 2 has been read from HDFS for 8 time
diff succeed!
file 2 has been read from HDFS for 9 time
diff succeed!
file 2 has been read from HDFS for 10 time
diff succeed!
Deleted /myfile2
file 2 has been removed from HDFS
Found 5 items
-rw-r--r--   3 root supergroup 1073741824 2019-03-25 20:19 /myfile1
-rw-r--r--   3 root supergroup 1073741824 2019-03-25 20:21 /myfile2
-rw-r--r--   3 root supergroup 1073741824 2019-03-25 20:21 /myfile3
-rw-r--r--   3 root supergroup 1073741824 2019-03-25 20:19 /myfile4
-rw-r--r--   3 root supergroup  536870912 2019-03-25 20:21 /myfile5._COPYING_
file 2 has been put into HDFS
file 2 has been read from HDFS for 1 time
diff succeed!
file 2 has been read from HDFS for 2 time
diff succeed!
file 2 has been read from HDFS for 3 time
diff succeed!
file 2 has been read from HDFS for 4 time
diff succeed!
file 2 has been read from HDFS for 5 time
diff succeed!
file 2 has been read from HDFS for 6 time
diff succeed!
file 2 has been read from HDFS for 7 time
diff succeed!
file 2 has been read from HDFS for 8 time
diff succeed!
file 2 has been read from HDFS for 9 time
diff succeed!
file 2 has been read from HDFS for 10 time
diff succeed!
Deleted /myfile2
file 2 has been removed from HDFS
Found 4 items
-rw-r--r--   3 root supergroup 1073741824 2019-03-25 20:21 /myfile1
-rw-r--r--   3 root supergroup 1073741824 2019-03-25 20:22 /myfile2
-rw-r--r--   3 root supergroup 1073741824 2019-03-25 20:22 /myfile3
-rw-r--r--   3 root supergroup 1073741824 2019-03-25 20:21 /myfile4
file 2 has been put into HDFS
file 2 has been read from HDFS for 1 time
diff succeed!
file 2 has been read from HDFS for 2 time
diff succeed!
file 2 has been read from HDFS for 3 time
diff succeed!
file 2 has been read from HDFS for 4 time
diff succeed!
file 2 has been read from HDFS for 5 time
diff succeed!
file 2 has been read from HDFS for 6 time
diff succeed!
file 2 has been read from HDFS for 7 time
diff succeed!
file 2 has been read from HDFS for 8 time
diff succeed!
file 2 has been read from HDFS for 9 time
diff succeed!
file 2 has been read from HDFS for 10 time
diff succeed!
Deleted /myfile2
file 2 has been removed from HDFS
Found 5 items
-rw-r--r--   3 root supergroup 1073741824 2019-03-25 20:23 /myfile1
-rw-r--r--   3 root supergroup 1073741824 2019-03-25 20:24 /myfile2
-rw-r--r--   3 root supergroup 1073741824 2019-03-25 20:24 /myfile3
-rw-r--r--   3 root supergroup 1073741824 2019-03-25 20:23 /myfile4
-rw-r--r--   3 root supergroup 1073741824 2019-03-25 20:23 /myfile5
file 2 has been put into HDFS
file 2 has been read from HDFS for 1 time
diff succeed!
file 2 has been read from HDFS for 2 time
diff succeed!
file 2 has been read from HDFS for 3 time
diff succeed!
file 2 has been read from HDFS for 4 time
diff succeed!
file 2 has been read from HDFS for 5 time
diff succeed!
file 2 has been read from HDFS for 6 time
diff succeed!
file 2 has been read from HDFS for 7 time
diff succeed!
file 2 has been read from HDFS for 8 time
diff succeed!
file 2 has been read from HDFS for 9 time
diff succeed!
file 2 has been read from HDFS for 10 time
diff succeed!
Deleted /myfile2
file 2 has been removed from HDFS
Found 5 items
-rw-r--r--   3 root supergroup 1073741824 2019-03-25 20:24 /myfile1
-rw-r--r--   3 root supergroup 1073741824 2019-03-25 20:25 /myfile2
-rw-r--r--   3 root supergroup 1073741824 2019-03-25 20:25 /myfile3
-rw-r--r--   3 root supergroup 1073741824 2019-03-25 20:24 /myfile4
-rw-r--r--   3 root supergroup 1073741824 2019-03-25 20:24 /myfile5
file 2 has been put into HDFS
file 2 has been read from HDFS for 1 time
diff succeed!
file 2 has been read from HDFS for 2 time
diff succeed!
file 2 has been read from HDFS for 3 time
diff succeed!
file 2 has been read from HDFS for 4 time
diff succeed!
file 2 has been read from HDFS for 5 time
diff succeed!
file 2 has been read from HDFS for 6 time
diff succeed!
file 2 has been read from HDFS for 7 time
diff succeed!
file 2 has been read from HDFS for 8 time
diff succeed!
file 2 has been read from HDFS for 9 time
diff succeed!
file 2 has been read from HDFS for 10 time
diff succeed!
Deleted /myfile2
file 2 has been removed from HDFS
Found 5 items
-rw-r--r--   3 root supergroup 1073741824 2019-03-25 20:27 /myfile1
-rw-r--r--   3 root supergroup 1073741824 2019-03-25 20:27 /myfile2
-rw-r--r--   3 root supergroup 1073741824 2019-03-25 20:27 /myfile3
-rw-r--r--   3 root supergroup 1073741824 2019-03-25 20:27 /myfile4
-rw-r--r--   3 root supergroup 1073741824 2019-03-25 20:26 /myfile5
file 2 has been put into HDFS
file 2 has been read from HDFS for 1 time
diff succeed!
file 2 has been read from HDFS for 2 time
diff succeed!
file 2 has been read from HDFS for 3 time
diff succeed!
file 2 has been read from HDFS for 4 time
diff succeed!
file 2 has been read from HDFS for 5 time
diff succeed!
file 2 has been read from HDFS for 6 time
diff succeed!
file 2 has been read from HDFS for 7 time
diff succeed!
file 2 has been read from HDFS for 8 time
diff succeed!
file 2 has been read from HDFS for 9 time
diff succeed!
file 2 has been read from HDFS for 10 time
diff succeed!
Deleted /myfile2
file 2 has been removed from HDFS
Found 5 items
-rw-r--r--   3 root supergroup 1073741824 2019-03-25 20:29 /myfile1
-rw-r--r--   3 root supergroup 1073741824 2019-03-25 20:29 /myfile2
-rw-r--r--   3 root supergroup 1073741824 2019-03-25 20:29 /myfile3
-rw-r--r--   3 root supergroup 1073741824 2019-03-25 20:29 /myfile4
-rw-r--r--   3 root supergroup 1073741824 2019-03-25 20:28 /myfile5
file 2 has been put into HDFS
file 2 has been read from HDFS for 1 time
diff succeed!
file 2 has been read from HDFS for 2 time
diff succeed!
file 2 has been read from HDFS for 3 time
diff succeed!
file 2 has been read from HDFS for 4 time
diff succeed!
file 2 has been read from HDFS for 5 time
diff succeed!
file 2 has been read from HDFS for 6 time
diff succeed!
file 2 has been read from HDFS for 7 time
diff succeed!
file 2 has been read from HDFS for 8 time
diff succeed!
file 2 has been read from HDFS for 9 time
diff succeed!
file 2 has been read from HDFS for 10 time
diff succeed!
Deleted /myfile2
file 2 has been removed from HDFS
Found 5 items
-rw-r--r--   3 root supergroup 1073741824 2019-03-25 20:30 /myfile1
-rw-r--r--   3 root supergroup 1073741824 2019-03-25 20:31 /myfile2
-rw-r--r--   3 root supergroup  671088640 2019-03-25 20:30 /myfile3._COPYING_
-rw-r--r--   3 root supergroup 1073741824 2019-03-25 20:30 /myfile4
-rw-r--r--   3 root supergroup 1073741824 2019-03-25 20:30 /myfile5
file 2 has been put into HDFS
file 2 has been read from HDFS for 1 time
diff succeed!
file 2 has been read from HDFS for 2 time
diff succeed!
file 2 has been read from HDFS for 3 time
diff succeed!
file 2 has been read from HDFS for 4 time
diff succeed!
file 2 has been read from HDFS for 5 time
diff succeed!
file 2 has been read from HDFS for 6 time
diff succeed!
file 2 has been read from HDFS for 7 time
diff succeed!
file 2 has been read from HDFS for 8 time
diff succeed!
file 2 has been read from HDFS for 9 time
diff succeed!
file 2 has been read from HDFS for 10 time
diff succeed!
Deleted /myfile2
file 2 has been removed from HDFS
Found 5 items
-rw-r--r--   3 root supergroup 1073741824 2019-03-25 20:32 /myfile1
-rw-r--r--   3 root supergroup 1073741824 2019-03-25 20:32 /myfile2
-rw-r--r--   3 root supergroup 1073741824 2019-03-25 20:32 /myfile3
-rw-r--r--   3 root supergroup 1073741824 2019-03-25 20:32 /myfile4
-rw-r--r--   3 root supergroup 1073741824 2019-03-25 20:31 /myfile5
file 2 has been put into HDFS
file 2 has been read from HDFS for 1 time
diff succeed!
file 2 has been read from HDFS for 2 time
diff succeed!
file 2 has been read from HDFS for 3 time
diff succeed!
file 2 has been read from HDFS for 4 time
diff succeed!
file 2 has been read from HDFS for 5 time
diff succeed!
file 2 has been read from HDFS for 6 time
diff succeed!
file 2 has been read from HDFS for 7 time
diff succeed!
