Found 5 items
-rw-r--r--   3 root supergroup 1073741824 2019-03-30 02:09 /myfile1
-rw-r--r--   3 root supergroup 1073741824 2019-03-30 02:09 /myfile2
-rw-r--r--   3 root supergroup 1073741824 2019-03-30 02:09 /myfile3
-rw-r--r--   3 root supergroup 1073741824 2019-03-30 02:09 /myfile4
-rw-r--r--   3 root supergroup 1073741824 2019-03-30 02:09 /myfile5
file 5 has been put into HDFS
file 5 has been read from HDFS for 1 time
diff succeed!
file 5 has been read from HDFS for 2 time
diff succeed!
file 5 has been read from HDFS for 3 time
diff succeed!
file 5 has been read from HDFS for 4 time
diff succeed!
file 5 has been read from HDFS for 5 time
diff succeed!
file 5 has been read from HDFS for 6 time
diff succeed!
file 5 has been read from HDFS for 7 time
diff succeed!
file 5 has been read from HDFS for 8 time
diff succeed!
file 5 has been read from HDFS for 9 time
diff succeed!
file 5 has been read from HDFS for 10 time
diff succeed!
Deleted /myfile5
file 5 has been removed from HDFS
Found 5 items
-rw-r--r--   3 root supergroup 1073741824 2019-03-30 02:10 /myfile1
-rw-r--r--   3 root supergroup 1073741824 2019-03-30 02:10 /myfile2
-rw-r--r--   3 root supergroup 1073741824 2019-03-30 02:10 /myfile3
-rw-r--r--   3 root supergroup 1073741824 2019-03-30 02:10 /myfile4
-rw-r--r--   3 root supergroup 1073741824 2019-03-30 02:10 /myfile5
file 5 has been put into HDFS
file 5 has been read from HDFS for 1 time
diff succeed!
file 5 has been read from HDFS for 2 time
diff succeed!
file 5 has been read from HDFS for 3 time
diff succeed!
file 5 has been read from HDFS for 4 time
diff succeed!
file 5 has been read from HDFS for 5 time
diff succeed!
file 5 has been read from HDFS for 6 time
diff succeed!
file 5 has been read from HDFS for 7 time
diff succeed!
file 5 has been read from HDFS for 8 time
diff succeed!
file 5 has been read from HDFS for 9 time
diff succeed!
file 5 has been read from HDFS for 10 time
diff succeed!
Deleted /myfile5
file 5 has been removed from HDFS
Found 5 items
-rw-r--r--   3 root supergroup 1073741824 2019-03-30 02:12 /myfile1
-rw-r--r--   3 root supergroup  939524096 2019-03-30 02:12 /myfile2._COPYING_
-rw-r--r--   3 root supergroup          0 2019-03-30 02:12 /myfile3._COPYING_
-rw-r--r--   3 root supergroup  134217728 2019-03-30 02:12 /myfile4._COPYING_
-rw-r--r--   3 root supergroup 1073741824 2019-03-30 02:12 /myfile5
file 5 has been put into HDFS
file 5 has been read from HDFS for 1 time
diff succeed!
file 5 has been read from HDFS for 2 time
diff succeed!
file 5 has been read from HDFS for 3 time
diff succeed!
file 5 has been read from HDFS for 4 time
diff succeed!
file 5 has been read from HDFS for 5 time
diff succeed!
file 5 has been read from HDFS for 6 time
diff succeed!
file 5 has been read from HDFS for 7 time
diff succeed!
file 5 has been read from HDFS for 8 time
diff succeed!
file 5 has been read from HDFS for 9 time
diff succeed!
file 5 has been read from HDFS for 10 time
diff succeed!
Deleted /myfile5
file 5 has been removed from HDFS
2019-03-30 02:14:14,798 INFO  retry.RetryInvocationHandler RetryInvocationHandler.java:log:411 - java.net.ConnectException: Call From clnode055.clemson.cloudlab.us/130.127.133.64 to node-1-link-0:8020 failed on connection exception: java.net.ConnectException: Connection refused; For more details see:  http://wiki.apache.org/hadoop/ConnectionRefused, while invoking ClientNamenodeProtocolTranslatorPB.getFileInfo over node-1-link-0/10.10.1.4:8020 after 1 failover attempts. Trying to failover after sleeping for 1406ms.
Found 4 items
-rw-r--r--   3 root supergroup 1073741824 2019-03-30 02:13 /myfile1
-rw-r--r--   3 root supergroup 1073741824 2019-03-30 02:14 /myfile2
-rw-r--r--   3 root supergroup  671088640 2019-03-30 02:14 /myfile4._COPYING_
-rw-r--r--   3 root supergroup 1073741824 2019-03-30 02:14 /myfile5
file 5 has been put into HDFS
file 5 has been read from HDFS for 1 time
diff succeed!
file 5 has been read from HDFS for 2 time
diff succeed!
file 5 has been read from HDFS for 3 time
diff succeed!
file 5 has been read from HDFS for 4 time
diff succeed!
file 5 has been read from HDFS for 5 time
diff succeed!
file 5 has been read from HDFS for 6 time
diff succeed!
file 5 has been read from HDFS for 7 time
diff succeed!
file 5 has been read from HDFS for 8 time
diff succeed!
file 5 has been read from HDFS for 9 time
diff succeed!
file 5 has been read from HDFS for 10 time
diff succeed!
Deleted /myfile5
file 5 has been removed from HDFS
Found 5 items
-rw-r--r--   3 root supergroup 1073741824 2019-03-30 02:16 /myfile1
-rw-r--r--   3 root supergroup  671088640 2019-03-30 02:16 /myfile2._COPYING_
-rw-r--r--   3 root supergroup 1073741824 2019-03-30 02:16 /myfile3
-rw-r--r--   3 root supergroup 1073741824 2019-03-30 02:15 /myfile4
-rw-r--r--   3 root supergroup 1073741824 2019-03-30 02:16 /myfile5
file 5 has been put into HDFS
file 5 has been read from HDFS for 1 time
diff succeed!
file 5 has been read from HDFS for 2 time
diff succeed!
file 5 has been read from HDFS for 3 time
diff succeed!
file 5 has been read from HDFS for 4 time
diff succeed!
file 5 has been read from HDFS for 5 time
diff succeed!
file 5 has been read from HDFS for 6 time
diff succeed!
file 5 has been read from HDFS for 7 time
diff succeed!
file 5 has been read from HDFS for 8 time
diff succeed!
file 5 has been read from HDFS for 9 time
diff succeed!
file 5 has been read from HDFS for 10 time
diff succeed!
Deleted /myfile5
file 5 has been removed from HDFS
Found 5 items
-rw-r--r--   3 root supergroup          0 2019-03-30 02:17 /myfile1._COPYING_
-rw-r--r--   3 root supergroup 1073741824 2019-03-30 02:16 /myfile2
-rw-r--r--   3 root supergroup          0 2019-03-30 02:17 /myfile3._COPYING_
-rw-r--r--   3 root supergroup 1073741824 2019-03-30 02:17 /myfile4
-rw-r--r--   3 root supergroup 1073741824 2019-03-30 02:17 /myfile5
file 5 has been put into HDFS
file 5 has been read from HDFS for 1 time
diff succeed!
file 5 has been read from HDFS for 2 time
diff succeed!
file 5 has been read from HDFS for 3 time
diff succeed!
file 5 has been read from HDFS for 4 time
diff succeed!
file 5 has been read from HDFS for 5 time
diff succeed!
file 5 has been read from HDFS for 6 time
diff succeed!
file 5 has been read from HDFS for 7 time
diff succeed!
file 5 has been read from HDFS for 8 time
diff succeed!
file 5 has been read from HDFS for 9 time
diff succeed!
file 5 has been read from HDFS for 10 time
diff succeed!
Deleted /myfile5
file 5 has been removed from HDFS
Found 4 items
-rw-r--r--   3 root supergroup  402653184 2019-03-30 02:19 /myfile1._COPYING_
-rw-r--r--   3 root supergroup  402653184 2019-03-30 02:19 /myfile3._COPYING_
-rw-r--r--   3 root supergroup 1073741824 2019-03-30 02:18 /myfile4
-rw-r--r--   3 root supergroup 1073741824 2019-03-30 02:19 /myfile5
file 5 has been put into HDFS
file 5 has been read from HDFS for 1 time
diff succeed!
file 5 has been read from HDFS for 2 time
diff succeed!
file 5 has been read from HDFS for 3 time
diff succeed!
file 5 has been read from HDFS for 4 time
diff succeed!
file 5 has been read from HDFS for 5 time
diff succeed!
file 5 has been read from HDFS for 6 time
diff succeed!
file 5 has been read from HDFS for 7 time
diff succeed!
file 5 has been read from HDFS for 8 time
diff succeed!
file 5 has been read from HDFS for 9 time
diff succeed!
file 5 has been read from HDFS for 10 time
diff succeed!
Deleted /myfile5
file 5 has been removed from HDFS
Found 5 items
-rw-r--r--   3 root supergroup 1073741824 2019-03-30 02:21 /myfile1
-rw-r--r--   3 root supergroup 1073741824 2019-03-30 02:19 /myfile2
-rw-r--r--   3 root supergroup 1073741824 2019-03-30 02:21 /myfile3
-rw-r--r--   3 root supergroup 1073741824 2019-03-30 02:20 /myfile4
-rw-r--r--   3 root supergroup 1073741824 2019-03-30 02:21 /myfile5
file 5 has been put into HDFS
file 5 has been read from HDFS for 1 time
diff succeed!
file 5 has been read from HDFS for 2 time
diff succeed!
file 5 has been read from HDFS for 3 time
diff succeed!
file 5 has been read from HDFS for 4 time
diff succeed!
file 5 has been read from HDFS for 5 time
diff succeed!
file 5 has been read from HDFS for 6 time
diff succeed!
file 5 has been read from HDFS for 7 time
diff succeed!
file 5 has been read from HDFS for 8 time
diff succeed!
file 5 has been read from HDFS for 9 time
diff succeed!
file 5 has been read from HDFS for 10 time
diff succeed!
Deleted /myfile5
file 5 has been removed from HDFS
Found 5 items
-rw-r--r--   3 root supergroup 1073741824 2019-03-30 02:23 /myfile1
-rw-r--r--   3 root supergroup  805306368 2019-03-30 02:23 /myfile2._COPYING_
-rw-r--r--   3 root supergroup 1073741824 2019-03-30 02:23 /myfile3
-rw-r--r--   3 root supergroup 1073741824 2019-03-30 02:22 /myfile4
-rw-r--r--   3 root supergroup 1073741824 2019-03-30 02:23 /myfile5
file 5 has been put into HDFS
file 5 has been read from HDFS for 1 time
diff succeed!
file 5 has been read from HDFS for 2 time
diff succeed!
file 5 has been read from HDFS for 3 time
diff succeed!
file 5 has been read from HDFS for 4 time
diff succeed!
file 5 has been read from HDFS for 5 time
diff succeed!
file 5 has been read from HDFS for 6 time
diff succeed!
file 5 has been read from HDFS for 7 time
diff succeed!
file 5 has been read from HDFS for 8 time
diff succeed!
file 5 has been read from HDFS for 9 time
diff succeed!
file 5 has been read from HDFS for 10 time
diff succeed!
Deleted /myfile5
file 5 has been removed from HDFS
Found 5 items
-rw-r--r--   3 root supergroup 1073741824 2019-03-30 02:24 /myfile1
-rw-r--r--   3 root supergroup 1073741824 2019-03-30 02:24 /myfile2
-rw-r--r--   3 root supergroup 1073741824 2019-03-30 02:24 /myfile3
-rw-r--r--   3 root supergroup 1073741824 2019-03-30 02:24 /myfile4
-rw-r--r--   3 root supergroup 1073741824 2019-03-30 02:24 /myfile5
file 5 has been put into HDFS
file 5 has been read from HDFS for 1 time
diff succeed!
file 5 has been read from HDFS for 2 time
diff succeed!
file 5 has been read from HDFS for 3 time
diff succeed!
