Found 5 items
-rw-r--r--   3 root supergroup 1073741824 2019-03-28 00:39 /myfile1
-rw-r--r--   3 root supergroup 1073741824 2019-03-28 00:39 /myfile2
-rw-r--r--   3 root supergroup 1073741824 2019-03-28 00:39 /myfile3
-rw-r--r--   3 root supergroup 1073741824 2019-03-28 00:39 /myfile4
-rw-r--r--   3 root supergroup 1073741824 2019-03-28 00:39 /myfile5
file 1 has been put into HDFS
file 1 has been read from HDFS for 1 time
diff succeed!
file 1 has been read from HDFS for 2 time
diff succeed!
file 1 has been read from HDFS for 3 time
diff succeed!
file 1 has been read from HDFS for 4 time
diff succeed!
file 1 has been read from HDFS for 5 time
diff succeed!
file 1 has been read from HDFS for 6 time
diff succeed!
file 1 has been read from HDFS for 7 time
diff succeed!
file 1 has been read from HDFS for 8 time
diff succeed!
file 1 has been read from HDFS for 9 time
diff succeed!
file 1 has been read from HDFS for 10 time
diff succeed!
Deleted /myfile1
file 1 has been removed from HDFS
Found 5 items
-rw-r--r--   3 root supergroup 1073741824 2019-03-28 00:41 /myfile1
-rw-r--r--   3 root supergroup 1073741824 2019-03-28 00:41 /myfile2
-rw-r--r--   3 root supergroup 1073741824 2019-03-28 00:41 /myfile3
-rw-r--r--   3 root supergroup 1073741824 2019-03-28 00:41 /myfile4
-rw-r--r--   3 root supergroup 1073741824 2019-03-28 00:39 /myfile5
file 1 has been put into HDFS
file 1 has been read from HDFS for 1 time
diff succeed!
file 1 has been read from HDFS for 2 time
diff succeed!
file 1 has been read from HDFS for 3 time
diff succeed!
file 1 has been read from HDFS for 4 time
diff succeed!
file 1 has been read from HDFS for 5 time
diff succeed!
file 1 has been read from HDFS for 6 time
diff succeed!
file 1 has been read from HDFS for 7 time
diff succeed!
file 1 has been read from HDFS for 8 time
diff succeed!
file 1 has been read from HDFS for 9 time
diff succeed!
file 1 has been read from HDFS for 10 time
diff succeed!
Deleted /myfile1
file 1 has been removed from HDFS
Found 5 items
-rw-r--r--   3 root supergroup 1073741824 2019-03-28 00:42 /myfile1
-rw-r--r--   3 root supergroup 1073741824 2019-03-28 00:41 /myfile2
-rw-r--r--   3 root supergroup 1073741824 2019-03-28 00:41 /myfile3
-rw-r--r--   3 root supergroup 1073741824 2019-03-28 00:42 /myfile4
-rw-r--r--   3 root supergroup 1073741824 2019-03-28 00:42 /myfile5
file 1 has been put into HDFS
file 1 has been read from HDFS for 1 time
diff succeed!
file 1 has been read from HDFS for 2 time
diff succeed!
file 1 has been read from HDFS for 3 time
diff succeed!
file 1 has been read from HDFS for 4 time
diff succeed!
file 1 has been read from HDFS for 5 time
diff succeed!
file 1 has been read from HDFS for 6 time
diff succeed!
file 1 has been read from HDFS for 7 time
diff succeed!
file 1 has been read from HDFS for 8 time
diff succeed!
file 1 has been read from HDFS for 9 time
diff succeed!
file 1 has been read from HDFS for 10 time
diff succeed!
Deleted /myfile1
file 1 has been removed from HDFS
2019-03-28 00:44:29,938 INFO  hdfs.DataStreamer DataStreamer.java:createBlockOutputStream:1789 - Exception in createBlockOutputStream blk_1073741946_1123
java.io.IOException: Got error, status=ERROR, status message , ack with firstBadLink as 10.10.1.6:9866
	at org.apache.hadoop.hdfs.protocol.datatransfer.DataTransferProtoUtil.checkBlockOpStatus(DataTransferProtoUtil.java:134)
	at org.apache.hadoop.hdfs.protocol.datatransfer.DataTransferProtoUtil.checkBlockOpStatus(DataTransferProtoUtil.java:110)
	at org.apache.hadoop.hdfs.DataStreamer.createBlockOutputStream(DataStreamer.java:1778)
	at org.apache.hadoop.hdfs.DataStreamer.nextBlockOutputStream(DataStreamer.java:1679)
	at org.apache.hadoop.hdfs.DataStreamer.run(DataStreamer.java:716)
2019-03-28 00:44:29,946 WARN  hdfs.DataStreamer DataStreamer.java:nextBlockOutputStream:1683 - Abandoning BP-835427680-130.127.133.65-1553755124738:blk_1073741946_1123
2019-03-28 00:44:29,969 WARN  hdfs.DataStreamer DataStreamer.java:nextBlockOutputStream:1688 - Excluding datanode DatanodeInfoWithStorage[10.10.1.6:9866,DS-cc7a4b1f-7b10-4ba1-8ed7-14d13f2abd77,DISK]
Found 5 items
-rw-r--r--   3 root supergroup 1073741824 2019-03-28 00:44 /myfile1
-rw-r--r--   3 root supergroup 1073741824 2019-03-28 00:43 /myfile2
-rw-r--r--   3 root supergroup 1073741824 2019-03-28 00:44 /myfile3
-rw-r--r--   3 root supergroup 1073741824 2019-03-28 00:42 /myfile4
-rw-r--r--   3 root supergroup 1073741824 2019-03-28 00:43 /myfile5
file 1 has been put into HDFS
file 1 has been read from HDFS for 1 time
diff succeed!
file 1 has been read from HDFS for 2 time
diff succeed!
file 1 has been read from HDFS for 3 time
diff succeed!
file 1 has been read from HDFS for 4 time
diff succeed!
file 1 has been read from HDFS for 5 time
diff succeed!
file 1 has been read from HDFS for 6 time
diff succeed!
file 1 has been read from HDFS for 7 time
diff succeed!
file 1 has been read from HDFS for 8 time
diff succeed!
file 1 has been read from HDFS for 9 time
diff succeed!
file 1 has been read from HDFS for 10 time
diff succeed!
Deleted /myfile1
file 1 has been removed from HDFS
Found 5 items
-rw-r--r--   3 root supergroup 1073741824 2019-03-28 00:45 /myfile1
-rw-r--r--   3 root supergroup 1073741824 2019-03-28 00:45 /myfile2
-rw-r--r--   3 root supergroup 1073741824 2019-03-28 00:45 /myfile3
-rw-r--r--   3 root supergroup 1073741824 2019-03-28 00:44 /myfile4
-rw-r--r--   3 root supergroup 1073741824 2019-03-28 00:45 /myfile5
file 1 has been put into HDFS
file 1 has been read from HDFS for 1 time
diff succeed!
file 1 has been read from HDFS for 2 time
diff succeed!
file 1 has been read from HDFS for 3 time
diff succeed!
file 1 has been read from HDFS for 4 time
diff succeed!
file 1 has been read from HDFS for 5 time
diff succeed!
file 1 has been read from HDFS for 6 time
diff succeed!
file 1 has been read from HDFS for 7 time
diff succeed!
file 1 has been read from HDFS for 8 time
diff succeed!
file 1 has been read from HDFS for 9 time
diff succeed!
file 1 has been read from HDFS for 10 time
diff succeed!
Deleted /myfile1
file 1 has been removed from HDFS
Found 4 items
-rw-r--r--   3 root supergroup 1073741824 2019-03-28 00:47 /myfile1
-rw-r--r--   3 root supergroup 1073741824 2019-03-28 00:46 /myfile2
-rw-r--r--   3 root supergroup 1073741824 2019-03-28 00:47 /myfile3
-rw-r--r--   3 root supergroup 1073741824 2019-03-28 00:47 /myfile5
file 1 has been put into HDFS
file 1 has been read from HDFS for 1 time
diff succeed!
file 1 has been read from HDFS for 2 time
diff succeed!
file 1 has been read from HDFS for 3 time
diff succeed!
file 1 has been read from HDFS for 4 time
diff succeed!
file 1 has been read from HDFS for 5 time
diff succeed!
file 1 has been read from HDFS for 6 time
diff succeed!
file 1 has been read from HDFS for 7 time
diff succeed!
file 1 has been read from HDFS for 8 time
diff succeed!
file 1 has been read from HDFS for 9 time
diff succeed!
file 1 has been read from HDFS for 10 time
diff succeed!
Deleted /myfile1
file 1 has been removed from HDFS
Found 5 items
-rw-r--r--   3 root supergroup 1073741824 2019-03-28 00:49 /myfile1
-rw-r--r--   3 root supergroup 1073741824 2019-03-28 00:48 /myfile2
-rw-r--r--   3 root supergroup  134217728 2019-03-28 00:49 /myfile3._COPYING_
-rw-r--r--   3 root supergroup  402653184 2019-03-28 00:49 /myfile4._COPYING_
-rw-r--r--   3 root supergroup 1073741824 2019-03-28 00:48 /myfile5
file 1 has been put into HDFS
file 1 has been read from HDFS for 1 time
diff succeed!
file 1 has been read from HDFS for 2 time
diff succeed!
file 1 has been read from HDFS for 3 time
diff succeed!
file 1 has been read from HDFS for 4 time
diff succeed!
file 1 has been read from HDFS for 5 time
diff succeed!
file 1 has been read from HDFS for 6 time
diff succeed!
file 1 has been read from HDFS for 7 time
diff succeed!
file 1 has been read from HDFS for 8 time
diff succeed!
file 1 has been read from HDFS for 9 time
diff succeed!
file 1 has been read from HDFS for 10 time
diff succeed!
Deleted /myfile1
file 1 has been removed from HDFS
Found 5 items
-rw-r--r--   3 root supergroup 1073741824 2019-03-28 00:51 /myfile1
-rw-r--r--   3 root supergroup 1073741824 2019-03-28 00:50 /myfile2
-rw-r--r--   3 root supergroup 1073741824 2019-03-28 00:51 /myfile3
-rw-r--r--   3 root supergroup 1073741824 2019-03-28 00:51 /myfile4
-rw-r--r--   3 root supergroup 1073741824 2019-03-28 00:50 /myfile5
file 1 has been put into HDFS
file 1 has been read from HDFS for 1 time
diff succeed!
file 1 has been read from HDFS for 2 time
diff succeed!
file 1 has been read from HDFS for 3 time
diff succeed!
file 1 has been read from HDFS for 4 time
diff succeed!
file 1 has been read from HDFS for 5 time
diff succeed!
file 1 has been read from HDFS for 6 time
diff succeed!
file 1 has been read from HDFS for 7 time
diff succeed!
file 1 has been read from HDFS for 8 time
diff succeed!
file 1 has been read from HDFS for 9 time
diff succeed!
file 1 has been read from HDFS for 10 time
diff succeed!
Deleted /myfile1
file 1 has been removed from HDFS
Found 5 items
-rw-r--r--   3 root supergroup 1073741824 2019-03-28 00:52 /myfile1
-rw-r--r--   3 root supergroup 1073741824 2019-03-28 00:52 /myfile2
-rw-r--r--   3 root supergroup  939524096 2019-03-28 00:52 /myfile3._COPYING_
-rw-r--r--   3 root supergroup 1073741824 2019-03-28 00:52 /myfile4
-rw-r--r--   3 root supergroup 1073741824 2019-03-28 00:52 /myfile5
file 1 has been put into HDFS
file 1 has been read from HDFS for 1 time
diff succeed!
file 1 has been read from HDFS for 2 time
diff succeed!
file 1 has been read from HDFS for 3 time
diff succeed!
file 1 has been read from HDFS for 4 time
diff succeed!
file 1 has been read from HDFS for 5 time
diff succeed!
file 1 has been read from HDFS for 6 time
diff succeed!
file 1 has been read from HDFS for 7 time
diff succeed!
file 1 has been read from HDFS for 8 time
diff succeed!
file 1 has been read from HDFS for 9 time
diff succeed!
file 1 has been read from HDFS for 10 time
diff succeed!
Deleted /myfile1
file 1 has been removed from HDFS
