Found 5 items
-rw-r--r--   3 root supergroup 1073741824 2019-03-27 12:03 /myfile1
-rw-r--r--   3 root supergroup 1073741824 2019-03-27 12:03 /myfile2
-rw-r--r--   3 root supergroup 1073741824 2019-03-27 12:03 /myfile3
-rw-r--r--   3 root supergroup 1073741824 2019-03-27 12:03 /myfile4
-rw-r--r--   3 root supergroup 1073741824 2019-03-27 12:03 /myfile5
file 3 has been put into HDFS
file 3 has been read from HDFS for 1 time
diff succeed!
file 3 has been read from HDFS for 2 time
diff succeed!
file 3 has been read from HDFS for 3 time
diff succeed!
file 3 has been read from HDFS for 4 time
diff succeed!
file 3 has been read from HDFS for 5 time
diff succeed!
file 3 has been read from HDFS for 6 time
diff succeed!
file 3 has been read from HDFS for 7 time
diff succeed!
file 3 has been read from HDFS for 8 time
diff succeed!
file 3 has been read from HDFS for 9 time
diff succeed!
file 3 has been read from HDFS for 10 time
diff succeed!
Deleted /myfile3
file 3 has been removed from HDFS
Found 3 items
-rw-r--r--   3 root supergroup 1073741824 2019-03-27 12:03 /myfile1
-rw-r--r--   3 root supergroup 1073741824 2019-03-27 12:05 /myfile2
-rw-r--r--   3 root supergroup 1073741824 2019-03-27 12:05 /myfile3
file 3 has been put into HDFS
file 3 has been read from HDFS for 1 time
diff succeed!
file 3 has been read from HDFS for 2 time
diff succeed!
file 3 has been read from HDFS for 3 time
diff succeed!
file 3 has been read from HDFS for 4 time
diff succeed!
file 3 has been read from HDFS for 5 time
diff succeed!
file 3 has been read from HDFS for 6 time
diff succeed!
file 3 has been read from HDFS for 7 time
diff succeed!
file 3 has been read from HDFS for 8 time
diff succeed!
file 3 has been read from HDFS for 9 time
diff succeed!
file 3 has been read from HDFS for 10 time
diff succeed!
Deleted /myfile3
file 3 has been removed from HDFS
Found 5 items
-rw-r--r--   3 root supergroup  939524096 2019-03-27 12:06 /myfile1._COPYING_
-rw-r--r--   3 root supergroup 1073741824 2019-03-27 12:06 /myfile2
-rw-r--r--   3 root supergroup 1073741824 2019-03-27 12:06 /myfile3
-rw-r--r--   3 root supergroup 1073741824 2019-03-27 12:07 /myfile4
-rw-r--r--   3 root supergroup  939524096 2019-03-27 12:06 /myfile5._COPYING_
file 3 has been put into HDFS
file 3 has been read from HDFS for 1 time
diff succeed!
file 3 has been read from HDFS for 2 time
diff succeed!
file 3 has been read from HDFS for 3 time
diff succeed!
file 3 has been read from HDFS for 4 time
diff succeed!
file 3 has been read from HDFS for 5 time
diff succeed!
file 3 has been read from HDFS for 6 time
diff succeed!
file 3 has been read from HDFS for 7 time
diff succeed!
file 3 has been read from HDFS for 8 time
diff succeed!
file 3 has been read from HDFS for 9 time
diff succeed!
file 3 has been read from HDFS for 10 time
diff succeed!
Deleted /myfile3
file 3 has been removed from HDFS
Found 5 items
-rw-r--r--   3 root supergroup 1073741824 2019-03-27 12:08 /myfile1
-rw-r--r--   3 root supergroup 1073741824 2019-03-27 12:08 /myfile2
-rw-r--r--   3 root supergroup 1073741824 2019-03-27 12:08 /myfile3
-rw-r--r--   3 root supergroup 1073741824 2019-03-27 12:08 /myfile4
-rw-r--r--   3 root supergroup 1073741824 2019-03-27 12:08 /myfile5
file 3 has been put into HDFS
file 3 has been read from HDFS for 1 time
diff succeed!
file 3 has been read from HDFS for 2 time
diff succeed!
file 3 has been read from HDFS for 3 time
diff succeed!
file 3 has been read from HDFS for 4 time
diff succeed!
file 3 has been read from HDFS for 5 time
diff succeed!
file 3 has been read from HDFS for 6 time
diff succeed!
file 3 has been read from HDFS for 7 time
diff succeed!
file 3 has been read from HDFS for 8 time
diff succeed!
file 3 has been read from HDFS for 9 time
diff succeed!
file 3 has been read from HDFS for 10 time
diff succeed!
Deleted /myfile3
file 3 has been removed from HDFS
Found 5 items
-rw-r--r--   3 root supergroup 1073741824 2019-03-27 12:10 /myfile1
-rw-r--r--   3 root supergroup 1073741824 2019-03-27 12:09 /myfile2
-rw-r--r--   3 root supergroup 1073741824 2019-03-27 12:10 /myfile3
-rw-r--r--   3 root supergroup 1073741824 2019-03-27 12:10 /myfile4
-rw-r--r--   3 root supergroup 1073741824 2019-03-27 12:10 /myfile5
file 3 has been put into HDFS
file 3 has been read from HDFS for 1 time
diff succeed!
file 3 has been read from HDFS for 2 time
diff succeed!
file 3 has been read from HDFS for 3 time
diff succeed!
file 3 has been read from HDFS for 4 time
diff succeed!
file 3 has been read from HDFS for 5 time
diff succeed!
file 3 has been read from HDFS for 6 time
diff succeed!
file 3 has been read from HDFS for 7 time
diff succeed!
file 3 has been read from HDFS for 8 time
diff succeed!
file 3 has been read from HDFS for 9 time
diff succeed!
file 3 has been read from HDFS for 10 time
diff succeed!
Deleted /myfile3
file 3 has been removed from HDFS
Found 4 items
-rw-r--r--   3 root supergroup 1073741824 2019-03-27 12:12 /myfile2
-rw-r--r--   3 root supergroup 1073741824 2019-03-27 12:12 /myfile3
-rw-r--r--   3 root supergroup 1073741824 2019-03-27 12:11 /myfile4
-rw-r--r--   3 root supergroup  805306368 2019-03-27 12:12 /myfile5._COPYING_
file 3 has been put into HDFS
file 3 has been read from HDFS for 1 time
diff succeed!
file 3 has been read from HDFS for 2 time
diff succeed!
file 3 has been read from HDFS for 3 time
diff succeed!
file 3 has been read from HDFS for 4 time
diff succeed!
file 3 has been read from HDFS for 5 time
diff succeed!
file 3 has been read from HDFS for 6 time
diff succeed!
file 3 has been read from HDFS for 7 time
diff succeed!
file 3 has been read from HDFS for 8 time
diff succeed!
file 3 has been read from HDFS for 9 time
diff succeed!
file 3 has been read from HDFS for 10 time
diff succeed!
Deleted /myfile3
file 3 has been removed from HDFS
Found 5 items
-rw-r--r--   3 root supergroup 1073741824 2019-03-27 12:15 /myfile1
-rw-r--r--   3 root supergroup 1073741824 2019-03-27 12:14 /myfile2
-rw-r--r--   3 root supergroup 1073741824 2019-03-27 12:15 /myfile3
-rw-r--r--   3 root supergroup 1073741824 2019-03-27 12:13 /myfile4
-rw-r--r--   3 root supergroup 1073741824 2019-03-27 12:14 /myfile5
file 3 has been put into HDFS
file 3 has been read from HDFS for 1 time
diff succeed!
file 3 has been read from HDFS for 2 time
diff succeed!
file 3 has been read from HDFS for 3 time
diff succeed!
file 3 has been read from HDFS for 4 time
diff succeed!
file 3 has been read from HDFS for 5 time
diff succeed!
file 3 has been read from HDFS for 6 time
diff succeed!
file 3 has been read from HDFS for 7 time
diff succeed!
file 3 has been read from HDFS for 8 time
diff succeed!
file 3 has been read from HDFS for 9 time
diff succeed!
file 3 has been read from HDFS for 10 time
diff succeed!
Deleted /myfile3
file 3 has been removed from HDFS
Found 5 items
-rw-r--r--   3 root supergroup 1073741824 2019-03-27 12:16 /myfile1
-rw-r--r--   3 root supergroup 1073741824 2019-03-27 12:16 /myfile2
-rw-r--r--   3 root supergroup 1073741824 2019-03-27 12:16 /myfile3
-rw-r--r--   3 root supergroup 1073741824 2019-03-27 12:15 /myfile4
-rw-r--r--   3 root supergroup 1073741824 2019-03-27 12:16 /myfile5
file 3 has been put into HDFS
file 3 has been read from HDFS for 1 time
diff succeed!
file 3 has been read from HDFS for 2 time
diff succeed!
file 3 has been read from HDFS for 3 time
diff succeed!
file 3 has been read from HDFS for 4 time
diff succeed!
file 3 has been read from HDFS for 5 time
diff succeed!
file 3 has been read from HDFS for 6 time
diff succeed!
file 3 has been read from HDFS for 7 time
diff succeed!
file 3 has been read from HDFS for 8 time
diff succeed!
file 3 has been read from HDFS for 9 time
diff succeed!
file 3 has been read from HDFS for 10 time
diff succeed!
Deleted /myfile3
file 3 has been removed from HDFS
Found 5 items
-rw-r--r--   3 root supergroup 1073741824 2019-03-27 12:18 /myfile1
-rw-r--r--   3 root supergroup 1073741824 2019-03-27 12:17 /myfile2
-rw-r--r--   3 root supergroup 1073741824 2019-03-27 12:18 /myfile3
-rw-r--r--   3 root supergroup          0 2019-03-27 12:18 /myfile4._COPYING_
-rw-r--r--   3 root supergroup 1073741824 2019-03-27 12:17 /myfile5
file 3 has been put into HDFS
file 3 has been read from HDFS for 1 time
diff succeed!
file 3 has been read from HDFS for 2 time
diff succeed!
file 3 has been read from HDFS for 3 time
diff succeed!
file 3 has been read from HDFS for 4 time
diff succeed!
file 3 has been read from HDFS for 5 time
diff succeed!
file 3 has been read from HDFS for 6 time
diff succeed!
file 3 has been read from HDFS for 7 time
diff succeed!
file 3 has been read from HDFS for 8 time
diff succeed!
file 3 has been read from HDFS for 9 time
diff succeed!
file 3 has been read from HDFS for 10 time
diff succeed!
Deleted /myfile3
file 3 has been removed from HDFS
