Found 5 items
-rw-r--r--   3 root supergroup 1073741824 2019-03-27 03:53 /myfile1
-rw-r--r--   3 root supergroup 1073741824 2019-03-27 03:53 /myfile2
-rw-r--r--   3 root supergroup 1073741824 2019-03-27 03:53 /myfile3
-rw-r--r--   3 root supergroup 1073741824 2019-03-27 03:53 /myfile4
-rw-r--r--   3 root supergroup 1073741824 2019-03-27 03:53 /myfile5
file 2 has been put into HDFS
file 2 has been read from HDFS for 1 time
diff succeed!
file 2 has been read from HDFS for 2 time
diff succeed!
file 2 has been read from HDFS for 3 time
diff succeed!
file 2 has been read from HDFS for 4 time
diff succeed!
file 2 has been read from HDFS for 5 time
diff succeed!
file 2 has been read from HDFS for 6 time
diff succeed!
file 2 has been read from HDFS for 7 time
diff succeed!
file 2 has been read from HDFS for 8 time
diff succeed!
file 2 has been read from HDFS for 9 time
diff succeed!
file 2 has been read from HDFS for 10 time
diff succeed!
Deleted /myfile2
file 2 has been removed from HDFS
Found 5 items
-rw-r--r--   3 root supergroup 1073741824 2019-03-27 03:56 /myfile1
-rw-r--r--   3 root supergroup 1073741824 2019-03-27 03:56 /myfile2
-rw-r--r--   3 root supergroup 1073741824 2019-03-27 03:56 /myfile3
-rw-r--r--   3 root supergroup 1073741824 2019-03-27 03:54 /myfile4
-rw-r--r--   3 root supergroup 1073741824 2019-03-27 03:55 /myfile5
file 2 has been put into HDFS
file 2 has been read from HDFS for 1 time
diff succeed!
file 2 has been read from HDFS for 2 time
diff succeed!
file 2 has been read from HDFS for 3 time
diff succeed!
file 2 has been read from HDFS for 4 time
diff succeed!
file 2 has been read from HDFS for 5 time
diff succeed!
file 2 has been read from HDFS for 6 time
diff succeed!
file 2 has been read from HDFS for 7 time
diff succeed!
file 2 has been read from HDFS for 8 time
diff succeed!
file 2 has been read from HDFS for 9 time
diff succeed!
file 2 has been read from HDFS for 10 time
diff succeed!
Deleted /myfile2
file 2 has been removed from HDFS
Found 4 items
-rw-r--r--   3 root supergroup 1073741824 2019-03-27 03:59 /myfile2
-rw-r--r--   3 root supergroup 1073741824 2019-03-27 03:59 /myfile3
-rw-r--r--   3 root supergroup 1073741824 2019-03-27 03:57 /myfile4
-rw-r--r--   3 root supergroup 1073741824 2019-03-27 03:57 /myfile5
file 2 has been put into HDFS
file 2 has been read from HDFS for 1 time
diff succeed!
file 2 has been read from HDFS for 2 time
diff succeed!
file 2 has been read from HDFS for 3 time
diff succeed!
file 2 has been read from HDFS for 4 time
diff succeed!
file 2 has been read from HDFS for 5 time
diff succeed!
file 2 has been read from HDFS for 6 time
diff succeed!
file 2 has been read from HDFS for 7 time
diff succeed!
file 2 has been read from HDFS for 8 time
diff succeed!
file 2 has been read from HDFS for 9 time
diff succeed!
file 2 has been read from HDFS for 10 time
diff succeed!
Deleted /myfile2
file 2 has been removed from HDFS
Found 5 items
-rw-r--r--   3 root supergroup 1073741824 2019-03-27 03:59 /myfile1
-rw-r--r--   3 root supergroup 1073741824 2019-03-27 04:00 /myfile2
-rw-r--r--   3 root supergroup 1073741824 2019-03-27 03:59 /myfile3
-rw-r--r--   3 root supergroup 1073741824 2019-03-27 04:00 /myfile4
-rw-r--r--   3 root supergroup 1073741824 2019-03-27 03:59 /myfile5
file 2 has been put into HDFS
file 2 has been read from HDFS for 1 time
diff succeed!
file 2 has been read from HDFS for 2 time
diff succeed!
file 2 has been read from HDFS for 3 time
diff succeed!
file 2 has been read from HDFS for 4 time
diff succeed!
file 2 has been read from HDFS for 5 time
diff succeed!
file 2 has been read from HDFS for 6 time
diff succeed!
file 2 has been read from HDFS for 7 time
diff succeed!
file 2 has been read from HDFS for 8 time
diff succeed!
file 2 has been read from HDFS for 9 time
diff succeed!
file 2 has been read from HDFS for 10 time
diff succeed!
Deleted /myfile2
file 2 has been removed from HDFS
Found 5 items
-rw-r--r--   3 root supergroup 1073741824 2019-03-27 04:01 /myfile1
-rw-r--r--   3 root supergroup 1073741824 2019-03-27 04:02 /myfile2
-rw-r--r--   3 root supergroup 1073741824 2019-03-27 04:01 /myfile3
-rw-r--r--   3 root supergroup 1073741824 2019-03-27 04:01 /myfile4
-rw-r--r--   3 root supergroup 1073741824 2019-03-27 04:02 /myfile5
file 2 has been put into HDFS
file 2 has been read from HDFS for 1 time
diff succeed!
file 2 has been read from HDFS for 2 time
diff succeed!
file 2 has been read from HDFS for 3 time
diff succeed!
file 2 has been read from HDFS for 4 time
diff succeed!
file 2 has been read from HDFS for 5 time
diff succeed!
file 2 has been read from HDFS for 6 time
diff succeed!
file 2 has been read from HDFS for 7 time
diff succeed!
file 2 has been read from HDFS for 8 time
diff succeed!
file 2 has been read from HDFS for 9 time
diff succeed!
file 2 has been read from HDFS for 10 time
diff succeed!
Deleted /myfile2
file 2 has been removed from HDFS
Found 5 items
-rw-r--r--   3 root supergroup 1073741824 2019-03-27 04:04 /myfile1
-rw-r--r--   3 root supergroup 1073741824 2019-03-27 04:04 /myfile2
-rw-r--r--   3 root supergroup 1073741824 2019-03-27 04:03 /myfile3
-rw-r--r--   3 root supergroup 1073741824 2019-03-27 04:03 /myfile4
-rw-r--r--   3 root supergroup 1073741824 2019-03-27 04:04 /myfile5
file 2 has been put into HDFS
file 2 has been read from HDFS for 1 time
diff succeed!
file 2 has been read from HDFS for 2 time
diff succeed!
file 2 has been read from HDFS for 3 time
diff succeed!
file 2 has been read from HDFS for 4 time
diff succeed!
file 2 has been read from HDFS for 5 time
diff succeed!
file 2 has been read from HDFS for 6 time
diff succeed!
file 2 has been read from HDFS for 7 time
diff succeed!
file 2 has been read from HDFS for 8 time
diff succeed!
file 2 has been read from HDFS for 9 time
diff succeed!
file 2 has been read from HDFS for 10 time
diff succeed!
Deleted /myfile2
file 2 has been removed from HDFS
Found 5 items
-rw-r--r--   3 root supergroup 1073741824 2019-03-27 04:05 /myfile1
-rw-r--r--   3 root supergroup 1073741824 2019-03-27 04:05 /myfile2
-rw-r--r--   3 root supergroup 1073741824 2019-03-27 04:05 /myfile3
-rw-r--r--   3 root supergroup 1073741824 2019-03-27 04:05 /myfile4
-rw-r--r--   3 root supergroup 1073741824 2019-03-27 04:05 /myfile5
file 2 has been put into HDFS
file 2 has been read from HDFS for 1 time
diff succeed!
file 2 has been read from HDFS for 2 time
diff succeed!
file 2 has been read from HDFS for 3 time
diff succeed!
file 2 has been read from HDFS for 4 time
diff succeed!
file 2 has been read from HDFS for 5 time
diff succeed!
file 2 has been read from HDFS for 6 time
diff succeed!
file 2 has been read from HDFS for 7 time
diff succeed!
file 2 has been read from HDFS for 8 time
diff succeed!
file 2 has been read from HDFS for 9 time
diff succeed!
file 2 has been read from HDFS for 10 time
diff succeed!
Deleted /myfile2
file 2 has been removed from HDFS
Found 5 items
-rw-r--r--   3 root supergroup 1073741824 2019-03-27 04:07 /myfile1
-rw-r--r--   3 root supergroup 1073741824 2019-03-27 04:07 /myfile2
-rw-r--r--   3 root supergroup 1073741824 2019-03-27 04:06 /myfile3
-rw-r--r--   3 root supergroup 1073741824 2019-03-27 04:06 /myfile4
-rw-r--r--   3 root supergroup 1073741824 2019-03-27 04:07 /myfile5
file 2 has been put into HDFS
file 2 has been read from HDFS for 1 time
diff succeed!
file 2 has been read from HDFS for 2 time
diff succeed!
file 2 has been read from HDFS for 3 time
diff succeed!
file 2 has been read from HDFS for 4 time
diff succeed!
file 2 has been read from HDFS for 5 time
diff succeed!
file 2 has been read from HDFS for 6 time
diff succeed!
file 2 has been read from HDFS for 7 time
diff succeed!
file 2 has been read from HDFS for 8 time
diff succeed!
file 2 has been read from HDFS for 9 time
diff succeed!
