Found 5 items
-rw-r--r--   3 root supergroup 1073741824 2019-03-28 00:38 /myfile1
-rw-r--r--   3 root supergroup 1073741824 2019-03-28 00:38 /myfile2
-rw-r--r--   3 root supergroup 1073741824 2019-03-28 00:38 /myfile3
-rw-r--r--   3 root supergroup 1073741824 2019-03-28 00:38 /myfile4
-rw-r--r--   3 root supergroup 1073741824 2019-03-28 00:38 /myfile5
file 5 has been put into HDFS
file 5 has been read from HDFS for 1 time
diff succeed!
file 5 has been read from HDFS for 2 time
diff succeed!
file 5 has been read from HDFS for 3 time
diff succeed!
file 5 has been read from HDFS for 4 time
diff succeed!
file 5 has been read from HDFS for 5 time
diff succeed!
file 5 has been read from HDFS for 6 time
diff succeed!
file 5 has been read from HDFS for 7 time
diff succeed!
file 5 has been read from HDFS for 8 time
diff succeed!
file 5 has been read from HDFS for 9 time
diff succeed!
file 5 has been read from HDFS for 10 time
diff succeed!
Deleted /myfile5
file 5 has been removed from HDFS
Found 5 items
-rw-r--r--   3 root supergroup 1073741824 2019-03-28 00:40 /myfile1
-rw-r--r--   3 root supergroup 1073741824 2019-03-28 00:40 /myfile2
-rw-r--r--   3 root supergroup 1073741824 2019-03-28 00:40 /myfile3
-rw-r--r--   3 root supergroup 1073741824 2019-03-28 00:40 /myfile4
-rw-r--r--   3 root supergroup 1073741824 2019-03-28 00:40 /myfile5
file 5 has been put into HDFS
file 5 has been read from HDFS for 1 time
diff succeed!
file 5 has been read from HDFS for 2 time
diff succeed!
file 5 has been read from HDFS for 3 time
diff succeed!
file 5 has been read from HDFS for 4 time
diff succeed!
file 5 has been read from HDFS for 5 time
diff succeed!
file 5 has been read from HDFS for 6 time
diff succeed!
file 5 has been read from HDFS for 7 time
diff succeed!
file 5 has been read from HDFS for 8 time
diff succeed!
file 5 has been read from HDFS for 9 time
diff succeed!
file 5 has been read from HDFS for 10 time
diff succeed!
Deleted /myfile5
file 5 has been removed from HDFS
Found 5 items
-rw-r--r--   3 root supergroup 1073741824 2019-03-28 00:40 /myfile1
-rw-r--r--   3 root supergroup 1073741824 2019-03-28 00:40 /myfile2
-rw-r--r--   3 root supergroup 1073741824 2019-03-28 00:40 /myfile3
-rw-r--r--   3 root supergroup  402653184 2019-03-28 00:42 /myfile4._COPYING_
-rw-r--r--   3 root supergroup 1073741824 2019-03-28 00:42 /myfile5
file 5 has been put into HDFS
file 5 has been read from HDFS for 1 time
diff succeed!
file 5 has been read from HDFS for 2 time
diff succeed!
file 5 has been read from HDFS for 3 time
diff succeed!
file 5 has been read from HDFS for 4 time
diff succeed!
file 5 has been read from HDFS for 5 time
diff succeed!
file 5 has been read from HDFS for 6 time
diff succeed!
file 5 has been read from HDFS for 7 time
diff succeed!
file 5 has been read from HDFS for 8 time
diff succeed!
file 5 has been read from HDFS for 9 time
diff succeed!
file 5 has been read from HDFS for 10 time
diff succeed!
Deleted /myfile5
file 5 has been removed from HDFS
Found 5 items
-rw-r--r--   3 root supergroup 1073741824 2019-03-28 00:43 /myfile1
-rw-r--r--   3 root supergroup 1073741824 2019-03-28 00:43 /myfile2
-rw-r--r--   3 root supergroup 1073741824 2019-03-28 00:43 /myfile3
-rw-r--r--   3 root supergroup  939524096 2019-03-28 00:44 /myfile4._COPYING_
-rw-r--r--   3 root supergroup 1073741824 2019-03-28 00:44 /myfile5
file 5 has been put into HDFS
file 5 has been read from HDFS for 1 time
diff succeed!
file 5 has been read from HDFS for 2 time
diff succeed!
file 5 has been read from HDFS for 3 time
diff succeed!
file 5 has been read from HDFS for 4 time
diff succeed!
file 5 has been read from HDFS for 5 time
diff succeed!
file 5 has been read from HDFS for 6 time
diff succeed!
file 5 has been read from HDFS for 7 time
diff succeed!
file 5 has been read from HDFS for 8 time
diff succeed!
file 5 has been read from HDFS for 9 time
diff succeed!
file 5 has been read from HDFS for 10 time
diff succeed!
Deleted /myfile5
file 5 has been removed from HDFS
Found 5 items
-rw-r--r--   3 root supergroup 1073741824 2019-03-28 00:44 /myfile1
-rw-r--r--   3 root supergroup 1073741824 2019-03-28 00:44 /myfile2
-rw-r--r--   3 root supergroup 1073741824 2019-03-28 00:44 /myfile3
-rw-r--r--   3 root supergroup 1073741824 2019-03-28 00:45 /myfile4
-rw-r--r--   3 root supergroup 1073741824 2019-03-28 00:45 /myfile5
file 5 has been put into HDFS
file 5 has been read from HDFS for 1 time
diff succeed!
file 5 has been read from HDFS for 2 time
diff succeed!
file 5 has been read from HDFS for 3 time
diff succeed!
file 5 has been read from HDFS for 4 time
diff succeed!
file 5 has been read from HDFS for 5 time
diff succeed!
file 5 has been read from HDFS for 6 time
diff succeed!
file 5 has been read from HDFS for 7 time
diff succeed!
file 5 has been read from HDFS for 8 time
diff succeed!
file 5 has been read from HDFS for 9 time
diff succeed!
file 5 has been read from HDFS for 10 time
diff succeed!
Deleted /myfile5
file 5 has been removed from HDFS
Found 5 items
-rw-r--r--   3 root supergroup 1073741824 2019-03-28 00:46 /myfile1
-rw-r--r--   3 root supergroup 1073741824 2019-03-28 00:46 /myfile2
-rw-r--r--   3 root supergroup 1073741824 2019-03-28 00:46 /myfile3
-rw-r--r--   3 root supergroup 1073741824 2019-03-28 00:47 /myfile4
-rw-r--r--   3 root supergroup 1073741824 2019-03-28 00:47 /myfile5
file 5 has been put into HDFS
file 5 has been read from HDFS for 1 time
diff succeed!
file 5 has been read from HDFS for 2 time
diff succeed!
file 5 has been read from HDFS for 3 time
diff succeed!
file 5 has been read from HDFS for 4 time
diff succeed!
file 5 has been read from HDFS for 5 time
diff succeed!
file 5 has been read from HDFS for 6 time
diff succeed!
file 5 has been read from HDFS for 7 time
diff succeed!
file 5 has been read from HDFS for 8 time
diff succeed!
file 5 has been read from HDFS for 9 time
diff succeed!
file 5 has been read from HDFS for 10 time
diff succeed!
Deleted /myfile5
file 5 has been removed from HDFS
Found 5 items
-rw-r--r--   3 root supergroup 1073741824 2019-03-28 00:48 /myfile1
-rw-r--r--   3 root supergroup 1073741824 2019-03-28 00:48 /myfile2
-rw-r--r--   3 root supergroup 1073741824 2019-03-28 00:48 /myfile3
-rw-r--r--   3 root supergroup 1073741824 2019-03-28 00:49 /myfile4
-rw-r--r--   3 root supergroup 1073741824 2019-03-28 00:49 /myfile5
file 5 has been put into HDFS
file 5 has been read from HDFS for 1 time
diff succeed!
file 5 has been read from HDFS for 2 time
diff succeed!
file 5 has been read from HDFS for 3 time
diff succeed!
file 5 has been read from HDFS for 4 time
diff succeed!
file 5 has been read from HDFS for 5 time
diff succeed!
file 5 has been read from HDFS for 6 time
diff succeed!
file 5 has been read from HDFS for 7 time
diff succeed!
file 5 has been read from HDFS for 8 time
diff succeed!
file 5 has been read from HDFS for 9 time
diff succeed!
file 5 has been read from HDFS for 10 time
diff succeed!
Deleted /myfile5
file 5 has been removed from HDFS
Found 5 items
-rw-r--r--   3 root supergroup 1073741824 2019-03-28 00:50 /myfile1
-rw-r--r--   3 root supergroup 1073741824 2019-03-28 00:50 /myfile2
-rw-r--r--   3 root supergroup 1073741824 2019-03-28 00:50 /myfile3
-rw-r--r--   3 root supergroup 1073741824 2019-03-28 00:51 /myfile4
-rw-r--r--   3 root supergroup 1073741824 2019-03-28 00:51 /myfile5
file 5 has been put into HDFS
file 5 has been read from HDFS for 1 time
diff succeed!
file 5 has been read from HDFS for 2 time
diff succeed!
file 5 has been read from HDFS for 3 time
diff succeed!
file 5 has been read from HDFS for 4 time
diff succeed!
file 5 has been read from HDFS for 5 time
diff succeed!
file 5 has been read from HDFS for 6 time
diff succeed!
file 5 has been read from HDFS for 7 time
diff succeed!
file 5 has been read from HDFS for 8 time
diff succeed!
file 5 has been read from HDFS for 9 time
diff succeed!
file 5 has been read from HDFS for 10 time
diff succeed!
Deleted /myfile5
file 5 has been removed from HDFS
Found 5 items
-rw-r--r--   3 root supergroup 1073741824 2019-03-28 00:52 /myfile1
-rw-r--r--   3 root supergroup 1073741824 2019-03-28 00:52 /myfile2
-rw-r--r--   3 root supergroup 1073741824 2019-03-28 00:52 /myfile3
-rw-r--r--   3 root supergroup 1073741824 2019-03-28 00:53 /myfile4
-rw-r--r--   3 root supergroup 1073741824 2019-03-28 00:53 /myfile5
file 5 has been put into HDFS
file 5 has been read from HDFS for 1 time
diff succeed!
file 5 has been read from HDFS for 2 time
diff succeed!
