Found 5 items
-rw-r--r--   3 root supergroup 1073741824 2019-03-25 17:24 /myfile1
-rw-r--r--   3 root supergroup 1073741824 2019-03-25 17:24 /myfile2
-rw-r--r--   3 root supergroup 1073741824 2019-03-25 17:24 /myfile3
-rw-r--r--   3 root supergroup 1073741824 2019-03-25 17:24 /myfile4
-rw-r--r--   3 root supergroup 1073741824 2019-03-25 17:24 /myfile5
file 4 has been put into HDFS
file 4 has been read from HDFS for 1 time
diff succeed!
file 4 has been read from HDFS for 2 time
diff succeed!
file 4 has been read from HDFS for 3 time
diff succeed!
file 4 has been read from HDFS for 4 time
diff succeed!
file 4 has been read from HDFS for 5 time
diff succeed!
file 4 has been read from HDFS for 6 time
diff succeed!
file 4 has been read from HDFS for 7 time
diff succeed!
file 4 has been read from HDFS for 8 time
diff succeed!
file 4 has been read from HDFS for 9 time
diff succeed!
file 4 has been read from HDFS for 10 time
diff succeed!
Deleted /myfile4
file 4 has been removed from HDFS
Found 5 items
-rw-r--r--   3 root supergroup 1073741824 2019-03-25 17:24 /myfile1
-rw-r--r--   3 root supergroup 1073741824 2019-03-25 17:25 /myfile2
-rw-r--r--   3 root supergroup 1073741824 2019-03-25 17:24 /myfile3
-rw-r--r--   3 root supergroup 1073741824 2019-03-25 17:26 /myfile4
-rw-r--r--   3 root supergroup 1073741824 2019-03-25 17:24 /myfile5
file 4 has been put into HDFS
file 4 has been read from HDFS for 1 time
diff succeed!
file 4 has been read from HDFS for 2 time
diff succeed!
file 4 has been read from HDFS for 3 time
diff succeed!
file 4 has been read from HDFS for 4 time
diff succeed!
file 4 has been read from HDFS for 5 time
diff succeed!
file 4 has been read from HDFS for 6 time
diff succeed!
file 4 has been read from HDFS for 7 time
diff succeed!
file 4 has been read from HDFS for 8 time
diff succeed!
file 4 has been read from HDFS for 9 time
diff succeed!
file 4 has been read from HDFS for 10 time
diff succeed!
Deleted /myfile4
file 4 has been removed from HDFS
Found 5 items
-rw-r--r--   3 root supergroup 1073741824 2019-03-25 17:26 /myfile1
-rw-r--r--   3 root supergroup 1073741824 2019-03-25 17:27 /myfile2
-rw-r--r--   3 root supergroup 1073741824 2019-03-25 17:26 /myfile3
-rw-r--r--   3 root supergroup 1073741824 2019-03-25 17:27 /myfile4
-rw-r--r--   3 root supergroup 1073741824 2019-03-25 17:26 /myfile5
file 4 has been put into HDFS
file 4 has been read from HDFS for 1 time
diff succeed!
file 4 has been read from HDFS for 2 time
diff succeed!
file 4 has been read from HDFS for 3 time
diff succeed!
file 4 has been read from HDFS for 4 time
diff succeed!
file 4 has been read from HDFS for 5 time
diff succeed!
file 4 has been read from HDFS for 6 time
diff succeed!
file 4 has been read from HDFS for 7 time
diff succeed!
file 4 has been read from HDFS for 8 time
diff succeed!
file 4 has been read from HDFS for 9 time
diff succeed!
file 4 has been read from HDFS for 10 time
diff succeed!
Deleted /myfile4
file 4 has been removed from HDFS
Found 5 items
-rw-r--r--   3 root supergroup 1073741824 2019-03-25 17:28 /myfile1
-rw-r--r--   3 root supergroup 1073741824 2019-03-25 17:30 /myfile2
-rw-r--r--   3 root supergroup 1073741824 2019-03-25 17:28 /myfile3
-rw-r--r--   3 root supergroup 1073741824 2019-03-25 17:30 /myfile4
-rw-r--r--   3 root supergroup 1073741824 2019-03-25 17:28 /myfile5
file 4 has been put into HDFS
file 4 has been read from HDFS for 1 time
diff succeed!
file 4 has been read from HDFS for 2 time
diff succeed!
file 4 has been read from HDFS for 3 time
diff succeed!
file 4 has been read from HDFS for 4 time
diff succeed!
file 4 has been read from HDFS for 5 time
diff succeed!
file 4 has been read from HDFS for 6 time
diff succeed!
file 4 has been read from HDFS for 7 time
diff succeed!
file 4 has been read from HDFS for 8 time
diff succeed!
file 4 has been read from HDFS for 9 time
diff succeed!
file 4 has been read from HDFS for 10 time
diff succeed!
Deleted /myfile4
file 4 has been removed from HDFS
Found 5 items
-rw-r--r--   3 root supergroup 1073741824 2019-03-25 17:31 /myfile1
-rw-r--r--   3 root supergroup 1073741824 2019-03-25 17:32 /myfile2
-rw-r--r--   3 root supergroup 1073741824 2019-03-25 17:31 /myfile3
-rw-r--r--   3 root supergroup 1073741824 2019-03-25 17:32 /myfile4
-rw-r--r--   3 root supergroup 1073741824 2019-03-25 17:31 /myfile5
file 4 has been put into HDFS
file 4 has been read from HDFS for 1 time
diff succeed!
file 4 has been read from HDFS for 2 time
diff succeed!
file 4 has been read from HDFS for 3 time
diff succeed!
file 4 has been read from HDFS for 4 time
diff succeed!
file 4 has been read from HDFS for 5 time
diff succeed!
file 4 has been read from HDFS for 6 time
diff succeed!
file 4 has been read from HDFS for 7 time
diff succeed!
file 4 has been read from HDFS for 8 time
diff succeed!
file 4 has been read from HDFS for 9 time
diff succeed!
file 4 has been read from HDFS for 10 time
diff succeed!
Deleted /myfile4
file 4 has been removed from HDFS
Found 5 items
-rw-r--r--   3 root supergroup 1073741824 2019-03-25 17:32 /myfile1
-rw-r--r--   3 root supergroup 1073741824 2019-03-25 17:33 /myfile2
-rw-r--r--   3 root supergroup 1073741824 2019-03-25 17:32 /myfile3
-rw-r--r--   3 root supergroup 1073741824 2019-03-25 17:33 /myfile4
-rw-r--r--   3 root supergroup 1073741824 2019-03-25 17:32 /myfile5
file 4 has been put into HDFS
file 4 has been read from HDFS for 1 time
diff succeed!
file 4 has been read from HDFS for 2 time
diff succeed!
file 4 has been read from HDFS for 3 time
diff succeed!
file 4 has been read from HDFS for 4 time
diff succeed!
file 4 has been read from HDFS for 5 time
diff succeed!
file 4 has been read from HDFS for 6 time
diff succeed!
file 4 has been read from HDFS for 7 time
diff succeed!
file 4 has been read from HDFS for 8 time
diff succeed!
file 4 has been read from HDFS for 9 time
diff succeed!
file 4 has been read from HDFS for 10 time
diff succeed!
Deleted /myfile4
file 4 has been removed from HDFS
Found 5 items
-rw-r--r--   3 root supergroup 1073741824 2019-03-25 17:35 /myfile1
-rw-r--r--   3 root supergroup 1073741824 2019-03-25 17:35 /myfile2
-rw-r--r--   3 root supergroup 1073741824 2019-03-25 17:35 /myfile3
-rw-r--r--   3 root supergroup 1073741824 2019-03-25 17:35 /myfile4
-rw-r--r--   3 root supergroup 1073741824 2019-03-25 17:35 /myfile5
file 4 has been put into HDFS
file 4 has been read from HDFS for 1 time
diff succeed!
file 4 has been read from HDFS for 2 time
diff succeed!
file 4 has been read from HDFS for 3 time
diff succeed!
file 4 has been read from HDFS for 4 time
diff succeed!
file 4 has been read from HDFS for 5 time
diff succeed!
file 4 has been read from HDFS for 6 time
diff succeed!
file 4 has been read from HDFS for 7 time
diff succeed!
file 4 has been read from HDFS for 8 time
diff succeed!
file 4 has been read from HDFS for 9 time
diff succeed!
file 4 has been read from HDFS for 10 time
diff succeed!
Deleted /myfile4
file 4 has been removed from HDFS
Found 5 items
-rw-r--r--   3 root supergroup 1073741824 2019-03-25 17:36 /myfile1
-rw-r--r--   3 root supergroup 1073741824 2019-03-25 17:37 /myfile2
-rw-r--r--   3 root supergroup 1073741824 2019-03-25 17:37 /myfile3
-rw-r--r--   3 root supergroup 1073741824 2019-03-25 17:37 /myfile4
-rw-r--r--   3 root supergroup 1073741824 2019-03-25 17:36 /myfile5
file 4 has been put into HDFS
file 4 has been read from HDFS for 1 time
diff succeed!
file 4 has been read from HDFS for 2 time
diff succeed!
file 4 has been read from HDFS for 3 time
diff succeed!
file 4 has been read from HDFS for 4 time
diff succeed!
file 4 has been read from HDFS for 5 time
diff succeed!
file 4 has been read from HDFS for 6 time
diff succeed!
file 4 has been read from HDFS for 7 time
diff succeed!
file 4 has been read from HDFS for 8 time
diff succeed!
file 4 has been read from HDFS for 9 time
diff succeed!
file 4 has been read from HDFS for 10 time
diff succeed!
Deleted /myfile4
file 4 has been removed from HDFS
Found 5 items
-rw-r--r--   3 root supergroup 1073741824 2019-03-25 17:38 /myfile1
-rw-r--r--   3 root supergroup 1073741824 2019-03-25 17:39 /myfile2
-rw-r--r--   3 root supergroup 1073741824 2019-03-25 17:39 /myfile3
-rw-r--r--   3 root supergroup 1073741824 2019-03-25 17:38 /myfile4
-rw-r--r--   3 root supergroup 1073741824 2019-03-25 17:38 /myfile5
file 4 has been put into HDFS
file 4 has been read from HDFS for 1 time
diff succeed!
file 4 has been read from HDFS for 2 time
diff succeed!
