verify_input for parameter dfs.namenode.service.handler.count with value 1
BlockManager.java:processIncrementalBlockReport:3959 NOT found in base error set
Journal.java:scanStorageForLatestEdits:214 NOT found in base error set
NameNodeRpcServer.java:run:1588 NOT found in base error set
verify_result.sh parameter dfs.namenode.service.handler.count with value 1 returns 1
verify_input for parameter dfs.namenode.service.handler.count with value 2
Error: TEST_ERROR found in run.log!
BlockManager.java:processIncrementalBlockReport:3959 NOT found in base error set
NameNodeRpcServer.java:run:1588 NOT found in base error set
RetryInvocationHandler.java:failover:220 NOT found in base error set
verify_result.sh parameter dfs.namenode.service.handler.count with value 2 returns 1
verify_input for parameter dfs.namenode.service.handler.count with value 4
Error: TEST_ERROR found in run.log!
verify_result.sh parameter dfs.namenode.service.handler.count with value 4 returns 1
verify_input for parameter dfs.namenode.service.handler.count with value 8
Error: TEST_ERROR found in run.log!
verify_result.sh parameter dfs.namenode.service.handler.count with value 8 returns 1
verify_input for parameter dfs.namenode.service.handler.count with value 16
Error: TEST_ERROR found in run.log!
verify_result.sh parameter dfs.namenode.service.handler.count with value 16 returns 1
verify_input for parameter dfs.namenode.service.handler.count with value 32
BlockManager.java:processIncrementalBlockReport:3959 NOT found in base error set
NameNodeRpcServer.java:run:1588 NOT found in base error set
verify_result.sh parameter dfs.namenode.service.handler.count with value 32 returns 1
verify_input for parameter dfs.namenode.service.handler.count with value 64
BlockManager.java:processIncrementalBlockReport:3959 NOT found in base error set
NameNodeRpcServer.java:run:1588 NOT found in base error set
verify_result.sh parameter dfs.namenode.service.handler.count with value 64 returns 1
verify_input for parameter dfs.namenode.service.handler.count with value 128
verify_result.sh parameter dfs.namenode.service.handler.count with value 128 returns 0
break, set range_end as 128
verify_input for parameter dfs.namenode.service.handler.count with value 96
verify_result.sh parameter dfs.namenode.service.handler.count with value 96 returns 0
ok branch
verify_input for parameter dfs.namenode.service.handler.count with value 80
verify_result.sh parameter dfs.namenode.service.handler.count with value 80 returns 0
ok branch
verify_input for parameter dfs.namenode.service.handler.count with value 72
BlockManager.java:processIncrementalBlockReport:3959 NOT found in base error set
NameNodeRpcServer.java:run:1588 NOT found in base error set
verify_result.sh parameter dfs.namenode.service.handler.count with value 72 returns 1
not ok branch
verify_input for parameter dfs.namenode.service.handler.count with value 76
verify_result.sh parameter dfs.namenode.service.handler.count with value 76 returns 0
ok branch
verify_input for parameter dfs.namenode.service.handler.count with value 74
verify_result.sh parameter dfs.namenode.service.handler.count with value 74 returns 0
ok branch
verify_input for parameter dfs.namenode.service.handler.count with value 73
verify_result.sh parameter dfs.namenode.service.handler.count with value 73 returns 0
ok branch
the minimum value for parameter dfs.namenode.service.handler.count is 73
