Found 5 items
-rw-r--r--   3 root supergroup 1073741824 2019-03-25 21:39 /myfile1
-rw-r--r--   3 root supergroup 1073741824 2019-03-25 21:39 /myfile2
-rw-r--r--   3 root supergroup 1073741824 2019-03-25 21:39 /myfile3
-rw-r--r--   3 root supergroup 1073741824 2019-03-25 21:39 /myfile4
-rw-r--r--   3 root supergroup 1073741824 2019-03-25 21:39 /myfile5
file 3 has been put into HDFS
file 3 has been read from HDFS for 1 time
diff succeed!
file 3 has been read from HDFS for 2 time
diff succeed!
file 3 has been read from HDFS for 3 time
diff succeed!
file 3 has been read from HDFS for 4 time
diff succeed!
file 3 has been read from HDFS for 5 time
diff succeed!
file 3 has been read from HDFS for 6 time
diff succeed!
file 3 has been read from HDFS for 7 time
diff succeed!
file 3 has been read from HDFS for 8 time
diff succeed!
file 3 has been read from HDFS for 9 time
diff succeed!
file 3 has been read from HDFS for 10 time
diff succeed!
Deleted /myfile3
file 3 has been removed from HDFS
Found 5 items
-rw-r--r--   3 root supergroup 1073741824 2019-03-25 21:39 /myfile1
-rw-r--r--   3 root supergroup 1073741824 2019-03-25 21:39 /myfile2
-rw-r--r--   3 root supergroup 1073741824 2019-03-25 21:41 /myfile3
-rw-r--r--   3 root supergroup 1073741824 2019-03-25 21:39 /myfile4
-rw-r--r--   3 root supergroup 1073741824 2019-03-25 21:39 /myfile5
file 3 has been put into HDFS
file 3 has been read from HDFS for 1 time
diff succeed!
file 3 has been read from HDFS for 2 time
diff succeed!
file 3 has been read from HDFS for 3 time
diff succeed!
file 3 has been read from HDFS for 4 time
diff succeed!
file 3 has been read from HDFS for 5 time
diff succeed!
file 3 has been read from HDFS for 6 time
diff succeed!
file 3 has been read from HDFS for 7 time
diff succeed!
file 3 has been read from HDFS for 8 time
diff succeed!
file 3 has been read from HDFS for 9 time
diff succeed!
file 3 has been read from HDFS for 10 time
diff succeed!
Deleted /myfile3
file 3 has been removed from HDFS
Found 3 items
-rw-r--r--   3 root supergroup 1073741824 2019-03-25 21:42 /myfile2
-rw-r--r--   3 root supergroup 1073741824 2019-03-25 21:43 /myfile3
-rw-r--r--   3 root supergroup 1073741824 2019-03-25 21:42 /myfile5
file 3 has been put into HDFS
file 3 has been read from HDFS for 1 time
diff succeed!
file 3 has been read from HDFS for 2 time
diff succeed!
file 3 has been read from HDFS for 3 time
diff succeed!
file 3 has been read from HDFS for 4 time
diff succeed!
file 3 has been read from HDFS for 5 time
diff succeed!
file 3 has been read from HDFS for 6 time
diff succeed!
file 3 has been read from HDFS for 7 time
diff succeed!
file 3 has been read from HDFS for 8 time
diff succeed!
file 3 has been read from HDFS for 9 time
diff succeed!
file 3 has been read from HDFS for 10 time
diff succeed!
Deleted /myfile3
file 3 has been removed from HDFS
Found 4 items
-rw-r--r--   3 root supergroup 1073741824 2019-03-25 21:45 /myfile1
-rw-r--r--   3 root supergroup 1073741824 2019-03-25 21:45 /myfile2
-rw-r--r--   3 root supergroup 1073741824 2019-03-25 21:46 /myfile3
-rw-r--r--   3 root supergroup 1073741824 2019-03-25 21:46 /myfile4
file 3 has been put into HDFS
file 3 has been read from HDFS for 1 time
diff succeed!
file 3 has been read from HDFS for 2 time
diff succeed!
file 3 has been read from HDFS for 3 time
diff succeed!
file 3 has been read from HDFS for 4 time
diff succeed!
file 3 has been read from HDFS for 5 time
diff succeed!
file 3 has been read from HDFS for 6 time
diff succeed!
file 3 has been read from HDFS for 7 time
diff succeed!
file 3 has been read from HDFS for 8 time
diff succeed!
file 3 has been read from HDFS for 9 time
diff succeed!
file 3 has been read from HDFS for 10 time
diff succeed!
Deleted /myfile3
file 3 has been removed from HDFS
Found 5 items
-rw-r--r--   3 root supergroup 1073741824 2019-03-25 21:47 /myfile1
-rw-r--r--   3 root supergroup 1073741824 2019-03-25 21:47 /myfile2
-rw-r--r--   3 root supergroup 1073741824 2019-03-25 21:48 /myfile3
-rw-r--r--   3 root supergroup 1073741824 2019-03-25 21:48 /myfile4
-rw-r--r--   3 root supergroup 1073741824 2019-03-25 21:48 /myfile5
file 3 has been put into HDFS
file 3 has been read from HDFS for 1 time
diff succeed!
file 3 has been read from HDFS for 2 time
diff succeed!
file 3 has been read from HDFS for 3 time
diff succeed!
file 3 has been read from HDFS for 4 time
diff succeed!
file 3 has been read from HDFS for 5 time
diff succeed!
file 3 has been read from HDFS for 6 time
diff succeed!
file 3 has been read from HDFS for 7 time
diff succeed!
file 3 has been read from HDFS for 8 time
diff succeed!
file 3 has been read from HDFS for 9 time
diff succeed!
file 3 has been read from HDFS for 10 time
diff succeed!
Deleted /myfile3
file 3 has been removed from HDFS
Found 5 items
-rw-r--r--   3 root supergroup 1073741824 2019-03-25 21:49 /myfile1
-rw-r--r--   3 root supergroup 1073741824 2019-03-25 21:49 /myfile2
-rw-r--r--   3 root supergroup 1073741824 2019-03-25 21:50 /myfile3
-rw-r--r--   3 root supergroup 1073741824 2019-03-25 21:50 /myfile4
-rw-r--r--   3 root supergroup 1073741824 2019-03-25 21:50 /myfile5
file 3 has been put into HDFS
file 3 has been read from HDFS for 1 time
diff succeed!
file 3 has been read from HDFS for 2 time
diff succeed!
file 3 has been read from HDFS for 3 time
diff succeed!
file 3 has been read from HDFS for 4 time
diff succeed!
file 3 has been read from HDFS for 5 time
diff succeed!
file 3 has been read from HDFS for 6 time
diff succeed!
file 3 has been read from HDFS for 7 time
diff succeed!
file 3 has been read from HDFS for 8 time
diff succeed!
file 3 has been read from HDFS for 9 time
diff succeed!
file 3 has been read from HDFS for 10 time
diff succeed!
Deleted /myfile3
file 3 has been removed from HDFS
Found 5 items
-rw-r--r--   3 root supergroup 1073741824 2019-03-25 21:51 /myfile1
-rw-r--r--   3 root supergroup 1073741824 2019-03-25 21:51 /myfile2
-rw-r--r--   3 root supergroup 1073741824 2019-03-25 21:51 /myfile3
-rw-r--r--   3 root supergroup 1073741824 2019-03-25 21:51 /myfile4
-rw-r--r--   3 root supergroup 1073741824 2019-03-25 21:51 /myfile5
file 3 has been put into HDFS
file 3 has been read from HDFS for 1 time
diff succeed!
file 3 has been read from HDFS for 2 time
diff succeed!
file 3 has been read from HDFS for 3 time
diff succeed!
file 3 has been read from HDFS for 4 time
diff succeed!
file 3 has been read from HDFS for 5 time
diff succeed!
file 3 has been read from HDFS for 6 time
diff succeed!
file 3 has been read from HDFS for 7 time
diff succeed!
file 3 has been read from HDFS for 8 time
diff succeed!
file 3 has been read from HDFS for 9 time
diff succeed!
file 3 has been read from HDFS for 10 time
diff succeed!
Deleted /myfile3
file 3 has been removed from HDFS
