Found 5 items
-rw-r--r--   3 root supergroup 1073741824 2019-03-27 02:03 /myfile1
-rw-r--r--   3 root supergroup 1073741824 2019-03-27 02:03 /myfile2
-rw-r--r--   3 root supergroup 1073741824 2019-03-27 02:03 /myfile3
-rw-r--r--   3 root supergroup 1073741824 2019-03-27 02:03 /myfile4
-rw-r--r--   3 root supergroup 1073741824 2019-03-27 02:03 /myfile5
file 1 has been put into HDFS
file 1 has been read from HDFS for 1 time
diff succeed!
file 1 has been read from HDFS for 2 time
diff succeed!
file 1 has been read from HDFS for 3 time
diff succeed!
file 1 has been read from HDFS for 4 time
diff succeed!
file 1 has been read from HDFS for 5 time
diff succeed!
file 1 has been read from HDFS for 6 time
diff succeed!
file 1 has been read from HDFS for 7 time
diff succeed!
file 1 has been read from HDFS for 8 time
diff succeed!
file 1 has been read from HDFS for 9 time
diff succeed!
file 1 has been read from HDFS for 10 time
diff succeed!
Deleted /myfile1
file 1 has been removed from HDFS
Found 5 items
-rw-r--r--   3 root supergroup 1073741824 2019-03-27 02:05 /myfile1
-rw-r--r--   3 root supergroup 1073741824 2019-03-27 02:05 /myfile2
-rw-r--r--   3 root supergroup 1073741824 2019-03-27 02:05 /myfile3
-rw-r--r--   3 root supergroup 1073741824 2019-03-27 02:05 /myfile4
-rw-r--r--   3 root supergroup 1073741824 2019-03-27 02:05 /myfile5
file 1 has been put into HDFS
file 1 has been read from HDFS for 1 time
diff succeed!
file 1 has been read from HDFS for 2 time
diff succeed!
file 1 has been read from HDFS for 3 time
diff succeed!
file 1 has been read from HDFS for 4 time
diff succeed!
file 1 has been read from HDFS for 5 time
diff succeed!
file 1 has been read from HDFS for 6 time
diff succeed!
file 1 has been read from HDFS for 7 time
diff succeed!
file 1 has been read from HDFS for 8 time
diff succeed!
file 1 has been read from HDFS for 9 time
diff succeed!
file 1 has been read from HDFS for 10 time
diff succeed!
Deleted /myfile1
file 1 has been removed from HDFS
Found 5 items
-rw-r--r--   3 root supergroup 1073741824 2019-03-27 02:07 /myfile1
-rw-r--r--   3 root supergroup 1073741824 2019-03-27 02:07 /myfile2
-rw-r--r--   3 root supergroup 1073741824 2019-03-27 02:06 /myfile3
-rw-r--r--   3 root supergroup 1073741824 2019-03-27 02:06 /myfile4
-rw-r--r--   3 root supergroup 1073741824 2019-03-27 02:06 /myfile5
file 1 has been put into HDFS
file 1 has been read from HDFS for 1 time
diff succeed!
file 1 has been read from HDFS for 2 time
diff succeed!
file 1 has been read from HDFS for 3 time
diff succeed!
file 1 has been read from HDFS for 4 time
diff succeed!
file 1 has been read from HDFS for 5 time
diff succeed!
file 1 has been read from HDFS for 6 time
diff succeed!
file 1 has been read from HDFS for 7 time
diff succeed!
file 1 has been read from HDFS for 8 time
diff succeed!
file 1 has been read from HDFS for 9 time
diff succeed!
file 1 has been read from HDFS for 10 time
diff succeed!
Deleted /myfile1
file 1 has been removed from HDFS
Found 5 items
-rw-r--r--   3 root supergroup 1073741824 2019-03-27 02:08 /myfile1
-rw-r--r--   3 root supergroup 1073741824 2019-03-27 02:08 /myfile2
-rw-r--r--   3 root supergroup 1073741824 2019-03-27 02:08 /myfile3
-rw-r--r--   3 root supergroup 1073741824 2019-03-27 02:08 /myfile4
-rw-r--r--   3 root supergroup 1073741824 2019-03-27 02:08 /myfile5
file 1 has been put into HDFS
file 1 has been read from HDFS for 1 time
diff succeed!
file 1 has been read from HDFS for 2 time
diff succeed!
file 1 has been read from HDFS for 3 time
diff succeed!
file 1 has been read from HDFS for 4 time
diff succeed!
file 1 has been read from HDFS for 5 time
diff succeed!
file 1 has been read from HDFS for 6 time
diff succeed!
file 1 has been read from HDFS for 7 time
diff succeed!
file 1 has been read from HDFS for 8 time
diff succeed!
file 1 has been read from HDFS for 9 time
diff succeed!
file 1 has been read from HDFS for 10 time
diff succeed!
Deleted /myfile1
file 1 has been removed from HDFS
Found 4 items
-rw-r--r--   3 root supergroup 1073741824 2019-03-27 02:10 /myfile1
-rw-r--r--   3 root supergroup 1073741824 2019-03-27 02:08 /myfile2
-rw-r--r--   3 root supergroup 1073741824 2019-03-27 02:08 /myfile3
-rw-r--r--   3 root supergroup 1073741824 2019-03-27 02:09 /myfile4
file 1 has been put into HDFS
file 1 has been read from HDFS for 1 time
diff succeed!
file 1 has been read from HDFS for 2 time
diff succeed!
file 1 has been read from HDFS for 3 time
diff succeed!
file 1 has been read from HDFS for 4 time
diff succeed!
file 1 has been read from HDFS for 5 time
diff succeed!
file 1 has been read from HDFS for 6 time
diff succeed!
file 1 has been read from HDFS for 7 time
diff succeed!
file 1 has been read from HDFS for 8 time
diff succeed!
file 1 has been read from HDFS for 9 time
diff succeed!
file 1 has been read from HDFS for 10 time
diff succeed!
Deleted /myfile1
file 1 has been removed from HDFS
Found 5 items
-rw-r--r--   3 root supergroup 1073741824 2019-03-27 02:11 /myfile1
-rw-r--r--   3 root supergroup 1073741824 2019-03-27 02:10 /myfile2
-rw-r--r--   3 root supergroup 1073741824 2019-03-27 02:10 /myfile3
-rw-r--r--   3 root supergroup 1073741824 2019-03-27 02:11 /myfile4
-rw-r--r--   3 root supergroup  805306368 2019-03-27 02:11 /myfile5._COPYING_
file 1 has been put into HDFS
file 1 has been read from HDFS for 1 time
diff succeed!
file 1 has been read from HDFS for 2 time
diff succeed!
file 1 has been read from HDFS for 3 time
diff succeed!
file 1 has been read from HDFS for 4 time
diff succeed!
file 1 has been read from HDFS for 5 time
diff succeed!
file 1 has been read from HDFS for 6 time
diff succeed!
file 1 has been read from HDFS for 7 time
diff succeed!
file 1 has been read from HDFS for 8 time
diff succeed!
file 1 has been read from HDFS for 9 time
diff succeed!
file 1 has been read from HDFS for 10 time
diff succeed!
Deleted /myfile1
file 1 has been removed from HDFS
Found 5 items
-rw-r--r--   3 root supergroup 1073741824 2019-03-27 02:13 /myfile1
-rw-r--r--   3 root supergroup 1073741824 2019-03-27 02:13 /myfile2
-rw-r--r--   3 root supergroup 1073741824 2019-03-27 02:13 /myfile3
-rw-r--r--   3 root supergroup 1073741824 2019-03-27 02:13 /myfile4
-rw-r--r--   3 root supergroup 1073741824 2019-03-27 02:13 /myfile5
file 1 has been put into HDFS
file 1 has been read from HDFS for 1 time
diff succeed!
file 1 has been read from HDFS for 2 time
diff succeed!
file 1 has been read from HDFS for 3 time
diff succeed!
file 1 has been read from HDFS for 4 time
diff succeed!
file 1 has been read from HDFS for 5 time
diff succeed!
file 1 has been read from HDFS for 6 time
diff succeed!
file 1 has been read from HDFS for 7 time
diff succeed!
file 1 has been read from HDFS for 8 time
diff succeed!
file 1 has been read from HDFS for 9 time
diff succeed!
file 1 has been read from HDFS for 10 time
diff succeed!
Deleted /myfile1
file 1 has been removed from HDFS
Found 5 items
-rw-r--r--   3 root supergroup 1073741824 2019-03-27 02:15 /myfile1
-rw-r--r--   3 root supergroup 1073741824 2019-03-27 02:15 /myfile2
-rw-r--r--   3 root supergroup 1073741824 2019-03-27 02:15 /myfile3
-rw-r--r--   3 root supergroup 1073741824 2019-03-27 02:14 /myfile4
-rw-r--r--   3 root supergroup 1073741824 2019-03-27 02:15 /myfile5
file 1 has been put into HDFS
file 1 has been read from HDFS for 1 time
diff succeed!
file 1 has been read from HDFS for 2 time
diff succeed!
file 1 has been read from HDFS for 3 time
diff succeed!
file 1 has been read from HDFS for 4 time
diff succeed!
file 1 has been read from HDFS for 5 time
diff succeed!
file 1 has been read from HDFS for 6 time
diff succeed!
file 1 has been read from HDFS for 7 time
diff succeed!
file 1 has been read from HDFS for 8 time
diff succeed!
file 1 has been read from HDFS for 9 time
diff succeed!
file 1 has been read from HDFS for 10 time
diff succeed!
Deleted /myfile1
file 1 has been removed from HDFS
Found 5 items
-rw-r--r--   3 root supergroup 1073741824 2019-03-27 02:17 /myfile1
-rw-r--r--   3 root supergroup          0 2019-03-27 02:17 /myfile2._COPYING_
-rw-r--r--   3 root supergroup 1073741824 2019-03-27 02:17 /myfile3
-rw-r--r--   3 root supergroup 1073741824 2019-03-27 02:16 /myfile4
-rw-r--r--   3 root supergroup 1073741824 2019-03-27 02:17 /myfile5
file 1 has been put into HDFS
file 1 has been read from HDFS for 1 time
diff succeed!
file 1 has been read from HDFS for 2 time
diff succeed!
file 1 has been read from HDFS for 3 time
diff succeed!
file 1 has been read from HDFS for 4 time
diff succeed!
file 1 has been read from HDFS for 5 time
diff succeed!
file 1 has been read from HDFS for 6 time
diff succeed!
file 1 has been read from HDFS for 7 time
diff succeed!
file 1 has been read from HDFS for 8 time
diff succeed!
file 1 has been read from HDFS for 9 time
diff succeed!
file 1 has been read from HDFS for 10 time
diff succeed!
Deleted /myfile1
file 1 has been removed from HDFS
Found 5 items
-rw-r--r--   3 root supergroup 1073741824 2019-03-27 02:18 /myfile1
-rw-r--r--   3 root supergroup 1073741824 2019-03-27 02:17 /myfile2
-rw-r--r--   3 root supergroup 1073741824 2019-03-27 02:18 /myfile3
-rw-r--r--   3 root supergroup 1073741824 2019-03-27 02:17 /myfile4
-rw-r--r--   3 root supergroup 1073741824 2019-03-27 02:18 /myfile5
file 1 has been put into HDFS
file 1 has been read from HDFS for 1 time
diff succeed!
file 1 has been read from HDFS for 2 time
diff succeed!
file 1 has been read from HDFS for 3 time
diff succeed!
file 1 has been read from HDFS for 4 time
diff succeed!
file 1 has been read from HDFS for 5 time
diff succeed!
file 1 has been read from HDFS for 6 time
diff succeed!
file 1 has been read from HDFS for 7 time
