Found 5 items
-rw-r--r--   3 root supergroup 1073741824 2019-03-27 02:56 /myfile1
-rw-r--r--   3 root supergroup 1073741824 2019-03-27 02:56 /myfile2
-rw-r--r--   3 root supergroup 1073741824 2019-03-27 02:56 /myfile3
-rw-r--r--   3 root supergroup 1073741824 2019-03-27 02:56 /myfile4
-rw-r--r--   3 root supergroup 1073741824 2019-03-27 02:56 /myfile5
file 4 has been put into HDFS
file 4 has been read from HDFS for 1 time
diff succeed!
file 4 has been read from HDFS for 2 time
diff succeed!
file 4 has been read from HDFS for 3 time
diff succeed!
file 4 has been read from HDFS for 4 time
diff succeed!
file 4 has been read from HDFS for 5 time
diff succeed!
file 4 has been read from HDFS for 6 time
diff succeed!
file 4 has been read from HDFS for 7 time
diff succeed!
file 4 has been read from HDFS for 8 time
diff succeed!
file 4 has been read from HDFS for 9 time
diff succeed!
file 4 has been read from HDFS for 10 time
diff succeed!
Deleted /myfile4
file 4 has been removed from HDFS
Found 5 items
-rw-r--r--   3 root supergroup 1073741824 2019-03-27 02:58 /myfile1
-rw-r--r--   3 root supergroup 1073741824 2019-03-27 02:58 /myfile2
-rw-r--r--   3 root supergroup 1073741824 2019-03-27 02:58 /myfile3
-rw-r--r--   3 root supergroup 1073741824 2019-03-27 02:59 /myfile4
-rw-r--r--   3 root supergroup 1073741824 2019-03-27 02:58 /myfile5
file 4 has been put into HDFS
file 4 has been read from HDFS for 1 time
diff succeed!
file 4 has been read from HDFS for 2 time
diff succeed!
file 4 has been read from HDFS for 3 time
diff succeed!
file 4 has been read from HDFS for 4 time
diff succeed!
file 4 has been read from HDFS for 5 time
diff succeed!
file 4 has been read from HDFS for 6 time
diff succeed!
file 4 has been read from HDFS for 7 time
diff succeed!
file 4 has been read from HDFS for 8 time
diff succeed!
file 4 has been read from HDFS for 9 time
diff succeed!
file 4 has been read from HDFS for 10 time
diff succeed!
Deleted /myfile4
file 4 has been removed from HDFS
Found 4 items
-rw-r--r--   3 root supergroup 1073741824 2019-03-27 02:59 /myfile2
-rw-r--r--   3 root supergroup 1073741824 2019-03-27 02:59 /myfile3
-rw-r--r--   3 root supergroup 1073741824 2019-03-27 03:01 /myfile4
-rw-r--r--   3 root supergroup 1073741824 2019-03-27 02:59 /myfile5
file 4 has been put into HDFS
file 4 has been read from HDFS for 1 time
diff succeed!
2019-03-27 03:01:38,427 INFO  retry.RetryInvocationHandler RetryInvocationHandler.java:log:411 - java.net.ConnectException: Call From clnode055.clemson.cloudlab.us/130.127.133.64 to node-1-link-0:8020 failed on connection exception: java.net.ConnectException: Connection refused; For more details see:  http://wiki.apache.org/hadoop/ConnectionRefused, while invoking ClientNamenodeProtocolTranslatorPB.getFileInfo over node-1-link-0/10.10.1.4:8020 after 1 failover attempts. Trying to failover after sleeping for 1450ms.
file 4 has been read from HDFS for 2 time
diff succeed!
file 4 has been read from HDFS for 3 time
diff succeed!
file 4 has been read from HDFS for 4 time
diff succeed!
file 4 has been read from HDFS for 5 time
diff succeed!
file 4 has been read from HDFS for 6 time
diff succeed!
file 4 has been read from HDFS for 7 time
diff succeed!
file 4 has been read from HDFS for 8 time
diff succeed!
file 4 has been read from HDFS for 9 time
diff succeed!
file 4 has been read from HDFS for 10 time
diff succeed!
Deleted /myfile4
file 4 has been removed from HDFS
Found 5 items
-rw-r--r--   3 root supergroup 1073741824 2019-03-27 03:01 /myfile1
-rw-r--r--   3 root supergroup 1073741824 2019-03-27 03:01 /myfile2
-rw-r--r--   3 root supergroup 1073741824 2019-03-27 03:01 /myfile3
-rw-r--r--   3 root supergroup 1073741824 2019-03-27 03:03 /myfile4
-rw-r--r--   3 root supergroup 1073741824 2019-03-27 03:03 /myfile5
file 4 has been put into HDFS
file 4 has been read from HDFS for 1 time
diff succeed!
file 4 has been read from HDFS for 2 time
diff succeed!
file 4 has been read from HDFS for 3 time
diff succeed!
file 4 has been read from HDFS for 4 time
diff succeed!
file 4 has been read from HDFS for 5 time
diff succeed!
file 4 has been read from HDFS for 6 time
diff succeed!
file 4 has been read from HDFS for 7 time
diff succeed!
file 4 has been read from HDFS for 8 time
diff succeed!
file 4 has been read from HDFS for 9 time
diff succeed!
file 4 has been read from HDFS for 10 time
diff succeed!
Deleted /myfile4
file 4 has been removed from HDFS
Found 5 items
-rw-r--r--   3 root supergroup 1073741824 2019-03-27 03:04 /myfile1
-rw-r--r--   3 root supergroup 1073741824 2019-03-27 03:04 /myfile2
-rw-r--r--   3 root supergroup 1073741824 2019-03-27 03:04 /myfile3
-rw-r--r--   3 root supergroup 1073741824 2019-03-27 03:05 /myfile4
-rw-r--r--   3 root supergroup 1073741824 2019-03-27 03:05 /myfile5
file 4 has been put into HDFS
file 4 has been read from HDFS for 1 time
diff succeed!
file 4 has been read from HDFS for 2 time
diff succeed!
file 4 has been read from HDFS for 3 time
diff succeed!
file 4 has been read from HDFS for 4 time
diff succeed!
file 4 has been read from HDFS for 5 time
diff succeed!
file 4 has been read from HDFS for 6 time
diff succeed!
file 4 has been read from HDFS for 7 time
diff succeed!
file 4 has been read from HDFS for 8 time
diff succeed!
file 4 has been read from HDFS for 9 time
diff succeed!
file 4 has been read from HDFS for 10 time
diff succeed!
Deleted /myfile4
file 4 has been removed from HDFS
Found 5 items
-rw-r--r--   3 root supergroup 1073741824 2019-03-27 03:05 /myfile1
-rw-r--r--   3 root supergroup 1073741824 2019-03-27 03:05 /myfile2
-rw-r--r--   3 root supergroup 1073741824 2019-03-27 03:05 /myfile3
-rw-r--r--   3 root supergroup 1073741824 2019-03-27 03:06 /myfile4
-rw-r--r--   3 root supergroup 1073741824 2019-03-27 03:06 /myfile5
file 4 has been put into HDFS
file 4 has been read from HDFS for 1 time
diff succeed!
file 4 has been read from HDFS for 2 time
diff succeed!
file 4 has been read from HDFS for 3 time
diff succeed!
file 4 has been read from HDFS for 4 time
diff succeed!
file 4 has been read from HDFS for 5 time
diff succeed!
file 4 has been read from HDFS for 6 time
diff succeed!
file 4 has been read from HDFS for 7 time
diff succeed!
file 4 has been read from HDFS for 8 time
diff succeed!
file 4 has been read from HDFS for 9 time
diff succeed!
file 4 has been read from HDFS for 10 time
diff succeed!
Deleted /myfile4
file 4 has been removed from HDFS
Found 5 items
-rw-r--r--   3 root supergroup 1073741824 2019-03-27 03:07 /myfile1
-rw-r--r--   3 root supergroup 1073741824 2019-03-27 03:07 /myfile2
-rw-r--r--   3 root supergroup 1073741824 2019-03-27 03:07 /myfile3
-rw-r--r--   3 root supergroup 1073741824 2019-03-27 03:09 /myfile4
-rw-r--r--   3 root supergroup 1073741824 2019-03-27 03:08 /myfile5
file 4 has been put into HDFS
file 4 has been read from HDFS for 1 time
diff succeed!
file 4 has been read from HDFS for 2 time
diff succeed!
file 4 has been read from HDFS for 3 time
diff succeed!
file 4 has been read from HDFS for 4 time
diff succeed!
file 4 has been read from HDFS for 5 time
diff succeed!
file 4 has been read from HDFS for 6 time
diff succeed!
file 4 has been read from HDFS for 7 time
diff succeed!
file 4 has been read from HDFS for 8 time
diff succeed!
file 4 has been read from HDFS for 9 time
diff succeed!
file 4 has been read from HDFS for 10 time
diff succeed!
Deleted /myfile4
file 4 has been removed from HDFS
Found 5 items
-rw-r--r--   3 root supergroup 1073741824 2019-03-27 03:09 /myfile1
-rw-r--r--   3 root supergroup 1073741824 2019-03-27 03:09 /myfile2
-rw-r--r--   3 root supergroup 1073741824 2019-03-27 03:09 /myfile3
-rw-r--r--   3 root supergroup 1073741824 2019-03-27 03:11 /myfile4
-rw-r--r--   3 root supergroup  402653184 2019-03-27 03:11 /myfile5._COPYING_
file 4 has been put into HDFS
file 4 has been read from HDFS for 1 time
diff succeed!
file 4 has been read from HDFS for 2 time
diff succeed!
file 4 has been read from HDFS for 3 time
diff succeed!
file 4 has been read from HDFS for 4 time
diff succeed!
file 4 has been read from HDFS for 5 time
diff succeed!
file 4 has been read from HDFS for 6 time
diff succeed!
file 4 has been read from HDFS for 7 time
diff succeed!
file 4 has been read from HDFS for 8 time
diff succeed!
file 4 has been read from HDFS for 9 time
diff succeed!
file 4 has been read from HDFS for 10 time
diff succeed!
Deleted /myfile4
file 4 has been removed from HDFS
Found 4 items
-rw-r--r--   3 root supergroup 1073741824 2019-03-27 03:12 /myfile1
-rw-r--r--   3 root supergroup 1073741824 2019-03-27 03:11 /myfile2
-rw-r--r--   3 root supergroup 1073741824 2019-03-27 03:12 /myfile3
-rw-r--r--   3 root supergroup 1073741824 2019-03-27 03:13 /myfile4
file 4 has been put into HDFS
