Found 5 items
-rw-r--r--   3 root supergroup 1073741824 2019-03-28 03:43 /myfile1
-rw-r--r--   3 root supergroup 1073741824 2019-03-28 03:43 /myfile2
-rw-r--r--   3 root supergroup 1073741824 2019-03-28 03:43 /myfile3
-rw-r--r--   3 root supergroup 1073741824 2019-03-28 03:43 /myfile4
-rw-r--r--   3 root supergroup 1073741824 2019-03-28 03:43 /myfile5
file 2 has been put into HDFS
file 2 has been read from HDFS for 1 time
diff succeed!
file 2 has been read from HDFS for 2 time
diff succeed!
file 2 has been read from HDFS for 3 time
diff succeed!
file 2 has been read from HDFS for 4 time
diff succeed!
file 2 has been read from HDFS for 5 time
diff succeed!
file 2 has been read from HDFS for 6 time
diff succeed!
file 2 has been read from HDFS for 7 time
diff succeed!
file 2 has been read from HDFS for 8 time
diff succeed!
file 2 has been read from HDFS for 9 time
diff succeed!
file 2 has been read from HDFS for 10 time
diff succeed!
Deleted /myfile2
file 2 has been removed from HDFS
Found 5 items
-rw-r--r--   3 root supergroup  939524096 2019-03-28 03:45 /myfile1._COPYING_
-rw-r--r--   3 root supergroup 1073741824 2019-03-28 03:45 /myfile2
-rw-r--r--   3 root supergroup 1073741824 2019-03-28 03:45 /myfile3
-rw-r--r--   3 root supergroup 1073741824 2019-03-28 03:45 /myfile4
-rw-r--r--   3 root supergroup 1073741824 2019-03-28 03:45 /myfile5
file 2 has been put into HDFS
file 2 has been read from HDFS for 1 time
diff succeed!
file 2 has been read from HDFS for 2 time
diff succeed!
file 2 has been read from HDFS for 3 time
diff succeed!
file 2 has been read from HDFS for 4 time
diff succeed!
file 2 has been read from HDFS for 5 time
diff succeed!
file 2 has been read from HDFS for 6 time
diff succeed!
file 2 has been read from HDFS for 7 time
diff succeed!
file 2 has been read from HDFS for 8 time
diff succeed!
file 2 has been read from HDFS for 9 time
diff succeed!
file 2 has been read from HDFS for 10 time
diff succeed!
Deleted /myfile2
file 2 has been removed from HDFS
Found 4 items
-rw-r--r--   3 root supergroup 1073741824 2019-03-28 03:47 /myfile2
-rw-r--r--   3 root supergroup  805306368 2019-03-28 03:47 /myfile3._COPYING_
-rw-r--r--   3 root supergroup 1073741824 2019-03-28 03:47 /myfile4
-rw-r--r--   3 root supergroup 1073741824 2019-03-28 03:45 /myfile5
file 2 has been put into HDFS
file 2 has been read from HDFS for 1 time
diff succeed!
file 2 has been read from HDFS for 2 time
diff succeed!
file 2 has been read from HDFS for 3 time
diff succeed!
file 2 has been read from HDFS for 4 time
diff succeed!
file 2 has been read from HDFS for 5 time
diff succeed!
file 2 has been read from HDFS for 6 time
diff succeed!
file 2 has been read from HDFS for 7 time
diff succeed!
file 2 has been read from HDFS for 8 time
diff succeed!
file 2 has been read from HDFS for 9 time
diff succeed!
file 2 has been read from HDFS for 10 time
diff succeed!
Deleted /myfile2
file 2 has been removed from HDFS
Found 5 items
-rw-r--r--   3 root supergroup 1073741824 2019-03-28 03:49 /myfile1
-rw-r--r--   3 root supergroup 1073741824 2019-03-28 03:49 /myfile2
-rw-r--r--   3 root supergroup 1073741824 2019-03-28 03:49 /myfile3
-rw-r--r--   3 root supergroup 1073741824 2019-03-28 03:48 /myfile4
-rw-r--r--   3 root supergroup 1073741824 2019-03-28 03:49 /myfile5
file 2 has been put into HDFS
file 2 has been read from HDFS for 1 time
diff succeed!
file 2 has been read from HDFS for 2 time
diff succeed!
file 2 has been read from HDFS for 3 time
diff succeed!
file 2 has been read from HDFS for 4 time
diff succeed!
file 2 has been read from HDFS for 5 time
diff succeed!
file 2 has been read from HDFS for 6 time
diff succeed!
file 2 has been read from HDFS for 7 time
diff succeed!
file 2 has been read from HDFS for 8 time
diff succeed!
file 2 has been read from HDFS for 9 time
diff succeed!
file 2 has been read from HDFS for 10 time
diff succeed!
Deleted /myfile2
file 2 has been removed from HDFS
Found 5 items
-rw-r--r--   3 root supergroup 1073741824 2019-03-28 03:50 /myfile1
-rw-r--r--   3 root supergroup 1073741824 2019-03-28 03:50 /myfile2
-rw-r--r--   3 root supergroup 1073741824 2019-03-28 03:50 /myfile3
-rw-r--r--   3 root supergroup 1073741824 2019-03-28 03:50 /myfile4
-rw-r--r--   3 root supergroup 1073741824 2019-03-28 03:50 /myfile5
file 2 has been put into HDFS
file 2 has been read from HDFS for 1 time
diff succeed!
file 2 has been read from HDFS for 2 time
diff succeed!
file 2 has been read from HDFS for 3 time
diff succeed!
file 2 has been read from HDFS for 4 time
diff succeed!
file 2 has been read from HDFS for 5 time
diff succeed!
file 2 has been read from HDFS for 6 time
diff succeed!
file 2 has been read from HDFS for 7 time
diff succeed!
file 2 has been read from HDFS for 8 time
diff succeed!
file 2 has been read from HDFS for 9 time
diff succeed!
file 2 has been read from HDFS for 10 time
diff succeed!
Deleted /myfile2
file 2 has been removed from HDFS
Found 5 items
-rw-r--r--   3 root supergroup 1073741824 2019-03-28 03:52 /myfile1
-rw-r--r--   3 root supergroup 1073741824 2019-03-28 03:52 /myfile2
-rw-r--r--   3 root supergroup 1073741824 2019-03-28 03:52 /myfile3
-rw-r--r--   3 root supergroup 1073741824 2019-03-28 03:51 /myfile4
-rw-r--r--   3 root supergroup 1073741824 2019-03-28 03:52 /myfile5
file 2 has been put into HDFS
file 2 has been read from HDFS for 1 time
diff succeed!
file 2 has been read from HDFS for 2 time
diff succeed!
file 2 has been read from HDFS for 3 time
diff succeed!
file 2 has been read from HDFS for 4 time
diff succeed!
file 2 has been read from HDFS for 5 time
diff succeed!
file 2 has been read from HDFS for 6 time
diff succeed!
file 2 has been read from HDFS for 7 time
diff succeed!
file 2 has been read from HDFS for 8 time
diff succeed!
file 2 has been read from HDFS for 9 time
diff succeed!
file 2 has been read from HDFS for 10 time
diff succeed!
Deleted /myfile2
file 2 has been removed from HDFS
2019-03-28 03:53:31,124 WARN  hdfs.DataStreamer DataStreamer.java:run:1196 - Exception for BP-783573164-130.127.133.40-1553766166945:blk_1073742100_1276
java.io.IOException: Bad response ERROR for BP-783573164-130.127.133.40-1553766166945:blk_1073742100_1276 from datanode DatanodeInfoWithStorage[10.10.1.6:9866,DS-2e832c35-87e7-4993-bace-e6b8f3d136aa,DISK]
	at org.apache.hadoop.hdfs.DataStreamer$ResponseProcessor.run(DataStreamer.java:1126)
2019-03-28 03:53:31,130 WARN  hdfs.DataStreamer DataStreamer.java:handleBadDatanode:1571 - Error Recovery for BP-783573164-130.127.133.40-1553766166945:blk_1073742100_1276 in pipeline [DatanodeInfoWithStorage[10.10.1.3:9866,DS-0f2a9519-1770-4cd2-ad46-f07496e29a74,DISK], DatanodeInfoWithStorage[10.10.1.5:9866,DS-bf8dc492-d873-44bf-b127-36625fbebafc,DISK], DatanodeInfoWithStorage[10.10.1.6:9866,DS-2e832c35-87e7-4993-bace-e6b8f3d136aa,DISK]]: datanode 2(DatanodeInfoWithStorage[10.10.1.6:9866,DS-2e832c35-87e7-4993-bace-e6b8f3d136aa,DISK]) is bad.
2019-03-28 03:53:31,300 INFO  hdfs.DataStreamer DataStreamer.java:createBlockOutputStream:1789 - Exception in createBlockOutputStream blk_1073742102_1280
java.net.ConnectException: Connection refused
	at sun.nio.ch.SocketChannelImpl.checkConnect(Native Method)
	at sun.nio.ch.SocketChannelImpl.finishConnect(SocketChannelImpl.java:717)
	at org.apache.hadoop.net.SocketIOWithTimeout.connect(SocketIOWithTimeout.java:206)
	at org.apache.hadoop.net.NetUtils.connect(NetUtils.java:531)
	at org.apache.hadoop.hdfs.DataStreamer.createSocketForPipeline(DataStreamer.java:253)
	at org.apache.hadoop.hdfs.DataStreamer.createBlockOutputStream(DataStreamer.java:1725)
	at org.apache.hadoop.hdfs.DataStreamer.nextBlockOutputStream(DataStreamer.java:1679)
	at org.apache.hadoop.hdfs.DataStreamer.run(DataStreamer.java:716)
2019-03-28 03:53:31,301 WARN  hdfs.DataStreamer DataStreamer.java:nextBlockOutputStream:1683 - Abandoning BP-783573164-130.127.133.40-1553766166945:blk_1073742102_1280
2019-03-28 03:53:31,331 WARN  hdfs.DataStreamer DataStreamer.java:nextBlockOutputStream:1688 - Excluding datanode DatanodeInfoWithStorage[10.10.1.6:9866,DS-2e832c35-87e7-4993-bace-e6b8f3d136aa,DISK]
Found 5 items
-rw-r--r--   3 root supergroup 1073741824 2019-03-28 03:53 /myfile1
-rw-r--r--   3 root supergroup 1073741824 2019-03-28 03:53 /myfile2
-rw-r--r--   3 root supergroup 1073741824 2019-03-28 03:53 /myfile3
-rw-r--r--   3 root supergroup 1073741824 2019-03-28 03:53 /myfile4
-rw-r--r--   3 root supergroup 1073741824 2019-03-28 03:53 /myfile5
file 2 has been put into HDFS
file 2 has been read from HDFS for 1 time
diff succeed!
file 2 has been read from HDFS for 2 time
diff succeed!
file 2 has been read from HDFS for 3 time
diff succeed!
file 2 has been read from HDFS for 4 time
diff succeed!
file 2 has been read from HDFS for 5 time
diff succeed!
file 2 has been read from HDFS for 6 time
diff succeed!
file 2 has been read from HDFS for 7 time
diff succeed!
file 2 has been read from HDFS for 8 time
diff succeed!
file 2 has been read from HDFS for 9 time
diff succeed!
file 2 has been read from HDFS for 10 time
diff succeed!
Deleted /myfile2
file 2 has been removed from HDFS
Found 5 items
-rw-r--r--   3 root supergroup 1073741824 2019-03-28 03:55 /myfile1
-rw-r--r--   3 root supergroup 1073741824 2019-03-28 03:55 /myfile2
-rw-r--r--   3 root supergroup 1073741824 2019-03-28 03:55 /myfile3
-rw-r--r--   3 root supergroup 1073741824 2019-03-28 03:54 /myfile4
-rw-r--r--   3 root supergroup 1073741824 2019-03-28 03:55 /myfile5
file 2 has been put into HDFS
file 2 has been read from HDFS for 1 time
diff succeed!
file 2 has been read from HDFS for 2 time
diff succeed!
file 2 has been read from HDFS for 3 time
diff succeed!
file 2 has been read from HDFS for 4 time
diff succeed!
file 2 has been read from HDFS for 5 time
diff succeed!
file 2 has been read from HDFS for 6 time
diff succeed!
file 2 has been read from HDFS for 7 time
diff succeed!
file 2 has been read from HDFS for 8 time
diff succeed!
file 2 has been read from HDFS for 9 time
diff succeed!
file 2 has been read from HDFS for 10 time
diff succeed!
Deleted /myfile2
file 2 has been removed from HDFS
Found 5 items
-rw-r--r--   3 root supergroup          0 2019-03-28 03:56 /myfile1._COPYING_
-rw-r--r--   3 root supergroup 1073741824 2019-03-28 03:56 /myfile2
-rw-r--r--   3 root supergroup 1073741824 2019-03-28 03:56 /myfile3
-rw-r--r--   3 root supergroup 1073741824 2019-03-28 03:56 /myfile4
-rw-r--r--   3 root supergroup          0 2019-03-28 03:56 /myfile5._COPYING_
file 2 has been put into HDFS
file 2 has been read from HDFS for 1 time
diff succeed!
file 2 has been read from HDFS for 2 time
diff succeed!
file 2 has been read from HDFS for 3 time
diff succeed!
file 2 has been read from HDFS for 4 time
diff succeed!
file 2 has been read from HDFS for 5 time
diff succeed!
file 2 has been read from HDFS for 6 time
diff succeed!
file 2 has been read from HDFS for 7 time
diff succeed!
file 2 has been read from HDFS for 8 time
diff succeed!
file 2 has been read from HDFS for 9 time
diff succeed!
file 2 has been read from HDFS for 10 time
diff succeed!
Deleted /myfile2
file 2 has been removed from HDFS
Found 5 items
-rw-r--r--   3 root supergroup 1073741824 2019-03-28 03:58 /myfile1
-rw-r--r--   3 root supergroup 1073741824 2019-03-28 03:58 /myfile2
-rw-r--r--   3 root supergroup 1073741824 2019-03-28 03:58 /myfile3
-rw-r--r--   3 root supergroup 1073741824 2019-03-28 03:57 /myfile4
-rw-r--r--   3 root supergroup 1073741824 2019-03-28 03:58 /myfile5
file 2 has been put into HDFS
file 2 has been read from HDFS for 1 time
diff succeed!
