verify_input for parameter dfs.namenode.max.objects with value 1
Error: TEST_ERROR found in clients!
verify_result.sh parameter dfs.namenode.max.objects with value 1 returns 1
verify_input for parameter dfs.namenode.max.objects with value 2
Error: TEST_ERROR found in clients!
DataStreamer.java:run:826 NOT found in base error set
verify_result.sh parameter dfs.namenode.max.objects with value 2 returns 1
verify_input for parameter dfs.namenode.max.objects with value 4
Error: TEST_ERROR found in clients!
DataStreamer.java:run:826 NOT found in base error set
verify_result.sh parameter dfs.namenode.max.objects with value 4 returns 1
verify_input for parameter dfs.namenode.max.objects with value 8
Error: TEST_ERROR found in clients!
BlockManager.java:processIncrementalBlockReport:3959 NOT found in base error set
DataStreamer.java:run:826 NOT found in base error set
NameNodeRpcServer.java:run:1588 NOT found in base error set
verify_result.sh parameter dfs.namenode.max.objects with value 8 returns 1
verify_input for parameter dfs.namenode.max.objects with value 16
Error: TEST_ERROR found in clients!
BlockManager.java:processIncrementalBlockReport:3959 NOT found in base error set
DataStreamer.java:run:826 NOT found in base error set
NameNodeRpcServer.java:run:1588 NOT found in base error set
verify_result.sh parameter dfs.namenode.max.objects with value 16 returns 1
verify_input for parameter dfs.namenode.max.objects with value 32
Error: TEST_ERROR found in clients!
DataStreamer.java:run:826 NOT found in base error set
verify_result.sh parameter dfs.namenode.max.objects with value 32 returns 1
verify_input for parameter dfs.namenode.max.objects with value 64
BlockManager.java:processIncrementalBlockReport:3959 NOT found in base error set
NameNodeRpcServer.java:run:1588 NOT found in base error set
verify_result.sh parameter dfs.namenode.max.objects with value 64 returns 1
verify_input for parameter dfs.namenode.max.objects with value 128
verify_result.sh parameter dfs.namenode.max.objects with value 128 returns 0
break, set range_end as 128
verify_input for parameter dfs.namenode.max.objects with value 96
BlockManager.java:processIncrementalBlockReport:3959 NOT found in base error set
NameNodeRpcServer.java:run:1588 NOT found in base error set
verify_result.sh parameter dfs.namenode.max.objects with value 96 returns 1
not ok branch
verify_input for parameter dfs.namenode.max.objects with value 112
verify_result.sh parameter dfs.namenode.max.objects with value 112 returns 0
ok branch
verify_input for parameter dfs.namenode.max.objects with value 104
verify_result.sh parameter dfs.namenode.max.objects with value 104 returns 0
ok branch
verify_input for parameter dfs.namenode.max.objects with value 100
BlockManager.java:processIncrementalBlockReport:3959 NOT found in base error set
NameNodeRpcServer.java:run:1588 NOT found in base error set
verify_result.sh parameter dfs.namenode.max.objects with value 100 returns 1
not ok branch
verify_input for parameter dfs.namenode.max.objects with value 102
BlockManager.java:processIncrementalBlockReport:3959 NOT found in base error set
NameNodeRpcServer.java:run:1588 NOT found in base error set
verify_result.sh parameter dfs.namenode.max.objects with value 102 returns 1
not ok branch
verify_input for parameter dfs.namenode.max.objects with value 103
BlockManager.java:processIncrementalBlockReport:3959 NOT found in base error set
NameNodeRpcServer.java:run:1588 NOT found in base error set
verify_result.sh parameter dfs.namenode.max.objects with value 103 returns 1
not ok branch
the minimum value for parameter dfs.namenode.max.objects is 104
