Found 5 items
-rw-r--r--   3 root supergroup 1073741824 2019-03-25 23:36 /myfile1
-rw-r--r--   3 root supergroup 1073741824 2019-03-25 23:36 /myfile2
-rw-r--r--   3 root supergroup 1073741824 2019-03-25 23:36 /myfile3
-rw-r--r--   3 root supergroup 1073741824 2019-03-25 23:36 /myfile4
-rw-r--r--   3 root supergroup 1073741824 2019-03-25 23:36 /myfile5
file 3 has been put into HDFS
file 3 has been read from HDFS for 1 time
diff succeed!
file 3 has been read from HDFS for 2 time
diff succeed!
file 3 has been read from HDFS for 3 time
diff succeed!
file 3 has been read from HDFS for 4 time
diff succeed!
file 3 has been read from HDFS for 5 time
diff succeed!
file 3 has been read from HDFS for 6 time
diff succeed!
file 3 has been read from HDFS for 7 time
diff succeed!
file 3 has been read from HDFS for 8 time
diff succeed!
file 3 has been read from HDFS for 9 time
diff succeed!
file 3 has been read from HDFS for 10 time
diff succeed!
Deleted /myfile3
file 3 has been removed from HDFS
Found 5 items
-rw-r--r--   3 root supergroup 1073741824 2019-03-25 23:38 /myfile1
-rw-r--r--   3 root supergroup 1073741824 2019-03-25 23:38 /myfile2
-rw-r--r--   3 root supergroup 1073741824 2019-03-25 23:38 /myfile3
-rw-r--r--   3 root supergroup 1073741824 2019-03-25 23:38 /myfile4
-rw-r--r--   3 root supergroup 1073741824 2019-03-25 23:38 /myfile5
file 3 has been put into HDFS
file 3 has been read from HDFS for 1 time
diff succeed!
file 3 has been read from HDFS for 2 time
diff succeed!
file 3 has been read from HDFS for 3 time
diff succeed!
file 3 has been read from HDFS for 4 time
diff succeed!
file 3 has been read from HDFS for 5 time
diff succeed!
file 3 has been read from HDFS for 6 time
diff succeed!
file 3 has been read from HDFS for 7 time
diff succeed!
file 3 has been read from HDFS for 8 time
diff succeed!
file 3 has been read from HDFS for 9 time
diff succeed!
file 3 has been read from HDFS for 10 time
diff succeed!
Deleted /myfile3
file 3 has been removed from HDFS
Found 5 items
-rw-r--r--   3 root supergroup 1073741824 2019-03-25 23:39 /myfile1
-rw-r--r--   3 root supergroup 1073741824 2019-03-25 23:39 /myfile2
-rw-r--r--   3 root supergroup 1073741824 2019-03-25 23:39 /myfile3
-rw-r--r--   3 root supergroup          0 2019-03-25 23:39 /myfile4._COPYING_
-rw-r--r--   3 root supergroup  939524096 2019-03-25 23:39 /myfile5._COPYING_
file 3 has been put into HDFS
file 3 has been read from HDFS for 1 time
diff succeed!
file 3 has been read from HDFS for 2 time
diff succeed!
file 3 has been read from HDFS for 3 time
diff succeed!
file 3 has been read from HDFS for 4 time
diff succeed!
file 3 has been read from HDFS for 5 time
diff succeed!
file 3 has been read from HDFS for 6 time
diff succeed!
file 3 has been read from HDFS for 7 time
diff succeed!
file 3 has been read from HDFS for 8 time
diff succeed!
file 3 has been read from HDFS for 9 time
diff succeed!
file 3 has been read from HDFS for 10 time
diff succeed!
Deleted /myfile3
file 3 has been removed from HDFS
2019-03-25 23:41:34,731 WARN  hdfs.DataStreamer DataStreamer.java:run:1196 - Exception for BP-1700559578-130.127.133.33-1553578543792:blk_1073741961_1137
java.io.IOException: Bad response ERROR for BP-1700559578-130.127.133.33-1553578543792:blk_1073741961_1137 from datanode DatanodeInfoWithStorage[10.10.1.6:9866,DS-b3d200da-c519-4228-b0ff-8fb7739f954c,DISK]
	at org.apache.hadoop.hdfs.DataStreamer$ResponseProcessor.run(DataStreamer.java:1126)
2019-03-25 23:41:34,736 WARN  hdfs.DataStreamer DataStreamer.java:handleBadDatanode:1571 - Error Recovery for BP-1700559578-130.127.133.33-1553578543792:blk_1073741961_1137 in pipeline [DatanodeInfoWithStorage[10.10.1.2:9866,DS-48b7dd75-42f1-4cbc-848d-2ec0a56cec76,DISK], DatanodeInfoWithStorage[10.10.1.5:9866,DS-09d22033-0962-482f-bf6d-b866b2aa5e6e,DISK], DatanodeInfoWithStorage[10.10.1.6:9866,DS-b3d200da-c519-4228-b0ff-8fb7739f954c,DISK]]: datanode 2(DatanodeInfoWithStorage[10.10.1.6:9866,DS-b3d200da-c519-4228-b0ff-8fb7739f954c,DISK]) is bad.
2019-03-25 23:41:34,895 INFO  hdfs.DataStreamer DataStreamer.java:createBlockOutputStream:1789 - Exception in createBlockOutputStream blk_1073741964_1142
java.net.ConnectException: Connection refused
	at sun.nio.ch.SocketChannelImpl.checkConnect(Native Method)
	at sun.nio.ch.SocketChannelImpl.finishConnect(SocketChannelImpl.java:717)
	at org.apache.hadoop.net.SocketIOWithTimeout.connect(SocketIOWithTimeout.java:206)
	at org.apache.hadoop.net.NetUtils.connect(NetUtils.java:531)
	at org.apache.hadoop.hdfs.DataStreamer.createSocketForPipeline(DataStreamer.java:253)
	at org.apache.hadoop.hdfs.DataStreamer.createBlockOutputStream(DataStreamer.java:1725)
	at org.apache.hadoop.hdfs.DataStreamer.nextBlockOutputStream(DataStreamer.java:1679)
	at org.apache.hadoop.hdfs.DataStreamer.run(DataStreamer.java:716)
2019-03-25 23:41:34,896 WARN  hdfs.DataStreamer DataStreamer.java:nextBlockOutputStream:1683 - Abandoning BP-1700559578-130.127.133.33-1553578543792:blk_1073741964_1142
2019-03-25 23:41:34,929 WARN  hdfs.DataStreamer DataStreamer.java:nextBlockOutputStream:1688 - Excluding datanode DatanodeInfoWithStorage[10.10.1.6:9866,DS-b3d200da-c519-4228-b0ff-8fb7739f954c,DISK]
Found 5 items
-rw-r--r--   3 root supergroup 1073741824 2019-03-25 23:41 /myfile1
-rw-r--r--   3 root supergroup 1073741824 2019-03-25 23:41 /myfile2
-rw-r--r--   3 root supergroup 1073741824 2019-03-25 23:41 /myfile3
-rw-r--r--   3 root supergroup          0 2019-03-25 23:41 /myfile4._COPYING_
-rw-r--r--   3 root supergroup          0 2019-03-25 23:41 /myfile5._COPYING_
file 3 has been put into HDFS
file 3 has been read from HDFS for 1 time
diff succeed!
file 3 has been read from HDFS for 2 time
diff succeed!
file 3 has been read from HDFS for 3 time
diff succeed!
file 3 has been read from HDFS for 4 time
diff succeed!
file 3 has been read from HDFS for 5 time
diff succeed!
file 3 has been read from HDFS for 6 time
diff succeed!
file 3 has been read from HDFS for 7 time
diff succeed!
file 3 has been read from HDFS for 8 time
diff succeed!
file 3 has been read from HDFS for 9 time
diff succeed!
file 3 has been read from HDFS for 10 time
diff succeed!
Deleted /myfile3
file 3 has been removed from HDFS
Found 4 items
-rw-r--r--   3 root supergroup 1073741824 2019-03-25 23:42 /myfile1
-rw-r--r--   3 root supergroup 1073741824 2019-03-25 23:43 /myfile2
-rw-r--r--   3 root supergroup 1073741824 2019-03-25 23:43 /myfile3
-rw-r--r--   3 root supergroup  268435456 2019-03-25 23:43 /myfile4._COPYING_
file 3 has been put into HDFS
file 3 has been read from HDFS for 1 time
diff succeed!
file 3 has been read from HDFS for 2 time
diff succeed!
file 3 has been read from HDFS for 3 time
diff succeed!
file 3 has been read from HDFS for 4 time
diff succeed!
file 3 has been read from HDFS for 5 time
diff succeed!
file 3 has been read from HDFS for 6 time
diff succeed!
file 3 has been read from HDFS for 7 time
diff succeed!
file 3 has been read from HDFS for 8 time
diff succeed!
file 3 has been read from HDFS for 9 time
diff succeed!
file 3 has been read from HDFS for 10 time
diff succeed!
Deleted /myfile3
file 3 has been removed from HDFS
Found 4 items
-rw-r--r--   3 root supergroup 1073741824 2019-03-25 23:44 /myfile1
-rw-r--r--   3 root supergroup 1073741824 2019-03-25 23:44 /myfile2
-rw-r--r--   3 root supergroup 1073741824 2019-03-25 23:45 /myfile3
-rw-r--r--   3 root supergroup 1073741824 2019-03-25 23:44 /myfile4
file 3 has been put into HDFS
file 3 has been read from HDFS for 1 time
diff succeed!
file 3 has been read from HDFS for 2 time
diff succeed!
file 3 has been read from HDFS for 3 time
diff succeed!
file 3 has been read from HDFS for 4 time
diff succeed!
file 3 has been read from HDFS for 5 time
diff succeed!
file 3 has been read from HDFS for 6 time
diff succeed!
file 3 has been read from HDFS for 7 time
diff succeed!
file 3 has been read from HDFS for 8 time
diff succeed!
file 3 has been read from HDFS for 9 time
diff succeed!
file 3 has been read from HDFS for 10 time
diff succeed!
Deleted /myfile3
file 3 has been removed from HDFS
2019-03-25 23:46:38,618 INFO  hdfs.DataStreamer DataStreamer.java:createBlockOutputStream:1789 - Exception in createBlockOutputStream blk_1073742091_1269
java.io.IOException: Got error, status=ERROR, status message , ack with firstBadLink as 10.10.1.6:9866
	at org.apache.hadoop.hdfs.protocol.datatransfer.DataTransferProtoUtil.checkBlockOpStatus(DataTransferProtoUtil.java:134)
	at org.apache.hadoop.hdfs.protocol.datatransfer.DataTransferProtoUtil.checkBlockOpStatus(DataTransferProtoUtil.java:110)
	at org.apache.hadoop.hdfs.DataStreamer.createBlockOutputStream(DataStreamer.java:1778)
	at org.apache.hadoop.hdfs.DataStreamer.nextBlockOutputStream(DataStreamer.java:1679)
	at org.apache.hadoop.hdfs.DataStreamer.run(DataStreamer.java:716)
2019-03-25 23:46:38,625 WARN  hdfs.DataStreamer DataStreamer.java:nextBlockOutputStream:1683 - Abandoning BP-1700559578-130.127.133.33-1553578543792:blk_1073742091_1269
2019-03-25 23:46:38,647 WARN  hdfs.DataStreamer DataStreamer.java:nextBlockOutputStream:1688 - Excluding datanode DatanodeInfoWithStorage[10.10.1.6:9866,DS-b3d200da-c519-4228-b0ff-8fb7739f954c,DISK]
Found 5 items
-rw-r--r--   3 root supergroup 1073741824 2019-03-25 23:45 /myfile1
-rw-r--r--   3 root supergroup 1073741824 2019-03-25 23:46 /myfile2
-rw-r--r--   3 root supergroup 1073741824 2019-03-25 23:46 /myfile3
-rw-r--r--   3 root supergroup 1073741824 2019-03-25 23:46 /myfile4
-rw-r--r--   3 root supergroup  939524096 2019-03-25 23:46 /myfile5._COPYING_
file 3 has been put into HDFS
file 3 has been read from HDFS for 1 time
diff succeed!
file 3 has been read from HDFS for 2 time
diff succeed!
file 3 has been read from HDFS for 3 time
diff succeed!
file 3 has been read from HDFS for 4 time
diff succeed!
file 3 has been read from HDFS for 5 time
diff succeed!
file 3 has been read from HDFS for 6 time
diff succeed!
file 3 has been read from HDFS for 7 time
diff succeed!
file 3 has been read from HDFS for 8 time
diff succeed!
file 3 has been read from HDFS for 9 time
diff succeed!
file 3 has been read from HDFS for 10 time
diff succeed!
Deleted /myfile3
file 3 has been removed from HDFS
Found 5 items
-rw-r--r--   3 root supergroup 1073741824 2019-03-25 23:47 /myfile1
-rw-r--r--   3 root supergroup 1073741824 2019-03-25 23:47 /myfile2
-rw-r--r--   3 root supergroup 1073741824 2019-03-25 23:48 /myfile3
-rw-r--r--   3 root supergroup  939524096 2019-03-25 23:48 /myfile4._COPYING_
-rw-r--r--   3 root supergroup 1073741824 2019-03-25 23:48 /myfile5
file 3 has been put into HDFS
file 3 has been read from HDFS for 1 time
diff succeed!
file 3 has been read from HDFS for 2 time
diff succeed!
file 3 has been read from HDFS for 3 time
diff succeed!
file 3 has been read from HDFS for 4 time
diff succeed!
file 3 has been read from HDFS for 5 time
diff succeed!
file 3 has been read from HDFS for 6 time
diff succeed!
file 3 has been read from HDFS for 7 time
diff succeed!
file 3 has been read from HDFS for 8 time
diff succeed!
file 3 has been read from HDFS for 9 time
diff succeed!
file 3 has been read from HDFS for 10 time
diff succeed!
Deleted /myfile3
file 3 has been removed from HDFS
Found 5 items
-rw-r--r--   3 root supergroup 1073741824 2019-03-25 23:49 /myfile1
-rw-r--r--   3 root supergroup 1073741824 2019-03-25 23:49 /myfile2
-rw-r--r--   3 root supergroup 1073741824 2019-03-25 23:50 /myfile3
-rw-r--r--   3 root supergroup 1073741824 2019-03-25 23:50 /myfile4
-rw-r--r--   3 root supergroup 1073741824 2019-03-25 23:50 /myfile5
file 3 has been put into HDFS
file 3 has been read from HDFS for 1 time
diff succeed!
file 3 has been read from HDFS for 2 time
diff succeed!
file 3 has been read from HDFS for 3 time
diff succeed!
file 3 has been read from HDFS for 4 time
diff succeed!
file 3 has been read from HDFS for 5 time
diff succeed!
file 3 has been read from HDFS for 6 time
diff succeed!
