Found 5 items
-rw-r--r--   3 root supergroup 1073741824 2019-03-25 20:53 /myfile1
-rw-r--r--   3 root supergroup 1073741824 2019-03-25 20:53 /myfile2
-rw-r--r--   3 root supergroup 1073741824 2019-03-25 20:53 /myfile3
-rw-r--r--   3 root supergroup 1073741824 2019-03-25 20:53 /myfile4
-rw-r--r--   3 root supergroup 1073741824 2019-03-25 20:53 /myfile5
file 1 has been put into HDFS
file 1 has been read from HDFS for 1 time
diff succeed!
file 1 has been read from HDFS for 2 time
diff succeed!
file 1 has been read from HDFS for 3 time
diff succeed!
file 1 has been read from HDFS for 4 time
diff succeed!
file 1 has been read from HDFS for 5 time
diff succeed!
file 1 has been read from HDFS for 6 time
diff succeed!
file 1 has been read from HDFS for 7 time
diff succeed!
file 1 has been read from HDFS for 8 time
diff succeed!
file 1 has been read from HDFS for 9 time
diff succeed!
file 1 has been read from HDFS for 10 time
diff succeed!
Deleted /myfile1
file 1 has been removed from HDFS
Found 5 items
-rw-r--r--   3 root supergroup 1073741824 2019-03-25 20:55 /myfile1
-rw-r--r--   3 root supergroup          0 2019-03-25 20:55 /myfile2._COPYING_
-rw-r--r--   3 root supergroup  134217728 2019-03-25 20:55 /myfile3._COPYING_
-rw-r--r--   3 root supergroup 1073741824 2019-03-25 20:55 /myfile4
-rw-r--r--   3 root supergroup 1073741824 2019-03-25 20:55 /myfile5
file 1 has been put into HDFS
file 1 has been read from HDFS for 1 time
diff succeed!
file 1 has been read from HDFS for 2 time
diff succeed!
file 1 has been read from HDFS for 3 time
diff succeed!
file 1 has been read from HDFS for 4 time
diff succeed!
file 1 has been read from HDFS for 5 time
diff succeed!
file 1 has been read from HDFS for 6 time
diff succeed!
file 1 has been read from HDFS for 7 time
diff succeed!
file 1 has been read from HDFS for 8 time
diff succeed!
file 1 has been read from HDFS for 9 time
diff succeed!
file 1 has been read from HDFS for 10 time
diff succeed!
Deleted /myfile1
file 1 has been removed from HDFS
Found 4 items
-rw-r--r--   3 root supergroup 1073741824 2019-03-25 20:57 /myfile1
-rw-r--r--   3 root supergroup  805306368 2019-03-25 20:57 /myfile3._COPYING_
-rw-r--r--   3 root supergroup 1073741824 2019-03-25 20:56 /myfile4
-rw-r--r--   3 root supergroup 1073741824 2019-03-25 20:56 /myfile5
file 1 has been put into HDFS
file 1 has been read from HDFS for 1 time
diff succeed!
file 1 has been read from HDFS for 2 time
diff succeed!
file 1 has been read from HDFS for 3 time
diff succeed!
file 1 has been read from HDFS for 4 time
diff succeed!
file 1 has been read from HDFS for 5 time
diff succeed!
file 1 has been read from HDFS for 6 time
diff succeed!
file 1 has been read from HDFS for 7 time
diff succeed!
file 1 has been read from HDFS for 8 time
diff succeed!
file 1 has been read from HDFS for 9 time
diff succeed!
file 1 has been read from HDFS for 10 time
diff succeed!
2019-03-25 20:58:59,158 INFO  retry.RetryInvocationHandler RetryInvocationHandler.java:log:411 - java.io.EOFException: End of File Exception between local host is: "clnode087.clemson.cloudlab.us/130.127.133.96"; destination host is: "node-1-link-0":8020; : java.io.EOFException; For more details see:  http://wiki.apache.org/hadoop/EOFException, while invoking ClientNamenodeProtocolTranslatorPB.delete over node-1-link-0/10.10.1.4:8020. Trying to failover immediately.
2019-03-25 20:58:59,168 INFO  retry.RetryInvocationHandler RetryInvocationHandler.java:log:411 - org.apache.hadoop.ipc.RemoteException(org.apache.hadoop.ipc.StandbyException): Operation category WRITE is not supported in state standby. Visit https://s.apache.org/sbnn-error
	at org.apache.hadoop.hdfs.server.namenode.ha.StandbyState.checkOperation(StandbyState.java:88)
	at org.apache.hadoop.hdfs.server.namenode.NameNode$NameNodeHAContext.checkOperation(NameNode.java:1952)
	at org.apache.hadoop.hdfs.server.namenode.FSNamesystem.checkOperation(FSNamesystem.java:1423)
	at org.apache.hadoop.hdfs.server.namenode.NameNodeRpcServer.delete(NameNodeRpcServer.java:1087)
	at org.apache.hadoop.hdfs.protocolPB.ClientNamenodeProtocolServerSideTranslatorPB.delete(ClientNamenodeProtocolServerSideTranslatorPB.java:692)
	at org.apache.hadoop.hdfs.protocol.proto.ClientNamenodeProtocolProtos$ClientNamenodeProtocol$2.callBlockingMethod(ClientNamenodeProtocolProtos.java)
	at org.apache.hadoop.ipc.ProtobufRpcEngine$Server$ProtoBufRpcInvoker.call(ProtobufRpcEngine.java:523)
	at org.apache.hadoop.ipc.RPC$Server.call(RPC.java:991)
	at org.apache.hadoop.ipc.Server$RpcCall.run(Server.java:872)
	at org.apache.hadoop.ipc.Server$RpcCall.run(Server.java:818)
	at java.security.AccessController.doPrivileged(Native Method)
	at javax.security.auth.Subject.doAs(Subject.java:422)
	at org.apache.hadoop.security.UserGroupInformation.doAs(UserGroupInformation.java:1729)
	at org.apache.hadoop.ipc.Server$Handler.run(Server.java:2678)
, while invoking ClientNamenodeProtocolTranslatorPB.delete over node-0-link-0/10.10.1.1:8020 after 1 failover attempts. Trying to failover after sleeping for 779ms.
2019-03-25 20:58:59,950 INFO  retry.RetryInvocationHandler RetryInvocationHandler.java:log:411 - java.net.ConnectException: Call From clnode087.clemson.cloudlab.us/130.127.133.96 to node-1-link-0:8020 failed on connection exception: java.net.ConnectException: Connection refused; For more details see:  http://wiki.apache.org/hadoop/ConnectionRefused, while invoking ClientNamenodeProtocolTranslatorPB.delete over node-1-link-0/10.10.1.4:8020 after 2 failover attempts. Trying to failover after sleeping for 2383ms.
Deleted /myfile1
file 1 has been removed from HDFS
2019-03-25 20:59:07,869 INFO  retry.RetryInvocationHandler RetryInvocationHandler.java:log:411 - org.apache.hadoop.ipc.RemoteException(org.apache.hadoop.ipc.RetriableException): org.apache.hadoop.hdfs.server.namenode.SafeModeException: Cannot create file/myfile1._COPYING_. Name node is in safe mode.
The reported blocks 32 has reached the threshold 0.9990 of total blocks 32. The number of live datanodes 4 has reached the minimum number 0. In safe mode extension. Safe mode will be turned off automatically in 4 seconds. NamenodeHostName:node-0-link-0
	at org.apache.hadoop.hdfs.server.namenode.FSNamesystem.checkNameNodeSafeMode(FSNamesystem.java:1441)
	at org.apache.hadoop.hdfs.server.namenode.FSNamesystem.startFileInt(FSNamesystem.java:2401)
	at org.apache.hadoop.hdfs.server.namenode.FSNamesystem.startFile(FSNamesystem.java:2347)
	at org.apache.hadoop.hdfs.server.namenode.NameNodeRpcServer.create(NameNodeRpcServer.java:774)
	at org.apache.hadoop.hdfs.protocolPB.ClientNamenodeProtocolServerSideTranslatorPB.create(ClientNamenodeProtocolServerSideTranslatorPB.java:462)
	at org.apache.hadoop.hdfs.protocol.proto.ClientNamenodeProtocolProtos$ClientNamenodeProtocol$2.callBlockingMethod(ClientNamenodeProtocolProtos.java)
	at org.apache.hadoop.ipc.ProtobufRpcEngine$Server$ProtoBufRpcInvoker.call(ProtobufRpcEngine.java:523)
	at org.apache.hadoop.ipc.RPC$Server.call(RPC.java:991)
	at org.apache.hadoop.ipc.Server$RpcCall.run(Server.java:872)
	at org.apache.hadoop.ipc.Server$RpcCall.run(Server.java:818)
	at java.security.AccessController.doPrivileged(Native Method)
	at javax.security.auth.Subject.doAs(Subject.java:422)
	at org.apache.hadoop.security.UserGroupInformation.doAs(UserGroupInformation.java:1729)
	at org.apache.hadoop.ipc.Server$Handler.run(Server.java:2678)
Caused by: org.apache.hadoop.hdfs.server.namenode.SafeModeException: Cannot create file/myfile1._COPYING_. Name node is in safe mode.
The reported blocks 32 has reached the threshold 0.9990 of total blocks 32. The number of live datanodes 4 has reached the minimum number 0. In safe mode extension. Safe mode will be turned off automatically in 4 seconds. NamenodeHostName:node-0-link-0
	at org.apache.hadoop.hdfs.server.namenode.FSNamesystem.newSafemodeException(FSNamesystem.java:1450)
	at org.apache.hadoop.hdfs.server.namenode.FSNamesystem.checkNameNodeSafeMode(FSNamesystem.java:1437)
	... 13 more
, while invoking ClientNamenodeProtocolTranslatorPB.create over node-0-link-0/10.10.1.1:8020. Retrying immediately.
2019-03-25 20:59:07,876 INFO  retry.RetryInvocationHandler RetryInvocationHandler.java:log:411 - org.apache.hadoop.ipc.RemoteException(org.apache.hadoop.ipc.RetriableException): org.apache.hadoop.hdfs.server.namenode.SafeModeException: Cannot create file/myfile1._COPYING_. Name node is in safe mode.
The reported blocks 32 has reached the threshold 0.9990 of total blocks 32. The number of live datanodes 4 has reached the minimum number 0. In safe mode extension. Safe mode will be turned off automatically in 4 seconds. NamenodeHostName:node-0-link-0
	at org.apache.hadoop.hdfs.server.namenode.FSNamesystem.checkNameNodeSafeMode(FSNamesystem.java:1441)
	at org.apache.hadoop.hdfs.server.namenode.FSNamesystem.startFileInt(FSNamesystem.java:2401)
	at org.apache.hadoop.hdfs.server.namenode.FSNamesystem.startFile(FSNamesystem.java:2347)
	at org.apache.hadoop.hdfs.server.namenode.NameNodeRpcServer.create(NameNodeRpcServer.java:774)
	at org.apache.hadoop.hdfs.protocolPB.ClientNamenodeProtocolServerSideTranslatorPB.create(ClientNamenodeProtocolServerSideTranslatorPB.java:462)
	at org.apache.hadoop.hdfs.protocol.proto.ClientNamenodeProtocolProtos$ClientNamenodeProtocol$2.callBlockingMethod(ClientNamenodeProtocolProtos.java)
	at org.apache.hadoop.ipc.ProtobufRpcEngine$Server$ProtoBufRpcInvoker.call(ProtobufRpcEngine.java:523)
	at org.apache.hadoop.ipc.RPC$Server.call(RPC.java:991)
	at org.apache.hadoop.ipc.Server$RpcCall.run(Server.java:872)
	at org.apache.hadoop.ipc.Server$RpcCall.run(Server.java:818)
	at java.security.AccessController.doPrivileged(Native Method)
	at javax.security.auth.Subject.doAs(Subject.java:422)
	at org.apache.hadoop.security.UserGroupInformation.doAs(UserGroupInformation.java:1729)
	at org.apache.hadoop.ipc.Server$Handler.run(Server.java:2678)
Caused by: org.apache.hadoop.hdfs.server.namenode.SafeModeException: Cannot create file/myfile1._COPYING_. Name node is in safe mode.
The reported blocks 32 has reached the threshold 0.9990 of total blocks 32. The number of live datanodes 4 has reached the minimum number 0. In safe mode extension. Safe mode will be turned off automatically in 4 seconds. NamenodeHostName:node-0-link-0
	at org.apache.hadoop.hdfs.server.namenode.FSNamesystem.newSafemodeException(FSNamesystem.java:1450)
	at org.apache.hadoop.hdfs.server.namenode.FSNamesystem.checkNameNodeSafeMode(FSNamesystem.java:1437)
	... 13 more
, while invoking ClientNamenodeProtocolTranslatorPB.create over node-0-link-0/10.10.1.1:8020. Retrying after sleeping for 1148ms.
2019-03-25 20:59:09,029 INFO  retry.RetryInvocationHandler RetryInvocationHandler.java:log:411 - org.apache.hadoop.ipc.RemoteException(org.apache.hadoop.ipc.RetriableException): org.apache.hadoop.hdfs.server.namenode.SafeModeException: Cannot create file/myfile1._COPYING_. Name node is in safe mode.
The reported blocks 32 has reached the threshold 0.9990 of total blocks 32. The number of live datanodes 4 has reached the minimum number 0. In safe mode extension. Safe mode will be turned off automatically in 3 seconds. NamenodeHostName:node-0-link-0
	at org.apache.hadoop.hdfs.server.namenode.FSNamesystem.checkNameNodeSafeMode(FSNamesystem.java:1441)
	at org.apache.hadoop.hdfs.server.namenode.FSNamesystem.startFileInt(FSNamesystem.java:2401)
	at org.apache.hadoop.hdfs.server.namenode.FSNamesystem.startFile(FSNamesystem.java:2347)
	at org.apache.hadoop.hdfs.server.namenode.NameNodeRpcServer.create(NameNodeRpcServer.java:774)
	at org.apache.hadoop.hdfs.protocolPB.ClientNamenodeProtocolServerSideTranslatorPB.create(ClientNamenodeProtocolServerSideTranslatorPB.java:462)
	at org.apache.hadoop.hdfs.protocol.proto.ClientNamenodeProtocolProtos$ClientNamenodeProtocol$2.callBlockingMethod(ClientNamenodeProtocolProtos.java)
	at org.apache.hadoop.ipc.ProtobufRpcEngine$Server$ProtoBufRpcInvoker.call(ProtobufRpcEngine.java:523)
	at org.apache.hadoop.ipc.RPC$Server.call(RPC.java:991)
	at org.apache.hadoop.ipc.Server$RpcCall.run(Server.java:872)
	at org.apache.hadoop.ipc.Server$RpcCall.run(Server.java:818)
	at java.security.AccessController.doPrivileged(Native Method)
	at javax.security.auth.Subject.doAs(Subject.java:422)
	at org.apache.hadoop.security.UserGroupInformation.doAs(UserGroupInformation.java:1729)
	at org.apache.hadoop.ipc.Server$Handler.run(Server.java:2678)
Caused by: org.apache.hadoop.hdfs.server.namenode.SafeModeException: Cannot create file/myfile1._COPYING_. Name node is in safe mode.
The reported blocks 32 has reached the threshold 0.9990 of total blocks 32. The number of live datanodes 4 has reached the minimum number 0. In safe mode extension. Safe mode will be turned off automatically in 3 seconds. NamenodeHostName:node-0-link-0
	at org.apache.hadoop.hdfs.server.namenode.FSNamesystem.newSafemodeException(FSNamesystem.java:1450)
	at org.apache.hadoop.hdfs.server.namenode.FSNamesystem.checkNameNodeSafeMode(FSNamesystem.java:1437)
	... 13 more
, while invoking ClientNamenodeProtocolTranslatorPB.create over node-0-link-0/10.10.1.1:8020. Retrying after sleeping for 1493ms.
2019-03-25 20:59:10,525 INFO  retry.RetryInvocationHandler RetryInvocationHandler.java:log:411 - org.apache.hadoop.ipc.RemoteException(org.apache.hadoop.ipc.RetriableException): org.apache.hadoop.hdfs.server.namenode.SafeModeException: Cannot create file/myfile1._COPYING_. Name node is in safe mode.
The reported blocks 32 has reached the threshold 0.9990 of total blocks 32. The number of live datanodes 4 has reached the minimum number 0. In safe mode extension. Safe mode will be turned off automatically in 1 seconds. NamenodeHostName:node-0-link-0
	at org.apache.hadoop.hdfs.server.namenode.FSNamesystem.checkNameNodeSafeMode(FSNamesystem.java:1441)
	at org.apache.hadoop.hdfs.server.namenode.FSNamesystem.startFileInt(FSNamesystem.java:2401)
	at org.apache.hadoop.hdfs.server.namenode.FSNamesystem.startFile(FSNamesystem.java:2347)
	at org.apache.hadoop.hdfs.server.namenode.NameNodeRpcServer.create(NameNodeRpcServer.java:774)
	at org.apache.hadoop.hdfs.protocolPB.ClientNamenodeProtocolServerSideTranslatorPB.create(ClientNamenodeProtocolServerSideTranslatorPB.java:462)
	at org.apache.hadoop.hdfs.protocol.proto.ClientNamenodeProtocolProtos$ClientNamenodeProtocol$2.callBlockingMethod(ClientNamenodeProtocolProtos.java)
	at org.apache.hadoop.ipc.ProtobufRpcEngine$Server$ProtoBufRpcInvoker.call(ProtobufRpcEngine.java:523)
	at org.apache.hadoop.ipc.RPC$Server.call(RPC.java:991)
	at org.apache.hadoop.ipc.Server$RpcCall.run(Server.java:872)
	at org.apache.hadoop.ipc.Server$RpcCall.run(Server.java:818)
	at java.security.AccessController.doPrivileged(Native Method)
	at javax.security.auth.Subject.doAs(Subject.java:422)
	at org.apache.hadoop.security.UserGroupInformation.doAs(UserGroupInformation.java:1729)
	at org.apache.hadoop.ipc.Server$Handler.run(Server.java:2678)
Caused by: org.apache.hadoop.hdfs.server.namenode.SafeModeException: Cannot create file/myfile1._COPYING_. Name node is in safe mode.
The reported blocks 32 has reached the threshold 0.9990 of total blocks 32. The number of live datanodes 4 has reached the minimum number 0. In safe mode extension. Safe mode will be turned off automatically in 1 seconds. NamenodeHostName:node-0-link-0
	at org.apache.hadoop.hdfs.server.namenode.FSNamesystem.newSafemodeException(FSNamesystem.java:1450)
	at org.apache.hadoop.hdfs.server.namenode.FSNamesystem.checkNameNodeSafeMode(FSNamesystem.java:1437)
	... 13 more
, while invoking ClientNamenodeProtocolTranslatorPB.create over node-0-link-0/10.10.1.1:8020. Retrying after sleeping for 3817ms.
Found 4 items
-rw-r--r--   3 root supergroup 1073741824 2019-03-25 20:59 /myfile1
-rw-r--r--   3 root supergroup  671088640 2019-03-25 20:59 /myfile2._COPYING_
-rw-r--r--   3 root supergroup 1073741824 2019-03-25 20:58 /myfile4
-rw-r--r--   3 root supergroup 1073741824 2019-03-25 20:58 /myfile5
file 1 has been put into HDFS
file 1 has been read from HDFS for 1 time
diff succeed!
file 1 has been read from HDFS for 2 time
diff succeed!
file 1 has been read from HDFS for 3 time
diff succeed!
file 1 has been read from HDFS for 4 time
diff succeed!
file 1 has been read from HDFS for 5 time
diff succeed!
file 1 has been read from HDFS for 6 time
diff succeed!
file 1 has been read from HDFS for 7 time
diff succeed!
file 1 has been read from HDFS for 8 time
diff succeed!
file 1 has been read from HDFS for 9 time
diff succeed!
file 1 has been read from HDFS for 10 time
diff succeed!
Deleted /myfile1
file 1 has been removed from HDFS
Found 5 items
-rw-r--r--   3 root supergroup 1073741824 2019-03-25 21:00 /myfile1
-rw-r--r--   3 root supergroup 1073741824 2019-03-25 21:00 /myfile2
-rw-r--r--   3 root supergroup 1073741824 2019-03-25 20:59 /myfile3
-rw-r--r--   3 root supergroup 1073741824 2019-03-25 21:00 /myfile4
-rw-r--r--   3 root supergroup 1073741824 2019-03-25 21:00 /myfile5
file 1 has been put into HDFS
file 1 has been read from HDFS for 1 time
diff succeed!
file 1 has been read from HDFS for 2 time
diff succeed!
file 1 has been read from HDFS for 3 time
diff succeed!
file 1 has been read from HDFS for 4 time
diff succeed!
file 1 has been read from HDFS for 5 time
diff succeed!
file 1 has been read from HDFS for 6 time
diff succeed!
file 1 has been read from HDFS for 7 time
diff succeed!
file 1 has been read from HDFS for 8 time
diff succeed!
file 1 has been read from HDFS for 9 time
diff succeed!
file 1 has been read from HDFS for 10 time
diff succeed!
Deleted /myfile1
file 1 has been removed from HDFS
Found 5 items
-rw-r--r--   3 root supergroup 1073741824 2019-03-25 21:02 /myfile1
-rw-r--r--   3 root supergroup 1073741824 2019-03-25 21:02 /myfile2
-rw-r--r--   3 root supergroup 1073741824 2019-03-25 21:01 /myfile3
-rw-r--r--   3 root supergroup 1073741824 2019-03-25 21:02 /myfile4
-rw-r--r--   3 root supergroup 1073741824 2019-03-25 21:01 /myfile5
file 1 has been put into HDFS
file 1 has been read from HDFS for 1 time
diff succeed!
file 1 has been read from HDFS for 2 time
diff succeed!
file 1 has been read from HDFS for 3 time
diff succeed!
file 1 has been read from HDFS for 4 time
diff succeed!
file 1 has been read from HDFS for 5 time
diff succeed!
file 1 has been read from HDFS for 6 time
diff succeed!
file 1 has been read from HDFS for 7 time
diff succeed!
file 1 has been read from HDFS for 8 time
diff succeed!
file 1 has been read from HDFS for 9 time
diff succeed!
file 1 has been read from HDFS for 10 time
diff succeed!
2019-03-25 21:04:50,652 INFO  retry.RetryInvocationHandler RetryInvocationHandler.java:log:411 - org.apache.hadoop.ipc.RemoteException(org.apache.hadoop.ipc.RetriableException): org.apache.hadoop.hdfs.server.namenode.SafeModeException: Cannot delete /myfile1. Name node is in safe mode.
The reported blocks 40 has reached the threshold 0.9990 of total blocks 40. The number of live datanodes 4 has reached the minimum number 0. In safe mode extension. Safe mode will be turned off automatically in 6 seconds. NamenodeHostName:node-0-link-0
	at org.apache.hadoop.hdfs.server.namenode.FSNamesystem.checkNameNodeSafeMode(FSNamesystem.java:1441)
	at org.apache.hadoop.hdfs.server.namenode.FSNamesystem.delete(FSNamesystem.java:2986)
	at org.apache.hadoop.hdfs.server.namenode.NameNodeRpcServer.delete(NameNodeRpcServer.java:1095)
	at org.apache.hadoop.hdfs.protocolPB.ClientNamenodeProtocolServerSideTranslatorPB.delete(ClientNamenodeProtocolServerSideTranslatorPB.java:692)
	at org.apache.hadoop.hdfs.protocol.proto.ClientNamenodeProtocolProtos$ClientNamenodeProtocol$2.callBlockingMethod(ClientNamenodeProtocolProtos.java)
	at org.apache.hadoop.ipc.ProtobufRpcEngine$Server$ProtoBufRpcInvoker.call(ProtobufRpcEngine.java:523)
	at org.apache.hadoop.ipc.RPC$Server.call(RPC.java:991)
	at org.apache.hadoop.ipc.Server$RpcCall.run(Server.java:872)
	at org.apache.hadoop.ipc.Server$RpcCall.run(Server.java:818)
	at java.security.AccessController.doPrivileged(Native Method)
	at javax.security.auth.Subject.doAs(Subject.java:422)
	at org.apache.hadoop.security.UserGroupInformation.doAs(UserGroupInformation.java:1729)
	at org.apache.hadoop.ipc.Server$Handler.run(Server.java:2678)
Caused by: org.apache.hadoop.hdfs.server.namenode.SafeModeException: Cannot delete /myfile1. Name node is in safe mode.
The reported blocks 40 has reached the threshold 0.9990 of total blocks 40. The number of live datanodes 4 has reached the minimum number 0. In safe mode extension. Safe mode will be turned off automatically in 6 seconds. NamenodeHostName:node-0-link-0
	at org.apache.hadoop.hdfs.server.namenode.FSNamesystem.newSafemodeException(FSNamesystem.java:1450)
	at org.apache.hadoop.hdfs.server.namenode.FSNamesystem.checkNameNodeSafeMode(FSNamesystem.java:1437)
	... 12 more
, while invoking ClientNamenodeProtocolTranslatorPB.delete over node-0-link-0/10.10.1.1:8020. Retrying immediately.
2019-03-25 21:04:50,660 INFO  retry.RetryInvocationHandler RetryInvocationHandler.java:log:411 - org.apache.hadoop.ipc.RemoteException(org.apache.hadoop.ipc.RetriableException): org.apache.hadoop.hdfs.server.namenode.SafeModeException: Cannot delete /myfile1. Name node is in safe mode.
The reported blocks 40 has reached the threshold 0.9990 of total blocks 40. The number of live datanodes 4 has reached the minimum number 0. In safe mode extension. Safe mode will be turned off automatically in 6 seconds. NamenodeHostName:node-0-link-0
	at org.apache.hadoop.hdfs.server.namenode.FSNamesystem.checkNameNodeSafeMode(FSNamesystem.java:1441)
	at org.apache.hadoop.hdfs.server.namenode.FSNamesystem.delete(FSNamesystem.java:2986)
	at org.apache.hadoop.hdfs.server.namenode.NameNodeRpcServer.delete(NameNodeRpcServer.java:1095)
	at org.apache.hadoop.hdfs.protocolPB.ClientNamenodeProtocolServerSideTranslatorPB.delete(ClientNamenodeProtocolServerSideTranslatorPB.java:692)
	at org.apache.hadoop.hdfs.protocol.proto.ClientNamenodeProtocolProtos$ClientNamenodeProtocol$2.callBlockingMethod(ClientNamenodeProtocolProtos.java)
	at org.apache.hadoop.ipc.ProtobufRpcEngine$Server$ProtoBufRpcInvoker.call(ProtobufRpcEngine.java:523)
	at org.apache.hadoop.ipc.RPC$Server.call(RPC.java:991)
	at org.apache.hadoop.ipc.Server$RpcCall.run(Server.java:872)
	at org.apache.hadoop.ipc.Server$RpcCall.run(Server.java:818)
	at java.security.AccessController.doPrivileged(Native Method)
	at javax.security.auth.Subject.doAs(Subject.java:422)
	at org.apache.hadoop.security.UserGroupInformation.doAs(UserGroupInformation.java:1729)
	at org.apache.hadoop.ipc.Server$Handler.run(Server.java:2678)
Caused by: org.apache.hadoop.hdfs.server.namenode.SafeModeException: Cannot delete /myfile1. Name node is in safe mode.
The reported blocks 40 has reached the threshold 0.9990 of total blocks 40. The number of live datanodes 4 has reached the minimum number 0. In safe mode extension. Safe mode will be turned off automatically in 6 seconds. NamenodeHostName:node-0-link-0
	at org.apache.hadoop.hdfs.server.namenode.FSNamesystem.newSafemodeException(FSNamesystem.java:1450)
	at org.apache.hadoop.hdfs.server.namenode.FSNamesystem.checkNameNodeSafeMode(FSNamesystem.java:1437)
	... 12 more
, while invoking ClientNamenodeProtocolTranslatorPB.delete over node-0-link-0/10.10.1.1:8020. Retrying after sleeping for 1249ms.
2019-03-25 21:04:51,913 INFO  retry.RetryInvocationHandler RetryInvocationHandler.java:log:411 - org.apache.hadoop.ipc.RemoteException(org.apache.hadoop.ipc.RetriableException): org.apache.hadoop.hdfs.server.namenode.SafeModeException: Cannot delete /myfile1. Name node is in safe mode.
The reported blocks 40 has reached the threshold 0.9990 of total blocks 40. The number of live datanodes 4 has reached the minimum number 0. In safe mode extension. Safe mode will be turned off automatically in 5 seconds. NamenodeHostName:node-0-link-0
	at org.apache.hadoop.hdfs.server.namenode.FSNamesystem.checkNameNodeSafeMode(FSNamesystem.java:1441)
	at org.apache.hadoop.hdfs.server.namenode.FSNamesystem.delete(FSNamesystem.java:2986)
	at org.apache.hadoop.hdfs.server.namenode.NameNodeRpcServer.delete(NameNodeRpcServer.java:1095)
	at org.apache.hadoop.hdfs.protocolPB.ClientNamenodeProtocolServerSideTranslatorPB.delete(ClientNamenodeProtocolServerSideTranslatorPB.java:692)
	at org.apache.hadoop.hdfs.protocol.proto.ClientNamenodeProtocolProtos$ClientNamenodeProtocol$2.callBlockingMethod(ClientNamenodeProtocolProtos.java)
	at org.apache.hadoop.ipc.ProtobufRpcEngine$Server$ProtoBufRpcInvoker.call(ProtobufRpcEngine.java:523)
	at org.apache.hadoop.ipc.RPC$Server.call(RPC.java:991)
	at org.apache.hadoop.ipc.Server$RpcCall.run(Server.java:872)
	at org.apache.hadoop.ipc.Server$RpcCall.run(Server.java:818)
	at java.security.AccessController.doPrivileged(Native Method)
	at javax.security.auth.Subject.doAs(Subject.java:422)
	at org.apache.hadoop.security.UserGroupInformation.doAs(UserGroupInformation.java:1729)
	at org.apache.hadoop.ipc.Server$Handler.run(Server.java:2678)
Caused by: org.apache.hadoop.hdfs.server.namenode.SafeModeException: Cannot delete /myfile1. Name node is in safe mode.
The reported blocks 40 has reached the threshold 0.9990 of total blocks 40. The number of live datanodes 4 has reached the minimum number 0. In safe mode extension. Safe mode will be turned off automatically in 5 seconds. NamenodeHostName:node-0-link-0
	at org.apache.hadoop.hdfs.server.namenode.FSNamesystem.newSafemodeException(FSNamesystem.java:1450)
	at org.apache.hadoop.hdfs.server.namenode.FSNamesystem.checkNameNodeSafeMode(FSNamesystem.java:1437)
	... 12 more
, while invoking ClientNamenodeProtocolTranslatorPB.delete over node-0-link-0/10.10.1.1:8020. Retrying after sleeping for 2466ms.
2019-03-25 21:04:54,383 INFO  retry.RetryInvocationHandler RetryInvocationHandler.java:log:411 - org.apache.hadoop.ipc.RemoteException(org.apache.hadoop.ipc.RetriableException): org.apache.hadoop.hdfs.server.namenode.SafeModeException: Cannot delete /myfile1. Name node is in safe mode.
The reported blocks 40 has reached the threshold 0.9990 of total blocks 40. The number of live datanodes 4 has reached the minimum number 0. In safe mode extension. Safe mode will be turned off automatically in 3 seconds. NamenodeHostName:node-0-link-0
	at org.apache.hadoop.hdfs.server.namenode.FSNamesystem.checkNameNodeSafeMode(FSNamesystem.java:1441)
	at org.apache.hadoop.hdfs.server.namenode.FSNamesystem.delete(FSNamesystem.java:2986)
	at org.apache.hadoop.hdfs.server.namenode.NameNodeRpcServer.delete(NameNodeRpcServer.java:1095)
	at org.apache.hadoop.hdfs.protocolPB.ClientNamenodeProtocolServerSideTranslatorPB.delete(ClientNamenodeProtocolServerSideTranslatorPB.java:692)
	at org.apache.hadoop.hdfs.protocol.proto.ClientNamenodeProtocolProtos$ClientNamenodeProtocol$2.callBlockingMethod(ClientNamenodeProtocolProtos.java)
	at org.apache.hadoop.ipc.ProtobufRpcEngine$Server$ProtoBufRpcInvoker.call(ProtobufRpcEngine.java:523)
	at org.apache.hadoop.ipc.RPC$Server.call(RPC.java:991)
	at org.apache.hadoop.ipc.Server$RpcCall.run(Server.java:872)
	at org.apache.hadoop.ipc.Server$RpcCall.run(Server.java:818)
	at java.security.AccessController.doPrivileged(Native Method)
	at javax.security.auth.Subject.doAs(Subject.java:422)
	at org.apache.hadoop.security.UserGroupInformation.doAs(UserGroupInformation.java:1729)
	at org.apache.hadoop.ipc.Server$Handler.run(Server.java:2678)
Caused by: org.apache.hadoop.hdfs.server.namenode.SafeModeException: Cannot delete /myfile1. Name node is in safe mode.
The reported blocks 40 has reached the threshold 0.9990 of total blocks 40. The number of live datanodes 4 has reached the minimum number 0. In safe mode extension. Safe mode will be turned off automatically in 3 seconds. NamenodeHostName:node-0-link-0
	at org.apache.hadoop.hdfs.server.namenode.FSNamesystem.newSafemodeException(FSNamesystem.java:1450)
	at org.apache.hadoop.hdfs.server.namenode.FSNamesystem.checkNameNodeSafeMode(FSNamesystem.java:1437)
	... 12 more
, while invoking ClientNamenodeProtocolTranslatorPB.delete over node-0-link-0/10.10.1.1:8020. Retrying after sleeping for 2003ms.
2019-03-25 21:04:56,390 INFO  retry.RetryInvocationHandler RetryInvocationHandler.java:log:411 - org.apache.hadoop.ipc.RemoteException(org.apache.hadoop.ipc.RetriableException): org.apache.hadoop.hdfs.server.namenode.SafeModeException: Cannot delete /myfile1. Name node is in safe mode.
The reported blocks 40 has reached the threshold 0.9990 of total blocks 40. The number of live datanodes 4 has reached the minimum number 0. In safe mode extension. Safe mode will be turned off automatically in 1 seconds. NamenodeHostName:node-0-link-0
	at org.apache.hadoop.hdfs.server.namenode.FSNamesystem.checkNameNodeSafeMode(FSNamesystem.java:1441)
	at org.apache.hadoop.hdfs.server.namenode.FSNamesystem.delete(FSNamesystem.java:2986)
	at org.apache.hadoop.hdfs.server.namenode.NameNodeRpcServer.delete(NameNodeRpcServer.java:1095)
	at org.apache.hadoop.hdfs.protocolPB.ClientNamenodeProtocolServerSideTranslatorPB.delete(ClientNamenodeProtocolServerSideTranslatorPB.java:692)
	at org.apache.hadoop.hdfs.protocol.proto.ClientNamenodeProtocolProtos$ClientNamenodeProtocol$2.callBlockingMethod(ClientNamenodeProtocolProtos.java)
	at org.apache.hadoop.ipc.ProtobufRpcEngine$Server$ProtoBufRpcInvoker.call(ProtobufRpcEngine.java:523)
	at org.apache.hadoop.ipc.RPC$Server.call(RPC.java:991)
	at org.apache.hadoop.ipc.Server$RpcCall.run(Server.java:872)
	at org.apache.hadoop.ipc.Server$RpcCall.run(Server.java:818)
	at java.security.AccessController.doPrivileged(Native Method)
	at javax.security.auth.Subject.doAs(Subject.java:422)
	at org.apache.hadoop.security.UserGroupInformation.doAs(UserGroupInformation.java:1729)
	at org.apache.hadoop.ipc.Server$Handler.run(Server.java:2678)
Caused by: org.apache.hadoop.hdfs.server.namenode.SafeModeException: Cannot delete /myfile1. Name node is in safe mode.
The reported blocks 40 has reached the threshold 0.9990 of total blocks 40. The number of live datanodes 4 has reached the minimum number 0. In safe mode extension. Safe mode will be turned off automatically in 1 seconds. NamenodeHostName:node-0-link-0
	at org.apache.hadoop.hdfs.server.namenode.FSNamesystem.newSafemodeException(FSNamesystem.java:1450)
	at org.apache.hadoop.hdfs.server.namenode.FSNamesystem.checkNameNodeSafeMode(FSNamesystem.java:1437)
	... 12 more
, while invoking ClientNamenodeProtocolTranslatorPB.delete over node-0-link-0/10.10.1.1:8020. Retrying after sleeping for 8233ms.
Deleted /myfile1
file 1 has been removed from HDFS
Found 5 items
-rw-r--r--   3 root supergroup 1073741824 2019-03-25 21:05 /myfile1
-rw-r--r--   3 root supergroup 1073741824 2019-03-25 21:04 /myfile2
-rw-r--r--   3 root supergroup 1073741824 2019-03-25 21:03 /myfile3
-rw-r--r--   3 root supergroup 1073741824 2019-03-25 21:05 /myfile4
-rw-r--r--   3 root supergroup 1073741824 2019-03-25 21:03 /myfile5
file 1 has been put into HDFS
file 1 has been read from HDFS for 1 time
diff succeed!
file 1 has been read from HDFS for 2 time
diff succeed!
file 1 has been read from HDFS for 3 time
diff succeed!
file 1 has been read from HDFS for 4 time
diff succeed!
file 1 has been read from HDFS for 5 time
diff succeed!
file 1 has been read from HDFS for 6 time
diff succeed!
file 1 has been read from HDFS for 7 time
diff succeed!
file 1 has been read from HDFS for 8 time
diff succeed!
file 1 has been read from HDFS for 9 time
diff succeed!
file 1 has been read from HDFS for 10 time
diff succeed!
Deleted /myfile1
file 1 has been removed from HDFS
Found 5 items
-rw-r--r--   3 root supergroup 1073741824 2019-03-25 21:06 /myfile1
-rw-r--r--   3 root supergroup 1073741824 2019-03-25 21:05 /myfile2
-rw-r--r--   3 root supergroup 1073741824 2019-03-25 21:05 /myfile3
-rw-r--r--   3 root supergroup 1073741824 2019-03-25 21:06 /myfile4
-rw-r--r--   3 root supergroup 1073741824 2019-03-25 21:05 /myfile5
file 1 has been put into HDFS
file 1 has been read from HDFS for 1 time
diff succeed!
file 1 has been read from HDFS for 2 time
diff succeed!
file 1 has been read from HDFS for 3 time
diff succeed!
file 1 has been read from HDFS for 4 time
diff succeed!
file 1 has been read from HDFS for 5 time
diff succeed!
file 1 has been read from HDFS for 6 time
diff succeed!
file 1 has been read from HDFS for 7 time
diff succeed!
file 1 has been read from HDFS for 8 time
diff succeed!
file 1 has been read from HDFS for 9 time
diff succeed!
file 1 has been read from HDFS for 10 time
diff succeed!
Deleted /myfile1
file 1 has been removed from HDFS
Found 5 items
-rw-r--r--   3 root supergroup 1073741824 2019-03-25 21:08 /myfile1
-rw-r--r--   3 root supergroup 1073741824 2019-03-25 21:07 /myfile2
-rw-r--r--   3 root supergroup 1073741824 2019-03-25 21:07 /myfile3
-rw-r--r--   3 root supergroup 1073741824 2019-03-25 21:08 /myfile4
-rw-r--r--   3 root supergroup 1073741824 2019-03-25 21:07 /myfile5
file 1 has been put into HDFS
file 1 has been read from HDFS for 1 time
diff succeed!
file 1 has been read from HDFS for 2 time
diff succeed!
file 1 has been read from HDFS for 3 time
diff succeed!
file 1 has been read from HDFS for 4 time
diff succeed!
file 1 has been read from HDFS for 5 time
diff succeed!
file 1 has been read from HDFS for 6 time
diff succeed!
file 1 has been read from HDFS for 7 time
diff succeed!
file 1 has been read from HDFS for 8 time
diff succeed!
file 1 has been read from HDFS for 9 time
diff succeed!
file 1 has been read from HDFS for 10 time
diff succeed!
