Found 5 items
-rw-r--r--   3 root supergroup 1073741824 2019-03-20 14:12 /myfile1
-rw-r--r--   3 root supergroup 1073741824 2019-03-20 14:12 /myfile2
-rw-r--r--   3 root supergroup 1073741824 2019-03-20 14:12 /myfile3
-rw-r--r--   3 root supergroup 1073741824 2019-03-20 14:12 /myfile4
-rw-r--r--   3 root supergroup 1073741824 2019-03-20 14:12 /myfile5
file 1 has been put into HDFS
file 1 has been read from HDFS for 1 time
diff succeed!
file 1 has been read from HDFS for 2 time
diff succeed!
file 1 has been read from HDFS for 3 time
diff succeed!
file 1 has been read from HDFS for 4 time
diff succeed!
file 1 has been read from HDFS for 5 time
diff succeed!
file 1 has been read from HDFS for 6 time
diff succeed!
file 1 has been read from HDFS for 7 time
diff succeed!
file 1 has been read from HDFS for 8 time
diff succeed!
file 1 has been read from HDFS for 9 time
diff succeed!
file 1 has been read from HDFS for 10 time
diff succeed!
Deleted /myfile1
file 1 has been removed from HDFS
Found 5 items
-rw-r--r--   3 root supergroup 1073741824 2019-03-20 14:14 /myfile1
-rw-r--r--   3 root supergroup 1073741824 2019-03-20 14:13 /myfile2
-rw-r--r--   3 root supergroup 1073741824 2019-03-20 14:14 /myfile3
-rw-r--r--   3 root supergroup  939524096 2019-03-20 14:14 /myfile4._COPYING_
-rw-r--r--   3 root supergroup  939524096 2019-03-20 14:14 /myfile5._COPYING_
file 1 has been put into HDFS
file 1 has been read from HDFS for 1 time
diff succeed!
file 1 has been read from HDFS for 2 time
diff succeed!
file 1 has been read from HDFS for 3 time
diff succeed!
file 1 has been read from HDFS for 4 time
diff succeed!
file 1 has been read from HDFS for 5 time
diff succeed!
file 1 has been read from HDFS for 6 time
diff succeed!
file 1 has been read from HDFS for 7 time
diff succeed!
file 1 has been read from HDFS for 8 time
diff succeed!
file 1 has been read from HDFS for 9 time
diff succeed!
file 1 has been read from HDFS for 10 time
diff succeed!
Deleted /myfile1
file 1 has been removed from HDFS
Found 5 items
-rw-r--r--   3 root supergroup 1073741824 2019-03-20 14:16 /myfile1
-rw-r--r--   3 root supergroup 1073741824 2019-03-20 14:15 /myfile2
-rw-r--r--   3 root supergroup 1073741824 2019-03-20 14:16 /myfile3
-rw-r--r--   3 root supergroup 1073741824 2019-03-20 14:16 /myfile4
-rw-r--r--   3 root supergroup 1073741824 2019-03-20 14:16 /myfile5
file 1 has been put into HDFS
file 1 has been read from HDFS for 1 time
diff succeed!
file 1 has been read from HDFS for 2 time
diff succeed!
file 1 has been read from HDFS for 3 time
diff succeed!
2019-03-20 14:16:49,955 WARN  impl.BlockReaderFactory BlockReaderFactory.java:getRemoteBlockReaderFromTcp:764 - I/O error constructing remote block reader.
java.net.ConnectException: Connection refused
	at sun.nio.ch.SocketChannelImpl.checkConnect(Native Method)
	at sun.nio.ch.SocketChannelImpl.finishConnect(SocketChannelImpl.java:717)
	at org.apache.hadoop.net.SocketIOWithTimeout.connect(SocketIOWithTimeout.java:206)
	at org.apache.hadoop.net.NetUtils.connect(NetUtils.java:531)
	at org.apache.hadoop.hdfs.DFSClient.newConnectedPeer(DFSClient.java:2924)
	at org.apache.hadoop.hdfs.client.impl.BlockReaderFactory.nextTcpPeer(BlockReaderFactory.java:821)
	at org.apache.hadoop.hdfs.client.impl.BlockReaderFactory.getRemoteBlockReaderFromTcp(BlockReaderFactory.java:746)
	at org.apache.hadoop.hdfs.client.impl.BlockReaderFactory.build(BlockReaderFactory.java:379)
	at org.apache.hadoop.hdfs.DFSInputStream.getBlockReader(DFSInputStream.java:641)
	at org.apache.hadoop.hdfs.DFSInputStream.blockSeekTo(DFSInputStream.java:572)
	at org.apache.hadoop.hdfs.DFSInputStream.seekToBlockSource(DFSInputStream.java:1484)
	at org.apache.hadoop.hdfs.DFSInputStream.readBuffer(DFSInputStream.java:725)
	at org.apache.hadoop.hdfs.DFSInputStream.readWithStrategy(DFSInputStream.java:763)
	at org.apache.hadoop.hdfs.DFSInputStream.read(DFSInputStream.java:820)
	at java.io.DataInputStream.read(DataInputStream.java:100)
	at org.apache.hadoop.io.IOUtils.copyBytes(IOUtils.java:100)
	at org.apache.hadoop.io.IOUtils.copyBytes(IOUtils.java:68)
	at org.apache.hadoop.io.IOUtils.copyBytes(IOUtils.java:129)
	at org.apache.hadoop.fs.shell.CommandWithDestination$TargetFileSystem.writeStreamToFile(CommandWithDestination.java:485)
	at org.apache.hadoop.fs.shell.CommandWithDestination.copyStreamToTarget(CommandWithDestination.java:407)
	at org.apache.hadoop.fs.shell.CommandWithDestination.copyFileToTarget(CommandWithDestination.java:342)
	at org.apache.hadoop.fs.shell.CommandWithDestination.processPath(CommandWithDestination.java:277)
	at org.apache.hadoop.fs.shell.CommandWithDestination.processPath(CommandWithDestination.java:262)
	at org.apache.hadoop.fs.shell.Command.processPaths(Command.java:331)
	at org.apache.hadoop.fs.shell.Command.processPathArgument(Command.java:303)
	at org.apache.hadoop.fs.shell.CommandWithDestination.processPathArgument(CommandWithDestination.java:257)
	at org.apache.hadoop.fs.shell.Command.processArgument(Command.java:285)
	at org.apache.hadoop.fs.shell.Command.processArguments(Command.java:269)
	at org.apache.hadoop.fs.shell.CommandWithDestination.processArguments(CommandWithDestination.java:228)
	at org.apache.hadoop.fs.shell.FsCommand.processRawArguments(FsCommand.java:120)
	at org.apache.hadoop.fs.shell.Command.run(Command.java:176)
	at org.apache.hadoop.fs.FsShell.run(FsShell.java:328)
	at org.apache.hadoop.util.ToolRunner.run(ToolRunner.java:76)
	at org.apache.hadoop.util.ToolRunner.run(ToolRunner.java:90)
	at org.apache.hadoop.fs.FsShell.main(FsShell.java:391)
2019-03-20 14:16:49,966 WARN  hdfs.DFSClient DFSInputStream.java:blockSeekTo:594 - Failed to connect to /10.10.1.6:9866 for block BP-1063951252-130.127.133.21-1553112660095:blk_1073741935_1111, add to deadNodes and continue. 
java.net.ConnectException: Connection refused
	at sun.nio.ch.SocketChannelImpl.checkConnect(Native Method)
	at sun.nio.ch.SocketChannelImpl.finishConnect(SocketChannelImpl.java:717)
	at org.apache.hadoop.net.SocketIOWithTimeout.connect(SocketIOWithTimeout.java:206)
	at org.apache.hadoop.net.NetUtils.connect(NetUtils.java:531)
	at org.apache.hadoop.hdfs.DFSClient.newConnectedPeer(DFSClient.java:2924)
	at org.apache.hadoop.hdfs.client.impl.BlockReaderFactory.nextTcpPeer(BlockReaderFactory.java:821)
	at org.apache.hadoop.hdfs.client.impl.BlockReaderFactory.getRemoteBlockReaderFromTcp(BlockReaderFactory.java:746)
	at org.apache.hadoop.hdfs.client.impl.BlockReaderFactory.build(BlockReaderFactory.java:379)
	at org.apache.hadoop.hdfs.DFSInputStream.getBlockReader(DFSInputStream.java:641)
	at org.apache.hadoop.hdfs.DFSInputStream.blockSeekTo(DFSInputStream.java:572)
	at org.apache.hadoop.hdfs.DFSInputStream.seekToBlockSource(DFSInputStream.java:1484)
	at org.apache.hadoop.hdfs.DFSInputStream.readBuffer(DFSInputStream.java:725)
	at org.apache.hadoop.hdfs.DFSInputStream.readWithStrategy(DFSInputStream.java:763)
	at org.apache.hadoop.hdfs.DFSInputStream.read(DFSInputStream.java:820)
	at java.io.DataInputStream.read(DataInputStream.java:100)
	at org.apache.hadoop.io.IOUtils.copyBytes(IOUtils.java:100)
	at org.apache.hadoop.io.IOUtils.copyBytes(IOUtils.java:68)
	at org.apache.hadoop.io.IOUtils.copyBytes(IOUtils.java:129)
	at org.apache.hadoop.fs.shell.CommandWithDestination$TargetFileSystem.writeStreamToFile(CommandWithDestination.java:485)
	at org.apache.hadoop.fs.shell.CommandWithDestination.copyStreamToTarget(CommandWithDestination.java:407)
	at org.apache.hadoop.fs.shell.CommandWithDestination.copyFileToTarget(CommandWithDestination.java:342)
	at org.apache.hadoop.fs.shell.CommandWithDestination.processPath(CommandWithDestination.java:277)
	at org.apache.hadoop.fs.shell.CommandWithDestination.processPath(CommandWithDestination.java:262)
	at org.apache.hadoop.fs.shell.Command.processPaths(Command.java:331)
	at org.apache.hadoop.fs.shell.Command.processPathArgument(Command.java:303)
	at org.apache.hadoop.fs.shell.CommandWithDestination.processPathArgument(CommandWithDestination.java:257)
	at org.apache.hadoop.fs.shell.Command.processArgument(Command.java:285)
	at org.apache.hadoop.fs.shell.Command.processArguments(Command.java:269)
	at org.apache.hadoop.fs.shell.CommandWithDestination.processArguments(CommandWithDestination.java:228)
	at org.apache.hadoop.fs.shell.FsCommand.processRawArguments(FsCommand.java:120)
	at org.apache.hadoop.fs.shell.Command.run(Command.java:176)
	at org.apache.hadoop.fs.FsShell.run(FsShell.java:328)
	at org.apache.hadoop.util.ToolRunner.run(ToolRunner.java:76)
	at org.apache.hadoop.util.ToolRunner.run(ToolRunner.java:90)
	at org.apache.hadoop.fs.FsShell.main(FsShell.java:391)
2019-03-20 14:16:49,969 INFO  hdfs.DFSClient DFSInputStream.java:blockSeekTo:576 - Successfully connected to /10.10.1.5:9866 for BP-1063951252-130.127.133.21-1553112660095:blk_1073741935_1111
file 1 has been read from HDFS for 4 time
diff succeed!
2019-03-20 14:17:16,652 WARN  impl.BlockReaderFactory BlockReaderFactory.java:getRemoteBlockReaderFromTcp:764 - I/O error constructing remote block reader.
java.io.EOFException: Unexpected EOF while trying to read response from server
	at org.apache.hadoop.hdfs.protocolPB.PBHelperClient.vintPrefixed(PBHelperClient.java:549)
	at org.apache.hadoop.hdfs.client.impl.BlockReaderRemote.newBlockReader(BlockReaderRemote.java:407)
	at org.apache.hadoop.hdfs.client.impl.BlockReaderFactory.getRemoteBlockReader(BlockReaderFactory.java:853)
	at org.apache.hadoop.hdfs.client.impl.BlockReaderFactory.getRemoteBlockReaderFromTcp(BlockReaderFactory.java:749)
	at org.apache.hadoop.hdfs.client.impl.BlockReaderFactory.build(BlockReaderFactory.java:379)
	at org.apache.hadoop.hdfs.DFSInputStream.getBlockReader(DFSInputStream.java:641)
	at org.apache.hadoop.hdfs.DFSInputStream.blockSeekTo(DFSInputStream.java:572)
	at org.apache.hadoop.hdfs.DFSInputStream.readWithStrategy(DFSInputStream.java:754)
	at org.apache.hadoop.hdfs.DFSInputStream.read(DFSInputStream.java:820)
	at java.io.DataInputStream.read(DataInputStream.java:100)
	at org.apache.hadoop.io.IOUtils.copyBytes(IOUtils.java:94)
	at org.apache.hadoop.io.IOUtils.copyBytes(IOUtils.java:68)
	at org.apache.hadoop.io.IOUtils.copyBytes(IOUtils.java:129)
	at org.apache.hadoop.fs.shell.CommandWithDestination$TargetFileSystem.writeStreamToFile(CommandWithDestination.java:485)
	at org.apache.hadoop.fs.shell.CommandWithDestination.copyStreamToTarget(CommandWithDestination.java:407)
	at org.apache.hadoop.fs.shell.CommandWithDestination.copyFileToTarget(CommandWithDestination.java:342)
	at org.apache.hadoop.fs.shell.CommandWithDestination.processPath(CommandWithDestination.java:277)
	at org.apache.hadoop.fs.shell.CommandWithDestination.processPath(CommandWithDestination.java:262)
	at org.apache.hadoop.fs.shell.Command.processPaths(Command.java:331)
	at org.apache.hadoop.fs.shell.Command.processPathArgument(Command.java:303)
	at org.apache.hadoop.fs.shell.CommandWithDestination.processPathArgument(CommandWithDestination.java:257)
	at org.apache.hadoop.fs.shell.Command.processArgument(Command.java:285)
	at org.apache.hadoop.fs.shell.Command.processArguments(Command.java:269)
	at org.apache.hadoop.fs.shell.CommandWithDestination.processArguments(CommandWithDestination.java:228)
	at org.apache.hadoop.fs.shell.FsCommand.processRawArguments(FsCommand.java:120)
	at org.apache.hadoop.fs.shell.Command.run(Command.java:176)
	at org.apache.hadoop.fs.FsShell.run(FsShell.java:328)
	at org.apache.hadoop.util.ToolRunner.run(ToolRunner.java:76)
	at org.apache.hadoop.util.ToolRunner.run(ToolRunner.java:90)
	at org.apache.hadoop.fs.FsShell.main(FsShell.java:391)
2019-03-20 14:17:16,663 WARN  hdfs.DFSClient DFSInputStream.java:blockSeekTo:594 - Failed to connect to /10.10.1.6:9866 for block BP-1063951252-130.127.133.21-1553112660095:blk_1073741918_1094, add to deadNodes and continue. 
java.io.EOFException: Unexpected EOF while trying to read response from server
	at org.apache.hadoop.hdfs.protocolPB.PBHelperClient.vintPrefixed(PBHelperClient.java:549)
	at org.apache.hadoop.hdfs.client.impl.BlockReaderRemote.newBlockReader(BlockReaderRemote.java:407)
	at org.apache.hadoop.hdfs.client.impl.BlockReaderFactory.getRemoteBlockReader(BlockReaderFactory.java:853)
	at org.apache.hadoop.hdfs.client.impl.BlockReaderFactory.getRemoteBlockReaderFromTcp(BlockReaderFactory.java:749)
	at org.apache.hadoop.hdfs.client.impl.BlockReaderFactory.build(BlockReaderFactory.java:379)
	at org.apache.hadoop.hdfs.DFSInputStream.getBlockReader(DFSInputStream.java:641)
	at org.apache.hadoop.hdfs.DFSInputStream.blockSeekTo(DFSInputStream.java:572)
	at org.apache.hadoop.hdfs.DFSInputStream.readWithStrategy(DFSInputStream.java:754)
	at org.apache.hadoop.hdfs.DFSInputStream.read(DFSInputStream.java:820)
	at java.io.DataInputStream.read(DataInputStream.java:100)
	at org.apache.hadoop.io.IOUtils.copyBytes(IOUtils.java:94)
	at org.apache.hadoop.io.IOUtils.copyBytes(IOUtils.java:68)
	at org.apache.hadoop.io.IOUtils.copyBytes(IOUtils.java:129)
	at org.apache.hadoop.fs.shell.CommandWithDestination$TargetFileSystem.writeStreamToFile(CommandWithDestination.java:485)
	at org.apache.hadoop.fs.shell.CommandWithDestination.copyStreamToTarget(CommandWithDestination.java:407)
	at org.apache.hadoop.fs.shell.CommandWithDestination.copyFileToTarget(CommandWithDestination.java:342)
	at org.apache.hadoop.fs.shell.CommandWithDestination.processPath(CommandWithDestination.java:277)
	at org.apache.hadoop.fs.shell.CommandWithDestination.processPath(CommandWithDestination.java:262)
	at org.apache.hadoop.fs.shell.Command.processPaths(Command.java:331)
	at org.apache.hadoop.fs.shell.Command.processPathArgument(Command.java:303)
	at org.apache.hadoop.fs.shell.CommandWithDestination.processPathArgument(CommandWithDestination.java:257)
	at org.apache.hadoop.fs.shell.Command.processArgument(Command.java:285)
	at org.apache.hadoop.fs.shell.Command.processArguments(Command.java:269)
	at org.apache.hadoop.fs.shell.CommandWithDestination.processArguments(CommandWithDestination.java:228)
	at org.apache.hadoop.fs.shell.FsCommand.processRawArguments(FsCommand.java:120)
	at org.apache.hadoop.fs.shell.Command.run(Command.java:176)
	at org.apache.hadoop.fs.FsShell.run(FsShell.java:328)
	at org.apache.hadoop.util.ToolRunner.run(ToolRunner.java:76)
	at org.apache.hadoop.util.ToolRunner.run(ToolRunner.java:90)
	at org.apache.hadoop.fs.FsShell.main(FsShell.java:391)
2019-03-20 14:17:16,678 INFO  hdfs.DFSClient DFSInputStream.java:blockSeekTo:576 - Successfully connected to /10.10.1.5:9866 for BP-1063951252-130.127.133.21-1553112660095:blk_1073741918_1094
file 1 has been read from HDFS for 5 time
diff succeed!
file 1 has been read from HDFS for 6 time
diff succeed!
file 1 has been read from HDFS for 7 time
diff succeed!
file 1 has been read from HDFS for 8 time
diff succeed!
file 1 has been read from HDFS for 9 time
diff succeed!
file 1 has been read from HDFS for 10 time
diff succeed!
Deleted /myfile1
file 1 has been removed from HDFS
Found 5 items
-rw-r--r--   3 root supergroup 1073741824 2019-03-20 14:18 /myfile1
-rw-r--r--   3 root supergroup 1073741824 2019-03-20 14:17 /myfile2
-rw-r--r--   3 root supergroup 1073741824 2019-03-20 14:18 /myfile3
-rw-r--r--   3 root supergroup 1073741824 2019-03-20 14:18 /myfile4
-rw-r--r--   3 root supergroup 1073741824 2019-03-20 14:18 /myfile5
file 1 has been put into HDFS
file 1 has been read from HDFS for 1 time
diff succeed!
file 1 has been read from HDFS for 2 time
diff succeed!
file 1 has been read from HDFS for 3 time
diff succeed!
file 1 has been read from HDFS for 4 time
diff succeed!
file 1 has been read from HDFS for 5 time
diff succeed!
file 1 has been read from HDFS for 6 time
diff succeed!
file 1 has been read from HDFS for 7 time
diff succeed!
file 1 has been read from HDFS for 8 time
diff succeed!
file 1 has been read from HDFS for 9 time
diff succeed!
file 1 has been read from HDFS for 10 time
diff succeed!
Deleted /myfile1
file 1 has been removed from HDFS
Found 5 items
-rw-r--r--   3 root supergroup 1073741824 2019-03-20 14:20 /myfile1
-rw-r--r--   3 root supergroup 1073741824 2019-03-20 14:19 /myfile2
-rw-r--r--   3 root supergroup 1073741824 2019-03-20 14:20 /myfile3._COPYING_
-rw-r--r--   3 root supergroup 1073741824 2019-03-20 14:19 /myfile4
-rw-r--r--   3 root supergroup 1073741824 2019-03-20 14:19 /myfile5
file 1 has been put into HDFS
file 1 has been read from HDFS for 1 time
diff succeed!
file 1 has been read from HDFS for 2 time
diff succeed!
file 1 has been read from HDFS for 3 time
diff succeed!
file 1 has been read from HDFS for 4 time
diff succeed!
file 1 has been read from HDFS for 5 time
diff succeed!
file 1 has been read from HDFS for 6 time
diff succeed!
file 1 has been read from HDFS for 7 time
diff succeed!
file 1 has been read from HDFS for 8 time
diff succeed!
file 1 has been read from HDFS for 9 time
diff succeed!
file 1 has been read from HDFS for 10 time
diff succeed!
Deleted /myfile1
file 1 has been removed from HDFS
Found 5 items
-rw-r--r--   3 root supergroup 1073741824 2019-03-20 14:22 /myfile1
-rw-r--r--   3 root supergroup 1073741824 2019-03-20 14:21 /myfile2
-rw-r--r--   3 root supergroup 1073741824 2019-03-20 14:22 /myfile3
-rw-r--r--   3 root supergroup 1073741824 2019-03-20 14:21 /myfile4
-rw-r--r--   3 root supergroup 1073741824 2019-03-20 14:21 /myfile5
file 1 has been put into HDFS
file 1 has been read from HDFS for 1 time
diff succeed!
file 1 has been read from HDFS for 2 time
diff succeed!
file 1 has been read from HDFS for 3 time
diff succeed!
file 1 has been read from HDFS for 4 time
diff succeed!
file 1 has been read from HDFS for 5 time
diff succeed!
file 1 has been read from HDFS for 6 time
diff succeed!
file 1 has been read from HDFS for 7 time
diff succeed!
file 1 has been read from HDFS for 8 time
diff succeed!
file 1 has been read from HDFS for 9 time
diff succeed!
file 1 has been read from HDFS for 10 time
diff succeed!
Deleted /myfile1
file 1 has been removed from HDFS
Found 5 items
-rw-r--r--   3 root supergroup 1073741824 2019-03-20 14:24 /myfile1
-rw-r--r--   3 root supergroup 1073741824 2019-03-20 14:23 /myfile2
-rw-r--r--   3 root supergroup 1073741824 2019-03-20 14:24 /myfile3
-rw-r--r--   3 root supergroup 1073741824 2019-03-20 14:23 /myfile4
-rw-r--r--   3 root supergroup 1073741824 2019-03-20 14:23 /myfile5
file 1 has been put into HDFS
file 1 has been read from HDFS for 1 time
diff succeed!
file 1 has been read from HDFS for 2 time
diff succeed!
file 1 has been read from HDFS for 3 time
diff succeed!
file 1 has been read from HDFS for 4 time
diff succeed!
file 1 has been read from HDFS for 5 time
diff succeed!
file 1 has been read from HDFS for 6 time
diff succeed!
file 1 has been read from HDFS for 7 time
diff succeed!
file 1 has been read from HDFS for 8 time
diff succeed!
file 1 has been read from HDFS for 9 time
diff succeed!
file 1 has been read from HDFS for 10 time
diff succeed!
Deleted /myfile1
file 1 has been removed from HDFS
Found 5 items
-rw-r--r--   3 root supergroup 1073741824 2019-03-20 14:26 /myfile1
-rw-r--r--   3 root supergroup 1073741824 2019-03-20 14:25 /myfile2
-rw-r--r--   3 root supergroup 1073741824 2019-03-20 14:26 /myfile3
-rw-r--r--   3 root supergroup 1073741824 2019-03-20 14:25 /myfile4
-rw-r--r--   3 root supergroup 1073741824 2019-03-20 14:25 /myfile5
file 1 has been put into HDFS
2019-03-20 14:26:57,691 WARN  impl.BlockReaderFactory BlockReaderFactory.java:getRemoteBlockReaderFromTcp:764 - I/O error constructing remote block reader.
java.io.IOException: Connection reset by peer
	at sun.nio.ch.FileDispatcherImpl.read0(Native Method)
	at sun.nio.ch.SocketDispatcher.read(SocketDispatcher.java:39)
	at sun.nio.ch.IOUtil.readIntoNativeBuffer(IOUtil.java:223)
	at sun.nio.ch.IOUtil.read(IOUtil.java:197)
	at sun.nio.ch.SocketChannelImpl.read(SocketChannelImpl.java:380)
	at org.apache.hadoop.net.SocketInputStream$Reader.performIO(SocketInputStream.java:57)
	at org.apache.hadoop.net.SocketIOWithTimeout.doIO(SocketIOWithTimeout.java:142)
	at org.apache.hadoop.net.SocketInputStream.read(SocketInputStream.java:161)
	at org.apache.hadoop.net.SocketInputStream.read(SocketInputStream.java:131)
	at org.apache.hadoop.net.SocketInputStream.read(SocketInputStream.java:118)
	at java.io.FilterInputStream.read(FilterInputStream.java:83)
	at org.apache.hadoop.hdfs.protocolPB.PBHelperClient.vintPrefixed(PBHelperClient.java:547)
	at org.apache.hadoop.hdfs.client.impl.BlockReaderRemote.newBlockReader(BlockReaderRemote.java:407)
	at org.apache.hadoop.hdfs.client.impl.BlockReaderFactory.getRemoteBlockReader(BlockReaderFactory.java:853)
	at org.apache.hadoop.hdfs.client.impl.BlockReaderFactory.getRemoteBlockReaderFromTcp(BlockReaderFactory.java:749)
	at org.apache.hadoop.hdfs.client.impl.BlockReaderFactory.build(BlockReaderFactory.java:379)
	at org.apache.hadoop.hdfs.DFSInputStream.getBlockReader(DFSInputStream.java:641)
	at org.apache.hadoop.hdfs.DFSInputStream.blockSeekTo(DFSInputStream.java:572)
	at org.apache.hadoop.hdfs.DFSInputStream.readWithStrategy(DFSInputStream.java:754)
	at org.apache.hadoop.hdfs.DFSInputStream.read(DFSInputStream.java:820)
	at java.io.DataInputStream.read(DataInputStream.java:100)
	at org.apache.hadoop.io.IOUtils.copyBytes(IOUtils.java:100)
	at org.apache.hadoop.io.IOUtils.copyBytes(IOUtils.java:68)
	at org.apache.hadoop.io.IOUtils.copyBytes(IOUtils.java:129)
	at org.apache.hadoop.fs.shell.CommandWithDestination$TargetFileSystem.writeStreamToFile(CommandWithDestination.java:485)
	at org.apache.hadoop.fs.shell.CommandWithDestination.copyStreamToTarget(CommandWithDestination.java:407)
	at org.apache.hadoop.fs.shell.CommandWithDestination.copyFileToTarget(CommandWithDestination.java:342)
	at org.apache.hadoop.fs.shell.CommandWithDestination.processPath(CommandWithDestination.java:277)
	at org.apache.hadoop.fs.shell.CommandWithDestination.processPath(CommandWithDestination.java:262)
	at org.apache.hadoop.fs.shell.Command.processPaths(Command.java:331)
	at org.apache.hadoop.fs.shell.Command.processPathArgument(Command.java:303)
	at org.apache.hadoop.fs.shell.CommandWithDestination.processPathArgument(CommandWithDestination.java:257)
	at org.apache.hadoop.fs.shell.Command.processArgument(Command.java:285)
	at org.apache.hadoop.fs.shell.Command.processArguments(Command.java:269)
	at org.apache.hadoop.fs.shell.CommandWithDestination.processArguments(CommandWithDestination.java:228)
	at org.apache.hadoop.fs.shell.FsCommand.processRawArguments(FsCommand.java:120)
	at org.apache.hadoop.fs.shell.Command.run(Command.java:176)
	at org.apache.hadoop.fs.FsShell.run(FsShell.java:328)
	at org.apache.hadoop.util.ToolRunner.run(ToolRunner.java:76)
	at org.apache.hadoop.util.ToolRunner.run(ToolRunner.java:90)
	at org.apache.hadoop.fs.FsShell.main(FsShell.java:391)
2019-03-20 14:26:57,701 WARN  hdfs.DFSClient DFSInputStream.java:blockSeekTo:594 - Failed to connect to /10.10.1.6:9866 for block BP-1063951252-130.127.133.21-1553112660095:blk_1073742138_1314, add to deadNodes and continue. 
java.io.IOException: Connection reset by peer
	at sun.nio.ch.FileDispatcherImpl.read0(Native Method)
	at sun.nio.ch.SocketDispatcher.read(SocketDispatcher.java:39)
	at sun.nio.ch.IOUtil.readIntoNativeBuffer(IOUtil.java:223)
	at sun.nio.ch.IOUtil.read(IOUtil.java:197)
	at sun.nio.ch.SocketChannelImpl.read(SocketChannelImpl.java:380)
	at org.apache.hadoop.net.SocketInputStream$Reader.performIO(SocketInputStream.java:57)
	at org.apache.hadoop.net.SocketIOWithTimeout.doIO(SocketIOWithTimeout.java:142)
	at org.apache.hadoop.net.SocketInputStream.read(SocketInputStream.java:161)
	at org.apache.hadoop.net.SocketInputStream.read(SocketInputStream.java:131)
	at org.apache.hadoop.net.SocketInputStream.read(SocketInputStream.java:118)
	at java.io.FilterInputStream.read(FilterInputStream.java:83)
	at org.apache.hadoop.hdfs.protocolPB.PBHelperClient.vintPrefixed(PBHelperClient.java:547)
	at org.apache.hadoop.hdfs.client.impl.BlockReaderRemote.newBlockReader(BlockReaderRemote.java:407)
	at org.apache.hadoop.hdfs.client.impl.BlockReaderFactory.getRemoteBlockReader(BlockReaderFactory.java:853)
	at org.apache.hadoop.hdfs.client.impl.BlockReaderFactory.getRemoteBlockReaderFromTcp(BlockReaderFactory.java:749)
	at org.apache.hadoop.hdfs.client.impl.BlockReaderFactory.build(BlockReaderFactory.java:379)
	at org.apache.hadoop.hdfs.DFSInputStream.getBlockReader(DFSInputStream.java:641)
	at org.apache.hadoop.hdfs.DFSInputStream.blockSeekTo(DFSInputStream.java:572)
	at org.apache.hadoop.hdfs.DFSInputStream.readWithStrategy(DFSInputStream.java:754)
	at org.apache.hadoop.hdfs.DFSInputStream.read(DFSInputStream.java:820)
	at java.io.DataInputStream.read(DataInputStream.java:100)
	at org.apache.hadoop.io.IOUtils.copyBytes(IOUtils.java:100)
	at org.apache.hadoop.io.IOUtils.copyBytes(IOUtils.java:68)
	at org.apache.hadoop.io.IOUtils.copyBytes(IOUtils.java:129)
	at org.apache.hadoop.fs.shell.CommandWithDestination$TargetFileSystem.writeStreamToFile(CommandWithDestination.java:485)
	at org.apache.hadoop.fs.shell.CommandWithDestination.copyStreamToTarget(CommandWithDestination.java:407)
	at org.apache.hadoop.fs.shell.CommandWithDestination.copyFileToTarget(CommandWithDestination.java:342)
	at org.apache.hadoop.fs.shell.CommandWithDestination.processPath(CommandWithDestination.java:277)
	at org.apache.hadoop.fs.shell.CommandWithDestination.processPath(CommandWithDestination.java:262)
	at org.apache.hadoop.fs.shell.Command.processPaths(Command.java:331)
	at org.apache.hadoop.fs.shell.Command.processPathArgument(Command.java:303)
	at org.apache.hadoop.fs.shell.CommandWithDestination.processPathArgument(CommandWithDestination.java:257)
	at org.apache.hadoop.fs.shell.Command.processArgument(Command.java:285)
	at org.apache.hadoop.fs.shell.Command.processArguments(Command.java:269)
	at org.apache.hadoop.fs.shell.CommandWithDestination.processArguments(CommandWithDestination.java:228)
	at org.apache.hadoop.fs.shell.FsCommand.processRawArguments(FsCommand.java:120)
	at org.apache.hadoop.fs.shell.Command.run(Command.java:176)
	at org.apache.hadoop.fs.FsShell.run(FsShell.java:328)
	at org.apache.hadoop.util.ToolRunner.run(ToolRunner.java:76)
	at org.apache.hadoop.util.ToolRunner.run(ToolRunner.java:90)
	at org.apache.hadoop.fs.FsShell.main(FsShell.java:391)
2019-03-20 14:26:57,704 INFO  hdfs.DFSClient DFSInputStream.java:blockSeekTo:576 - Successfully connected to /10.10.1.3:9866 for BP-1063951252-130.127.133.21-1553112660095:blk_1073742138_1314
file 1 has been read from HDFS for 1 time
diff succeed!
file 1 has been read from HDFS for 2 time
diff succeed!
file 1 has been read from HDFS for 3 time
diff succeed!
file 1 has been read from HDFS for 4 time
diff succeed!
file 1 has been read from HDFS for 5 time
diff succeed!
file 1 has been read from HDFS for 6 time
diff succeed!
file 1 has been read from HDFS for 7 time
diff succeed!
file 1 has been read from HDFS for 8 time
diff succeed!
file 1 has been read from HDFS for 9 time
diff succeed!
file 1 has been read from HDFS for 10 time
diff succeed!
Deleted /myfile1
file 1 has been removed from HDFS
Found 5 items
-rw-r--r--   3 root supergroup 1073741824 2019-03-20 14:28 /myfile1
-rw-r--r--   3 root supergroup 1073741824 2019-03-20 14:28 /myfile2
-rw-r--r--   3 root supergroup  268435456 2019-03-20 14:28 /myfile3._COPYING_
-rw-r--r--   3 root supergroup 1073741824 2019-03-20 14:27 /myfile4
-rw-r--r--   3 root supergroup 1073741824 2019-03-20 14:28 /myfile5
file 1 has been put into HDFS
file 1 has been read from HDFS for 1 time
diff succeed!
file 1 has been read from HDFS for 2 time
diff succeed!
file 1 has been read from HDFS for 3 time
diff succeed!
file 1 has been read from HDFS for 4 time
diff succeed!
file 1 has been read from HDFS for 5 time
diff succeed!
file 1 has been read from HDFS for 6 time
diff succeed!
file 1 has been read from HDFS for 7 time
diff succeed!
file 1 has been read from HDFS for 8 time
diff succeed!
file 1 has been read from HDFS for 9 time
diff succeed!
file 1 has been read from HDFS for 10 time
diff succeed!
Deleted /myfile1
file 1 has been removed from HDFS
Found 5 items
-rw-r--r--   3 root supergroup 1073741824 2019-03-20 14:30 /myfile1
-rw-r--r--   3 root supergroup 1073741824 2019-03-20 14:29 /myfile2
-rw-r--r--   3 root supergroup 1073741824 2019-03-20 14:31 /myfile3
-rw-r--r--   3 root supergroup 1073741824 2019-03-20 14:29 /myfile4
-rw-r--r--   3 root supergroup 1073741824 2019-03-20 14:29 /myfile5
file 1 has been put into HDFS
file 1 has been read from HDFS for 1 time
diff succeed!
file 1 has been read from HDFS for 2 time
diff succeed!
file 1 has been read from HDFS for 3 time
diff succeed!
file 1 has been read from HDFS for 4 time
diff succeed!
file 1 has been read from HDFS for 5 time
diff succeed!
file 1 has been read from HDFS for 6 time
diff succeed!
2019-03-20 14:32:03,478 WARN  impl.BlockReaderFactory BlockReaderFactory.java:getRemoteBlockReaderFromTcp:764 - I/O error constructing remote block reader.
java.net.ConnectException: Connection refused
	at sun.nio.ch.SocketChannelImpl.checkConnect(Native Method)
	at sun.nio.ch.SocketChannelImpl.finishConnect(SocketChannelImpl.java:717)
	at org.apache.hadoop.net.SocketIOWithTimeout.connect(SocketIOWithTimeout.java:206)
	at org.apache.hadoop.net.NetUtils.connect(NetUtils.java:531)
	at org.apache.hadoop.hdfs.DFSClient.newConnectedPeer(DFSClient.java:2924)
	at org.apache.hadoop.hdfs.client.impl.BlockReaderFactory.nextTcpPeer(BlockReaderFactory.java:821)
	at org.apache.hadoop.hdfs.client.impl.BlockReaderFactory.getRemoteBlockReaderFromTcp(BlockReaderFactory.java:746)
	at org.apache.hadoop.hdfs.client.impl.BlockReaderFactory.build(BlockReaderFactory.java:379)
	at org.apache.hadoop.hdfs.DFSInputStream.getBlockReader(DFSInputStream.java:641)
	at org.apache.hadoop.hdfs.DFSInputStream.blockSeekTo(DFSInputStream.java:572)
	at org.apache.hadoop.hdfs.DFSInputStream.readWithStrategy(DFSInputStream.java:754)
	at org.apache.hadoop.hdfs.DFSInputStream.read(DFSInputStream.java:820)
	at java.io.DataInputStream.read(DataInputStream.java:100)
	at org.apache.hadoop.io.IOUtils.copyBytes(IOUtils.java:100)
	at org.apache.hadoop.io.IOUtils.copyBytes(IOUtils.java:68)
	at org.apache.hadoop.io.IOUtils.copyBytes(IOUtils.java:129)
	at org.apache.hadoop.fs.shell.CommandWithDestination$TargetFileSystem.writeStreamToFile(CommandWithDestination.java:485)
	at org.apache.hadoop.fs.shell.CommandWithDestination.copyStreamToTarget(CommandWithDestination.java:407)
	at org.apache.hadoop.fs.shell.CommandWithDestination.copyFileToTarget(CommandWithDestination.java:342)
	at org.apache.hadoop.fs.shell.CommandWithDestination.processPath(CommandWithDestination.java:277)
	at org.apache.hadoop.fs.shell.CommandWithDestination.processPath(CommandWithDestination.java:262)
	at org.apache.hadoop.fs.shell.Command.processPaths(Command.java:331)
	at org.apache.hadoop.fs.shell.Command.processPathArgument(Command.java:303)
	at org.apache.hadoop.fs.shell.CommandWithDestination.processPathArgument(CommandWithDestination.java:257)
	at org.apache.hadoop.fs.shell.Command.processArgument(Command.java:285)
	at org.apache.hadoop.fs.shell.Command.processArguments(Command.java:269)
	at org.apache.hadoop.fs.shell.CommandWithDestination.processArguments(CommandWithDestination.java:228)
	at org.apache.hadoop.fs.shell.FsCommand.processRawArguments(FsCommand.java:120)
	at org.apache.hadoop.fs.shell.Command.run(Command.java:176)
	at org.apache.hadoop.fs.FsShell.run(FsShell.java:328)
	at org.apache.hadoop.util.ToolRunner.run(ToolRunner.java:76)
	at org.apache.hadoop.util.ToolRunner.run(ToolRunner.java:90)
	at org.apache.hadoop.fs.FsShell.main(FsShell.java:391)
2019-03-20 14:32:03,488 WARN  hdfs.DFSClient DFSInputStream.java:blockSeekTo:594 - Failed to connect to /10.10.1.6:9866 for block BP-1063951252-130.127.133.21-1553112660095:blk_1073742212_1388, add to deadNodes and continue. 
java.net.ConnectException: Connection refused
	at sun.nio.ch.SocketChannelImpl.checkConnect(Native Method)
	at sun.nio.ch.SocketChannelImpl.finishConnect(SocketChannelImpl.java:717)
	at org.apache.hadoop.net.SocketIOWithTimeout.connect(SocketIOWithTimeout.java:206)
	at org.apache.hadoop.net.NetUtils.connect(NetUtils.java:531)
	at org.apache.hadoop.hdfs.DFSClient.newConnectedPeer(DFSClient.java:2924)
	at org.apache.hadoop.hdfs.client.impl.BlockReaderFactory.nextTcpPeer(BlockReaderFactory.java:821)
	at org.apache.hadoop.hdfs.client.impl.BlockReaderFactory.getRemoteBlockReaderFromTcp(BlockReaderFactory.java:746)
	at org.apache.hadoop.hdfs.client.impl.BlockReaderFactory.build(BlockReaderFactory.java:379)
	at org.apache.hadoop.hdfs.DFSInputStream.getBlockReader(DFSInputStream.java:641)
	at org.apache.hadoop.hdfs.DFSInputStream.blockSeekTo(DFSInputStream.java:572)
	at org.apache.hadoop.hdfs.DFSInputStream.readWithStrategy(DFSInputStream.java:754)
	at org.apache.hadoop.hdfs.DFSInputStream.read(DFSInputStream.java:820)
	at java.io.DataInputStream.read(DataInputStream.java:100)
	at org.apache.hadoop.io.IOUtils.copyBytes(IOUtils.java:100)
	at org.apache.hadoop.io.IOUtils.copyBytes(IOUtils.java:68)
	at org.apache.hadoop.io.IOUtils.copyBytes(IOUtils.java:129)
	at org.apache.hadoop.fs.shell.CommandWithDestination$TargetFileSystem.writeStreamToFile(CommandWithDestination.java:485)
	at org.apache.hadoop.fs.shell.CommandWithDestination.copyStreamToTarget(CommandWithDestination.java:407)
	at org.apache.hadoop.fs.shell.CommandWithDestination.copyFileToTarget(CommandWithDestination.java:342)
	at org.apache.hadoop.fs.shell.CommandWithDestination.processPath(CommandWithDestination.java:277)
	at org.apache.hadoop.fs.shell.CommandWithDestination.processPath(CommandWithDestination.java:262)
	at org.apache.hadoop.fs.shell.Command.processPaths(Command.java:331)
	at org.apache.hadoop.fs.shell.Command.processPathArgument(Command.java:303)
	at org.apache.hadoop.fs.shell.CommandWithDestination.processPathArgument(CommandWithDestination.java:257)
	at org.apache.hadoop.fs.shell.Command.processArgument(Command.java:285)
	at org.apache.hadoop.fs.shell.Command.processArguments(Command.java:269)
	at org.apache.hadoop.fs.shell.CommandWithDestination.processArguments(CommandWithDestination.java:228)
	at org.apache.hadoop.fs.shell.FsCommand.processRawArguments(FsCommand.java:120)
	at org.apache.hadoop.fs.shell.Command.run(Command.java:176)
	at org.apache.hadoop.fs.FsShell.run(FsShell.java:328)
	at org.apache.hadoop.util.ToolRunner.run(ToolRunner.java:76)
	at org.apache.hadoop.util.ToolRunner.run(ToolRunner.java:90)
	at org.apache.hadoop.fs.FsShell.main(FsShell.java:391)
2019-03-20 14:32:03,490 INFO  hdfs.DFSClient DFSInputStream.java:blockSeekTo:576 - Successfully connected to /10.10.1.2:9866 for BP-1063951252-130.127.133.21-1553112660095:blk_1073742212_1388
file 1 has been read from HDFS for 7 time
diff succeed!
file 1 has been read from HDFS for 8 time
diff succeed!
file 1 has been read from HDFS for 9 time
diff succeed!
file 1 has been read from HDFS for 10 time
diff succeed!
Deleted /myfile1
file 1 has been removed from HDFS
Found 5 items
-rw-r--r--   3 root supergroup 1073741824 2019-03-20 14:33 /myfile1
-rw-r--r--   3 root supergroup 1073741824 2019-03-20 14:31 /myfile2
-rw-r--r--   3 root supergroup 1073741824 2019-03-20 14:32 /myfile3
-rw-r--r--   3 root supergroup 1073741824 2019-03-20 14:32 /myfile4
-rw-r--r--   3 root supergroup 1073741824 2019-03-20 14:31 /myfile5
file 1 has been put into HDFS
file 1 has been read from HDFS for 1 time
diff succeed!
file 1 has been read from HDFS for 2 time
diff succeed!
file 1 has been read from HDFS for 3 time
diff succeed!
file 1 has been read from HDFS for 4 time
diff succeed!
file 1 has been read from HDFS for 5 time
diff succeed!
file 1 has been read from HDFS for 6 time
diff succeed!
file 1 has been read from HDFS for 7 time
diff succeed!
file 1 has been read from HDFS for 8 time
diff succeed!
file 1 has been read from HDFS for 9 time
diff succeed!
file 1 has been read from HDFS for 10 time
diff succeed!
Deleted /myfile1
file 1 has been removed from HDFS
Found 5 items
-rw-r--r--   3 root supergroup 1073741824 2019-03-20 14:35 /myfile1
-rw-r--r--   3 root supergroup 1073741824 2019-03-20 14:33 /myfile2
-rw-r--r--   3 root supergroup 1073741824 2019-03-20 14:34 /myfile3
-rw-r--r--   3 root supergroup 1073741824 2019-03-20 14:34 /myfile4
-rw-r--r--   3 root supergroup 1073741824 2019-03-20 14:34 /myfile5
file 1 has been put into HDFS
file 1 has been read from HDFS for 1 time
diff succeed!
file 1 has been read from HDFS for 2 time
diff succeed!
file 1 has been read from HDFS for 3 time
diff succeed!
file 1 has been read from HDFS for 4 time
diff succeed!
file 1 has been read from HDFS for 5 time
diff succeed!
file 1 has been read from HDFS for 6 time
diff succeed!
file 1 has been read from HDFS for 7 time
diff succeed!
file 1 has been read from HDFS for 8 time
diff succeed!
file 1 has been read from HDFS for 9 time
diff succeed!
file 1 has been read from HDFS for 10 time
diff succeed!
Deleted /myfile1
file 1 has been removed from HDFS
