Found 5 items
-rw-r--r--   3 root supergroup 1073741824 2019-03-30 00:29 /myfile1
-rw-r--r--   3 root supergroup 1073741824 2019-03-30 00:29 /myfile2
-rw-r--r--   3 root supergroup 1073741824 2019-03-30 00:29 /myfile3
-rw-r--r--   3 root supergroup 1073741824 2019-03-30 00:29 /myfile4
-rw-r--r--   3 root supergroup 1073741824 2019-03-30 00:29 /myfile5
file 1 has been put into HDFS
file 1 has been read from HDFS for 1 time
diff succeed!
file 1 has been read from HDFS for 2 time
diff succeed!
file 1 has been read from HDFS for 3 time
diff succeed!
file 1 has been read from HDFS for 4 time
diff succeed!
file 1 has been read from HDFS for 5 time
diff succeed!
file 1 has been read from HDFS for 6 time
diff succeed!
file 1 has been read from HDFS for 7 time
diff succeed!
file 1 has been read from HDFS for 8 time
diff succeed!
file 1 has been read from HDFS for 9 time
diff succeed!
file 1 has been read from HDFS for 10 time
diff succeed!
Deleted /myfile1
file 1 has been removed from HDFS
Found 3 items
-rw-r--r--   3 root supergroup 1073741824 2019-03-30 00:31 /myfile1
-rw-r--r--   3 root supergroup 1073741824 2019-03-30 00:31 /myfile3
-rw-r--r--   3 root supergroup 1073741824 2019-03-30 00:31 /myfile4
file 1 has been put into HDFS
file 1 has been read from HDFS for 1 time
diff succeed!
file 1 has been read from HDFS for 2 time
diff succeed!
file 1 has been read from HDFS for 3 time
diff succeed!
file 1 has been read from HDFS for 4 time
diff succeed!
file 1 has been read from HDFS for 5 time
diff succeed!
file 1 has been read from HDFS for 6 time
diff succeed!
file 1 has been read from HDFS for 7 time
diff succeed!
file 1 has been read from HDFS for 8 time
diff succeed!
file 1 has been read from HDFS for 9 time
diff succeed!
file 1 has been read from HDFS for 10 time
diff succeed!
Deleted /myfile1
file 1 has been removed from HDFS
Found 4 items
-rw-r--r--   3 root supergroup 1073741824 2019-03-30 00:33 /myfile1
-rw-r--r--   3 root supergroup 1073741824 2019-03-30 00:31 /myfile2
-rw-r--r--   3 root supergroup 1073741824 2019-03-30 00:33 /myfile3
-rw-r--r--   3 root supergroup 1073741824 2019-03-30 00:32 /myfile4
file 1 has been put into HDFS
file 1 has been read from HDFS for 1 time
diff succeed!
file 1 has been read from HDFS for 2 time
diff succeed!
file 1 has been read from HDFS for 3 time
diff succeed!
file 1 has been read from HDFS for 4 time
diff succeed!
file 1 has been read from HDFS for 5 time
diff succeed!
file 1 has been read from HDFS for 6 time
diff succeed!
file 1 has been read from HDFS for 7 time
diff succeed!
file 1 has been read from HDFS for 8 time
diff succeed!
file 1 has been read from HDFS for 9 time
diff succeed!
file 1 has been read from HDFS for 10 time
diff succeed!
Deleted /myfile1
file 1 has been removed from HDFS
Found 5 items
-rw-r--r--   3 root supergroup 1073741824 2019-03-30 00:34 /myfile1
-rw-r--r--   3 root supergroup 1073741824 2019-03-30 00:34 /myfile2
-rw-r--r--   3 root supergroup  536870912 2019-03-30 00:34 /myfile3._COPYING_
-rw-r--r--   3 root supergroup 1073741824 2019-03-30 00:34 /myfile4
-rw-r--r--   3 root supergroup 1073741824 2019-03-30 00:33 /myfile5
file 1 has been put into HDFS
file 1 has been read from HDFS for 1 time
diff succeed!
file 1 has been read from HDFS for 2 time
diff succeed!
file 1 has been read from HDFS for 3 time
diff succeed!
file 1 has been read from HDFS for 4 time
diff succeed!
file 1 has been read from HDFS for 5 time
diff succeed!
file 1 has been read from HDFS for 6 time
diff succeed!
file 1 has been read from HDFS for 7 time
diff succeed!
file 1 has been read from HDFS for 8 time
diff succeed!
file 1 has been read from HDFS for 9 time
diff succeed!
file 1 has been read from HDFS for 10 time
diff succeed!
Deleted /myfile1
file 1 has been removed from HDFS
Found 5 items
-rw-r--r--   3 root supergroup 1073741824 2019-03-30 00:36 /myfile1
-rw-r--r--   3 root supergroup 1073741824 2019-03-30 00:35 /myfile2
-rw-r--r--   3 root supergroup 1073741824 2019-03-30 00:36 /myfile3
-rw-r--r--   3 root supergroup 1073741824 2019-03-30 00:36 /myfile4
-rw-r--r--   3 root supergroup 1073741824 2019-03-30 00:35 /myfile5
file 1 has been put into HDFS
file 1 has been read from HDFS for 1 time
diff succeed!
file 1 has been read from HDFS for 2 time
diff succeed!
file 1 has been read from HDFS for 3 time
diff succeed!
file 1 has been read from HDFS for 4 time
diff succeed!
file 1 has been read from HDFS for 5 time
diff succeed!
file 1 has been read from HDFS for 6 time
diff succeed!
file 1 has been read from HDFS for 7 time
diff succeed!
file 1 has been read from HDFS for 8 time
diff succeed!
file 1 has been read from HDFS for 9 time
diff succeed!
file 1 has been read from HDFS for 10 time
diff succeed!
Deleted /myfile1
file 1 has been removed from HDFS
Found 5 items
-rw-r--r--   3 root supergroup 1073741824 2019-03-30 00:38 /myfile1
-rw-r--r--   3 root supergroup 1073741824 2019-03-30 00:37 /myfile2
-rw-r--r--   3 root supergroup 1073741824 2019-03-30 00:38 /myfile3
-rw-r--r--   3 root supergroup 1073741824 2019-03-30 00:38 /myfile4
-rw-r--r--   3 root supergroup 1073741824 2019-03-30 00:37 /myfile5
file 1 has been put into HDFS
file 1 has been read from HDFS for 1 time
diff succeed!
file 1 has been read from HDFS for 2 time
diff succeed!
file 1 has been read from HDFS for 3 time
diff succeed!
file 1 has been read from HDFS for 4 time
diff succeed!
file 1 has been read from HDFS for 5 time
diff succeed!
file 1 has been read from HDFS for 6 time
diff succeed!
file 1 has been read from HDFS for 7 time
diff succeed!
file 1 has been read from HDFS for 8 time
diff succeed!
file 1 has been read from HDFS for 9 time
diff succeed!
file 1 has been read from HDFS for 10 time
diff succeed!
Deleted /myfile1
file 1 has been removed from HDFS
2019-03-30 00:40:02,496 WARN  hdfs.DataStreamer DataStreamer.java:run:1196 - Exception for BP-2104494813-130.127.133.33-1553927348337:blk_1073742086_1262
java.io.IOException: Connection reset by peer
	at sun.nio.ch.FileDispatcherImpl.read0(Native Method)
	at sun.nio.ch.SocketDispatcher.read(SocketDispatcher.java:39)
	at sun.nio.ch.IOUtil.readIntoNativeBuffer(IOUtil.java:223)
	at sun.nio.ch.IOUtil.read(IOUtil.java:197)
	at sun.nio.ch.SocketChannelImpl.read(SocketChannelImpl.java:380)
	at org.apache.hadoop.net.SocketInputStream$Reader.performIO(SocketInputStream.java:57)
	at org.apache.hadoop.net.SocketIOWithTimeout.doIO(SocketIOWithTimeout.java:142)
	at org.apache.hadoop.net.SocketInputStream.read(SocketInputStream.java:161)
	at org.apache.hadoop.net.SocketInputStream.read(SocketInputStream.java:131)
	at org.apache.hadoop.net.SocketInputStream.read(SocketInputStream.java:118)
	at java.io.FilterInputStream.read(FilterInputStream.java:83)
	at java.io.FilterInputStream.read(FilterInputStream.java:83)
	at org.apache.hadoop.hdfs.protocolPB.PBHelperClient.vintPrefixed(PBHelperClient.java:547)
	at org.apache.hadoop.hdfs.protocol.datatransfer.PipelineAck.readFields(PipelineAck.java:213)
	at org.apache.hadoop.hdfs.DataStreamer$ResponseProcessor.run(DataStreamer.java:1086)
2019-03-30 00:40:02,502 WARN  hdfs.DataStreamer DataStreamer.java:handleBadDatanode:1571 - Error Recovery for BP-2104494813-130.127.133.33-1553927348337:blk_1073742086_1262 in pipeline [DatanodeInfoWithStorage[10.10.1.6:9866,DS-cd74db7a-7278-4bab-bf52-c675132da98c,DISK], DatanodeInfoWithStorage[10.10.1.3:9866,DS-4010e2f8-ecf3-4371-9ffd-25e61d4cb948,DISK], DatanodeInfoWithStorage[10.10.1.5:9866,DS-216b4a08-be03-44e4-bc0b-0155233ee77e,DISK]]: datanode 0(DatanodeInfoWithStorage[10.10.1.6:9866,DS-cd74db7a-7278-4bab-bf52-c675132da98c,DISK]) is bad.
2019-03-30 00:40:02,690 INFO  hdfs.DataStreamer DataStreamer.java:createBlockOutputStream:1789 - Exception in createBlockOutputStream blk_1073742087_1264
java.io.IOException: Got error, status=ERROR, status message , ack with firstBadLink as 10.10.1.6:9866
	at org.apache.hadoop.hdfs.protocol.datatransfer.DataTransferProtoUtil.checkBlockOpStatus(DataTransferProtoUtil.java:134)
	at org.apache.hadoop.hdfs.protocol.datatransfer.DataTransferProtoUtil.checkBlockOpStatus(DataTransferProtoUtil.java:110)
	at org.apache.hadoop.hdfs.DataStreamer.createBlockOutputStream(DataStreamer.java:1778)
	at org.apache.hadoop.hdfs.DataStreamer.nextBlockOutputStream(DataStreamer.java:1679)
	at org.apache.hadoop.hdfs.DataStreamer.run(DataStreamer.java:716)
2019-03-30 00:40:02,690 WARN  hdfs.DataStreamer DataStreamer.java:nextBlockOutputStream:1683 - Abandoning BP-2104494813-130.127.133.33-1553927348337:blk_1073742087_1264
2019-03-30 00:40:02,716 WARN  hdfs.DataStreamer DataStreamer.java:nextBlockOutputStream:1688 - Excluding datanode DatanodeInfoWithStorage[10.10.1.6:9866,DS-cd74db7a-7278-4bab-bf52-c675132da98c,DISK]
Found 5 items
-rw-r--r--   3 root supergroup 1073741824 2019-03-30 00:39 /myfile1
-rw-r--r--   3 root supergroup 1073741824 2019-03-30 00:39 /myfile2
-rw-r--r--   3 root supergroup 1073741824 2019-03-30 00:39 /myfile3
-rw-r--r--   3 root supergroup 1073741824 2019-03-30 00:39 /myfile4
-rw-r--r--   3 root supergroup 1073741824 2019-03-30 00:39 /myfile5
file 1 has been put into HDFS
file 1 has been read from HDFS for 1 time
diff succeed!
file 1 has been read from HDFS for 2 time
diff succeed!
file 1 has been read from HDFS for 3 time
diff succeed!
file 1 has been read from HDFS for 4 time
diff succeed!
file 1 has been read from HDFS for 5 time
diff succeed!
file 1 has been read from HDFS for 6 time
diff succeed!
file 1 has been read from HDFS for 7 time
diff succeed!
file 1 has been read from HDFS for 8 time
diff succeed!
file 1 has been read from HDFS for 9 time
diff succeed!
file 1 has been read from HDFS for 10 time
diff succeed!
Deleted /myfile1
file 1 has been removed from HDFS
Found 5 items
-rw-r--r--   3 root supergroup 1073741824 2019-03-30 00:41 /myfile1
-rw-r--r--   3 root supergroup 1073741824 2019-03-30 00:40 /myfile2
-rw-r--r--   3 root supergroup 1073741824 2019-03-30 00:41 /myfile3
-rw-r--r--   3 root supergroup 1073741824 2019-03-30 00:41 /myfile4
-rw-r--r--   3 root supergroup 1073741824 2019-03-30 00:40 /myfile5
file 1 has been put into HDFS
file 1 has been read from HDFS for 1 time
diff succeed!
file 1 has been read from HDFS for 2 time
diff succeed!
file 1 has been read from HDFS for 3 time
diff succeed!
file 1 has been read from HDFS for 4 time
diff succeed!
file 1 has been read from HDFS for 5 time
diff succeed!
file 1 has been read from HDFS for 6 time
diff succeed!
file 1 has been read from HDFS for 7 time
diff succeed!
file 1 has been read from HDFS for 8 time
diff succeed!
file 1 has been read from HDFS for 9 time
diff succeed!
file 1 has been read from HDFS for 10 time
diff succeed!
Deleted /myfile1
file 1 has been removed from HDFS
Found 5 items
-rw-r--r--   3 root supergroup 1073741824 2019-03-30 00:43 /myfile1
-rw-r--r--   3 root supergroup 1073741824 2019-03-30 00:42 /myfile2
-rw-r--r--   3 root supergroup 1073741824 2019-03-30 00:43 /myfile3
-rw-r--r--   3 root supergroup 1073741824 2019-03-30 00:43 /myfile4
-rw-r--r--   3 root supergroup 1073741824 2019-03-30 00:42 /myfile5
file 1 has been put into HDFS
file 1 has been read from HDFS for 1 time
diff succeed!
file 1 has been read from HDFS for 2 time
diff succeed!
file 1 has been read from HDFS for 3 time
diff succeed!
file 1 has been read from HDFS for 4 time
diff succeed!
file 1 has been read from HDFS for 5 time
diff succeed!
file 1 has been read from HDFS for 6 time
diff succeed!
file 1 has been read from HDFS for 7 time
diff succeed!
file 1 has been read from HDFS for 8 time
diff succeed!
file 1 has been read from HDFS for 9 time
diff succeed!
file 1 has been read from HDFS for 10 time
diff succeed!
