Found 5 items
-rw-r--r--   3 root supergroup 1073741824 2019-03-25 14:57 /myfile1
-rw-r--r--   3 root supergroup 1073741824 2019-03-25 14:57 /myfile2
-rw-r--r--   3 root supergroup 1073741824 2019-03-25 14:57 /myfile3
-rw-r--r--   3 root supergroup 1073741824 2019-03-25 14:57 /myfile4
-rw-r--r--   3 root supergroup 1073741824 2019-03-25 14:57 /myfile5
file 2 has been put into HDFS
file 2 has been read from HDFS for 1 time
diff succeed!
file 2 has been read from HDFS for 2 time
diff succeed!
file 2 has been read from HDFS for 3 time
diff succeed!
file 2 has been read from HDFS for 4 time
diff succeed!
file 2 has been read from HDFS for 5 time
diff succeed!
file 2 has been read from HDFS for 6 time
diff succeed!
file 2 has been read from HDFS for 7 time
diff succeed!
file 2 has been read from HDFS for 8 time
diff succeed!
file 2 has been read from HDFS for 9 time
diff succeed!
file 2 has been read from HDFS for 10 time
diff succeed!
Deleted /myfile2
file 2 has been removed from HDFS
Found 5 items
-rw-r--r--   3 root supergroup 1073741824 2019-03-25 14:59 /myfile1
-rw-r--r--   3 root supergroup 1073741824 2019-03-25 14:59 /myfile2
-rw-r--r--   3 root supergroup 1073741824 2019-03-25 14:59 /myfile3
-rw-r--r--   3 root supergroup 1073741824 2019-03-25 14:59 /myfile4
-rw-r--r--   3 root supergroup 1073741824 2019-03-25 14:59 /myfile5
file 2 has been put into HDFS
file 2 has been read from HDFS for 1 time
diff succeed!
file 2 has been read from HDFS for 2 time
diff succeed!
file 2 has been read from HDFS for 3 time
diff succeed!
file 2 has been read from HDFS for 4 time
diff succeed!
file 2 has been read from HDFS for 5 time
diff succeed!
file 2 has been read from HDFS for 6 time
diff succeed!
file 2 has been read from HDFS for 7 time
diff succeed!
file 2 has been read from HDFS for 8 time
diff succeed!
file 2 has been read from HDFS for 9 time
diff succeed!
file 2 has been read from HDFS for 10 time
diff succeed!
Deleted /myfile2
file 2 has been removed from HDFS
Found 5 items
-rw-r--r--   3 root supergroup 1073741824 2019-03-25 15:01 /myfile1
-rw-r--r--   3 root supergroup 1073741824 2019-03-25 15:01 /myfile2
-rw-r--r--   3 root supergroup 1073741824 2019-03-25 15:01 /myfile3
-rw-r--r--   3 root supergroup 1073741824 2019-03-25 15:01 /myfile4
-rw-r--r--   3 root supergroup 1073741824 2019-03-25 15:01 /myfile5
file 2 has been put into HDFS
file 2 has been read from HDFS for 1 time
diff succeed!
file 2 has been read from HDFS for 2 time
diff succeed!
file 2 has been read from HDFS for 3 time
diff succeed!
file 2 has been read from HDFS for 4 time
diff succeed!
file 2 has been read from HDFS for 5 time
diff succeed!
file 2 has been read from HDFS for 6 time
diff succeed!
file 2 has been read from HDFS for 7 time
diff succeed!
file 2 has been read from HDFS for 8 time
diff succeed!
file 2 has been read from HDFS for 9 time
diff succeed!
file 2 has been read from HDFS for 10 time
diff succeed!
Deleted /myfile2
file 2 has been removed from HDFS
Found 5 items
-rw-r--r--   3 root supergroup 1073741824 2019-03-25 15:03 /myfile1
-rw-r--r--   3 root supergroup 1073741824 2019-03-25 15:03 /myfile2
-rw-r--r--   3 root supergroup 1073741824 2019-03-25 15:02 /myfile3
-rw-r--r--   3 root supergroup 1073741824 2019-03-25 15:02 /myfile4
-rw-r--r--   3 root supergroup 1073741824 2019-03-25 15:02 /myfile5
file 2 has been put into HDFS
file 2 has been read from HDFS for 1 time
diff succeed!
file 2 has been read from HDFS for 2 time
diff succeed!
file 2 has been read from HDFS for 3 time
diff succeed!
file 2 has been read from HDFS for 4 time
diff succeed!
file 2 has been read from HDFS for 5 time
diff succeed!
file 2 has been read from HDFS for 6 time
diff succeed!
file 2 has been read from HDFS for 7 time
diff succeed!
file 2 has been read from HDFS for 8 time
diff succeed!
file 2 has been read from HDFS for 9 time
diff succeed!
file 2 has been read from HDFS for 10 time
diff succeed!
Deleted /myfile2
file 2 has been removed from HDFS
Found 5 items
-rw-r--r--   3 root supergroup 1073741824 2019-03-25 15:05 /myfile1
-rw-r--r--   3 root supergroup 1073741824 2019-03-25 15:05 /myfile2
-rw-r--r--   3 root supergroup 1073741824 2019-03-25 15:04 /myfile3
-rw-r--r--   3 root supergroup 1073741824 2019-03-25 15:04 /myfile4
-rw-r--r--   3 root supergroup 1073741824 2019-03-25 15:04 /myfile5
file 2 has been put into HDFS
file 2 has been read from HDFS for 1 time
diff succeed!
file 2 has been read from HDFS for 2 time
diff succeed!
file 2 has been read from HDFS for 3 time
diff succeed!
file 2 has been read from HDFS for 4 time
diff succeed!
file 2 has been read from HDFS for 5 time
diff succeed!
file 2 has been read from HDFS for 6 time
diff succeed!
file 2 has been read from HDFS for 7 time
diff succeed!
file 2 has been read from HDFS for 8 time
diff succeed!
file 2 has been read from HDFS for 9 time
diff succeed!
file 2 has been read from HDFS for 10 time
diff succeed!
Deleted /myfile2
file 2 has been removed from HDFS
Found 5 items
-rw-r--r--   3 root supergroup 1073741824 2019-03-25 15:06 /myfile1
-rw-r--r--   3 root supergroup 1073741824 2019-03-25 15:06 /myfile2
-rw-r--r--   3 root supergroup 1073741824 2019-03-25 15:05 /myfile3
-rw-r--r--   3 root supergroup 1073741824 2019-03-25 15:05 /myfile4
-rw-r--r--   3 root supergroup 1073741824 2019-03-25 15:05 /myfile5
file 2 has been put into HDFS
file 2 has been read from HDFS for 1 time
diff succeed!
file 2 has been read from HDFS for 2 time
diff succeed!
file 2 has been read from HDFS for 3 time
diff succeed!
file 2 has been read from HDFS for 4 time
diff succeed!
file 2 has been read from HDFS for 5 time
diff succeed!
file 2 has been read from HDFS for 6 time
diff succeed!
file 2 has been read from HDFS for 7 time
diff succeed!
file 2 has been read from HDFS for 8 time
diff succeed!
file 2 has been read from HDFS for 9 time
diff succeed!
file 2 has been read from HDFS for 10 time
diff succeed!
Deleted /myfile2
file 2 has been removed from HDFS
Found 5 items
-rw-r--r--   3 root supergroup 1073741824 2019-03-25 15:08 /myfile1
-rw-r--r--   3 root supergroup 1073741824 2019-03-25 15:08 /myfile2
-rw-r--r--   3 root supergroup 1073741824 2019-03-25 15:07 /myfile3
-rw-r--r--   3 root supergroup 1073741824 2019-03-25 15:07 /myfile4
-rw-r--r--   3 root supergroup 1073741824 2019-03-25 15:07 /myfile5
file 2 has been put into HDFS
file 2 has been read from HDFS for 1 time
diff succeed!
file 2 has been read from HDFS for 2 time
diff succeed!
file 2 has been read from HDFS for 3 time
diff succeed!
file 2 has been read from HDFS for 4 time
diff succeed!
file 2 has been read from HDFS for 5 time
diff succeed!
file 2 has been read from HDFS for 6 time
diff succeed!
file 2 has been read from HDFS for 7 time
diff succeed!
file 2 has been read from HDFS for 8 time
diff succeed!
file 2 has been read from HDFS for 9 time
diff succeed!
file 2 has been read from HDFS for 10 time
diff succeed!
Deleted /myfile2
file 2 has been removed from HDFS
Found 5 items
-rw-r--r--   3 root supergroup 1073741824 2019-03-25 15:10 /myfile1
-rw-r--r--   3 root supergroup 1073741824 2019-03-25 15:10 /myfile2
-rw-r--r--   3 root supergroup 1073741824 2019-03-25 15:09 /myfile3
-rw-r--r--   3 root supergroup 1073741824 2019-03-25 15:09 /myfile4
-rw-r--r--   3 root supergroup 1073741824 2019-03-25 15:09 /myfile5
file 2 has been put into HDFS
file 2 has been read from HDFS for 1 time
diff succeed!
file 2 has been read from HDFS for 2 time
diff succeed!
file 2 has been read from HDFS for 3 time
diff succeed!
file 2 has been read from HDFS for 4 time
diff succeed!
file 2 has been read from HDFS for 5 time
diff succeed!
file 2 has been read from HDFS for 6 time
diff succeed!
file 2 has been read from HDFS for 7 time
diff succeed!
file 2 has been read from HDFS for 8 time
diff succeed!
file 2 has been read from HDFS for 9 time
diff succeed!
file 2 has been read from HDFS for 10 time
diff succeed!
Deleted /myfile2
file 2 has been removed from HDFS
Found 5 items
-rw-r--r--   3 root supergroup 1073741824 2019-03-25 15:11 /myfile1
-rw-r--r--   3 root supergroup 1073741824 2019-03-25 15:11 /myfile2
-rw-r--r--   3 root supergroup 1073741824 2019-03-25 15:11 /myfile3
-rw-r--r--   3 root supergroup 1073741824 2019-03-25 15:11 /myfile4
-rw-r--r--   3 root supergroup 1073741824 2019-03-25 15:11 /myfile5
file 2 has been put into HDFS
file 2 has been read from HDFS for 1 time
diff succeed!
file 2 has been read from HDFS for 2 time
diff succeed!
file 2 has been read from HDFS for 3 time
diff succeed!
file 2 has been read from HDFS for 4 time
diff succeed!
file 2 has been read from HDFS for 5 time
diff succeed!
file 2 has been read from HDFS for 6 time
diff succeed!
file 2 has been read from HDFS for 7 time
diff succeed!
