Found 5 items
-rw-r--r--   3 root supergroup 1073741824 2019-03-26 07:34 /myfile1
-rw-r--r--   3 root supergroup 1073741824 2019-03-26 07:34 /myfile2
-rw-r--r--   3 root supergroup 1073741824 2019-03-26 07:34 /myfile3
-rw-r--r--   3 root supergroup 1073741824 2019-03-26 07:34 /myfile4
-rw-r--r--   3 root supergroup 1073741824 2019-03-26 07:34 /myfile5
file 4 has been put into HDFS
file 4 has been read from HDFS for 1 time
diff succeed!
file 4 has been read from HDFS for 2 time
diff succeed!
file 4 has been read from HDFS for 3 time
diff succeed!
file 4 has been read from HDFS for 4 time
diff succeed!
file 4 has been read from HDFS for 5 time
diff succeed!
file 4 has been read from HDFS for 6 time
diff succeed!
file 4 has been read from HDFS for 7 time
diff succeed!
file 4 has been read from HDFS for 8 time
diff succeed!
file 4 has been read from HDFS for 9 time
diff succeed!
file 4 has been read from HDFS for 10 time
diff succeed!
Deleted /myfile4
file 4 has been removed from HDFS
Found 5 items
-rw-r--r--   3 root supergroup 1073741824 2019-03-26 07:34 /myfile1
-rw-r--r--   3 root supergroup 1073741824 2019-03-26 07:34 /myfile2
-rw-r--r--   3 root supergroup 1073741824 2019-03-26 07:36 /myfile3
-rw-r--r--   3 root supergroup 1073741824 2019-03-26 07:36 /myfile4
-rw-r--r--   3 root supergroup 1073741824 2019-03-26 07:34 /myfile5
file 4 has been put into HDFS
file 4 has been read from HDFS for 1 time
diff succeed!
file 4 has been read from HDFS for 2 time
diff succeed!
file 4 has been read from HDFS for 3 time
diff succeed!
file 4 has been read from HDFS for 4 time
diff succeed!
file 4 has been read from HDFS for 5 time
diff succeed!
file 4 has been read from HDFS for 6 time
diff succeed!
file 4 has been read from HDFS for 7 time
diff succeed!
file 4 has been read from HDFS for 8 time
diff succeed!
file 4 has been read from HDFS for 9 time
diff succeed!
file 4 has been read from HDFS for 10 time
diff succeed!
Deleted /myfile4
file 4 has been removed from HDFS
Found 5 items
-rw-r--r--   3 root supergroup 1073741824 2019-03-26 07:36 /myfile1
-rw-r--r--   3 root supergroup 1073741824 2019-03-26 07:36 /myfile2
-rw-r--r--   3 root supergroup 1073741824 2019-03-26 07:37 /myfile3
-rw-r--r--   3 root supergroup 1073741824 2019-03-26 07:37 /myfile4
-rw-r--r--   3 root supergroup 1073741824 2019-03-26 07:36 /myfile5
file 4 has been put into HDFS
file 4 has been read from HDFS for 1 time
diff succeed!
file 4 has been read from HDFS for 2 time
diff succeed!
file 4 has been read from HDFS for 3 time
diff succeed!
file 4 has been read from HDFS for 4 time
diff succeed!
file 4 has been read from HDFS for 5 time
diff succeed!
file 4 has been read from HDFS for 6 time
diff succeed!
file 4 has been read from HDFS for 7 time
diff succeed!
file 4 has been read from HDFS for 8 time
diff succeed!
file 4 has been read from HDFS for 9 time
diff succeed!
file 4 has been read from HDFS for 10 time
diff succeed!
Deleted /myfile4
file 4 has been removed from HDFS
Found 5 items
-rw-r--r--   3 root supergroup 1073741824 2019-03-26 07:38 /myfile1
-rw-r--r--   3 root supergroup 1073741824 2019-03-26 07:38 /myfile2
-rw-r--r--   3 root supergroup 1073741824 2019-03-26 07:39 /myfile3
-rw-r--r--   3 root supergroup 1073741824 2019-03-26 07:39 /myfile4
-rw-r--r--   3 root supergroup 1073741824 2019-03-26 07:38 /myfile5
file 4 has been put into HDFS
file 4 has been read from HDFS for 1 time
diff succeed!
file 4 has been read from HDFS for 2 time
diff succeed!
file 4 has been read from HDFS for 3 time
diff succeed!
file 4 has been read from HDFS for 4 time
diff succeed!
file 4 has been read from HDFS for 5 time
diff succeed!
file 4 has been read from HDFS for 6 time
diff succeed!
file 4 has been read from HDFS for 7 time
diff succeed!
file 4 has been read from HDFS for 8 time
diff succeed!
file 4 has been read from HDFS for 9 time
diff succeed!
file 4 has been read from HDFS for 10 time
diff succeed!
Deleted /myfile4
file 4 has been removed from HDFS
Found 5 items
-rw-r--r--   3 root supergroup 1073741824 2019-03-26 07:40 /myfile1
-rw-r--r--   3 root supergroup 1073741824 2019-03-26 07:40 /myfile2
-rw-r--r--   3 root supergroup 1073741824 2019-03-26 07:40 /myfile3
-rw-r--r--   3 root supergroup 1073741824 2019-03-26 07:40 /myfile4
-rw-r--r--   3 root supergroup 1073741824 2019-03-26 07:40 /myfile5
file 4 has been put into HDFS
file 4 has been read from HDFS for 1 time
diff succeed!
file 4 has been read from HDFS for 2 time
diff succeed!
file 4 has been read from HDFS for 3 time
diff succeed!
file 4 has been read from HDFS for 4 time
diff succeed!
file 4 has been read from HDFS for 5 time
diff succeed!
file 4 has been read from HDFS for 6 time
diff succeed!
file 4 has been read from HDFS for 7 time
diff succeed!
file 4 has been read from HDFS for 8 time
diff succeed!
file 4 has been read from HDFS for 9 time
diff succeed!
file 4 has been read from HDFS for 10 time
diff succeed!
Deleted /myfile4
file 4 has been removed from HDFS
Found 5 items
-rw-r--r--   3 root supergroup 1073741824 2019-03-26 07:41 /myfile1
-rw-r--r--   3 root supergroup 1073741824 2019-03-26 07:41 /myfile2
-rw-r--r--   3 root supergroup 1073741824 2019-03-26 07:42 /myfile3
-rw-r--r--   3 root supergroup 1073741824 2019-03-26 07:42 /myfile4
-rw-r--r--   3 root supergroup 1073741824 2019-03-26 07:41 /myfile5
file 4 has been put into HDFS
file 4 has been read from HDFS for 1 time
diff succeed!
file 4 has been read from HDFS for 2 time
diff succeed!
file 4 has been read from HDFS for 3 time
diff succeed!
file 4 has been read from HDFS for 4 time
diff succeed!
file 4 has been read from HDFS for 5 time
diff succeed!
file 4 has been read from HDFS for 6 time
diff succeed!
file 4 has been read from HDFS for 7 time
diff succeed!
file 4 has been read from HDFS for 8 time
diff succeed!
file 4 has been read from HDFS for 9 time
diff succeed!
file 4 has been read from HDFS for 10 time
diff succeed!
Deleted /myfile4
file 4 has been removed from HDFS
Found 5 items
-rw-r--r--   3 root supergroup 1073741824 2019-03-26 07:44 /myfile1
-rw-r--r--   3 root supergroup 1073741824 2019-03-26 07:43 /myfile2
-rw-r--r--   3 root supergroup 1073741824 2019-03-26 07:44 /myfile3
-rw-r--r--   3 root supergroup 1073741824 2019-03-26 07:44 /myfile4
-rw-r--r--   3 root supergroup 1073741824 2019-03-26 07:44 /myfile5
file 4 has been put into HDFS
file 4 has been read from HDFS for 1 time
diff succeed!
file 4 has been read from HDFS for 2 time
diff succeed!
file 4 has been read from HDFS for 3 time
diff succeed!
file 4 has been read from HDFS for 4 time
diff succeed!
file 4 has been read from HDFS for 5 time
diff succeed!
file 4 has been read from HDFS for 6 time
diff succeed!
file 4 has been read from HDFS for 7 time
diff succeed!
file 4 has been read from HDFS for 8 time
diff succeed!
file 4 has been read from HDFS for 9 time
diff succeed!
file 4 has been read from HDFS for 10 time
diff succeed!
Deleted /myfile4
file 4 has been removed from HDFS
Found 5 items
-rw-r--r--   3 root supergroup 1073741824 2019-03-26 07:46 /myfile1
-rw-r--r--   3 root supergroup 1073741824 2019-03-26 07:45 /myfile2
-rw-r--r--   3 root supergroup 1073741824 2019-03-26 07:46 /myfile3
-rw-r--r--   3 root supergroup 1073741824 2019-03-26 07:46 /myfile4
-rw-r--r--   3 root supergroup 1073741824 2019-03-26 07:46 /myfile5
file 4 has been put into HDFS
file 4 has been read from HDFS for 1 time
diff succeed!
file 4 has been read from HDFS for 2 time
diff succeed!
file 4 has been read from HDFS for 3 time
diff succeed!
file 4 has been read from HDFS for 4 time
diff succeed!
file 4 has been read from HDFS for 5 time
diff succeed!
file 4 has been read from HDFS for 6 time
diff succeed!
file 4 has been read from HDFS for 7 time
diff succeed!
file 4 has been read from HDFS for 8 time
diff succeed!
file 4 has been read from HDFS for 9 time
diff succeed!
file 4 has been read from HDFS for 10 time
diff succeed!
Deleted /myfile4
file 4 has been removed from HDFS
Found 5 items
-rw-r--r--   3 root supergroup 1073741824 2019-03-26 07:47 /myfile1
-rw-r--r--   3 root supergroup 1073741824 2019-03-26 07:47 /myfile2
-rw-r--r--   3 root supergroup 1073741824 2019-03-26 07:48 /myfile3
-rw-r--r--   3 root supergroup 1073741824 2019-03-26 07:48 /myfile4
-rw-r--r--   3 root supergroup 1073741824 2019-03-26 07:47 /myfile5
file 4 has been put into HDFS
file 4 has been read from HDFS for 1 time
diff succeed!
file 4 has been read from HDFS for 2 time
diff succeed!
file 4 has been read from HDFS for 3 time
diff succeed!
file 4 has been read from HDFS for 4 time
diff succeed!
file 4 has been read from HDFS for 5 time
diff succeed!
file 4 has been read from HDFS for 6 time
diff succeed!
file 4 has been read from HDFS for 7 time
diff succeed!
file 4 has been read from HDFS for 8 time
diff succeed!
file 4 has been read from HDFS for 9 time
diff succeed!
