Found 5 items
-rw-r--r--   3 root supergroup 1073741824 2019-03-26 02:40 /myfile1
-rw-r--r--   3 root supergroup 1073741824 2019-03-26 02:40 /myfile2
-rw-r--r--   3 root supergroup 1073741824 2019-03-26 02:40 /myfile3
-rw-r--r--   3 root supergroup 1073741824 2019-03-26 02:40 /myfile4
-rw-r--r--   3 root supergroup 1073741824 2019-03-26 02:40 /myfile5
file 3 has been put into HDFS
file 3 has been read from HDFS for 1 time
diff succeed!
file 3 has been read from HDFS for 2 time
diff succeed!
file 3 has been read from HDFS for 3 time
diff succeed!
file 3 has been read from HDFS for 4 time
diff succeed!
file 3 has been read from HDFS for 5 time
diff succeed!
file 3 has been read from HDFS for 6 time
diff succeed!
file 3 has been read from HDFS for 7 time
diff succeed!
file 3 has been read from HDFS for 8 time
diff succeed!
file 3 has been read from HDFS for 9 time
diff succeed!
file 3 has been read from HDFS for 10 time
diff succeed!
Deleted /myfile3
file 3 has been removed from HDFS
Found 4 items
-rw-r--r--   3 root supergroup          0 2019-03-26 02:41 /myfile2._COPYING_
-rw-r--r--   3 root supergroup 1073741824 2019-03-26 02:41 /myfile3
-rw-r--r--   3 root supergroup 1073741824 2019-03-26 02:40 /myfile4
-rw-r--r--   3 root supergroup 1073741824 2019-03-26 02:41 /myfile5
file 3 has been put into HDFS
file 3 has been read from HDFS for 1 time
diff succeed!
file 3 has been read from HDFS for 2 time
diff succeed!
file 3 has been read from HDFS for 3 time
diff succeed!
file 3 has been read from HDFS for 4 time
diff succeed!
file 3 has been read from HDFS for 5 time
diff succeed!
file 3 has been read from HDFS for 6 time
diff succeed!
file 3 has been read from HDFS for 7 time
diff succeed!
file 3 has been read from HDFS for 8 time
diff succeed!
file 3 has been read from HDFS for 9 time
diff succeed!
file 3 has been read from HDFS for 10 time
diff succeed!
Deleted /myfile3
file 3 has been removed from HDFS
Found 4 items
-rw-r--r--   3 root supergroup 1073741824 2019-03-26 02:42 /myfile1
-rw-r--r--   3 root supergroup 1073741824 2019-03-26 02:43 /myfile3
-rw-r--r--   3 root supergroup 1073741824 2019-03-26 02:42 /myfile4
-rw-r--r--   3 root supergroup 1073741824 2019-03-26 02:43 /myfile5
file 3 has been put into HDFS
file 3 has been read from HDFS for 1 time
diff succeed!
file 3 has been read from HDFS for 2 time
diff succeed!
file 3 has been read from HDFS for 3 time
diff succeed!
file 3 has been read from HDFS for 4 time
diff succeed!
file 3 has been read from HDFS for 5 time
diff succeed!
file 3 has been read from HDFS for 6 time
diff succeed!
file 3 has been read from HDFS for 7 time
diff succeed!
file 3 has been read from HDFS for 8 time
diff succeed!
file 3 has been read from HDFS for 9 time
diff succeed!
file 3 has been read from HDFS for 10 time
diff succeed!
Deleted /myfile3
file 3 has been removed from HDFS
2019-03-26 02:44:56,206 INFO  hdfs.DataStreamer DataStreamer.java:createBlockOutputStream:1789 - Exception in createBlockOutputStream blk_1073741947_1123
java.io.IOException: Got error, status=ERROR, status message , ack with firstBadLink as 10.10.1.6:9866
	at org.apache.hadoop.hdfs.protocol.datatransfer.DataTransferProtoUtil.checkBlockOpStatus(DataTransferProtoUtil.java:134)
	at org.apache.hadoop.hdfs.protocol.datatransfer.DataTransferProtoUtil.checkBlockOpStatus(DataTransferProtoUtil.java:110)
	at org.apache.hadoop.hdfs.DataStreamer.createBlockOutputStream(DataStreamer.java:1778)
	at org.apache.hadoop.hdfs.DataStreamer.nextBlockOutputStream(DataStreamer.java:1679)
	at org.apache.hadoop.hdfs.DataStreamer.run(DataStreamer.java:716)
2019-03-26 02:44:56,212 WARN  hdfs.DataStreamer DataStreamer.java:nextBlockOutputStream:1683 - Abandoning BP-2398142-130.127.133.21-1553589545517:blk_1073741947_1123
2019-03-26 02:44:56,237 WARN  hdfs.DataStreamer DataStreamer.java:nextBlockOutputStream:1688 - Excluding datanode DatanodeInfoWithStorage[10.10.1.6:9866,DS-b1c95d53-06d5-4052-b097-5c20d20705d0,DISK]
Found 5 items
-rw-r--r--   3 root supergroup 1073741824 2019-03-26 02:43 /myfile1
-rw-r--r--   3 root supergroup 1073741824 2019-03-26 02:43 /myfile2
-rw-r--r--   3 root supergroup 1073741824 2019-03-26 02:45 /myfile3
-rw-r--r--   3 root supergroup 1073741824 2019-03-26 02:43 /myfile4
-rw-r--r--   3 root supergroup 1073741824 2019-03-26 02:43 /myfile5
file 3 has been put into HDFS
file 3 has been read from HDFS for 1 time
diff succeed!
file 3 has been read from HDFS for 2 time
diff succeed!
file 3 has been read from HDFS for 3 time
diff succeed!
file 3 has been read from HDFS for 4 time
diff succeed!
file 3 has been read from HDFS for 5 time
diff succeed!
file 3 has been read from HDFS for 6 time
diff succeed!
file 3 has been read from HDFS for 7 time
diff succeed!
file 3 has been read from HDFS for 8 time
diff succeed!
file 3 has been read from HDFS for 9 time
diff succeed!
file 3 has been read from HDFS for 10 time
diff succeed!
Deleted /myfile3
file 3 has been removed from HDFS
Found 5 items
-rw-r--r--   3 root supergroup 1073741824 2019-03-26 02:45 /myfile1
-rw-r--r--   3 root supergroup 1073741824 2019-03-26 02:45 /myfile2
-rw-r--r--   3 root supergroup 1073741824 2019-03-26 02:46 /myfile3
-rw-r--r--   3 root supergroup 1073741824 2019-03-26 02:45 /myfile4
-rw-r--r--   3 root supergroup 1073741824 2019-03-26 02:45 /myfile5
file 3 has been put into HDFS
file 3 has been read from HDFS for 1 time
diff succeed!
file 3 has been read from HDFS for 2 time
diff succeed!
file 3 has been read from HDFS for 3 time
diff succeed!
file 3 has been read from HDFS for 4 time
diff succeed!
file 3 has been read from HDFS for 5 time
diff succeed!
file 3 has been read from HDFS for 6 time
diff succeed!
file 3 has been read from HDFS for 7 time
diff succeed!
file 3 has been read from HDFS for 8 time
diff succeed!
file 3 has been read from HDFS for 9 time
diff succeed!
file 3 has been read from HDFS for 10 time
diff succeed!
Deleted /myfile3
file 3 has been removed from HDFS
Found 5 items
-rw-r--r--   3 root supergroup 1073741824 2019-03-26 02:46 /myfile1
-rw-r--r--   3 root supergroup 1073741824 2019-03-26 02:47 /myfile2
-rw-r--r--   3 root supergroup 1073741824 2019-03-26 02:48 /myfile3
-rw-r--r--   3 root supergroup 1073741824 2019-03-26 02:47 /myfile4
-rw-r--r--   3 root supergroup  671088640 2019-03-26 02:48 /myfile5._COPYING_
file 3 has been put into HDFS
file 3 has been read from HDFS for 1 time
diff succeed!
file 3 has been read from HDFS for 2 time
diff succeed!
file 3 has been read from HDFS for 3 time
diff succeed!
file 3 has been read from HDFS for 4 time
diff succeed!
file 3 has been read from HDFS for 5 time
diff succeed!
file 3 has been read from HDFS for 6 time
diff succeed!
file 3 has been read from HDFS for 7 time
diff succeed!
file 3 has been read from HDFS for 8 time
diff succeed!
file 3 has been read from HDFS for 9 time
diff succeed!
file 3 has been read from HDFS for 10 time
diff succeed!
Deleted /myfile3
file 3 has been removed from HDFS
Found 4 items
-rw-r--r--   3 root supergroup 1073741824 2019-03-26 02:49 /myfile2
-rw-r--r--   3 root supergroup 1073741824 2019-03-26 02:49 /myfile3
-rw-r--r--   3 root supergroup 1073741824 2019-03-26 02:49 /myfile4
-rw-r--r--   3 root supergroup 1073741824 2019-03-26 02:49 /myfile5
file 3 has been put into HDFS
file 3 has been read from HDFS for 1 time
diff succeed!
file 3 has been read from HDFS for 2 time
diff succeed!
file 3 has been read from HDFS for 3 time
diff succeed!
file 3 has been read from HDFS for 4 time
diff succeed!
file 3 has been read from HDFS for 5 time
diff succeed!
file 3 has been read from HDFS for 6 time
diff succeed!
file 3 has been read from HDFS for 7 time
diff succeed!
file 3 has been read from HDFS for 8 time
diff succeed!
file 3 has been read from HDFS for 9 time
diff succeed!
file 3 has been read from HDFS for 10 time
diff succeed!
Deleted /myfile3
file 3 has been removed from HDFS
Found 5 items
-rw-r--r--   3 root supergroup 1073741824 2019-03-26 02:51 /myfile1
-rw-r--r--   3 root supergroup 1073741824 2019-03-26 02:50 /myfile2
-rw-r--r--   3 root supergroup 1073741824 2019-03-26 02:51 /myfile3
-rw-r--r--   3 root supergroup 1073741824 2019-03-26 02:50 /myfile4
-rw-r--r--   3 root supergroup 1073741824 2019-03-26 02:51 /myfile5
file 3 has been put into HDFS
file 3 has been read from HDFS for 1 time
diff succeed!
file 3 has been read from HDFS for 2 time
diff succeed!
file 3 has been read from HDFS for 3 time
diff succeed!
file 3 has been read from HDFS for 4 time
diff succeed!
file 3 has been read from HDFS for 5 time
diff succeed!
file 3 has been read from HDFS for 6 time
diff succeed!
file 3 has been read from HDFS for 7 time
diff succeed!
file 3 has been read from HDFS for 8 time
diff succeed!
file 3 has been read from HDFS for 9 time
diff succeed!
file 3 has been read from HDFS for 10 time
diff succeed!
Deleted /myfile3
file 3 has been removed from HDFS
Found 5 items
-rw-r--r--   3 root supergroup 1073741824 2019-03-26 02:53 /myfile1
-rw-r--r--   3 root supergroup 1073741824 2019-03-26 02:52 /myfile2
-rw-r--r--   3 root supergroup 1073741824 2019-03-26 02:53 /myfile3
-rw-r--r--   3 root supergroup 1073741824 2019-03-26 02:52 /myfile4
-rw-r--r--   3 root supergroup 1073741824 2019-03-26 02:53 /myfile5
file 3 has been put into HDFS
file 3 has been read from HDFS for 1 time
diff succeed!
file 3 has been read from HDFS for 2 time
diff succeed!
file 3 has been read from HDFS for 3 time
diff succeed!
file 3 has been read from HDFS for 4 time
diff succeed!
file 3 has been read from HDFS for 5 time
diff succeed!
file 3 has been read from HDFS for 6 time
diff succeed!
file 3 has been read from HDFS for 7 time
diff succeed!
file 3 has been read from HDFS for 8 time
diff succeed!
file 3 has been read from HDFS for 9 time
diff succeed!
file 3 has been read from HDFS for 10 time
diff succeed!
Deleted /myfile3
file 3 has been removed from HDFS
