Found 5 items
-rw-r--r--   3 root supergroup 1073741824 2019-03-26 02:42 /myfile1
-rw-r--r--   3 root supergroup 1073741824 2019-03-26 02:42 /myfile2
-rw-r--r--   3 root supergroup 1073741824 2019-03-26 02:42 /myfile3
-rw-r--r--   3 root supergroup 1073741824 2019-03-26 02:42 /myfile4
-rw-r--r--   3 root supergroup 1073741824 2019-03-26 02:42 /myfile5
file 4 has been put into HDFS
file 4 has been read from HDFS for 1 time
diff succeed!
file 4 has been read from HDFS for 2 time
diff succeed!
file 4 has been read from HDFS for 3 time
diff succeed!
file 4 has been read from HDFS for 4 time
diff succeed!
file 4 has been read from HDFS for 5 time
diff succeed!
file 4 has been read from HDFS for 6 time
diff succeed!
file 4 has been read from HDFS for 7 time
diff succeed!
file 4 has been read from HDFS for 8 time
diff succeed!
file 4 has been read from HDFS for 9 time
diff succeed!
file 4 has been read from HDFS for 10 time
diff succeed!
Deleted /myfile4
file 4 has been removed from HDFS
Found 5 items
-rw-r--r--   3 root supergroup 1073741824 2019-03-26 02:44 /myfile1
-rw-r--r--   3 root supergroup 1073741824 2019-03-26 02:44 /myfile2
-rw-r--r--   3 root supergroup 1073741824 2019-03-26 02:44 /myfile3
-rw-r--r--   3 root supergroup 1073741824 2019-03-26 02:44 /myfile4
-rw-r--r--   3 root supergroup 1073741824 2019-03-26 02:44 /myfile5
file 4 has been put into HDFS
file 4 has been read from HDFS for 1 time
diff succeed!
file 4 has been read from HDFS for 2 time
diff succeed!
file 4 has been read from HDFS for 3 time
diff succeed!
file 4 has been read from HDFS for 4 time
diff succeed!
file 4 has been read from HDFS for 5 time
diff succeed!
file 4 has been read from HDFS for 6 time
diff succeed!
file 4 has been read from HDFS for 7 time
diff succeed!
file 4 has been read from HDFS for 8 time
diff succeed!
file 4 has been read from HDFS for 9 time
diff succeed!
file 4 has been read from HDFS for 10 time
diff succeed!
Deleted /myfile4
file 4 has been removed from HDFS
Found 5 items
-rw-r--r--   3 root supergroup 1073741824 2019-03-26 02:46 /myfile1
-rw-r--r--   3 root supergroup 1073741824 2019-03-26 02:45 /myfile2
-rw-r--r--   3 root supergroup 1073741824 2019-03-26 02:45 /myfile3
-rw-r--r--   3 root supergroup 1073741824 2019-03-26 02:46 /myfile4
-rw-r--r--   3 root supergroup 1073741824 2019-03-26 02:46 /myfile5
file 4 has been put into HDFS
file 4 has been read from HDFS for 1 time
diff succeed!
file 4 has been read from HDFS for 2 time
diff succeed!
file 4 has been read from HDFS for 3 time
diff succeed!
2019-03-26 02:47:26,636 INFO  retry.RetryInvocationHandler RetryInvocationHandler.java:log:411 - java.net.ConnectException: Call From clnode051.clemson.cloudlab.us/130.127.133.60 to node-1-link-0:8020 failed on connection exception: java.net.ConnectException: Connection refused; For more details see:  http://wiki.apache.org/hadoop/ConnectionRefused, while invoking ClientNamenodeProtocolTranslatorPB.getFileInfo over node-1-link-0/10.10.1.4:8020 after 1 failover attempts. Trying to failover after sleeping for 704ms.
file 4 has been read from HDFS for 4 time
diff succeed!
file 4 has been read from HDFS for 5 time
diff succeed!
file 4 has been read from HDFS for 6 time
diff succeed!
file 4 has been read from HDFS for 7 time
diff succeed!
file 4 has been read from HDFS for 8 time
diff succeed!
file 4 has been read from HDFS for 9 time
diff succeed!
file 4 has been read from HDFS for 10 time
diff succeed!
Deleted /myfile4
file 4 has been removed from HDFS
Found 5 items
-rw-r--r--   3 root supergroup 1073741824 2019-03-26 02:48 /myfile1
-rw-r--r--   3 root supergroup 1073741824 2019-03-26 02:47 /myfile2
-rw-r--r--   3 root supergroup 1073741824 2019-03-26 02:47 /myfile3
-rw-r--r--   3 root supergroup 1073741824 2019-03-26 02:48 /myfile4
-rw-r--r--   3 root supergroup 1073741824 2019-03-26 02:48 /myfile5
file 4 has been put into HDFS
file 4 has been read from HDFS for 1 time
diff succeed!
file 4 has been read from HDFS for 2 time
diff succeed!
file 4 has been read from HDFS for 3 time
diff succeed!
file 4 has been read from HDFS for 4 time
diff succeed!
file 4 has been read from HDFS for 5 time
diff succeed!
file 4 has been read from HDFS for 6 time
diff succeed!
file 4 has been read from HDFS for 7 time
diff succeed!
file 4 has been read from HDFS for 8 time
diff succeed!
file 4 has been read from HDFS for 9 time
diff succeed!
file 4 has been read from HDFS for 10 time
diff succeed!
Deleted /myfile4
file 4 has been removed from HDFS
Found 5 items
-rw-r--r--   3 root supergroup 1073741824 2019-03-26 02:50 /myfile1
-rw-r--r--   3 root supergroup 1073741824 2019-03-26 02:49 /myfile2
-rw-r--r--   3 root supergroup 1073741824 2019-03-26 02:49 /myfile3
-rw-r--r--   3 root supergroup 1073741824 2019-03-26 02:50 /myfile4
-rw-r--r--   3 root supergroup 1073741824 2019-03-26 02:50 /myfile5
file 4 has been put into HDFS
file 4 has been read from HDFS for 1 time
diff succeed!
file 4 has been read from HDFS for 2 time
diff succeed!
file 4 has been read from HDFS for 3 time
diff succeed!
file 4 has been read from HDFS for 4 time
diff succeed!
file 4 has been read from HDFS for 5 time
diff succeed!
file 4 has been read from HDFS for 6 time
diff succeed!
file 4 has been read from HDFS for 7 time
diff succeed!
file 4 has been read from HDFS for 8 time
diff succeed!
file 4 has been read from HDFS for 9 time
diff succeed!
file 4 has been read from HDFS for 10 time
diff succeed!
Deleted /myfile4
file 4 has been removed from HDFS
Found 5 items
-rw-r--r--   3 root supergroup 1073741824 2019-03-26 02:51 /myfile1
-rw-r--r--   3 root supergroup 1073741824 2019-03-26 02:50 /myfile2
-rw-r--r--   3 root supergroup 1073741824 2019-03-26 02:50 /myfile3
-rw-r--r--   3 root supergroup 1073741824 2019-03-26 02:51 /myfile4
-rw-r--r--   3 root supergroup 1073741824 2019-03-26 02:51 /myfile5
file 4 has been put into HDFS
file 4 has been read from HDFS for 1 time
diff succeed!
file 4 has been read from HDFS for 2 time
diff succeed!
file 4 has been read from HDFS for 3 time
diff succeed!
file 4 has been read from HDFS for 4 time
diff succeed!
file 4 has been read from HDFS for 5 time
diff succeed!
file 4 has been read from HDFS for 6 time
diff succeed!
file 4 has been read from HDFS for 7 time
diff succeed!
file 4 has been read from HDFS for 8 time
diff succeed!
file 4 has been read from HDFS for 9 time
diff succeed!
file 4 has been read from HDFS for 10 time
diff succeed!
2019-03-26 02:53:13,273 INFO  retry.RetryInvocationHandler RetryInvocationHandler.java:log:411 - java.io.EOFException: End of File Exception between local host is: "clnode051.clemson.cloudlab.us/130.127.133.60"; destination host is: "node-1-link-0":8020; : java.io.EOFException; For more details see:  http://wiki.apache.org/hadoop/EOFException, while invoking ClientNamenodeProtocolTranslatorPB.delete over node-1-link-0/10.10.1.4:8020. Trying to failover immediately.
2019-03-26 02:53:13,283 INFO  retry.RetryInvocationHandler RetryInvocationHandler.java:log:411 - org.apache.hadoop.ipc.RemoteException(org.apache.hadoop.ipc.StandbyException): Operation category WRITE is not supported in state standby. Visit https://s.apache.org/sbnn-error
	at org.apache.hadoop.hdfs.server.namenode.ha.StandbyState.checkOperation(StandbyState.java:88)
	at org.apache.hadoop.hdfs.server.namenode.NameNode$NameNodeHAContext.checkOperation(NameNode.java:1952)
	at org.apache.hadoop.hdfs.server.namenode.FSNamesystem.checkOperation(FSNamesystem.java:1423)
	at org.apache.hadoop.hdfs.server.namenode.NameNodeRpcServer.delete(NameNodeRpcServer.java:1087)
	at org.apache.hadoop.hdfs.protocolPB.ClientNamenodeProtocolServerSideTranslatorPB.delete(ClientNamenodeProtocolServerSideTranslatorPB.java:692)
	at org.apache.hadoop.hdfs.protocol.proto.ClientNamenodeProtocolProtos$ClientNamenodeProtocol$2.callBlockingMethod(ClientNamenodeProtocolProtos.java)
	at org.apache.hadoop.ipc.ProtobufRpcEngine$Server$ProtoBufRpcInvoker.call(ProtobufRpcEngine.java:523)
	at org.apache.hadoop.ipc.RPC$Server.call(RPC.java:991)
	at org.apache.hadoop.ipc.Server$RpcCall.run(Server.java:872)
	at org.apache.hadoop.ipc.Server$RpcCall.run(Server.java:818)
	at java.security.AccessController.doPrivileged(Native Method)
	at javax.security.auth.Subject.doAs(Subject.java:422)
	at org.apache.hadoop.security.UserGroupInformation.doAs(UserGroupInformation.java:1729)
	at org.apache.hadoop.ipc.Server$Handler.run(Server.java:2678)
, while invoking ClientNamenodeProtocolTranslatorPB.delete over node-0-link-0/10.10.1.1:8020 after 1 failover attempts. Trying to failover after sleeping for 1149ms.
2019-03-26 02:53:14,435 INFO  retry.RetryInvocationHandler RetryInvocationHandler.java:log:411 - java.net.ConnectException: Call From clnode051.clemson.cloudlab.us/130.127.133.60 to node-1-link-0:8020 failed on connection exception: java.net.ConnectException: Connection refused; For more details see:  http://wiki.apache.org/hadoop/ConnectionRefused, while invoking ClientNamenodeProtocolTranslatorPB.delete over node-1-link-0/10.10.1.4:8020 after 2 failover attempts. Trying to failover after sleeping for 1326ms.
Deleted /myfile4
file 4 has been removed from HDFS
Found 5 items
-rw-r--r--   3 root supergroup 1073741824 2019-03-26 02:53 /myfile1
-rw-r--r--   3 root supergroup 1073741824 2019-03-26 02:52 /myfile2
-rw-r--r--   3 root supergroup 1073741824 2019-03-26 02:52 /myfile3
-rw-r--r--   3 root supergroup 1073741824 2019-03-26 02:53 /myfile4
-rw-r--r--   3 root supergroup 1073741824 2019-03-26 02:53 /myfile5
file 4 has been put into HDFS
file 4 has been read from HDFS for 1 time
diff succeed!
file 4 has been read from HDFS for 2 time
diff succeed!
file 4 has been read from HDFS for 3 time
diff succeed!
file 4 has been read from HDFS for 4 time
diff succeed!
file 4 has been read from HDFS for 5 time
diff succeed!
file 4 has been read from HDFS for 6 time
diff succeed!
file 4 has been read from HDFS for 7 time
diff succeed!
file 4 has been read from HDFS for 8 time
diff succeed!
file 4 has been read from HDFS for 9 time
diff succeed!
file 4 has been read from HDFS for 10 time
diff succeed!
Deleted /myfile4
file 4 has been removed from HDFS
Found 5 items
-rw-r--r--   3 root supergroup 1073741824 2019-03-26 02:55 /myfile1
-rw-r--r--   3 root supergroup 1073741824 2019-03-26 02:54 /myfile2
-rw-r--r--   3 root supergroup 1073741824 2019-03-26 02:54 /myfile3
-rw-r--r--   3 root supergroup 1073741824 2019-03-26 02:55 /myfile4
-rw-r--r--   3 root supergroup 1073741824 2019-03-26 02:55 /myfile5
file 4 has been put into HDFS
file 4 has been read from HDFS for 1 time
diff succeed!
file 4 has been read from HDFS for 2 time
diff succeed!
file 4 has been read from HDFS for 3 time
diff succeed!
file 4 has been read from HDFS for 4 time
diff succeed!
file 4 has been read from HDFS for 5 time
diff succeed!
file 4 has been read from HDFS for 6 time
diff succeed!
file 4 has been read from HDFS for 7 time
diff succeed!
file 4 has been read from HDFS for 8 time
diff succeed!
file 4 has been read from HDFS for 9 time
diff succeed!
file 4 has been read from HDFS for 10 time
diff succeed!
Deleted /myfile4
file 4 has been removed from HDFS
Found 5 items
-rw-r--r--   3 root supergroup  671088640 2019-03-26 02:57 /myfile1._COPYING_
-rw-r--r--   3 root supergroup 1073741824 2019-03-26 02:56 /myfile2
-rw-r--r--   3 root supergroup 1073741824 2019-03-26 02:56 /myfile3
-rw-r--r--   3 root supergroup 1073741824 2019-03-26 02:57 /myfile4
-rw-r--r--   3 root supergroup 1073741824 2019-03-26 02:55 /myfile5
file 4 has been put into HDFS
file 4 has been read from HDFS for 1 time
diff succeed!
file 4 has been read from HDFS for 2 time
diff succeed!
file 4 has been read from HDFS for 3 time
diff succeed!
file 4 has been read from HDFS for 4 time
diff succeed!
file 4 has been read from HDFS for 5 time
diff succeed!
file 4 has been read from HDFS for 6 time
diff succeed!
file 4 has been read from HDFS for 7 time
diff succeed!
file 4 has been read from HDFS for 8 time
diff succeed!
file 4 has been read from HDFS for 9 time
diff succeed!
file 4 has been read from HDFS for 10 time
diff succeed!
Deleted /myfile4
file 4 has been removed from HDFS
Found 5 items
-rw-r--r--   3 root supergroup 1073741824 2019-03-26 02:58 /myfile1
-rw-r--r--   3 root supergroup 1073741824 2019-03-26 02:57 /myfile2
-rw-r--r--   3 root supergroup 1073741824 2019-03-26 02:57 /myfile3
-rw-r--r--   3 root supergroup 1073741824 2019-03-26 02:58 /myfile4
-rw-r--r--   3 root supergroup 1073741824 2019-03-26 02:57 /myfile5
file 4 has been put into HDFS
file 4 has been read from HDFS for 1 time
diff succeed!
file 4 has been read from HDFS for 2 time
diff succeed!
