Found 5 items
-rw-r--r--   3 root supergroup 1073741824 2019-03-28 03:33 /myfile1
-rw-r--r--   3 root supergroup 1073741824 2019-03-28 03:33 /myfile2
-rw-r--r--   3 root supergroup 1073741824 2019-03-28 03:33 /myfile3
-rw-r--r--   3 root supergroup 1073741824 2019-03-28 03:33 /myfile4
-rw-r--r--   3 root supergroup 1073741824 2019-03-28 03:33 /myfile5
file 3 has been put into HDFS
file 3 has been read from HDFS for 1 time
diff succeed!
file 3 has been read from HDFS for 2 time
diff succeed!
file 3 has been read from HDFS for 3 time
diff succeed!
file 3 has been read from HDFS for 4 time
diff succeed!
file 3 has been read from HDFS for 5 time
diff succeed!
file 3 has been read from HDFS for 6 time
diff succeed!
file 3 has been read from HDFS for 7 time
diff succeed!
file 3 has been read from HDFS for 8 time
diff succeed!
file 3 has been read from HDFS for 9 time
diff succeed!
file 3 has been read from HDFS for 10 time
diff succeed!
Deleted /myfile3
file 3 has been removed from HDFS
Found 4 items
-rw-r--r--   3 root supergroup  134217728 2019-03-28 03:34 /myfile1._COPYING_
-rw-r--r--   3 root supergroup 1073741824 2019-03-28 03:34 /myfile2
-rw-r--r--   3 root supergroup 1073741824 2019-03-28 03:34 /myfile3
-rw-r--r--   3 root supergroup 1073741824 2019-03-28 03:34 /myfile4
file 3 has been put into HDFS
file 3 has been read from HDFS for 1 time
diff succeed!
file 3 has been read from HDFS for 2 time
diff succeed!
file 3 has been read from HDFS for 3 time
diff succeed!
file 3 has been read from HDFS for 4 time
diff succeed!
file 3 has been read from HDFS for 5 time
diff succeed!
file 3 has been read from HDFS for 6 time
diff succeed!
file 3 has been read from HDFS for 7 time
diff succeed!
file 3 has been read from HDFS for 8 time
diff succeed!
file 3 has been read from HDFS for 9 time
diff succeed!
file 3 has been read from HDFS for 10 time
diff succeed!
Deleted /myfile3
file 3 has been removed from HDFS
Found 5 items
-rw-r--r--   3 root supergroup 1073741824 2019-03-28 03:36 /myfile1
-rw-r--r--   3 root supergroup  805306368 2019-03-28 03:36 /myfile2._COPYING_
-rw-r--r--   3 root supergroup 1073741824 2019-03-28 03:36 /myfile3
-rw-r--r--   3 root supergroup 1073741824 2019-03-28 03:36 /myfile4
-rw-r--r--   3 root supergroup 1073741824 2019-03-28 03:34 /myfile5
file 3 has been put into HDFS
file 3 has been read from HDFS for 1 time
diff succeed!
file 3 has been read from HDFS for 2 time
diff succeed!
file 3 has been read from HDFS for 3 time
diff succeed!
file 3 has been read from HDFS for 4 time
diff succeed!
file 3 has been read from HDFS for 5 time
diff succeed!
file 3 has been read from HDFS for 6 time
diff succeed!
file 3 has been read from HDFS for 7 time
diff succeed!
file 3 has been read from HDFS for 8 time
diff succeed!
file 3 has been read from HDFS for 9 time
diff succeed!
file 3 has been read from HDFS for 10 time
diff succeed!
Deleted /myfile3
file 3 has been removed from HDFS
Found 4 items
-rw-r--r--   3 root supergroup 1073741824 2019-03-28 03:38 /myfile2
-rw-r--r--   3 root supergroup 1073741824 2019-03-28 03:38 /myfile3
-rw-r--r--   3 root supergroup 1073741824 2019-03-28 03:37 /myfile4
-rw-r--r--   3 root supergroup 1073741824 2019-03-28 03:38 /myfile5
file 3 has been put into HDFS
file 3 has been read from HDFS for 1 time
diff succeed!
file 3 has been read from HDFS for 2 time
diff succeed!
file 3 has been read from HDFS for 3 time
diff succeed!
file 3 has been read from HDFS for 4 time
diff succeed!
file 3 has been read from HDFS for 5 time
diff succeed!
file 3 has been read from HDFS for 6 time
diff succeed!
file 3 has been read from HDFS for 7 time
diff succeed!
file 3 has been read from HDFS for 8 time
diff succeed!
file 3 has been read from HDFS for 9 time
diff succeed!
file 3 has been read from HDFS for 10 time
diff succeed!
Deleted /myfile3
file 3 has been removed from HDFS
Found 5 items
-rw-r--r--   3 root supergroup 1073741824 2019-03-28 03:38 /myfile1
-rw-r--r--   3 root supergroup  805306368 2019-03-28 03:39 /myfile2._COPYING_
-rw-r--r--   3 root supergroup 1073741824 2019-03-28 03:39 /myfile3
-rw-r--r--   3 root supergroup 1073741824 2019-03-28 03:39 /myfile4
-rw-r--r--   3 root supergroup  805306368 2019-03-28 03:39 /myfile5._COPYING_
file 3 has been put into HDFS
file 3 has been read from HDFS for 1 time
diff succeed!
file 3 has been read from HDFS for 2 time
diff succeed!
file 3 has been read from HDFS for 3 time
diff succeed!
file 3 has been read from HDFS for 4 time
diff succeed!
file 3 has been read from HDFS for 5 time
diff succeed!
file 3 has been read from HDFS for 6 time
diff succeed!
file 3 has been read from HDFS for 7 time
diff succeed!
file 3 has been read from HDFS for 8 time
diff succeed!
file 3 has been read from HDFS for 9 time
diff succeed!
file 3 has been read from HDFS for 10 time
diff succeed!
Deleted /myfile3
file 3 has been removed from HDFS
Found 5 items
-rw-r--r--   3 root supergroup 1073741824 2019-03-28 03:40 /myfile1
-rw-r--r--   3 root supergroup 1073741824 2019-03-28 03:41 /myfile2
-rw-r--r--   3 root supergroup 1073741824 2019-03-28 03:41 /myfile3
-rw-r--r--   3 root supergroup 1073741824 2019-03-28 03:41 /myfile4
-rw-r--r--   3 root supergroup  939524096 2019-03-28 03:41 /myfile5._COPYING_
file 3 has been put into HDFS
file 3 has been read from HDFS for 1 time
diff succeed!
file 3 has been read from HDFS for 2 time
diff succeed!
file 3 has been read from HDFS for 3 time
diff succeed!
file 3 has been read from HDFS for 4 time
diff succeed!
file 3 has been read from HDFS for 5 time
diff succeed!
file 3 has been read from HDFS for 6 time
diff succeed!
file 3 has been read from HDFS for 7 time
diff succeed!
file 3 has been read from HDFS for 8 time
diff succeed!
file 3 has been read from HDFS for 9 time
diff succeed!
file 3 has been read from HDFS for 10 time
diff succeed!
Deleted /myfile3
file 3 has been removed from HDFS
Found 5 items
-rw-r--r--   3 root supergroup 1073741824 2019-03-28 03:42 /myfile1
-rw-r--r--   3 root supergroup 1073741824 2019-03-28 03:42 /myfile2
-rw-r--r--   3 root supergroup 1073741824 2019-03-28 03:43 /myfile3
-rw-r--r--   3 root supergroup 1073741824 2019-03-28 03:42 /myfile4
-rw-r--r--   3 root supergroup 1073741824 2019-03-28 03:42 /myfile5
file 3 has been put into HDFS
file 3 has been read from HDFS for 1 time
diff succeed!
file 3 has been read from HDFS for 2 time
diff succeed!
file 3 has been read from HDFS for 3 time
diff succeed!
file 3 has been read from HDFS for 4 time
diff succeed!
file 3 has been read from HDFS for 5 time
diff succeed!
file 3 has been read from HDFS for 6 time
diff succeed!
file 3 has been read from HDFS for 7 time
diff succeed!
file 3 has been read from HDFS for 8 time
diff succeed!
file 3 has been read from HDFS for 9 time
diff succeed!
file 3 has been read from HDFS for 10 time
diff succeed!
Deleted /myfile3
file 3 has been removed from HDFS
Found 5 items
-rw-r--r--   3 root supergroup 1073741824 2019-03-28 03:44 /myfile1
-rw-r--r--   3 root supergroup 1073741824 2019-03-28 03:44 /myfile2
-rw-r--r--   3 root supergroup 1073741824 2019-03-28 03:44 /myfile3
-rw-r--r--   3 root supergroup 1073741824 2019-03-28 03:44 /myfile4
-rw-r--r--   3 root supergroup 1073741824 2019-03-28 03:44 /myfile5
file 3 has been put into HDFS
file 3 has been read from HDFS for 1 time
diff succeed!
file 3 has been read from HDFS for 2 time
diff succeed!
file 3 has been read from HDFS for 3 time
diff succeed!
file 3 has been read from HDFS for 4 time
diff succeed!
file 3 has been read from HDFS for 5 time
diff succeed!
file 3 has been read from HDFS for 6 time
diff succeed!
file 3 has been read from HDFS for 7 time
diff succeed!
file 3 has been read from HDFS for 8 time
diff succeed!
file 3 has been read from HDFS for 9 time
diff succeed!
file 3 has been read from HDFS for 10 time
diff succeed!
Deleted /myfile3
file 3 has been removed from HDFS
Found 5 items
-rw-r--r--   3 root supergroup 1073741824 2019-03-28 03:45 /myfile1
-rw-r--r--   3 root supergroup 1073741824 2019-03-28 03:46 /myfile2
-rw-r--r--   3 root supergroup 1073741824 2019-03-28 03:46 /myfile3
-rw-r--r--   3 root supergroup 1073741824 2019-03-28 03:46 /myfile4
-rw-r--r--   3 root supergroup 1073741824 2019-03-28 03:46 /myfile5
file 3 has been put into HDFS
file 3 has been read from HDFS for 1 time
diff succeed!
file 3 has been read from HDFS for 2 time
diff succeed!
file 3 has been read from HDFS for 3 time
diff succeed!
file 3 has been read from HDFS for 4 time
diff succeed!
file 3 has been read from HDFS for 5 time
diff succeed!
file 3 has been read from HDFS for 6 time
diff succeed!
file 3 has been read from HDFS for 7 time
diff succeed!
file 3 has been read from HDFS for 8 time
diff succeed!
file 3 has been read from HDFS for 9 time
diff succeed!
file 3 has been read from HDFS for 10 time
diff succeed!
