Found 5 items
-rw-r--r--   3 root supergroup 1073741824 2019-03-28 03:33 /myfile1
-rw-r--r--   3 root supergroup 1073741824 2019-03-28 03:33 /myfile2
-rw-r--r--   3 root supergroup 1073741824 2019-03-28 03:33 /myfile3
-rw-r--r--   3 root supergroup 1073741824 2019-03-28 03:33 /myfile4
-rw-r--r--   3 root supergroup 1073741824 2019-03-28 03:33 /myfile5
file 2 has been put into HDFS
file 2 has been read from HDFS for 1 time
diff succeed!
file 2 has been read from HDFS for 2 time
diff succeed!
file 2 has been read from HDFS for 3 time
diff succeed!
file 2 has been read from HDFS for 4 time
diff succeed!
file 2 has been read from HDFS for 5 time
diff succeed!
file 2 has been read from HDFS for 6 time
diff succeed!
file 2 has been read from HDFS for 7 time
diff succeed!
file 2 has been read from HDFS for 8 time
diff succeed!
file 2 has been read from HDFS for 9 time
diff succeed!
file 2 has been read from HDFS for 10 time
diff succeed!
Deleted /myfile2
file 2 has been removed from HDFS
Found 4 items
-rw-r--r--   3 root supergroup  268435456 2019-03-28 03:34 /myfile1._COPYING_
-rw-r--r--   3 root supergroup 1073741824 2019-03-28 03:34 /myfile2
-rw-r--r--   3 root supergroup 1073741824 2019-03-28 03:34 /myfile3
-rw-r--r--   3 root supergroup 1073741824 2019-03-28 03:34 /myfile4
file 2 has been put into HDFS
file 2 has been read from HDFS for 1 time
diff succeed!
file 2 has been read from HDFS for 2 time
diff succeed!
file 2 has been read from HDFS for 3 time
diff succeed!
file 2 has been read from HDFS for 4 time
diff succeed!
file 2 has been read from HDFS for 5 time
diff succeed!
file 2 has been read from HDFS for 6 time
diff succeed!
file 2 has been read from HDFS for 7 time
diff succeed!
file 2 has been read from HDFS for 8 time
diff succeed!
file 2 has been read from HDFS for 9 time
diff succeed!
file 2 has been read from HDFS for 10 time
diff succeed!
Deleted /myfile2
file 2 has been removed from HDFS
Found 4 items
-rw-r--r--   3 root supergroup 1073741824 2019-03-28 03:36 /myfile1
-rw-r--r--   3 root supergroup 1073741824 2019-03-28 03:36 /myfile2
-rw-r--r--   3 root supergroup 1073741824 2019-03-28 03:36 /myfile3
-rw-r--r--   3 root supergroup 1073741824 2019-03-28 03:36 /myfile4
file 2 has been put into HDFS
file 2 has been read from HDFS for 1 time
diff succeed!
file 2 has been read from HDFS for 2 time
diff succeed!
file 2 has been read from HDFS for 3 time
diff succeed!
file 2 has been read from HDFS for 4 time
diff succeed!
file 2 has been read from HDFS for 5 time
diff succeed!
file 2 has been read from HDFS for 6 time
diff succeed!
file 2 has been read from HDFS for 7 time
diff succeed!
file 2 has been read from HDFS for 8 time
diff succeed!
file 2 has been read from HDFS for 9 time
diff succeed!
file 2 has been read from HDFS for 10 time
diff succeed!
Deleted /myfile2
file 2 has been removed from HDFS
Found 4 items
-rw-r--r--   3 root supergroup 1073741824 2019-03-28 03:38 /myfile2
-rw-r--r--   3 root supergroup 1073741824 2019-03-28 03:38 /myfile3
-rw-r--r--   3 root supergroup 1073741824 2019-03-28 03:37 /myfile4
-rw-r--r--   3 root supergroup 1073741824 2019-03-28 03:38 /myfile5
file 2 has been put into HDFS
file 2 has been read from HDFS for 1 time
diff succeed!
file 2 has been read from HDFS for 2 time
diff succeed!
file 2 has been read from HDFS for 3 time
diff succeed!
file 2 has been read from HDFS for 4 time
diff succeed!
file 2 has been read from HDFS for 5 time
diff succeed!
file 2 has been read from HDFS for 6 time
diff succeed!
file 2 has been read from HDFS for 7 time
diff succeed!
file 2 has been read from HDFS for 8 time
diff succeed!
file 2 has been read from HDFS for 9 time
diff succeed!
file 2 has been read from HDFS for 10 time
diff succeed!
Deleted /myfile2
file 2 has been removed from HDFS
Found 5 items
-rw-r--r--   3 root supergroup 1073741824 2019-03-28 03:38 /myfile1
-rw-r--r--   3 root supergroup 1073741824 2019-03-28 03:39 /myfile2
-rw-r--r--   3 root supergroup 1073741824 2019-03-28 03:39 /myfile3
-rw-r--r--   3 root supergroup 1073741824 2019-03-28 03:39 /myfile4
-rw-r--r--   3 root supergroup 1073741824 2019-03-28 03:39 /myfile5
file 2 has been put into HDFS
file 2 has been read from HDFS for 1 time
diff succeed!
file 2 has been read from HDFS for 2 time
diff succeed!
file 2 has been read from HDFS for 3 time
diff succeed!
file 2 has been read from HDFS for 4 time
diff succeed!
file 2 has been read from HDFS for 5 time
diff succeed!
file 2 has been read from HDFS for 6 time
diff succeed!
file 2 has been read from HDFS for 7 time
diff succeed!
file 2 has been read from HDFS for 8 time
diff succeed!
file 2 has been read from HDFS for 9 time
diff succeed!
file 2 has been read from HDFS for 10 time
diff succeed!
Deleted /myfile2
file 2 has been removed from HDFS
Found 5 items
-rw-r--r--   3 root supergroup 1073741824 2019-03-28 03:40 /myfile1
-rw-r--r--   3 root supergroup 1073741824 2019-03-28 03:41 /myfile2
-rw-r--r--   3 root supergroup 1073741824 2019-03-28 03:41 /myfile3
-rw-r--r--   3 root supergroup 1073741824 2019-03-28 03:41 /myfile4
-rw-r--r--   3 root supergroup  268435456 2019-03-28 03:41 /myfile5._COPYING_
file 2 has been put into HDFS
file 2 has been read from HDFS for 1 time
diff succeed!
file 2 has been read from HDFS for 2 time
diff succeed!
file 2 has been read from HDFS for 3 time
diff succeed!
file 2 has been read from HDFS for 4 time
diff succeed!
file 2 has been read from HDFS for 5 time
diff succeed!
file 2 has been read from HDFS for 6 time
diff succeed!
file 2 has been read from HDFS for 7 time
diff succeed!
file 2 has been read from HDFS for 8 time
diff succeed!
file 2 has been read from HDFS for 9 time
diff succeed!
file 2 has been read from HDFS for 10 time
diff succeed!
Deleted /myfile2
file 2 has been removed from HDFS
2019-03-28 03:43:07,523 INFO  hdfs.DataStreamer DataStreamer.java:createBlockOutputStream:1789 - Exception in createBlockOutputStream blk_1073742074_1250
java.io.IOException: Got error, status=ERROR, status message , ack with firstBadLink as 10.10.1.6:9866
	at org.apache.hadoop.hdfs.protocol.datatransfer.DataTransferProtoUtil.checkBlockOpStatus(DataTransferProtoUtil.java:134)
	at org.apache.hadoop.hdfs.protocol.datatransfer.DataTransferProtoUtil.checkBlockOpStatus(DataTransferProtoUtil.java:110)
	at org.apache.hadoop.hdfs.DataStreamer.createBlockOutputStream(DataStreamer.java:1778)
	at org.apache.hadoop.hdfs.DataStreamer.nextBlockOutputStream(DataStreamer.java:1679)
	at org.apache.hadoop.hdfs.DataStreamer.run(DataStreamer.java:716)
2019-03-28 03:43:07,530 WARN  hdfs.DataStreamer DataStreamer.java:nextBlockOutputStream:1683 - Abandoning BP-1335865473-130.127.133.65-1553765540823:blk_1073742074_1250
2019-03-28 03:43:07,564 WARN  hdfs.DataStreamer DataStreamer.java:nextBlockOutputStream:1688 - Excluding datanode DatanodeInfoWithStorage[10.10.1.6:9866,DS-7d4b05a8-36e8-4bcd-a7a6-e8f7d9fcb819,DISK]
Found 4 items
-rw-r--r--   3 root supergroup 1073741824 2019-03-28 03:42 /myfile1
-rw-r--r--   3 root supergroup 1073741824 2019-03-28 03:42 /myfile2
-rw-r--r--   3 root supergroup 1073741824 2019-03-28 03:42 /myfile4
-rw-r--r--   3 root supergroup 1073741824 2019-03-28 03:42 /myfile5
file 2 has been put into HDFS
file 2 has been read from HDFS for 1 time
diff succeed!
file 2 has been read from HDFS for 2 time
diff succeed!
file 2 has been read from HDFS for 3 time
diff succeed!
file 2 has been read from HDFS for 4 time
diff succeed!
file 2 has been read from HDFS for 5 time
diff succeed!
file 2 has been read from HDFS for 6 time
diff succeed!
file 2 has been read from HDFS for 7 time
diff succeed!
file 2 has been read from HDFS for 8 time
diff succeed!
file 2 has been read from HDFS for 9 time
diff succeed!
file 2 has been read from HDFS for 10 time
diff succeed!
Deleted /myfile2
file 2 has been removed from HDFS
Found 5 items
-rw-r--r--   3 root supergroup 1073741824 2019-03-28 03:44 /myfile1
-rw-r--r--   3 root supergroup 1073741824 2019-03-28 03:44 /myfile2
-rw-r--r--   3 root supergroup 1073741824 2019-03-28 03:44 /myfile3
-rw-r--r--   3 root supergroup 1073741824 2019-03-28 03:44 /myfile4
-rw-r--r--   3 root supergroup 1073741824 2019-03-28 03:44 /myfile5
file 2 has been put into HDFS
file 2 has been read from HDFS for 1 time
diff succeed!
file 2 has been read from HDFS for 2 time
diff succeed!
file 2 has been read from HDFS for 3 time
diff succeed!
file 2 has been read from HDFS for 4 time
diff succeed!
file 2 has been read from HDFS for 5 time
diff succeed!
file 2 has been read from HDFS for 6 time
diff succeed!
file 2 has been read from HDFS for 7 time
diff succeed!
file 2 has been read from HDFS for 8 time
diff succeed!
file 2 has been read from HDFS for 9 time
diff succeed!
file 2 has been read from HDFS for 10 time
diff succeed!
Deleted /myfile2
file 2 has been removed from HDFS
Found 5 items
-rw-r--r--   3 root supergroup 1073741824 2019-03-28 03:45 /myfile1
-rw-r--r--   3 root supergroup 1073741824 2019-03-28 03:46 /myfile2
-rw-r--r--   3 root supergroup 1073741824 2019-03-28 03:46 /myfile3
-rw-r--r--   3 root supergroup 1073741824 2019-03-28 03:46 /myfile4
-rw-r--r--   3 root supergroup 1073741824 2019-03-28 03:46 /myfile5
file 2 has been put into HDFS
file 2 has been read from HDFS for 1 time
diff succeed!
file 2 has been read from HDFS for 2 time
diff succeed!
file 2 has been read from HDFS for 3 time
diff succeed!
file 2 has been read from HDFS for 4 time
diff succeed!
file 2 has been read from HDFS for 5 time
diff succeed!
file 2 has been read from HDFS for 6 time
diff succeed!
file 2 has been read from HDFS for 7 time
diff succeed!
file 2 has been read from HDFS for 8 time
diff succeed!
file 2 has been read from HDFS for 9 time
diff succeed!
