verify_input for parameter dfs.namenode.decommission.max.concurrent.tracked.nodes with value 1
BlockManager.java:processIncrementalBlockReport:3959 NOT found in base error set
NameNodeRpcServer.java:run:1588 NOT found in base error set
verify_result.sh parameter dfs.namenode.decommission.max.concurrent.tracked.nodes with value 1 returns 1
verify_input for parameter dfs.namenode.decommission.max.concurrent.tracked.nodes with value 2
BlockManager.java:processIncrementalBlockReport:3959 NOT found in base error set
NameNodeRpcServer.java:run:1588 NOT found in base error set
verify_result.sh parameter dfs.namenode.decommission.max.concurrent.tracked.nodes with value 2 returns 1
verify_input for parameter dfs.namenode.decommission.max.concurrent.tracked.nodes with value 4
BlockManager.java:processIncrementalBlockReport:3959 NOT found in base error set
NameNodeRpcServer.java:run:1588 NOT found in base error set
verify_result.sh parameter dfs.namenode.decommission.max.concurrent.tracked.nodes with value 4 returns 1
verify_input for parameter dfs.namenode.decommission.max.concurrent.tracked.nodes with value 8
BlockManager.java:processIncrementalBlockReport:3959 NOT found in base error set
NameNodeRpcServer.java:run:1588 NOT found in base error set
verify_result.sh parameter dfs.namenode.decommission.max.concurrent.tracked.nodes with value 8 returns 1
verify_input for parameter dfs.namenode.decommission.max.concurrent.tracked.nodes with value 16
verify_result.sh parameter dfs.namenode.decommission.max.concurrent.tracked.nodes with value 16 returns 0
break, set range_end as 16
verify_input for parameter dfs.namenode.decommission.max.concurrent.tracked.nodes with value 12
verify_result.sh parameter dfs.namenode.decommission.max.concurrent.tracked.nodes with value 12 returns 0
ok branch
verify_input for parameter dfs.namenode.decommission.max.concurrent.tracked.nodes with value 10
Journal.java:scanStorageForLatestEdits:214 NOT found in base error set
verify_result.sh parameter dfs.namenode.decommission.max.concurrent.tracked.nodes with value 10 returns 1
not ok branch
verify_input for parameter dfs.namenode.decommission.max.concurrent.tracked.nodes with value 11
DataXceiver.java:run:321 NOT found in base error set
verify_result.sh parameter dfs.namenode.decommission.max.concurrent.tracked.nodes with value 11 returns 1
not ok branch
the minimum value for parameter dfs.namenode.decommission.max.concurrent.tracked.nodes is 12
