Found 5 items
-rw-r--r--   3 root supergroup 1073741824 2019-03-27 23:40 /myfile1
-rw-r--r--   3 root supergroup 1073741824 2019-03-27 23:40 /myfile2
-rw-r--r--   3 root supergroup 1073741824 2019-03-27 23:40 /myfile3
-rw-r--r--   3 root supergroup 1073741824 2019-03-27 23:40 /myfile4
-rw-r--r--   3 root supergroup 1073741824 2019-03-27 23:40 /myfile5
file 4 has been put into HDFS
file 4 has been read from HDFS for 1 time
diff succeed!
file 4 has been read from HDFS for 2 time
diff succeed!
file 4 has been read from HDFS for 3 time
diff succeed!
file 4 has been read from HDFS for 4 time
diff succeed!
file 4 has been read from HDFS for 5 time
diff succeed!
file 4 has been read from HDFS for 6 time
diff succeed!
file 4 has been read from HDFS for 7 time
diff succeed!
file 4 has been read from HDFS for 8 time
diff succeed!
file 4 has been read from HDFS for 9 time
diff succeed!
file 4 has been read from HDFS for 10 time
diff succeed!
Deleted /myfile4
file 4 has been removed from HDFS
Found 4 items
-rw-r--r--   3 root supergroup 1073741824 2019-03-27 23:40 /myfile2
-rw-r--r--   3 root supergroup 1073741824 2019-03-27 23:40 /myfile3
-rw-r--r--   3 root supergroup 1073741824 2019-03-27 23:43 /myfile4
-rw-r--r--   3 root supergroup 1073741824 2019-03-27 23:40 /myfile5
file 4 has been put into HDFS
file 4 has been read from HDFS for 1 time
diff succeed!
file 4 has been read from HDFS for 2 time
diff succeed!
file 4 has been read from HDFS for 3 time
diff succeed!
file 4 has been read from HDFS for 4 time
diff succeed!
file 4 has been read from HDFS for 5 time
diff succeed!
file 4 has been read from HDFS for 6 time
diff succeed!
file 4 has been read from HDFS for 7 time
diff succeed!
file 4 has been read from HDFS for 8 time
diff succeed!
file 4 has been read from HDFS for 9 time
diff succeed!
file 4 has been read from HDFS for 10 time
diff succeed!
Deleted /myfile4
file 4 has been removed from HDFS
Found 5 items
-rw-r--r--   3 root supergroup 1073741824 2019-03-27 23:45 /myfile1
-rw-r--r--   3 root supergroup 1073741824 2019-03-27 23:44 /myfile2
-rw-r--r--   3 root supergroup 1073741824 2019-03-27 23:44 /myfile3
-rw-r--r--   3 root supergroup 1073741824 2019-03-27 23:45 /myfile4
-rw-r--r--   3 root supergroup 1073741824 2019-03-27 23:44 /myfile5
file 4 has been put into HDFS
2019-03-27 23:45:45,892 WARN  impl.BlockReaderFactory BlockReaderFactory.java:getRemoteBlockReaderFromTcp:764 - I/O error constructing remote block reader.
java.net.ConnectException: Connection refused
	at sun.nio.ch.SocketChannelImpl.checkConnect(Native Method)
	at sun.nio.ch.SocketChannelImpl.finishConnect(SocketChannelImpl.java:717)
	at org.apache.hadoop.net.SocketIOWithTimeout.connect(SocketIOWithTimeout.java:206)
	at org.apache.hadoop.net.NetUtils.connect(NetUtils.java:531)
	at org.apache.hadoop.hdfs.DFSClient.newConnectedPeer(DFSClient.java:2924)
	at org.apache.hadoop.hdfs.client.impl.BlockReaderFactory.nextTcpPeer(BlockReaderFactory.java:821)
	at org.apache.hadoop.hdfs.client.impl.BlockReaderFactory.getRemoteBlockReaderFromTcp(BlockReaderFactory.java:746)
	at org.apache.hadoop.hdfs.client.impl.BlockReaderFactory.build(BlockReaderFactory.java:379)
	at org.apache.hadoop.hdfs.DFSInputStream.getBlockReader(DFSInputStream.java:641)
	at org.apache.hadoop.hdfs.DFSInputStream.blockSeekTo(DFSInputStream.java:572)
	at org.apache.hadoop.hdfs.DFSInputStream.seekToBlockSource(DFSInputStream.java:1484)
	at org.apache.hadoop.hdfs.DFSInputStream.readBuffer(DFSInputStream.java:725)
	at org.apache.hadoop.hdfs.DFSInputStream.readWithStrategy(DFSInputStream.java:763)
	at org.apache.hadoop.hdfs.DFSInputStream.read(DFSInputStream.java:820)
	at java.io.DataInputStream.read(DataInputStream.java:100)
	at org.apache.hadoop.io.IOUtils.copyBytes(IOUtils.java:100)
	at org.apache.hadoop.io.IOUtils.copyBytes(IOUtils.java:68)
	at org.apache.hadoop.io.IOUtils.copyBytes(IOUtils.java:129)
	at org.apache.hadoop.fs.shell.CommandWithDestination$TargetFileSystem.writeStreamToFile(CommandWithDestination.java:485)
	at org.apache.hadoop.fs.shell.CommandWithDestination.copyStreamToTarget(CommandWithDestination.java:407)
	at org.apache.hadoop.fs.shell.CommandWithDestination.copyFileToTarget(CommandWithDestination.java:342)
	at org.apache.hadoop.fs.shell.CommandWithDestination.processPath(CommandWithDestination.java:277)
	at org.apache.hadoop.fs.shell.CommandWithDestination.processPath(CommandWithDestination.java:262)
	at org.apache.hadoop.fs.shell.Command.processPaths(Command.java:331)
	at org.apache.hadoop.fs.shell.Command.processPathArgument(Command.java:303)
	at org.apache.hadoop.fs.shell.CommandWithDestination.processPathArgument(CommandWithDestination.java:257)
	at org.apache.hadoop.fs.shell.Command.processArgument(Command.java:285)
	at org.apache.hadoop.fs.shell.Command.processArguments(Command.java:269)
	at org.apache.hadoop.fs.shell.CommandWithDestination.processArguments(CommandWithDestination.java:228)
	at org.apache.hadoop.fs.shell.FsCommand.processRawArguments(FsCommand.java:120)
	at org.apache.hadoop.fs.shell.Command.run(Command.java:176)
	at org.apache.hadoop.fs.FsShell.run(FsShell.java:328)
	at org.apache.hadoop.util.ToolRunner.run(ToolRunner.java:76)
	at org.apache.hadoop.util.ToolRunner.run(ToolRunner.java:90)
	at org.apache.hadoop.fs.FsShell.main(FsShell.java:391)
2019-03-27 23:45:45,903 WARN  hdfs.DFSClient DFSInputStream.java:blockSeekTo:594 - Failed to connect to /10.10.1.6:9866 for block BP-836287974-130.127.133.65-1553751603389:blk_1073741916_1092, add to deadNodes and continue. 
java.net.ConnectException: Connection refused
	at sun.nio.ch.SocketChannelImpl.checkConnect(Native Method)
	at sun.nio.ch.SocketChannelImpl.finishConnect(SocketChannelImpl.java:717)
	at org.apache.hadoop.net.SocketIOWithTimeout.connect(SocketIOWithTimeout.java:206)
	at org.apache.hadoop.net.NetUtils.connect(NetUtils.java:531)
	at org.apache.hadoop.hdfs.DFSClient.newConnectedPeer(DFSClient.java:2924)
	at org.apache.hadoop.hdfs.client.impl.BlockReaderFactory.nextTcpPeer(BlockReaderFactory.java:821)
	at org.apache.hadoop.hdfs.client.impl.BlockReaderFactory.getRemoteBlockReaderFromTcp(BlockReaderFactory.java:746)
	at org.apache.hadoop.hdfs.client.impl.BlockReaderFactory.build(BlockReaderFactory.java:379)
	at org.apache.hadoop.hdfs.DFSInputStream.getBlockReader(DFSInputStream.java:641)
	at org.apache.hadoop.hdfs.DFSInputStream.blockSeekTo(DFSInputStream.java:572)
	at org.apache.hadoop.hdfs.DFSInputStream.seekToBlockSource(DFSInputStream.java:1484)
	at org.apache.hadoop.hdfs.DFSInputStream.readBuffer(DFSInputStream.java:725)
	at org.apache.hadoop.hdfs.DFSInputStream.readWithStrategy(DFSInputStream.java:763)
	at org.apache.hadoop.hdfs.DFSInputStream.read(DFSInputStream.java:820)
	at java.io.DataInputStream.read(DataInputStream.java:100)
	at org.apache.hadoop.io.IOUtils.copyBytes(IOUtils.java:100)
	at org.apache.hadoop.io.IOUtils.copyBytes(IOUtils.java:68)
	at org.apache.hadoop.io.IOUtils.copyBytes(IOUtils.java:129)
	at org.apache.hadoop.fs.shell.CommandWithDestination$TargetFileSystem.writeStreamToFile(CommandWithDestination.java:485)
	at org.apache.hadoop.fs.shell.CommandWithDestination.copyStreamToTarget(CommandWithDestination.java:407)
	at org.apache.hadoop.fs.shell.CommandWithDestination.copyFileToTarget(CommandWithDestination.java:342)
	at org.apache.hadoop.fs.shell.CommandWithDestination.processPath(CommandWithDestination.java:277)
	at org.apache.hadoop.fs.shell.CommandWithDestination.processPath(CommandWithDestination.java:262)
	at org.apache.hadoop.fs.shell.Command.processPaths(Command.java:331)
	at org.apache.hadoop.fs.shell.Command.processPathArgument(Command.java:303)
	at org.apache.hadoop.fs.shell.CommandWithDestination.processPathArgument(CommandWithDestination.java:257)
	at org.apache.hadoop.fs.shell.Command.processArgument(Command.java:285)
	at org.apache.hadoop.fs.shell.Command.processArguments(Command.java:269)
	at org.apache.hadoop.fs.shell.CommandWithDestination.processArguments(CommandWithDestination.java:228)
	at org.apache.hadoop.fs.shell.FsCommand.processRawArguments(FsCommand.java:120)
	at org.apache.hadoop.fs.shell.Command.run(Command.java:176)
	at org.apache.hadoop.fs.FsShell.run(FsShell.java:328)
	at org.apache.hadoop.util.ToolRunner.run(ToolRunner.java:76)
	at org.apache.hadoop.util.ToolRunner.run(ToolRunner.java:90)
	at org.apache.hadoop.fs.FsShell.main(FsShell.java:391)
2019-03-27 23:45:45,906 INFO  hdfs.DFSClient DFSInputStream.java:blockSeekTo:576 - Successfully connected to /10.10.1.3:9866 for BP-836287974-130.127.133.65-1553751603389:blk_1073741916_1092
file 4 has been read from HDFS for 1 time
diff succeed!
file 4 has been read from HDFS for 2 time
diff succeed!
file 4 has been read from HDFS for 3 time
diff succeed!
file 4 has been read from HDFS for 4 time
diff succeed!
file 4 has been read from HDFS for 5 time
diff succeed!
file 4 has been read from HDFS for 6 time
diff succeed!
file 4 has been read from HDFS for 7 time
diff succeed!
file 4 has been read from HDFS for 8 time
diff succeed!
file 4 has been read from HDFS for 9 time
diff succeed!
file 4 has been read from HDFS for 10 time
diff succeed!
Deleted /myfile4
file 4 has been removed from HDFS
Found 5 items
-rw-r--r--   3 root supergroup 1073741824 2019-03-27 23:46 /myfile1
-rw-r--r--   3 root supergroup 1073741824 2019-03-27 23:46 /myfile2
-rw-r--r--   3 root supergroup 1073741824 2019-03-27 23:46 /myfile3
-rw-r--r--   3 root supergroup 1073741824 2019-03-27 23:46 /myfile4
-rw-r--r--   3 root supergroup 1073741824 2019-03-27 23:46 /myfile5
file 4 has been put into HDFS
file 4 has been read from HDFS for 1 time
diff succeed!
file 4 has been read from HDFS for 2 time
diff succeed!
file 4 has been read from HDFS for 3 time
diff succeed!
file 4 has been read from HDFS for 4 time
diff succeed!
file 4 has been read from HDFS for 5 time
diff succeed!
file 4 has been read from HDFS for 6 time
diff succeed!
file 4 has been read from HDFS for 7 time
diff succeed!
file 4 has been read from HDFS for 8 time
diff succeed!
file 4 has been read from HDFS for 9 time
diff succeed!
file 4 has been read from HDFS for 10 time
diff succeed!
Deleted /myfile4
file 4 has been removed from HDFS
Found 5 items
-rw-r--r--   3 root supergroup 1073741824 2019-03-27 23:49 /myfile1
-rw-r--r--   3 root supergroup 1073741824 2019-03-27 23:47 /myfile2
-rw-r--r--   3 root supergroup 1073741824 2019-03-27 23:48 /myfile3
-rw-r--r--   3 root supergroup 1073741824 2019-03-27 23:49 /myfile4
-rw-r--r--   3 root supergroup 1073741824 2019-03-27 23:47 /myfile5
file 4 has been put into HDFS
file 4 has been read from HDFS for 1 time
diff succeed!
file 4 has been read from HDFS for 2 time
diff succeed!
file 4 has been read from HDFS for 3 time
diff succeed!
file 4 has been read from HDFS for 4 time
diff succeed!
file 4 has been read from HDFS for 5 time
diff succeed!
file 4 has been read from HDFS for 6 time
diff succeed!
file 4 has been read from HDFS for 7 time
diff succeed!
file 4 has been read from HDFS for 8 time
diff succeed!
file 4 has been read from HDFS for 9 time
diff succeed!
file 4 has been read from HDFS for 10 time
diff succeed!
Deleted /myfile4
file 4 has been removed from HDFS
2019-03-27 23:50:52,662 INFO  hdfs.DataStreamer DataStreamer.java:createBlockOutputStream:1789 - Exception in createBlockOutputStream blk_1073742025_1201
java.io.IOException: Got error, status=ERROR, status message , ack with firstBadLink as 10.10.1.6:9866
	at org.apache.hadoop.hdfs.protocol.datatransfer.DataTransferProtoUtil.checkBlockOpStatus(DataTransferProtoUtil.java:134)
	at org.apache.hadoop.hdfs.protocol.datatransfer.DataTransferProtoUtil.checkBlockOpStatus(DataTransferProtoUtil.java:110)
	at org.apache.hadoop.hdfs.DataStreamer.createBlockOutputStream(DataStreamer.java:1778)
	at org.apache.hadoop.hdfs.DataStreamer.nextBlockOutputStream(DataStreamer.java:1679)
	at org.apache.hadoop.hdfs.DataStreamer.run(DataStreamer.java:716)
2019-03-27 23:50:52,666 WARN  hdfs.DataStreamer DataStreamer.java:nextBlockOutputStream:1683 - Abandoning BP-836287974-130.127.133.65-1553751603389:blk_1073742025_1201
2019-03-27 23:51:03,195 WARN  hdfs.DataStreamer DataStreamer.java:nextBlockOutputStream:1688 - Excluding datanode DatanodeInfoWithStorage[10.10.1.6:9866,DS-fe9d48f4-808d-4351-b35b-f51e9d4538ea,DISK]
Found 5 items
-rw-r--r--   3 root supergroup 1073741824 2019-03-27 23:51 /myfile1
-rw-r--r--   3 root supergroup 1073741824 2019-03-27 23:49 /myfile2
-rw-r--r--   3 root supergroup 1073741824 2019-03-27 23:49 /myfile3
-rw-r--r--   3 root supergroup 1073741824 2019-03-27 23:51 /myfile4
-rw-r--r--   3 root supergroup 1073741824 2019-03-27 23:49 /myfile5
file 4 has been put into HDFS
file 4 has been read from HDFS for 1 time
diff succeed!
file 4 has been read from HDFS for 2 time
diff succeed!
file 4 has been read from HDFS for 3 time
diff succeed!
file 4 has been read from HDFS for 4 time
diff succeed!
file 4 has been read from HDFS for 5 time
diff succeed!
file 4 has been read from HDFS for 6 time
diff succeed!
file 4 has been read from HDFS for 7 time
diff succeed!
file 4 has been read from HDFS for 8 time
diff succeed!
file 4 has been read from HDFS for 9 time
diff succeed!
file 4 has been read from HDFS for 10 time
diff succeed!
Deleted /myfile4
file 4 has been removed from HDFS
Found 5 items
-rw-r--r--   3 root supergroup 1073741824 2019-03-27 23:53 /myfile1
-rw-r--r--   3 root supergroup 1073741824 2019-03-27 23:52 /myfile2
-rw-r--r--   3 root supergroup 1073741824 2019-03-27 23:52 /myfile3
-rw-r--r--   3 root supergroup 1073741824 2019-03-27 23:53 /myfile4
-rw-r--r--   3 root supergroup 1073741824 2019-03-27 23:52 /myfile5
file 4 has been put into HDFS
file 4 has been read from HDFS for 1 time
diff succeed!
file 4 has been read from HDFS for 2 time
diff succeed!
file 4 has been read from HDFS for 3 time
diff succeed!
file 4 has been read from HDFS for 4 time
diff succeed!
file 4 has been read from HDFS for 5 time
diff succeed!
file 4 has been read from HDFS for 6 time
diff succeed!
file 4 has been read from HDFS for 7 time
diff succeed!
file 4 has been read from HDFS for 8 time
diff succeed!
