Found 5 items
-rw-r--r--   3 root supergroup 1073741824 2019-03-27 07:16 /myfile1
-rw-r--r--   3 root supergroup 1073741824 2019-03-27 07:16 /myfile2
-rw-r--r--   3 root supergroup 1073741824 2019-03-27 07:16 /myfile3
-rw-r--r--   3 root supergroup 1073741824 2019-03-27 07:16 /myfile4
-rw-r--r--   3 root supergroup 1073741824 2019-03-27 07:16 /myfile5
file 1 has been put into HDFS
file 1 has been read from HDFS for 1 time
diff succeed!
file 1 has been read from HDFS for 2 time
diff succeed!
file 1 has been read from HDFS for 3 time
diff succeed!
file 1 has been read from HDFS for 4 time
diff succeed!
file 1 has been read from HDFS for 5 time
diff succeed!
file 1 has been read from HDFS for 6 time
diff succeed!
file 1 has been read from HDFS for 7 time
diff succeed!
file 1 has been read from HDFS for 8 time
diff succeed!
file 1 has been read from HDFS for 9 time
diff succeed!
file 1 has been read from HDFS for 10 time
diff succeed!
Deleted /myfile1
file 1 has been removed from HDFS
Found 5 items
-rw-r--r--   3 root supergroup 1073741824 2019-03-27 07:18 /myfile1
-rw-r--r--   3 root supergroup 1073741824 2019-03-27 07:18 /myfile2
-rw-r--r--   3 root supergroup 1073741824 2019-03-27 07:18 /myfile3
-rw-r--r--   3 root supergroup 1073741824 2019-03-27 07:18 /myfile4
-rw-r--r--   3 root supergroup 1073741824 2019-03-27 07:18 /myfile5
file 1 has been put into HDFS
file 1 has been read from HDFS for 1 time
diff succeed!
file 1 has been read from HDFS for 2 time
diff succeed!
file 1 has been read from HDFS for 3 time
diff succeed!
file 1 has been read from HDFS for 4 time
diff succeed!
file 1 has been read from HDFS for 5 time
diff succeed!
file 1 has been read from HDFS for 6 time
diff succeed!
file 1 has been read from HDFS for 7 time
diff succeed!
file 1 has been read from HDFS for 8 time
diff succeed!
file 1 has been read from HDFS for 9 time
diff succeed!
file 1 has been read from HDFS for 10 time
diff succeed!
Deleted /myfile1
file 1 has been removed from HDFS
Found 5 items
-rw-r--r--   3 root supergroup 1073741824 2019-03-27 07:21 /myfile1
-rw-r--r--   3 root supergroup 1073741824 2019-03-27 07:19 /myfile2
-rw-r--r--   3 root supergroup 1073741824 2019-03-27 07:20 /myfile3
-rw-r--r--   3 root supergroup 1073741824 2019-03-27 07:20 /myfile4
-rw-r--r--   3 root supergroup 1073741824 2019-03-27 07:19 /myfile5
file 1 has been put into HDFS
file 1 has been read from HDFS for 1 time
diff succeed!
file 1 has been read from HDFS for 2 time
diff succeed!
file 1 has been read from HDFS for 3 time
diff succeed!
file 1 has been read from HDFS for 4 time
diff succeed!
file 1 has been read from HDFS for 5 time
diff succeed!
file 1 has been read from HDFS for 6 time
diff succeed!
file 1 has been read from HDFS for 7 time
diff succeed!
file 1 has been read from HDFS for 8 time
diff succeed!
file 1 has been read from HDFS for 9 time
diff succeed!
file 1 has been read from HDFS for 10 time
diff succeed!
Deleted /myfile1
file 1 has been removed from HDFS
Found 5 items
-rw-r--r--   3 root supergroup 1073741824 2019-03-27 07:22 /myfile1
-rw-r--r--   3 root supergroup 1073741824 2019-03-27 07:22 /myfile2
-rw-r--r--   3 root supergroup 1073741824 2019-03-27 07:22 /myfile3
-rw-r--r--   3 root supergroup 1073741824 2019-03-27 07:22 /myfile4
-rw-r--r--   3 root supergroup 1073741824 2019-03-27 07:22 /myfile5
file 1 has been put into HDFS
file 1 has been read from HDFS for 1 time
diff succeed!
file 1 has been read from HDFS for 2 time
diff succeed!
file 1 has been read from HDFS for 3 time
diff succeed!
file 1 has been read from HDFS for 4 time
diff succeed!
file 1 has been read from HDFS for 5 time
diff succeed!
file 1 has been read from HDFS for 6 time
diff succeed!
file 1 has been read from HDFS for 7 time
diff succeed!
file 1 has been read from HDFS for 8 time
diff succeed!
file 1 has been read from HDFS for 9 time
diff succeed!
file 1 has been read from HDFS for 10 time
diff succeed!
Deleted /myfile1
file 1 has been removed from HDFS
Found 5 items
-rw-r--r--   3 root supergroup 1073741824 2019-03-27 07:24 /myfile1
-rw-r--r--   3 root supergroup 1073741824 2019-03-27 07:24 /myfile2
-rw-r--r--   3 root supergroup 1073741824 2019-03-27 07:22 /myfile3
-rw-r--r--   3 root supergroup 1073741824 2019-03-27 07:22 /myfile4
-rw-r--r--   3 root supergroup 1073741824 2019-03-27 07:24 /myfile5
file 1 has been put into HDFS
file 1 has been read from HDFS for 1 time
diff succeed!
file 1 has been read from HDFS for 2 time
diff succeed!
file 1 has been read from HDFS for 3 time
diff succeed!
file 1 has been read from HDFS for 4 time
diff succeed!
file 1 has been read from HDFS for 5 time
diff succeed!
file 1 has been read from HDFS for 6 time
diff succeed!
file 1 has been read from HDFS for 7 time
diff succeed!
file 1 has been read from HDFS for 8 time
diff succeed!
file 1 has been read from HDFS for 9 time
diff succeed!
file 1 has been read from HDFS for 10 time
diff succeed!
Deleted /myfile1
file 1 has been removed from HDFS
Found 5 items
-rw-r--r--   3 root supergroup 1073741824 2019-03-27 07:26 /myfile1
-rw-r--r--   3 root supergroup 1073741824 2019-03-27 07:25 /myfile2
-rw-r--r--   3 root supergroup 1073741824 2019-03-27 07:25 /myfile3
-rw-r--r--   3 root supergroup 1073741824 2019-03-27 07:25 /myfile4
-rw-r--r--   3 root supergroup 1073741824 2019-03-27 07:26 /myfile5
file 1 has been put into HDFS
file 1 has been read from HDFS for 1 time
diff succeed!
file 1 has been read from HDFS for 2 time
diff succeed!
file 1 has been read from HDFS for 3 time
diff succeed!
file 1 has been read from HDFS for 4 time
diff succeed!
file 1 has been read from HDFS for 5 time
diff succeed!
file 1 has been read from HDFS for 6 time
diff succeed!
file 1 has been read from HDFS for 7 time
diff succeed!
file 1 has been read from HDFS for 8 time
diff succeed!
file 1 has been read from HDFS for 9 time
diff succeed!
file 1 has been read from HDFS for 10 time
diff succeed!
Deleted /myfile1
file 1 has been removed from HDFS
2019-03-27 07:27:36,121 INFO  retry.RetryInvocationHandler RetryInvocationHandler.java:log:411 - java.io.EOFException: End of File Exception between local host is: "clnode039.clemson.cloudlab.us/130.127.133.48"; destination host is: "node-0-link-0":8020; : java.io.EOFException; For more details see:  http://wiki.apache.org/hadoop/EOFException, while invoking ClientNamenodeProtocolTranslatorPB.addBlock over node-0-link-0/10.10.1.1:8020. Trying to failover immediately.
2019-03-27 07:27:36,152 INFO  retry.RetryInvocationHandler RetryInvocationHandler.java:log:411 - org.apache.hadoop.ipc.RemoteException(org.apache.hadoop.ipc.StandbyException): Operation category READ is not supported in state standby. Visit https://s.apache.org/sbnn-error
	at org.apache.hadoop.hdfs.server.namenode.ha.StandbyState.checkOperation(StandbyState.java:88)
	at org.apache.hadoop.hdfs.server.namenode.NameNode$NameNodeHAContext.checkOperation(NameNode.java:1952)
	at org.apache.hadoop.hdfs.server.namenode.FSNamesystem.checkOperation(FSNamesystem.java:1423)
	at org.apache.hadoop.hdfs.server.namenode.FSNamesystem.getAdditionalBlock(FSNamesystem.java:2674)
	at org.apache.hadoop.hdfs.server.namenode.NameNodeRpcServer.addBlock(NameNodeRpcServer.java:875)
	at org.apache.hadoop.hdfs.protocolPB.ClientNamenodeProtocolServerSideTranslatorPB.addBlock(ClientNamenodeProtocolServerSideTranslatorPB.java:561)
	at org.apache.hadoop.hdfs.protocol.proto.ClientNamenodeProtocolProtos$ClientNamenodeProtocol$2.callBlockingMethod(ClientNamenodeProtocolProtos.java)
	at org.apache.hadoop.ipc.ProtobufRpcEngine$Server$ProtoBufRpcInvoker.call(ProtobufRpcEngine.java:523)
	at org.apache.hadoop.ipc.RPC$Server.call(RPC.java:991)
	at org.apache.hadoop.ipc.Server$RpcCall.run(Server.java:872)
	at org.apache.hadoop.ipc.Server$RpcCall.run(Server.java:818)
	at java.security.AccessController.doPrivileged(Native Method)
	at javax.security.auth.Subject.doAs(Subject.java:422)
	at org.apache.hadoop.security.UserGroupInformation.doAs(UserGroupInformation.java:1729)
	at org.apache.hadoop.ipc.Server$Handler.run(Server.java:2678)
, while invoking ClientNamenodeProtocolTranslatorPB.addBlock over node-1-link-0/10.10.1.4:8020 after 1 failover attempts. Trying to failover after sleeping for 1115ms.
2019-03-27 07:27:37,273 INFO  retry.RetryInvocationHandler RetryInvocationHandler.java:log:411 - java.net.ConnectException: Call From clnode039.clemson.cloudlab.us/130.127.133.48 to node-0-link-0:8020 failed on connection exception: java.net.ConnectException: Connection refused; For more details see:  http://wiki.apache.org/hadoop/ConnectionRefused, while invoking ClientNamenodeProtocolTranslatorPB.addBlock over node-0-link-0/10.10.1.1:8020 after 2 failover attempts. Trying to failover after sleeping for 2689ms.
2019-03-27 07:28:08,840 INFO  retry.RetryInvocationHandler RetryInvocationHandler.java:log:411 - org.apache.hadoop.ipc.RemoteException(org.apache.hadoop.ipc.RetriableException): org.apache.hadoop.hdfs.server.namenode.SafeModeException: Cannot add block to /myfile1._COPYING_. Name node is in safe mode.
The reported blocks 24 has reached the threshold 0.9990 of total blocks 24. The number of live datanodes 4 has reached the minimum number 0. In safe mode extension. Safe mode will be turned off automatically in 29 seconds. NamenodeHostName:node-1-link-0
	at org.apache.hadoop.hdfs.server.namenode.FSNamesystem.checkNameNodeSafeMode(FSNamesystem.java:1441)
	at org.apache.hadoop.hdfs.server.namenode.FSDirWriteFileOp.analyzeFileState(FSDirWriteFileOp.java:591)
	at org.apache.hadoop.hdfs.server.namenode.FSDirWriteFileOp.validateAddBlock(FSDirWriteFileOp.java:172)
	at org.apache.hadoop.hdfs.server.namenode.FSNamesystem.getAdditionalBlock(FSNamesystem.java:2679)
	at org.apache.hadoop.hdfs.server.namenode.NameNodeRpcServer.addBlock(NameNodeRpcServer.java:875)
	at org.apache.hadoop.hdfs.protocolPB.ClientNamenodeProtocolServerSideTranslatorPB.addBlock(ClientNamenodeProtocolServerSideTranslatorPB.java:561)
	at org.apache.hadoop.hdfs.protocol.proto.ClientNamenodeProtocolProtos$ClientNamenodeProtocol$2.callBlockingMethod(ClientNamenodeProtocolProtos.java)
	at org.apache.hadoop.ipc.ProtobufRpcEngine$Server$ProtoBufRpcInvoker.call(ProtobufRpcEngine.java:523)
	at org.apache.hadoop.ipc.RPC$Server.call(RPC.java:991)
	at org.apache.hadoop.ipc.Server$RpcCall.run(Server.java:872)
	at org.apache.hadoop.ipc.Server$RpcCall.run(Server.java:818)
	at java.security.AccessController.doPrivileged(Native Method)
	at javax.security.auth.Subject.doAs(Subject.java:422)
	at org.apache.hadoop.security.UserGroupInformation.doAs(UserGroupInformation.java:1729)
	at org.apache.hadoop.ipc.Server$Handler.run(Server.java:2678)
Caused by: org.apache.hadoop.hdfs.server.namenode.SafeModeException: Cannot add block to /myfile1._COPYING_. Name node is in safe mode.
The reported blocks 24 has reached the threshold 0.9990 of total blocks 24. The number of live datanodes 4 has reached the minimum number 0. In safe mode extension. Safe mode will be turned off automatically in 29 seconds. NamenodeHostName:node-1-link-0
	at org.apache.hadoop.hdfs.server.namenode.FSNamesystem.newSafemodeException(FSNamesystem.java:1450)
	at org.apache.hadoop.hdfs.server.namenode.FSNamesystem.checkNameNodeSafeMode(FSNamesystem.java:1437)
	... 14 more
, while invoking ClientNamenodeProtocolTranslatorPB.addBlock over node-1-link-0/10.10.1.4:8020 after 3 failover attempts. Retrying after sleeping for 2419ms.
2019-03-27 07:28:08,861 INFO  retry.RetryInvocationHandler RetryInvocationHandler.java:log:411 - org.apache.hadoop.ipc.RemoteException(org.apache.hadoop.ipc.RetriableException): org.apache.hadoop.hdfs.server.namenode.SafeModeException: Cannot renew lease for DFSClient_NONMAPREDUCE_1776139700_1. Name node is in safe mode.
The reported blocks 24 has reached the threshold 0.9990 of total blocks 24. The number of live datanodes 4 has reached the minimum number 0. In safe mode extension. Safe mode will be turned off automatically in 29 seconds. NamenodeHostName:node-1-link-0
	at org.apache.hadoop.hdfs.server.namenode.FSNamesystem.checkNameNodeSafeMode(FSNamesystem.java:1441)
	at org.apache.hadoop.hdfs.server.namenode.FSNamesystem.renewLease(FSNamesystem.java:3744)
	at org.apache.hadoop.hdfs.server.namenode.NameNodeRpcServer.renewLease(NameNodeRpcServer.java:1134)
	at org.apache.hadoop.hdfs.protocolPB.ClientNamenodeProtocolServerSideTranslatorPB.renewLease(ClientNamenodeProtocolServerSideTranslatorPB.java:737)
	at org.apache.hadoop.hdfs.protocol.proto.ClientNamenodeProtocolProtos$ClientNamenodeProtocol$2.callBlockingMethod(ClientNamenodeProtocolProtos.java)
	at org.apache.hadoop.ipc.ProtobufRpcEngine$Server$ProtoBufRpcInvoker.call(ProtobufRpcEngine.java:523)
	at org.apache.hadoop.ipc.RPC$Server.call(RPC.java:991)
	at org.apache.hadoop.ipc.Server$RpcCall.run(Server.java:872)
	at org.apache.hadoop.ipc.Server$RpcCall.run(Server.java:818)
	at java.security.AccessController.doPrivileged(Native Method)
	at javax.security.auth.Subject.doAs(Subject.java:422)
	at org.apache.hadoop.security.UserGroupInformation.doAs(UserGroupInformation.java:1729)
	at org.apache.hadoop.ipc.Server$Handler.run(Server.java:2678)
Caused by: org.apache.hadoop.hdfs.server.namenode.SafeModeException: Cannot renew lease for DFSClient_NONMAPREDUCE_1776139700_1. Name node is in safe mode.
The reported blocks 24 has reached the threshold 0.9990 of total blocks 24. The number of live datanodes 4 has reached the minimum number 0. In safe mode extension. Safe mode will be turned off automatically in 29 seconds. NamenodeHostName:node-1-link-0
	at org.apache.hadoop.hdfs.server.namenode.FSNamesystem.newSafemodeException(FSNamesystem.java:1450)
	at org.apache.hadoop.hdfs.server.namenode.FSNamesystem.checkNameNodeSafeMode(FSNamesystem.java:1437)
	... 12 more
, while invoking ClientNamenodeProtocolTranslatorPB.renewLease over node-1-link-0/10.10.1.4:8020. Retrying immediately.
2019-03-27 07:28:08,863 INFO  retry.RetryInvocationHandler RetryInvocationHandler.java:log:411 - org.apache.hadoop.ipc.RemoteException(org.apache.hadoop.ipc.RetriableException): org.apache.hadoop.hdfs.server.namenode.SafeModeException: Cannot renew lease for DFSClient_NONMAPREDUCE_1776139700_1. Name node is in safe mode.
The reported blocks 24 has reached the threshold 0.9990 of total blocks 24. The number of live datanodes 4 has reached the minimum number 0. In safe mode extension. Safe mode will be turned off automatically in 29 seconds. NamenodeHostName:node-1-link-0
	at org.apache.hadoop.hdfs.server.namenode.FSNamesystem.checkNameNodeSafeMode(FSNamesystem.java:1441)
	at org.apache.hadoop.hdfs.server.namenode.FSNamesystem.renewLease(FSNamesystem.java:3744)
	at org.apache.hadoop.hdfs.server.namenode.NameNodeRpcServer.renewLease(NameNodeRpcServer.java:1134)
	at org.apache.hadoop.hdfs.protocolPB.ClientNamenodeProtocolServerSideTranslatorPB.renewLease(ClientNamenodeProtocolServerSideTranslatorPB.java:737)
	at org.apache.hadoop.hdfs.protocol.proto.ClientNamenodeProtocolProtos$ClientNamenodeProtocol$2.callBlockingMethod(ClientNamenodeProtocolProtos.java)
	at org.apache.hadoop.ipc.ProtobufRpcEngine$Server$ProtoBufRpcInvoker.call(ProtobufRpcEngine.java:523)
	at org.apache.hadoop.ipc.RPC$Server.call(RPC.java:991)
	at org.apache.hadoop.ipc.Server$RpcCall.run(Server.java:872)
	at org.apache.hadoop.ipc.Server$RpcCall.run(Server.java:818)
	at java.security.AccessController.doPrivileged(Native Method)
	at javax.security.auth.Subject.doAs(Subject.java:422)
	at org.apache.hadoop.security.UserGroupInformation.doAs(UserGroupInformation.java:1729)
	at org.apache.hadoop.ipc.Server$Handler.run(Server.java:2678)
Caused by: org.apache.hadoop.hdfs.server.namenode.SafeModeException: Cannot renew lease for DFSClient_NONMAPREDUCE_1776139700_1. Name node is in safe mode.
The reported blocks 24 has reached the threshold 0.9990 of total blocks 24. The number of live datanodes 4 has reached the minimum number 0. In safe mode extension. Safe mode will be turned off automatically in 29 seconds. NamenodeHostName:node-1-link-0
	at org.apache.hadoop.hdfs.server.namenode.FSNamesystem.newSafemodeException(FSNamesystem.java:1450)
	at org.apache.hadoop.hdfs.server.namenode.FSNamesystem.checkNameNodeSafeMode(FSNamesystem.java:1437)
	... 12 more
, while invoking ClientNamenodeProtocolTranslatorPB.renewLease over node-1-link-0/10.10.1.4:8020. Retrying after sleeping for 949ms.
2019-03-27 07:28:09,818 INFO  retry.RetryInvocationHandler RetryInvocationHandler.java:log:411 - org.apache.hadoop.ipc.RemoteException(org.apache.hadoop.ipc.RetriableException): org.apache.hadoop.hdfs.server.namenode.SafeModeException: Cannot renew lease for DFSClient_NONMAPREDUCE_1776139700_1. Name node is in safe mode.
The reported blocks 24 has reached the threshold 0.9990 of total blocks 24. The number of live datanodes 4 has reached the minimum number 0. In safe mode extension. Safe mode will be turned off automatically in 29 seconds. NamenodeHostName:node-1-link-0
	at org.apache.hadoop.hdfs.server.namenode.FSNamesystem.checkNameNodeSafeMode(FSNamesystem.java:1441)
	at org.apache.hadoop.hdfs.server.namenode.FSNamesystem.renewLease(FSNamesystem.java:3744)
	at org.apache.hadoop.hdfs.server.namenode.NameNodeRpcServer.renewLease(NameNodeRpcServer.java:1134)
	at org.apache.hadoop.hdfs.protocolPB.ClientNamenodeProtocolServerSideTranslatorPB.renewLease(ClientNamenodeProtocolServerSideTranslatorPB.java:737)
	at org.apache.hadoop.hdfs.protocol.proto.ClientNamenodeProtocolProtos$ClientNamenodeProtocol$2.callBlockingMethod(ClientNamenodeProtocolProtos.java)
	at org.apache.hadoop.ipc.ProtobufRpcEngine$Server$ProtoBufRpcInvoker.call(ProtobufRpcEngine.java:523)
	at org.apache.hadoop.ipc.RPC$Server.call(RPC.java:991)
	at org.apache.hadoop.ipc.Server$RpcCall.run(Server.java:872)
	at org.apache.hadoop.ipc.Server$RpcCall.run(Server.java:818)
	at java.security.AccessController.doPrivileged(Native Method)
	at javax.security.auth.Subject.doAs(Subject.java:422)
	at org.apache.hadoop.security.UserGroupInformation.doAs(UserGroupInformation.java:1729)
	at org.apache.hadoop.ipc.Server$Handler.run(Server.java:2678)
Caused by: org.apache.hadoop.hdfs.server.namenode.SafeModeException: Cannot renew lease for DFSClient_NONMAPREDUCE_1776139700_1. Name node is in safe mode.
The reported blocks 24 has reached the threshold 0.9990 of total blocks 24. The number of live datanodes 4 has reached the minimum number 0. In safe mode extension. Safe mode will be turned off automatically in 29 seconds. NamenodeHostName:node-1-link-0
	at org.apache.hadoop.hdfs.server.namenode.FSNamesystem.newSafemodeException(FSNamesystem.java:1450)
	at org.apache.hadoop.hdfs.server.namenode.FSNamesystem.checkNameNodeSafeMode(FSNamesystem.java:1437)
	... 12 more
, while invoking ClientNamenodeProtocolTranslatorPB.renewLease over node-1-link-0/10.10.1.4:8020. Retrying after sleeping for 1896ms.
2019-03-27 07:28:11,265 INFO  retry.RetryInvocationHandler RetryInvocationHandler.java:log:411 - org.apache.hadoop.ipc.RemoteException(org.apache.hadoop.ipc.RetriableException): org.apache.hadoop.hdfs.server.namenode.SafeModeException: Cannot add block to /myfile1._COPYING_. Name node is in safe mode.
The reported blocks 24 has reached the threshold 0.9990 of total blocks 24. The number of live datanodes 4 has reached the minimum number 0. In safe mode extension. Safe mode will be turned off automatically in 27 seconds. NamenodeHostName:node-1-link-0
	at org.apache.hadoop.hdfs.server.namenode.FSNamesystem.checkNameNodeSafeMode(FSNamesystem.java:1441)
	at org.apache.hadoop.hdfs.server.namenode.FSDirWriteFileOp.analyzeFileState(FSDirWriteFileOp.java:591)
	at org.apache.hadoop.hdfs.server.namenode.FSDirWriteFileOp.validateAddBlock(FSDirWriteFileOp.java:172)
	at org.apache.hadoop.hdfs.server.namenode.FSNamesystem.getAdditionalBlock(FSNamesystem.java:2679)
	at org.apache.hadoop.hdfs.server.namenode.NameNodeRpcServer.addBlock(NameNodeRpcServer.java:875)
	at org.apache.hadoop.hdfs.protocolPB.ClientNamenodeProtocolServerSideTranslatorPB.addBlock(ClientNamenodeProtocolServerSideTranslatorPB.java:561)
	at org.apache.hadoop.hdfs.protocol.proto.ClientNamenodeProtocolProtos$ClientNamenodeProtocol$2.callBlockingMethod(ClientNamenodeProtocolProtos.java)
	at org.apache.hadoop.ipc.ProtobufRpcEngine$Server$ProtoBufRpcInvoker.call(ProtobufRpcEngine.java:523)
	at org.apache.hadoop.ipc.RPC$Server.call(RPC.java:991)
	at org.apache.hadoop.ipc.Server$RpcCall.run(Server.java:872)
	at org.apache.hadoop.ipc.Server$RpcCall.run(Server.java:818)
	at java.security.AccessController.doPrivileged(Native Method)
	at javax.security.auth.Subject.doAs(Subject.java:422)
	at org.apache.hadoop.security.UserGroupInformation.doAs(UserGroupInformation.java:1729)
	at org.apache.hadoop.ipc.Server$Handler.run(Server.java:2678)
Caused by: org.apache.hadoop.hdfs.server.namenode.SafeModeException: Cannot add block to /myfile1._COPYING_. Name node is in safe mode.
The reported blocks 24 has reached the threshold 0.9990 of total blocks 24. The number of live datanodes 4 has reached the minimum number 0. In safe mode extension. Safe mode will be turned off automatically in 27 seconds. NamenodeHostName:node-1-link-0
	at org.apache.hadoop.hdfs.server.namenode.FSNamesystem.newSafemodeException(FSNamesystem.java:1450)
	at org.apache.hadoop.hdfs.server.namenode.FSNamesystem.checkNameNodeSafeMode(FSNamesystem.java:1437)
	... 14 more
, while invoking ClientNamenodeProtocolTranslatorPB.addBlock over node-1-link-0/10.10.1.4:8020 after 3 failover attempts. Retrying after sleeping for 7164ms.
2019-03-27 07:28:11,720 INFO  retry.RetryInvocationHandler RetryInvocationHandler.java:log:411 - org.apache.hadoop.ipc.RemoteException(org.apache.hadoop.ipc.RetriableException): org.apache.hadoop.hdfs.server.namenode.SafeModeException: Cannot renew lease for DFSClient_NONMAPREDUCE_1776139700_1. Name node is in safe mode.
The reported blocks 24 has reached the threshold 0.9990 of total blocks 24. The number of live datanodes 4 has reached the minimum number 0. In safe mode extension. Safe mode will be turned off automatically in 27 seconds. NamenodeHostName:node-1-link-0
	at org.apache.hadoop.hdfs.server.namenode.FSNamesystem.checkNameNodeSafeMode(FSNamesystem.java:1441)
	at org.apache.hadoop.hdfs.server.namenode.FSNamesystem.renewLease(FSNamesystem.java:3744)
	at org.apache.hadoop.hdfs.server.namenode.NameNodeRpcServer.renewLease(NameNodeRpcServer.java:1134)
	at org.apache.hadoop.hdfs.protocolPB.ClientNamenodeProtocolServerSideTranslatorPB.renewLease(ClientNamenodeProtocolServerSideTranslatorPB.java:737)
	at org.apache.hadoop.hdfs.protocol.proto.ClientNamenodeProtocolProtos$ClientNamenodeProtocol$2.callBlockingMethod(ClientNamenodeProtocolProtos.java)
	at org.apache.hadoop.ipc.ProtobufRpcEngine$Server$ProtoBufRpcInvoker.call(ProtobufRpcEngine.java:523)
	at org.apache.hadoop.ipc.RPC$Server.call(RPC.java:991)
	at org.apache.hadoop.ipc.Server$RpcCall.run(Server.java:872)
	at org.apache.hadoop.ipc.Server$RpcCall.run(Server.java:818)
	at java.security.AccessController.doPrivileged(Native Method)
	at javax.security.auth.Subject.doAs(Subject.java:422)
	at org.apache.hadoop.security.UserGroupInformation.doAs(UserGroupInformation.java:1729)
	at org.apache.hadoop.ipc.Server$Handler.run(Server.java:2678)
Caused by: org.apache.hadoop.hdfs.server.namenode.SafeModeException: Cannot renew lease for DFSClient_NONMAPREDUCE_1776139700_1. Name node is in safe mode.
The reported blocks 24 has reached the threshold 0.9990 of total blocks 24. The number of live datanodes 4 has reached the minimum number 0. In safe mode extension. Safe mode will be turned off automatically in 27 seconds. NamenodeHostName:node-1-link-0
	at org.apache.hadoop.hdfs.server.namenode.FSNamesystem.newSafemodeException(FSNamesystem.java:1450)
	at org.apache.hadoop.hdfs.server.namenode.FSNamesystem.checkNameNodeSafeMode(FSNamesystem.java:1437)
	... 12 more
, while invoking ClientNamenodeProtocolTranslatorPB.renewLease over node-1-link-0/10.10.1.4:8020. Retrying after sleeping for 5024ms.
2019-03-27 07:28:16,747 INFO  retry.RetryInvocationHandler RetryInvocationHandler.java:log:411 - org.apache.hadoop.ipc.RemoteException(org.apache.hadoop.ipc.RetriableException): org.apache.hadoop.hdfs.server.namenode.SafeModeException: Cannot renew lease for DFSClient_NONMAPREDUCE_1776139700_1. Name node is in safe mode.
The reported blocks 24 has reached the threshold 0.9990 of total blocks 24. The number of live datanodes 4 has reached the minimum number 0. In safe mode extension. Safe mode will be turned off automatically in 22 seconds. NamenodeHostName:node-1-link-0
	at org.apache.hadoop.hdfs.server.namenode.FSNamesystem.checkNameNodeSafeMode(FSNamesystem.java:1441)
	at org.apache.hadoop.hdfs.server.namenode.FSNamesystem.renewLease(FSNamesystem.java:3744)
	at org.apache.hadoop.hdfs.server.namenode.NameNodeRpcServer.renewLease(NameNodeRpcServer.java:1134)
	at org.apache.hadoop.hdfs.protocolPB.ClientNamenodeProtocolServerSideTranslatorPB.renewLease(ClientNamenodeProtocolServerSideTranslatorPB.java:737)
	at org.apache.hadoop.hdfs.protocol.proto.ClientNamenodeProtocolProtos$ClientNamenodeProtocol$2.callBlockingMethod(ClientNamenodeProtocolProtos.java)
	at org.apache.hadoop.ipc.ProtobufRpcEngine$Server$ProtoBufRpcInvoker.call(ProtobufRpcEngine.java:523)
	at org.apache.hadoop.ipc.RPC$Server.call(RPC.java:991)
	at org.apache.hadoop.ipc.Server$RpcCall.run(Server.java:872)
	at org.apache.hadoop.ipc.Server$RpcCall.run(Server.java:818)
	at java.security.AccessController.doPrivileged(Native Method)
	at javax.security.auth.Subject.doAs(Subject.java:422)
	at org.apache.hadoop.security.UserGroupInformation.doAs(UserGroupInformation.java:1729)
	at org.apache.hadoop.ipc.Server$Handler.run(Server.java:2678)
Caused by: org.apache.hadoop.hdfs.server.namenode.SafeModeException: Cannot renew lease for DFSClient_NONMAPREDUCE_1776139700_1. Name node is in safe mode.
The reported blocks 24 has reached the threshold 0.9990 of total blocks 24. The number of live datanodes 4 has reached the minimum number 0. In safe mode extension. Safe mode will be turned off automatically in 22 seconds. NamenodeHostName:node-1-link-0
	at org.apache.hadoop.hdfs.server.namenode.FSNamesystem.newSafemodeException(FSNamesystem.java:1450)
	at org.apache.hadoop.hdfs.server.namenode.FSNamesystem.checkNameNodeSafeMode(FSNamesystem.java:1437)
	... 12 more
, while invoking ClientNamenodeProtocolTranslatorPB.renewLease over node-1-link-0/10.10.1.4:8020. Retrying after sleeping for 8375ms.
2019-03-27 07:28:18,434 INFO  retry.RetryInvocationHandler RetryInvocationHandler.java:log:411 - org.apache.hadoop.ipc.RemoteException(org.apache.hadoop.ipc.RetriableException): org.apache.hadoop.hdfs.server.namenode.SafeModeException: Cannot add block to /myfile1._COPYING_. Name node is in safe mode.
The reported blocks 24 has reached the threshold 0.9990 of total blocks 24. The number of live datanodes 4 has reached the minimum number 0. In safe mode extension. Safe mode will be turned off automatically in 20 seconds. NamenodeHostName:node-1-link-0
	at org.apache.hadoop.hdfs.server.namenode.FSNamesystem.checkNameNodeSafeMode(FSNamesystem.java:1441)
	at org.apache.hadoop.hdfs.server.namenode.FSDirWriteFileOp.analyzeFileState(FSDirWriteFileOp.java:591)
	at org.apache.hadoop.hdfs.server.namenode.FSDirWriteFileOp.validateAddBlock(FSDirWriteFileOp.java:172)
	at org.apache.hadoop.hdfs.server.namenode.FSNamesystem.getAdditionalBlock(FSNamesystem.java:2679)
	at org.apache.hadoop.hdfs.server.namenode.NameNodeRpcServer.addBlock(NameNodeRpcServer.java:875)
	at org.apache.hadoop.hdfs.protocolPB.ClientNamenodeProtocolServerSideTranslatorPB.addBlock(ClientNamenodeProtocolServerSideTranslatorPB.java:561)
	at org.apache.hadoop.hdfs.protocol.proto.ClientNamenodeProtocolProtos$ClientNamenodeProtocol$2.callBlockingMethod(ClientNamenodeProtocolProtos.java)
	at org.apache.hadoop.ipc.ProtobufRpcEngine$Server$ProtoBufRpcInvoker.call(ProtobufRpcEngine.java:523)
	at org.apache.hadoop.ipc.RPC$Server.call(RPC.java:991)
	at org.apache.hadoop.ipc.Server$RpcCall.run(Server.java:872)
	at org.apache.hadoop.ipc.Server$RpcCall.run(Server.java:818)
	at java.security.AccessController.doPrivileged(Native Method)
	at javax.security.auth.Subject.doAs(Subject.java:422)
	at org.apache.hadoop.security.UserGroupInformation.doAs(UserGroupInformation.java:1729)
	at org.apache.hadoop.ipc.Server$Handler.run(Server.java:2678)
Caused by: org.apache.hadoop.hdfs.server.namenode.SafeModeException: Cannot add block to /myfile1._COPYING_. Name node is in safe mode.
The reported blocks 24 has reached the threshold 0.9990 of total blocks 24. The number of live datanodes 4 has reached the minimum number 0. In safe mode extension. Safe mode will be turned off automatically in 20 seconds. NamenodeHostName:node-1-link-0
	at org.apache.hadoop.hdfs.server.namenode.FSNamesystem.newSafemodeException(FSNamesystem.java:1450)
	at org.apache.hadoop.hdfs.server.namenode.FSNamesystem.checkNameNodeSafeMode(FSNamesystem.java:1437)
	... 14 more
, while invoking ClientNamenodeProtocolTranslatorPB.addBlock over node-1-link-0/10.10.1.4:8020 after 3 failover attempts. Retrying after sleeping for 16880ms.
2019-03-27 07:28:25,125 INFO  retry.RetryInvocationHandler RetryInvocationHandler.java:log:411 - org.apache.hadoop.ipc.RemoteException(org.apache.hadoop.ipc.RetriableException): org.apache.hadoop.hdfs.server.namenode.SafeModeException: Cannot renew lease for DFSClient_NONMAPREDUCE_1776139700_1. Name node is in safe mode.
The reported blocks 24 has reached the threshold 0.9990 of total blocks 24. The number of live datanodes 4 has reached the minimum number 0. In safe mode extension. Safe mode will be turned off automatically in 13 seconds. NamenodeHostName:node-1-link-0
	at org.apache.hadoop.hdfs.server.namenode.FSNamesystem.checkNameNodeSafeMode(FSNamesystem.java:1441)
	at org.apache.hadoop.hdfs.server.namenode.FSNamesystem.renewLease(FSNamesystem.java:3744)
	at org.apache.hadoop.hdfs.server.namenode.NameNodeRpcServer.renewLease(NameNodeRpcServer.java:1134)
	at org.apache.hadoop.hdfs.protocolPB.ClientNamenodeProtocolServerSideTranslatorPB.renewLease(ClientNamenodeProtocolServerSideTranslatorPB.java:737)
	at org.apache.hadoop.hdfs.protocol.proto.ClientNamenodeProtocolProtos$ClientNamenodeProtocol$2.callBlockingMethod(ClientNamenodeProtocolProtos.java)
	at org.apache.hadoop.ipc.ProtobufRpcEngine$Server$ProtoBufRpcInvoker.call(ProtobufRpcEngine.java:523)
	at org.apache.hadoop.ipc.RPC$Server.call(RPC.java:991)
	at org.apache.hadoop.ipc.Server$RpcCall.run(Server.java:872)
	at org.apache.hadoop.ipc.Server$RpcCall.run(Server.java:818)
	at java.security.AccessController.doPrivileged(Native Method)
	at javax.security.auth.Subject.doAs(Subject.java:422)
	at org.apache.hadoop.security.UserGroupInformation.doAs(UserGroupInformation.java:1729)
	at org.apache.hadoop.ipc.Server$Handler.run(Server.java:2678)
Caused by: org.apache.hadoop.hdfs.server.namenode.SafeModeException: Cannot renew lease for DFSClient_NONMAPREDUCE_1776139700_1. Name node is in safe mode.
The reported blocks 24 has reached the threshold 0.9990 of total blocks 24. The number of live datanodes 4 has reached the minimum number 0. In safe mode extension. Safe mode will be turned off automatically in 13 seconds. NamenodeHostName:node-1-link-0
	at org.apache.hadoop.hdfs.server.namenode.FSNamesystem.newSafemodeException(FSNamesystem.java:1450)
	at org.apache.hadoop.hdfs.server.namenode.FSNamesystem.checkNameNodeSafeMode(FSNamesystem.java:1437)
	... 12 more
, while invoking ClientNamenodeProtocolTranslatorPB.renewLease over node-1-link-0/10.10.1.4:8020. Retrying after sleeping for 13013ms.
2019-03-27 07:28:35,319 INFO  retry.RetryInvocationHandler RetryInvocationHandler.java:log:411 - org.apache.hadoop.ipc.RemoteException(org.apache.hadoop.ipc.RetriableException): org.apache.hadoop.hdfs.server.namenode.SafeModeException: Cannot add block to /myfile1._COPYING_. Name node is in safe mode.
The reported blocks 24 has reached the threshold 0.9990 of total blocks 24. The number of live datanodes 4 has reached the minimum number 0. In safe mode extension. Safe mode will be turned off automatically in 3 seconds. NamenodeHostName:node-1-link-0
	at org.apache.hadoop.hdfs.server.namenode.FSNamesystem.checkNameNodeSafeMode(FSNamesystem.java:1441)
	at org.apache.hadoop.hdfs.server.namenode.FSDirWriteFileOp.analyzeFileState(FSDirWriteFileOp.java:591)
	at org.apache.hadoop.hdfs.server.namenode.FSDirWriteFileOp.validateAddBlock(FSDirWriteFileOp.java:172)
	at org.apache.hadoop.hdfs.server.namenode.FSNamesystem.getAdditionalBlock(FSNamesystem.java:2679)
	at org.apache.hadoop.hdfs.server.namenode.NameNodeRpcServer.addBlock(NameNodeRpcServer.java:875)
	at org.apache.hadoop.hdfs.protocolPB.ClientNamenodeProtocolServerSideTranslatorPB.addBlock(ClientNamenodeProtocolServerSideTranslatorPB.java:561)
	at org.apache.hadoop.hdfs.protocol.proto.ClientNamenodeProtocolProtos$ClientNamenodeProtocol$2.callBlockingMethod(ClientNamenodeProtocolProtos.java)
	at org.apache.hadoop.ipc.ProtobufRpcEngine$Server$ProtoBufRpcInvoker.call(ProtobufRpcEngine.java:523)
	at org.apache.hadoop.ipc.RPC$Server.call(RPC.java:991)
	at org.apache.hadoop.ipc.Server$RpcCall.run(Server.java:872)
	at org.apache.hadoop.ipc.Server$RpcCall.run(Server.java:818)
	at java.security.AccessController.doPrivileged(Native Method)
	at javax.security.auth.Subject.doAs(Subject.java:422)
	at org.apache.hadoop.security.UserGroupInformation.doAs(UserGroupInformation.java:1729)
	at org.apache.hadoop.ipc.Server$Handler.run(Server.java:2678)
Caused by: org.apache.hadoop.hdfs.server.namenode.SafeModeException: Cannot add block to /myfile1._COPYING_. Name node is in safe mode.
The reported blocks 24 has reached the threshold 0.9990 of total blocks 24. The number of live datanodes 4 has reached the minimum number 0. In safe mode extension. Safe mode will be turned off automatically in 3 seconds. NamenodeHostName:node-1-link-0
	at org.apache.hadoop.hdfs.server.namenode.FSNamesystem.newSafemodeException(FSNamesystem.java:1450)
	at org.apache.hadoop.hdfs.server.namenode.FSNamesystem.checkNameNodeSafeMode(FSNamesystem.java:1437)
	... 14 more
, while invoking ClientNamenodeProtocolTranslatorPB.addBlock over node-1-link-0/10.10.1.4:8020 after 3 failover attempts. Retrying after sleeping for 15775ms.
2019-03-27 07:28:38,141 INFO  retry.RetryInvocationHandler RetryInvocationHandler.java:log:411 - org.apache.hadoop.ipc.RemoteException(org.apache.hadoop.ipc.RetriableException): org.apache.hadoop.hdfs.server.namenode.SafeModeException: Cannot renew lease for DFSClient_NONMAPREDUCE_1776139700_1. Name node is in safe mode.
The reported blocks 24 has reached the threshold 0.9990 of total blocks 24. The number of live datanodes 4 has reached the minimum number 0. In safe mode extension. Safe mode will be turned off automatically in 0 seconds. NamenodeHostName:node-1-link-0
	at org.apache.hadoop.hdfs.server.namenode.FSNamesystem.checkNameNodeSafeMode(FSNamesystem.java:1441)
	at org.apache.hadoop.hdfs.server.namenode.FSNamesystem.renewLease(FSNamesystem.java:3744)
	at org.apache.hadoop.hdfs.server.namenode.NameNodeRpcServer.renewLease(NameNodeRpcServer.java:1134)
	at org.apache.hadoop.hdfs.protocolPB.ClientNamenodeProtocolServerSideTranslatorPB.renewLease(ClientNamenodeProtocolServerSideTranslatorPB.java:737)
	at org.apache.hadoop.hdfs.protocol.proto.ClientNamenodeProtocolProtos$ClientNamenodeProtocol$2.callBlockingMethod(ClientNamenodeProtocolProtos.java)
	at org.apache.hadoop.ipc.ProtobufRpcEngine$Server$ProtoBufRpcInvoker.call(ProtobufRpcEngine.java:523)
	at org.apache.hadoop.ipc.RPC$Server.call(RPC.java:991)
	at org.apache.hadoop.ipc.Server$RpcCall.run(Server.java:872)
	at org.apache.hadoop.ipc.Server$RpcCall.run(Server.java:818)
	at java.security.AccessController.doPrivileged(Native Method)
	at javax.security.auth.Subject.doAs(Subject.java:422)
	at org.apache.hadoop.security.UserGroupInformation.doAs(UserGroupInformation.java:1729)
	at org.apache.hadoop.ipc.Server$Handler.run(Server.java:2678)
Caused by: org.apache.hadoop.hdfs.server.namenode.SafeModeException: Cannot renew lease for DFSClient_NONMAPREDUCE_1776139700_1. Name node is in safe mode.
The reported blocks 24 has reached the threshold 0.9990 of total blocks 24. The number of live datanodes 4 has reached the minimum number 0. In safe mode extension. Safe mode will be turned off automatically in 0 seconds. NamenodeHostName:node-1-link-0
	at org.apache.hadoop.hdfs.server.namenode.FSNamesystem.newSafemodeException(FSNamesystem.java:1450)
	at org.apache.hadoop.hdfs.server.namenode.FSNamesystem.checkNameNodeSafeMode(FSNamesystem.java:1437)
	... 12 more
, while invoking ClientNamenodeProtocolTranslatorPB.renewLease over node-1-link-0/10.10.1.4:8020. Retrying after sleeping for 8769ms.
Found 3 items
-rw-r--r--   3 root supergroup 1073741824 2019-03-27 07:28 /myfile1
-rw-r--r--   3 root supergroup 1073741824 2019-03-27 07:27 /myfile2
-rw-r--r--   3 root supergroup  671088640 2019-03-27 07:27 /myfile5._COPYING_
file 1 has been put into HDFS
file 1 has been read from HDFS for 1 time
diff succeed!
file 1 has been read from HDFS for 2 time
diff succeed!
file 1 has been read from HDFS for 3 time
diff succeed!
file 1 has been read from HDFS for 4 time
diff succeed!
file 1 has been read from HDFS for 5 time
diff succeed!
file 1 has been read from HDFS for 6 time
diff succeed!
file 1 has been read from HDFS for 7 time
diff succeed!
file 1 has been read from HDFS for 8 time
diff succeed!
file 1 has been read from HDFS for 9 time
diff succeed!
file 1 has been read from HDFS for 10 time
diff succeed!
Deleted /myfile1
file 1 has been removed from HDFS
Found 5 items
-rw-r--r--   3 root supergroup 1073741824 2019-03-27 07:30 /myfile1
-rw-r--r--   3 root supergroup 1073741824 2019-03-27 07:29 /myfile2
-rw-r--r--   3 root supergroup 1073741824 2019-03-27 07:29 /myfile3
-rw-r--r--   3 root supergroup 1073741824 2019-03-27 07:29 /myfile4
-rw-r--r--   3 root supergroup 1073741824 2019-03-27 07:29 /myfile5
file 1 has been put into HDFS
file 1 has been read from HDFS for 1 time
diff succeed!
file 1 has been read from HDFS for 2 time
diff succeed!
file 1 has been read from HDFS for 3 time
diff succeed!
file 1 has been read from HDFS for 4 time
diff succeed!
file 1 has been read from HDFS for 5 time
diff succeed!
file 1 has been read from HDFS for 6 time
diff succeed!
file 1 has been read from HDFS for 7 time
diff succeed!
file 1 has been read from HDFS for 8 time
diff succeed!
file 1 has been read from HDFS for 9 time
diff succeed!
file 1 has been read from HDFS for 10 time
diff succeed!
Deleted /myfile1
file 1 has been removed from HDFS
