Found 5 items
-rw-r--r--   3 root supergroup 1073741824 2019-03-21 10:20 /myfile1
-rw-r--r--   3 root supergroup 1073741824 2019-03-21 10:20 /myfile2
-rw-r--r--   3 root supergroup 1073741824 2019-03-21 10:20 /myfile3
-rw-r--r--   3 root supergroup 1073741824 2019-03-21 10:20 /myfile4
-rw-r--r--   3 root supergroup 1073741824 2019-03-21 10:20 /myfile5
file 5 has been put into HDFS
file 5 has been read from HDFS for 1 time
diff succeed!
file 5 has been read from HDFS for 2 time
diff succeed!
file 5 has been read from HDFS for 3 time
diff succeed!
file 5 has been read from HDFS for 4 time
diff succeed!
file 5 has been read from HDFS for 5 time
diff succeed!
file 5 has been read from HDFS for 6 time
diff succeed!
file 5 has been read from HDFS for 7 time
diff succeed!
file 5 has been read from HDFS for 8 time
diff succeed!
file 5 has been read from HDFS for 9 time
diff succeed!
file 5 has been read from HDFS for 10 time
diff succeed!
Deleted /myfile5
file 5 has been removed from HDFS
Found 4 items
-rw-r--r--   3 root supergroup 1073741824 2019-03-21 10:22 /myfile1
-rw-r--r--   3 root supergroup 1073741824 2019-03-21 10:22 /myfile2
-rw-r--r--   3 root supergroup  671088640 2019-03-21 10:22 /myfile4._COPYING_
-rw-r--r--   3 root supergroup 1073741824 2019-03-21 10:22 /myfile5
file 5 has been put into HDFS
file 5 has been read from HDFS for 1 time
diff succeed!
file 5 has been read from HDFS for 2 time
diff succeed!
file 5 has been read from HDFS for 3 time
diff succeed!
file 5 has been read from HDFS for 4 time
diff succeed!
file 5 has been read from HDFS for 5 time
diff succeed!
file 5 has been read from HDFS for 6 time
diff succeed!
file 5 has been read from HDFS for 7 time
diff succeed!
file 5 has been read from HDFS for 8 time
diff succeed!
file 5 has been read from HDFS for 9 time
diff succeed!
file 5 has been read from HDFS for 10 time
diff succeed!
Deleted /myfile5
file 5 has been removed from HDFS
Found 5 items
-rw-r--r--   3 root supergroup 1073741824 2019-03-21 10:22 /myfile1
-rw-r--r--   3 root supergroup 1073741824 2019-03-21 10:22 /myfile2
-rw-r--r--   3 root supergroup 1073741824 2019-03-21 10:22 /myfile3
-rw-r--r--   3 root supergroup 1073741824 2019-03-21 10:24 /myfile4
-rw-r--r--   3 root supergroup 1073741824 2019-03-21 10:24 /myfile5
file 5 has been put into HDFS
file 5 has been read from HDFS for 1 time
diff succeed!
file 5 has been read from HDFS for 2 time
diff succeed!
file 5 has been read from HDFS for 3 time
diff succeed!
file 5 has been read from HDFS for 4 time
diff succeed!
file 5 has been read from HDFS for 5 time
diff succeed!
file 5 has been read from HDFS for 6 time
diff succeed!
file 5 has been read from HDFS for 7 time
diff succeed!
file 5 has been read from HDFS for 8 time
diff succeed!
file 5 has been read from HDFS for 9 time
diff succeed!
file 5 has been read from HDFS for 10 time
diff succeed!
Deleted /myfile5
file 5 has been removed from HDFS
Found 5 items
-rw-r--r--   3 root supergroup 1073741824 2019-03-21 10:25 /myfile1
-rw-r--r--   3 root supergroup 1073741824 2019-03-21 10:24 /myfile2
-rw-r--r--   3 root supergroup 1073741824 2019-03-21 10:25 /myfile3
-rw-r--r--   3 root supergroup 1073741824 2019-03-21 10:26 /myfile4
-rw-r--r--   3 root supergroup 1073741824 2019-03-21 10:26 /myfile5
file 5 has been put into HDFS
file 5 has been read from HDFS for 1 time
diff succeed!
file 5 has been read from HDFS for 2 time
diff succeed!
file 5 has been read from HDFS for 3 time
diff succeed!
file 5 has been read from HDFS for 4 time
diff succeed!
file 5 has been read from HDFS for 5 time
diff succeed!
file 5 has been read from HDFS for 6 time
diff succeed!
file 5 has been read from HDFS for 7 time
diff succeed!
file 5 has been read from HDFS for 8 time
diff succeed!
file 5 has been read from HDFS for 9 time
diff succeed!
file 5 has been read from HDFS for 10 time
diff succeed!
Deleted /myfile5
file 5 has been removed from HDFS
Found 5 items
-rw-r--r--   3 root supergroup 1073741824 2019-03-21 10:27 /myfile1
-rw-r--r--   3 root supergroup          0 2019-03-21 10:28 /myfile2._COPYING_
-rw-r--r--   3 root supergroup 1073741824 2019-03-21 10:27 /myfile3
-rw-r--r--   3 root supergroup 1073741824 2019-03-21 10:28 /myfile4
-rw-r--r--   3 root supergroup 1073741824 2019-03-21 10:28 /myfile5
file 5 has been put into HDFS
file 5 has been read from HDFS for 1 time
diff succeed!
file 5 has been read from HDFS for 2 time
diff succeed!
file 5 has been read from HDFS for 3 time
diff succeed!
file 5 has been read from HDFS for 4 time
diff succeed!
file 5 has been read from HDFS for 5 time
diff succeed!
file 5 has been read from HDFS for 6 time
diff succeed!
file 5 has been read from HDFS for 7 time
diff succeed!
file 5 has been read from HDFS for 8 time
diff succeed!
file 5 has been read from HDFS for 9 time
diff succeed!
file 5 has been read from HDFS for 10 time
diff succeed!
Deleted /myfile5
file 5 has been removed from HDFS
Found 5 items
-rw-r--r--   3 root supergroup 1073741824 2019-03-21 10:29 /myfile1
-rw-r--r--   3 root supergroup  268435456 2019-03-21 10:30 /myfile2._COPYING_
-rw-r--r--   3 root supergroup 1073741824 2019-03-21 10:29 /myfile3
-rw-r--r--   3 root supergroup  536870912 2019-03-21 10:29 /myfile4._COPYING_
-rw-r--r--   3 root supergroup 1073741824 2019-03-21 10:30 /myfile5
file 5 has been put into HDFS
file 5 has been read from HDFS for 1 time
diff succeed!
file 5 has been read from HDFS for 2 time
diff succeed!
file 5 has been read from HDFS for 3 time
diff succeed!
file 5 has been read from HDFS for 4 time
diff succeed!
file 5 has been read from HDFS for 5 time
diff succeed!
file 5 has been read from HDFS for 6 time
diff succeed!
file 5 has been read from HDFS for 7 time
diff succeed!
file 5 has been read from HDFS for 8 time
diff succeed!
file 5 has been read from HDFS for 9 time
diff succeed!
file 5 has been read from HDFS for 10 time
diff succeed!
Deleted /myfile5
file 5 has been removed from HDFS
Found 5 items
-rw-r--r--   3 root supergroup 1073741824 2019-03-21 10:31 /myfile1
-rw-r--r--   3 root supergroup 1073741824 2019-03-21 10:32 /myfile2
-rw-r--r--   3 root supergroup 1073741824 2019-03-21 10:31 /myfile3
-rw-r--r--   3 root supergroup 1073741824 2019-03-21 10:32 /myfile4
-rw-r--r--   3 root supergroup 1073741824 2019-03-21 10:32 /myfile5
file 5 has been put into HDFS
file 5 has been read from HDFS for 1 time
diff succeed!
file 5 has been read from HDFS for 2 time
diff succeed!
file 5 has been read from HDFS for 3 time
diff succeed!
file 5 has been read from HDFS for 4 time
diff succeed!
file 5 has been read from HDFS for 5 time
diff succeed!
file 5 has been read from HDFS for 6 time
diff succeed!
file 5 has been read from HDFS for 7 time
diff succeed!
file 5 has been read from HDFS for 8 time
diff succeed!
file 5 has been read from HDFS for 9 time
diff succeed!
file 5 has been read from HDFS for 10 time
diff succeed!
Deleted /myfile5
file 5 has been removed from HDFS
Found 5 items
-rw-r--r--   3 root supergroup 1073741824 2019-03-21 10:33 /myfile1
-rw-r--r--   3 root supergroup 1073741824 2019-03-21 10:33 /myfile2
-rw-r--r--   3 root supergroup 1073741824 2019-03-21 10:33 /myfile3
-rw-r--r--   3 root supergroup 1073741824 2019-03-21 10:33 /myfile4
-rw-r--r--   3 root supergroup 1073741824 2019-03-21 10:33 /myfile5
file 5 has been put into HDFS
file 5 has been read from HDFS for 1 time
diff succeed!
file 5 has been read from HDFS for 2 time
diff succeed!
file 5 has been read from HDFS for 3 time
diff succeed!
file 5 has been read from HDFS for 4 time
diff succeed!
file 5 has been read from HDFS for 5 time
diff succeed!
file 5 has been read from HDFS for 6 time
diff succeed!
file 5 has been read from HDFS for 7 time
diff succeed!
file 5 has been read from HDFS for 8 time
diff succeed!
file 5 has been read from HDFS for 9 time
diff succeed!
file 5 has been read from HDFS for 10 time
diff succeed!
Deleted /myfile5
file 5 has been removed from HDFS
Found 5 items
-rw-r--r--   3 root supergroup 1073741824 2019-03-21 10:35 /myfile1
-rw-r--r--   3 root supergroup 1073741824 2019-03-21 10:35 /myfile2
-rw-r--r--   3 root supergroup 1073741824 2019-03-21 10:35 /myfile3
-rw-r--r--   3 root supergroup 1073741824 2019-03-21 10:35 /myfile4
-rw-r--r--   3 root supergroup 1073741824 2019-03-21 10:35 /myfile5
file 5 has been put into HDFS
file 5 has been read from HDFS for 1 time
diff succeed!
file 5 has been read from HDFS for 2 time
diff succeed!
file 5 has been read from HDFS for 3 time
diff succeed!
file 5 has been read from HDFS for 4 time
diff succeed!
file 5 has been read from HDFS for 5 time
diff succeed!
file 5 has been read from HDFS for 6 time
diff succeed!
file 5 has been read from HDFS for 7 time
diff succeed!
file 5 has been read from HDFS for 8 time
diff succeed!
file 5 has been read from HDFS for 9 time
diff succeed!
file 5 has been read from HDFS for 10 time
diff succeed!
Deleted /myfile5
file 5 has been removed from HDFS
2019-03-21 10:37:41,927 INFO  retry.RetryInvocationHandler RetryInvocationHandler.java:log:411 - java.io.EOFException: End of File Exception between local host is: "clnode087.clemson.cloudlab.us/130.127.133.96"; destination host is: "node-0-link-0":8020; : java.io.EOFException; For more details see:  http://wiki.apache.org/hadoop/EOFException, while invoking ClientNamenodeProtocolTranslatorPB.addBlock over node-0-link-0/10.10.1.1:8020. Trying to failover immediately.
2019-03-21 10:37:41,969 INFO  retry.RetryInvocationHandler RetryInvocationHandler.java:log:411 - org.apache.hadoop.ipc.RemoteException(org.apache.hadoop.ipc.StandbyException): Operation category READ is not supported in state standby. Visit https://s.apache.org/sbnn-error
	at org.apache.hadoop.hdfs.server.namenode.ha.StandbyState.checkOperation(StandbyState.java:88)
	at org.apache.hadoop.hdfs.server.namenode.NameNode$NameNodeHAContext.checkOperation(NameNode.java:1952)
	at org.apache.hadoop.hdfs.server.namenode.FSNamesystem.checkOperation(FSNamesystem.java:1423)
	at org.apache.hadoop.hdfs.server.namenode.FSNamesystem.getAdditionalBlock(FSNamesystem.java:2674)
	at org.apache.hadoop.hdfs.server.namenode.NameNodeRpcServer.addBlock(NameNodeRpcServer.java:875)
	at org.apache.hadoop.hdfs.protocolPB.ClientNamenodeProtocolServerSideTranslatorPB.addBlock(ClientNamenodeProtocolServerSideTranslatorPB.java:561)
	at org.apache.hadoop.hdfs.protocol.proto.ClientNamenodeProtocolProtos$ClientNamenodeProtocol$2.callBlockingMethod(ClientNamenodeProtocolProtos.java)
	at org.apache.hadoop.ipc.ProtobufRpcEngine$Server$ProtoBufRpcInvoker.call(ProtobufRpcEngine.java:523)
	at org.apache.hadoop.ipc.RPC$Server.call(RPC.java:991)
	at org.apache.hadoop.ipc.Server$RpcCall.run(Server.java:872)
	at org.apache.hadoop.ipc.Server$RpcCall.run(Server.java:818)
	at java.security.AccessController.doPrivileged(Native Method)
	at javax.security.auth.Subject.doAs(Subject.java:422)
	at org.apache.hadoop.security.UserGroupInformation.doAs(UserGroupInformation.java:1729)
	at org.apache.hadoop.ipc.Server$Handler.run(Server.java:2678)
, while invoking ClientNamenodeProtocolTranslatorPB.addBlock over node-1-link-0/10.10.1.4:8020 after 1 failover attempts. Trying to failover after sleeping for 1108ms.
2019-03-21 10:37:43,084 INFO  retry.RetryInvocationHandler RetryInvocationHandler.java:log:411 - java.net.ConnectException: Call From clnode087.clemson.cloudlab.us/130.127.133.96 to node-0-link-0:8020 failed on connection exception: java.net.ConnectException: Connection refused; For more details see:  http://wiki.apache.org/hadoop/ConnectionRefused, while invoking ClientNamenodeProtocolTranslatorPB.addBlock over node-0-link-0/10.10.1.1:8020 after 2 failover attempts. Trying to failover after sleeping for 2171ms.
2019-03-21 10:38:06,998 INFO  retry.RetryInvocationHandler RetryInvocationHandler.java:log:411 - java.io.IOException: DestHost:destPort node-1-link-0:8020 , LocalHost:localPort clnode087.clemson.cloudlab.us/130.127.133.96:0. Failed on local exception: java.io.IOException: Connection reset by peer, while invoking ClientNamenodeProtocolTranslatorPB.addBlock over node-1-link-0/10.10.1.4:8020. Trying to failover immediately.
2019-03-21 10:38:07,006 INFO  retry.RetryInvocationHandler RetryInvocationHandler.java:log:411 - org.apache.hadoop.ipc.RemoteException(org.apache.hadoop.ipc.StandbyException): Operation category READ is not supported in state standby. Visit https://s.apache.org/sbnn-error
	at org.apache.hadoop.hdfs.server.namenode.ha.StandbyState.checkOperation(StandbyState.java:88)
	at org.apache.hadoop.hdfs.server.namenode.NameNode$NameNodeHAContext.checkOperation(NameNode.java:1952)
	at org.apache.hadoop.hdfs.server.namenode.FSNamesystem.checkOperation(FSNamesystem.java:1423)
	at org.apache.hadoop.hdfs.server.namenode.FSNamesystem.getAdditionalBlock(FSNamesystem.java:2674)
	at org.apache.hadoop.hdfs.server.namenode.NameNodeRpcServer.addBlock(NameNodeRpcServer.java:875)
	at org.apache.hadoop.hdfs.protocolPB.ClientNamenodeProtocolServerSideTranslatorPB.addBlock(ClientNamenodeProtocolServerSideTranslatorPB.java:561)
	at org.apache.hadoop.hdfs.protocol.proto.ClientNamenodeProtocolProtos$ClientNamenodeProtocol$2.callBlockingMethod(ClientNamenodeProtocolProtos.java)
	at org.apache.hadoop.ipc.ProtobufRpcEngine$Server$ProtoBufRpcInvoker.call(ProtobufRpcEngine.java:523)
	at org.apache.hadoop.ipc.RPC$Server.call(RPC.java:991)
	at org.apache.hadoop.ipc.Server$RpcCall.run(Server.java:872)
	at org.apache.hadoop.ipc.Server$RpcCall.run(Server.java:818)
	at java.security.AccessController.doPrivileged(Native Method)
	at javax.security.auth.Subject.doAs(Subject.java:422)
	at org.apache.hadoop.security.UserGroupInformation.doAs(UserGroupInformation.java:1729)
	at org.apache.hadoop.ipc.Server$Handler.run(Server.java:2678)
, while invoking ClientNamenodeProtocolTranslatorPB.addBlock over node-0-link-0/10.10.1.1:8020 after 1 failover attempts. Trying to failover after sleeping for 1294ms.
2019-03-21 10:38:08,303 INFO  retry.RetryInvocationHandler RetryInvocationHandler.java:log:411 - java.net.ConnectException: Call From clnode087.clemson.cloudlab.us/130.127.133.96 to node-1-link-0:8020 failed on connection exception: java.net.ConnectException: Connection refused; For more details see:  http://wiki.apache.org/hadoop/ConnectionRefused, while invoking ClientNamenodeProtocolTranslatorPB.addBlock over node-1-link-0/10.10.1.4:8020 after 2 failover attempts. Trying to failover after sleeping for 2927ms.
2019-03-21 10:38:11,234 INFO  retry.RetryInvocationHandler RetryInvocationHandler.java:log:411 - org.apache.hadoop.ipc.RemoteException(org.apache.hadoop.ipc.RetriableException): org.apache.hadoop.hdfs.server.namenode.SafeModeException: Cannot add block to /myfile5._COPYING_. Name node is in safe mode.
The reported blocks 35 has reached the threshold 0.9990 of total blocks 35. The number of live datanodes 4 has reached the minimum number 0. In safe mode extension. Safe mode will be turned off automatically in 8 seconds. NamenodeHostName:node-0-link-0
	at org.apache.hadoop.hdfs.server.namenode.FSNamesystem.checkNameNodeSafeMode(FSNamesystem.java:1441)
	at org.apache.hadoop.hdfs.server.namenode.FSDirWriteFileOp.analyzeFileState(FSDirWriteFileOp.java:591)
	at org.apache.hadoop.hdfs.server.namenode.FSDirWriteFileOp.validateAddBlock(FSDirWriteFileOp.java:172)
	at org.apache.hadoop.hdfs.server.namenode.FSNamesystem.getAdditionalBlock(FSNamesystem.java:2679)
	at org.apache.hadoop.hdfs.server.namenode.NameNodeRpcServer.addBlock(NameNodeRpcServer.java:875)
	at org.apache.hadoop.hdfs.protocolPB.ClientNamenodeProtocolServerSideTranslatorPB.addBlock(ClientNamenodeProtocolServerSideTranslatorPB.java:561)
	at org.apache.hadoop.hdfs.protocol.proto.ClientNamenodeProtocolProtos$ClientNamenodeProtocol$2.callBlockingMethod(ClientNamenodeProtocolProtos.java)
	at org.apache.hadoop.ipc.ProtobufRpcEngine$Server$ProtoBufRpcInvoker.call(ProtobufRpcEngine.java:523)
	at org.apache.hadoop.ipc.RPC$Server.call(RPC.java:991)
	at org.apache.hadoop.ipc.Server$RpcCall.run(Server.java:872)
	at org.apache.hadoop.ipc.Server$RpcCall.run(Server.java:818)
	at java.security.AccessController.doPrivileged(Native Method)
	at javax.security.auth.Subject.doAs(Subject.java:422)
	at org.apache.hadoop.security.UserGroupInformation.doAs(UserGroupInformation.java:1729)
	at org.apache.hadoop.ipc.Server$Handler.run(Server.java:2678)
Caused by: org.apache.hadoop.hdfs.server.namenode.SafeModeException: Cannot add block to /myfile5._COPYING_. Name node is in safe mode.
The reported blocks 35 has reached the threshold 0.9990 of total blocks 35. The number of live datanodes 4 has reached the minimum number 0. In safe mode extension. Safe mode will be turned off automatically in 8 seconds. NamenodeHostName:node-0-link-0
	at org.apache.hadoop.hdfs.server.namenode.FSNamesystem.newSafemodeException(FSNamesystem.java:1450)
	at org.apache.hadoop.hdfs.server.namenode.FSNamesystem.checkNameNodeSafeMode(FSNamesystem.java:1437)
	... 14 more
, while invoking ClientNamenodeProtocolTranslatorPB.addBlock over node-0-link-0/10.10.1.1:8020 after 3 failover attempts. Retrying after sleeping for 5033ms.
2019-03-21 10:38:16,271 INFO  retry.RetryInvocationHandler RetryInvocationHandler.java:log:411 - org.apache.hadoop.ipc.RemoteException(org.apache.hadoop.ipc.RetriableException): org.apache.hadoop.hdfs.server.namenode.SafeModeException: Cannot add block to /myfile5._COPYING_. Name node is in safe mode.
The reported blocks 35 has reached the threshold 0.9990 of total blocks 35. The number of live datanodes 4 has reached the minimum number 0. In safe mode extension. Safe mode will be turned off automatically in 3 seconds. NamenodeHostName:node-0-link-0
	at org.apache.hadoop.hdfs.server.namenode.FSNamesystem.checkNameNodeSafeMode(FSNamesystem.java:1441)
	at org.apache.hadoop.hdfs.server.namenode.FSDirWriteFileOp.analyzeFileState(FSDirWriteFileOp.java:591)
	at org.apache.hadoop.hdfs.server.namenode.FSDirWriteFileOp.validateAddBlock(FSDirWriteFileOp.java:172)
	at org.apache.hadoop.hdfs.server.namenode.FSNamesystem.getAdditionalBlock(FSNamesystem.java:2679)
	at org.apache.hadoop.hdfs.server.namenode.NameNodeRpcServer.addBlock(NameNodeRpcServer.java:875)
	at org.apache.hadoop.hdfs.protocolPB.ClientNamenodeProtocolServerSideTranslatorPB.addBlock(ClientNamenodeProtocolServerSideTranslatorPB.java:561)
	at org.apache.hadoop.hdfs.protocol.proto.ClientNamenodeProtocolProtos$ClientNamenodeProtocol$2.callBlockingMethod(ClientNamenodeProtocolProtos.java)
	at org.apache.hadoop.ipc.ProtobufRpcEngine$Server$ProtoBufRpcInvoker.call(ProtobufRpcEngine.java:523)
	at org.apache.hadoop.ipc.RPC$Server.call(RPC.java:991)
	at org.apache.hadoop.ipc.Server$RpcCall.run(Server.java:872)
	at org.apache.hadoop.ipc.Server$RpcCall.run(Server.java:818)
	at java.security.AccessController.doPrivileged(Native Method)
	at javax.security.auth.Subject.doAs(Subject.java:422)
	at org.apache.hadoop.security.UserGroupInformation.doAs(UserGroupInformation.java:1729)
	at org.apache.hadoop.ipc.Server$Handler.run(Server.java:2678)
Caused by: org.apache.hadoop.hdfs.server.namenode.SafeModeException: Cannot add block to /myfile5._COPYING_. Name node is in safe mode.
The reported blocks 35 has reached the threshold 0.9990 of total blocks 35. The number of live datanodes 4 has reached the minimum number 0. In safe mode extension. Safe mode will be turned off automatically in 3 seconds. NamenodeHostName:node-0-link-0
	at org.apache.hadoop.hdfs.server.namenode.FSNamesystem.newSafemodeException(FSNamesystem.java:1450)
	at org.apache.hadoop.hdfs.server.namenode.FSNamesystem.checkNameNodeSafeMode(FSNamesystem.java:1437)
	... 14 more
, while invoking ClientNamenodeProtocolTranslatorPB.addBlock over node-0-link-0/10.10.1.1:8020 after 3 failover attempts. Retrying after sleeping for 6727ms.
Found 3 items
-rw-r--r--   3 root supergroup 1073741824 2019-03-21 10:37 /myfile1
-rw-r--r--   3 root supergroup 1073741824 2019-03-21 10:37 /myfile2
-rw-r--r--   3 root supergroup 1073741824 2019-03-21 10:38 /myfile5
file 5 has been put into HDFS
file 5 has been read from HDFS for 1 time
diff succeed!
file 5 has been read from HDFS for 2 time
diff succeed!
file 5 has been read from HDFS for 3 time
diff succeed!
file 5 has been read from HDFS for 4 time
diff succeed!
file 5 has been read from HDFS for 5 time
diff succeed!
file 5 has been read from HDFS for 6 time
diff succeed!
file 5 has been read from HDFS for 7 time
diff succeed!
file 5 has been read from HDFS for 8 time
diff succeed!
file 5 has been read from HDFS for 9 time
diff succeed!
file 5 has been read from HDFS for 10 time
diff succeed!
Deleted /myfile5
file 5 has been removed from HDFS
Found 4 items
-rw-r--r--   3 root supergroup 1073741824 2019-03-21 10:39 /myfile1
-rw-r--r--   3 root supergroup 1073741824 2019-03-21 10:38 /myfile2
-rw-r--r--   3 root supergroup 1073741824 2019-03-21 10:40 /myfile4
-rw-r--r--   3 root supergroup 1073741824 2019-03-21 10:40 /myfile5
file 5 has been put into HDFS
file 5 has been read from HDFS for 1 time
diff succeed!
file 5 has been read from HDFS for 2 time
diff succeed!
file 5 has been read from HDFS for 3 time
diff succeed!
file 5 has been read from HDFS for 4 time
diff succeed!
file 5 has been read from HDFS for 5 time
diff succeed!
file 5 has been read from HDFS for 6 time
diff succeed!
file 5 has been read from HDFS for 7 time
diff succeed!
file 5 has been read from HDFS for 8 time
diff succeed!
file 5 has been read from HDFS for 9 time
diff succeed!
file 5 has been read from HDFS for 10 time
diff succeed!
Deleted /myfile5
file 5 has been removed from HDFS
Found 5 items
-rw-r--r--   3 root supergroup 1073741824 2019-03-21 10:41 /myfile1
-rw-r--r--   3 root supergroup 1073741824 2019-03-21 10:40 /myfile2
-rw-r--r--   3 root supergroup          0 2019-03-21 10:41 /myfile3._COPYING_
-rw-r--r--   3 root supergroup 1073741824 2019-03-21 10:41 /myfile4
-rw-r--r--   3 root supergroup 1073741824 2019-03-21 10:41 /myfile5
file 5 has been put into HDFS
file 5 has been read from HDFS for 1 time
diff succeed!
file 5 has been read from HDFS for 2 time
diff succeed!
file 5 has been read from HDFS for 3 time
diff succeed!
file 5 has been read from HDFS for 4 time
diff succeed!
file 5 has been read from HDFS for 5 time
diff succeed!
file 5 has been read from HDFS for 6 time
diff succeed!
file 5 has been read from HDFS for 7 time
diff succeed!
file 5 has been read from HDFS for 8 time
diff succeed!
file 5 has been read from HDFS for 9 time
diff succeed!
2019-03-21 10:43:27,076 INFO  retry.RetryInvocationHandler RetryInvocationHandler.java:log:411 - org.apache.hadoop.ipc.RemoteException(org.apache.hadoop.ipc.StandbyException): Operation category READ is not supported in state standby. Visit https://s.apache.org/sbnn-error
	at org.apache.hadoop.hdfs.server.namenode.ha.StandbyState.checkOperation(StandbyState.java:88)
	at org.apache.hadoop.hdfs.server.namenode.NameNode$NameNodeHAContext.checkOperation(NameNode.java:1952)
	at org.apache.hadoop.hdfs.server.namenode.FSNamesystem.checkOperation(FSNamesystem.java:1423)
	at org.apache.hadoop.hdfs.server.namenode.FSNamesystem.getFileInfo(FSNamesystem.java:3085)
	at org.apache.hadoop.hdfs.server.namenode.NameNodeRpcServer.getFileInfo(NameNodeRpcServer.java:1154)
	at org.apache.hadoop.hdfs.protocolPB.ClientNamenodeProtocolServerSideTranslatorPB.getFileInfo(ClientNamenodeProtocolServerSideTranslatorPB.java:966)
	at org.apache.hadoop.hdfs.protocol.proto.ClientNamenodeProtocolProtos$ClientNamenodeProtocol$2.callBlockingMethod(ClientNamenodeProtocolProtos.java)
	at org.apache.hadoop.ipc.ProtobufRpcEngine$Server$ProtoBufRpcInvoker.call(ProtobufRpcEngine.java:523)
	at org.apache.hadoop.ipc.RPC$Server.call(RPC.java:991)
	at org.apache.hadoop.ipc.Server$RpcCall.run(Server.java:872)
	at org.apache.hadoop.ipc.Server$RpcCall.run(Server.java:818)
	at java.security.AccessController.doPrivileged(Native Method)
	at javax.security.auth.Subject.doAs(Subject.java:422)
	at org.apache.hadoop.security.UserGroupInformation.doAs(UserGroupInformation.java:1729)
	at org.apache.hadoop.ipc.Server$Handler.run(Server.java:2678)
, while invoking ClientNamenodeProtocolTranslatorPB.getFileInfo over node-1-link-0/10.10.1.4:8020 after 1 failover attempts. Trying to failover after sleeping for 1141ms.
2019-03-21 10:43:28,225 INFO  retry.RetryInvocationHandler RetryInvocationHandler.java:log:411 - java.net.ConnectException: Call From clnode087.clemson.cloudlab.us/130.127.133.96 to node-0-link-0:8020 failed on connection exception: java.net.ConnectException: Connection refused; For more details see:  http://wiki.apache.org/hadoop/ConnectionRefused, while invoking ClientNamenodeProtocolTranslatorPB.getFileInfo over node-0-link-0/10.10.1.1:8020 after 2 failover attempts. Trying to failover after sleeping for 2621ms.
file 5 has been read from HDFS for 10 time
diff succeed!
Deleted /myfile5
file 5 has been removed from HDFS
Found 5 items
-rw-r--r--   3 root supergroup 1073741824 2019-03-21 10:43 /myfile1
-rw-r--r--   3 root supergroup 1073741824 2019-03-21 10:42 /myfile2
-rw-r--r--   3 root supergroup 1073741824 2019-03-21 10:43 /myfile3
-rw-r--r--   3 root supergroup 1073741824 2019-03-21 10:43 /myfile4
-rw-r--r--   3 root supergroup 1073741824 2019-03-21 10:43 /myfile5
file 5 has been put into HDFS
file 5 has been read from HDFS for 1 time
diff succeed!
file 5 has been read from HDFS for 2 time
diff succeed!
file 5 has been read from HDFS for 3 time
diff succeed!
file 5 has been read from HDFS for 4 time
diff succeed!
file 5 has been read from HDFS for 5 time
diff succeed!
file 5 has been read from HDFS for 6 time
diff succeed!
file 5 has been read from HDFS for 7 time
diff succeed!
file 5 has been read from HDFS for 8 time
diff succeed!
file 5 has been read from HDFS for 9 time
diff succeed!
file 5 has been read from HDFS for 10 time
diff succeed!
Deleted /myfile5
file 5 has been removed from HDFS
Found 5 items
-rw-r--r--   3 root supergroup 1073741824 2019-03-21 10:44 /myfile1
-rw-r--r--   3 root supergroup 1073741824 2019-03-21 10:44 /myfile2
-rw-r--r--   3 root supergroup 1073741824 2019-03-21 10:45 /myfile3
-rw-r--r--   3 root supergroup 1073741824 2019-03-21 10:44 /myfile4
-rw-r--r--   3 root supergroup 1073741824 2019-03-21 10:45 /myfile5
file 5 has been put into HDFS
file 5 has been read from HDFS for 1 time
diff succeed!
file 5 has been read from HDFS for 2 time
diff succeed!
file 5 has been read from HDFS for 3 time
diff succeed!
file 5 has been read from HDFS for 4 time
diff succeed!
file 5 has been read from HDFS for 5 time
diff succeed!
file 5 has been read from HDFS for 6 time
diff succeed!
file 5 has been read from HDFS for 7 time
diff succeed!
file 5 has been read from HDFS for 8 time
diff succeed!
file 5 has been read from HDFS for 9 time
diff succeed!
file 5 has been read from HDFS for 10 time
diff succeed!
Deleted /myfile5
file 5 has been removed from HDFS
Found 5 items
-rw-r--r--   3 root supergroup 1073741824 2019-03-21 10:46 /myfile1
-rw-r--r--   3 root supergroup 1073741824 2019-03-21 10:45 /myfile2
-rw-r--r--   3 root supergroup 1073741824 2019-03-21 10:46 /myfile3
-rw-r--r--   3 root supergroup 1073741824 2019-03-21 10:46 /myfile4
-rw-r--r--   3 root supergroup 1073741824 2019-03-21 10:46 /myfile5
file 5 has been put into HDFS
file 5 has been read from HDFS for 1 time
diff succeed!
file 5 has been read from HDFS for 2 time
diff succeed!
file 5 has been read from HDFS for 3 time
diff succeed!
file 5 has been read from HDFS for 4 time
diff succeed!
file 5 has been read from HDFS for 5 time
diff succeed!
file 5 has been read from HDFS for 6 time
diff succeed!
file 5 has been read from HDFS for 7 time
diff succeed!
file 5 has been read from HDFS for 8 time
diff succeed!
file 5 has been read from HDFS for 9 time
diff succeed!
file 5 has been read from HDFS for 10 time
diff succeed!
Deleted /myfile5
file 5 has been removed from HDFS
Found 5 items
-rw-r--r--   3 root supergroup 1073741824 2019-03-21 10:47 /myfile1
-rw-r--r--   3 root supergroup 1073741824 2019-03-21 10:47 /myfile2
-rw-r--r--   3 root supergroup 1073741824 2019-03-21 10:48 /myfile3
-rw-r--r--   3 root supergroup 1073741824 2019-03-21 10:48 /myfile4
-rw-r--r--   3 root supergroup 1073741824 2019-03-21 10:48 /myfile5
file 5 has been put into HDFS
file 5 has been read from HDFS for 1 time
diff succeed!
file 5 has been read from HDFS for 2 time
diff succeed!
file 5 has been read from HDFS for 3 time
diff succeed!
file 5 has been read from HDFS for 4 time
diff succeed!
